# JRE version: OpenJDK Runtime Environment (13.0.7+5) (build 13.0.7+5-Ubuntu-0ubuntu120.04)
# Java VM: OpenJDK 64-Bit Server VM (13.0.7+5-Ubuntu-0ubuntu120.04, mixed mode, tiered, serial gc, linux-amd64)
Heap:
 def new generation   total 1748160K, used 0K [0x00007f68a0600000, 0x00007f6916ed0000, 0x00007f6df5b50000)
  eden space 1553984K,   0% used [0x00007f68a0600000, 0x00007f68a0600000, 0x00007f68ff390000)
  from space 194176K,   0% used [0x00007f68ff390000, 0x00007f68ff390000, 0x00007f690b130000)
  to   space 194176K,   0% used [0x00007f690b130000, 0x00007f690b130000, 0x00007f6916ed0000)
 tenured generation   total 3884972K, used 3830802K [0x00007f6df5b50000, 0x00007f6ee2d3b000, 0x00007f78a0600000)
   the space 3884972K,  98% used [0x00007f6df5b50000, 0x00007f6edf854b88, 0x00007f6edf854c00, 0x00007f6ee2d3b000)
 Metaspace       used 24852K, capacity 25305K, committed 25344K, reserved 26624K
GC Heap History (20 events):
Event: 18780.803 GC heap after
{Heap after GC invocations=22645 (full 3):
 def new generation   total 1748160K, used 4657K [0x00007f68a0600000, 0x00007f6916ed0000, 0x00007f6df5b50000)
  eden space 1553984K,   0% used [0x00007f68a0600000, 0x00007f68a0600000, 0x00007f68ff390000)
  from space 194176K,   2% used [0x00007f690b130000, 0x00007f690b5bc7b8, 0x00007f6916ed0000)
  to   space 194176K,   0% used [0x00007f68ff390000, 0x00007f68ff390000, 0x00007f690b130000)
 tenured generation   total 3884588K, used 3882071K [0x00007f6df5b50000, 0x00007f6ee2cdb000, 0x00007f78a0600000)
   the space 3884588K,  99% used [0x00007f6df5b50000, 0x00007f6ee2a65e08, 0x00007f6ee2a66000, 0x00007f6ee2cdb000)
 Metaspace       used 24852K, capacity 25305K, committed 25344K, reserved 26624K
}
Event: 18782.221 GC heap before
{Heap before GC invocations=22645 (full 3):
 def new generation   total 1748160K, used 1558641K [0x00007f68a0600000, 0x00007f6916ed0000, 0x00007f6df5b50000)
  eden space 1553984K, 100% used [0x00007f68a0600000, 0x00007f68ff390000, 0x00007f68ff390000)
  from space 194176K,   2% used [0x00007f690b130000, 0x00007f690b5bc7b8, 0x00007f6916ed0000)
  to   space 194176K,   0% used [0x00007f68ff390000, 0x00007f68ff390000, 0x00007f690b130000)
 tenured generation   total 3884588K, used 3882071K [0x00007f6df5b50000, 0x00007f6ee2cdb000, 0x00007f78a0600000)
   the space 3884588K,  99% used [0x00007f6df5b50000, 0x00007f6ee2a65e08, 0x00007f6ee2a66000, 0x00007f6ee2cdb000)
 Metaspace       used 24852K, capacity 25305K, committed 25344K, reserved 26624K
}
Event: 18782.235 GC heap after
{Heap after GC invocations=22646 (full 3):
 def new generation   total 1748160K, used 4690K [0x00007f68a0600000, 0x00007f6916ed0000, 0x00007f6df5b50000)
  eden space 1553984K,   0% used [0x00007f68a0600000, 0x00007f68a0600000, 0x00007f68ff390000)
  from space 194176K,   2% used [0x00007f68ff390000, 0x00007f68ff824a40, 0x00007f690b130000)
  to   space 194176K,   0% used [0x00007f690b130000, 0x00007f690b130000, 0x00007f6916ed0000)
 tenured generation   total 3884588K, used 3882379K [0x00007f6df5b50000, 0x00007f6ee2cdb000, 0x00007f78a0600000)
   the space 3884588K,  99% used [0x00007f6df5b50000, 0x00007f6ee2ab2c58, 0x00007f6ee2ab2e00, 0x00007f6ee2cdb000)
 Metaspace       used 24852K, capacity 25305K, committed 25344K, reserved 26624K
}
Event: 18783.657 GC heap before
{Heap before GC invocations=22646 (full 3):
 def new generation   total 1748160K, used 1558674K [0x00007f68a0600000, 0x00007f6916ed0000, 0x00007f6df5b50000)
  eden space 1553984K, 100% used [0x00007f68a0600000, 0x00007f68ff390000, 0x00007f68ff390000)
  from space 194176K,   2% used [0x00007f68ff390000, 0x00007f68ff824a40, 0x00007f690b130000)
  to   space 194176K,   0% used [0x00007f690b130000, 0x00007f690b130000, 0x00007f6916ed0000)
 tenured generation   total 3884588K, used 3882379K [0x00007f6df5b50000, 0x00007f6ee2cdb000, 0x00007f78a0600000)
   the space 3884588K,  99% used [0x00007f6df5b50000, 0x00007f6ee2ab2c58, 0x00007f6ee2ab2e00, 0x00007f6ee2cdb000)
 Metaspace       used 24852K, capacity 25305K, committed 25344K, reserved 26624K
}
Event: 18783.673 GC heap after
{Heap after GC invocations=22647 (full 3):
 def new generation   total 1748160K, used 4651K [0x00007f68a0600000, 0x00007f6916ed0000, 0x00007f6df5b50000)
  eden space 1553984K,   0% used [0x00007f68a0600000, 0x00007f68a0600000, 0x00007f68ff390000)
  from space 194176K,   2% used [0x00007f690b130000, 0x00007f690b5bac70, 0x00007f6916ed0000)
  to   space 194176K,   0% used [0x00007f68ff390000, 0x00007f68ff390000, 0x00007f690b130000)
 tenured generation   total 3884588K, used 3882686K [0x00007f6df5b50000, 0x00007f6ee2cdb000, 0x00007f78a0600000)
   the space 3884588K,  99% used [0x00007f6df5b50000, 0x00007f6ee2affaa8, 0x00007f6ee2affc00, 0x00007f6ee2cdb000)
 Metaspace       used 24852K, capacity 25305K, committed 25344K, reserved 26624K
}
Event: 18785.095 GC heap before
{Heap before GC invocations=22647 (full 3):
 def new generation   total 1748160K, used 1558635K [0x00007f68a0600000, 0x00007f6916ed0000, 0x00007f6df5b50000)
  eden space 1553984K, 100% used [0x00007f68a0600000, 0x00007f68ff390000, 0x00007f68ff390000)
  from space 194176K,   2% used [0x00007f690b130000, 0x00007f690b5bac70, 0x00007f6916ed0000)
  to   space 194176K,   0% used [0x00007f68ff390000, 0x00007f68ff390000, 0x00007f690b130000)
 tenured generation   total 3884588K, used 3882686K [0x00007f6df5b50000, 0x00007f6ee2cdb000, 0x00007f78a0600000)
   the space 3884588K,  99% used [0x00007f6df5b50000, 0x00007f6ee2affaa8, 0x00007f6ee2affc00, 0x00007f6ee2cdb000)
 Metaspace       used 24852K, capacity 25305K, committed 25344K, reserved 26624K
}
Event: 18785.104 GC heap after
{Heap after GC invocations=22648 (full 3):
 def new generation   total 1748160K, used 4680K [0x00007f68a0600000, 0x00007f6916ed0000, 0x00007f6df5b50000)
  eden space 1553984K,   0% used [0x00007f68a0600000, 0x00007f68a0600000, 0x00007f68ff390000)
  from space 194176K,   2% used [0x00007f68ff390000, 0x00007f68ff822218, 0x00007f690b130000)
  to   space 194176K,   0% used [0x00007f690b130000, 0x00007f690b130000, 0x00007f6916ed0000)
 tenured generation   total 3884588K, used 3882994K [0x00007f6df5b50000, 0x00007f6ee2cdb000, 0x00007f78a0600000)
   the space 3884588K,  99% used [0x00007f6df5b50000, 0x00007f6ee2b4c8f8, 0x00007f6ee2b4ca00, 0x00007f6ee2cdb000)
 Metaspace       used 24852K, capacity 25305K, committed 25344K, reserved 26624K
}
Event: 18786.537 GC heap before
{Heap before GC invocations=22648 (full 3):
 def new generation   total 1748160K, used 1558664K [0x00007f68a0600000, 0x00007f6916ed0000, 0x00007f6df5b50000)
  eden space 1553984K, 100% used [0x00007f68a0600000, 0x00007f68ff390000, 0x00007f68ff390000)
  from space 194176K,   2% used [0x00007f68ff390000, 0x00007f68ff822218, 0x00007f690b130000)
  to   space 194176K,   0% used [0x00007f690b130000, 0x00007f690b130000, 0x00007f6916ed0000)
 tenured generation   total 3884588K, used 3882994K [0x00007f6df5b50000, 0x00007f6ee2cdb000, 0x00007f78a0600000)
   the space 3884588K,  99% used [0x00007f6df5b50000, 0x00007f6ee2b4c8f8, 0x00007f6ee2b4ca00, 0x00007f6ee2cdb000)
 Metaspace       used 24852K, capacity 25305K, committed 25344K, reserved 26624K
}
Event: 18786.552 GC heap after
{Heap after GC invocations=22649 (full 3):
 def new generation   total 1748160K, used 4651K [0x00007f68a0600000, 0x00007f6916ed0000, 0x00007f6df5b50000)
  eden space 1553984K,   0% used [0x00007f68a0600000, 0x00007f68a0600000, 0x00007f68ff390000)
  from space 194176K,   2% used [0x00007f690b130000, 0x00007f690b5bad50, 0x00007f6916ed0000)
  to   space 194176K,   0% used [0x00007f68ff390000, 0x00007f68ff390000, 0x00007f690b130000)
 tenured generation   total 3884588K, used 3883301K [0x00007f6df5b50000, 0x00007f6ee2cdb000, 0x00007f78a0600000)
   the space 3884588K,  99% used [0x00007f6df5b50000, 0x00007f6ee2b99748, 0x00007f6ee2b99800, 0x00007f6ee2cdb000)
 Metaspace       used 24852K, capacity 25305K, committed 25344K, reserved 26624K
}
Event: 18787.935 GC heap before
{Heap before GC invocations=22649 (full 3):
 def new generation   total 1748160K, used 1558635K [0x00007f68a0600000, 0x00007f6916ed0000, 0x00007f6df5b50000)
  eden space 1553984K, 100% used [0x00007f68a0600000, 0x00007f68ff390000, 0x00007f68ff390000)
  from space 194176K,   2% used [0x00007f690b130000, 0x00007f690b5bad50, 0x00007f6916ed0000)
  to   space 194176K,   0% used [0x00007f68ff390000, 0x00007f68ff390000, 0x00007f690b130000)
 tenured generation   total 3884588K, used 3883301K [0x00007f6df5b50000, 0x00007f6ee2cdb000, 0x00007f78a0600000)
   the space 3884588K,  99% used [0x00007f6df5b50000, 0x00007f6ee2b99748, 0x00007f6ee2b99800, 0x00007f6ee2cdb000)
 Metaspace       used 24852K, capacity 25305K, committed 25344K, reserved 26624K
}
Event: 18787.947 GC heap after
{Heap after GC invocations=22650 (full 3):
 def new generation   total 1748160K, used 4766K [0x00007f68a0600000, 0x00007f6916ed0000, 0x00007f6df5b50000)
  eden space 1553984K,   0% used [0x00007f68a0600000, 0x00007f68a0600000, 0x00007f68ff390000)
  from space 194176K,   2% used [0x00007f68ff390000, 0x00007f68ff8378e0, 0x00007f690b130000)
  to   space 194176K,   0% used [0x00007f690b130000, 0x00007f690b130000, 0x00007f6916ed0000)
 tenured generation   total 3884588K, used 3883609K [0x00007f6df5b50000, 0x00007f6ee2cdb000, 0x00007f78a0600000)
   the space 3884588K,  99% used [0x00007f6df5b50000, 0x00007f6ee2be6598, 0x00007f6ee2be6600, 0x00007f6ee2cdb000)
 Metaspace       used 24852K, capacity 25305K, committed 25344K, reserved 26624K
}
Event: 18789.138 GC heap before
{Heap before GC invocations=22650 (full 3):
 def new generation   total 1748160K, used 1558750K [0x00007f68a0600000, 0x00007f6916ed0000, 0x00007f6df5b50000)
  eden space 1553984K, 100% used [0x00007f68a0600000, 0x00007f68ff390000, 0x00007f68ff390000)
  from space 194176K,   2% used [0x00007f68ff390000, 0x00007f68ff8378e0, 0x00007f690b130000)
  to   space 194176K,   0% used [0x00007f690b130000, 0x00007f690b130000, 0x00007f6916ed0000)
 tenured generation   total 3884588K, used 3883609K [0x00007f6df5b50000, 0x00007f6ee2cdb000, 0x00007f78a0600000)
   the space 3884588K,  99% used [0x00007f6df5b50000, 0x00007f6ee2be6598, 0x00007f6ee2be6600, 0x00007f6ee2cdb000)
 Metaspace       used 24852K, capacity 25305K, committed 25344K, reserved 26624K
}
Event: 18789.149 GC heap after
{Heap after GC invocations=22651 (full 3):
 def new generation   total 1748160K, used 4638K [0x00007f68a0600000, 0x00007f6916ed0000, 0x00007f6df5b50000)
  eden space 1553984K,   0% used [0x00007f68a0600000, 0x00007f68a0600000, 0x00007f68ff390000)
  from space 194176K,   2% used [0x00007f690b130000, 0x00007f690b5b7ba8, 0x00007f6916ed0000)
  to   space 194176K,   0% used [0x00007f68ff390000, 0x00007f68ff390000, 0x00007f690b130000)
 tenured generation   total 3884588K, used 3883916K [0x00007f6df5b50000, 0x00007f6ee2cdb000, 0x00007f78a0600000)
   the space 3884588K,  99% used [0x00007f6df5b50000, 0x00007f6ee2c333e8, 0x00007f6ee2c33400, 0x00007f6ee2cdb000)
 Metaspace       used 24852K, capacity 25305K, committed 25344K, reserved 26624K
}
Event: 18790.577 GC heap before
{Heap before GC invocations=22651 (full 3):
 def new generation   total 1748160K, used 1558622K [0x00007f68a0600000, 0x00007f6916ed0000, 0x00007f6df5b50000)
  eden space 1553984K, 100% used [0x00007f68a0600000, 0x00007f68ff390000, 0x00007f68ff390000)
  from space 194176K,   2% used [0x00007f690b130000, 0x00007f690b5b7ba8, 0x00007f6916ed0000)
  to   space 194176K,   0% used [0x00007f68ff390000, 0x00007f68ff390000, 0x00007f690b130000)
 tenured generation   total 3884588K, used 3883916K [0x00007f6df5b50000, 0x00007f6ee2cdb000, 0x00007f78a0600000)
   the space 3884588K,  99% used [0x00007f6df5b50000, 0x00007f6ee2c333e8, 0x00007f6ee2c33400, 0x00007f6ee2cdb000)
 Metaspace       used 24852K, capacity 25305K, committed 25344K, reserved 26624K
}
Event: 18790.592 GC heap after
{Heap after GC invocations=22652 (full 3):
 def new generation   total 1748160K, used 4616K [0x00007f68a0600000, 0x00007f6916ed0000, 0x00007f6df5b50000)
  eden space 1553984K,   0% used [0x00007f68a0600000, 0x00007f68a0600000, 0x00007f68ff390000)
  from space 194176K,   2% used [0x00007f68ff390000, 0x00007f68ff812070, 0x00007f690b130000)
  to   space 194176K,   0% used [0x00007f690b130000, 0x00007f690b130000, 0x00007f6916ed0000)
 tenured generation   total 3884588K, used 3884228K [0x00007f6df5b50000, 0x00007f6ee2cdb000, 0x00007f78a0600000)
   the space 3884588K,  99% used [0x00007f6df5b50000, 0x00007f6ee2c81378, 0x00007f6ee2c81400, 0x00007f6ee2cdb000)
 Metaspace       used 24852K, capacity 25305K, committed 25344K, reserved 26624K
}
Event: 18792.045 GC heap before
{Heap before GC invocations=22652 (full 3):
 def new generation   total 1748160K, used 1558600K [0x00007f68a0600000, 0x00007f6916ed0000, 0x00007f6df5b50000)
  eden space 1553984K, 100% used [0x00007f68a0600000, 0x00007f68ff390000, 0x00007f68ff390000)
  from space 194176K,   2% used [0x00007f68ff390000, 0x00007f68ff812070, 0x00007f690b130000)
  to   space 194176K,   0% used [0x00007f690b130000, 0x00007f690b130000, 0x00007f6916ed0000)
 tenured generation   total 3884588K, used 3884228K [0x00007f6df5b50000, 0x00007f6ee2cdb000, 0x00007f78a0600000)
   the space 3884588K,  99% used [0x00007f6df5b50000, 0x00007f6ee2c81378, 0x00007f6ee2c81400, 0x00007f6ee2cdb000)
 Metaspace       used 24852K, capacity 25305K, committed 25344K, reserved 26624K
}
Event: 18792.061 GC heap after
{Heap after GC invocations=22653 (full 3):
 def new generation   total 1748160K, used 4619K [0x00007f68a0600000, 0x00007f6916ed0000, 0x00007f6df5b50000)
  eden space 1553984K,   0% used [0x00007f68a0600000, 0x00007f68a0600000, 0x00007f68ff390000)
  from space 194176K,   2% used [0x00007f690b130000, 0x00007f690b5b2cb8, 0x00007f6916ed0000)
  to   space 194176K,   0% used [0x00007f68ff390000, 0x00007f68ff390000, 0x00007f690b130000)
 tenured generation   total 3884588K, used 3884536K [0x00007f6df5b50000, 0x00007f6ee2cdb000, 0x00007f78a0600000)
   the space 3884588K,  99% used [0x00007f6df5b50000, 0x00007f6ee2cce1c8, 0x00007f6ee2cce200, 0x00007f6ee2cdb000)
 Metaspace       used 24852K, capacity 25305K, committed 25344K, reserved 26624K
}
Event: 18793.501 GC heap before
{Heap before GC invocations=22653 (full 3):
 def new generation   total 1748160K, used 1558603K [0x00007f68a0600000, 0x00007f6916ed0000, 0x00007f6df5b50000)
  eden space 1553984K, 100% used [0x00007f68a0600000, 0x00007f68ff390000, 0x00007f68ff390000)
  from space 194176K,   2% used [0x00007f690b130000, 0x00007f690b5b2cb8, 0x00007f6916ed0000)
  to   space 194176K,   0% used [0x00007f68ff390000, 0x00007f68ff390000, 0x00007f690b130000)
 tenured generation   total 3884588K, used 3884536K [0x00007f6df5b50000, 0x00007f6ee2cdb000, 0x00007f78a0600000)
   the space 3884588K,  99% used [0x00007f6df5b50000, 0x00007f6ee2cce1c8, 0x00007f6ee2cce200, 0x00007f6ee2cdb000)
 Metaspace       used 24852K, capacity 25305K, committed 25344K, reserved 26624K
}
Event: 18793.519 GC heap after
{Heap after GC invocations=22654 (full 3):
 def new generation   total 1748160K, used 4662K [0x00007f68a0600000, 0x00007f6916ed0000, 0x00007f6df5b50000)
  eden space 1553984K,   0% used [0x00007f68a0600000, 0x00007f68a0600000, 0x00007f68ff390000)
  from space 194176K,   2% used [0x00007f68ff390000, 0x00007f68ff81d9c0, 0x00007f690b130000)
  to   space 194176K,   0% used [0x00007f690b130000, 0x00007f690b130000, 0x00007f6916ed0000)
 tenured generation   total 3884972K, used 3884813K [0x00007f6df5b50000, 0x00007f6ee2d3b000, 0x00007f78a0600000)
   the space 3884972K,  99% used [0x00007f6df5b50000, 0x00007f6ee2d13510, 0x00007f6ee2d13600, 0x00007f6ee2d3b000)
 Metaspace       used 24852K, capacity 25305K, committed 25344K, reserved 26624K
}
Event: 18793.519 GC heap before
{Heap before GC invocations=22654 (full 3):
 def new generation   total 1748160K, used 4662K [0x00007f68a0600000, 0x00007f6916ed0000, 0x00007f6df5b50000)
  eden space 1553984K,   0% used [0x00007f68a0600000, 0x00007f68a0600000, 0x00007f68ff390000)
  from space 194176K,   2% used [0x00007f68ff390000, 0x00007f68ff81d9c0, 0x00007f690b130000)
  to   space 194176K,   0% used [0x00007f690b130000, 0x00007f690b130000, 0x00007f6916ed0000)
 tenured generation   total 3884972K, used 3884813K [0x00007f6df5b50000, 0x00007f6ee2d3b000, 0x00007f78a0600000)
   the space 3884972K,  99% used [0x00007f6df5b50000, 0x00007f6ee2d13510, 0x00007f6ee2d13600, 0x00007f6ee2d3b000)
 Metaspace       used 24852K, capacity 25305K, committed 25344K, reserved 26624K
}

