# JRE version: OpenJDK Runtime Environment (13.0.7+5) (build 13.0.7+5-Ubuntu-0ubuntu120.04)
# Java VM: OpenJDK 64-Bit Server VM (13.0.7+5-Ubuntu-0ubuntu120.04, mixed mode, tiered, serial gc, linux-amd64)
Heap:
 def new generation   total 2895872K, used 47760K [0x00007f5a50600000, 0x00007f5b14c30000, 0x00007f5fa5b50000)
  eden space 2574144K,   1% used [0x00007f5a50600000, 0x00007f5a534a40e8, 0x00007f5aed7d0000)
  from space 321728K,   0% used [0x00007f5b01200000, 0x00007f5b01200000, 0x00007f5b14c30000)
  to   space 321728K,   0% used [0x00007f5aed7d0000, 0x00007f5aed7d0000, 0x00007f5b01200000)
 tenured generation   total 6437820K, used 6437819K [0x00007f5fa5b50000, 0x00007f612ea3f000, 0x00007f6a50600000)
   the space 6437820K,  99% used [0x00007f5fa5b50000, 0x00007f612ea3ee48, 0x00007f612ea3f000, 0x00007f612ea3f000)
 Metaspace       used 25027K, capacity 25489K, committed 25600K, reserved 26624K
GC Heap History (20 events):
Event: 8627.722 GC heap after
{Heap after GC invocations=8575 (full 4):
 def new generation   total 2895872K, used 47833K [0x00007f5a50600000, 0x00007f5b14c30000, 0x00007f5fa5b50000)
  eden space 2574144K,   0% used [0x00007f5a50600000, 0x00007f5a50600000, 0x00007f5aed7d0000)
  from space 321728K,  14% used [0x00007f5aed7d0000, 0x00007f5af0686778, 0x00007f5b01200000)
  to   space 321728K,   0% used [0x00007f5b01200000, 0x00007f5b01200000, 0x00007f5b14c30000)
 tenured generation   total 6435132K, used 6409096K [0x00007f5fa5b50000, 0x00007f612e79f000, 0x00007f6a50600000)
   the space 6435132K,  99% used [0x00007f5fa5b50000, 0x00007f612ce32260, 0x00007f612ce32400, 0x00007f612e79f000)
 Metaspace       used 25027K, capacity 25489K, committed 25600K, reserved 26624K
}
Event: 8630.097 GC heap before
{Heap before GC invocations=8575 (full 4):
 def new generation   total 2895872K, used 2621977K [0x00007f5a50600000, 0x00007f5b14c30000, 0x00007f5fa5b50000)
  eden space 2574144K, 100% used [0x00007f5a50600000, 0x00007f5aed7d0000, 0x00007f5aed7d0000)
  from space 321728K,  14% used [0x00007f5aed7d0000, 0x00007f5af0686778, 0x00007f5b01200000)
  to   space 321728K,   0% used [0x00007f5b01200000, 0x00007f5b01200000, 0x00007f5b14c30000)
 tenured generation   total 6435132K, used 6409096K [0x00007f5fa5b50000, 0x00007f612e79f000, 0x00007f6a50600000)
   the space 6435132K,  99% used [0x00007f5fa5b50000, 0x00007f612ce32260, 0x00007f612ce32400, 0x00007f612e79f000)
 Metaspace       used 25027K, capacity 25489K, committed 25600K, reserved 26624K
}
Event: 8630.220 GC heap after
{Heap after GC invocations=8576 (full 4):
 def new generation   total 2895872K, used 48154K [0x00007f5a50600000, 0x00007f5b14c30000, 0x00007f5fa5b50000)
  eden space 2574144K,   0% used [0x00007f5a50600000, 0x00007f5a50600000, 0x00007f5aed7d0000)
  from space 321728K,  14% used [0x00007f5b01200000, 0x00007f5b04106a08, 0x00007f5b14c30000)
  to   space 321728K,   0% used [0x00007f5aed7d0000, 0x00007f5aed7d0000, 0x00007f5b01200000)
 tenured generation   total 6435132K, used 6412070K [0x00007f5fa5b50000, 0x00007f612e79f000, 0x00007f6a50600000)
   the space 6435132K,  99% used [0x00007f5fa5b50000, 0x00007f612d1199e0, 0x00007f612d119a00, 0x00007f612e79f000)
 Metaspace       used 25027K, capacity 25489K, committed 25600K, reserved 26624K
}
Event: 8632.589 GC heap before
{Heap before GC invocations=8576 (full 4):
 def new generation   total 2895872K, used 2622298K [0x00007f5a50600000, 0x00007f5b14c30000, 0x00007f5fa5b50000)
  eden space 2574144K, 100% used [0x00007f5a50600000, 0x00007f5aed7d0000, 0x00007f5aed7d0000)
  from space 321728K,  14% used [0x00007f5b01200000, 0x00007f5b04106a08, 0x00007f5b14c30000)
  to   space 321728K,   0% used [0x00007f5aed7d0000, 0x00007f5aed7d0000, 0x00007f5b01200000)
 tenured generation   total 6435132K, used 6412070K [0x00007f5fa5b50000, 0x00007f612e79f000, 0x00007f6a50600000)
   the space 6435132K,  99% used [0x00007f5fa5b50000, 0x00007f612d1199e0, 0x00007f612d119a00, 0x00007f612e79f000)
 Metaspace       used 25027K, capacity 25489K, committed 25600K, reserved 26624K
}
Event: 8632.706 GC heap after
{Heap after GC invocations=8577 (full 4):
 def new generation   total 2895872K, used 48053K [0x00007f5a50600000, 0x00007f5b14c30000, 0x00007f5fa5b50000)
  eden space 2574144K,   0% used [0x00007f5a50600000, 0x00007f5a50600000, 0x00007f5aed7d0000)
  from space 321728K,  14% used [0x00007f5aed7d0000, 0x00007f5af06bd670, 0x00007f5b01200000)
  to   space 321728K,   0% used [0x00007f5b01200000, 0x00007f5b01200000, 0x00007f5b14c30000)
 tenured generation   total 6435132K, used 6415356K [0x00007f5fa5b50000, 0x00007f612e79f000, 0x00007f6a50600000)
   the space 6435132K,  99% used [0x00007f5fa5b50000, 0x00007f612d44f180, 0x00007f612d44f200, 0x00007f612e79f000)
 Metaspace       used 25027K, capacity 25489K, committed 25600K, reserved 26624K
}
Event: 8635.013 GC heap before
{Heap before GC invocations=8577 (full 4):
 def new generation   total 2895872K, used 2622197K [0x00007f5a50600000, 0x00007f5b14c30000, 0x00007f5fa5b50000)
  eden space 2574144K, 100% used [0x00007f5a50600000, 0x00007f5aed7d0000, 0x00007f5aed7d0000)
  from space 321728K,  14% used [0x00007f5aed7d0000, 0x00007f5af06bd670, 0x00007f5b01200000)
  to   space 321728K,   0% used [0x00007f5b01200000, 0x00007f5b01200000, 0x00007f5b14c30000)
 tenured generation   total 6435132K, used 6415356K [0x00007f5fa5b50000, 0x00007f612e79f000, 0x00007f6a50600000)
   the space 6435132K,  99% used [0x00007f5fa5b50000, 0x00007f612d44f180, 0x00007f612d44f200, 0x00007f612e79f000)
 Metaspace       used 25027K, capacity 25489K, committed 25600K, reserved 26624K
}
Event: 8635.142 GC heap after
{Heap after GC invocations=8578 (full 4):
 def new generation   total 2895872K, used 47842K [0x00007f5a50600000, 0x00007f5b14c30000, 0x00007f5fa5b50000)
  eden space 2574144K,   0% used [0x00007f5a50600000, 0x00007f5a50600000, 0x00007f5aed7d0000)
  from space 321728K,  14% used [0x00007f5b01200000, 0x00007f5b040b8af0, 0x00007f5b14c30000)
  to   space 321728K,   0% used [0x00007f5aed7d0000, 0x00007f5aed7d0000, 0x00007f5b01200000)
 tenured generation   total 6435132K, used 6418642K [0x00007f5fa5b50000, 0x00007f612e79f000, 0x00007f6a50600000)
   the space 6435132K,  99% used [0x00007f5fa5b50000, 0x00007f612d784920, 0x00007f612d784a00, 0x00007f612e79f000)
 Metaspace       used 25027K, capacity 25489K, committed 25600K, reserved 26624K
}
Event: 8637.479 GC heap before
{Heap before GC invocations=8578 (full 4):
 def new generation   total 2895872K, used 2621986K [0x00007f5a50600000, 0x00007f5b14c30000, 0x00007f5fa5b50000)
  eden space 2574144K, 100% used [0x00007f5a50600000, 0x00007f5aed7d0000, 0x00007f5aed7d0000)
  from space 321728K,  14% used [0x00007f5b01200000, 0x00007f5b040b8af0, 0x00007f5b14c30000)
  to   space 321728K,   0% used [0x00007f5aed7d0000, 0x00007f5aed7d0000, 0x00007f5b01200000)
 tenured generation   total 6435132K, used 6418642K [0x00007f5fa5b50000, 0x00007f612e79f000, 0x00007f6a50600000)
   the space 6435132K,  99% used [0x00007f5fa5b50000, 0x00007f612d784920, 0x00007f612d784a00, 0x00007f612e79f000)
 Metaspace       used 25027K, capacity 25489K, committed 25600K, reserved 26624K
}
Event: 8637.586 GC heap after
{Heap after GC invocations=8579 (full 4):
 def new generation   total 2895872K, used 48154K [0x00007f5a50600000, 0x00007f5b14c30000, 0x00007f5fa5b50000)
  eden space 2574144K,   0% used [0x00007f5a50600000, 0x00007f5a50600000, 0x00007f5aed7d0000)
  from space 321728K,  14% used [0x00007f5aed7d0000, 0x00007f5af06d6a98, 0x00007f5b01200000)
  to   space 321728K,   0% used [0x00007f5b01200000, 0x00007f5b01200000, 0x00007f5b14c30000)
 tenured generation   total 6435132K, used 6421620K [0x00007f5fa5b50000, 0x00007f612e79f000, 0x00007f6a50600000)
   the space 6435132K,  99% used [0x00007f5fa5b50000, 0x00007f612da6d1e0, 0x00007f612da6d200, 0x00007f612e79f000)
 Metaspace       used 25027K, capacity 25489K, committed 25600K, reserved 26624K
}
Event: 8639.939 GC heap before
{Heap before GC invocations=8579 (full 4):
 def new generation   total 2895872K, used 2622298K [0x00007f5a50600000, 0x00007f5b14c30000, 0x00007f5fa5b50000)
  eden space 2574144K, 100% used [0x00007f5a50600000, 0x00007f5aed7d0000, 0x00007f5aed7d0000)
  from space 321728K,  14% used [0x00007f5aed7d0000, 0x00007f5af06d6a98, 0x00007f5b01200000)
  to   space 321728K,   0% used [0x00007f5b01200000, 0x00007f5b01200000, 0x00007f5b14c30000)
 tenured generation   total 6435132K, used 6421620K [0x00007f5fa5b50000, 0x00007f612e79f000, 0x00007f6a50600000)
   the space 6435132K,  99% used [0x00007f5fa5b50000, 0x00007f612da6d1e0, 0x00007f612da6d200, 0x00007f612e79f000)
 Metaspace       used 25027K, capacity 25489K, committed 25600K, reserved 26624K
}
Event: 8640.075 GC heap after
{Heap after GC invocations=8580 (full 4):
 def new generation   total 2895872K, used 48162K [0x00007f5a50600000, 0x00007f5b14c30000, 0x00007f5fa5b50000)
  eden space 2574144K,   0% used [0x00007f5a50600000, 0x00007f5a50600000, 0x00007f5aed7d0000)
  from space 321728K,  14% used [0x00007f5b01200000, 0x00007f5b04108ba0, 0x00007f5b14c30000)
  to   space 321728K,   0% used [0x00007f5aed7d0000, 0x00007f5aed7d0000, 0x00007f5b01200000)
 tenured generation   total 6435132K, used 6424906K [0x00007f5fa5b50000, 0x00007f612e79f000, 0x00007f6a50600000)
   the space 6435132K,  99% used [0x00007f5fa5b50000, 0x00007f612dda2980, 0x00007f612dda2a00, 0x00007f612e79f000)
 Metaspace       used 25027K, capacity 25489K, committed 25600K, reserved 26624K
}
Event: 8642.395 GC heap before
{Heap before GC invocations=8580 (full 4):
 def new generation   total 2895872K, used 2622306K [0x00007f5a50600000, 0x00007f5b14c30000, 0x00007f5fa5b50000)
  eden space 2574144K, 100% used [0x00007f5a50600000, 0x00007f5aed7d0000, 0x00007f5aed7d0000)
  from space 321728K,  14% used [0x00007f5b01200000, 0x00007f5b04108ba0, 0x00007f5b14c30000)
  to   space 321728K,   0% used [0x00007f5aed7d0000, 0x00007f5aed7d0000, 0x00007f5b01200000)
 tenured generation   total 6435132K, used 6424906K [0x00007f5fa5b50000, 0x00007f612e79f000, 0x00007f6a50600000)
   the space 6435132K,  99% used [0x00007f5fa5b50000, 0x00007f612dda2980, 0x00007f612dda2a00, 0x00007f612e79f000)
 Metaspace       used 25027K, capacity 25489K, committed 25600K, reserved 26624K
}
Event: 8642.503 GC heap after
{Heap after GC invocations=8581 (full 4):
 def new generation   total 2895872K, used 47867K [0x00007f5a50600000, 0x00007f5b14c30000, 0x00007f5fa5b50000)
  eden space 2574144K,   0% used [0x00007f5a50600000, 0x00007f5a50600000, 0x00007f5aed7d0000)
  from space 321728K,  14% used [0x00007f5aed7d0000, 0x00007f5af068ee20, 0x00007f5b01200000)
  to   space 321728K,   0% used [0x00007f5b01200000, 0x00007f5b01200000, 0x00007f5b14c30000)
 tenured generation   total 6435132K, used 6428192K [0x00007f5fa5b50000, 0x00007f612e79f000, 0x00007f6a50600000)
   the space 6435132K,  99% used [0x00007f5fa5b50000, 0x00007f612e0d8120, 0x00007f612e0d8200, 0x00007f612e79f000)
 Metaspace       used 25027K, capacity 25489K, committed 25600K, reserved 26624K
}
Event: 8644.949 GC heap before
{Heap before GC invocations=8581 (full 4):
 def new generation   total 2895872K, used 2622011K [0x00007f5a50600000, 0x00007f5b14c30000, 0x00007f5fa5b50000)
  eden space 2574144K, 100% used [0x00007f5a50600000, 0x00007f5aed7d0000, 0x00007f5aed7d0000)
  from space 321728K,  14% used [0x00007f5aed7d0000, 0x00007f5af068ee20, 0x00007f5b01200000)
  to   space 321728K,   0% used [0x00007f5b01200000, 0x00007f5b01200000, 0x00007f5b14c30000)
 tenured generation   total 6435132K, used 6428192K [0x00007f5fa5b50000, 0x00007f612e79f000, 0x00007f6a50600000)
   the space 6435132K,  99% used [0x00007f5fa5b50000, 0x00007f612e0d8120, 0x00007f612e0d8200, 0x00007f612e79f000)
 Metaspace       used 25027K, capacity 25489K, committed 25600K, reserved 26624K
}
Event: 8645.075 GC heap after
{Heap after GC invocations=8582 (full 4):
 def new generation   total 2895872K, used 47833K [0x00007f5a50600000, 0x00007f5b14c30000, 0x00007f5fa5b50000)
  eden space 2574144K,   0% used [0x00007f5a50600000, 0x00007f5a50600000, 0x00007f5aed7d0000)
  from space 321728K,  14% used [0x00007f5b01200000, 0x00007f5b040b6408, 0x00007f5b14c30000)
  to   space 321728K,   0% used [0x00007f5aed7d0000, 0x00007f5aed7d0000, 0x00007f5b01200000)
 tenured generation   total 6435132K, used 6431503K [0x00007f5fa5b50000, 0x00007f612e79f000, 0x00007f6a50600000)
   the space 6435132K,  99% used [0x00007f5fa5b50000, 0x00007f612e413d30, 0x00007f612e413e00, 0x00007f612e79f000)
 Metaspace       used 25027K, capacity 25489K, committed 25600K, reserved 26624K
}
Event: 8647.486 GC heap before
{Heap before GC invocations=8582 (full 4):
 def new generation   total 2895872K, used 2621977K [0x00007f5a50600000, 0x00007f5b14c30000, 0x00007f5fa5b50000)
  eden space 2574144K, 100% used [0x00007f5a50600000, 0x00007f5aed7d0000, 0x00007f5aed7d0000)
  from space 321728K,  14% used [0x00007f5b01200000, 0x00007f5b040b6408, 0x00007f5b14c30000)
  to   space 321728K,   0% used [0x00007f5aed7d0000, 0x00007f5aed7d0000, 0x00007f5b01200000)
 tenured generation   total 6435132K, used 6431503K [0x00007f5fa5b50000, 0x00007f612e79f000, 0x00007f6a50600000)
   the space 6435132K,  99% used [0x00007f5fa5b50000, 0x00007f612e413d30, 0x00007f612e413e00, 0x00007f612e79f000)
 Metaspace       used 25027K, capacity 25489K, committed 25600K, reserved 26624K
}
Event: 8647.607 GC heap after
{Heap after GC invocations=8583 (full 4):
 def new generation   total 2895872K, used 48172K [0x00007f5a50600000, 0x00007f5b14c30000, 0x00007f5fa5b50000)
  eden space 2574144K,   0% used [0x00007f5a50600000, 0x00007f5a50600000, 0x00007f5aed7d0000)
  from space 321728K,  14% used [0x00007f5aed7d0000, 0x00007f5af06db128, 0x00007f5b01200000)
  to   space 321728K,   0% used [0x00007f5b01200000, 0x00007f5b01200000, 0x00007f5b14c30000)
 tenured generation   total 6435132K, used 6434456K [0x00007f5fa5b50000, 0x00007f612e79f000, 0x00007f6a50600000)
   the space 6435132K,  99% used [0x00007f5fa5b50000, 0x00007f612e6f6180, 0x00007f612e6f6200, 0x00007f612e79f000)
 Metaspace       used 25027K, capacity 25489K, committed 25600K, reserved 26624K
}
Event: 8649.952 GC heap before
{Heap before GC invocations=8583 (full 4):
 def new generation   total 2895872K, used 2622316K [0x00007f5a50600000, 0x00007f5b14c30000, 0x00007f5fa5b50000)
  eden space 2574144K, 100% used [0x00007f5a50600000, 0x00007f5aed7d0000, 0x00007f5aed7d0000)
  from space 321728K,  14% used [0x00007f5aed7d0000, 0x00007f5af06db128, 0x00007f5b01200000)
  to   space 321728K,   0% used [0x00007f5b01200000, 0x00007f5b01200000, 0x00007f5b14c30000)
 tenured generation   total 6435132K, used 6434456K [0x00007f5fa5b50000, 0x00007f612e79f000, 0x00007f6a50600000)
   the space 6435132K,  99% used [0x00007f5fa5b50000, 0x00007f612e6f6180, 0x00007f612e6f6200, 0x00007f612e79f000)
 Metaspace       used 25027K, capacity 25489K, committed 25600K, reserved 26624K
}
Event: 8650.076 GC heap after
{Heap after GC invocations=8584 (full 4):
 def new generation   total 2895872K, used 47837K [0x00007f5a50600000, 0x00007f5b14c30000, 0x00007f5fa5b50000)
  eden space 2574144K,   0% used [0x00007f5a50600000, 0x00007f5a50600000, 0x00007f5aed7d0000)
  from space 321728K,  14% used [0x00007f5b01200000, 0x00007f5b040b7610, 0x00007f5b14c30000)
  to   space 321728K,   0% used [0x00007f5aed7d0000, 0x00007f5aed7d0000, 0x00007f5b01200000)
 tenured generation   total 6437820K, used 6437742K [0x00007f5fa5b50000, 0x00007f612ea3f000, 0x00007f6a50600000)
   the space 6437820K,  99% used [0x00007f5fa5b50000, 0x00007f612ea2b920, 0x00007f612ea2ba00, 0x00007f612ea3f000)
 Metaspace       used 25027K, capacity 25489K, committed 25600K, reserved 26624K
}
Event: 8650.076 GC heap before
{Heap before GC invocations=8584 (full 4):
 def new generation   total 2895872K, used 47837K [0x00007f5a50600000, 0x00007f5b14c30000, 0x00007f5fa5b50000)
  eden space 2574144K,   0% used [0x00007f5a50600000, 0x00007f5a50600000, 0x00007f5aed7d0000)
  from space 321728K,  14% used [0x00007f5b01200000, 0x00007f5b040b7610, 0x00007f5b14c30000)
  to   space 321728K,   0% used [0x00007f5aed7d0000, 0x00007f5aed7d0000, 0x00007f5b01200000)
 tenured generation   total 6437820K, used 6437742K [0x00007f5fa5b50000, 0x00007f612ea3f000, 0x00007f6a50600000)
   the space 6437820K,  99% used [0x00007f5fa5b50000, 0x00007f612ea2b920, 0x00007f612ea2ba00, 0x00007f612ea3f000)
 Metaspace       used 25027K, capacity 25489K, committed 25600K, reserved 26624K
}

