# JRE version: OpenJDK Runtime Environment (13.0.7+5) (build 13.0.7+5-Ubuntu-0ubuntu120.04)
# Java VM: OpenJDK 64-Bit Server VM (13.0.7+5-Ubuntu-0ubuntu120.04, mixed mode, tiered, serial gc, linux-amd64)
Heap:
 def new generation   total 2884800K, used 6247K [0x00007fb8bc600000, 0x00007fb980030000, 0x00007fbe11b50000)
  eden space 2564288K,   0% used [0x00007fb8bc600000, 0x00007fb8bcc19c78, 0x00007fb958e30000)
  from space 320512K,   0% used [0x00007fb958e30000, 0x00007fb958e30000, 0x00007fb96c730000)
  to   space 320512K,   0% used [0x00007fb96c730000, 0x00007fb96c730000, 0x00007fb980030000)
 tenured generation   total 6410720K, used 6410719K [0x00007fbe11b50000, 0x00007fbf98fc8000, 0x00007fc8bc600000)
   the space 6410720K,  99% used [0x00007fbe11b50000, 0x00007fbf98fc7fe8, 0x00007fbf98fc8000, 0x00007fbf98fc8000)
 Metaspace       used 25133K, capacity 25621K, committed 25856K, reserved 26624K
GC Heap History (20 events):
Event: 22230.439 GC heap after
{Heap after GC invocations=31697 (full 4):
 def new generation   total 2884800K, used 6397K [0x00007fb8bc600000, 0x00007fb980030000, 0x00007fbe11b50000)
  eden space 2564288K,   0% used [0x00007fb8bc600000, 0x00007fb8bc600000, 0x00007fb958e30000)
  from space 320512K,   1% used [0x00007fb96c730000, 0x00007fb96cd6f4c8, 0x00007fb980030000)
  to   space 320512K,   0% used [0x00007fb958e30000, 0x00007fb958e30000, 0x00007fb96c730000)
 tenured generation   total 6410528K, used 6406746K [0x00007fbe11b50000, 0x00007fbf98f98000, 0x00007fc8bc600000)
   the space 6410528K,  99% used [0x00007fbe11b50000, 0x00007fbf98be6828, 0x00007fbf98be6a00, 0x00007fbf98f98000)
 Metaspace       used 25133K, capacity 25621K, committed 25856K, reserved 26624K
}
Event: 22232.086 GC heap before
{Heap before GC invocations=31697 (full 4):
 def new generation   total 2884800K, used 2570685K [0x00007fb8bc600000, 0x00007fb980030000, 0x00007fbe11b50000)
  eden space 2564288K, 100% used [0x00007fb8bc600000, 0x00007fb958e30000, 0x00007fb958e30000)
  from space 320512K,   1% used [0x00007fb96c730000, 0x00007fb96cd6f4c8, 0x00007fb980030000)
  to   space 320512K,   0% used [0x00007fb958e30000, 0x00007fb958e30000, 0x00007fb96c730000)
 tenured generation   total 6410528K, used 6406746K [0x00007fbe11b50000, 0x00007fbf98f98000, 0x00007fc8bc600000)
   the space 6410528K,  99% used [0x00007fbe11b50000, 0x00007fbf98be6828, 0x00007fbf98be6a00, 0x00007fbf98f98000)
 Metaspace       used 25133K, capacity 25621K, committed 25856K, reserved 26624K
}
Event: 22232.097 GC heap after
{Heap after GC invocations=31698 (full 4):
 def new generation   total 2884800K, used 6424K [0x00007fb8bc600000, 0x00007fb980030000, 0x00007fbe11b50000)
  eden space 2564288K,   0% used [0x00007fb8bc600000, 0x00007fb8bc600000, 0x00007fb958e30000)
  from space 320512K,   2% used [0x00007fb958e30000, 0x00007fb9594762c8, 0x00007fb96c730000)
  to   space 320512K,   0% used [0x00007fb96c730000, 0x00007fb96c730000, 0x00007fb980030000)
 tenured generation   total 6410528K, used 6407177K [0x00007fbe11b50000, 0x00007fbf98f98000, 0x00007fc8bc600000)
   the space 6410528K,  99% used [0x00007fbe11b50000, 0x00007fbf98c52708, 0x00007fbf98c52800, 0x00007fbf98f98000)
 Metaspace       used 25133K, capacity 25621K, committed 25856K, reserved 26624K
}
Event: 22233.760 GC heap before
{Heap before GC invocations=31698 (full 4):
 def new generation   total 2884800K, used 2570712K [0x00007fb8bc600000, 0x00007fb980030000, 0x00007fbe11b50000)
  eden space 2564288K, 100% used [0x00007fb8bc600000, 0x00007fb958e30000, 0x00007fb958e30000)
  from space 320512K,   2% used [0x00007fb958e30000, 0x00007fb9594762c8, 0x00007fb96c730000)
  to   space 320512K,   0% used [0x00007fb96c730000, 0x00007fb96c730000, 0x00007fb980030000)
 tenured generation   total 6410528K, used 6407177K [0x00007fbe11b50000, 0x00007fbf98f98000, 0x00007fc8bc600000)
   the space 6410528K,  99% used [0x00007fbe11b50000, 0x00007fbf98c52708, 0x00007fbf98c52800, 0x00007fbf98f98000)
 Metaspace       used 25133K, capacity 25621K, committed 25856K, reserved 26624K
}
Event: 22233.771 GC heap after
{Heap after GC invocations=31699 (full 4):
 def new generation   total 2884800K, used 6400K [0x00007fb8bc600000, 0x00007fb980030000, 0x00007fbe11b50000)
  eden space 2564288K,   0% used [0x00007fb8bc600000, 0x00007fb8bc600000, 0x00007fb958e30000)
  from space 320512K,   1% used [0x00007fb96c730000, 0x00007fb96cd700c0, 0x00007fb980030000)
  to   space 320512K,   0% used [0x00007fb958e30000, 0x00007fb958e30000, 0x00007fb96c730000)
 tenured generation   total 6410528K, used 6407609K [0x00007fbe11b50000, 0x00007fbf98f98000, 0x00007fc8bc600000)
   the space 6410528K,  99% used [0x00007fbe11b50000, 0x00007fbf98cbe5e8, 0x00007fbf98cbe600, 0x00007fbf98f98000)
 Metaspace       used 25133K, capacity 25621K, committed 25856K, reserved 26624K
}
Event: 22235.433 GC heap before
{Heap before GC invocations=31699 (full 4):
 def new generation   total 2884800K, used 2570688K [0x00007fb8bc600000, 0x00007fb980030000, 0x00007fbe11b50000)
  eden space 2564288K, 100% used [0x00007fb8bc600000, 0x00007fb958e30000, 0x00007fb958e30000)
  from space 320512K,   1% used [0x00007fb96c730000, 0x00007fb96cd700c0, 0x00007fb980030000)
  to   space 320512K,   0% used [0x00007fb958e30000, 0x00007fb958e30000, 0x00007fb96c730000)
 tenured generation   total 6410528K, used 6407609K [0x00007fbe11b50000, 0x00007fbf98f98000, 0x00007fc8bc600000)
   the space 6410528K,  99% used [0x00007fbe11b50000, 0x00007fbf98cbe5e8, 0x00007fbf98cbe600, 0x00007fbf98f98000)
 Metaspace       used 25133K, capacity 25621K, committed 25856K, reserved 26624K
}
Event: 22235.443 GC heap after
{Heap after GC invocations=31700 (full 4):
 def new generation   total 2884800K, used 6382K [0x00007fb8bc600000, 0x00007fb980030000, 0x00007fbe11b50000)
  eden space 2564288K,   0% used [0x00007fb8bc600000, 0x00007fb8bc600000, 0x00007fb958e30000)
  from space 320512K,   1% used [0x00007fb958e30000, 0x00007fb95946b8c8, 0x00007fb96c730000)
  to   space 320512K,   0% used [0x00007fb96c730000, 0x00007fb96c730000, 0x00007fb980030000)
 tenured generation   total 6410528K, used 6408017K [0x00007fbe11b50000, 0x00007fbf98f98000, 0x00007fc8bc600000)
   the space 6410528K,  99% used [0x00007fbe11b50000, 0x00007fbf98d244d8, 0x00007fbf98d24600, 0x00007fbf98f98000)
 Metaspace       used 25133K, capacity 25621K, committed 25856K, reserved 26624K
}
Event: 22237.021 GC heap before
{Heap before GC invocations=31700 (full 4):
 def new generation   total 2884800K, used 2570670K [0x00007fb8bc600000, 0x00007fb980030000, 0x00007fbe11b50000)
  eden space 2564288K, 100% used [0x00007fb8bc600000, 0x00007fb958e30000, 0x00007fb958e30000)
  from space 320512K,   1% used [0x00007fb958e30000, 0x00007fb95946b8c8, 0x00007fb96c730000)
  to   space 320512K,   0% used [0x00007fb96c730000, 0x00007fb96c730000, 0x00007fb980030000)
 tenured generation   total 6410528K, used 6408017K [0x00007fbe11b50000, 0x00007fbf98f98000, 0x00007fc8bc600000)
   the space 6410528K,  99% used [0x00007fbe11b50000, 0x00007fbf98d244d8, 0x00007fbf98d24600, 0x00007fbf98f98000)
 Metaspace       used 25133K, capacity 25621K, committed 25856K, reserved 26624K
}
Event: 22237.035 GC heap after
{Heap after GC invocations=31701 (full 4):
 def new generation   total 2884800K, used 6403K [0x00007fb8bc600000, 0x00007fb980030000, 0x00007fbe11b50000)
  eden space 2564288K,   0% used [0x00007fb8bc600000, 0x00007fb8bc600000, 0x00007fb958e30000)
  from space 320512K,   1% used [0x00007fb96c730000, 0x00007fb96cd70e30, 0x00007fb980030000)
  to   space 320512K,   0% used [0x00007fb958e30000, 0x00007fb958e30000, 0x00007fb96c730000)
 tenured generation   total 6410528K, used 6408448K [0x00007fbe11b50000, 0x00007fbf98f98000, 0x00007fc8bc600000)
   the space 6410528K,  99% used [0x00007fbe11b50000, 0x00007fbf98d903b8, 0x00007fbf98d90400, 0x00007fbf98f98000)
 Metaspace       used 25133K, capacity 25621K, committed 25856K, reserved 26624K
}
Event: 22238.508 GC heap before
{Heap before GC invocations=31701 (full 4):
 def new generation   total 2884800K, used 2570691K [0x00007fb8bc600000, 0x00007fb980030000, 0x00007fbe11b50000)
  eden space 2564288K, 100% used [0x00007fb8bc600000, 0x00007fb958e30000, 0x00007fb958e30000)
  from space 320512K,   1% used [0x00007fb96c730000, 0x00007fb96cd70e30, 0x00007fb980030000)
  to   space 320512K,   0% used [0x00007fb958e30000, 0x00007fb958e30000, 0x00007fb96c730000)
 tenured generation   total 6410528K, used 6408448K [0x00007fbe11b50000, 0x00007fbf98f98000, 0x00007fc8bc600000)
   the space 6410528K,  99% used [0x00007fbe11b50000, 0x00007fbf98d903b8, 0x00007fbf98d90400, 0x00007fbf98f98000)
 Metaspace       used 25133K, capacity 25621K, committed 25856K, reserved 26624K
}
Event: 22238.521 GC heap after
{Heap after GC invocations=31702 (full 4):
 def new generation   total 2884800K, used 6525K [0x00007fb8bc600000, 0x00007fb980030000, 0x00007fbe11b50000)
  eden space 2564288K,   0% used [0x00007fb8bc600000, 0x00007fb8bc600000, 0x00007fb958e30000)
  from space 320512K,   2% used [0x00007fb958e30000, 0x00007fb95948f6a0, 0x00007fb96c730000)
  to   space 320512K,   0% used [0x00007fb96c730000, 0x00007fb96c730000, 0x00007fb980030000)
 tenured generation   total 6410528K, used 6408856K [0x00007fbe11b50000, 0x00007fbf98f98000, 0x00007fc8bc600000)
   the space 6410528K,  99% used [0x00007fbe11b50000, 0x00007fbf98df62a8, 0x00007fbf98df6400, 0x00007fbf98f98000)
 Metaspace       used 25133K, capacity 25621K, committed 25856K, reserved 26624K
}
Event: 22240.105 GC heap before
{Heap before GC invocations=31702 (full 4):
 def new generation   total 2884800K, used 2570813K [0x00007fb8bc600000, 0x00007fb980030000, 0x00007fbe11b50000)
  eden space 2564288K, 100% used [0x00007fb8bc600000, 0x00007fb958e30000, 0x00007fb958e30000)
  from space 320512K,   2% used [0x00007fb958e30000, 0x00007fb95948f6a0, 0x00007fb96c730000)
  to   space 320512K,   0% used [0x00007fb96c730000, 0x00007fb96c730000, 0x00007fb980030000)
 tenured generation   total 6410528K, used 6408856K [0x00007fbe11b50000, 0x00007fbf98f98000, 0x00007fc8bc600000)
   the space 6410528K,  99% used [0x00007fbe11b50000, 0x00007fbf98df62a8, 0x00007fbf98df6400, 0x00007fbf98f98000)
 Metaspace       used 25133K, capacity 25621K, committed 25856K, reserved 26624K
}
Event: 22240.117 GC heap after
{Heap after GC invocations=31703 (full 4):
 def new generation   total 2884800K, used 6521K [0x00007fb8bc600000, 0x00007fb980030000, 0x00007fbe11b50000)
  eden space 2564288K,   0% used [0x00007fb8bc600000, 0x00007fb8bc600000, 0x00007fb958e30000)
  from space 320512K,   2% used [0x00007fb96c730000, 0x00007fb96cd8e6c8, 0x00007fb980030000)
  to   space 320512K,   0% used [0x00007fb958e30000, 0x00007fb958e30000, 0x00007fb96c730000)
 tenured generation   total 6410528K, used 6409288K [0x00007fbe11b50000, 0x00007fbf98f98000, 0x00007fc8bc600000)
   the space 6410528K,  99% used [0x00007fbe11b50000, 0x00007fbf98e62188, 0x00007fbf98e62200, 0x00007fbf98f98000)
 Metaspace       used 25133K, capacity 25621K, committed 25856K, reserved 26624K
}
Event: 22241.734 GC heap before
{Heap before GC invocations=31703 (full 4):
 def new generation   total 2884800K, used 2570809K [0x00007fb8bc600000, 0x00007fb980030000, 0x00007fbe11b50000)
  eden space 2564288K, 100% used [0x00007fb8bc600000, 0x00007fb958e30000, 0x00007fb958e30000)
  from space 320512K,   2% used [0x00007fb96c730000, 0x00007fb96cd8e6c8, 0x00007fb980030000)
  to   space 320512K,   0% used [0x00007fb958e30000, 0x00007fb958e30000, 0x00007fb96c730000)
 tenured generation   total 6410528K, used 6409288K [0x00007fbe11b50000, 0x00007fbf98f98000, 0x00007fc8bc600000)
   the space 6410528K,  99% used [0x00007fbe11b50000, 0x00007fbf98e62188, 0x00007fbf98e62200, 0x00007fbf98f98000)
 Metaspace       used 25133K, capacity 25621K, committed 25856K, reserved 26624K
}
Event: 22241.744 GC heap after
{Heap after GC invocations=31704 (full 4):
 def new generation   total 2884800K, used 6464K [0x00007fb8bc600000, 0x00007fb980030000, 0x00007fbe11b50000)
  eden space 2564288K,   0% used [0x00007fb8bc600000, 0x00007fb8bc600000, 0x00007fb958e30000)
  from space 320512K,   2% used [0x00007fb958e30000, 0x00007fb959480270, 0x00007fb96c730000)
  to   space 320512K,   0% used [0x00007fb96c730000, 0x00007fb96c730000, 0x00007fb980030000)
 tenured generation   total 6410528K, used 6409720K [0x00007fbe11b50000, 0x00007fbf98f98000, 0x00007fc8bc600000)
   the space 6410528K,  99% used [0x00007fbe11b50000, 0x00007fbf98ece068, 0x00007fbf98ece200, 0x00007fbf98f98000)
 Metaspace       used 25133K, capacity 25621K, committed 25856K, reserved 26624K
}
Event: 22243.318 GC heap before
{Heap before GC invocations=31704 (full 4):
 def new generation   total 2884800K, used 2570752K [0x00007fb8bc600000, 0x00007fb980030000, 0x00007fbe11b50000)
  eden space 2564288K, 100% used [0x00007fb8bc600000, 0x00007fb958e30000, 0x00007fb958e30000)
  from space 320512K,   2% used [0x00007fb958e30000, 0x00007fb959480270, 0x00007fb96c730000)
  to   space 320512K,   0% used [0x00007fb96c730000, 0x00007fb96c730000, 0x00007fb980030000)
 tenured generation   total 6410528K, used 6409720K [0x00007fbe11b50000, 0x00007fbf98f98000, 0x00007fc8bc600000)
   the space 6410528K,  99% used [0x00007fbe11b50000, 0x00007fbf98ece068, 0x00007fbf98ece200, 0x00007fbf98f98000)
 Metaspace       used 25133K, capacity 25621K, committed 25856K, reserved 26624K
}
Event: 22243.329 GC heap after
{Heap after GC invocations=31705 (full 4):
 def new generation   total 2884800K, used 6520K [0x00007fb8bc600000, 0x00007fb980030000, 0x00007fbe11b50000)
  eden space 2564288K,   0% used [0x00007fb8bc600000, 0x00007fb8bc600000, 0x00007fb958e30000)
  from space 320512K,   2% used [0x00007fb96c730000, 0x00007fb96cd8e138, 0x00007fb980030000)
  to   space 320512K,   0% used [0x00007fb958e30000, 0x00007fb958e30000, 0x00007fb96c730000)
 tenured generation   total 6410528K, used 6410127K [0x00007fbe11b50000, 0x00007fbf98f98000, 0x00007fc8bc600000)
   the space 6410528K,  99% used [0x00007fbe11b50000, 0x00007fbf98f33f58, 0x00007fbf98f34000, 0x00007fbf98f98000)
 Metaspace       used 25133K, capacity 25621K, committed 25856K, reserved 26624K
}
Event: 22244.938 GC heap before
{Heap before GC invocations=31705 (full 4):
 def new generation   total 2884800K, used 2570808K [0x00007fb8bc600000, 0x00007fb980030000, 0x00007fbe11b50000)
  eden space 2564288K, 100% used [0x00007fb8bc600000, 0x00007fb958e30000, 0x00007fb958e30000)
  from space 320512K,   2% used [0x00007fb96c730000, 0x00007fb96cd8e138, 0x00007fb980030000)
  to   space 320512K,   0% used [0x00007fb958e30000, 0x00007fb958e30000, 0x00007fb96c730000)
 tenured generation   total 6410528K, used 6410127K [0x00007fbe11b50000, 0x00007fbf98f98000, 0x00007fc8bc600000)
   the space 6410528K,  99% used [0x00007fbe11b50000, 0x00007fbf98f33f58, 0x00007fbf98f34000, 0x00007fbf98f98000)
 Metaspace       used 25133K, capacity 25621K, committed 25856K, reserved 26624K
}
Event: 22244.950 GC heap after
{Heap after GC invocations=31706 (full 4):
 def new generation   total 2884800K, used 6490K [0x00007fb8bc600000, 0x00007fb980030000, 0x00007fbe11b50000)
  eden space 2564288K,   0% used [0x00007fb8bc600000, 0x00007fb8bc600000, 0x00007fb958e30000)
  from space 320512K,   2% used [0x00007fb958e30000, 0x00007fb959486ab0, 0x00007fb96c730000)
  to   space 320512K,   0% used [0x00007fb96c730000, 0x00007fb96c730000, 0x00007fb980030000)
 tenured generation   total 6410720K, used 6410559K [0x00007fbe11b50000, 0x00007fbf98fc8000, 0x00007fc8bc600000)
   the space 6410720K,  99% used [0x00007fbe11b50000, 0x00007fbf98f9fe38, 0x00007fbf98fa0000, 0x00007fbf98fc8000)
 Metaspace       used 25133K, capacity 25621K, committed 25856K, reserved 26624K
}
Event: 22244.950 GC heap before
{Heap before GC invocations=31706 (full 4):
 def new generation   total 2884800K, used 6490K [0x00007fb8bc600000, 0x00007fb980030000, 0x00007fbe11b50000)
  eden space 2564288K,   0% used [0x00007fb8bc600000, 0x00007fb8bc600000, 0x00007fb958e30000)
  from space 320512K,   2% used [0x00007fb958e30000, 0x00007fb959486ab0, 0x00007fb96c730000)
  to   space 320512K,   0% used [0x00007fb96c730000, 0x00007fb96c730000, 0x00007fb980030000)
 tenured generation   total 6410720K, used 6410559K [0x00007fbe11b50000, 0x00007fbf98fc8000, 0x00007fc8bc600000)
   the space 6410720K,  99% used [0x00007fbe11b50000, 0x00007fbf98f9fe38, 0x00007fbf98fa0000, 0x00007fbf98fc8000)
 Metaspace       used 25133K, capacity 25621K, committed 25856K, reserved 26624K
}

