# JRE version: OpenJDK Runtime Environment (13.0.7+5) (build 13.0.7+5-Ubuntu-0ubuntu120.04)
# Java VM: OpenJDK 64-Bit Server VM (13.0.7+5-Ubuntu-0ubuntu120.04, mixed mode, tiered, serial gc, linux-amd64)
Heap:
 def new generation   total 1048832K, used 1824K [0x00007fc2b0600000, 0x00007fc2f7800000, 0x00007fc805b50000)
  eden space 932352K,   0% used [0x00007fc2b0600000, 0x00007fc2b07c8070, 0x00007fc2e9480000)
  from space 116480K,   0% used [0x00007fc2f0640000, 0x00007fc2f0640000, 0x00007fc2f7800000)
  to   space 116480K,   0% used [0x00007fc2e9480000, 0x00007fc2e9480000, 0x00007fc2f0640000)
 tenured generation   total 2330752K, used 2330751K [0x00007fc805b50000, 0x00007fc893f70000, 0x00007fd2b0600000)
   the space 2330752K,  99% used [0x00007fc805b50000, 0x00007fc893f6ffa8, 0x00007fc893f70000, 0x00007fc893f70000)
 Metaspace       used 24773K, capacity 25236K, committed 25344K, reserved 26624K
GC Heap History (20 events):
Event: 15706.055 GC heap after
{Heap after GC invocations=25591 (full 2):
 def new generation   total 1048832K, used 1984K [0x00007fc2b0600000, 0x00007fc2f7800000, 0x00007fc805b50000)
  eden space 932352K,   0% used [0x00007fc2b0600000, 0x00007fc2b0600000, 0x00007fc2e9480000)
  from space 116480K,   1% used [0x00007fc2e9480000, 0x00007fc2e96702e8, 0x00007fc2f0640000)
  to   space 116480K,   0% used [0x00007fc2f0640000, 0x00007fc2f0640000, 0x00007fc2f7800000)
 tenured generation   total 2330560K, used 2329441K [0x00007fc805b50000, 0x00007fc893f40000, 0x00007fd2b0600000)
   the space 2330560K,  99% used [0x00007fc805b50000, 0x00007fc893e28640, 0x00007fc893e28800, 0x00007fc893f40000)
 Metaspace       used 24773K, capacity 25236K, committed 25344K, reserved 26624K
}
Event: 15706.979 GC heap before
{Heap before GC invocations=25591 (full 2):
 def new generation   total 1048832K, used 934336K [0x00007fc2b0600000, 0x00007fc2f7800000, 0x00007fc805b50000)
  eden space 932352K, 100% used [0x00007fc2b0600000, 0x00007fc2e9480000, 0x00007fc2e9480000)
  from space 116480K,   1% used [0x00007fc2e9480000, 0x00007fc2e96702e8, 0x00007fc2f0640000)
  to   space 116480K,   0% used [0x00007fc2f0640000, 0x00007fc2f0640000, 0x00007fc2f7800000)
 tenured generation   total 2330560K, used 2329441K [0x00007fc805b50000, 0x00007fc893f40000, 0x00007fd2b0600000)
   the space 2330560K,  99% used [0x00007fc805b50000, 0x00007fc893e28640, 0x00007fc893e28800, 0x00007fc893f40000)
 Metaspace       used 24773K, capacity 25236K, committed 25344K, reserved 26624K
}
Event: 15706.985 GC heap after
{Heap after GC invocations=25592 (full 2):
 def new generation   total 1048832K, used 1981K [0x00007fc2b0600000, 0x00007fc2f7800000, 0x00007fc805b50000)
  eden space 932352K,   0% used [0x00007fc2b0600000, 0x00007fc2b0600000, 0x00007fc2e9480000)
  from space 116480K,   1% used [0x00007fc2f0640000, 0x00007fc2f082f4d0, 0x00007fc2f7800000)
  to   space 116480K,   0% used [0x00007fc2e9480000, 0x00007fc2e9480000, 0x00007fc2f0640000)
 tenured generation   total 2330560K, used 2329570K [0x00007fc805b50000, 0x00007fc893f40000, 0x00007fd2b0600000)
   the space 2330560K,  99% used [0x00007fc805b50000, 0x00007fc893e48b20, 0x00007fc893e48c00, 0x00007fc893f40000)
 Metaspace       used 24773K, capacity 25236K, committed 25344K, reserved 26624K
}
Event: 15707.862 GC heap before
{Heap before GC invocations=25592 (full 2):
 def new generation   total 1048832K, used 934333K [0x00007fc2b0600000, 0x00007fc2f7800000, 0x00007fc805b50000)
  eden space 932352K, 100% used [0x00007fc2b0600000, 0x00007fc2e9480000, 0x00007fc2e9480000)
  from space 116480K,   1% used [0x00007fc2f0640000, 0x00007fc2f082f4d0, 0x00007fc2f7800000)
  to   space 116480K,   0% used [0x00007fc2e9480000, 0x00007fc2e9480000, 0x00007fc2f0640000)
 tenured generation   total 2330560K, used 2329570K [0x00007fc805b50000, 0x00007fc893f40000, 0x00007fd2b0600000)
   the space 2330560K,  99% used [0x00007fc805b50000, 0x00007fc893e48b20, 0x00007fc893e48c00, 0x00007fc893f40000)
 Metaspace       used 24773K, capacity 25236K, committed 25344K, reserved 26624K
}
Event: 15707.869 GC heap after
{Heap after GC invocations=25593 (full 2):
 def new generation   total 1048832K, used 1976K [0x00007fc2b0600000, 0x00007fc2f7800000, 0x00007fc805b50000)
  eden space 932352K,   0% used [0x00007fc2b0600000, 0x00007fc2b0600000, 0x00007fc2e9480000)
  from space 116480K,   1% used [0x00007fc2e9480000, 0x00007fc2e966e388, 0x00007fc2f0640000)
  to   space 116480K,   0% used [0x00007fc2f0640000, 0x00007fc2f0640000, 0x00007fc2f7800000)
 tenured generation   total 2330560K, used 2329695K [0x00007fc805b50000, 0x00007fc893f40000, 0x00007fd2b0600000)
   the space 2330560K,  99% used [0x00007fc805b50000, 0x00007fc893e67ec0, 0x00007fc893e68000, 0x00007fc893f40000)
 Metaspace       used 24773K, capacity 25236K, committed 25344K, reserved 26624K
}
Event: 15708.739 GC heap before
{Heap before GC invocations=25593 (full 2):
 def new generation   total 1048832K, used 934328K [0x00007fc2b0600000, 0x00007fc2f7800000, 0x00007fc805b50000)
  eden space 932352K, 100% used [0x00007fc2b0600000, 0x00007fc2e9480000, 0x00007fc2e9480000)
  from space 116480K,   1% used [0x00007fc2e9480000, 0x00007fc2e966e388, 0x00007fc2f0640000)
  to   space 116480K,   0% used [0x00007fc2f0640000, 0x00007fc2f0640000, 0x00007fc2f7800000)
 tenured generation   total 2330560K, used 2329695K [0x00007fc805b50000, 0x00007fc893f40000, 0x00007fd2b0600000)
   the space 2330560K,  99% used [0x00007fc805b50000, 0x00007fc893e67ec0, 0x00007fc893e68000, 0x00007fc893f40000)
 Metaspace       used 24773K, capacity 25236K, committed 25344K, reserved 26624K
}
Event: 15708.744 GC heap after
{Heap after GC invocations=25594 (full 2):
 def new generation   total 1048832K, used 1979K [0x00007fc2b0600000, 0x00007fc2f7800000, 0x00007fc805b50000)
  eden space 932352K,   0% used [0x00007fc2b0600000, 0x00007fc2b0600000, 0x00007fc2e9480000)
  from space 116480K,   1% used [0x00007fc2f0640000, 0x00007fc2f082ee08, 0x00007fc2f7800000)
  to   space 116480K,   0% used [0x00007fc2e9480000, 0x00007fc2e9480000, 0x00007fc2f0640000)
 tenured generation   total 2330560K, used 2329820K [0x00007fc805b50000, 0x00007fc893f40000, 0x00007fd2b0600000)
   the space 2330560K,  99% used [0x00007fc805b50000, 0x00007fc893e87260, 0x00007fc893e87400, 0x00007fc893f40000)
 Metaspace       used 24773K, capacity 25236K, committed 25344K, reserved 26624K
}
Event: 15709.614 GC heap before
{Heap before GC invocations=25594 (full 2):
 def new generation   total 1048832K, used 934331K [0x00007fc2b0600000, 0x00007fc2f7800000, 0x00007fc805b50000)
  eden space 932352K, 100% used [0x00007fc2b0600000, 0x00007fc2e9480000, 0x00007fc2e9480000)
  from space 116480K,   1% used [0x00007fc2f0640000, 0x00007fc2f082ee08, 0x00007fc2f7800000)
  to   space 116480K,   0% used [0x00007fc2e9480000, 0x00007fc2e9480000, 0x00007fc2f0640000)
 tenured generation   total 2330560K, used 2329820K [0x00007fc805b50000, 0x00007fc893f40000, 0x00007fd2b0600000)
   the space 2330560K,  99% used [0x00007fc805b50000, 0x00007fc893e87260, 0x00007fc893e87400, 0x00007fc893f40000)
 Metaspace       used 24773K, capacity 25236K, committed 25344K, reserved 26624K
}
Event: 15709.621 GC heap after
{Heap after GC invocations=25595 (full 2):
 def new generation   total 1048832K, used 1997K [0x00007fc2b0600000, 0x00007fc2f7800000, 0x00007fc805b50000)
  eden space 932352K,   0% used [0x00007fc2b0600000, 0x00007fc2b0600000, 0x00007fc2e9480000)
  from space 116480K,   1% used [0x00007fc2e9480000, 0x00007fc2e96735b8, 0x00007fc2f0640000)
  to   space 116480K,   0% used [0x00007fc2f0640000, 0x00007fc2f0640000, 0x00007fc2f7800000)
 tenured generation   total 2330560K, used 2329945K [0x00007fc805b50000, 0x00007fc893f40000, 0x00007fd2b0600000)
   the space 2330560K,  99% used [0x00007fc805b50000, 0x00007fc893ea6600, 0x00007fc893ea6600, 0x00007fc893f40000)
 Metaspace       used 24773K, capacity 25236K, committed 25344K, reserved 26624K
}
Event: 15710.497 GC heap before
{Heap before GC invocations=25595 (full 2):
 def new generation   total 1048832K, used 934349K [0x00007fc2b0600000, 0x00007fc2f7800000, 0x00007fc805b50000)
  eden space 932352K, 100% used [0x00007fc2b0600000, 0x00007fc2e9480000, 0x00007fc2e9480000)
  from space 116480K,   1% used [0x00007fc2e9480000, 0x00007fc2e96735b8, 0x00007fc2f0640000)
  to   space 116480K,   0% used [0x00007fc2f0640000, 0x00007fc2f0640000, 0x00007fc2f7800000)
 tenured generation   total 2330560K, used 2329945K [0x00007fc805b50000, 0x00007fc893f40000, 0x00007fd2b0600000)
   the space 2330560K,  99% used [0x00007fc805b50000, 0x00007fc893ea6600, 0x00007fc893ea6600, 0x00007fc893f40000)
 Metaspace       used 24773K, capacity 25236K, committed 25344K, reserved 26624K
}
Event: 15710.504 GC heap after
{Heap after GC invocations=25596 (full 2):
 def new generation   total 1048832K, used 1994K [0x00007fc2b0600000, 0x00007fc2f7800000, 0x00007fc805b50000)
  eden space 932352K,   0% used [0x00007fc2b0600000, 0x00007fc2b0600000, 0x00007fc2e9480000)
  from space 116480K,   1% used [0x00007fc2f0640000, 0x00007fc2f0832818, 0x00007fc2f7800000)
  to   space 116480K,   0% used [0x00007fc2e9480000, 0x00007fc2e9480000, 0x00007fc2f0640000)
 tenured generation   total 2330560K, used 2330070K [0x00007fc805b50000, 0x00007fc893f40000, 0x00007fd2b0600000)
   the space 2330560K,  99% used [0x00007fc805b50000, 0x00007fc893ec59a0, 0x00007fc893ec5a00, 0x00007fc893f40000)
 Metaspace       used 24773K, capacity 25236K, committed 25344K, reserved 26624K
}
Event: 15711.385 GC heap before
{Heap before GC invocations=25596 (full 2):
 def new generation   total 1048832K, used 934346K [0x00007fc2b0600000, 0x00007fc2f7800000, 0x00007fc805b50000)
  eden space 932352K, 100% used [0x00007fc2b0600000, 0x00007fc2e9480000, 0x00007fc2e9480000)
  from space 116480K,   1% used [0x00007fc2f0640000, 0x00007fc2f0832818, 0x00007fc2f7800000)
  to   space 116480K,   0% used [0x00007fc2e9480000, 0x00007fc2e9480000, 0x00007fc2f0640000)
 tenured generation   total 2330560K, used 2330070K [0x00007fc805b50000, 0x00007fc893f40000, 0x00007fd2b0600000)
   the space 2330560K,  99% used [0x00007fc805b50000, 0x00007fc893ec59a0, 0x00007fc893ec5a00, 0x00007fc893f40000)
 Metaspace       used 24773K, capacity 25236K, committed 25344K, reserved 26624K
}
Event: 15711.392 GC heap after
{Heap after GC invocations=25597 (full 2):
 def new generation   total 1048832K, used 1992K [0x00007fc2b0600000, 0x00007fc2f7800000, 0x00007fc805b50000)
  eden space 932352K,   0% used [0x00007fc2b0600000, 0x00007fc2b0600000, 0x00007fc2e9480000)
  from space 116480K,   1% used [0x00007fc2e9480000, 0x00007fc2e9672338, 0x00007fc2f0640000)
  to   space 116480K,   0% used [0x00007fc2f0640000, 0x00007fc2f0640000, 0x00007fc2f7800000)
 tenured generation   total 2330560K, used 2330195K [0x00007fc805b50000, 0x00007fc893f40000, 0x00007fd2b0600000)
   the space 2330560K,  99% used [0x00007fc805b50000, 0x00007fc893ee4d40, 0x00007fc893ee4e00, 0x00007fc893f40000)
 Metaspace       used 24773K, capacity 25236K, committed 25344K, reserved 26624K
}
Event: 15712.290 GC heap before
{Heap before GC invocations=25597 (full 2):
 def new generation   total 1048832K, used 934344K [0x00007fc2b0600000, 0x00007fc2f7800000, 0x00007fc805b50000)
  eden space 932352K, 100% used [0x00007fc2b0600000, 0x00007fc2e9480000, 0x00007fc2e9480000)
  from space 116480K,   1% used [0x00007fc2e9480000, 0x00007fc2e9672338, 0x00007fc2f0640000)
  to   space 116480K,   0% used [0x00007fc2f0640000, 0x00007fc2f0640000, 0x00007fc2f7800000)
 tenured generation   total 2330560K, used 2330195K [0x00007fc805b50000, 0x00007fc893f40000, 0x00007fd2b0600000)
   the space 2330560K,  99% used [0x00007fc805b50000, 0x00007fc893ee4d40, 0x00007fc893ee4e00, 0x00007fc893f40000)
 Metaspace       used 24773K, capacity 25236K, committed 25344K, reserved 26624K
}
Event: 15712.299 GC heap after
{Heap after GC invocations=25598 (full 2):
 def new generation   total 1048832K, used 1984K [0x00007fc2b0600000, 0x00007fc2f7800000, 0x00007fc805b50000)
  eden space 932352K,   0% used [0x00007fc2b0600000, 0x00007fc2b0600000, 0x00007fc2e9480000)
  from space 116480K,   1% used [0x00007fc2f0640000, 0x00007fc2f08301e8, 0x00007fc2f7800000)
  to   space 116480K,   0% used [0x00007fc2e9480000, 0x00007fc2e9480000, 0x00007fc2f0640000)
 tenured generation   total 2330560K, used 2330320K [0x00007fc805b50000, 0x00007fc893f40000, 0x00007fd2b0600000)
   the space 2330560K,  99% used [0x00007fc805b50000, 0x00007fc893f040e0, 0x00007fc893f04200, 0x00007fc893f40000)
 Metaspace       used 24773K, capacity 25236K, committed 25344K, reserved 26624K
}
Event: 15713.179 GC heap before
{Heap before GC invocations=25598 (full 2):
 def new generation   total 1048832K, used 934336K [0x00007fc2b0600000, 0x00007fc2f7800000, 0x00007fc805b50000)
  eden space 932352K, 100% used [0x00007fc2b0600000, 0x00007fc2e9480000, 0x00007fc2e9480000)
  from space 116480K,   1% used [0x00007fc2f0640000, 0x00007fc2f08301e8, 0x00007fc2f7800000)
  to   space 116480K,   0% used [0x00007fc2e9480000, 0x00007fc2e9480000, 0x00007fc2f0640000)
 tenured generation   total 2330560K, used 2330320K [0x00007fc805b50000, 0x00007fc893f40000, 0x00007fd2b0600000)
   the space 2330560K,  99% used [0x00007fc805b50000, 0x00007fc893f040e0, 0x00007fc893f04200, 0x00007fc893f40000)
 Metaspace       used 24773K, capacity 25236K, committed 25344K, reserved 26624K
}
Event: 15713.187 GC heap after
{Heap after GC invocations=25599 (full 2):
 def new generation   total 1048832K, used 1976K [0x00007fc2b0600000, 0x00007fc2f7800000, 0x00007fc805b50000)
  eden space 932352K,   0% used [0x00007fc2b0600000, 0x00007fc2b0600000, 0x00007fc2e9480000)
  from space 116480K,   1% used [0x00007fc2e9480000, 0x00007fc2e966e250, 0x00007fc2f0640000)
  to   space 116480K,   0% used [0x00007fc2f0640000, 0x00007fc2f0640000, 0x00007fc2f7800000)
 tenured generation   total 2330560K, used 2330445K [0x00007fc805b50000, 0x00007fc893f40000, 0x00007fd2b0600000)
   the space 2330560K,  99% used [0x00007fc805b50000, 0x00007fc893f23480, 0x00007fc893f23600, 0x00007fc893f40000)
 Metaspace       used 24773K, capacity 25236K, committed 25344K, reserved 26624K
}
Event: 15714.073 GC heap before
{Heap before GC invocations=25599 (full 2):
 def new generation   total 1048832K, used 934328K [0x00007fc2b0600000, 0x00007fc2f7800000, 0x00007fc805b50000)
  eden space 932352K, 100% used [0x00007fc2b0600000, 0x00007fc2e9480000, 0x00007fc2e9480000)
  from space 116480K,   1% used [0x00007fc2e9480000, 0x00007fc2e966e250, 0x00007fc2f0640000)
  to   space 116480K,   0% used [0x00007fc2f0640000, 0x00007fc2f0640000, 0x00007fc2f7800000)
 tenured generation   total 2330560K, used 2330445K [0x00007fc805b50000, 0x00007fc893f40000, 0x00007fd2b0600000)
   the space 2330560K,  99% used [0x00007fc805b50000, 0x00007fc893f23480, 0x00007fc893f23600, 0x00007fc893f40000)
 Metaspace       used 24773K, capacity 25236K, committed 25344K, reserved 26624K
}
Event: 15714.080 GC heap after
{Heap after GC invocations=25600 (full 2):
 def new generation   total 1048832K, used 2005K [0x00007fc2b0600000, 0x00007fc2f7800000, 0x00007fc805b50000)
  eden space 932352K,   0% used [0x00007fc2b0600000, 0x00007fc2b0600000, 0x00007fc2e9480000)
  from space 116480K,   1% used [0x00007fc2f0640000, 0x00007fc2f08357f8, 0x00007fc2f7800000)
  to   space 116480K,   0% used [0x00007fc2e9480000, 0x00007fc2e9480000, 0x00007fc2f0640000)
 tenured generation   total 2330752K, used 2330570K [0x00007fc805b50000, 0x00007fc893f70000, 0x00007fd2b0600000)
   the space 2330752K,  99% used [0x00007fc805b50000, 0x00007fc893f42820, 0x00007fc893f42a00, 0x00007fc893f70000)
 Metaspace       used 24773K, capacity 25236K, committed 25344K, reserved 26624K
}
Event: 15714.080 GC heap before
{Heap before GC invocations=25600 (full 2):
 def new generation   total 1048832K, used 2005K [0x00007fc2b0600000, 0x00007fc2f7800000, 0x00007fc805b50000)
  eden space 932352K,   0% used [0x00007fc2b0600000, 0x00007fc2b0600000, 0x00007fc2e9480000)
  from space 116480K,   1% used [0x00007fc2f0640000, 0x00007fc2f08357f8, 0x00007fc2f7800000)
  to   space 116480K,   0% used [0x00007fc2e9480000, 0x00007fc2e9480000, 0x00007fc2f0640000)
 tenured generation   total 2330752K, used 2330570K [0x00007fc805b50000, 0x00007fc893f70000, 0x00007fd2b0600000)
   the space 2330752K,  99% used [0x00007fc805b50000, 0x00007fc893f42820, 0x00007fc893f42a00, 0x00007fc893f70000)
 Metaspace       used 24773K, capacity 25236K, committed 25344K, reserved 26624K
}

