# JRE version: OpenJDK Runtime Environment (13.0.7+5) (build 13.0.7+5-Ubuntu-0ubuntu120.04)
# Java VM: OpenJDK 64-Bit Server VM (13.0.7+5-Ubuntu-0ubuntu120.04, mixed mode, tiered, serial gc, linux-amd64)
Heap:
 def new generation   total 1748160K, used 0K [0x00007fc2dc600000, 0x00007fc352ed0000, 0x00007fc831b50000)
  eden space 1553984K,   0% used [0x00007fc2dc600000, 0x00007fc2dc600000, 0x00007fc33b390000)
  from space 194176K,   0% used [0x00007fc347130000, 0x00007fc347130000, 0x00007fc352ed0000)
  to   space 194176K,   0% used [0x00007fc33b390000, 0x00007fc33b390000, 0x00007fc347130000)
 tenured generation   total 3884780K, used 3830153K [0x00007fc831b50000, 0x00007fc91ed0b000, 0x00007fd2dc600000)
   the space 3884780K,  98% used [0x00007fc831b50000, 0x00007fc91b7b2750, 0x00007fc91b7b2800, 0x00007fc91ed0b000)
 Metaspace       used 24865K, capacity 25359K, committed 25600K, reserved 26624K
GC Heap History (20 events):
Event: 29827.336 GC heap after
{Heap after GC invocations=38812 (full 3):
 def new generation   total 1748160K, used 2765K [0x00007fc2dc600000, 0x00007fc352ed0000, 0x00007fc831b50000)
  eden space 1553984K,   0% used [0x00007fc2dc600000, 0x00007fc2dc600000, 0x00007fc33b390000)
  from space 194176K,   1% used [0x00007fc33b390000, 0x00007fc33b643458, 0x00007fc347130000)
  to   space 194176K,   0% used [0x00007fc347130000, 0x00007fc347130000, 0x00007fc352ed0000)
 tenured generation   total 3884588K, used 3883020K [0x00007fc831b50000, 0x00007fc91ecdb000, 0x00007fd2dc600000)
   the space 3884588K,  99% used [0x00007fc831b50000, 0x00007fc91eb53370, 0x00007fc91eb53400, 0x00007fc91ecdb000)
 Metaspace       used 24865K, capacity 25359K, committed 25600K, reserved 26624K
}
Event: 29828.664 GC heap before
{Heap before GC invocations=38812 (full 3):
 def new generation   total 1748160K, used 1556749K [0x00007fc2dc600000, 0x00007fc352ed0000, 0x00007fc831b50000)
  eden space 1553984K, 100% used [0x00007fc2dc600000, 0x00007fc33b390000, 0x00007fc33b390000)
  from space 194176K,   1% used [0x00007fc33b390000, 0x00007fc33b643458, 0x00007fc347130000)
  to   space 194176K,   0% used [0x00007fc347130000, 0x00007fc347130000, 0x00007fc352ed0000)
 tenured generation   total 3884588K, used 3883020K [0x00007fc831b50000, 0x00007fc91ecdb000, 0x00007fd2dc600000)
   the space 3884588K,  99% used [0x00007fc831b50000, 0x00007fc91eb53370, 0x00007fc91eb53400, 0x00007fc91ecdb000)
 Metaspace       used 24865K, capacity 25359K, committed 25600K, reserved 26624K
}
Event: 29828.674 GC heap after
{Heap after GC invocations=38813 (full 3):
 def new generation   total 1748160K, used 2812K [0x00007fc2dc600000, 0x00007fc352ed0000, 0x00007fc831b50000)
  eden space 1553984K,   0% used [0x00007fc2dc600000, 0x00007fc2dc600000, 0x00007fc33b390000)
  from space 194176K,   1% used [0x00007fc347130000, 0x00007fc3473ef0c8, 0x00007fc352ed0000)
  to   space 194176K,   0% used [0x00007fc33b390000, 0x00007fc33b390000, 0x00007fc347130000)
 tenured generation   total 3884588K, used 3883181K [0x00007fc831b50000, 0x00007fc91ecdb000, 0x00007fd2dc600000)
   the space 3884588K,  99% used [0x00007fc831b50000, 0x00007fc91eb7b7f8, 0x00007fc91eb7b800, 0x00007fc91ecdb000)
 Metaspace       used 24865K, capacity 25359K, committed 25600K, reserved 26624K
}
Event: 29829.982 GC heap before
{Heap before GC invocations=38813 (full 3):
 def new generation   total 1748160K, used 1556796K [0x00007fc2dc600000, 0x00007fc352ed0000, 0x00007fc831b50000)
  eden space 1553984K, 100% used [0x00007fc2dc600000, 0x00007fc33b390000, 0x00007fc33b390000)
  from space 194176K,   1% used [0x00007fc347130000, 0x00007fc3473ef0c8, 0x00007fc352ed0000)
  to   space 194176K,   0% used [0x00007fc33b390000, 0x00007fc33b390000, 0x00007fc347130000)
 tenured generation   total 3884588K, used 3883181K [0x00007fc831b50000, 0x00007fc91ecdb000, 0x00007fd2dc600000)
   the space 3884588K,  99% used [0x00007fc831b50000, 0x00007fc91eb7b7f8, 0x00007fc91eb7b800, 0x00007fc91ecdb000)
 Metaspace       used 24865K, capacity 25359K, committed 25600K, reserved 26624K
}
Event: 29829.992 GC heap after
{Heap after GC invocations=38814 (full 3):
 def new generation   total 1748160K, used 2738K [0x00007fc2dc600000, 0x00007fc352ed0000, 0x00007fc831b50000)
  eden space 1553984K,   0% used [0x00007fc2dc600000, 0x00007fc2dc600000, 0x00007fc33b390000)
  from space 194176K,   1% used [0x00007fc33b390000, 0x00007fc33b63c9d0, 0x00007fc347130000)
  to   space 194176K,   0% used [0x00007fc347130000, 0x00007fc347130000, 0x00007fc352ed0000)
 tenured generation   total 3884588K, used 3883375K [0x00007fc831b50000, 0x00007fc91ecdb000, 0x00007fd2dc600000)
   the space 3884588K,  99% used [0x00007fc831b50000, 0x00007fc91ebabd68, 0x00007fc91ebabe00, 0x00007fc91ecdb000)
 Metaspace       used 24865K, capacity 25359K, committed 25600K, reserved 26624K
}
Event: 29831.262 GC heap before
{Heap before GC invocations=38814 (full 3):
 def new generation   total 1748160K, used 1556722K [0x00007fc2dc600000, 0x00007fc352ed0000, 0x00007fc831b50000)
  eden space 1553984K, 100% used [0x00007fc2dc600000, 0x00007fc33b390000, 0x00007fc33b390000)
  from space 194176K,   1% used [0x00007fc33b390000, 0x00007fc33b63c9d0, 0x00007fc347130000)
  to   space 194176K,   0% used [0x00007fc347130000, 0x00007fc347130000, 0x00007fc352ed0000)
 tenured generation   total 3884588K, used 3883375K [0x00007fc831b50000, 0x00007fc91ecdb000, 0x00007fd2dc600000)
   the space 3884588K,  99% used [0x00007fc831b50000, 0x00007fc91ebabd68, 0x00007fc91ebabe00, 0x00007fc91ecdb000)
 Metaspace       used 24865K, capacity 25359K, committed 25600K, reserved 26624K
}
Event: 29831.270 GC heap after
{Heap after GC invocations=38815 (full 3):
 def new generation   total 1748160K, used 2800K [0x00007fc2dc600000, 0x00007fc352ed0000, 0x00007fc831b50000)
  eden space 1553984K,   0% used [0x00007fc2dc600000, 0x00007fc2dc600000, 0x00007fc33b390000)
  from space 194176K,   1% used [0x00007fc347130000, 0x00007fc3473ec1a8, 0x00007fc352ed0000)
  to   space 194176K,   0% used [0x00007fc33b390000, 0x00007fc33b390000, 0x00007fc347130000)
 tenured generation   total 3884588K, used 3883536K [0x00007fc831b50000, 0x00007fc91ecdb000, 0x00007fd2dc600000)
   the space 3884588K,  99% used [0x00007fc831b50000, 0x00007fc91ebd41f0, 0x00007fc91ebd4200, 0x00007fc91ecdb000)
 Metaspace       used 24865K, capacity 25359K, committed 25600K, reserved 26624K
}
Event: 29832.579 GC heap before
{Heap before GC invocations=38815 (full 3):
 def new generation   total 1748160K, used 1556784K [0x00007fc2dc600000, 0x00007fc352ed0000, 0x00007fc831b50000)
  eden space 1553984K, 100% used [0x00007fc2dc600000, 0x00007fc33b390000, 0x00007fc33b390000)
  from space 194176K,   1% used [0x00007fc347130000, 0x00007fc3473ec1a8, 0x00007fc352ed0000)
  to   space 194176K,   0% used [0x00007fc33b390000, 0x00007fc33b390000, 0x00007fc347130000)
 tenured generation   total 3884588K, used 3883536K [0x00007fc831b50000, 0x00007fc91ecdb000, 0x00007fd2dc600000)
   the space 3884588K,  99% used [0x00007fc831b50000, 0x00007fc91ebd41f0, 0x00007fc91ebd4200, 0x00007fc91ecdb000)
 Metaspace       used 24865K, capacity 25359K, committed 25600K, reserved 26624K
}
Event: 29832.589 GC heap after
{Heap after GC invocations=38816 (full 3):
 def new generation   total 1748160K, used 2720K [0x00007fc2dc600000, 0x00007fc352ed0000, 0x00007fc831b50000)
  eden space 1553984K,   0% used [0x00007fc2dc600000, 0x00007fc2dc600000, 0x00007fc33b390000)
  from space 194176K,   1% used [0x00007fc33b390000, 0x00007fc33b6382b0, 0x00007fc347130000)
  to   space 194176K,   0% used [0x00007fc347130000, 0x00007fc347130000, 0x00007fc352ed0000)
 tenured generation   total 3884588K, used 3883729K [0x00007fc831b50000, 0x00007fc91ecdb000, 0x00007fd2dc600000)
   the space 3884588K,  99% used [0x00007fc831b50000, 0x00007fc91ec04760, 0x00007fc91ec04800, 0x00007fc91ecdb000)
 Metaspace       used 24865K, capacity 25359K, committed 25600K, reserved 26624K
}
Event: 29833.909 GC heap before
{Heap before GC invocations=38816 (full 3):
 def new generation   total 1748160K, used 1556704K [0x00007fc2dc600000, 0x00007fc352ed0000, 0x00007fc831b50000)
  eden space 1553984K, 100% used [0x00007fc2dc600000, 0x00007fc33b390000, 0x00007fc33b390000)
  from space 194176K,   1% used [0x00007fc33b390000, 0x00007fc33b6382b0, 0x00007fc347130000)
  to   space 194176K,   0% used [0x00007fc347130000, 0x00007fc347130000, 0x00007fc352ed0000)
 tenured generation   total 3884588K, used 3883729K [0x00007fc831b50000, 0x00007fc91ecdb000, 0x00007fd2dc600000)
   the space 3884588K,  99% used [0x00007fc831b50000, 0x00007fc91ec04760, 0x00007fc91ec04800, 0x00007fc91ecdb000)
 Metaspace       used 24865K, capacity 25359K, committed 25600K, reserved 26624K
}
Event: 29833.918 GC heap after
{Heap after GC invocations=38817 (full 3):
 def new generation   total 1748160K, used 2803K [0x00007fc2dc600000, 0x00007fc352ed0000, 0x00007fc831b50000)
  eden space 1553984K,   0% used [0x00007fc2dc600000, 0x00007fc2dc600000, 0x00007fc33b390000)
  from space 194176K,   1% used [0x00007fc347130000, 0x00007fc3473ecf38, 0x00007fc352ed0000)
  to   space 194176K,   0% used [0x00007fc33b390000, 0x00007fc33b390000, 0x00007fc347130000)
 tenured generation   total 3884588K, used 3883890K [0x00007fc831b50000, 0x00007fc91ecdb000, 0x00007fd2dc600000)
   the space 3884588K,  99% used [0x00007fc831b50000, 0x00007fc91ec2cbe8, 0x00007fc91ec2cc00, 0x00007fc91ecdb000)
 Metaspace       used 24865K, capacity 25359K, committed 25600K, reserved 26624K
}
Event: 29835.237 GC heap before
{Heap before GC invocations=38817 (full 3):
 def new generation   total 1748160K, used 1556787K [0x00007fc2dc600000, 0x00007fc352ed0000, 0x00007fc831b50000)
  eden space 1553984K, 100% used [0x00007fc2dc600000, 0x00007fc33b390000, 0x00007fc33b390000)
  from space 194176K,   1% used [0x00007fc347130000, 0x00007fc3473ecf38, 0x00007fc352ed0000)
  to   space 194176K,   0% used [0x00007fc33b390000, 0x00007fc33b390000, 0x00007fc347130000)
 tenured generation   total 3884588K, used 3883890K [0x00007fc831b50000, 0x00007fc91ecdb000, 0x00007fd2dc600000)
   the space 3884588K,  99% used [0x00007fc831b50000, 0x00007fc91ec2cbe8, 0x00007fc91ec2cc00, 0x00007fc91ecdb000)
 Metaspace       used 24865K, capacity 25359K, committed 25600K, reserved 26624K
}
Event: 29835.247 GC heap after
{Heap after GC invocations=38818 (full 3):
 def new generation   total 1748160K, used 2708K [0x00007fc2dc600000, 0x00007fc352ed0000, 0x00007fc831b50000)
  eden space 1553984K,   0% used [0x00007fc2dc600000, 0x00007fc2dc600000, 0x00007fc33b390000)
  from space 194176K,   1% used [0x00007fc33b390000, 0x00007fc33b6351a8, 0x00007fc347130000)
  to   space 194176K,   0% used [0x00007fc347130000, 0x00007fc347130000, 0x00007fc352ed0000)
 tenured generation   total 3884588K, used 3884084K [0x00007fc831b50000, 0x00007fc91ecdb000, 0x00007fd2dc600000)
   the space 3884588K,  99% used [0x00007fc831b50000, 0x00007fc91ec5d158, 0x00007fc91ec5d200, 0x00007fc91ecdb000)
 Metaspace       used 24865K, capacity 25359K, committed 25600K, reserved 26624K
}
Event: 29836.535 GC heap before
{Heap before GC invocations=38818 (full 3):
 def new generation   total 1748160K, used 1556692K [0x00007fc2dc600000, 0x00007fc352ed0000, 0x00007fc831b50000)
  eden space 1553984K, 100% used [0x00007fc2dc600000, 0x00007fc33b390000, 0x00007fc33b390000)
  from space 194176K,   1% used [0x00007fc33b390000, 0x00007fc33b6351a8, 0x00007fc347130000)
  to   space 194176K,   0% used [0x00007fc347130000, 0x00007fc347130000, 0x00007fc352ed0000)
 tenured generation   total 3884588K, used 3884084K [0x00007fc831b50000, 0x00007fc91ecdb000, 0x00007fd2dc600000)
   the space 3884588K,  99% used [0x00007fc831b50000, 0x00007fc91ec5d158, 0x00007fc91ec5d200, 0x00007fc91ecdb000)
 Metaspace       used 24865K, capacity 25359K, committed 25600K, reserved 26624K
}
Event: 29836.543 GC heap after
{Heap after GC invocations=38819 (full 3):
 def new generation   total 1748160K, used 2830K [0x00007fc2dc600000, 0x00007fc352ed0000, 0x00007fc831b50000)
  eden space 1553984K,   0% used [0x00007fc2dc600000, 0x00007fc2dc600000, 0x00007fc33b390000)
  from space 194176K,   1% used [0x00007fc347130000, 0x00007fc3473f3a00, 0x00007fc352ed0000)
  to   space 194176K,   0% used [0x00007fc33b390000, 0x00007fc33b390000, 0x00007fc347130000)
 tenured generation   total 3884588K, used 3884245K [0x00007fc831b50000, 0x00007fc91ecdb000, 0x00007fd2dc600000)
   the space 3884588K,  99% used [0x00007fc831b50000, 0x00007fc91ec855e0, 0x00007fc91ec85600, 0x00007fc91ecdb000)
 Metaspace       used 24865K, capacity 25359K, committed 25600K, reserved 26624K
}
Event: 29837.884 GC heap before
{Heap before GC invocations=38819 (full 3):
 def new generation   total 1748160K, used 1556814K [0x00007fc2dc600000, 0x00007fc352ed0000, 0x00007fc831b50000)
  eden space 1553984K, 100% used [0x00007fc2dc600000, 0x00007fc33b390000, 0x00007fc33b390000)
  from space 194176K,   1% used [0x00007fc347130000, 0x00007fc3473f3a00, 0x00007fc352ed0000)
  to   space 194176K,   0% used [0x00007fc33b390000, 0x00007fc33b390000, 0x00007fc347130000)
 tenured generation   total 3884588K, used 3884245K [0x00007fc831b50000, 0x00007fc91ecdb000, 0x00007fd2dc600000)
   the space 3884588K,  99% used [0x00007fc831b50000, 0x00007fc91ec855e0, 0x00007fc91ec85600, 0x00007fc91ecdb000)
 Metaspace       used 24865K, capacity 25359K, committed 25600K, reserved 26624K
}
Event: 29837.895 GC heap after
{Heap after GC invocations=38820 (full 3):
 def new generation   total 1748160K, used 2708K [0x00007fc2dc600000, 0x00007fc352ed0000, 0x00007fc831b50000)
  eden space 1553984K,   0% used [0x00007fc2dc600000, 0x00007fc2dc600000, 0x00007fc33b390000)
  from space 194176K,   1% used [0x00007fc33b390000, 0x00007fc33b6351b0, 0x00007fc347130000)
  to   space 194176K,   0% used [0x00007fc347130000, 0x00007fc347130000, 0x00007fc352ed0000)
 tenured generation   total 3884588K, used 3884438K [0x00007fc831b50000, 0x00007fc91ecdb000, 0x00007fd2dc600000)
   the space 3884588K,  99% used [0x00007fc831b50000, 0x00007fc91ecb5b50, 0x00007fc91ecb5c00, 0x00007fc91ecdb000)
 Metaspace       used 24865K, capacity 25359K, committed 25600K, reserved 26624K
}
Event: 29839.181 GC heap before
{Heap before GC invocations=38820 (full 3):
 def new generation   total 1748160K, used 1556692K [0x00007fc2dc600000, 0x00007fc352ed0000, 0x00007fc831b50000)
  eden space 1553984K, 100% used [0x00007fc2dc600000, 0x00007fc33b390000, 0x00007fc33b390000)
  from space 194176K,   1% used [0x00007fc33b390000, 0x00007fc33b6351b0, 0x00007fc347130000)
  to   space 194176K,   0% used [0x00007fc347130000, 0x00007fc347130000, 0x00007fc352ed0000)
 tenured generation   total 3884588K, used 3884438K [0x00007fc831b50000, 0x00007fc91ecdb000, 0x00007fd2dc600000)
   the space 3884588K,  99% used [0x00007fc831b50000, 0x00007fc91ecb5b50, 0x00007fc91ecb5c00, 0x00007fc91ecdb000)
 Metaspace       used 24865K, capacity 25359K, committed 25600K, reserved 26624K
}
Event: 29839.191 GC heap after
{Heap after GC invocations=38821 (full 3):
 def new generation   total 1748160K, used 2775K [0x00007fc2dc600000, 0x00007fc352ed0000, 0x00007fc831b50000)
  eden space 1553984K,   0% used [0x00007fc2dc600000, 0x00007fc2dc600000, 0x00007fc33b390000)
  from space 194176K,   1% used [0x00007fc347130000, 0x00007fc3473e5fa8, 0x00007fc352ed0000)
  to   space 194176K,   0% used [0x00007fc33b390000, 0x00007fc33b390000, 0x00007fc347130000)
 tenured generation   total 3884780K, used 3884599K [0x00007fc831b50000, 0x00007fc91ed0b000, 0x00007fd2dc600000)
   the space 3884780K,  99% used [0x00007fc831b50000, 0x00007fc91ecddfd8, 0x00007fc91ecde000, 0x00007fc91ed0b000)
 Metaspace       used 24865K, capacity 25359K, committed 25600K, reserved 26624K
}
Event: 29839.191 GC heap before
{Heap before GC invocations=38821 (full 3):
 def new generation   total 1748160K, used 2775K [0x00007fc2dc600000, 0x00007fc352ed0000, 0x00007fc831b50000)
  eden space 1553984K,   0% used [0x00007fc2dc600000, 0x00007fc2dc600000, 0x00007fc33b390000)
  from space 194176K,   1% used [0x00007fc347130000, 0x00007fc3473e5fa8, 0x00007fc352ed0000)
  to   space 194176K,   0% used [0x00007fc33b390000, 0x00007fc33b390000, 0x00007fc347130000)
 tenured generation   total 3884780K, used 3884599K [0x00007fc831b50000, 0x00007fc91ed0b000, 0x00007fd2dc600000)
   the space 3884780K,  99% used [0x00007fc831b50000, 0x00007fc91ecddfd8, 0x00007fc91ecde000, 0x00007fc91ed0b000)
 Metaspace       used 24865K, capacity 25359K, committed 25600K, reserved 26624K
}

