# JRE version: OpenJDK Runtime Environment (13.0.7+5) (build 13.0.7+5-Ubuntu-0ubuntu120.04)
# Java VM: OpenJDK 64-Bit Server VM (13.0.7+5-Ubuntu-0ubuntu120.04, mixed mode, tiered, serial gc, linux-amd64)
Heap:
 def new generation   total 2871744K, used 8270K [0x00007f4cf8600000, 0x00007f4dbb200000, 0x00007f524db50000)
  eden space 2552704K,   0% used [0x00007f4cf8600000, 0x00007f4cf8e13b58, 0x00007f4d942e0000)
  from space 319040K,   0% used [0x00007f4da7a70000, 0x00007f4da7a70000, 0x00007f4dbb200000)
  to   space 319040K,   0% used [0x00007f4d942e0000, 0x00007f4d942e0000, 0x00007f4da7a70000)
 tenured generation   total 6381724K, used 6381723K [0x00007f524db50000, 0x00007f53d3377000, 0x00007f5cf8600000)
   the space 6381724K,  99% used [0x00007f524db50000, 0x00007f53d3376ff8, 0x00007f53d3377000, 0x00007f53d3377000)
 Metaspace       used 25021K, capacity 25494K, committed 25600K, reserved 26624K
GC Heap History (20 events):
Event: 44688.798 GC heap after
{Heap after GC invocations=44583 (full 4):
 def new generation   total 2871744K, used 8375K [0x00007f4cf8600000, 0x00007f4dbb200000, 0x00007f524db50000)
  eden space 2552704K,   0% used [0x00007f4cf8600000, 0x00007f4cf8600000, 0x00007f4d942e0000)
  from space 319040K,   2% used [0x00007f4d942e0000, 0x00007f4d94b0dcc8, 0x00007f4da7a70000)
  to   space 319040K,   0% used [0x00007f4da7a70000, 0x00007f4da7a70000, 0x00007f4dbb200000)
 tenured generation   total 6381532K, used 6376614K [0x00007f524db50000, 0x00007f53d3347000, 0x00007f5cf8600000)
   the space 6381532K,  99% used [0x00007f524db50000, 0x00007f53d2e798a8, 0x00007f53d2e79a00, 0x00007f53d3347000)
 Metaspace       used 25021K, capacity 25494K, committed 25600K, reserved 26624K
}
Event: 44691.025 GC heap before
{Heap before GC invocations=44583 (full 4):
 def new generation   total 2871744K, used 2561079K [0x00007f4cf8600000, 0x00007f4dbb200000, 0x00007f524db50000)
  eden space 2552704K, 100% used [0x00007f4cf8600000, 0x00007f4d942e0000, 0x00007f4d942e0000)
  from space 319040K,   2% used [0x00007f4d942e0000, 0x00007f4d94b0dcc8, 0x00007f4da7a70000)
  to   space 319040K,   0% used [0x00007f4da7a70000, 0x00007f4da7a70000, 0x00007f4dbb200000)
 tenured generation   total 6381532K, used 6376614K [0x00007f524db50000, 0x00007f53d3347000, 0x00007f5cf8600000)
   the space 6381532K,  99% used [0x00007f524db50000, 0x00007f53d2e798a8, 0x00007f53d2e79a00, 0x00007f53d3347000)
 Metaspace       used 25021K, capacity 25494K, committed 25600K, reserved 26624K
}
Event: 44691.046 GC heap after
{Heap after GC invocations=44584 (full 4):
 def new generation   total 2871744K, used 8355K [0x00007f4cf8600000, 0x00007f4dbb200000, 0x00007f524db50000)
  eden space 2552704K,   0% used [0x00007f4cf8600000, 0x00007f4cf8600000, 0x00007f4d942e0000)
  from space 319040K,   2% used [0x00007f4da7a70000, 0x00007f4da8298ec8, 0x00007f4dbb200000)
  to   space 319040K,   0% used [0x00007f4d942e0000, 0x00007f4d942e0000, 0x00007f4da7a70000)
 tenured generation   total 6381532K, used 6377171K [0x00007f524db50000, 0x00007f53d3347000, 0x00007f5cf8600000)
   the space 6381532K,  99% used [0x00007f524db50000, 0x00007f53d2f04fe8, 0x00007f53d2f05000, 0x00007f53d3347000)
 Metaspace       used 25021K, capacity 25494K, committed 25600K, reserved 26624K
}
Event: 44693.209 GC heap before
{Heap before GC invocations=44584 (full 4):
 def new generation   total 2871744K, used 2561059K [0x00007f4cf8600000, 0x00007f4dbb200000, 0x00007f524db50000)
  eden space 2552704K, 100% used [0x00007f4cf8600000, 0x00007f4d942e0000, 0x00007f4d942e0000)
  from space 319040K,   2% used [0x00007f4da7a70000, 0x00007f4da8298ec8, 0x00007f4dbb200000)
  to   space 319040K,   0% used [0x00007f4d942e0000, 0x00007f4d942e0000, 0x00007f4da7a70000)
 tenured generation   total 6381532K, used 6377171K [0x00007f524db50000, 0x00007f53d3347000, 0x00007f5cf8600000)
   the space 6381532K,  99% used [0x00007f524db50000, 0x00007f53d2f04fe8, 0x00007f53d2f05000, 0x00007f53d3347000)
 Metaspace       used 25021K, capacity 25494K, committed 25600K, reserved 26624K
}
Event: 44693.226 GC heap after
{Heap after GC invocations=44585 (full 4):
 def new generation   total 2871744K, used 8445K [0x00007f4cf8600000, 0x00007f4dbb200000, 0x00007f524db50000)
  eden space 2552704K,   0% used [0x00007f4cf8600000, 0x00007f4cf8600000, 0x00007f4d942e0000)
  from space 319040K,   2% used [0x00007f4d942e0000, 0x00007f4d94b1f648, 0x00007f4da7a70000)
  to   space 319040K,   0% used [0x00007f4da7a70000, 0x00007f4da7a70000, 0x00007f4dbb200000)
 tenured generation   total 6381532K, used 6377729K [0x00007f524db50000, 0x00007f53d3347000, 0x00007f5cf8600000)
   the space 6381532K,  99% used [0x00007f524db50000, 0x00007f53d2f90728, 0x00007f53d2f90800, 0x00007f53d3347000)
 Metaspace       used 25021K, capacity 25494K, committed 25600K, reserved 26624K
}
Event: 44695.485 GC heap before
{Heap before GC invocations=44585 (full 4):
 def new generation   total 2871744K, used 2561149K [0x00007f4cf8600000, 0x00007f4dbb200000, 0x00007f524db50000)
  eden space 2552704K, 100% used [0x00007f4cf8600000, 0x00007f4d942e0000, 0x00007f4d942e0000)
  from space 319040K,   2% used [0x00007f4d942e0000, 0x00007f4d94b1f648, 0x00007f4da7a70000)
  to   space 319040K,   0% used [0x00007f4da7a70000, 0x00007f4da7a70000, 0x00007f4dbb200000)
 tenured generation   total 6381532K, used 6377729K [0x00007f524db50000, 0x00007f53d3347000, 0x00007f5cf8600000)
   the space 6381532K,  99% used [0x00007f524db50000, 0x00007f53d2f90728, 0x00007f53d2f90800, 0x00007f53d3347000)
 Metaspace       used 25021K, capacity 25494K, committed 25600K, reserved 26624K
}
Event: 44695.505 GC heap after
{Heap after GC invocations=44586 (full 4):
 def new generation   total 2871744K, used 8450K [0x00007f4cf8600000, 0x00007f4dbb200000, 0x00007f524db50000)
  eden space 2552704K,   0% used [0x00007f4cf8600000, 0x00007f4cf8600000, 0x00007f4d942e0000)
  from space 319040K,   2% used [0x00007f4da7a70000, 0x00007f4da82b08d8, 0x00007f4dbb200000)
  to   space 319040K,   0% used [0x00007f4d942e0000, 0x00007f4d942e0000, 0x00007f4da7a70000)
 tenured generation   total 6381532K, used 6378264K [0x00007f524db50000, 0x00007f53d3347000, 0x00007f5cf8600000)
   the space 6381532K,  99% used [0x00007f524db50000, 0x00007f53d3016170, 0x00007f53d3016200, 0x00007f53d3347000)
 Metaspace       used 25021K, capacity 25494K, committed 25600K, reserved 26624K
}
Event: 44697.750 GC heap before
{Heap before GC invocations=44586 (full 4):
 def new generation   total 2871744K, used 2561154K [0x00007f4cf8600000, 0x00007f4dbb200000, 0x00007f524db50000)
  eden space 2552704K, 100% used [0x00007f4cf8600000, 0x00007f4d942e0000, 0x00007f4d942e0000)
  from space 319040K,   2% used [0x00007f4da7a70000, 0x00007f4da82b08d8, 0x00007f4dbb200000)
  to   space 319040K,   0% used [0x00007f4d942e0000, 0x00007f4d942e0000, 0x00007f4da7a70000)
 tenured generation   total 6381532K, used 6378264K [0x00007f524db50000, 0x00007f53d3347000, 0x00007f5cf8600000)
   the space 6381532K,  99% used [0x00007f524db50000, 0x00007f53d3016170, 0x00007f53d3016200, 0x00007f53d3347000)
 Metaspace       used 25021K, capacity 25494K, committed 25600K, reserved 26624K
}
Event: 44697.769 GC heap after
{Heap after GC invocations=44587 (full 4):
 def new generation   total 2871744K, used 8451K [0x00007f4cf8600000, 0x00007f4dbb200000, 0x00007f524db50000)
  eden space 2552704K,   0% used [0x00007f4cf8600000, 0x00007f4cf8600000, 0x00007f4d942e0000)
  from space 319040K,   2% used [0x00007f4d942e0000, 0x00007f4d94b20c08, 0x00007f4da7a70000)
  to   space 319040K,   0% used [0x00007f4da7a70000, 0x00007f4da7a70000, 0x00007f4dbb200000)
 tenured generation   total 6381532K, used 6378822K [0x00007f524db50000, 0x00007f53d3347000, 0x00007f5cf8600000)
   the space 6381532K,  99% used [0x00007f524db50000, 0x00007f53d30a18b0, 0x00007f53d30a1a00, 0x00007f53d3347000)
 Metaspace       used 25021K, capacity 25494K, committed 25600K, reserved 26624K
}
Event: 44699.990 GC heap before
{Heap before GC invocations=44587 (full 4):
 def new generation   total 2871744K, used 2561155K [0x00007f4cf8600000, 0x00007f4dbb200000, 0x00007f524db50000)
  eden space 2552704K, 100% used [0x00007f4cf8600000, 0x00007f4d942e0000, 0x00007f4d942e0000)
  from space 319040K,   2% used [0x00007f4d942e0000, 0x00007f4d94b20c08, 0x00007f4da7a70000)
  to   space 319040K,   0% used [0x00007f4da7a70000, 0x00007f4da7a70000, 0x00007f4dbb200000)
 tenured generation   total 6381532K, used 6378822K [0x00007f524db50000, 0x00007f53d3347000, 0x00007f5cf8600000)
   the space 6381532K,  99% used [0x00007f524db50000, 0x00007f53d30a18b0, 0x00007f53d30a1a00, 0x00007f53d3347000)
 Metaspace       used 25021K, capacity 25494K, committed 25600K, reserved 26624K
}
Event: 44700.010 GC heap after
{Heap after GC invocations=44588 (full 4):
 def new generation   total 2871744K, used 8483K [0x00007f4cf8600000, 0x00007f4dbb200000, 0x00007f524db50000)
  eden space 2552704K,   0% used [0x00007f4cf8600000, 0x00007f4cf8600000, 0x00007f4d942e0000)
  from space 319040K,   2% used [0x00007f4da7a70000, 0x00007f4da82b8ec0, 0x00007f4dbb200000)
  to   space 319040K,   0% used [0x00007f4d942e0000, 0x00007f4d942e0000, 0x00007f4da7a70000)
 tenured generation   total 6381532K, used 6379379K [0x00007f524db50000, 0x00007f53d3347000, 0x00007f5cf8600000)
   the space 6381532K,  99% used [0x00007f524db50000, 0x00007f53d312cff0, 0x00007f53d312d000, 0x00007f53d3347000)
 Metaspace       used 25021K, capacity 25494K, committed 25600K, reserved 26624K
}
Event: 44702.262 GC heap before
{Heap before GC invocations=44588 (full 4):
 def new generation   total 2871744K, used 2561187K [0x00007f4cf8600000, 0x00007f4dbb200000, 0x00007f524db50000)
  eden space 2552704K, 100% used [0x00007f4cf8600000, 0x00007f4d942e0000, 0x00007f4d942e0000)
  from space 319040K,   2% used [0x00007f4da7a70000, 0x00007f4da82b8ec0, 0x00007f4dbb200000)
  to   space 319040K,   0% used [0x00007f4d942e0000, 0x00007f4d942e0000, 0x00007f4da7a70000)
 tenured generation   total 6381532K, used 6379379K [0x00007f524db50000, 0x00007f53d3347000, 0x00007f5cf8600000)
   the space 6381532K,  99% used [0x00007f524db50000, 0x00007f53d312cff0, 0x00007f53d312d000, 0x00007f53d3347000)
 Metaspace       used 25021K, capacity 25494K, committed 25600K, reserved 26624K
}
Event: 44702.282 GC heap after
{Heap after GC invocations=44589 (full 4):
 def new generation   total 2871744K, used 8481K [0x00007f4cf8600000, 0x00007f4dbb200000, 0x00007f524db50000)
  eden space 2552704K,   0% used [0x00007f4cf8600000, 0x00007f4cf8600000, 0x00007f4d942e0000)
  from space 319040K,   2% used [0x00007f4d942e0000, 0x00007f4d94b28620, 0x00007f4da7a70000)
  to   space 319040K,   0% used [0x00007f4da7a70000, 0x00007f4da7a70000, 0x00007f4dbb200000)
 tenured generation   total 6381532K, used 6379937K [0x00007f524db50000, 0x00007f53d3347000, 0x00007f5cf8600000)
   the space 6381532K,  99% used [0x00007f524db50000, 0x00007f53d31b8730, 0x00007f53d31b8800, 0x00007f53d3347000)
 Metaspace       used 25021K, capacity 25494K, committed 25600K, reserved 26624K
}
Event: 44704.492 GC heap before
{Heap before GC invocations=44589 (full 4):
 def new generation   total 2871744K, used 2561185K [0x00007f4cf8600000, 0x00007f4dbb200000, 0x00007f524db50000)
  eden space 2552704K, 100% used [0x00007f4cf8600000, 0x00007f4d942e0000, 0x00007f4d942e0000)
  from space 319040K,   2% used [0x00007f4d942e0000, 0x00007f4d94b28620, 0x00007f4da7a70000)
  to   space 319040K,   0% used [0x00007f4da7a70000, 0x00007f4da7a70000, 0x00007f4dbb200000)
 tenured generation   total 6381532K, used 6379937K [0x00007f524db50000, 0x00007f53d3347000, 0x00007f5cf8600000)
   the space 6381532K,  99% used [0x00007f524db50000, 0x00007f53d31b8730, 0x00007f53d31b8800, 0x00007f53d3347000)
 Metaspace       used 25021K, capacity 25494K, committed 25600K, reserved 26624K
}
Event: 44704.514 GC heap after
{Heap after GC invocations=44590 (full 4):
 def new generation   total 2871744K, used 8471K [0x00007f4cf8600000, 0x00007f4dbb200000, 0x00007f524db50000)
  eden space 2552704K,   0% used [0x00007f4cf8600000, 0x00007f4cf8600000, 0x00007f4d942e0000)
  from space 319040K,   2% used [0x00007f4da7a70000, 0x00007f4da82b5dc0, 0x00007f4dbb200000)
  to   space 319040K,   0% used [0x00007f4d942e0000, 0x00007f4d942e0000, 0x00007f4da7a70000)
 tenured generation   total 6381532K, used 6380495K [0x00007f524db50000, 0x00007f53d3347000, 0x00007f5cf8600000)
   the space 6381532K,  99% used [0x00007f524db50000, 0x00007f53d3243e70, 0x00007f53d3244000, 0x00007f53d3347000)
 Metaspace       used 25021K, capacity 25494K, committed 25600K, reserved 26624K
}
Event: 44706.741 GC heap before
{Heap before GC invocations=44590 (full 4):
 def new generation   total 2871744K, used 2561175K [0x00007f4cf8600000, 0x00007f4dbb200000, 0x00007f524db50000)
  eden space 2552704K, 100% used [0x00007f4cf8600000, 0x00007f4d942e0000, 0x00007f4d942e0000)
  from space 319040K,   2% used [0x00007f4da7a70000, 0x00007f4da82b5dc0, 0x00007f4dbb200000)
  to   space 319040K,   0% used [0x00007f4d942e0000, 0x00007f4d942e0000, 0x00007f4da7a70000)
 tenured generation   total 6381532K, used 6380495K [0x00007f524db50000, 0x00007f53d3347000, 0x00007f5cf8600000)
   the space 6381532K,  99% used [0x00007f524db50000, 0x00007f53d3243e70, 0x00007f53d3244000, 0x00007f53d3347000)
 Metaspace       used 25021K, capacity 25494K, committed 25600K, reserved 26624K
}
Event: 44706.763 GC heap after
{Heap after GC invocations=44591 (full 4):
 def new generation   total 2871744K, used 8475K [0x00007f4cf8600000, 0x00007f4dbb200000, 0x00007f524db50000)
  eden space 2552704K,   0% used [0x00007f4cf8600000, 0x00007f4cf8600000, 0x00007f4d942e0000)
  from space 319040K,   2% used [0x00007f4d942e0000, 0x00007f4d94b26d30, 0x00007f4da7a70000)
  to   space 319040K,   0% used [0x00007f4da7a70000, 0x00007f4da7a70000, 0x00007f4dbb200000)
 tenured generation   total 6381532K, used 6381053K [0x00007f524db50000, 0x00007f53d3347000, 0x00007f5cf8600000)
   the space 6381532K,  99% used [0x00007f524db50000, 0x00007f53d32cf5b0, 0x00007f53d32cf600, 0x00007f53d3347000)
 Metaspace       used 25021K, capacity 25494K, committed 25600K, reserved 26624K
}
Event: 44709.012 GC heap before
{Heap before GC invocations=44591 (full 4):
 def new generation   total 2871744K, used 2561179K [0x00007f4cf8600000, 0x00007f4dbb200000, 0x00007f524db50000)
  eden space 2552704K, 100% used [0x00007f4cf8600000, 0x00007f4d942e0000, 0x00007f4d942e0000)
  from space 319040K,   2% used [0x00007f4d942e0000, 0x00007f4d94b26d30, 0x00007f4da7a70000)
  to   space 319040K,   0% used [0x00007f4da7a70000, 0x00007f4da7a70000, 0x00007f4dbb200000)
 tenured generation   total 6381532K, used 6381053K [0x00007f524db50000, 0x00007f53d3347000, 0x00007f5cf8600000)
   the space 6381532K,  99% used [0x00007f524db50000, 0x00007f53d32cf5b0, 0x00007f53d32cf600, 0x00007f53d3347000)
 Metaspace       used 25021K, capacity 25494K, committed 25600K, reserved 26624K
}
Event: 44709.036 GC heap after
{Heap after GC invocations=44592 (full 4):
 def new generation   total 2871744K, used 8455K [0x00007f4cf8600000, 0x00007f4dbb200000, 0x00007f524db50000)
  eden space 2552704K,   0% used [0x00007f4cf8600000, 0x00007f4cf8600000, 0x00007f4d942e0000)
  from space 319040K,   2% used [0x00007f4da7a70000, 0x00007f4da82b1f78, 0x00007f4dbb200000)
  to   space 319040K,   0% used [0x00007f4d942e0000, 0x00007f4d942e0000, 0x00007f4da7a70000)
 tenured generation   total 6381724K, used 6381611K [0x00007f524db50000, 0x00007f53d3377000, 0x00007f5cf8600000)
   the space 6381724K,  99% used [0x00007f524db50000, 0x00007f53d335acf0, 0x00007f53d335ae00, 0x00007f53d3377000)
 Metaspace       used 25021K, capacity 25494K, committed 25600K, reserved 26624K
}
Event: 44709.036 GC heap before
{Heap before GC invocations=44592 (full 4):
 def new generation   total 2871744K, used 8455K [0x00007f4cf8600000, 0x00007f4dbb200000, 0x00007f524db50000)
  eden space 2552704K,   0% used [0x00007f4cf8600000, 0x00007f4cf8600000, 0x00007f4d942e0000)
  from space 319040K,   2% used [0x00007f4da7a70000, 0x00007f4da82b1f78, 0x00007f4dbb200000)
  to   space 319040K,   0% used [0x00007f4d942e0000, 0x00007f4d942e0000, 0x00007f4da7a70000)
 tenured generation   total 6381724K, used 6381611K [0x00007f524db50000, 0x00007f53d3377000, 0x00007f5cf8600000)
   the space 6381724K,  99% used [0x00007f524db50000, 0x00007f53d335acf0, 0x00007f53d335ae00, 0x00007f53d3377000)
 Metaspace       used 25021K, capacity 25494K, committed 25600K, reserved 26624K
}

