# JRE version: OpenJDK Runtime Environment (13.0.7+5) (build 13.0.7+5-Ubuntu-0ubuntu120.04)
# Java VM: OpenJDK 64-Bit Server VM (13.0.7+5-Ubuntu-0ubuntu120.04, mixed mode, tiered, serial gc, linux-amd64)
Heap:
 def new generation   total 2863872K, used 5078K [0x00007f4df8600000, 0x00007f4eba970000, 0x00007f534db50000)
  eden space 2545728K,   0% used [0x00007f4df8600000, 0x00007f4df8af5bf8, 0x00007f4e93c10000)
  from space 318144K,   0% used [0x00007f4ea72c0000, 0x00007f4ea72c0000, 0x00007f4eba970000)
  to   space 318144K,   0% used [0x00007f4e93c10000, 0x00007f4e93c10000, 0x00007f4ea72c0000)
 tenured generation   total 6364168K, used 6364167K [0x00007f534db50000, 0x00007f54d2252000, 0x00007f5df8600000)
   the space 6364168K,  99% used [0x00007f534db50000, 0x00007f54d2251ff8, 0x00007f54d2252000, 0x00007f54d2252000)
 Metaspace       used 24999K, capacity 25511K, committed 25600K, reserved 26624K
GC Heap History (20 events):
Event: 48197.873 GC heap after
{Heap after GC invocations=67662 (full 4):
 def new generation   total 2863872K, used 5071K [0x00007f4df8600000, 0x00007f4eba970000, 0x00007f534db50000)
  eden space 2545728K,   0% used [0x00007f4df8600000, 0x00007f4df8600000, 0x00007f4e93c10000)
  from space 318144K,   1% used [0x00007f4e93c10000, 0x00007f4e94103d40, 0x00007f4ea72c0000)
  to   space 318144K,   0% used [0x00007f4ea72c0000, 0x00007f4ea72c0000, 0x00007f4eba970000)
 tenured generation   total 6363976K, used 6361124K [0x00007f534db50000, 0x00007f54d2222000, 0x00007f5df8600000)
   the space 6363976K,  99% used [0x00007f534db50000, 0x00007f54d1f59270, 0x00007f54d1f59400, 0x00007f54d2222000)
 Metaspace       used 24999K, capacity 25511K, committed 25600K, reserved 26624K
}
Event: 48199.436 GC heap before
{Heap before GC invocations=67662 (full 4):
 def new generation   total 2863872K, used 2550799K [0x00007f4df8600000, 0x00007f4eba970000, 0x00007f534db50000)
  eden space 2545728K, 100% used [0x00007f4df8600000, 0x00007f4e93c10000, 0x00007f4e93c10000)
  from space 318144K,   1% used [0x00007f4e93c10000, 0x00007f4e94103d40, 0x00007f4ea72c0000)
  to   space 318144K,   0% used [0x00007f4ea72c0000, 0x00007f4ea72c0000, 0x00007f4eba970000)
 tenured generation   total 6363976K, used 6361124K [0x00007f534db50000, 0x00007f54d2222000, 0x00007f5df8600000)
   the space 6363976K,  99% used [0x00007f534db50000, 0x00007f54d1f59270, 0x00007f54d1f59400, 0x00007f54d2222000)
 Metaspace       used 24999K, capacity 25511K, committed 25600K, reserved 26624K
}
Event: 48199.444 GC heap after
{Heap after GC invocations=67663 (full 4):
 def new generation   total 2863872K, used 5156K [0x00007f4df8600000, 0x00007f4eba970000, 0x00007f534db50000)
  eden space 2545728K,   0% used [0x00007f4df8600000, 0x00007f4df8600000, 0x00007f4e93c10000)
  from space 318144K,   1% used [0x00007f4ea72c0000, 0x00007f4ea77c92d8, 0x00007f4eba970000)
  to   space 318144K,   0% used [0x00007f4e93c10000, 0x00007f4e93c10000, 0x00007f4ea72c0000)
 tenured generation   total 6363976K, used 6361443K [0x00007f534db50000, 0x00007f54d2222000, 0x00007f5df8600000)
   the space 6363976K,  99% used [0x00007f534db50000, 0x00007f54d1fa8c08, 0x00007f54d1fa8e00, 0x00007f54d2222000)
 Metaspace       used 24999K, capacity 25511K, committed 25600K, reserved 26624K
}
Event: 48201.002 GC heap before
{Heap before GC invocations=67663 (full 4):
 def new generation   total 2863872K, used 2550884K [0x00007f4df8600000, 0x00007f4eba970000, 0x00007f534db50000)
  eden space 2545728K, 100% used [0x00007f4df8600000, 0x00007f4e93c10000, 0x00007f4e93c10000)
  from space 318144K,   1% used [0x00007f4ea72c0000, 0x00007f4ea77c92d8, 0x00007f4eba970000)
  to   space 318144K,   0% used [0x00007f4e93c10000, 0x00007f4e93c10000, 0x00007f4ea72c0000)
 tenured generation   total 6363976K, used 6361443K [0x00007f534db50000, 0x00007f54d2222000, 0x00007f5df8600000)
   the space 6363976K,  99% used [0x00007f534db50000, 0x00007f54d1fa8c08, 0x00007f54d1fa8e00, 0x00007f54d2222000)
 Metaspace       used 24999K, capacity 25511K, committed 25600K, reserved 26624K
}
Event: 48201.013 GC heap after
{Heap after GC invocations=67664 (full 4):
 def new generation   total 2863872K, used 5121K [0x00007f4df8600000, 0x00007f4eba970000, 0x00007f534db50000)
  eden space 2545728K,   0% used [0x00007f4df8600000, 0x00007f4df8600000, 0x00007f4e93c10000)
  from space 318144K,   1% used [0x00007f4e93c10000, 0x00007f4e941107b0, 0x00007f4ea72c0000)
  to   space 318144K,   0% used [0x00007f4ea72c0000, 0x00007f4ea72c0000, 0x00007f4eba970000)
 tenured generation   total 6363976K, used 6361785K [0x00007f534db50000, 0x00007f54d2222000, 0x00007f5df8600000)
   the space 6363976K,  99% used [0x00007f534db50000, 0x00007f54d1ffe798, 0x00007f54d1ffe800, 0x00007f54d2222000)
 Metaspace       used 24999K, capacity 25511K, committed 25600K, reserved 26624K
}
Event: 48202.574 GC heap before
{Heap before GC invocations=67664 (full 4):
 def new generation   total 2863872K, used 2550849K [0x00007f4df8600000, 0x00007f4eba970000, 0x00007f534db50000)
  eden space 2545728K, 100% used [0x00007f4df8600000, 0x00007f4e93c10000, 0x00007f4e93c10000)
  from space 318144K,   1% used [0x00007f4e93c10000, 0x00007f4e941107b0, 0x00007f4ea72c0000)
  to   space 318144K,   0% used [0x00007f4ea72c0000, 0x00007f4ea72c0000, 0x00007f4eba970000)
 tenured generation   total 6363976K, used 6361785K [0x00007f534db50000, 0x00007f54d2222000, 0x00007f5df8600000)
   the space 6363976K,  99% used [0x00007f534db50000, 0x00007f54d1ffe798, 0x00007f54d1ffe800, 0x00007f54d2222000)
 Metaspace       used 24999K, capacity 25511K, committed 25600K, reserved 26624K
}
Event: 48202.582 GC heap after
{Heap after GC invocations=67665 (full 4):
 def new generation   total 2863872K, used 5079K [0x00007f4df8600000, 0x00007f4eba970000, 0x00007f534db50000)
  eden space 2545728K,   0% used [0x00007f4df8600000, 0x00007f4df8600000, 0x00007f4e93c10000)
  from space 318144K,   1% used [0x00007f4ea72c0000, 0x00007f4ea77b5d78, 0x00007f4eba970000)
  to   space 318144K,   0% used [0x00007f4e93c10000, 0x00007f4e93c10000, 0x00007f4ea72c0000)
 tenured generation   total 6363976K, used 6362128K [0x00007f534db50000, 0x00007f54d2222000, 0x00007f5df8600000)
   the space 6363976K,  99% used [0x00007f534db50000, 0x00007f54d2054328, 0x00007f54d2054400, 0x00007f54d2222000)
 Metaspace       used 24999K, capacity 25511K, committed 25600K, reserved 26624K
}
Event: 48204.128 GC heap before
{Heap before GC invocations=67665 (full 4):
 def new generation   total 2863872K, used 2550807K [0x00007f4df8600000, 0x00007f4eba970000, 0x00007f534db50000)
  eden space 2545728K, 100% used [0x00007f4df8600000, 0x00007f4e93c10000, 0x00007f4e93c10000)
  from space 318144K,   1% used [0x00007f4ea72c0000, 0x00007f4ea77b5d78, 0x00007f4eba970000)
  to   space 318144K,   0% used [0x00007f4e93c10000, 0x00007f4e93c10000, 0x00007f4ea72c0000)
 tenured generation   total 6363976K, used 6362128K [0x00007f534db50000, 0x00007f54d2222000, 0x00007f5df8600000)
   the space 6363976K,  99% used [0x00007f534db50000, 0x00007f54d2054328, 0x00007f54d2054400, 0x00007f54d2222000)
 Metaspace       used 24999K, capacity 25511K, committed 25600K, reserved 26624K
}
Event: 48204.137 GC heap after
{Heap after GC invocations=67666 (full 4):
 def new generation   total 2863872K, used 5152K [0x00007f4df8600000, 0x00007f4eba970000, 0x00007f534db50000)
  eden space 2545728K,   0% used [0x00007f4df8600000, 0x00007f4df8600000, 0x00007f4e93c10000)
  from space 318144K,   1% used [0x00007f4e93c10000, 0x00007f4e941182d0, 0x00007f4ea72c0000)
  to   space 318144K,   0% used [0x00007f4ea72c0000, 0x00007f4ea72c0000, 0x00007f4eba970000)
 tenured generation   total 6363976K, used 6362447K [0x00007f534db50000, 0x00007f54d2222000, 0x00007f5df8600000)
   the space 6363976K,  99% used [0x00007f534db50000, 0x00007f54d20a3cc0, 0x00007f54d20a3e00, 0x00007f54d2222000)
 Metaspace       used 24999K, capacity 25511K, committed 25600K, reserved 26624K
}
Event: 48205.690 GC heap before
{Heap before GC invocations=67666 (full 4):
 def new generation   total 2863872K, used 2550880K [0x00007f4df8600000, 0x00007f4eba970000, 0x00007f534db50000)
  eden space 2545728K, 100% used [0x00007f4df8600000, 0x00007f4e93c10000, 0x00007f4e93c10000)
  from space 318144K,   1% used [0x00007f4e93c10000, 0x00007f4e941182d0, 0x00007f4ea72c0000)
  to   space 318144K,   0% used [0x00007f4ea72c0000, 0x00007f4ea72c0000, 0x00007f4eba970000)
 tenured generation   total 6363976K, used 6362447K [0x00007f534db50000, 0x00007f54d2222000, 0x00007f5df8600000)
   the space 6363976K,  99% used [0x00007f534db50000, 0x00007f54d20a3cc0, 0x00007f54d20a3e00, 0x00007f54d2222000)
 Metaspace       used 24999K, capacity 25511K, committed 25600K, reserved 26624K
}
Event: 48205.699 GC heap after
{Heap after GC invocations=67667 (full 4):
 def new generation   total 2863872K, used 5111K [0x00007f4df8600000, 0x00007f4eba970000, 0x00007f534db50000)
  eden space 2545728K,   0% used [0x00007f4df8600000, 0x00007f4df8600000, 0x00007f4e93c10000)
  from space 318144K,   1% used [0x00007f4ea72c0000, 0x00007f4ea77bdd40, 0x00007f4eba970000)
  to   space 318144K,   0% used [0x00007f4e93c10000, 0x00007f4e93c10000, 0x00007f4ea72c0000)
 tenured generation   total 6363976K, used 6362790K [0x00007f534db50000, 0x00007f54d2222000, 0x00007f5df8600000)
   the space 6363976K,  99% used [0x00007f534db50000, 0x00007f54d20f9850, 0x00007f54d20f9a00, 0x00007f54d2222000)
 Metaspace       used 24999K, capacity 25511K, committed 25600K, reserved 26624K
}
Event: 48207.268 GC heap before
{Heap before GC invocations=67667 (full 4):
 def new generation   total 2863872K, used 2550839K [0x00007f4df8600000, 0x00007f4eba970000, 0x00007f534db50000)
  eden space 2545728K, 100% used [0x00007f4df8600000, 0x00007f4e93c10000, 0x00007f4e93c10000)
  from space 318144K,   1% used [0x00007f4ea72c0000, 0x00007f4ea77bdd40, 0x00007f4eba970000)
  to   space 318144K,   0% used [0x00007f4e93c10000, 0x00007f4e93c10000, 0x00007f4ea72c0000)
 tenured generation   total 6363976K, used 6362790K [0x00007f534db50000, 0x00007f54d2222000, 0x00007f5df8600000)
   the space 6363976K,  99% used [0x00007f534db50000, 0x00007f54d20f9850, 0x00007f54d20f9a00, 0x00007f54d2222000)
 Metaspace       used 24999K, capacity 25511K, committed 25600K, reserved 26624K
}
Event: 48207.276 GC heap after
{Heap after GC invocations=67668 (full 4):
 def new generation   total 2863872K, used 5084K [0x00007f4df8600000, 0x00007f4eba970000, 0x00007f534db50000)
  eden space 2545728K,   0% used [0x00007f4df8600000, 0x00007f4df8600000, 0x00007f4e93c10000)
  from space 318144K,   1% used [0x00007f4e93c10000, 0x00007f4e94107000, 0x00007f4ea72c0000)
  to   space 318144K,   0% used [0x00007f4ea72c0000, 0x00007f4ea72c0000, 0x00007f4eba970000)
 tenured generation   total 6363976K, used 6363132K [0x00007f534db50000, 0x00007f54d2222000, 0x00007f5df8600000)
   the space 6363976K,  99% used [0x00007f534db50000, 0x00007f54d214f3e0, 0x00007f54d214f400, 0x00007f54d2222000)
 Metaspace       used 24999K, capacity 25511K, committed 25600K, reserved 26624K
}
Event: 48208.902 GC heap before
{Heap before GC invocations=67668 (full 4):
 def new generation   total 2863872K, used 2550812K [0x00007f4df8600000, 0x00007f4eba970000, 0x00007f534db50000)
  eden space 2545728K, 100% used [0x00007f4df8600000, 0x00007f4e93c10000, 0x00007f4e93c10000)
  from space 318144K,   1% used [0x00007f4e93c10000, 0x00007f4e94107000, 0x00007f4ea72c0000)
  to   space 318144K,   0% used [0x00007f4ea72c0000, 0x00007f4ea72c0000, 0x00007f4eba970000)
 tenured generation   total 6363976K, used 6363132K [0x00007f534db50000, 0x00007f54d2222000, 0x00007f5df8600000)
   the space 6363976K,  99% used [0x00007f534db50000, 0x00007f54d214f3e0, 0x00007f54d214f400, 0x00007f54d2222000)
 Metaspace       used 24999K, capacity 25511K, committed 25600K, reserved 26624K
}
Event: 48208.911 GC heap after
{Heap after GC invocations=67669 (full 4):
 def new generation   total 2863872K, used 5159K [0x00007f4df8600000, 0x00007f4eba970000, 0x00007f534db50000)
  eden space 2545728K,   0% used [0x00007f4df8600000, 0x00007f4df8600000, 0x00007f4e93c10000)
  from space 318144K,   1% used [0x00007f4ea72c0000, 0x00007f4ea77c9cc8, 0x00007f4eba970000)
  to   space 318144K,   0% used [0x00007f4e93c10000, 0x00007f4e93c10000, 0x00007f4ea72c0000)
 tenured generation   total 6363976K, used 6363451K [0x00007f534db50000, 0x00007f54d2222000, 0x00007f5df8600000)
   the space 6363976K,  99% used [0x00007f534db50000, 0x00007f54d219ed78, 0x00007f54d219ee00, 0x00007f54d2222000)
 Metaspace       used 24999K, capacity 25511K, committed 25600K, reserved 26624K
}
Event: 48210.544 GC heap before
{Heap before GC invocations=67669 (full 4):
 def new generation   total 2863872K, used 2550887K [0x00007f4df8600000, 0x00007f4eba970000, 0x00007f534db50000)
  eden space 2545728K, 100% used [0x00007f4df8600000, 0x00007f4e93c10000, 0x00007f4e93c10000)
  from space 318144K,   1% used [0x00007f4ea72c0000, 0x00007f4ea77c9cc8, 0x00007f4eba970000)
  to   space 318144K,   0% used [0x00007f4e93c10000, 0x00007f4e93c10000, 0x00007f4ea72c0000)
 tenured generation   total 6363976K, used 6363451K [0x00007f534db50000, 0x00007f54d2222000, 0x00007f5df8600000)
   the space 6363976K,  99% used [0x00007f534db50000, 0x00007f54d219ed78, 0x00007f54d219ee00, 0x00007f54d2222000)
 Metaspace       used 24999K, capacity 25511K, committed 25600K, reserved 26624K
}
Event: 48210.553 GC heap after
{Heap after GC invocations=67670 (full 4):
 def new generation   total 2863872K, used 5119K [0x00007f4df8600000, 0x00007f4eba970000, 0x00007f534db50000)
  eden space 2545728K,   0% used [0x00007f4df8600000, 0x00007f4df8600000, 0x00007f4e93c10000)
  from space 318144K,   1% used [0x00007f4e93c10000, 0x00007f4e9410fe90, 0x00007f4ea72c0000)
  to   space 318144K,   0% used [0x00007f4ea72c0000, 0x00007f4ea72c0000, 0x00007f4eba970000)
 tenured generation   total 6363976K, used 6363794K [0x00007f534db50000, 0x00007f54d2222000, 0x00007f5df8600000)
   the space 6363976K,  99% used [0x00007f534db50000, 0x00007f54d21f4908, 0x00007f54d21f4a00, 0x00007f54d2222000)
 Metaspace       used 24999K, capacity 25511K, committed 25600K, reserved 26624K
}
Event: 48212.068 GC heap before
{Heap before GC invocations=67670 (full 4):
 def new generation   total 2863872K, used 2550847K [0x00007f4df8600000, 0x00007f4eba970000, 0x00007f534db50000)
  eden space 2545728K, 100% used [0x00007f4df8600000, 0x00007f4e93c10000, 0x00007f4e93c10000)
  from space 318144K,   1% used [0x00007f4e93c10000, 0x00007f4e9410fe90, 0x00007f4ea72c0000)
  to   space 318144K,   0% used [0x00007f4ea72c0000, 0x00007f4ea72c0000, 0x00007f4eba970000)
 tenured generation   total 6363976K, used 6363794K [0x00007f534db50000, 0x00007f54d2222000, 0x00007f5df8600000)
   the space 6363976K,  99% used [0x00007f534db50000, 0x00007f54d21f4908, 0x00007f54d21f4a00, 0x00007f54d2222000)
 Metaspace       used 24999K, capacity 25511K, committed 25600K, reserved 26624K
}
Event: 48212.078 GC heap after
{Heap after GC invocations=67671 (full 4):
 def new generation   total 2863872K, used 5234K [0x00007f4df8600000, 0x00007f4eba970000, 0x00007f534db50000)
  eden space 2545728K,   0% used [0x00007f4df8600000, 0x00007f4df8600000, 0x00007f4e93c10000)
  from space 318144K,   1% used [0x00007f4ea72c0000, 0x00007f4ea77dcb30, 0x00007f4eba970000)
  to   space 318144K,   0% used [0x00007f4e93c10000, 0x00007f4e93c10000, 0x00007f4ea72c0000)
 tenured generation   total 6364168K, used 6364137K [0x00007f534db50000, 0x00007f54d2252000, 0x00007f5df8600000)
   the space 6364168K,  99% used [0x00007f534db50000, 0x00007f54d224a498, 0x00007f54d224a600, 0x00007f54d2252000)
 Metaspace       used 24999K, capacity 25511K, committed 25600K, reserved 26624K
}
Event: 48212.078 GC heap before
{Heap before GC invocations=67671 (full 4):
 def new generation   total 2863872K, used 5234K [0x00007f4df8600000, 0x00007f4eba970000, 0x00007f534db50000)
  eden space 2545728K,   0% used [0x00007f4df8600000, 0x00007f4df8600000, 0x00007f4e93c10000)
  from space 318144K,   1% used [0x00007f4ea72c0000, 0x00007f4ea77dcb30, 0x00007f4eba970000)
  to   space 318144K,   0% used [0x00007f4e93c10000, 0x00007f4e93c10000, 0x00007f4ea72c0000)
 tenured generation   total 6364168K, used 6364137K [0x00007f534db50000, 0x00007f54d2252000, 0x00007f5df8600000)
   the space 6364168K,  99% used [0x00007f534db50000, 0x00007f54d224a498, 0x00007f54d224a600, 0x00007f54d2252000)
 Metaspace       used 24999K, capacity 25511K, committed 25600K, reserved 26624K
}

