# JRE version: OpenJDK Runtime Environment (13.0.7+5) (build 13.0.7+5-Ubuntu-0ubuntu120.04)
# Java VM: OpenJDK 64-Bit Server VM (13.0.7+5-Ubuntu-0ubuntu120.04, mixed mode, tiered, serial gc, linux-amd64)
Heap:
 def new generation   total 2886848K, used 14490K [0x00007efa64600000, 0x00007efb28260000, 0x00007effb9b50000)
  eden space 2566144K,   0% used [0x00007efa64600000, 0x00007efa65426a40, 0x00007efb01000000)
  from space 320704K,   0% used [0x00007efb14930000, 0x00007efb14930000, 0x00007efb28260000)
  to   space 320704K,   0% used [0x00007efb01000000, 0x00007efb01000000, 0x00007efb14930000)
 tenured generation   total 6415856K, used 6415855K [0x00007effb9b50000, 0x00007f01414cc000, 0x00007f0a64600000)
   the space 6415856K,  99% used [0x00007effb9b50000, 0x00007f01414cbfc0, 0x00007f01414cc000, 0x00007f01414cc000)
 Metaspace       used 25050K, capacity 25568K, committed 25856K, reserved 26624K
GC Heap History (20 events):
Event: 18342.201 GC heap after
{Heap after GC invocations=27020 (full 4):
 def new generation   total 2886848K, used 14669K [0x00007efa64600000, 0x00007efb28260000, 0x00007effb9b50000)
  eden space 2566144K,   0% used [0x00007efa64600000, 0x00007efa64600000, 0x00007efb01000000)
  from space 320704K,   4% used [0x00007efb01000000, 0x00007efb01e53458, 0x00007efb14930000)
  to   space 320704K,   0% used [0x00007efb14930000, 0x00007efb14930000, 0x00007efb28260000)
 tenured generation   total 6415088K, used 6406960K [0x00007effb9b50000, 0x00007f014140c000, 0x00007f0a64600000)
   the space 6415088K,  99% used [0x00007effb9b50000, 0x00007f0140c1c278, 0x00007f0140c1c400, 0x00007f014140c000)
 Metaspace       used 25050K, capacity 25568K, committed 25856K, reserved 26624K
}
Event: 18343.733 GC heap before
{Heap before GC invocations=27020 (full 4):
 def new generation   total 2886848K, used 2580813K [0x00007efa64600000, 0x00007efb28260000, 0x00007effb9b50000)
  eden space 2566144K, 100% used [0x00007efa64600000, 0x00007efb01000000, 0x00007efb01000000)
  from space 320704K,   4% used [0x00007efb01000000, 0x00007efb01e53458, 0x00007efb14930000)
  to   space 320704K,   0% used [0x00007efb14930000, 0x00007efb14930000, 0x00007efb28260000)
 tenured generation   total 6415088K, used 6406960K [0x00007effb9b50000, 0x00007f014140c000, 0x00007f0a64600000)
   the space 6415088K,  99% used [0x00007effb9b50000, 0x00007f0140c1c278, 0x00007f0140c1c400, 0x00007f014140c000)
 Metaspace       used 25050K, capacity 25568K, committed 25856K, reserved 26624K
}
Event: 18343.761 GC heap after
{Heap after GC invocations=27021 (full 4):
 def new generation   total 2886848K, used 14674K [0x00007efa64600000, 0x00007efb28260000, 0x00007effb9b50000)
  eden space 2566144K,   0% used [0x00007efa64600000, 0x00007efa64600000, 0x00007efb01000000)
  from space 320704K,   4% used [0x00007efb14930000, 0x00007efb15784a70, 0x00007efb28260000)
  to   space 320704K,   0% used [0x00007efb01000000, 0x00007efb01000000, 0x00007efb14930000)
 tenured generation   total 6415088K, used 6407926K [0x00007effb9b50000, 0x00007f014140c000, 0x00007f0a64600000)
   the space 6415088K,  99% used [0x00007effb9b50000, 0x00007f0140d0d970, 0x00007f0140d0da00, 0x00007f014140c000)
 Metaspace       used 25050K, capacity 25568K, committed 25856K, reserved 26624K
}
Event: 18345.338 GC heap before
{Heap before GC invocations=27021 (full 4):
 def new generation   total 2886848K, used 2580818K [0x00007efa64600000, 0x00007efb28260000, 0x00007effb9b50000)
  eden space 2566144K, 100% used [0x00007efa64600000, 0x00007efb01000000, 0x00007efb01000000)
  from space 320704K,   4% used [0x00007efb14930000, 0x00007efb15784a70, 0x00007efb28260000)
  to   space 320704K,   0% used [0x00007efb01000000, 0x00007efb01000000, 0x00007efb14930000)
 tenured generation   total 6415088K, used 6407926K [0x00007effb9b50000, 0x00007f014140c000, 0x00007f0a64600000)
   the space 6415088K,  99% used [0x00007effb9b50000, 0x00007f0140d0d970, 0x00007f0140d0da00, 0x00007f014140c000)
 Metaspace       used 25050K, capacity 25568K, committed 25856K, reserved 26624K
}
Event: 18345.361 GC heap after
{Heap after GC invocations=27022 (full 4):
 def new generation   total 2886848K, used 14604K [0x00007efa64600000, 0x00007efb28260000, 0x00007effb9b50000)
  eden space 2566144K,   0% used [0x00007efa64600000, 0x00007efa64600000, 0x00007efb01000000)
  from space 320704K,   4% used [0x00007efb01000000, 0x00007efb01e43068, 0x00007efb14930000)
  to   space 320704K,   0% used [0x00007efb14930000, 0x00007efb14930000, 0x00007efb28260000)
 tenured generation   total 6415088K, used 6408919K [0x00007effb9b50000, 0x00007f014140c000, 0x00007f0a64600000)
   the space 6415088K,  99% used [0x00007effb9b50000, 0x00007f0140e05fe0, 0x00007f0140e06000, 0x00007f014140c000)
 Metaspace       used 25050K, capacity 25568K, committed 25856K, reserved 26624K
}
Event: 18346.915 GC heap before
{Heap before GC invocations=27022 (full 4):
 def new generation   total 2886848K, used 2580748K [0x00007efa64600000, 0x00007efb28260000, 0x00007effb9b50000)
  eden space 2566144K, 100% used [0x00007efa64600000, 0x00007efb01000000, 0x00007efb01000000)
  from space 320704K,   4% used [0x00007efb01000000, 0x00007efb01e43068, 0x00007efb14930000)
  to   space 320704K,   0% used [0x00007efb14930000, 0x00007efb14930000, 0x00007efb28260000)
 tenured generation   total 6415088K, used 6408919K [0x00007effb9b50000, 0x00007f014140c000, 0x00007f0a64600000)
   the space 6415088K,  99% used [0x00007effb9b50000, 0x00007f0140e05fe0, 0x00007f0140e06000, 0x00007f014140c000)
 Metaspace       used 25050K, capacity 25568K, committed 25856K, reserved 26624K
}
Event: 18346.947 GC heap after
{Heap after GC invocations=27023 (full 4):
 def new generation   total 2886848K, used 14622K [0x00007efa64600000, 0x00007efb28260000, 0x00007effb9b50000)
  eden space 2566144K,   0% used [0x00007efa64600000, 0x00007efa64600000, 0x00007efb01000000)
  from space 320704K,   4% used [0x00007efb14930000, 0x00007efb15777aa0, 0x00007efb28260000)
  to   space 320704K,   0% used [0x00007efb01000000, 0x00007efb01000000, 0x00007efb14930000)
 tenured generation   total 6415088K, used 6409885K [0x00007effb9b50000, 0x00007f014140c000, 0x00007f0a64600000)
   the space 6415088K,  99% used [0x00007effb9b50000, 0x00007f0140ef76d8, 0x00007f0140ef7800, 0x00007f014140c000)
 Metaspace       used 25050K, capacity 25568K, committed 25856K, reserved 26624K
}
Event: 18348.530 GC heap before
{Heap before GC invocations=27023 (full 4):
 def new generation   total 2886848K, used 2580766K [0x00007efa64600000, 0x00007efb28260000, 0x00007effb9b50000)
  eden space 2566144K, 100% used [0x00007efa64600000, 0x00007efb01000000, 0x00007efb01000000)
  from space 320704K,   4% used [0x00007efb14930000, 0x00007efb15777aa0, 0x00007efb28260000)
  to   space 320704K,   0% used [0x00007efb01000000, 0x00007efb01000000, 0x00007efb14930000)
 tenured generation   total 6415088K, used 6409885K [0x00007effb9b50000, 0x00007f014140c000, 0x00007f0a64600000)
   the space 6415088K,  99% used [0x00007effb9b50000, 0x00007f0140ef76d8, 0x00007f0140ef7800, 0x00007f014140c000)
 Metaspace       used 25050K, capacity 25568K, committed 25856K, reserved 26624K
}
Event: 18348.555 GC heap after
{Heap after GC invocations=27024 (full 4):
 def new generation   total 2886848K, used 14586K [0x00007efa64600000, 0x00007efb28260000, 0x00007effb9b50000)
  eden space 2566144K,   0% used [0x00007efa64600000, 0x00007efa64600000, 0x00007efb01000000)
  from space 320704K,   4% used [0x00007efb01000000, 0x00007efb01e3e890, 0x00007efb14930000)
  to   space 320704K,   0% used [0x00007efb14930000, 0x00007efb14930000, 0x00007efb28260000)
 tenured generation   total 6415088K, used 6410875K [0x00007effb9b50000, 0x00007f014140c000, 0x00007f0a64600000)
   the space 6415088K,  99% used [0x00007effb9b50000, 0x00007f0140feec08, 0x00007f0140feee00, 0x00007f014140c000)
 Metaspace       used 25050K, capacity 25568K, committed 25856K, reserved 26624K
}
Event: 18350.145 GC heap before
{Heap before GC invocations=27024 (full 4):
 def new generation   total 2886848K, used 2580730K [0x00007efa64600000, 0x00007efb28260000, 0x00007effb9b50000)
  eden space 2566144K, 100% used [0x00007efa64600000, 0x00007efb01000000, 0x00007efb01000000)
  from space 320704K,   4% used [0x00007efb01000000, 0x00007efb01e3e890, 0x00007efb14930000)
  to   space 320704K,   0% used [0x00007efb14930000, 0x00007efb14930000, 0x00007efb28260000)
 tenured generation   total 6415088K, used 6410875K [0x00007effb9b50000, 0x00007f014140c000, 0x00007f0a64600000)
   the space 6415088K,  99% used [0x00007effb9b50000, 0x00007f0140feec08, 0x00007f0140feee00, 0x00007f014140c000)
 Metaspace       used 25050K, capacity 25568K, committed 25856K, reserved 26624K
}
Event: 18350.168 GC heap after
{Heap after GC invocations=27025 (full 4):
 def new generation   total 2886848K, used 14663K [0x00007efa64600000, 0x00007efb28260000, 0x00007effb9b50000)
  eden space 2566144K,   0% used [0x00007efa64600000, 0x00007efa64600000, 0x00007efb01000000)
  from space 320704K,   4% used [0x00007efb14930000, 0x00007efb15781ec8, 0x00007efb28260000)
  to   space 320704K,   0% used [0x00007efb01000000, 0x00007efb01000000, 0x00007efb14930000)
 tenured generation   total 6415088K, used 6411793K [0x00007effb9b50000, 0x00007f014140c000, 0x00007f0a64600000)
   the space 6415088K,  99% used [0x00007effb9b50000, 0x00007f01410d45e0, 0x00007f01410d4600, 0x00007f014140c000)
 Metaspace       used 25050K, capacity 25568K, committed 25856K, reserved 26624K
}
Event: 18351.740 GC heap before
{Heap before GC invocations=27025 (full 4):
 def new generation   total 2886848K, used 2580807K [0x00007efa64600000, 0x00007efb28260000, 0x00007effb9b50000)
  eden space 2566144K, 100% used [0x00007efa64600000, 0x00007efb01000000, 0x00007efb01000000)
  from space 320704K,   4% used [0x00007efb14930000, 0x00007efb15781ec8, 0x00007efb28260000)
  to   space 320704K,   0% used [0x00007efb01000000, 0x00007efb01000000, 0x00007efb14930000)
 tenured generation   total 6415088K, used 6411793K [0x00007effb9b50000, 0x00007f014140c000, 0x00007f0a64600000)
   the space 6415088K,  99% used [0x00007effb9b50000, 0x00007f01410d45e0, 0x00007f01410d4600, 0x00007f014140c000)
 Metaspace       used 25050K, capacity 25568K, committed 25856K, reserved 26624K
}
Event: 18351.769 GC heap after
{Heap after GC invocations=27026 (full 4):
 def new generation   total 2886848K, used 14658K [0x00007efa64600000, 0x00007efb28260000, 0x00007effb9b50000)
  eden space 2566144K,   0% used [0x00007efa64600000, 0x00007efa64600000, 0x00007efb01000000)
  from space 320704K,   4% used [0x00007efb01000000, 0x00007efb01e50af0, 0x00007efb14930000)
  to   space 320704K,   0% used [0x00007efb14930000, 0x00007efb14930000, 0x00007efb28260000)
 tenured generation   total 6415088K, used 6412759K [0x00007effb9b50000, 0x00007f014140c000, 0x00007f0a64600000)
   the space 6415088K,  99% used [0x00007effb9b50000, 0x00007f01411c5cd8, 0x00007f01411c5e00, 0x00007f014140c000)
 Metaspace       used 25050K, capacity 25568K, committed 25856K, reserved 26624K
}
Event: 18353.287 GC heap before
{Heap before GC invocations=27026 (full 4):
 def new generation   total 2886848K, used 2580802K [0x00007efa64600000, 0x00007efb28260000, 0x00007effb9b50000)
  eden space 2566144K, 100% used [0x00007efa64600000, 0x00007efb01000000, 0x00007efb01000000)
  from space 320704K,   4% used [0x00007efb01000000, 0x00007efb01e50af0, 0x00007efb14930000)
  to   space 320704K,   0% used [0x00007efb14930000, 0x00007efb14930000, 0x00007efb28260000)
 tenured generation   total 6415088K, used 6412759K [0x00007effb9b50000, 0x00007f014140c000, 0x00007f0a64600000)
   the space 6415088K,  99% used [0x00007effb9b50000, 0x00007f01411c5cd8, 0x00007f01411c5e00, 0x00007f014140c000)
 Metaspace       used 25050K, capacity 25568K, committed 25856K, reserved 26624K
}
Event: 18353.312 GC heap after
{Heap after GC invocations=27027 (full 4):
 def new generation   total 2886848K, used 14679K [0x00007efa64600000, 0x00007efb28260000, 0x00007effb9b50000)
  eden space 2566144K,   0% used [0x00007efa64600000, 0x00007efa64600000, 0x00007efb01000000)
  from space 320704K,   4% used [0x00007efb14930000, 0x00007efb15785f50, 0x00007efb28260000)
  to   space 320704K,   0% used [0x00007efb01000000, 0x00007efb01000000, 0x00007efb14930000)
 tenured generation   total 6415088K, used 6413724K [0x00007effb9b50000, 0x00007f014140c000, 0x00007f0a64600000)
   the space 6415088K,  99% used [0x00007effb9b50000, 0x00007f01412b73d0, 0x00007f01412b7400, 0x00007f014140c000)
 Metaspace       used 25050K, capacity 25568K, committed 25856K, reserved 26624K
}
Event: 18354.810 GC heap before
{Heap before GC invocations=27027 (full 4):
 def new generation   total 2886848K, used 2580823K [0x00007efa64600000, 0x00007efb28260000, 0x00007effb9b50000)
  eden space 2566144K, 100% used [0x00007efa64600000, 0x00007efb01000000, 0x00007efb01000000)
  from space 320704K,   4% used [0x00007efb14930000, 0x00007efb15785f50, 0x00007efb28260000)
  to   space 320704K,   0% used [0x00007efb01000000, 0x00007efb01000000, 0x00007efb14930000)
 tenured generation   total 6415088K, used 6413724K [0x00007effb9b50000, 0x00007f014140c000, 0x00007f0a64600000)
   the space 6415088K,  99% used [0x00007effb9b50000, 0x00007f01412b73d0, 0x00007f01412b7400, 0x00007f014140c000)
 Metaspace       used 25050K, capacity 25568K, committed 25856K, reserved 26624K
}
Event: 18354.838 GC heap after
{Heap after GC invocations=27028 (full 4):
 def new generation   total 2886848K, used 14664K [0x00007efa64600000, 0x00007efb28260000, 0x00007effb9b50000)
  eden space 2566144K,   0% used [0x00007efa64600000, 0x00007efa64600000, 0x00007efb01000000)
  from space 320704K,   4% used [0x00007efb01000000, 0x00007efb01e52398, 0x00007efb14930000)
  to   space 320704K,   0% used [0x00007efb14930000, 0x00007efb14930000, 0x00007efb28260000)
 tenured generation   total 6415088K, used 6414714K [0x00007effb9b50000, 0x00007f014140c000, 0x00007f0a64600000)
   the space 6415088K,  99% used [0x00007effb9b50000, 0x00007f01413ae900, 0x00007f01413aea00, 0x00007f014140c000)
 Metaspace       used 25050K, capacity 25568K, committed 25856K, reserved 26624K
}
Event: 18356.353 GC heap before
{Heap before GC invocations=27028 (full 4):
 def new generation   total 2886848K, used 2580808K [0x00007efa64600000, 0x00007efb28260000, 0x00007effb9b50000)
  eden space 2566144K, 100% used [0x00007efa64600000, 0x00007efb01000000, 0x00007efb01000000)
  from space 320704K,   4% used [0x00007efb01000000, 0x00007efb01e52398, 0x00007efb14930000)
  to   space 320704K,   0% used [0x00007efb14930000, 0x00007efb14930000, 0x00007efb28260000)
 tenured generation   total 6415088K, used 6414714K [0x00007effb9b50000, 0x00007f014140c000, 0x00007f0a64600000)
   the space 6415088K,  99% used [0x00007effb9b50000, 0x00007f01413ae900, 0x00007f01413aea00, 0x00007f014140c000)
 Metaspace       used 25050K, capacity 25568K, committed 25856K, reserved 26624K
}
Event: 18356.380 GC heap after
{Heap after GC invocations=27029 (full 4):
 def new generation   total 2886848K, used 14666K [0x00007efa64600000, 0x00007efb28260000, 0x00007effb9b50000)
  eden space 2566144K,   0% used [0x00007efa64600000, 0x00007efa64600000, 0x00007efb01000000)
  from space 320704K,   4% used [0x00007efb14930000, 0x00007efb15782a08, 0x00007efb28260000)
  to   space 320704K,   0% used [0x00007efb01000000, 0x00007efb01000000, 0x00007efb14930000)
 tenured generation   total 6415856K, used 6415679K [0x00007effb9b50000, 0x00007f01414cc000, 0x00007f0a64600000)
   the space 6415856K,  99% used [0x00007effb9b50000, 0x00007f014149fff8, 0x00007f01414a0000, 0x00007f01414cc000)
 Metaspace       used 25050K, capacity 25568K, committed 25856K, reserved 26624K
}
Event: 18356.380 GC heap before
{Heap before GC invocations=27029 (full 4):
 def new generation   total 2886848K, used 14666K [0x00007efa64600000, 0x00007efb28260000, 0x00007effb9b50000)
  eden space 2566144K,   0% used [0x00007efa64600000, 0x00007efa64600000, 0x00007efb01000000)
  from space 320704K,   4% used [0x00007efb14930000, 0x00007efb15782a08, 0x00007efb28260000)
  to   space 320704K,   0% used [0x00007efb01000000, 0x00007efb01000000, 0x00007efb14930000)
 tenured generation   total 6415856K, used 6415679K [0x00007effb9b50000, 0x00007f01414cc000, 0x00007f0a64600000)
   the space 6415856K,  99% used [0x00007effb9b50000, 0x00007f014149fff8, 0x00007f01414a0000, 0x00007f01414cc000)
 Metaspace       used 25050K, capacity 25568K, committed 25856K, reserved 26624K
}

