# JRE version: OpenJDK Runtime Environment (13.0.7+5) (build 13.0.7+5-Ubuntu-0ubuntu120.04)
# Java VM: OpenJDK 64-Bit Server VM (13.0.7+5-Ubuntu-0ubuntu120.04, mixed mode, tiered, serial gc, linux-amd64)
Heap:
 def new generation   total 1748160K, used 0K [0x00007f361c600000, 0x00007f3692ed0000, 0x00007f3b71b50000)
  eden space 1553984K,   0% used [0x00007f361c600000, 0x00007f361c600000, 0x00007f367b390000)
  from space 194176K,   0% used [0x00007f3687130000, 0x00007f3687130000, 0x00007f3692ed0000)
  to   space 194176K,   0% used [0x00007f367b390000, 0x00007f367b390000, 0x00007f3687130000)
 tenured generation   total 3884780K, used 3806746K [0x00007f3b71b50000, 0x00007f3c5ed0b000, 0x00007f461c600000)
   the space 3884780K,  97% used [0x00007f3b71b50000, 0x00007f3c5a0d6b18, 0x00007f3c5a0d6c00, 0x00007f3c5ed0b000)
 Metaspace       used 24755K, capacity 25244K, committed 25344K, reserved 26624K
GC Heap History (20 events):
Event: 31640.427 GC heap after
{Heap after GC invocations=62169 (full 3):
 def new generation   total 1748160K, used 1848K [0x00007f361c600000, 0x00007f3692ed0000, 0x00007f3b71b50000)
  eden space 1553984K,   0% used [0x00007f361c600000, 0x00007f361c600000, 0x00007f367b390000)
  from space 194176K,   0% used [0x00007f367b390000, 0x00007f367b55e190, 0x00007f3687130000)
  to   space 194176K,   0% used [0x00007f3687130000, 0x00007f3687130000, 0x00007f3692ed0000)
 tenured generation   total 3884588K, used 3883696K [0x00007f3b71b50000, 0x00007f3c5ecdb000, 0x00007f461c600000)
   the space 3884588K,  99% used [0x00007f3b71b50000, 0x00007f3c5ebfc040, 0x00007f3c5ebfc200, 0x00007f3c5ecdb000)
 Metaspace       used 24755K, capacity 25244K, committed 25344K, reserved 26624K
}
Event: 31641.349 GC heap before
{Heap before GC invocations=62169 (full 3):
 def new generation   total 1748160K, used 1555832K [0x00007f361c600000, 0x00007f3692ed0000, 0x00007f3b71b50000)
  eden space 1553984K, 100% used [0x00007f361c600000, 0x00007f367b390000, 0x00007f367b390000)
  from space 194176K,   0% used [0x00007f367b390000, 0x00007f367b55e190, 0x00007f3687130000)
  to   space 194176K,   0% used [0x00007f3687130000, 0x00007f3687130000, 0x00007f3692ed0000)
 tenured generation   total 3884588K, used 3883696K [0x00007f3b71b50000, 0x00007f3c5ecdb000, 0x00007f461c600000)
   the space 3884588K,  99% used [0x00007f3b71b50000, 0x00007f3c5ebfc040, 0x00007f3c5ebfc200, 0x00007f3c5ecdb000)
 Metaspace       used 24755K, capacity 25244K, committed 25344K, reserved 26624K
}
Event: 31641.353 GC heap after
{Heap after GC invocations=62170 (full 3):
 def new generation   total 1748160K, used 1790K [0x00007f361c600000, 0x00007f3692ed0000, 0x00007f3b71b50000)
  eden space 1553984K,   0% used [0x00007f361c600000, 0x00007f361c600000, 0x00007f367b390000)
  from space 194176K,   0% used [0x00007f3687130000, 0x00007f36872efbe8, 0x00007f3692ed0000)
  to   space 194176K,   0% used [0x00007f367b390000, 0x00007f367b390000, 0x00007f3687130000)
 tenured generation   total 3884588K, used 3883814K [0x00007f3b71b50000, 0x00007f3c5ecdb000, 0x00007f461c600000)
   the space 3884588K,  99% used [0x00007f3b71b50000, 0x00007f3c5ec19b78, 0x00007f3c5ec19c00, 0x00007f3c5ecdb000)
 Metaspace       used 24755K, capacity 25244K, committed 25344K, reserved 26624K
}
Event: 31642.269 GC heap before
{Heap before GC invocations=62170 (full 3):
 def new generation   total 1748160K, used 1555774K [0x00007f361c600000, 0x00007f3692ed0000, 0x00007f3b71b50000)
  eden space 1553984K, 100% used [0x00007f361c600000, 0x00007f367b390000, 0x00007f367b390000)
  from space 194176K,   0% used [0x00007f3687130000, 0x00007f36872efbe8, 0x00007f3692ed0000)
  to   space 194176K,   0% used [0x00007f367b390000, 0x00007f367b390000, 0x00007f3687130000)
 tenured generation   total 3884588K, used 3883814K [0x00007f3b71b50000, 0x00007f3c5ecdb000, 0x00007f461c600000)
   the space 3884588K,  99% used [0x00007f3b71b50000, 0x00007f3c5ec19b78, 0x00007f3c5ec19c00, 0x00007f3c5ecdb000)
 Metaspace       used 24755K, capacity 25244K, committed 25344K, reserved 26624K
}
Event: 31642.273 GC heap after
{Heap after GC invocations=62171 (full 3):
 def new generation   total 1748160K, used 1914K [0x00007f361c600000, 0x00007f3692ed0000, 0x00007f3b71b50000)
  eden space 1553984K,   0% used [0x00007f361c600000, 0x00007f361c600000, 0x00007f367b390000)
  from space 194176K,   0% used [0x00007f367b390000, 0x00007f367b56eab0, 0x00007f3687130000)
  to   space 194176K,   0% used [0x00007f3687130000, 0x00007f3687130000, 0x00007f3692ed0000)
 tenured generation   total 3884588K, used 3883933K [0x00007f3b71b50000, 0x00007f3c5ecdb000, 0x00007f461c600000)
   the space 3884588K,  99% used [0x00007f3b71b50000, 0x00007f3c5ec376b0, 0x00007f3c5ec37800, 0x00007f3c5ecdb000)
 Metaspace       used 24755K, capacity 25244K, committed 25344K, reserved 26624K
}
Event: 31643.197 GC heap before
{Heap before GC invocations=62171 (full 3):
 def new generation   total 1748160K, used 1555898K [0x00007f361c600000, 0x00007f3692ed0000, 0x00007f3b71b50000)
  eden space 1553984K, 100% used [0x00007f361c600000, 0x00007f367b390000, 0x00007f367b390000)
  from space 194176K,   0% used [0x00007f367b390000, 0x00007f367b56eab0, 0x00007f3687130000)
  to   space 194176K,   0% used [0x00007f3687130000, 0x00007f3687130000, 0x00007f3692ed0000)
 tenured generation   total 3884588K, used 3883933K [0x00007f3b71b50000, 0x00007f3c5ecdb000, 0x00007f461c600000)
   the space 3884588K,  99% used [0x00007f3b71b50000, 0x00007f3c5ec376b0, 0x00007f3c5ec37800, 0x00007f3c5ecdb000)
 Metaspace       used 24755K, capacity 25244K, committed 25344K, reserved 26624K
}
Event: 31643.202 GC heap after
{Heap after GC invocations=62172 (full 3):
 def new generation   total 1748160K, used 1850K [0x00007f361c600000, 0x00007f3692ed0000, 0x00007f3b71b50000)
  eden space 1553984K,   0% used [0x00007f361c600000, 0x00007f361c600000, 0x00007f367b390000)
  from space 194176K,   0% used [0x00007f3687130000, 0x00007f36872fe8b0, 0x00007f3692ed0000)
  to   space 194176K,   0% used [0x00007f367b390000, 0x00007f367b390000, 0x00007f3687130000)
 tenured generation   total 3884588K, used 3884052K [0x00007f3b71b50000, 0x00007f3c5ecdb000, 0x00007f461c600000)
   the space 3884588K,  99% used [0x00007f3b71b50000, 0x00007f3c5ec551e8, 0x00007f3c5ec55200, 0x00007f3c5ecdb000)
 Metaspace       used 24755K, capacity 25244K, committed 25344K, reserved 26624K
}
Event: 31644.118 GC heap before
{Heap before GC invocations=62172 (full 3):
 def new generation   total 1748160K, used 1555834K [0x00007f361c600000, 0x00007f3692ed0000, 0x00007f3b71b50000)
  eden space 1553984K, 100% used [0x00007f361c600000, 0x00007f367b390000, 0x00007f367b390000)
  from space 194176K,   0% used [0x00007f3687130000, 0x00007f36872fe8b0, 0x00007f3692ed0000)
  to   space 194176K,   0% used [0x00007f367b390000, 0x00007f367b390000, 0x00007f3687130000)
 tenured generation   total 3884588K, used 3884052K [0x00007f3b71b50000, 0x00007f3c5ecdb000, 0x00007f461c600000)
   the space 3884588K,  99% used [0x00007f3b71b50000, 0x00007f3c5ec551e8, 0x00007f3c5ec55200, 0x00007f3c5ecdb000)
 Metaspace       used 24755K, capacity 25244K, committed 25344K, reserved 26624K
}
Event: 31644.122 GC heap after
{Heap after GC invocations=62173 (full 3):
 def new generation   total 1748160K, used 1850K [0x00007f361c600000, 0x00007f3692ed0000, 0x00007f3b71b50000)
  eden space 1553984K,   0% used [0x00007f361c600000, 0x00007f361c600000, 0x00007f367b390000)
  from space 194176K,   0% used [0x00007f367b390000, 0x00007f367b55e9e8, 0x00007f3687130000)
  to   space 194176K,   0% used [0x00007f3687130000, 0x00007f3687130000, 0x00007f3692ed0000)
 tenured generation   total 3884588K, used 3884131K [0x00007f3b71b50000, 0x00007f3c5ecdb000, 0x00007f461c600000)
   the space 3884588K,  99% used [0x00007f3b71b50000, 0x00007f3c5ec68eb8, 0x00007f3c5ec69000, 0x00007f3c5ecdb000)
 Metaspace       used 24755K, capacity 25244K, committed 25344K, reserved 26624K
}
Event: 31645.068 GC heap before
{Heap before GC invocations=62173 (full 3):
 def new generation   total 1748160K, used 1555834K [0x00007f361c600000, 0x00007f3692ed0000, 0x00007f3b71b50000)
  eden space 1553984K, 100% used [0x00007f361c600000, 0x00007f367b390000, 0x00007f367b390000)
  from space 194176K,   0% used [0x00007f367b390000, 0x00007f367b55e9e8, 0x00007f3687130000)
  to   space 194176K,   0% used [0x00007f3687130000, 0x00007f3687130000, 0x00007f3692ed0000)
 tenured generation   total 3884588K, used 3884131K [0x00007f3b71b50000, 0x00007f3c5ecdb000, 0x00007f461c600000)
   the space 3884588K,  99% used [0x00007f3b71b50000, 0x00007f3c5ec68eb8, 0x00007f3c5ec69000, 0x00007f3c5ecdb000)
 Metaspace       used 24755K, capacity 25244K, committed 25344K, reserved 26624K
}
Event: 31645.072 GC heap after
{Heap after GC invocations=62174 (full 3):
 def new generation   total 1748160K, used 1763K [0x00007f361c600000, 0x00007f3692ed0000, 0x00007f3b71b50000)
  eden space 1553984K,   0% used [0x00007f361c600000, 0x00007f361c600000, 0x00007f367b390000)
  from space 194176K,   0% used [0x00007f3687130000, 0x00007f36872e8c18, 0x00007f3692ed0000)
  to   space 194176K,   0% used [0x00007f367b390000, 0x00007f367b390000, 0x00007f3687130000)
 tenured generation   total 3884588K, used 3884250K [0x00007f3b71b50000, 0x00007f3c5ecdb000, 0x00007f461c600000)
   the space 3884588K,  99% used [0x00007f3b71b50000, 0x00007f3c5ec869f0, 0x00007f3c5ec86a00, 0x00007f3c5ecdb000)
 Metaspace       used 24755K, capacity 25244K, committed 25344K, reserved 26624K
}
Event: 31645.990 GC heap before
{Heap before GC invocations=62174 (full 3):
 def new generation   total 1748160K, used 1555747K [0x00007f361c600000, 0x00007f3692ed0000, 0x00007f3b71b50000)
  eden space 1553984K, 100% used [0x00007f361c600000, 0x00007f367b390000, 0x00007f367b390000)
  from space 194176K,   0% used [0x00007f3687130000, 0x00007f36872e8c18, 0x00007f3692ed0000)
  to   space 194176K,   0% used [0x00007f367b390000, 0x00007f367b390000, 0x00007f3687130000)
 tenured generation   total 3884588K, used 3884250K [0x00007f3b71b50000, 0x00007f3c5ecdb000, 0x00007f461c600000)
   the space 3884588K,  99% used [0x00007f3b71b50000, 0x00007f3c5ec869f0, 0x00007f3c5ec86a00, 0x00007f3c5ecdb000)
 Metaspace       used 24755K, capacity 25244K, committed 25344K, reserved 26624K
}
Event: 31645.994 GC heap after
{Heap after GC invocations=62175 (full 3):
 def new generation   total 1748160K, used 1964K [0x00007f361c600000, 0x00007f3692ed0000, 0x00007f3b71b50000)
  eden space 1553984K,   0% used [0x00007f361c600000, 0x00007f361c600000, 0x00007f367b390000)
  from space 194176K,   1% used [0x00007f367b390000, 0x00007f367b57b240, 0x00007f3687130000)
  to   space 194176K,   0% used [0x00007f3687130000, 0x00007f3687130000, 0x00007f3692ed0000)
 tenured generation   total 3884588K, used 3884369K [0x00007f3b71b50000, 0x00007f3c5ecdb000, 0x00007f461c600000)
   the space 3884588K,  99% used [0x00007f3b71b50000, 0x00007f3c5eca4528, 0x00007f3c5eca4600, 0x00007f3c5ecdb000)
 Metaspace       used 24755K, capacity 25244K, committed 25344K, reserved 26624K
}
Event: 31646.906 GC heap before
{Heap before GC invocations=62175 (full 3):
 def new generation   total 1748160K, used 1555948K [0x00007f361c600000, 0x00007f3692ed0000, 0x00007f3b71b50000)
  eden space 1553984K, 100% used [0x00007f361c600000, 0x00007f367b390000, 0x00007f367b390000)
  from space 194176K,   1% used [0x00007f367b390000, 0x00007f367b57b240, 0x00007f3687130000)
  to   space 194176K,   0% used [0x00007f3687130000, 0x00007f3687130000, 0x00007f3692ed0000)
 tenured generation   total 3884588K, used 3884369K [0x00007f3b71b50000, 0x00007f3c5ecdb000, 0x00007f461c600000)
   the space 3884588K,  99% used [0x00007f3b71b50000, 0x00007f3c5eca4528, 0x00007f3c5eca4600, 0x00007f3c5ecdb000)
 Metaspace       used 24755K, capacity 25244K, committed 25344K, reserved 26624K
}
Event: 31646.910 GC heap after
{Heap after GC invocations=62176 (full 3):
 def new generation   total 1748160K, used 1856K [0x00007f361c600000, 0x00007f3692ed0000, 0x00007f3b71b50000)
  eden space 1553984K,   0% used [0x00007f361c600000, 0x00007f361c600000, 0x00007f367b390000)
  from space 194176K,   0% used [0x00007f3687130000, 0x00007f3687300318, 0x00007f3692ed0000)
  to   space 194176K,   0% used [0x00007f367b390000, 0x00007f367b390000, 0x00007f3687130000)
 tenured generation   total 3884588K, used 3884488K [0x00007f3b71b50000, 0x00007f3c5ecdb000, 0x00007f461c600000)
   the space 3884588K,  99% used [0x00007f3b71b50000, 0x00007f3c5ecc2060, 0x00007f3c5ecc2200, 0x00007f3c5ecdb000)
 Metaspace       used 24755K, capacity 25244K, committed 25344K, reserved 26624K
}
Event: 31647.834 GC heap before
{Heap before GC invocations=62176 (full 3):
 def new generation   total 1748160K, used 1555840K [0x00007f361c600000, 0x00007f3692ed0000, 0x00007f3b71b50000)
  eden space 1553984K, 100% used [0x00007f361c600000, 0x00007f367b390000, 0x00007f367b390000)
  from space 194176K,   0% used [0x00007f3687130000, 0x00007f3687300318, 0x00007f3692ed0000)
  to   space 194176K,   0% used [0x00007f367b390000, 0x00007f367b390000, 0x00007f3687130000)
 tenured generation   total 3884588K, used 3884488K [0x00007f3b71b50000, 0x00007f3c5ecdb000, 0x00007f461c600000)
   the space 3884588K,  99% used [0x00007f3b71b50000, 0x00007f3c5ecc2060, 0x00007f3c5ecc2200, 0x00007f3c5ecdb000)
 Metaspace       used 24755K, capacity 25244K, committed 25344K, reserved 26624K
}
Event: 31647.838 GC heap after
{Heap after GC invocations=62177 (full 3):
 def new generation   total 1748160K, used 1860K [0x00007f361c600000, 0x00007f3692ed0000, 0x00007f3b71b50000)
  eden space 1553984K,   0% used [0x00007f361c600000, 0x00007f361c600000, 0x00007f367b390000)
  from space 194176K,   0% used [0x00007f367b390000, 0x00007f367b5610d8, 0x00007f3687130000)
  to   space 194176K,   0% used [0x00007f3687130000, 0x00007f3687130000, 0x00007f3692ed0000)
 tenured generation   total 3884588K, used 3884567K [0x00007f3b71b50000, 0x00007f3c5ecdb000, 0x00007f461c600000)
   the space 3884588K,  99% used [0x00007f3b71b50000, 0x00007f3c5ecd5d30, 0x00007f3c5ecd5e00, 0x00007f3c5ecdb000)
 Metaspace       used 24755K, capacity 25244K, committed 25344K, reserved 26624K
}
Event: 31648.761 GC heap before
{Heap before GC invocations=62177 (full 3):
 def new generation   total 1748160K, used 1555844K [0x00007f361c600000, 0x00007f3692ed0000, 0x00007f3b71b50000)
  eden space 1553984K, 100% used [0x00007f361c600000, 0x00007f367b390000, 0x00007f367b390000)
  from space 194176K,   0% used [0x00007f367b390000, 0x00007f367b5610d8, 0x00007f3687130000)
  to   space 194176K,   0% used [0x00007f3687130000, 0x00007f3687130000, 0x00007f3692ed0000)
 tenured generation   total 3884588K, used 3884567K [0x00007f3b71b50000, 0x00007f3c5ecdb000, 0x00007f461c600000)
   the space 3884588K,  99% used [0x00007f3b71b50000, 0x00007f3c5ecd5d30, 0x00007f3c5ecd5e00, 0x00007f3c5ecdb000)
 Metaspace       used 24755K, capacity 25244K, committed 25344K, reserved 26624K
}
Event: 31648.765 GC heap after
{Heap after GC invocations=62178 (full 3):
 def new generation   total 1748160K, used 1808K [0x00007f361c600000, 0x00007f3692ed0000, 0x00007f3b71b50000)
  eden space 1553984K,   0% used [0x00007f361c600000, 0x00007f361c600000, 0x00007f367b390000)
  from space 194176K,   0% used [0x00007f3687130000, 0x00007f36872f4060, 0x00007f3692ed0000)
  to   space 194176K,   0% used [0x00007f367b390000, 0x00007f367b390000, 0x00007f3687130000)
 tenured generation   total 3884780K, used 3884686K [0x00007f3b71b50000, 0x00007f3c5ed0b000, 0x00007f461c600000)
   the space 3884780K,  99% used [0x00007f3b71b50000, 0x00007f3c5ecf3868, 0x00007f3c5ecf3a00, 0x00007f3c5ed0b000)
 Metaspace       used 24755K, capacity 25244K, committed 25344K, reserved 26624K
}
Event: 31648.765 GC heap before
{Heap before GC invocations=62178 (full 3):
 def new generation   total 1748160K, used 1808K [0x00007f361c600000, 0x00007f3692ed0000, 0x00007f3b71b50000)
  eden space 1553984K,   0% used [0x00007f361c600000, 0x00007f361c600000, 0x00007f367b390000)
  from space 194176K,   0% used [0x00007f3687130000, 0x00007f36872f4060, 0x00007f3692ed0000)
  to   space 194176K,   0% used [0x00007f367b390000, 0x00007f367b390000, 0x00007f3687130000)
 tenured generation   total 3884780K, used 3884686K [0x00007f3b71b50000, 0x00007f3c5ed0b000, 0x00007f461c600000)
   the space 3884780K,  99% used [0x00007f3b71b50000, 0x00007f3c5ecf3868, 0x00007f3c5ecf3a00, 0x00007f3c5ed0b000)
 Metaspace       used 24755K, capacity 25244K, committed 25344K, reserved 26624K
}

