# JRE version: OpenJDK Runtime Environment (13.0.7+5) (build 13.0.7+5-Ubuntu-0ubuntu120.04)
# Java VM: OpenJDK 64-Bit Server VM (13.0.7+5-Ubuntu-0ubuntu120.04, mixed mode, tiered, serial gc, linux-amd64)
Heap:
 def new generation   total 2856384K, used 3658K [0x00007efdfc600000, 0x00007efebe160000, 0x00007f0351b50000)
  eden space 2539008K,   0% used [0x00007efdfc600000, 0x00007efdfc992ac8, 0x00007efe97580000)
  from space 317376K,   0% used [0x00007efe97580000, 0x00007efe97580000, 0x00007efeaab70000)
  to   space 317376K,   0% used [0x00007efeaab70000, 0x00007efeaab70000, 0x00007efebe160000)
 tenured generation   total 6347888K, used 6347887K [0x00007f0351b50000, 0x00007f04d526c000, 0x00007f0dfc600000)
   the space 6347888K,  99% used [0x00007f0351b50000, 0x00007f04d526bff0, 0x00007f04d526c000, 0x00007f04d526c000)
 Metaspace       used 25074K, capacity 25559K, committed 25600K, reserved 26624K
GC Heap History (20 events):
Event: 65428.939 GC heap after
{Heap after GC invocations=96771 (full 4):
 def new generation   total 2856384K, used 4002K [0x00007efdfc600000, 0x00007efebe160000, 0x00007f0351b50000)
  eden space 2539008K,   0% used [0x00007efdfc600000, 0x00007efdfc600000, 0x00007efe97580000)
  from space 317376K,   1% used [0x00007efeaab70000, 0x00007efeaaf58aa8, 0x00007efebe160000)
  to   space 317376K,   0% used [0x00007efe97580000, 0x00007efe97580000, 0x00007efeaab70000)
 tenured generation   total 6347504K, used 6345265K [0x00007f0351b50000, 0x00007f04d520c000, 0x00007f0dfc600000)
   the space 6347504K,  99% used [0x00007f0351b50000, 0x00007f04d4fdc508, 0x00007f04d4fdc600, 0x00007f04d520c000)
 Metaspace       used 25074K, capacity 25559K, committed 25600K, reserved 26624K
}
Event: 65430.510 GC heap before
{Heap before GC invocations=96771 (full 4):
 def new generation   total 2856384K, used 2543010K [0x00007efdfc600000, 0x00007efebe160000, 0x00007f0351b50000)
  eden space 2539008K, 100% used [0x00007efdfc600000, 0x00007efe97580000, 0x00007efe97580000)
  from space 317376K,   1% used [0x00007efeaab70000, 0x00007efeaaf58aa8, 0x00007efebe160000)
  to   space 317376K,   0% used [0x00007efe97580000, 0x00007efe97580000, 0x00007efeaab70000)
 tenured generation   total 6347504K, used 6345265K [0x00007f0351b50000, 0x00007f04d520c000, 0x00007f0dfc600000)
   the space 6347504K,  99% used [0x00007f0351b50000, 0x00007f04d4fdc508, 0x00007f04d4fdc600, 0x00007f04d520c000)
 Metaspace       used 25074K, capacity 25559K, committed 25600K, reserved 26624K
}
Event: 65430.517 GC heap after
{Heap after GC invocations=96772 (full 4):
 def new generation   total 2856384K, used 3999K [0x00007efdfc600000, 0x00007efebe160000, 0x00007f0351b50000)
  eden space 2539008K,   0% used [0x00007efdfc600000, 0x00007efdfc600000, 0x00007efe97580000)
  from space 317376K,   1% used [0x00007efe97580000, 0x00007efe97967c88, 0x00007efeaab70000)
  to   space 317376K,   0% used [0x00007efeaab70000, 0x00007efeaab70000, 0x00007efebe160000)
 tenured generation   total 6347504K, used 6345535K [0x00007f0351b50000, 0x00007f04d520c000, 0x00007f0dfc600000)
   the space 6347504K,  99% used [0x00007f0351b50000, 0x00007f04d501fd70, 0x00007f04d501fe00, 0x00007f04d520c000)
 Metaspace       used 25074K, capacity 25559K, committed 25600K, reserved 26624K
}
Event: 65432.033 GC heap before
{Heap before GC invocations=96772 (full 4):
 def new generation   total 2856384K, used 2543007K [0x00007efdfc600000, 0x00007efebe160000, 0x00007f0351b50000)
  eden space 2539008K, 100% used [0x00007efdfc600000, 0x00007efe97580000, 0x00007efe97580000)
  from space 317376K,   1% used [0x00007efe97580000, 0x00007efe97967c88, 0x00007efeaab70000)
  to   space 317376K,   0% used [0x00007efeaab70000, 0x00007efeaab70000, 0x00007efebe160000)
 tenured generation   total 6347504K, used 6345535K [0x00007f0351b50000, 0x00007f04d520c000, 0x00007f0dfc600000)
   the space 6347504K,  99% used [0x00007f0351b50000, 0x00007f04d501fd70, 0x00007f04d501fe00, 0x00007f04d520c000)
 Metaspace       used 25074K, capacity 25559K, committed 25600K, reserved 26624K
}
Event: 65432.042 GC heap after
{Heap after GC invocations=96773 (full 4):
 def new generation   total 2856384K, used 4031K [0x00007efdfc600000, 0x00007efebe160000, 0x00007f0351b50000)
  eden space 2539008K,   0% used [0x00007efdfc600000, 0x00007efdfc600000, 0x00007efe97580000)
  from space 317376K,   1% used [0x00007efeaab70000, 0x00007efeaaf5fcf0, 0x00007efebe160000)
  to   space 317376K,   0% used [0x00007efe97580000, 0x00007efe97580000, 0x00007efeaab70000)
 tenured generation   total 6347504K, used 6345780K [0x00007f0351b50000, 0x00007f04d520c000, 0x00007f0dfc600000)
   the space 6347504K,  99% used [0x00007f0351b50000, 0x00007f04d505d3a0, 0x00007f04d505d400, 0x00007f04d520c000)
 Metaspace       used 25074K, capacity 25559K, committed 25600K, reserved 26624K
}
Event: 65433.610 GC heap before
{Heap before GC invocations=96773 (full 4):
 def new generation   total 2856384K, used 2543039K [0x00007efdfc600000, 0x00007efebe160000, 0x00007f0351b50000)
  eden space 2539008K, 100% used [0x00007efdfc600000, 0x00007efe97580000, 0x00007efe97580000)
  from space 317376K,   1% used [0x00007efeaab70000, 0x00007efeaaf5fcf0, 0x00007efebe160000)
  to   space 317376K,   0% used [0x00007efe97580000, 0x00007efe97580000, 0x00007efeaab70000)
 tenured generation   total 6347504K, used 6345780K [0x00007f0351b50000, 0x00007f04d520c000, 0x00007f0dfc600000)
   the space 6347504K,  99% used [0x00007f0351b50000, 0x00007f04d505d3a0, 0x00007f04d505d400, 0x00007f04d520c000)
 Metaspace       used 25074K, capacity 25559K, committed 25600K, reserved 26624K
}
Event: 65433.618 GC heap after
{Heap after GC invocations=96774 (full 4):
 def new generation   total 2856384K, used 4062K [0x00007efdfc600000, 0x00007efebe160000, 0x00007f0351b50000)
  eden space 2539008K,   0% used [0x00007efdfc600000, 0x00007efdfc600000, 0x00007efe97580000)
  from space 317376K,   1% used [0x00007efe97580000, 0x00007efe97977ae0, 0x00007efeaab70000)
  to   space 317376K,   0% used [0x00007efeaab70000, 0x00007efeaab70000, 0x00007efebe160000)
 tenured generation   total 6347504K, used 6346026K [0x00007f0351b50000, 0x00007f04d520c000, 0x00007f0dfc600000)
   the space 6347504K,  99% used [0x00007f0351b50000, 0x00007f04d509a9d0, 0x00007f04d509aa00, 0x00007f04d520c000)
 Metaspace       used 25074K, capacity 25559K, committed 25600K, reserved 26624K
}
Event: 65435.193 GC heap before
{Heap before GC invocations=96774 (full 4):
 def new generation   total 2856384K, used 2543070K [0x00007efdfc600000, 0x00007efebe160000, 0x00007f0351b50000)
  eden space 2539008K, 100% used [0x00007efdfc600000, 0x00007efe97580000, 0x00007efe97580000)
  from space 317376K,   1% used [0x00007efe97580000, 0x00007efe97977ae0, 0x00007efeaab70000)
  to   space 317376K,   0% used [0x00007efeaab70000, 0x00007efeaab70000, 0x00007efebe160000)
 tenured generation   total 6347504K, used 6346026K [0x00007f0351b50000, 0x00007f04d520c000, 0x00007f0dfc600000)
   the space 6347504K,  99% used [0x00007f0351b50000, 0x00007f04d509a9d0, 0x00007f04d509aa00, 0x00007f04d520c000)
 Metaspace       used 25074K, capacity 25559K, committed 25600K, reserved 26624K
}
Event: 65435.201 GC heap after
{Heap after GC invocations=96775 (full 4):
 def new generation   total 2856384K, used 4027K [0x00007efdfc600000, 0x00007efebe160000, 0x00007f0351b50000)
  eden space 2539008K,   0% used [0x00007efdfc600000, 0x00007efdfc600000, 0x00007efe97580000)
  from space 317376K,   1% used [0x00007efeaab70000, 0x00007efeaaf5ecb0, 0x00007efebe160000)
  to   space 317376K,   0% used [0x00007efe97580000, 0x00007efe97580000, 0x00007efeaab70000)
 tenured generation   total 6347504K, used 6346272K [0x00007f0351b50000, 0x00007f04d520c000, 0x00007f0dfc600000)
   the space 6347504K,  99% used [0x00007f0351b50000, 0x00007f04d50d8000, 0x00007f04d50d8000, 0x00007f04d520c000)
 Metaspace       used 25074K, capacity 25559K, committed 25600K, reserved 26624K
}
Event: 65436.780 GC heap before
{Heap before GC invocations=96775 (full 4):
 def new generation   total 2856384K, used 2543035K [0x00007efdfc600000, 0x00007efebe160000, 0x00007f0351b50000)
  eden space 2539008K, 100% used [0x00007efdfc600000, 0x00007efe97580000, 0x00007efe97580000)
  from space 317376K,   1% used [0x00007efeaab70000, 0x00007efeaaf5ecb0, 0x00007efebe160000)
  to   space 317376K,   0% used [0x00007efe97580000, 0x00007efe97580000, 0x00007efeaab70000)
 tenured generation   total 6347504K, used 6346272K [0x00007f0351b50000, 0x00007f04d520c000, 0x00007f0dfc600000)
   the space 6347504K,  99% used [0x00007f0351b50000, 0x00007f04d50d8000, 0x00007f04d50d8000, 0x00007f04d520c000)
 Metaspace       used 25074K, capacity 25559K, committed 25600K, reserved 26624K
}
Event: 65436.787 GC heap after
{Heap after GC invocations=96776 (full 4):
 def new generation   total 2856384K, used 3997K [0x00007efdfc600000, 0x00007efebe160000, 0x00007f0351b50000)
  eden space 2539008K,   0% used [0x00007efdfc600000, 0x00007efdfc600000, 0x00007efe97580000)
  from space 317376K,   1% used [0x00007efe97580000, 0x00007efe97967450, 0x00007efeaab70000)
  to   space 317376K,   0% used [0x00007efeaab70000, 0x00007efeaab70000, 0x00007efebe160000)
 tenured generation   total 6347504K, used 6346542K [0x00007f0351b50000, 0x00007f04d520c000, 0x00007f0dfc600000)
   the space 6347504K,  99% used [0x00007f0351b50000, 0x00007f04d511b868, 0x00007f04d511ba00, 0x00007f04d520c000)
 Metaspace       used 25074K, capacity 25559K, committed 25600K, reserved 26624K
}
Event: 65438.388 GC heap before
{Heap before GC invocations=96776 (full 4):
 def new generation   total 2856384K, used 2543005K [0x00007efdfc600000, 0x00007efebe160000, 0x00007f0351b50000)
  eden space 2539008K, 100% used [0x00007efdfc600000, 0x00007efe97580000, 0x00007efe97580000)
  from space 317376K,   1% used [0x00007efe97580000, 0x00007efe97967450, 0x00007efeaab70000)
  to   space 317376K,   0% used [0x00007efeaab70000, 0x00007efeaab70000, 0x00007efebe160000)
 tenured generation   total 6347504K, used 6346542K [0x00007f0351b50000, 0x00007f04d520c000, 0x00007f0dfc600000)
   the space 6347504K,  99% used [0x00007f0351b50000, 0x00007f04d511b868, 0x00007f04d511ba00, 0x00007f04d520c000)
 Metaspace       used 25074K, capacity 25559K, committed 25600K, reserved 26624K
}
Event: 65438.396 GC heap after
{Heap after GC invocations=96777 (full 4):
 def new generation   total 2856384K, used 3847K [0x00007efdfc600000, 0x00007efebe160000, 0x00007f0351b50000)
  eden space 2539008K,   0% used [0x00007efdfc600000, 0x00007efdfc600000, 0x00007efe97580000)
  from space 317376K,   1% used [0x00007efeaab70000, 0x00007efeaaf31ea8, 0x00007efebe160000)
  to   space 317376K,   0% used [0x00007efe97580000, 0x00007efe97580000, 0x00007efeaab70000)
 tenured generation   total 6347504K, used 6346962K [0x00007f0351b50000, 0x00007f04d520c000, 0x00007f0dfc600000)
   the space 6347504K,  99% used [0x00007f0351b50000, 0x00007f04d5184af8, 0x00007f04d5184c00, 0x00007f04d520c000)
 Metaspace       used 25074K, capacity 25559K, committed 25600K, reserved 26624K
}
Event: 65439.974 GC heap before
{Heap before GC invocations=96777 (full 4):
 def new generation   total 2856384K, used 2542855K [0x00007efdfc600000, 0x00007efebe160000, 0x00007f0351b50000)
  eden space 2539008K, 100% used [0x00007efdfc600000, 0x00007efe97580000, 0x00007efe97580000)
  from space 317376K,   1% used [0x00007efeaab70000, 0x00007efeaaf31ea8, 0x00007efebe160000)
  to   space 317376K,   0% used [0x00007efe97580000, 0x00007efe97580000, 0x00007efeaab70000)
 tenured generation   total 6347504K, used 6346962K [0x00007f0351b50000, 0x00007f04d520c000, 0x00007f0dfc600000)
   the space 6347504K,  99% used [0x00007f0351b50000, 0x00007f04d5184af8, 0x00007f04d5184c00, 0x00007f04d520c000)
 Metaspace       used 25074K, capacity 25559K, committed 25600K, reserved 26624K
}
Event: 65439.982 GC heap after
{Heap after GC invocations=96778 (full 4):
 def new generation   total 2856384K, used 3877K [0x00007efdfc600000, 0x00007efebe160000, 0x00007f0351b50000)
  eden space 2539008K,   0% used [0x00007efdfc600000, 0x00007efdfc600000, 0x00007efe97580000)
  from space 317376K,   1% used [0x00007efe97580000, 0x00007efe979496e0, 0x00007efeaab70000)
  to   space 317376K,   0% used [0x00007efeaab70000, 0x00007efeaab70000, 0x00007efebe160000)
 tenured generation   total 6347504K, used 6347208K [0x00007f0351b50000, 0x00007f04d520c000, 0x00007f0dfc600000)
   the space 6347504K,  99% used [0x00007f0351b50000, 0x00007f04d51c2128, 0x00007f04d51c2200, 0x00007f04d520c000)
 Metaspace       used 25074K, capacity 25559K, committed 25600K, reserved 26624K
}
Event: 65441.497 GC heap before
{Heap before GC invocations=96778 (full 4):
 def new generation   total 2856384K, used 2542885K [0x00007efdfc600000, 0x00007efebe160000, 0x00007f0351b50000)
  eden space 2539008K, 100% used [0x00007efdfc600000, 0x00007efe97580000, 0x00007efe97580000)
  from space 317376K,   1% used [0x00007efe97580000, 0x00007efe979496e0, 0x00007efeaab70000)
  to   space 317376K,   0% used [0x00007efeaab70000, 0x00007efeaab70000, 0x00007efebe160000)
 tenured generation   total 6347504K, used 6347208K [0x00007f0351b50000, 0x00007f04d520c000, 0x00007f0dfc600000)
   the space 6347504K,  99% used [0x00007f0351b50000, 0x00007f04d51c2128, 0x00007f04d51c2200, 0x00007f04d520c000)
 Metaspace       used 25074K, capacity 25559K, committed 25600K, reserved 26624K
}
Event: 65441.505 GC heap after
{Heap after GC invocations=96779 (full 4):
 def new generation   total 2856384K, used 3808K [0x00007efdfc600000, 0x00007efebe160000, 0x00007f0351b50000)
  eden space 2539008K,   0% used [0x00007efdfc600000, 0x00007efdfc600000, 0x00007efe97580000)
  from space 317376K,   1% used [0x00007efeaab70000, 0x00007efeaaf28118, 0x00007efebe160000)
  to   space 317376K,   0% used [0x00007efe97580000, 0x00007efe97580000, 0x00007efeaab70000)
 tenured generation   total 6347504K, used 6347453K [0x00007f0351b50000, 0x00007f04d520c000, 0x00007f0dfc600000)
   the space 6347504K,  99% used [0x00007f0351b50000, 0x00007f04d51ff758, 0x00007f04d51ff800, 0x00007f04d520c000)
 Metaspace       used 25074K, capacity 25559K, committed 25600K, reserved 26624K
}
Event: 65443.013 GC heap before
{Heap before GC invocations=96779 (full 4):
 def new generation   total 2856384K, used 2542816K [0x00007efdfc600000, 0x00007efebe160000, 0x00007f0351b50000)
  eden space 2539008K, 100% used [0x00007efdfc600000, 0x00007efe97580000, 0x00007efe97580000)
  from space 317376K,   1% used [0x00007efeaab70000, 0x00007efeaaf28118, 0x00007efebe160000)
  to   space 317376K,   0% used [0x00007efe97580000, 0x00007efe97580000, 0x00007efeaab70000)
 tenured generation   total 6347504K, used 6347453K [0x00007f0351b50000, 0x00007f04d520c000, 0x00007f0dfc600000)
   the space 6347504K,  99% used [0x00007f0351b50000, 0x00007f04d51ff758, 0x00007f04d51ff800, 0x00007f04d520c000)
 Metaspace       used 25074K, capacity 25559K, committed 25600K, reserved 26624K
}
Event: 65443.024 GC heap after
{Heap after GC invocations=96780 (full 4):
 def new generation   total 2856384K, used 3847K [0x00007efdfc600000, 0x00007efebe160000, 0x00007f0351b50000)
  eden space 2539008K,   0% used [0x00007efdfc600000, 0x00007efdfc600000, 0x00007efe97580000)
  from space 317376K,   1% used [0x00007efe97580000, 0x00007efe97941d30, 0x00007efeaab70000)
  to   space 317376K,   0% used [0x00007efeaab70000, 0x00007efeaab70000, 0x00007efebe160000)
 tenured generation   total 6347888K, used 6347699K [0x00007f0351b50000, 0x00007f04d526c000, 0x00007f0dfc600000)
   the space 6347888K,  99% used [0x00007f0351b50000, 0x00007f04d523cd88, 0x00007f04d523ce00, 0x00007f04d526c000)
 Metaspace       used 25074K, capacity 25559K, committed 25600K, reserved 26624K
}
Event: 65443.024 GC heap before
{Heap before GC invocations=96780 (full 4):
 def new generation   total 2856384K, used 3847K [0x00007efdfc600000, 0x00007efebe160000, 0x00007f0351b50000)
  eden space 2539008K,   0% used [0x00007efdfc600000, 0x00007efdfc600000, 0x00007efe97580000)
  from space 317376K,   1% used [0x00007efe97580000, 0x00007efe97941d30, 0x00007efeaab70000)
  to   space 317376K,   0% used [0x00007efeaab70000, 0x00007efeaab70000, 0x00007efebe160000)
 tenured generation   total 6347888K, used 6347699K [0x00007f0351b50000, 0x00007f04d526c000, 0x00007f0dfc600000)
   the space 6347888K,  99% used [0x00007f0351b50000, 0x00007f04d523cd88, 0x00007f04d523ce00, 0x00007f04d526c000)
 Metaspace       used 25074K, capacity 25559K, committed 25600K, reserved 26624K
}

