# JRE version: OpenJDK Runtime Environment (13.0.7+5) (build 13.0.7+5-Ubuntu-0ubuntu120.04)
# Java VM: OpenJDK 64-Bit Server VM (13.0.7+5-Ubuntu-0ubuntu120.04, mixed mode, tiered, serial gc, linux-amd64)
Heap:
 def new generation   total 1748160K, used 0K [0x00007fb9d8600000, 0x00007fba4eed0000, 0x00007fbf2db50000)
  eden space 1553984K,   0% used [0x00007fb9d8600000, 0x00007fb9d8600000, 0x00007fba37390000)
  from space 194176K,   0% used [0x00007fba43130000, 0x00007fba43130000, 0x00007fba4eed0000)
  to   space 194176K,   0% used [0x00007fba37390000, 0x00007fba37390000, 0x00007fba43130000)
 tenured generation   total 3884780K, used 3815203K [0x00007fbf2db50000, 0x00007fc01ad0b000, 0x00007fc9d8600000)
   the space 3884780K,  98% used [0x00007fbf2db50000, 0x00007fc016918d28, 0x00007fc016918e00, 0x00007fc01ad0b000)
 Metaspace       used 24810K, capacity 25234K, committed 25344K, reserved 26624K
GC Heap History (20 events):
Event: 27865.474 GC heap after
{Heap after GC invocations=58140 (full 3):
 def new generation   total 1748160K, used 1900K [0x00007fb9d8600000, 0x00007fba4eed0000, 0x00007fbf2db50000)
  eden space 1553984K,   0% used [0x00007fb9d8600000, 0x00007fb9d8600000, 0x00007fba37390000)
  from space 194176K,   0% used [0x00007fba37390000, 0x00007fba3756b2d8, 0x00007fba43130000)
  to   space 194176K,   0% used [0x00007fba43130000, 0x00007fba43130000, 0x00007fba4eed0000)
 tenured generation   total 3884588K, used 3883569K [0x00007fbf2db50000, 0x00007fc01acdb000, 0x00007fc9d8600000)
   the space 3884588K,  99% used [0x00007fbf2db50000, 0x00007fc01abdc718, 0x00007fc01abdc800, 0x00007fc01acdb000)
 Metaspace       used 24810K, capacity 25234K, committed 25344K, reserved 26624K
}
Event: 27866.319 GC heap before
{Heap before GC invocations=58140 (full 3):
 def new generation   total 1748160K, used 1555884K [0x00007fb9d8600000, 0x00007fba4eed0000, 0x00007fbf2db50000)
  eden space 1553984K, 100% used [0x00007fb9d8600000, 0x00007fba37390000, 0x00007fba37390000)
  from space 194176K,   0% used [0x00007fba37390000, 0x00007fba3756b2d8, 0x00007fba43130000)
  to   space 194176K,   0% used [0x00007fba43130000, 0x00007fba43130000, 0x00007fba4eed0000)
 tenured generation   total 3884588K, used 3883569K [0x00007fbf2db50000, 0x00007fc01acdb000, 0x00007fc9d8600000)
   the space 3884588K,  99% used [0x00007fbf2db50000, 0x00007fc01abdc718, 0x00007fc01abdc800, 0x00007fc01acdb000)
 Metaspace       used 24810K, capacity 25234K, committed 25344K, reserved 26624K
}
Event: 27866.322 GC heap after
{Heap after GC invocations=58141 (full 3):
 def new generation   total 1748160K, used 1813K [0x00007fb9d8600000, 0x00007fba4eed0000, 0x00007fbf2db50000)
  eden space 1553984K,   0% used [0x00007fb9d8600000, 0x00007fb9d8600000, 0x00007fba37390000)
  from space 194176K,   0% used [0x00007fba43130000, 0x00007fba432f5718, 0x00007fba4eed0000)
  to   space 194176K,   0% used [0x00007fba37390000, 0x00007fba37390000, 0x00007fba43130000)
 tenured generation   total 3884588K, used 3883672K [0x00007fbf2db50000, 0x00007fc01acdb000, 0x00007fc9d8600000)
   the space 3884588K,  99% used [0x00007fbf2db50000, 0x00007fc01abf6248, 0x00007fc01abf6400, 0x00007fc01acdb000)
 Metaspace       used 24810K, capacity 25234K, committed 25344K, reserved 26624K
}
Event: 27867.184 GC heap before
{Heap before GC invocations=58141 (full 3):
 def new generation   total 1748160K, used 1555797K [0x00007fb9d8600000, 0x00007fba4eed0000, 0x00007fbf2db50000)
  eden space 1553984K, 100% used [0x00007fb9d8600000, 0x00007fba37390000, 0x00007fba37390000)
  from space 194176K,   0% used [0x00007fba43130000, 0x00007fba432f5718, 0x00007fba4eed0000)
  to   space 194176K,   0% used [0x00007fba37390000, 0x00007fba37390000, 0x00007fba43130000)
 tenured generation   total 3884588K, used 3883672K [0x00007fbf2db50000, 0x00007fc01acdb000, 0x00007fc9d8600000)
   the space 3884588K,  99% used [0x00007fbf2db50000, 0x00007fc01abf6248, 0x00007fc01abf6400, 0x00007fc01acdb000)
 Metaspace       used 24810K, capacity 25234K, committed 25344K, reserved 26624K
}
Event: 27867.187 GC heap after
{Heap after GC invocations=58142 (full 3):
 def new generation   total 1748160K, used 1872K [0x00007fb9d8600000, 0x00007fba4eed0000, 0x00007fbf2db50000)
  eden space 1553984K,   0% used [0x00007fb9d8600000, 0x00007fb9d8600000, 0x00007fba37390000)
  from space 194176K,   0% used [0x00007fba37390000, 0x00007fba375640e8, 0x00007fba43130000)
  to   space 194176K,   0% used [0x00007fba43130000, 0x00007fba43130000, 0x00007fba4eed0000)
 tenured generation   total 3884588K, used 3883811K [0x00007fbf2db50000, 0x00007fc01acdb000, 0x00007fc9d8600000)
   the space 3884588K,  99% used [0x00007fbf2db50000, 0x00007fc01ac18e40, 0x00007fc01ac19000, 0x00007fc01acdb000)
 Metaspace       used 24810K, capacity 25234K, committed 25344K, reserved 26624K
}
Event: 27868.036 GC heap before
{Heap before GC invocations=58142 (full 3):
 def new generation   total 1748160K, used 1555856K [0x00007fb9d8600000, 0x00007fba4eed0000, 0x00007fbf2db50000)
  eden space 1553984K, 100% used [0x00007fb9d8600000, 0x00007fba37390000, 0x00007fba37390000)
  from space 194176K,   0% used [0x00007fba37390000, 0x00007fba375640e8, 0x00007fba43130000)
  to   space 194176K,   0% used [0x00007fba43130000, 0x00007fba43130000, 0x00007fba4eed0000)
 tenured generation   total 3884588K, used 3883811K [0x00007fbf2db50000, 0x00007fc01acdb000, 0x00007fc9d8600000)
   the space 3884588K,  99% used [0x00007fbf2db50000, 0x00007fc01ac18e40, 0x00007fc01ac19000, 0x00007fc01acdb000)
 Metaspace       used 24810K, capacity 25234K, committed 25344K, reserved 26624K
}
Event: 27868.040 GC heap after
{Heap after GC invocations=58143 (full 3):
 def new generation   total 1748160K, used 1956K [0x00007fb9d8600000, 0x00007fba4eed0000, 0x00007fbf2db50000)
  eden space 1553984K,   0% used [0x00007fb9d8600000, 0x00007fb9d8600000, 0x00007fba37390000)
  from space 194176K,   1% used [0x00007fba43130000, 0x00007fba433190a8, 0x00007fba4eed0000)
  to   space 194176K,   0% used [0x00007fba37390000, 0x00007fba37390000, 0x00007fba43130000)
 tenured generation   total 3884588K, used 3883914K [0x00007fbf2db50000, 0x00007fc01acdb000, 0x00007fc9d8600000)
   the space 3884588K,  99% used [0x00007fbf2db50000, 0x00007fc01ac32970, 0x00007fc01ac32a00, 0x00007fc01acdb000)
 Metaspace       used 24810K, capacity 25234K, committed 25344K, reserved 26624K
}
Event: 27868.887 GC heap before
{Heap before GC invocations=58143 (full 3):
 def new generation   total 1748160K, used 1555940K [0x00007fb9d8600000, 0x00007fba4eed0000, 0x00007fbf2db50000)
  eden space 1553984K, 100% used [0x00007fb9d8600000, 0x00007fba37390000, 0x00007fba37390000)
  from space 194176K,   1% used [0x00007fba43130000, 0x00007fba433190a8, 0x00007fba4eed0000)
  to   space 194176K,   0% used [0x00007fba37390000, 0x00007fba37390000, 0x00007fba43130000)
 tenured generation   total 3884588K, used 3883914K [0x00007fbf2db50000, 0x00007fc01acdb000, 0x00007fc9d8600000)
   the space 3884588K,  99% used [0x00007fbf2db50000, 0x00007fc01ac32970, 0x00007fc01ac32a00, 0x00007fc01acdb000)
 Metaspace       used 24810K, capacity 25234K, committed 25344K, reserved 26624K
}
Event: 27868.891 GC heap after
{Heap after GC invocations=58144 (full 3):
 def new generation   total 1748160K, used 1879K [0x00007fb9d8600000, 0x00007fba4eed0000, 0x00007fbf2db50000)
  eden space 1553984K,   0% used [0x00007fb9d8600000, 0x00007fb9d8600000, 0x00007fba37390000)
  from space 194176K,   0% used [0x00007fba37390000, 0x00007fba37565c40, 0x00007fba43130000)
  to   space 194176K,   0% used [0x00007fba43130000, 0x00007fba43130000, 0x00007fba4eed0000)
 tenured generation   total 3884588K, used 3884017K [0x00007fbf2db50000, 0x00007fc01acdb000, 0x00007fc9d8600000)
   the space 3884588K,  99% used [0x00007fbf2db50000, 0x00007fc01ac4c4a0, 0x00007fc01ac4c600, 0x00007fc01acdb000)
 Metaspace       used 24810K, capacity 25234K, committed 25344K, reserved 26624K
}
Event: 27869.745 GC heap before
{Heap before GC invocations=58144 (full 3):
 def new generation   total 1748160K, used 1555863K [0x00007fb9d8600000, 0x00007fba4eed0000, 0x00007fbf2db50000)
  eden space 1553984K, 100% used [0x00007fb9d8600000, 0x00007fba37390000, 0x00007fba37390000)
  from space 194176K,   0% used [0x00007fba37390000, 0x00007fba37565c40, 0x00007fba43130000)
  to   space 194176K,   0% used [0x00007fba43130000, 0x00007fba43130000, 0x00007fba4eed0000)
 tenured generation   total 3884588K, used 3884017K [0x00007fbf2db50000, 0x00007fc01acdb000, 0x00007fc9d8600000)
   the space 3884588K,  99% used [0x00007fbf2db50000, 0x00007fc01ac4c4a0, 0x00007fc01ac4c600, 0x00007fc01acdb000)
 Metaspace       used 24810K, capacity 25234K, committed 25344K, reserved 26624K
}
Event: 27869.748 GC heap after
{Heap after GC invocations=58145 (full 3):
 def new generation   total 1748160K, used 1964K [0x00007fb9d8600000, 0x00007fba4eed0000, 0x00007fbf2db50000)
  eden space 1553984K,   0% used [0x00007fb9d8600000, 0x00007fb9d8600000, 0x00007fba37390000)
  from space 194176K,   1% used [0x00007fba43130000, 0x00007fba4331b110, 0x00007fba4eed0000)
  to   space 194176K,   0% used [0x00007fba37390000, 0x00007fba37390000, 0x00007fba43130000)
 tenured generation   total 3884588K, used 3884154K [0x00007fbf2db50000, 0x00007fc01acdb000, 0x00007fc9d8600000)
   the space 3884588K,  99% used [0x00007fbf2db50000, 0x00007fc01ac6e8e0, 0x00007fc01ac6ea00, 0x00007fc01acdb000)
 Metaspace       used 24810K, capacity 25234K, committed 25344K, reserved 26624K
}
Event: 27870.594 GC heap before
{Heap before GC invocations=58145 (full 3):
 def new generation   total 1748160K, used 1555948K [0x00007fb9d8600000, 0x00007fba4eed0000, 0x00007fbf2db50000)
  eden space 1553984K, 100% used [0x00007fb9d8600000, 0x00007fba37390000, 0x00007fba37390000)
  from space 194176K,   1% used [0x00007fba43130000, 0x00007fba4331b110, 0x00007fba4eed0000)
  to   space 194176K,   0% used [0x00007fba37390000, 0x00007fba37390000, 0x00007fba43130000)
 tenured generation   total 3884588K, used 3884154K [0x00007fbf2db50000, 0x00007fc01acdb000, 0x00007fc9d8600000)
   the space 3884588K,  99% used [0x00007fbf2db50000, 0x00007fc01ac6e8e0, 0x00007fc01ac6ea00, 0x00007fc01acdb000)
 Metaspace       used 24810K, capacity 25234K, committed 25344K, reserved 26624K
}
Event: 27870.597 GC heap after
{Heap after GC invocations=58146 (full 3):
 def new generation   total 1748160K, used 1878K [0x00007fb9d8600000, 0x00007fba4eed0000, 0x00007fbf2db50000)
  eden space 1553984K,   0% used [0x00007fb9d8600000, 0x00007fb9d8600000, 0x00007fba37390000)
  from space 194176K,   0% used [0x00007fba37390000, 0x00007fba375659b8, 0x00007fba43130000)
  to   space 194176K,   0% used [0x00007fba43130000, 0x00007fba43130000, 0x00007fba4eed0000)
 tenured generation   total 3884588K, used 3884257K [0x00007fbf2db50000, 0x00007fc01acdb000, 0x00007fc9d8600000)
   the space 3884588K,  99% used [0x00007fbf2db50000, 0x00007fc01ac88410, 0x00007fc01ac88600, 0x00007fc01acdb000)
 Metaspace       used 24810K, capacity 25234K, committed 25344K, reserved 26624K
}
Event: 27871.448 GC heap before
{Heap before GC invocations=58146 (full 3):
 def new generation   total 1748160K, used 1555862K [0x00007fb9d8600000, 0x00007fba4eed0000, 0x00007fbf2db50000)
  eden space 1553984K, 100% used [0x00007fb9d8600000, 0x00007fba37390000, 0x00007fba37390000)
  from space 194176K,   0% used [0x00007fba37390000, 0x00007fba375659b8, 0x00007fba43130000)
  to   space 194176K,   0% used [0x00007fba43130000, 0x00007fba43130000, 0x00007fba4eed0000)
 tenured generation   total 3884588K, used 3884257K [0x00007fbf2db50000, 0x00007fc01acdb000, 0x00007fc9d8600000)
   the space 3884588K,  99% used [0x00007fbf2db50000, 0x00007fc01ac88410, 0x00007fc01ac88600, 0x00007fc01acdb000)
 Metaspace       used 24810K, capacity 25234K, committed 25344K, reserved 26624K
}
Event: 27871.452 GC heap after
{Heap after GC invocations=58147 (full 3):
 def new generation   total 1748160K, used 1908K [0x00007fb9d8600000, 0x00007fba4eed0000, 0x00007fbf2db50000)
  eden space 1553984K,   0% used [0x00007fb9d8600000, 0x00007fb9d8600000, 0x00007fba37390000)
  from space 194176K,   0% used [0x00007fba43130000, 0x00007fba4330d0e8, 0x00007fba4eed0000)
  to   space 194176K,   0% used [0x00007fba37390000, 0x00007fba37390000, 0x00007fba43130000)
 tenured generation   total 3884588K, used 3884394K [0x00007fbf2db50000, 0x00007fc01acdb000, 0x00007fc9d8600000)
   the space 3884588K,  99% used [0x00007fbf2db50000, 0x00007fc01acaa850, 0x00007fc01acaaa00, 0x00007fc01acdb000)
 Metaspace       used 24810K, capacity 25234K, committed 25344K, reserved 26624K
}
Event: 27872.304 GC heap before
{Heap before GC invocations=58147 (full 3):
 def new generation   total 1748160K, used 1555892K [0x00007fb9d8600000, 0x00007fba4eed0000, 0x00007fbf2db50000)
  eden space 1553984K, 100% used [0x00007fb9d8600000, 0x00007fba37390000, 0x00007fba37390000)
  from space 194176K,   0% used [0x00007fba43130000, 0x00007fba4330d0e8, 0x00007fba4eed0000)
  to   space 194176K,   0% used [0x00007fba37390000, 0x00007fba37390000, 0x00007fba43130000)
 tenured generation   total 3884588K, used 3884394K [0x00007fbf2db50000, 0x00007fc01acdb000, 0x00007fc9d8600000)
   the space 3884588K,  99% used [0x00007fbf2db50000, 0x00007fc01acaa850, 0x00007fc01acaaa00, 0x00007fc01acdb000)
 Metaspace       used 24810K, capacity 25234K, committed 25344K, reserved 26624K
}
Event: 27872.307 GC heap after
{Heap after GC invocations=58148 (full 3):
 def new generation   total 1748160K, used 1807K [0x00007fb9d8600000, 0x00007fba4eed0000, 0x00007fbf2db50000)
  eden space 1553984K,   0% used [0x00007fb9d8600000, 0x00007fb9d8600000, 0x00007fba37390000)
  from space 194176K,   0% used [0x00007fba37390000, 0x00007fba37553c20, 0x00007fba43130000)
  to   space 194176K,   0% used [0x00007fba43130000, 0x00007fba43130000, 0x00007fba4eed0000)
 tenured generation   total 3884588K, used 3884496K [0x00007fbf2db50000, 0x00007fc01acdb000, 0x00007fc9d8600000)
   the space 3884588K,  99% used [0x00007fbf2db50000, 0x00007fc01acc4380, 0x00007fc01acc4400, 0x00007fc01acdb000)
 Metaspace       used 24810K, capacity 25234K, committed 25344K, reserved 26624K
}
Event: 27873.155 GC heap before
{Heap before GC invocations=58148 (full 3):
 def new generation   total 1748160K, used 1555791K [0x00007fb9d8600000, 0x00007fba4eed0000, 0x00007fbf2db50000)
  eden space 1553984K, 100% used [0x00007fb9d8600000, 0x00007fba37390000, 0x00007fba37390000)
  from space 194176K,   0% used [0x00007fba37390000, 0x00007fba37553c20, 0x00007fba43130000)
  to   space 194176K,   0% used [0x00007fba43130000, 0x00007fba43130000, 0x00007fba4eed0000)
 tenured generation   total 3884588K, used 3884496K [0x00007fbf2db50000, 0x00007fc01acdb000, 0x00007fc9d8600000)
   the space 3884588K,  99% used [0x00007fbf2db50000, 0x00007fc01acc4380, 0x00007fc01acc4400, 0x00007fc01acdb000)
 Metaspace       used 24810K, capacity 25234K, committed 25344K, reserved 26624K
}
Event: 27873.160 GC heap after
{Heap after GC invocations=58149 (full 3):
 def new generation   total 1748160K, used 1860K [0x00007fb9d8600000, 0x00007fba4eed0000, 0x00007fbf2db50000)
  eden space 1553984K,   0% used [0x00007fb9d8600000, 0x00007fb9d8600000, 0x00007fba37390000)
  from space 194176K,   0% used [0x00007fba43130000, 0x00007fba433010b0, 0x00007fba4eed0000)
  to   space 194176K,   0% used [0x00007fba37390000, 0x00007fba37390000, 0x00007fba43130000)
 tenured generation   total 3884780K, used 3884633K [0x00007fbf2db50000, 0x00007fc01ad0b000, 0x00007fc9d8600000)
   the space 3884780K,  99% used [0x00007fbf2db50000, 0x00007fc01ace67c0, 0x00007fc01ace6800, 0x00007fc01ad0b000)
 Metaspace       used 24810K, capacity 25234K, committed 25344K, reserved 26624K
}
Event: 27873.160 GC heap before
{Heap before GC invocations=58149 (full 3):
 def new generation   total 1748160K, used 1860K [0x00007fb9d8600000, 0x00007fba4eed0000, 0x00007fbf2db50000)
  eden space 1553984K,   0% used [0x00007fb9d8600000, 0x00007fb9d8600000, 0x00007fba37390000)
  from space 194176K,   0% used [0x00007fba43130000, 0x00007fba433010b0, 0x00007fba4eed0000)
  to   space 194176K,   0% used [0x00007fba37390000, 0x00007fba37390000, 0x00007fba43130000)
 tenured generation   total 3884780K, used 3884633K [0x00007fbf2db50000, 0x00007fc01ad0b000, 0x00007fc9d8600000)
   the space 3884780K,  99% used [0x00007fbf2db50000, 0x00007fc01ace67c0, 0x00007fc01ace6800, 0x00007fc01ad0b000)
 Metaspace       used 24810K, capacity 25234K, committed 25344K, reserved 26624K
}

