# JRE version: OpenJDK Runtime Environment (13.0.7+5) (build 13.0.7+5-Ubuntu-0ubuntu120.04)
# Java VM: OpenJDK 64-Bit Server VM (13.0.7+5-Ubuntu-0ubuntu120.04, mixed mode, tiered, serial gc, linux-amd64)
Heap:
 def new generation   total 1748160K, used 0K [0x00007fd77c600000, 0x00007fd7f2ed0000, 0x00007fdcd1b50000)
  eden space 1553984K,   0% used [0x00007fd77c600000, 0x00007fd77c600000, 0x00007fd7db390000)
  from space 194176K,   0% used [0x00007fd7db390000, 0x00007fd7db390000, 0x00007fd7e7130000)
  to   space 194176K,   0% used [0x00007fd7e7130000, 0x00007fd7e7130000, 0x00007fd7f2ed0000)
 tenured generation   total 3884780K, used 3823179K [0x00007fdcd1b50000, 0x00007fddbed0b000, 0x00007fe77c600000)
   the space 3884780K,  98% used [0x00007fdcd1b50000, 0x00007fddbb0e2da8, 0x00007fddbb0e2e00, 0x00007fddbed0b000)
 Metaspace       used 24836K, capacity 25295K, committed 25344K, reserved 26624K
GC Heap History (20 events):
Event: 42484.757 GC heap after
{Heap after GC invocations=50365 (full 3):
 def new generation   total 1748160K, used 2120K [0x00007fd77c600000, 0x00007fd7f2ed0000, 0x00007fdcd1b50000)
  eden space 1553984K,   0% used [0x00007fd77c600000, 0x00007fd77c600000, 0x00007fd7db390000)
  from space 194176K,   1% used [0x00007fd7e7130000, 0x00007fd7e73422a0, 0x00007fd7f2ed0000)
  to   space 194176K,   0% used [0x00007fd7db390000, 0x00007fd7db390000, 0x00007fd7e7130000)
 tenured generation   total 3884588K, used 3883359K [0x00007fdcd1b50000, 0x00007fddbecdb000, 0x00007fe77c600000)
   the space 3884588K,  99% used [0x00007fdcd1b50000, 0x00007fddbeba7c68, 0x00007fddbeba7e00, 0x00007fddbecdb000)
 Metaspace       used 24836K, capacity 25295K, committed 25344K, reserved 26624K
}
Event: 42486.198 GC heap before
{Heap before GC invocations=50365 (full 3):
 def new generation   total 1748160K, used 1556104K [0x00007fd77c600000, 0x00007fd7f2ed0000, 0x00007fdcd1b50000)
  eden space 1553984K, 100% used [0x00007fd77c600000, 0x00007fd7db390000, 0x00007fd7db390000)
  from space 194176K,   1% used [0x00007fd7e7130000, 0x00007fd7e73422a0, 0x00007fd7f2ed0000)
  to   space 194176K,   0% used [0x00007fd7db390000, 0x00007fd7db390000, 0x00007fd7e7130000)
 tenured generation   total 3884588K, used 3883359K [0x00007fdcd1b50000, 0x00007fddbecdb000, 0x00007fe77c600000)
   the space 3884588K,  99% used [0x00007fdcd1b50000, 0x00007fddbeba7c68, 0x00007fddbeba7e00, 0x00007fddbecdb000)
 Metaspace       used 24836K, capacity 25295K, committed 25344K, reserved 26624K
}
Event: 42486.209 GC heap after
{Heap after GC invocations=50366 (full 3):
 def new generation   total 1748160K, used 2156K [0x00007fd77c600000, 0x00007fd7f2ed0000, 0x00007fdcd1b50000)
  eden space 1553984K,   0% used [0x00007fd77c600000, 0x00007fd77c600000, 0x00007fd7db390000)
  from space 194176K,   1% used [0x00007fd7db390000, 0x00007fd7db5ab0e0, 0x00007fd7e7130000)
  to   space 194176K,   0% used [0x00007fd7e7130000, 0x00007fd7e7130000, 0x00007fd7f2ed0000)
 tenured generation   total 3884588K, used 3883514K [0x00007fdcd1b50000, 0x00007fddbecdb000, 0x00007fe77c600000)
   the space 3884588K,  99% used [0x00007fdcd1b50000, 0x00007fddbebceac0, 0x00007fddbebcec00, 0x00007fddbecdb000)
 Metaspace       used 24836K, capacity 25295K, committed 25344K, reserved 26624K
}
Event: 42487.777 GC heap before
{Heap before GC invocations=50366 (full 3):
 def new generation   total 1748160K, used 1556136K [0x00007fd77c600000, 0x00007fd7f2ed0000, 0x00007fdcd1b50000)
  eden space 1553984K,  99% used [0x00007fd77c600000, 0x00007fd7db38f0b8, 0x00007fd7db390000)
  from space 194176K,   1% used [0x00007fd7db390000, 0x00007fd7db5ab0e0, 0x00007fd7e7130000)
  to   space 194176K,   0% used [0x00007fd7e7130000, 0x00007fd7e7130000, 0x00007fd7f2ed0000)
 tenured generation   total 3884588K, used 3883514K [0x00007fdcd1b50000, 0x00007fddbecdb000, 0x00007fe77c600000)
   the space 3884588K,  99% used [0x00007fdcd1b50000, 0x00007fddbebceac0, 0x00007fddbebcec00, 0x00007fddbecdb000)
 Metaspace       used 24836K, capacity 25295K, committed 25344K, reserved 26624K
}
Event: 42487.787 GC heap after
{Heap after GC invocations=50367 (full 3):
 def new generation   total 1748160K, used 2263K [0x00007fd77c600000, 0x00007fd7f2ed0000, 0x00007fdcd1b50000)
  eden space 1553984K,   0% used [0x00007fd77c600000, 0x00007fd77c600000, 0x00007fd7db390000)
  from space 194176K,   1% used [0x00007fd7e7130000, 0x00007fd7e7365f90, 0x00007fd7f2ed0000)
  to   space 194176K,   0% used [0x00007fd7db390000, 0x00007fd7db390000, 0x00007fd7e7130000)
 tenured generation   total 3884588K, used 3883642K [0x00007fdcd1b50000, 0x00007fddbecdb000, 0x00007fe77c600000)
   the space 3884588K,  99% used [0x00007fdcd1b50000, 0x00007fddbebee828, 0x00007fddbebeea00, 0x00007fddbecdb000)
 Metaspace       used 24836K, capacity 25295K, committed 25344K, reserved 26624K
}
Event: 42489.287 GC heap before
{Heap before GC invocations=50367 (full 3):
 def new generation   total 1748160K, used 1556247K [0x00007fd77c600000, 0x00007fd7f2ed0000, 0x00007fdcd1b50000)
  eden space 1553984K,  99% used [0x00007fd77c600000, 0x00007fd7db38ffe8, 0x00007fd7db390000)
  from space 194176K,   1% used [0x00007fd7e7130000, 0x00007fd7e7365f90, 0x00007fd7f2ed0000)
  to   space 194176K,   0% used [0x00007fd7db390000, 0x00007fd7db390000, 0x00007fd7e7130000)
 tenured generation   total 3884588K, used 3883642K [0x00007fdcd1b50000, 0x00007fddbecdb000, 0x00007fe77c600000)
   the space 3884588K,  99% used [0x00007fdcd1b50000, 0x00007fddbebee828, 0x00007fddbebeea00, 0x00007fddbecdb000)
 Metaspace       used 24836K, capacity 25295K, committed 25344K, reserved 26624K
}
Event: 42489.296 GC heap after
{Heap after GC invocations=50368 (full 3):
 def new generation   total 1748160K, used 2185K [0x00007fd77c600000, 0x00007fd7f2ed0000, 0x00007fdcd1b50000)
  eden space 1553984K,   0% used [0x00007fd77c600000, 0x00007fd77c600000, 0x00007fd7db390000)
  from space 194176K,   1% used [0x00007fd7db390000, 0x00007fd7db5b2670, 0x00007fd7e7130000)
  to   space 194176K,   0% used [0x00007fd7e7130000, 0x00007fd7e7130000, 0x00007fd7f2ed0000)
 tenured generation   total 3884588K, used 3883766K [0x00007fdcd1b50000, 0x00007fddbecdb000, 0x00007fe77c600000)
   the space 3884588K,  99% used [0x00007fdcd1b50000, 0x00007fddbec0da08, 0x00007fddbec0dc00, 0x00007fddbecdb000)
 Metaspace       used 24836K, capacity 25295K, committed 25344K, reserved 26624K
}
Event: 42490.769 GC heap before
{Heap before GC invocations=50368 (full 3):
 def new generation   total 1748160K, used 1556169K [0x00007fd77c600000, 0x00007fd7f2ed0000, 0x00007fdcd1b50000)
  eden space 1553984K, 100% used [0x00007fd77c600000, 0x00007fd7db390000, 0x00007fd7db390000)
  from space 194176K,   1% used [0x00007fd7db390000, 0x00007fd7db5b2670, 0x00007fd7e7130000)
  to   space 194176K,   0% used [0x00007fd7e7130000, 0x00007fd7e7130000, 0x00007fd7f2ed0000)
 tenured generation   total 3884588K, used 3883766K [0x00007fdcd1b50000, 0x00007fddbecdb000, 0x00007fe77c600000)
   the space 3884588K,  99% used [0x00007fdcd1b50000, 0x00007fddbec0da08, 0x00007fddbec0dc00, 0x00007fddbecdb000)
 Metaspace       used 24836K, capacity 25295K, committed 25344K, reserved 26624K
}
Event: 42490.781 GC heap after
{Heap after GC invocations=50369 (full 3):
 def new generation   total 1748160K, used 2162K [0x00007fd77c600000, 0x00007fd7f2ed0000, 0x00007fdcd1b50000)
  eden space 1553984K,   0% used [0x00007fd77c600000, 0x00007fd77c600000, 0x00007fd7db390000)
  from space 194176K,   1% used [0x00007fd7e7130000, 0x00007fd7e734c900, 0x00007fd7f2ed0000)
  to   space 194176K,   0% used [0x00007fd7db390000, 0x00007fd7db390000, 0x00007fd7e7130000)
 tenured generation   total 3884588K, used 3883922K [0x00007fdcd1b50000, 0x00007fddbecdb000, 0x00007fe77c600000)
   the space 3884588K,  99% used [0x00007fdcd1b50000, 0x00007fddbec34860, 0x00007fddbec34a00, 0x00007fddbecdb000)
 Metaspace       used 24836K, capacity 25295K, committed 25344K, reserved 26624K
}
Event: 42492.322 GC heap before
{Heap before GC invocations=50369 (full 3):
 def new generation   total 1748160K, used 1556146K [0x00007fd77c600000, 0x00007fd7f2ed0000, 0x00007fdcd1b50000)
  eden space 1553984K, 100% used [0x00007fd77c600000, 0x00007fd7db390000, 0x00007fd7db390000)
  from space 194176K,   1% used [0x00007fd7e7130000, 0x00007fd7e734c900, 0x00007fd7f2ed0000)
  to   space 194176K,   0% used [0x00007fd7db390000, 0x00007fd7db390000, 0x00007fd7e7130000)
 tenured generation   total 3884588K, used 3883922K [0x00007fdcd1b50000, 0x00007fddbecdb000, 0x00007fe77c600000)
   the space 3884588K,  99% used [0x00007fdcd1b50000, 0x00007fddbec34860, 0x00007fddbec34a00, 0x00007fddbecdb000)
 Metaspace       used 24836K, capacity 25295K, committed 25344K, reserved 26624K
}
Event: 42492.331 GC heap after
{Heap after GC invocations=50370 (full 3):
 def new generation   total 1748160K, used 2088K [0x00007fd77c600000, 0x00007fd7f2ed0000, 0x00007fdcd1b50000)
  eden space 1553984K,   0% used [0x00007fd77c600000, 0x00007fd77c600000, 0x00007fd7db390000)
  from space 194176K,   1% used [0x00007fd7db390000, 0x00007fd7db59a210, 0x00007fd7e7130000)
  to   space 194176K,   0% used [0x00007fd7e7130000, 0x00007fd7e7130000, 0x00007fd7f2ed0000)
 tenured generation   total 3884588K, used 3884046K [0x00007fdcd1b50000, 0x00007fddbecdb000, 0x00007fe77c600000)
   the space 3884588K,  99% used [0x00007fdcd1b50000, 0x00007fddbec53a40, 0x00007fddbec53c00, 0x00007fddbecdb000)
 Metaspace       used 24836K, capacity 25295K, committed 25344K, reserved 26624K
}
Event: 42493.845 GC heap before
{Heap before GC invocations=50370 (full 3):
 def new generation   total 1748160K, used 1556072K [0x00007fd77c600000, 0x00007fd7f2ed0000, 0x00007fdcd1b50000)
  eden space 1553984K, 100% used [0x00007fd77c600000, 0x00007fd7db390000, 0x00007fd7db390000)
  from space 194176K,   1% used [0x00007fd7db390000, 0x00007fd7db59a210, 0x00007fd7e7130000)
  to   space 194176K,   0% used [0x00007fd7e7130000, 0x00007fd7e7130000, 0x00007fd7f2ed0000)
 tenured generation   total 3884588K, used 3884046K [0x00007fdcd1b50000, 0x00007fddbecdb000, 0x00007fe77c600000)
   the space 3884588K,  99% used [0x00007fdcd1b50000, 0x00007fddbec53a40, 0x00007fddbec53c00, 0x00007fddbecdb000)
 Metaspace       used 24836K, capacity 25295K, committed 25344K, reserved 26624K
}
Event: 42493.855 GC heap after
{Heap after GC invocations=50371 (full 3):
 def new generation   total 1748160K, used 2135K [0x00007fd77c600000, 0x00007fd7f2ed0000, 0x00007fdcd1b50000)
  eden space 1553984K,   0% used [0x00007fd77c600000, 0x00007fd77c600000, 0x00007fd7db390000)
  from space 194176K,   1% used [0x00007fd7e7130000, 0x00007fd7e7345db8, 0x00007fd7f2ed0000)
  to   space 194176K,   0% used [0x00007fd7db390000, 0x00007fd7db390000, 0x00007fd7e7130000)
 tenured generation   total 3884588K, used 3884171K [0x00007fdcd1b50000, 0x00007fddbecdb000, 0x00007fe77c600000)
   the space 3884588K,  99% used [0x00007fdcd1b50000, 0x00007fddbec72c20, 0x00007fddbec72e00, 0x00007fddbecdb000)
 Metaspace       used 24836K, capacity 25295K, committed 25344K, reserved 26624K
}
Event: 42495.350 GC heap before
{Heap before GC invocations=50371 (full 3):
 def new generation   total 1748160K, used 1556119K [0x00007fd77c600000, 0x00007fd7f2ed0000, 0x00007fdcd1b50000)
  eden space 1553984K, 100% used [0x00007fd77c600000, 0x00007fd7db390000, 0x00007fd7db390000)
  from space 194176K,   1% used [0x00007fd7e7130000, 0x00007fd7e7345db8, 0x00007fd7f2ed0000)
  to   space 194176K,   0% used [0x00007fd7db390000, 0x00007fd7db390000, 0x00007fd7e7130000)
 tenured generation   total 3884588K, used 3884171K [0x00007fdcd1b50000, 0x00007fddbecdb000, 0x00007fe77c600000)
   the space 3884588K,  99% used [0x00007fdcd1b50000, 0x00007fddbec72c20, 0x00007fddbec72e00, 0x00007fddbecdb000)
 Metaspace       used 24836K, capacity 25295K, committed 25344K, reserved 26624K
}
Event: 42495.361 GC heap after
{Heap after GC invocations=50372 (full 3):
 def new generation   total 1748160K, used 2169K [0x00007fd77c600000, 0x00007fd7f2ed0000, 0x00007fdcd1b50000)
  eden space 1553984K,   0% used [0x00007fd77c600000, 0x00007fd77c600000, 0x00007fd7db390000)
  from space 194176K,   1% used [0x00007fd7db390000, 0x00007fd7db5ae540, 0x00007fd7e7130000)
  to   space 194176K,   0% used [0x00007fd7e7130000, 0x00007fd7e7130000, 0x00007fd7f2ed0000)
 tenured generation   total 3884588K, used 3884326K [0x00007fdcd1b50000, 0x00007fddbecdb000, 0x00007fe77c600000)
   the space 3884588K,  99% used [0x00007fdcd1b50000, 0x00007fddbec99a78, 0x00007fddbec99c00, 0x00007fddbecdb000)
 Metaspace       used 24836K, capacity 25295K, committed 25344K, reserved 26624K
}
Event: 42496.836 GC heap before
{Heap before GC invocations=50372 (full 3):
 def new generation   total 1748160K, used 1556153K [0x00007fd77c600000, 0x00007fd7f2ed0000, 0x00007fdcd1b50000)
  eden space 1553984K, 100% used [0x00007fd77c600000, 0x00007fd7db390000, 0x00007fd7db390000)
  from space 194176K,   1% used [0x00007fd7db390000, 0x00007fd7db5ae540, 0x00007fd7e7130000)
  to   space 194176K,   0% used [0x00007fd7e7130000, 0x00007fd7e7130000, 0x00007fd7f2ed0000)
 tenured generation   total 3884588K, used 3884326K [0x00007fdcd1b50000, 0x00007fddbecdb000, 0x00007fe77c600000)
   the space 3884588K,  99% used [0x00007fdcd1b50000, 0x00007fddbec99a78, 0x00007fddbec99c00, 0x00007fddbecdb000)
 Metaspace       used 24836K, capacity 25295K, committed 25344K, reserved 26624K
}
Event: 42496.845 GC heap after
{Heap after GC invocations=50373 (full 3):
 def new generation   total 1748160K, used 2111K [0x00007fd77c600000, 0x00007fd7f2ed0000, 0x00007fdcd1b50000)
  eden space 1553984K,   0% used [0x00007fd77c600000, 0x00007fd77c600000, 0x00007fd7db390000)
  from space 194176K,   1% used [0x00007fd7e7130000, 0x00007fd7e733fff8, 0x00007fd7f2ed0000)
  to   space 194176K,   0% used [0x00007fd7db390000, 0x00007fd7db390000, 0x00007fd7e7130000)
 tenured generation   total 3884588K, used 3884451K [0x00007fdcd1b50000, 0x00007fddbecdb000, 0x00007fe77c600000)
   the space 3884588K,  99% used [0x00007fdcd1b50000, 0x00007fddbecb8c58, 0x00007fddbecb8e00, 0x00007fddbecdb000)
 Metaspace       used 24836K, capacity 25295K, committed 25344K, reserved 26624K
}
Event: 42498.330 GC heap before
{Heap before GC invocations=50373 (full 3):
 def new generation   total 1748160K, used 1556095K [0x00007fd77c600000, 0x00007fd7f2ed0000, 0x00007fdcd1b50000)
  eden space 1553984K, 100% used [0x00007fd77c600000, 0x00007fd7db390000, 0x00007fd7db390000)
  from space 194176K,   1% used [0x00007fd7e7130000, 0x00007fd7e733fff8, 0x00007fd7f2ed0000)
  to   space 194176K,   0% used [0x00007fd7db390000, 0x00007fd7db390000, 0x00007fd7e7130000)
 tenured generation   total 3884588K, used 3884451K [0x00007fdcd1b50000, 0x00007fddbecdb000, 0x00007fe77c600000)
   the space 3884588K,  99% used [0x00007fdcd1b50000, 0x00007fddbecb8c58, 0x00007fddbecb8e00, 0x00007fddbecdb000)
 Metaspace       used 24836K, capacity 25295K, committed 25344K, reserved 26624K
}
Event: 42498.340 GC heap after
{Heap after GC invocations=50374 (full 3):
 def new generation   total 1748160K, used 2122K [0x00007fd77c600000, 0x00007fd7f2ed0000, 0x00007fdcd1b50000)
  eden space 1553984K,   0% used [0x00007fd77c600000, 0x00007fd77c600000, 0x00007fd7db390000)
  from space 194176K,   1% used [0x00007fd7db390000, 0x00007fd7db5a2838, 0x00007fd7e7130000)
  to   space 194176K,   0% used [0x00007fd7e7130000, 0x00007fd7e7130000, 0x00007fd7f2ed0000)
 tenured generation   total 3884780K, used 3884606K [0x00007fdcd1b50000, 0x00007fddbed0b000, 0x00007fe77c600000)
   the space 3884780K,  99% used [0x00007fdcd1b50000, 0x00007fddbecdfab0, 0x00007fddbecdfc00, 0x00007fddbed0b000)
 Metaspace       used 24836K, capacity 25295K, committed 25344K, reserved 26624K
}
Event: 42498.340 GC heap before
{Heap before GC invocations=50374 (full 3):
 def new generation   total 1748160K, used 2122K [0x00007fd77c600000, 0x00007fd7f2ed0000, 0x00007fdcd1b50000)
  eden space 1553984K,   0% used [0x00007fd77c600000, 0x00007fd77c600000, 0x00007fd7db390000)
  from space 194176K,   1% used [0x00007fd7db390000, 0x00007fd7db5a2838, 0x00007fd7e7130000)
  to   space 194176K,   0% used [0x00007fd7e7130000, 0x00007fd7e7130000, 0x00007fd7f2ed0000)
 tenured generation   total 3884780K, used 3884606K [0x00007fdcd1b50000, 0x00007fddbed0b000, 0x00007fe77c600000)
   the space 3884780K,  99% used [0x00007fdcd1b50000, 0x00007fddbecdfab0, 0x00007fddbecdfc00, 0x00007fddbed0b000)
 Metaspace       used 24836K, capacity 25295K, committed 25344K, reserved 26624K
}

