# JRE version: OpenJDK Runtime Environment (13.0.7+5) (build 13.0.7+5-Ubuntu-0ubuntu120.04)
# Java VM: OpenJDK 64-Bit Server VM (13.0.7+5-Ubuntu-0ubuntu120.04, mixed mode, tiered, serial gc, linux-amd64)
Heap:
 def new generation   total 1747968K, used 0K [0x00007f2f68600000, 0x00007f2fdeea0000, 0x00007f34bdb50000)
  eden space 1553792K,   0% used [0x00007f2f68600000, 0x00007f2f68600000, 0x00007f2fc7360000)
  from space 194176K,   0% used [0x00007f2fd3100000, 0x00007f2fd3100000, 0x00007f2fdeea0000)
  to   space 194176K,   0% used [0x00007f2fc7360000, 0x00007f2fc7360000, 0x00007f2fd3100000)
 tenured generation   total 3884460K, used 3812483K [0x00007f34bdb50000, 0x00007f35aacbb000, 0x00007f3f68600000)
   the space 3884460K,  98% used [0x00007f34bdb50000, 0x00007f35a6670f48, 0x00007f35a6671000, 0x00007f35aacbb000)
 Metaspace       used 24811K, capacity 25263K, committed 25344K, reserved 26624K
GC Heap History (20 events):
Event: 20997.080 GC heap after
{Heap after GC invocations=45185 (full 3):
 def new generation   total 1747968K, used 2372K [0x00007f2f68600000, 0x00007f2fdeea0000, 0x00007f34bdb50000)
  eden space 1553792K,   0% used [0x00007f2f68600000, 0x00007f2f68600000, 0x00007f2fc7360000)
  from space 194176K,   1% used [0x00007f2fc7360000, 0x00007f2fc75b13f0, 0x00007f2fd3100000)
  to   space 194176K,   0% used [0x00007f2fd3100000, 0x00007f2fd3100000, 0x00007f2fdeea0000)
 tenured generation   total 3884268K, used 3882890K [0x00007f34bdb50000, 0x00007f35aac8b000, 0x00007f3f68600000)
   the space 3884268K,  99% used [0x00007f34bdb50000, 0x00007f35aab32be8, 0x00007f35aab32c00, 0x00007f35aac8b000)
 Metaspace       used 24811K, capacity 25263K, committed 25344K, reserved 26624K
}
Event: 20997.909 GC heap before
{Heap before GC invocations=45185 (full 3):
 def new generation   total 1747968K, used 1556164K [0x00007f2f68600000, 0x00007f2fdeea0000, 0x00007f34bdb50000)
  eden space 1553792K, 100% used [0x00007f2f68600000, 0x00007f2fc7360000, 0x00007f2fc7360000)
  from space 194176K,   1% used [0x00007f2fc7360000, 0x00007f2fc75b13f0, 0x00007f2fd3100000)
  to   space 194176K,   0% used [0x00007f2fd3100000, 0x00007f2fd3100000, 0x00007f2fdeea0000)
 tenured generation   total 3884268K, used 3882890K [0x00007f34bdb50000, 0x00007f35aac8b000, 0x00007f3f68600000)
   the space 3884268K,  99% used [0x00007f34bdb50000, 0x00007f35aab32be8, 0x00007f35aab32c00, 0x00007f35aac8b000)
 Metaspace       used 24811K, capacity 25263K, committed 25344K, reserved 26624K
}
Event: 20997.913 GC heap after
{Heap after GC invocations=45186 (full 3):
 def new generation   total 1747968K, used 2464K [0x00007f2f68600000, 0x00007f2fdeea0000, 0x00007f34bdb50000)
  eden space 1553792K,   0% used [0x00007f2f68600000, 0x00007f2f68600000, 0x00007f2fc7360000)
  from space 194176K,   1% used [0x00007f2fd3100000, 0x00007f2fd33681c8, 0x00007f2fdeea0000)
  to   space 194176K,   0% used [0x00007f2fc7360000, 0x00007f2fc7360000, 0x00007f2fd3100000)
 tenured generation   total 3884268K, used 3883052K [0x00007f34bdb50000, 0x00007f35aac8b000, 0x00007f3f68600000)
   the space 3884268K,  99% used [0x00007f34bdb50000, 0x00007f35aab5b070, 0x00007f35aab5b200, 0x00007f35aac8b000)
 Metaspace       used 24811K, capacity 25263K, committed 25344K, reserved 26624K
}
Event: 20998.754 GC heap before
{Heap before GC invocations=45186 (full 3):
 def new generation   total 1747968K, used 1556256K [0x00007f2f68600000, 0x00007f2fdeea0000, 0x00007f34bdb50000)
  eden space 1553792K, 100% used [0x00007f2f68600000, 0x00007f2fc7360000, 0x00007f2fc7360000)
  from space 194176K,   1% used [0x00007f2fd3100000, 0x00007f2fd33681c8, 0x00007f2fdeea0000)
  to   space 194176K,   0% used [0x00007f2fc7360000, 0x00007f2fc7360000, 0x00007f2fd3100000)
 tenured generation   total 3884268K, used 3883052K [0x00007f34bdb50000, 0x00007f35aac8b000, 0x00007f3f68600000)
   the space 3884268K,  99% used [0x00007f34bdb50000, 0x00007f35aab5b070, 0x00007f35aab5b200, 0x00007f35aac8b000)
 Metaspace       used 24811K, capacity 25263K, committed 25344K, reserved 26624K
}
Event: 20998.758 GC heap after
{Heap after GC invocations=45187 (full 3):
 def new generation   total 1747968K, used 2443K [0x00007f2f68600000, 0x00007f2fdeea0000, 0x00007f34bdb50000)
  eden space 1553792K,   0% used [0x00007f2f68600000, 0x00007f2f68600000, 0x00007f2fc7360000)
  from space 194176K,   1% used [0x00007f2fc7360000, 0x00007f2fc75c2db0, 0x00007f2fd3100000)
  to   space 194176K,   0% used [0x00007f2fd3100000, 0x00007f2fd3100000, 0x00007f2fdeea0000)
 tenured generation   total 3884268K, used 3883213K [0x00007f34bdb50000, 0x00007f35aac8b000, 0x00007f3f68600000)
   the space 3884268K,  99% used [0x00007f34bdb50000, 0x00007f35aab834f8, 0x00007f35aab83600, 0x00007f35aac8b000)
 Metaspace       used 24811K, capacity 25263K, committed 25344K, reserved 26624K
}
Event: 20999.599 GC heap before
{Heap before GC invocations=45187 (full 3):
 def new generation   total 1747968K, used 1556235K [0x00007f2f68600000, 0x00007f2fdeea0000, 0x00007f34bdb50000)
  eden space 1553792K, 100% used [0x00007f2f68600000, 0x00007f2fc7360000, 0x00007f2fc7360000)
  from space 194176K,   1% used [0x00007f2fc7360000, 0x00007f2fc75c2db0, 0x00007f2fd3100000)
  to   space 194176K,   0% used [0x00007f2fd3100000, 0x00007f2fd3100000, 0x00007f2fdeea0000)
 tenured generation   total 3884268K, used 3883213K [0x00007f34bdb50000, 0x00007f35aac8b000, 0x00007f3f68600000)
   the space 3884268K,  99% used [0x00007f34bdb50000, 0x00007f35aab834f8, 0x00007f35aab83600, 0x00007f35aac8b000)
 Metaspace       used 24811K, capacity 25263K, committed 25344K, reserved 26624K
}
Event: 20999.603 GC heap after
{Heap after GC invocations=45188 (full 3):
 def new generation   total 1747968K, used 2390K [0x00007f2f68600000, 0x00007f2fdeea0000, 0x00007f34bdb50000)
  eden space 1553792K,   0% used [0x00007f2f68600000, 0x00007f2f68600000, 0x00007f2fc7360000)
  from space 194176K,   1% used [0x00007f2fd3100000, 0x00007f2fd3355840, 0x00007f2fdeea0000)
  to   space 194176K,   0% used [0x00007f2fc7360000, 0x00007f2fc7360000, 0x00007f2fd3100000)
 tenured generation   total 3884268K, used 3883342K [0x00007f34bdb50000, 0x00007f35aac8b000, 0x00007f3f68600000)
   the space 3884268K,  99% used [0x00007f34bdb50000, 0x00007f35aaba3898, 0x00007f35aaba3a00, 0x00007f35aac8b000)
 Metaspace       used 24811K, capacity 25263K, committed 25344K, reserved 26624K
}
Event: 21000.441 GC heap before
{Heap before GC invocations=45188 (full 3):
 def new generation   total 1747968K, used 1556182K [0x00007f2f68600000, 0x00007f2fdeea0000, 0x00007f34bdb50000)
  eden space 1553792K, 100% used [0x00007f2f68600000, 0x00007f2fc7360000, 0x00007f2fc7360000)
  from space 194176K,   1% used [0x00007f2fd3100000, 0x00007f2fd3355840, 0x00007f2fdeea0000)
  to   space 194176K,   0% used [0x00007f2fc7360000, 0x00007f2fc7360000, 0x00007f2fd3100000)
 tenured generation   total 3884268K, used 3883342K [0x00007f34bdb50000, 0x00007f35aac8b000, 0x00007f3f68600000)
   the space 3884268K,  99% used [0x00007f34bdb50000, 0x00007f35aaba3898, 0x00007f35aaba3a00, 0x00007f35aac8b000)
 Metaspace       used 24811K, capacity 25263K, committed 25344K, reserved 26624K
}
Event: 21000.445 GC heap after
{Heap after GC invocations=45189 (full 3):
 def new generation   total 1747968K, used 2354K [0x00007f2f68600000, 0x00007f2fdeea0000, 0x00007f34bdb50000)
  eden space 1553792K,   0% used [0x00007f2f68600000, 0x00007f2f68600000, 0x00007f2fc7360000)
  from space 194176K,   1% used [0x00007f2fc7360000, 0x00007f2fc75ac8c8, 0x00007f2fd3100000)
  to   space 194176K,   0% used [0x00007f2fd3100000, 0x00007f2fd3100000, 0x00007f2fdeea0000)
 tenured generation   total 3884268K, used 3883503K [0x00007f34bdb50000, 0x00007f35aac8b000, 0x00007f3f68600000)
   the space 3884268K,  99% used [0x00007f34bdb50000, 0x00007f35aabcbd20, 0x00007f35aabcbe00, 0x00007f35aac8b000)
 Metaspace       used 24811K, capacity 25263K, committed 25344K, reserved 26624K
}
Event: 21001.284 GC heap before
{Heap before GC invocations=45189 (full 3):
 def new generation   total 1747968K, used 1556146K [0x00007f2f68600000, 0x00007f2fdeea0000, 0x00007f34bdb50000)
  eden space 1553792K, 100% used [0x00007f2f68600000, 0x00007f2fc7360000, 0x00007f2fc7360000)
  from space 194176K,   1% used [0x00007f2fc7360000, 0x00007f2fc75ac8c8, 0x00007f2fd3100000)
  to   space 194176K,   0% used [0x00007f2fd3100000, 0x00007f2fd3100000, 0x00007f2fdeea0000)
 tenured generation   total 3884268K, used 3883503K [0x00007f34bdb50000, 0x00007f35aac8b000, 0x00007f3f68600000)
   the space 3884268K,  99% used [0x00007f34bdb50000, 0x00007f35aabcbd20, 0x00007f35aabcbe00, 0x00007f35aac8b000)
 Metaspace       used 24811K, capacity 25263K, committed 25344K, reserved 26624K
}
Event: 21001.288 GC heap after
{Heap after GC invocations=45190 (full 3):
 def new generation   total 1747968K, used 2436K [0x00007f2f68600000, 0x00007f2fdeea0000, 0x00007f34bdb50000)
  eden space 1553792K,   0% used [0x00007f2f68600000, 0x00007f2f68600000, 0x00007f2fc7360000)
  from space 194176K,   1% used [0x00007f2fd3100000, 0x00007f2fd33610a8, 0x00007f2fdeea0000)
  to   space 194176K,   0% used [0x00007f2fc7360000, 0x00007f2fc7360000, 0x00007f2fd3100000)
 tenured generation   total 3884268K, used 3883664K [0x00007f34bdb50000, 0x00007f35aac8b000, 0x00007f3f68600000)
   the space 3884268K,  99% used [0x00007f34bdb50000, 0x00007f35aabf41a8, 0x00007f35aabf4200, 0x00007f35aac8b000)
 Metaspace       used 24811K, capacity 25263K, committed 25344K, reserved 26624K
}
Event: 21002.121 GC heap before
{Heap before GC invocations=45190 (full 3):
 def new generation   total 1747968K, used 1556228K [0x00007f2f68600000, 0x00007f2fdeea0000, 0x00007f34bdb50000)
  eden space 1553792K, 100% used [0x00007f2f68600000, 0x00007f2fc7360000, 0x00007f2fc7360000)
  from space 194176K,   1% used [0x00007f2fd3100000, 0x00007f2fd33610a8, 0x00007f2fdeea0000)
  to   space 194176K,   0% used [0x00007f2fc7360000, 0x00007f2fc7360000, 0x00007f2fd3100000)
 tenured generation   total 3884268K, used 3883664K [0x00007f34bdb50000, 0x00007f35aac8b000, 0x00007f3f68600000)
   the space 3884268K,  99% used [0x00007f34bdb50000, 0x00007f35aabf41a8, 0x00007f35aabf4200, 0x00007f35aac8b000)
 Metaspace       used 24811K, capacity 25263K, committed 25344K, reserved 26624K
}
Event: 21002.125 GC heap after
{Heap after GC invocations=45191 (full 3):
 def new generation   total 1747968K, used 2406K [0x00007f2f68600000, 0x00007f2fdeea0000, 0x00007f34bdb50000)
  eden space 1553792K,   0% used [0x00007f2f68600000, 0x00007f2f68600000, 0x00007f2fc7360000)
  from space 194176K,   1% used [0x00007f2fc7360000, 0x00007f2fc75b9820, 0x00007f2fd3100000)
  to   space 194176K,   0% used [0x00007f2fd3100000, 0x00007f2fd3100000, 0x00007f2fdeea0000)
 tenured generation   total 3884268K, used 3883793K [0x00007f34bdb50000, 0x00007f35aac8b000, 0x00007f3f68600000)
   the space 3884268K,  99% used [0x00007f34bdb50000, 0x00007f35aac14548, 0x00007f35aac14600, 0x00007f35aac8b000)
 Metaspace       used 24811K, capacity 25263K, committed 25344K, reserved 26624K
}
Event: 21002.960 GC heap before
{Heap before GC invocations=45191 (full 3):
 def new generation   total 1747968K, used 1556198K [0x00007f2f68600000, 0x00007f2fdeea0000, 0x00007f34bdb50000)
  eden space 1553792K, 100% used [0x00007f2f68600000, 0x00007f2fc7360000, 0x00007f2fc7360000)
  from space 194176K,   1% used [0x00007f2fc7360000, 0x00007f2fc75b9820, 0x00007f2fd3100000)
  to   space 194176K,   0% used [0x00007f2fd3100000, 0x00007f2fd3100000, 0x00007f2fdeea0000)
 tenured generation   total 3884268K, used 3883793K [0x00007f34bdb50000, 0x00007f35aac8b000, 0x00007f3f68600000)
   the space 3884268K,  99% used [0x00007f34bdb50000, 0x00007f35aac14548, 0x00007f35aac14600, 0x00007f35aac8b000)
 Metaspace       used 24811K, capacity 25263K, committed 25344K, reserved 26624K
}
Event: 21002.964 GC heap after
{Heap after GC invocations=45192 (full 3):
 def new generation   total 1747968K, used 2337K [0x00007f2f68600000, 0x00007f2fdeea0000, 0x00007f34bdb50000)
  eden space 1553792K,   0% used [0x00007f2f68600000, 0x00007f2f68600000, 0x00007f2fc7360000)
  from space 194176K,   1% used [0x00007f2fd3100000, 0x00007f2fd3348590, 0x00007f2fdeea0000)
  to   space 194176K,   0% used [0x00007f2fc7360000, 0x00007f2fc7360000, 0x00007f2fd3100000)
 tenured generation   total 3884268K, used 3883954K [0x00007f34bdb50000, 0x00007f35aac8b000, 0x00007f3f68600000)
   the space 3884268K,  99% used [0x00007f34bdb50000, 0x00007f35aac3c9d0, 0x00007f35aac3ca00, 0x00007f35aac8b000)
 Metaspace       used 24811K, capacity 25263K, committed 25344K, reserved 26624K
}
Event: 21003.805 GC heap before
{Heap before GC invocations=45192 (full 3):
 def new generation   total 1747968K, used 1556129K [0x00007f2f68600000, 0x00007f2fdeea0000, 0x00007f34bdb50000)
  eden space 1553792K, 100% used [0x00007f2f68600000, 0x00007f2fc7360000, 0x00007f2fc7360000)
  from space 194176K,   1% used [0x00007f2fd3100000, 0x00007f2fd3348590, 0x00007f2fdeea0000)
  to   space 194176K,   0% used [0x00007f2fc7360000, 0x00007f2fc7360000, 0x00007f2fd3100000)
 tenured generation   total 3884268K, used 3883954K [0x00007f34bdb50000, 0x00007f35aac8b000, 0x00007f3f68600000)
   the space 3884268K,  99% used [0x00007f34bdb50000, 0x00007f35aac3c9d0, 0x00007f35aac3ca00, 0x00007f35aac8b000)
 Metaspace       used 24811K, capacity 25263K, committed 25344K, reserved 26624K
}
Event: 21003.809 GC heap after
{Heap after GC invocations=45193 (full 3):
 def new generation   total 1747968K, used 2439K [0x00007f2f68600000, 0x00007f2fdeea0000, 0x00007f34bdb50000)
  eden space 1553792K,   0% used [0x00007f2f68600000, 0x00007f2f68600000, 0x00007f2fc7360000)
  from space 194176K,   1% used [0x00007f2fc7360000, 0x00007f2fc75c1d38, 0x00007f2fd3100000)
  to   space 194176K,   0% used [0x00007f2fd3100000, 0x00007f2fd3100000, 0x00007f2fdeea0000)
 tenured generation   total 3884268K, used 3884115K [0x00007f34bdb50000, 0x00007f35aac8b000, 0x00007f3f68600000)
   the space 3884268K,  99% used [0x00007f34bdb50000, 0x00007f35aac64e58, 0x00007f35aac65000, 0x00007f35aac8b000)
 Metaspace       used 24811K, capacity 25263K, committed 25344K, reserved 26624K
}
Event: 21004.650 GC heap before
{Heap before GC invocations=45193 (full 3):
 def new generation   total 1747968K, used 1556231K [0x00007f2f68600000, 0x00007f2fdeea0000, 0x00007f34bdb50000)
  eden space 1553792K, 100% used [0x00007f2f68600000, 0x00007f2fc7360000, 0x00007f2fc7360000)
  from space 194176K,   1% used [0x00007f2fc7360000, 0x00007f2fc75c1d38, 0x00007f2fd3100000)
  to   space 194176K,   0% used [0x00007f2fd3100000, 0x00007f2fd3100000, 0x00007f2fdeea0000)
 tenured generation   total 3884268K, used 3884115K [0x00007f34bdb50000, 0x00007f35aac8b000, 0x00007f3f68600000)
   the space 3884268K,  99% used [0x00007f34bdb50000, 0x00007f35aac64e58, 0x00007f35aac65000, 0x00007f35aac8b000)
 Metaspace       used 24811K, capacity 25263K, committed 25344K, reserved 26624K
}
Event: 21004.654 GC heap after
{Heap after GC invocations=45194 (full 3):
 def new generation   total 1747968K, used 2390K [0x00007f2f68600000, 0x00007f2fdeea0000, 0x00007f34bdb50000)
  eden space 1553792K,   0% used [0x00007f2f68600000, 0x00007f2f68600000, 0x00007f2fc7360000)
  from space 194176K,   1% used [0x00007f2fd3100000, 0x00007f2fd3355ae8, 0x00007f2fdeea0000)
  to   space 194176K,   0% used [0x00007f2fc7360000, 0x00007f2fc7360000, 0x00007f2fd3100000)
 tenured generation   total 3884460K, used 3884276K [0x00007f34bdb50000, 0x00007f35aacbb000, 0x00007f3f68600000)
   the space 3884460K,  99% used [0x00007f34bdb50000, 0x00007f35aac8d2e0, 0x00007f35aac8d400, 0x00007f35aacbb000)
 Metaspace       used 24811K, capacity 25263K, committed 25344K, reserved 26624K
}
Event: 21004.654 GC heap before
{Heap before GC invocations=45194 (full 3):
 def new generation   total 1747968K, used 2390K [0x00007f2f68600000, 0x00007f2fdeea0000, 0x00007f34bdb50000)
  eden space 1553792K,   0% used [0x00007f2f68600000, 0x00007f2f68600000, 0x00007f2fc7360000)
  from space 194176K,   1% used [0x00007f2fd3100000, 0x00007f2fd3355ae8, 0x00007f2fdeea0000)
  to   space 194176K,   0% used [0x00007f2fc7360000, 0x00007f2fc7360000, 0x00007f2fd3100000)
 tenured generation   total 3884460K, used 3884276K [0x00007f34bdb50000, 0x00007f35aacbb000, 0x00007f3f68600000)
   the space 3884460K,  99% used [0x00007f34bdb50000, 0x00007f35aac8d2e0, 0x00007f35aac8d400, 0x00007f35aacbb000)
 Metaspace       used 24811K, capacity 25263K, committed 25344K, reserved 26624K
}

