# JRE version: OpenJDK Runtime Environment (13.0.7+5) (build 13.0.7+5-Ubuntu-0ubuntu120.04)
# Java VM: OpenJDK 64-Bit Server VM (13.0.7+5-Ubuntu-0ubuntu120.04, mixed mode, tiered, serial gc, linux-amd64)
Heap:
 def new generation   total 1748160K, used 0K [0x00007f67c8600000, 0x00007f683eed0000, 0x00007f6d1db50000)
  eden space 1553984K,   0% used [0x00007f67c8600000, 0x00007f67c8600000, 0x00007f6827390000)
  from space 194176K,   0% used [0x00007f6827390000, 0x00007f6827390000, 0x00007f6833130000)
  to   space 194176K,   0% used [0x00007f6833130000, 0x00007f6833130000, 0x00007f683eed0000)
 tenured generation   total 3884972K, used 3850388K [0x00007f6d1db50000, 0x00007f6e0ad3b000, 0x00007f77c8600000)
   the space 3884972K,  99% used [0x00007f6d1db50000, 0x00007f6e08b75260, 0x00007f6e08b75400, 0x00007f6e0ad3b000)
 Metaspace       used 24791K, capacity 25237K, committed 25344K, reserved 26624K
GC Heap History (20 events):
Event: 12053.983 GC heap after
{Heap after GC invocations=15405 (full 3):
 def new generation   total 1748160K, used 6891K [0x00007f67c8600000, 0x00007f683eed0000, 0x00007f6d1db50000)
  eden space 1553984K,   0% used [0x00007f67c8600000, 0x00007f67c8600000, 0x00007f6827390000)
  from space 194176K,   3% used [0x00007f6833130000, 0x00007f68337eada8, 0x00007f683eed0000)
  to   space 194176K,   0% used [0x00007f6827390000, 0x00007f6827390000, 0x00007f6833130000)
 tenured generation   total 3884588K, used 3880742K [0x00007f6d1db50000, 0x00007f6e0acdb000, 0x00007f77c8600000)
   the space 3884588K,  99% used [0x00007f6d1db50000, 0x00007f6e0a919bf8, 0x00007f6e0a919c00, 0x00007f6e0acdb000)
 Metaspace       used 24791K, capacity 25237K, committed 25344K, reserved 26624K
}
Event: 12055.359 GC heap before
{Heap before GC invocations=15405 (full 3):
 def new generation   total 1748160K, used 1560875K [0x00007f67c8600000, 0x00007f683eed0000, 0x00007f6d1db50000)
  eden space 1553984K, 100% used [0x00007f67c8600000, 0x00007f6827390000, 0x00007f6827390000)
  from space 194176K,   3% used [0x00007f6833130000, 0x00007f68337eada8, 0x00007f683eed0000)
  to   space 194176K,   0% used [0x00007f6827390000, 0x00007f6827390000, 0x00007f6833130000)
 tenured generation   total 3884588K, used 3880742K [0x00007f6d1db50000, 0x00007f6e0acdb000, 0x00007f77c8600000)
   the space 3884588K,  99% used [0x00007f6d1db50000, 0x00007f6e0a919bf8, 0x00007f6e0a919c00, 0x00007f6e0acdb000)
 Metaspace       used 24791K, capacity 25237K, committed 25344K, reserved 26624K
}
Event: 12055.376 GC heap after
{Heap after GC invocations=15406 (full 3):
 def new generation   total 1748160K, used 6886K [0x00007f67c8600000, 0x00007f683eed0000, 0x00007f6d1db50000)
  eden space 1553984K,   0% used [0x00007f67c8600000, 0x00007f67c8600000, 0x00007f6827390000)
  from space 194176K,   3% used [0x00007f6827390000, 0x00007f6827a49be8, 0x00007f6833130000)
  to   space 194176K,   0% used [0x00007f6833130000, 0x00007f6833130000, 0x00007f683eed0000)
 tenured generation   total 3884588K, used 3881194K [0x00007f6d1db50000, 0x00007f6e0acdb000, 0x00007f77c8600000)
   the space 3884588K,  99% used [0x00007f6d1db50000, 0x00007f6e0a98ab78, 0x00007f6e0a98ac00, 0x00007f6e0acdb000)
 Metaspace       used 24791K, capacity 25237K, committed 25344K, reserved 26624K
}
Event: 12056.726 GC heap before
{Heap before GC invocations=15406 (full 3):
 def new generation   total 1748160K, used 1560870K [0x00007f67c8600000, 0x00007f683eed0000, 0x00007f6d1db50000)
  eden space 1553984K, 100% used [0x00007f67c8600000, 0x00007f6827390000, 0x00007f6827390000)
  from space 194176K,   3% used [0x00007f6827390000, 0x00007f6827a49be8, 0x00007f6833130000)
  to   space 194176K,   0% used [0x00007f6833130000, 0x00007f6833130000, 0x00007f683eed0000)
 tenured generation   total 3884588K, used 3881194K [0x00007f6d1db50000, 0x00007f6e0acdb000, 0x00007f77c8600000)
   the space 3884588K,  99% used [0x00007f6d1db50000, 0x00007f6e0a98ab78, 0x00007f6e0a98ac00, 0x00007f6e0acdb000)
 Metaspace       used 24791K, capacity 25237K, committed 25344K, reserved 26624K
}
Event: 12056.744 GC heap after
{Heap after GC invocations=15407 (full 3):
 def new generation   total 1748160K, used 6864K [0x00007f67c8600000, 0x00007f683eed0000, 0x00007f6d1db50000)
  eden space 1553984K,   0% used [0x00007f67c8600000, 0x00007f67c8600000, 0x00007f6827390000)
  from space 194176K,   3% used [0x00007f6833130000, 0x00007f68337e4370, 0x00007f683eed0000)
  to   space 194176K,   0% used [0x00007f6827390000, 0x00007f6827390000, 0x00007f6833130000)
 tenured generation   total 3884588K, used 3881646K [0x00007f6d1db50000, 0x00007f6e0acdb000, 0x00007f77c8600000)
   the space 3884588K,  99% used [0x00007f6d1db50000, 0x00007f6e0a9fbaf8, 0x00007f6e0a9fbc00, 0x00007f6e0acdb000)
 Metaspace       used 24791K, capacity 25237K, committed 25344K, reserved 26624K
}
Event: 12058.109 GC heap before
{Heap before GC invocations=15407 (full 3):
 def new generation   total 1748160K, used 1560848K [0x00007f67c8600000, 0x00007f683eed0000, 0x00007f6d1db50000)
  eden space 1553984K, 100% used [0x00007f67c8600000, 0x00007f6827390000, 0x00007f6827390000)
  from space 194176K,   3% used [0x00007f6833130000, 0x00007f68337e4370, 0x00007f683eed0000)
  to   space 194176K,   0% used [0x00007f6827390000, 0x00007f6827390000, 0x00007f6833130000)
 tenured generation   total 3884588K, used 3881646K [0x00007f6d1db50000, 0x00007f6e0acdb000, 0x00007f77c8600000)
   the space 3884588K,  99% used [0x00007f6d1db50000, 0x00007f6e0a9fbaf8, 0x00007f6e0a9fbc00, 0x00007f6e0acdb000)
 Metaspace       used 24791K, capacity 25237K, committed 25344K, reserved 26624K
}
Event: 12058.123 GC heap after
{Heap after GC invocations=15408 (full 3):
 def new generation   total 1748160K, used 6897K [0x00007f67c8600000, 0x00007f683eed0000, 0x00007f6d1db50000)
  eden space 1553984K,   0% used [0x00007f67c8600000, 0x00007f67c8600000, 0x00007f6827390000)
  from space 194176K,   3% used [0x00007f6827390000, 0x00007f6827a4c710, 0x00007f6833130000)
  to   space 194176K,   0% used [0x00007f6833130000, 0x00007f6833130000, 0x00007f683eed0000)
 tenured generation   total 3884588K, used 3882102K [0x00007f6d1db50000, 0x00007f6e0acdb000, 0x00007f77c8600000)
   the space 3884588K,  99% used [0x00007f6d1db50000, 0x00007f6e0aa6dbb8, 0x00007f6e0aa6dc00, 0x00007f6e0acdb000)
 Metaspace       used 24791K, capacity 25237K, committed 25344K, reserved 26624K
}
Event: 12059.463 GC heap before
{Heap before GC invocations=15408 (full 3):
 def new generation   total 1748160K, used 1560881K [0x00007f67c8600000, 0x00007f683eed0000, 0x00007f6d1db50000)
  eden space 1553984K, 100% used [0x00007f67c8600000, 0x00007f6827390000, 0x00007f6827390000)
  from space 194176K,   3% used [0x00007f6827390000, 0x00007f6827a4c710, 0x00007f6833130000)
  to   space 194176K,   0% used [0x00007f6833130000, 0x00007f6833130000, 0x00007f683eed0000)
 tenured generation   total 3884588K, used 3882102K [0x00007f6d1db50000, 0x00007f6e0acdb000, 0x00007f77c8600000)
   the space 3884588K,  99% used [0x00007f6d1db50000, 0x00007f6e0aa6dbb8, 0x00007f6e0aa6dc00, 0x00007f6e0acdb000)
 Metaspace       used 24791K, capacity 25237K, committed 25344K, reserved 26624K
}
Event: 12059.481 GC heap after
{Heap after GC invocations=15409 (full 3):
 def new generation   total 1748160K, used 6879K [0x00007f67c8600000, 0x00007f683eed0000, 0x00007f6d1db50000)
  eden space 1553984K,   0% used [0x00007f67c8600000, 0x00007f67c8600000, 0x00007f6827390000)
  from space 194176K,   3% used [0x00007f6833130000, 0x00007f68337e7ce0, 0x00007f683eed0000)
  to   space 194176K,   0% used [0x00007f6827390000, 0x00007f6827390000, 0x00007f6833130000)
 tenured generation   total 3884588K, used 3882554K [0x00007f6d1db50000, 0x00007f6e0acdb000, 0x00007f77c8600000)
   the space 3884588K,  99% used [0x00007f6d1db50000, 0x00007f6e0aadeb38, 0x00007f6e0aadec00, 0x00007f6e0acdb000)
 Metaspace       used 24791K, capacity 25237K, committed 25344K, reserved 26624K
}
Event: 12060.852 GC heap before
{Heap before GC invocations=15409 (full 3):
 def new generation   total 1748160K, used 1560863K [0x00007f67c8600000, 0x00007f683eed0000, 0x00007f6d1db50000)
  eden space 1553984K, 100% used [0x00007f67c8600000, 0x00007f6827390000, 0x00007f6827390000)
  from space 194176K,   3% used [0x00007f6833130000, 0x00007f68337e7ce0, 0x00007f683eed0000)
  to   space 194176K,   0% used [0x00007f6827390000, 0x00007f6827390000, 0x00007f6833130000)
 tenured generation   total 3884588K, used 3882554K [0x00007f6d1db50000, 0x00007f6e0acdb000, 0x00007f77c8600000)
   the space 3884588K,  99% used [0x00007f6d1db50000, 0x00007f6e0aadeb38, 0x00007f6e0aadec00, 0x00007f6e0acdb000)
 Metaspace       used 24791K, capacity 25237K, committed 25344K, reserved 26624K
}
Event: 12060.866 GC heap after
{Heap after GC invocations=15410 (full 3):
 def new generation   total 1748160K, used 6872K [0x00007f67c8600000, 0x00007f683eed0000, 0x00007f6d1db50000)
  eden space 1553984K,   0% used [0x00007f67c8600000, 0x00007f67c8600000, 0x00007f6827390000)
  from space 194176K,   3% used [0x00007f6827390000, 0x00007f6827a463a8, 0x00007f6833130000)
  to   space 194176K,   0% used [0x00007f6833130000, 0x00007f6833130000, 0x00007f683eed0000)
 tenured generation   total 3884588K, used 3883006K [0x00007f6d1db50000, 0x00007f6e0acdb000, 0x00007f77c8600000)
   the space 3884588K,  99% used [0x00007f6d1db50000, 0x00007f6e0ab4fab8, 0x00007f6e0ab4fc00, 0x00007f6e0acdb000)
 Metaspace       used 24791K, capacity 25237K, committed 25344K, reserved 26624K
}
Event: 12062.205 GC heap before
{Heap before GC invocations=15410 (full 3):
 def new generation   total 1748160K, used 1560856K [0x00007f67c8600000, 0x00007f683eed0000, 0x00007f6d1db50000)
  eden space 1553984K, 100% used [0x00007f67c8600000, 0x00007f6827390000, 0x00007f6827390000)
  from space 194176K,   3% used [0x00007f6827390000, 0x00007f6827a463a8, 0x00007f6833130000)
  to   space 194176K,   0% used [0x00007f6833130000, 0x00007f6833130000, 0x00007f683eed0000)
 tenured generation   total 3884588K, used 3883006K [0x00007f6d1db50000, 0x00007f6e0acdb000, 0x00007f77c8600000)
   the space 3884588K,  99% used [0x00007f6d1db50000, 0x00007f6e0ab4fab8, 0x00007f6e0ab4fc00, 0x00007f6e0acdb000)
 Metaspace       used 24791K, capacity 25237K, committed 25344K, reserved 26624K
}
Event: 12062.225 GC heap after
{Heap after GC invocations=15411 (full 3):
 def new generation   total 1748160K, used 6883K [0x00007f67c8600000, 0x00007f683eed0000, 0x00007f6d1db50000)
  eden space 1553984K,   0% used [0x00007f67c8600000, 0x00007f67c8600000, 0x00007f6827390000)
  from space 194176K,   3% used [0x00007f6833130000, 0x00007f68337e8f70, 0x00007f683eed0000)
  to   space 194176K,   0% used [0x00007f6827390000, 0x00007f6827390000, 0x00007f6833130000)
 tenured generation   total 3884588K, used 3883430K [0x00007f6d1db50000, 0x00007f6e0acdb000, 0x00007f77c8600000)
   the space 3884588K,  99% used [0x00007f6d1db50000, 0x00007f6e0abb9940, 0x00007f6e0abb9a00, 0x00007f6e0acdb000)
 Metaspace       used 24791K, capacity 25237K, committed 25344K, reserved 26624K
}
Event: 12063.605 GC heap before
{Heap before GC invocations=15411 (full 3):
 def new generation   total 1748160K, used 1560867K [0x00007f67c8600000, 0x00007f683eed0000, 0x00007f6d1db50000)
  eden space 1553984K, 100% used [0x00007f67c8600000, 0x00007f6827390000, 0x00007f6827390000)
  from space 194176K,   3% used [0x00007f6833130000, 0x00007f68337e8f70, 0x00007f683eed0000)
  to   space 194176K,   0% used [0x00007f6827390000, 0x00007f6827390000, 0x00007f6833130000)
 tenured generation   total 3884588K, used 3883430K [0x00007f6d1db50000, 0x00007f6e0acdb000, 0x00007f77c8600000)
   the space 3884588K,  99% used [0x00007f6d1db50000, 0x00007f6e0abb9940, 0x00007f6e0abb9a00, 0x00007f6e0acdb000)
 Metaspace       used 24791K, capacity 25237K, committed 25344K, reserved 26624K
}
Event: 12063.621 GC heap after
{Heap after GC invocations=15412 (full 3):
 def new generation   total 1748160K, used 6891K [0x00007f67c8600000, 0x00007f683eed0000, 0x00007f6d1db50000)
  eden space 1553984K,   0% used [0x00007f67c8600000, 0x00007f67c8600000, 0x00007f6827390000)
  from space 194176K,   3% used [0x00007f6827390000, 0x00007f6827a4af30, 0x00007f6833130000)
  to   space 194176K,   0% used [0x00007f6833130000, 0x00007f6833130000, 0x00007f683eed0000)
 tenured generation   total 3884588K, used 3883882K [0x00007f6d1db50000, 0x00007f6e0acdb000, 0x00007f77c8600000)
   the space 3884588K,  99% used [0x00007f6d1db50000, 0x00007f6e0ac2a8c0, 0x00007f6e0ac2aa00, 0x00007f6e0acdb000)
 Metaspace       used 24791K, capacity 25237K, committed 25344K, reserved 26624K
}
Event: 12065.003 GC heap before
{Heap before GC invocations=15412 (full 3):
 def new generation   total 1748160K, used 1560875K [0x00007f67c8600000, 0x00007f683eed0000, 0x00007f6d1db50000)
  eden space 1553984K, 100% used [0x00007f67c8600000, 0x00007f6827390000, 0x00007f6827390000)
  from space 194176K,   3% used [0x00007f6827390000, 0x00007f6827a4af30, 0x00007f6833130000)
  to   space 194176K,   0% used [0x00007f6833130000, 0x00007f6833130000, 0x00007f683eed0000)
 tenured generation   total 3884588K, used 3883882K [0x00007f6d1db50000, 0x00007f6e0acdb000, 0x00007f77c8600000)
   the space 3884588K,  99% used [0x00007f6d1db50000, 0x00007f6e0ac2a8c0, 0x00007f6e0ac2aa00, 0x00007f6e0acdb000)
 Metaspace       used 24791K, capacity 25237K, committed 25344K, reserved 26624K
}
Event: 12065.020 GC heap after
{Heap after GC invocations=15413 (full 3):
 def new generation   total 1748160K, used 6869K [0x00007f67c8600000, 0x00007f683eed0000, 0x00007f6d1db50000)
  eden space 1553984K,   0% used [0x00007f67c8600000, 0x00007f67c8600000, 0x00007f6827390000)
  from space 194176K,   3% used [0x00007f6833130000, 0x00007f68337e54f8, 0x00007f683eed0000)
  to   space 194176K,   0% used [0x00007f6827390000, 0x00007f6827390000, 0x00007f6833130000)
 tenured generation   total 3884588K, used 3884334K [0x00007f6d1db50000, 0x00007f6e0acdb000, 0x00007f77c8600000)
   the space 3884588K,  99% used [0x00007f6d1db50000, 0x00007f6e0ac9b840, 0x00007f6e0ac9ba00, 0x00007f6e0acdb000)
 Metaspace       used 24791K, capacity 25237K, committed 25344K, reserved 26624K
}
Event: 12066.420 GC heap before
{Heap before GC invocations=15413 (full 3):
 def new generation   total 1748160K, used 1560853K [0x00007f67c8600000, 0x00007f683eed0000, 0x00007f6d1db50000)
  eden space 1553984K,  99% used [0x00007f67c8600000, 0x00007f682738fff0, 0x00007f6827390000)
  from space 194176K,   3% used [0x00007f6833130000, 0x00007f68337e54f8, 0x00007f683eed0000)
  to   space 194176K,   0% used [0x00007f6827390000, 0x00007f6827390000, 0x00007f6833130000)
 tenured generation   total 3884588K, used 3884334K [0x00007f6d1db50000, 0x00007f6e0acdb000, 0x00007f77c8600000)
   the space 3884588K,  99% used [0x00007f6d1db50000, 0x00007f6e0ac9b840, 0x00007f6e0ac9ba00, 0x00007f6e0acdb000)
 Metaspace       used 24791K, capacity 25237K, committed 25344K, reserved 26624K
}
Event: 12066.442 GC heap after
{Heap after GC invocations=15414 (full 3):
 def new generation   total 1748160K, used 6894K [0x00007f67c8600000, 0x00007f683eed0000, 0x00007f6d1db50000)
  eden space 1553984K,   0% used [0x00007f67c8600000, 0x00007f67c8600000, 0x00007f6827390000)
  from space 194176K,   3% used [0x00007f6827390000, 0x00007f6827a4b990, 0x00007f6833130000)
  to   space 194176K,   0% used [0x00007f6833130000, 0x00007f6833130000, 0x00007f683eed0000)
 tenured generation   total 3884972K, used 3884785K [0x00007f6d1db50000, 0x00007f6e0ad3b000, 0x00007f77c8600000)
   the space 3884972K,  99% used [0x00007f6d1db50000, 0x00007f6e0ad0c7c0, 0x00007f6e0ad0c800, 0x00007f6e0ad3b000)
 Metaspace       used 24791K, capacity 25237K, committed 25344K, reserved 26624K
}
Event: 12066.442 GC heap before
{Heap before GC invocations=15414 (full 3):
 def new generation   total 1748160K, used 6894K [0x00007f67c8600000, 0x00007f683eed0000, 0x00007f6d1db50000)
  eden space 1553984K,   0% used [0x00007f67c8600000, 0x00007f67c8600000, 0x00007f6827390000)
  from space 194176K,   3% used [0x00007f6827390000, 0x00007f6827a4b990, 0x00007f6833130000)
  to   space 194176K,   0% used [0x00007f6833130000, 0x00007f6833130000, 0x00007f683eed0000)
 tenured generation   total 3884972K, used 3884785K [0x00007f6d1db50000, 0x00007f6e0ad3b000, 0x00007f77c8600000)
   the space 3884972K,  99% used [0x00007f6d1db50000, 0x00007f6e0ad0c7c0, 0x00007f6e0ad0c800, 0x00007f6e0ad3b000)
 Metaspace       used 24791K, capacity 25237K, committed 25344K, reserved 26624K
}

