# JRE version: OpenJDK Runtime Environment (13.0.7+5) (build 13.0.7+5-Ubuntu-0ubuntu120.04)
# Java VM: OpenJDK 64-Bit Server VM (13.0.7+5-Ubuntu-0ubuntu120.04, mixed mode, tiered, serial gc, linux-amd64)
Heap:
 def new generation   total 1048832K, used 710K [0x00007f5200400000, 0x00007f5247600000, 0x00007f5755950000)
  eden space 932352K,   0% used [0x00007f5200400000, 0x00007f52004b1b68, 0x00007f5239280000)
  from space 116480K,   0% used [0x00007f5239280000, 0x00007f5239280000, 0x00007f5240440000)
  to   space 116480K,   0% used [0x00007f5240440000, 0x00007f5240440000, 0x00007f5247600000)
 tenured generation   total 2330752K, used 2330751K [0x00007f5755950000, 0x00007f57e3d70000, 0x00007f6200400000)
   the space 2330752K,  99% used [0x00007f5755950000, 0x00007f57e3d6ff78, 0x00007f57e3d70000, 0x00007f57e3d70000)
 Metaspace       used 24849K, capacity 25301K, committed 25600K, reserved 26624K
GC Heap History (20 events):
Event: 50199.058 GC heap after
{Heap after GC invocations=81124 (full 2):
 def new generation   total 1048832K, used 698K [0x00007f5200400000, 0x00007f5247600000, 0x00007f5755950000)
  eden space 932352K,   0% used [0x00007f5200400000, 0x00007f5200400000, 0x00007f5239280000)
  from space 116480K,   0% used [0x00007f5240440000, 0x00007f52404ee800, 0x00007f5247600000)
  to   space 116480K,   0% used [0x00007f5239280000, 0x00007f5239280000, 0x00007f5240440000)
 tenured generation   total 2330560K, used 2330254K [0x00007f5755950000, 0x00007f57e3d40000, 0x00007f6200400000)
   the space 2330560K,  99% used [0x00007f5755950000, 0x00007f57e3cf3aa0, 0x00007f57e3cf3c00, 0x00007f57e3d40000)
 Metaspace       used 24849K, capacity 25301K, committed 25600K, reserved 26624K
}
Event: 50199.915 GC heap before
{Heap before GC invocations=81124 (full 2):
 def new generation   total 1048832K, used 933050K [0x00007f5200400000, 0x00007f5247600000, 0x00007f5755950000)
  eden space 932352K, 100% used [0x00007f5200400000, 0x00007f5239280000, 0x00007f5239280000)
  from space 116480K,   0% used [0x00007f5240440000, 0x00007f52404ee800, 0x00007f5247600000)
  to   space 116480K,   0% used [0x00007f5239280000, 0x00007f5239280000, 0x00007f5240440000)
 tenured generation   total 2330560K, used 2330254K [0x00007f5755950000, 0x00007f57e3d40000, 0x00007f6200400000)
   the space 2330560K,  99% used [0x00007f5755950000, 0x00007f57e3cf3aa0, 0x00007f57e3cf3c00, 0x00007f57e3d40000)
 Metaspace       used 24849K, capacity 25301K, committed 25600K, reserved 26624K
}
Event: 50199.921 GC heap after
{Heap after GC invocations=81125 (full 2):
 def new generation   total 1048832K, used 667K [0x00007f5200400000, 0x00007f5247600000, 0x00007f5755950000)
  eden space 932352K,   0% used [0x00007f5200400000, 0x00007f5200400000, 0x00007f5239280000)
  from space 116480K,   0% used [0x00007f5239280000, 0x00007f5239326f88, 0x00007f5240440000)
  to   space 116480K,   0% used [0x00007f5240440000, 0x00007f5240440000, 0x00007f5247600000)
 tenured generation   total 2330560K, used 2330295K [0x00007f5755950000, 0x00007f57e3d40000, 0x00007f6200400000)
   the space 2330560K,  99% used [0x00007f5755950000, 0x00007f57e3cfde60, 0x00007f57e3cfe000, 0x00007f57e3d40000)
 Metaspace       used 24849K, capacity 25301K, committed 25600K, reserved 26624K
}
Event: 50200.732 GC heap before
{Heap before GC invocations=81125 (full 2):
 def new generation   total 1048832K, used 933019K [0x00007f5200400000, 0x00007f5247600000, 0x00007f5755950000)
  eden space 932352K, 100% used [0x00007f5200400000, 0x00007f5239280000, 0x00007f5239280000)
  from space 116480K,   0% used [0x00007f5239280000, 0x00007f5239326f88, 0x00007f5240440000)
  to   space 116480K,   0% used [0x00007f5240440000, 0x00007f5240440000, 0x00007f5247600000)
 tenured generation   total 2330560K, used 2330295K [0x00007f5755950000, 0x00007f57e3d40000, 0x00007f6200400000)
   the space 2330560K,  99% used [0x00007f5755950000, 0x00007f57e3cfde60, 0x00007f57e3cfe000, 0x00007f57e3d40000)
 Metaspace       used 24849K, capacity 25301K, committed 25600K, reserved 26624K
}
Event: 50200.735 GC heap after
{Heap after GC invocations=81126 (full 2):
 def new generation   total 1048832K, used 709K [0x00007f5200400000, 0x00007f5247600000, 0x00007f5755950000)
  eden space 932352K,   0% used [0x00007f5200400000, 0x00007f5200400000, 0x00007f5239280000)
  from space 116480K,   0% used [0x00007f5240440000, 0x00007f52404f14a8, 0x00007f5247600000)
  to   space 116480K,   0% used [0x00007f5239280000, 0x00007f5239280000, 0x00007f5240440000)
 tenured generation   total 2330560K, used 2330295K [0x00007f5755950000, 0x00007f57e3d40000, 0x00007f6200400000)
   the space 2330560K,  99% used [0x00007f5755950000, 0x00007f57e3cfde60, 0x00007f57e3cfe000, 0x00007f57e3d40000)
 Metaspace       used 24849K, capacity 25301K, committed 25600K, reserved 26624K
}
Event: 50201.548 GC heap before
{Heap before GC invocations=81126 (full 2):
 def new generation   total 1048832K, used 933061K [0x00007f5200400000, 0x00007f5247600000, 0x00007f5755950000)
  eden space 932352K, 100% used [0x00007f5200400000, 0x00007f5239280000, 0x00007f5239280000)
  from space 116480K,   0% used [0x00007f5240440000, 0x00007f52404f14a8, 0x00007f5247600000)
  to   space 116480K,   0% used [0x00007f5239280000, 0x00007f5239280000, 0x00007f5240440000)
 tenured generation   total 2330560K, used 2330295K [0x00007f5755950000, 0x00007f57e3d40000, 0x00007f6200400000)
   the space 2330560K,  99% used [0x00007f5755950000, 0x00007f57e3cfde60, 0x00007f57e3cfe000, 0x00007f57e3d40000)
 Metaspace       used 24849K, capacity 25301K, committed 25600K, reserved 26624K
}
Event: 50201.554 GC heap after
{Heap after GC invocations=81127 (full 2):
 def new generation   total 1048832K, used 666K [0x00007f5200400000, 0x00007f5247600000, 0x00007f5755950000)
  eden space 932352K,   0% used [0x00007f5200400000, 0x00007f5200400000, 0x00007f5239280000)
  from space 116480K,   0% used [0x00007f5239280000, 0x00007f5239326948, 0x00007f5240440000)
  to   space 116480K,   0% used [0x00007f5240440000, 0x00007f5240440000, 0x00007f5247600000)
 tenured generation   total 2330560K, used 2330336K [0x00007f5755950000, 0x00007f57e3d40000, 0x00007f6200400000)
   the space 2330560K,  99% used [0x00007f5755950000, 0x00007f57e3d08220, 0x00007f57e3d08400, 0x00007f57e3d40000)
 Metaspace       used 24849K, capacity 25301K, committed 25600K, reserved 26624K
}
Event: 50202.407 GC heap before
{Heap before GC invocations=81127 (full 2):
 def new generation   total 1048832K, used 933018K [0x00007f5200400000, 0x00007f5247600000, 0x00007f5755950000)
  eden space 932352K, 100% used [0x00007f5200400000, 0x00007f5239280000, 0x00007f5239280000)
  from space 116480K,   0% used [0x00007f5239280000, 0x00007f5239326948, 0x00007f5240440000)
  to   space 116480K,   0% used [0x00007f5240440000, 0x00007f5240440000, 0x00007f5247600000)
 tenured generation   total 2330560K, used 2330336K [0x00007f5755950000, 0x00007f57e3d40000, 0x00007f6200400000)
   the space 2330560K,  99% used [0x00007f5755950000, 0x00007f57e3d08220, 0x00007f57e3d08400, 0x00007f57e3d40000)
 Metaspace       used 24849K, capacity 25301K, committed 25600K, reserved 26624K
}
Event: 50202.414 GC heap after
{Heap after GC invocations=81128 (full 2):
 def new generation   total 1048832K, used 1013K [0x00007f5200400000, 0x00007f5247600000, 0x00007f5755950000)
  eden space 932352K,   0% used [0x00007f5200400000, 0x00007f5200400000, 0x00007f5239280000)
  from space 116480K,   0% used [0x00007f5240440000, 0x00007f524053d4d0, 0x00007f5247600000)
  to   space 116480K,   0% used [0x00007f5239280000, 0x00007f5239280000, 0x00007f5240440000)
 tenured generation   total 2330560K, used 2330377K [0x00007f5755950000, 0x00007f57e3d40000, 0x00007f6200400000)
   the space 2330560K,  99% used [0x00007f5755950000, 0x00007f57e3d125e0, 0x00007f57e3d12600, 0x00007f57e3d40000)
 Metaspace       used 24849K, capacity 25301K, committed 25600K, reserved 26624K
}
Event: 50203.230 GC heap before
{Heap before GC invocations=81128 (full 2):
 def new generation   total 1048832K, used 933365K [0x00007f5200400000, 0x00007f5247600000, 0x00007f5755950000)
  eden space 932352K, 100% used [0x00007f5200400000, 0x00007f5239280000, 0x00007f5239280000)
  from space 116480K,   0% used [0x00007f5240440000, 0x00007f524053d4d0, 0x00007f5247600000)
  to   space 116480K,   0% used [0x00007f5239280000, 0x00007f5239280000, 0x00007f5240440000)
 tenured generation   total 2330560K, used 2330377K [0x00007f5755950000, 0x00007f57e3d40000, 0x00007f6200400000)
   the space 2330560K,  99% used [0x00007f5755950000, 0x00007f57e3d125e0, 0x00007f57e3d12600, 0x00007f57e3d40000)
 Metaspace       used 24849K, capacity 25301K, committed 25600K, reserved 26624K
}
Event: 50203.235 GC heap after
{Heap after GC invocations=81129 (full 2):
 def new generation   total 1048832K, used 976K [0x00007f5200400000, 0x00007f5247600000, 0x00007f5755950000)
  eden space 932352K,   0% used [0x00007f5200400000, 0x00007f5200400000, 0x00007f5239280000)
  from space 116480K,   0% used [0x00007f5239280000, 0x00007f52393740f0, 0x00007f5240440000)
  to   space 116480K,   0% used [0x00007f5240440000, 0x00007f5240440000, 0x00007f5247600000)
 tenured generation   total 2330560K, used 2330418K [0x00007f5755950000, 0x00007f57e3d40000, 0x00007f6200400000)
   the space 2330560K,  99% used [0x00007f5755950000, 0x00007f57e3d1c9a0, 0x00007f57e3d1ca00, 0x00007f57e3d40000)
 Metaspace       used 24849K, capacity 25301K, committed 25600K, reserved 26624K
}
Event: 50204.048 GC heap before
{Heap before GC invocations=81129 (full 2):
 def new generation   total 1048832K, used 933328K [0x00007f5200400000, 0x00007f5247600000, 0x00007f5755950000)
  eden space 932352K, 100% used [0x00007f5200400000, 0x00007f5239280000, 0x00007f5239280000)
  from space 116480K,   0% used [0x00007f5239280000, 0x00007f52393740f0, 0x00007f5240440000)
  to   space 116480K,   0% used [0x00007f5240440000, 0x00007f5240440000, 0x00007f5247600000)
 tenured generation   total 2330560K, used 2330418K [0x00007f5755950000, 0x00007f57e3d40000, 0x00007f6200400000)
   the space 2330560K,  99% used [0x00007f5755950000, 0x00007f57e3d1c9a0, 0x00007f57e3d1ca00, 0x00007f57e3d40000)
 Metaspace       used 24849K, capacity 25301K, committed 25600K, reserved 26624K
}
Event: 50204.054 GC heap after
{Heap after GC invocations=81130 (full 2):
 def new generation   total 1048832K, used 978K [0x00007f5200400000, 0x00007f5247600000, 0x00007f5755950000)
  eden space 932352K,   0% used [0x00007f5200400000, 0x00007f5200400000, 0x00007f5239280000)
  from space 116480K,   0% used [0x00007f5240440000, 0x00007f5240534bc0, 0x00007f5247600000)
  to   space 116480K,   0% used [0x00007f5239280000, 0x00007f5239280000, 0x00007f5240440000)
 tenured generation   total 2330560K, used 2330459K [0x00007f5755950000, 0x00007f57e3d40000, 0x00007f6200400000)
   the space 2330560K,  99% used [0x00007f5755950000, 0x00007f57e3d26d60, 0x00007f57e3d26e00, 0x00007f57e3d40000)
 Metaspace       used 24849K, capacity 25301K, committed 25600K, reserved 26624K
}
Event: 50204.886 GC heap before
{Heap before GC invocations=81130 (full 2):
 def new generation   total 1048832K, used 933330K [0x00007f5200400000, 0x00007f5247600000, 0x00007f5755950000)
  eden space 932352K, 100% used [0x00007f5200400000, 0x00007f5239280000, 0x00007f5239280000)
  from space 116480K,   0% used [0x00007f5240440000, 0x00007f5240534bc0, 0x00007f5247600000)
  to   space 116480K,   0% used [0x00007f5239280000, 0x00007f5239280000, 0x00007f5240440000)
 tenured generation   total 2330560K, used 2330459K [0x00007f5755950000, 0x00007f57e3d40000, 0x00007f6200400000)
   the space 2330560K,  99% used [0x00007f5755950000, 0x00007f57e3d26d60, 0x00007f57e3d26e00, 0x00007f57e3d40000)
 Metaspace       used 24849K, capacity 25301K, committed 25600K, reserved 26624K
}
Event: 50204.894 GC heap after
{Heap after GC invocations=81131 (full 2):
 def new generation   total 1048832K, used 949K [0x00007f5200400000, 0x00007f5247600000, 0x00007f5755950000)
  eden space 932352K,   0% used [0x00007f5200400000, 0x00007f5200400000, 0x00007f5239280000)
  from space 116480K,   0% used [0x00007f5239280000, 0x00007f523936d568, 0x00007f5240440000)
  to   space 116480K,   0% used [0x00007f5240440000, 0x00007f5240440000, 0x00007f5247600000)
 tenured generation   total 2330560K, used 2330500K [0x00007f5755950000, 0x00007f57e3d40000, 0x00007f6200400000)
   the space 2330560K,  99% used [0x00007f5755950000, 0x00007f57e3d31120, 0x00007f57e3d31200, 0x00007f57e3d40000)
 Metaspace       used 24849K, capacity 25301K, committed 25600K, reserved 26624K
}
Event: 50205.709 GC heap before
{Heap before GC invocations=81131 (full 2):
 def new generation   total 1048832K, used 933301K [0x00007f5200400000, 0x00007f5247600000, 0x00007f5755950000)
  eden space 932352K, 100% used [0x00007f5200400000, 0x00007f5239280000, 0x00007f5239280000)
  from space 116480K,   0% used [0x00007f5239280000, 0x00007f523936d568, 0x00007f5240440000)
  to   space 116480K,   0% used [0x00007f5240440000, 0x00007f5240440000, 0x00007f5247600000)
 tenured generation   total 2330560K, used 2330500K [0x00007f5755950000, 0x00007f57e3d40000, 0x00007f6200400000)
   the space 2330560K,  99% used [0x00007f5755950000, 0x00007f57e3d31120, 0x00007f57e3d31200, 0x00007f57e3d40000)
 Metaspace       used 24849K, capacity 25301K, committed 25600K, reserved 26624K
}
Event: 50205.715 GC heap after
{Heap after GC invocations=81132 (full 2):
 def new generation   total 1048832K, used 905K [0x00007f5200400000, 0x00007f5247600000, 0x00007f5755950000)
  eden space 932352K,   0% used [0x00007f5200400000, 0x00007f5200400000, 0x00007f5239280000)
  from space 116480K,   0% used [0x00007f5240440000, 0x00007f52405224f8, 0x00007f5247600000)
  to   space 116480K,   0% used [0x00007f5239280000, 0x00007f5239280000, 0x00007f5240440000)
 tenured generation   total 2330560K, used 2330541K [0x00007f5755950000, 0x00007f57e3d40000, 0x00007f6200400000)
   the space 2330560K,  99% used [0x00007f5755950000, 0x00007f57e3d3b4e0, 0x00007f57e3d3b600, 0x00007f57e3d40000)
 Metaspace       used 24849K, capacity 25301K, committed 25600K, reserved 26624K
}
Event: 50206.543 GC heap before
{Heap before GC invocations=81132 (full 2):
 def new generation   total 1048832K, used 933257K [0x00007f5200400000, 0x00007f5247600000, 0x00007f5755950000)
  eden space 932352K, 100% used [0x00007f5200400000, 0x00007f5239280000, 0x00007f5239280000)
  from space 116480K,   0% used [0x00007f5240440000, 0x00007f52405224f8, 0x00007f5247600000)
  to   space 116480K,   0% used [0x00007f5239280000, 0x00007f5239280000, 0x00007f5240440000)
 tenured generation   total 2330560K, used 2330541K [0x00007f5755950000, 0x00007f57e3d40000, 0x00007f6200400000)
   the space 2330560K,  99% used [0x00007f5755950000, 0x00007f57e3d3b4e0, 0x00007f57e3d3b600, 0x00007f57e3d40000)
 Metaspace       used 24849K, capacity 25301K, committed 25600K, reserved 26624K
}
Event: 50206.552 GC heap after
{Heap after GC invocations=81133 (full 2):
 def new generation   total 1048832K, used 880K [0x00007f5200400000, 0x00007f5247600000, 0x00007f5755950000)
  eden space 932352K,   0% used [0x00007f5200400000, 0x00007f5200400000, 0x00007f5239280000)
  from space 116480K,   0% used [0x00007f5239280000, 0x00007f523935c240, 0x00007f5240440000)
  to   space 116480K,   0% used [0x00007f5240440000, 0x00007f5240440000, 0x00007f5247600000)
 tenured generation   total 2330752K, used 2330582K [0x00007f5755950000, 0x00007f57e3d70000, 0x00007f6200400000)
   the space 2330752K,  99% used [0x00007f5755950000, 0x00007f57e3d458a0, 0x00007f57e3d45a00, 0x00007f57e3d70000)
 Metaspace       used 24849K, capacity 25301K, committed 25600K, reserved 26624K
}
Event: 50206.552 GC heap before
{Heap before GC invocations=81133 (full 2):
 def new generation   total 1048832K, used 880K [0x00007f5200400000, 0x00007f5247600000, 0x00007f5755950000)
  eden space 932352K,   0% used [0x00007f5200400000, 0x00007f5200400000, 0x00007f5239280000)
  from space 116480K,   0% used [0x00007f5239280000, 0x00007f523935c240, 0x00007f5240440000)
  to   space 116480K,   0% used [0x00007f5240440000, 0x00007f5240440000, 0x00007f5247600000)
 tenured generation   total 2330752K, used 2330582K [0x00007f5755950000, 0x00007f57e3d70000, 0x00007f6200400000)
   the space 2330752K,  99% used [0x00007f5755950000, 0x00007f57e3d458a0, 0x00007f57e3d45a00, 0x00007f57e3d70000)
 Metaspace       used 24849K, capacity 25301K, committed 25600K, reserved 26624K
}

