# JRE version: OpenJDK Runtime Environment (13.0.7+5) (build 13.0.7+5-Ubuntu-0ubuntu120.04)
# Java VM: OpenJDK 64-Bit Server VM (13.0.7+5-Ubuntu-0ubuntu120.04, mixed mode, tiered, serial gc, linux-amd64)
Heap:
 def new generation   total 1048832K, used 3184K [0x00007fba44600000, 0x00007fba8b800000, 0x00007fbf99b50000)
  eden space 932352K,   0% used [0x00007fba44600000, 0x00007fba4491c3f0, 0x00007fba7d480000)
  from space 116480K,   0% used [0x00007fba84640000, 0x00007fba84640000, 0x00007fba8b800000)
  to   space 116480K,   0% used [0x00007fba7d480000, 0x00007fba7d480000, 0x00007fba84640000)
 tenured generation   total 2330752K, used 2330751K [0x00007fbf99b50000, 0x00007fc027f70000, 0x00007fca44600000)
   the space 2330752K,  99% used [0x00007fbf99b50000, 0x00007fc027f6ffe8, 0x00007fc027f70000, 0x00007fc027f70000)
 Metaspace       used 24837K, capacity 25290K, committed 25344K, reserved 26624K
GC Heap History (20 events):
Event: 8367.515 GC heap after
{Heap after GC invocations=14897 (full 2):
 def new generation   total 1048832K, used 3282K [0x00007fba44600000, 0x00007fba8b800000, 0x00007fbf99b50000)
  eden space 932352K,   0% used [0x00007fba44600000, 0x00007fba44600000, 0x00007fba7d480000)
  from space 116480K,   2% used [0x00007fba7d480000, 0x00007fba7d7b4888, 0x00007fba84640000)
  to   space 116480K,   0% used [0x00007fba84640000, 0x00007fba84640000, 0x00007fba8b800000)
 tenured generation   total 2330560K, used 2328699K [0x00007fbf99b50000, 0x00007fc027f40000, 0x00007fca44600000)
   the space 2330560K,  99% used [0x00007fbf99b50000, 0x00007fc027d6ecd8, 0x00007fc027d6ee00, 0x00007fc027f40000)
 Metaspace       used 24837K, capacity 25290K, committed 25344K, reserved 26624K
}
Event: 8368.269 GC heap before
{Heap before GC invocations=14897 (full 2):
 def new generation   total 1048832K, used 935634K [0x00007fba44600000, 0x00007fba8b800000, 0x00007fbf99b50000)
  eden space 932352K, 100% used [0x00007fba44600000, 0x00007fba7d480000, 0x00007fba7d480000)
  from space 116480K,   2% used [0x00007fba7d480000, 0x00007fba7d7b4888, 0x00007fba84640000)
  to   space 116480K,   0% used [0x00007fba84640000, 0x00007fba84640000, 0x00007fba8b800000)
 tenured generation   total 2330560K, used 2328699K [0x00007fbf99b50000, 0x00007fc027f40000, 0x00007fca44600000)
   the space 2330560K,  99% used [0x00007fbf99b50000, 0x00007fc027d6ecd8, 0x00007fc027d6ee00, 0x00007fc027f40000)
 Metaspace       used 24837K, capacity 25290K, committed 25344K, reserved 26624K
}
Event: 8368.278 GC heap after
{Heap after GC invocations=14898 (full 2):
 def new generation   total 1048832K, used 3279K [0x00007fba44600000, 0x00007fba8b800000, 0x00007fbf99b50000)
  eden space 932352K,   0% used [0x00007fba44600000, 0x00007fba44600000, 0x00007fba7d480000)
  from space 116480K,   2% used [0x00007fba84640000, 0x00007fba84973e70, 0x00007fba8b800000)
  to   space 116480K,   0% used [0x00007fba7d480000, 0x00007fba7d480000, 0x00007fba84640000)
 tenured generation   total 2330560K, used 2328922K [0x00007fbf99b50000, 0x00007fc027f40000, 0x00007fca44600000)
   the space 2330560K,  99% used [0x00007fbf99b50000, 0x00007fc027da68b0, 0x00007fc027da6a00, 0x00007fc027f40000)
 Metaspace       used 24837K, capacity 25290K, committed 25344K, reserved 26624K
}
Event: 8369.025 GC heap before
{Heap before GC invocations=14898 (full 2):
 def new generation   total 1048832K, used 935631K [0x00007fba44600000, 0x00007fba8b800000, 0x00007fbf99b50000)
  eden space 932352K, 100% used [0x00007fba44600000, 0x00007fba7d480000, 0x00007fba7d480000)
  from space 116480K,   2% used [0x00007fba84640000, 0x00007fba84973e70, 0x00007fba8b800000)
  to   space 116480K,   0% used [0x00007fba7d480000, 0x00007fba7d480000, 0x00007fba84640000)
 tenured generation   total 2330560K, used 2328922K [0x00007fbf99b50000, 0x00007fc027f40000, 0x00007fca44600000)
   the space 2330560K,  99% used [0x00007fbf99b50000, 0x00007fc027da68b0, 0x00007fc027da6a00, 0x00007fc027f40000)
 Metaspace       used 24837K, capacity 25290K, committed 25344K, reserved 26624K
}
Event: 8369.031 GC heap after
{Heap after GC invocations=14899 (full 2):
 def new generation   total 1048832K, used 3287K [0x00007fba44600000, 0x00007fba8b800000, 0x00007fbf99b50000)
  eden space 932352K,   0% used [0x00007fba44600000, 0x00007fba44600000, 0x00007fba7d480000)
  from space 116480K,   2% used [0x00007fba7d480000, 0x00007fba7d7b5cd8, 0x00007fba84640000)
  to   space 116480K,   0% used [0x00007fba84640000, 0x00007fba84640000, 0x00007fba8b800000)
 tenured generation   total 2330560K, used 2329145K [0x00007fbf99b50000, 0x00007fc027f40000, 0x00007fca44600000)
   the space 2330560K,  99% used [0x00007fbf99b50000, 0x00007fc027dde488, 0x00007fc027dde600, 0x00007fc027f40000)
 Metaspace       used 24837K, capacity 25290K, committed 25344K, reserved 26624K
}
Event: 8369.770 GC heap before
{Heap before GC invocations=14899 (full 2):
 def new generation   total 1048832K, used 935639K [0x00007fba44600000, 0x00007fba8b800000, 0x00007fbf99b50000)
  eden space 932352K, 100% used [0x00007fba44600000, 0x00007fba7d480000, 0x00007fba7d480000)
  from space 116480K,   2% used [0x00007fba7d480000, 0x00007fba7d7b5cd8, 0x00007fba84640000)
  to   space 116480K,   0% used [0x00007fba84640000, 0x00007fba84640000, 0x00007fba8b800000)
 tenured generation   total 2330560K, used 2329145K [0x00007fbf99b50000, 0x00007fc027f40000, 0x00007fca44600000)
   the space 2330560K,  99% used [0x00007fbf99b50000, 0x00007fc027dde488, 0x00007fc027dde600, 0x00007fc027f40000)
 Metaspace       used 24837K, capacity 25290K, committed 25344K, reserved 26624K
}
Event: 8369.777 GC heap after
{Heap after GC invocations=14900 (full 2):
 def new generation   total 1048832K, used 3297K [0x00007fba44600000, 0x00007fba8b800000, 0x00007fbf99b50000)
  eden space 932352K,   0% used [0x00007fba44600000, 0x00007fba44600000, 0x00007fba7d480000)
  from space 116480K,   2% used [0x00007fba84640000, 0x00007fba84978588, 0x00007fba8b800000)
  to   space 116480K,   0% used [0x00007fba7d480000, 0x00007fba7d480000, 0x00007fba84640000)
 tenured generation   total 2330560K, used 2329343K [0x00007fbf99b50000, 0x00007fc027f40000, 0x00007fca44600000)
   the space 2330560K,  99% used [0x00007fbf99b50000, 0x00007fc027e0fd48, 0x00007fc027e0fe00, 0x00007fc027f40000)
 Metaspace       used 24837K, capacity 25290K, committed 25344K, reserved 26624K
}
Event: 8370.544 GC heap before
{Heap before GC invocations=14900 (full 2):
 def new generation   total 1048832K, used 935649K [0x00007fba44600000, 0x00007fba8b800000, 0x00007fbf99b50000)
  eden space 932352K, 100% used [0x00007fba44600000, 0x00007fba7d480000, 0x00007fba7d480000)
  from space 116480K,   2% used [0x00007fba84640000, 0x00007fba84978588, 0x00007fba8b800000)
  to   space 116480K,   0% used [0x00007fba7d480000, 0x00007fba7d480000, 0x00007fba84640000)
 tenured generation   total 2330560K, used 2329343K [0x00007fbf99b50000, 0x00007fc027f40000, 0x00007fca44600000)
   the space 2330560K,  99% used [0x00007fbf99b50000, 0x00007fc027e0fd48, 0x00007fc027e0fe00, 0x00007fc027f40000)
 Metaspace       used 24837K, capacity 25290K, committed 25344K, reserved 26624K
}
Event: 8370.551 GC heap after
{Heap after GC invocations=14901 (full 2):
 def new generation   total 1048832K, used 3293K [0x00007fba44600000, 0x00007fba8b800000, 0x00007fbf99b50000)
  eden space 932352K,   0% used [0x00007fba44600000, 0x00007fba44600000, 0x00007fba7d480000)
  from space 116480K,   2% used [0x00007fba7d480000, 0x00007fba7d7b7748, 0x00007fba84640000)
  to   space 116480K,   0% used [0x00007fba84640000, 0x00007fba84640000, 0x00007fba8b800000)
 tenured generation   total 2330560K, used 2329566K [0x00007fbf99b50000, 0x00007fc027f40000, 0x00007fca44600000)
   the space 2330560K,  99% used [0x00007fbf99b50000, 0x00007fc027e47920, 0x00007fc027e47a00, 0x00007fc027f40000)
 Metaspace       used 24837K, capacity 25290K, committed 25344K, reserved 26624K
}
Event: 8371.331 GC heap before
{Heap before GC invocations=14901 (full 2):
 def new generation   total 1048832K, used 935645K [0x00007fba44600000, 0x00007fba8b800000, 0x00007fbf99b50000)
  eden space 932352K, 100% used [0x00007fba44600000, 0x00007fba7d480000, 0x00007fba7d480000)
  from space 116480K,   2% used [0x00007fba7d480000, 0x00007fba7d7b7748, 0x00007fba84640000)
  to   space 116480K,   0% used [0x00007fba84640000, 0x00007fba84640000, 0x00007fba8b800000)
 tenured generation   total 2330560K, used 2329566K [0x00007fbf99b50000, 0x00007fc027f40000, 0x00007fca44600000)
   the space 2330560K,  99% used [0x00007fbf99b50000, 0x00007fc027e47920, 0x00007fc027e47a00, 0x00007fc027f40000)
 Metaspace       used 24837K, capacity 25290K, committed 25344K, reserved 26624K
}
Event: 8371.341 GC heap after
{Heap after GC invocations=14902 (full 2):
 def new generation   total 1048832K, used 3268K [0x00007fba44600000, 0x00007fba8b800000, 0x00007fbf99b50000)
  eden space 932352K,   0% used [0x00007fba44600000, 0x00007fba44600000, 0x00007fba7d480000)
  from space 116480K,   2% used [0x00007fba84640000, 0x00007fba849711b0, 0x00007fba8b800000)
  to   space 116480K,   0% used [0x00007fba7d480000, 0x00007fba7d480000, 0x00007fba84640000)
 tenured generation   total 2330560K, used 2329789K [0x00007fbf99b50000, 0x00007fc027f40000, 0x00007fca44600000)
   the space 2330560K,  99% used [0x00007fbf99b50000, 0x00007fc027e7f4f8, 0x00007fc027e7f600, 0x00007fc027f40000)
 Metaspace       used 24837K, capacity 25290K, committed 25344K, reserved 26624K
}
Event: 8372.107 GC heap before
{Heap before GC invocations=14902 (full 2):
 def new generation   total 1048832K, used 935620K [0x00007fba44600000, 0x00007fba8b800000, 0x00007fbf99b50000)
  eden space 932352K, 100% used [0x00007fba44600000, 0x00007fba7d480000, 0x00007fba7d480000)
  from space 116480K,   2% used [0x00007fba84640000, 0x00007fba849711b0, 0x00007fba8b800000)
  to   space 116480K,   0% used [0x00007fba7d480000, 0x00007fba7d480000, 0x00007fba84640000)
 tenured generation   total 2330560K, used 2329789K [0x00007fbf99b50000, 0x00007fc027f40000, 0x00007fca44600000)
   the space 2330560K,  99% used [0x00007fbf99b50000, 0x00007fc027e7f4f8, 0x00007fc027e7f600, 0x00007fc027f40000)
 Metaspace       used 24837K, capacity 25290K, committed 25344K, reserved 26624K
}
Event: 8372.114 GC heap after
{Heap after GC invocations=14903 (full 2):
 def new generation   total 1048832K, used 3281K [0x00007fba44600000, 0x00007fba8b800000, 0x00007fbf99b50000)
  eden space 932352K,   0% used [0x00007fba44600000, 0x00007fba44600000, 0x00007fba7d480000)
  from space 116480K,   2% used [0x00007fba7d480000, 0x00007fba7d7b4640, 0x00007fba84640000)
  to   space 116480K,   0% used [0x00007fba84640000, 0x00007fba84640000, 0x00007fba8b800000)
 tenured generation   total 2330560K, used 2330012K [0x00007fbf99b50000, 0x00007fc027f40000, 0x00007fca44600000)
   the space 2330560K,  99% used [0x00007fbf99b50000, 0x00007fc027eb70d0, 0x00007fc027eb7200, 0x00007fc027f40000)
 Metaspace       used 24837K, capacity 25290K, committed 25344K, reserved 26624K
}
Event: 8372.878 GC heap before
{Heap before GC invocations=14903 (full 2):
 def new generation   total 1048832K, used 935633K [0x00007fba44600000, 0x00007fba8b800000, 0x00007fbf99b50000)
  eden space 932352K, 100% used [0x00007fba44600000, 0x00007fba7d480000, 0x00007fba7d480000)
  from space 116480K,   2% used [0x00007fba7d480000, 0x00007fba7d7b4640, 0x00007fba84640000)
  to   space 116480K,   0% used [0x00007fba84640000, 0x00007fba84640000, 0x00007fba8b800000)
 tenured generation   total 2330560K, used 2330012K [0x00007fbf99b50000, 0x00007fc027f40000, 0x00007fca44600000)
   the space 2330560K,  99% used [0x00007fbf99b50000, 0x00007fc027eb70d0, 0x00007fc027eb7200, 0x00007fc027f40000)
 Metaspace       used 24837K, capacity 25290K, committed 25344K, reserved 26624K
}
Event: 8372.886 GC heap after
{Heap after GC invocations=14904 (full 2):
 def new generation   total 1048832K, used 3294K [0x00007fba44600000, 0x00007fba8b800000, 0x00007fbf99b50000)
  eden space 932352K,   0% used [0x00007fba44600000, 0x00007fba44600000, 0x00007fba7d480000)
  from space 116480K,   2% used [0x00007fba84640000, 0x00007fba849778d0, 0x00007fba8b800000)
  to   space 116480K,   0% used [0x00007fba7d480000, 0x00007fba7d480000, 0x00007fba84640000)
 tenured generation   total 2330560K, used 2330210K [0x00007fbf99b50000, 0x00007fc027f40000, 0x00007fca44600000)
   the space 2330560K,  99% used [0x00007fbf99b50000, 0x00007fc027ee8990, 0x00007fc027ee8a00, 0x00007fc027f40000)
 Metaspace       used 24837K, capacity 25290K, committed 25344K, reserved 26624K
}
Event: 8373.629 GC heap before
{Heap before GC invocations=14904 (full 2):
 def new generation   total 1048832K, used 935646K [0x00007fba44600000, 0x00007fba8b800000, 0x00007fbf99b50000)
  eden space 932352K, 100% used [0x00007fba44600000, 0x00007fba7d480000, 0x00007fba7d480000)
  from space 116480K,   2% used [0x00007fba84640000, 0x00007fba849778d0, 0x00007fba8b800000)
  to   space 116480K,   0% used [0x00007fba7d480000, 0x00007fba7d480000, 0x00007fba84640000)
 tenured generation   total 2330560K, used 2330210K [0x00007fbf99b50000, 0x00007fc027f40000, 0x00007fca44600000)
   the space 2330560K,  99% used [0x00007fbf99b50000, 0x00007fc027ee8990, 0x00007fc027ee8a00, 0x00007fc027f40000)
 Metaspace       used 24837K, capacity 25290K, committed 25344K, reserved 26624K
}
Event: 8373.637 GC heap after
{Heap after GC invocations=14905 (full 2):
 def new generation   total 1048832K, used 3282K [0x00007fba44600000, 0x00007fba8b800000, 0x00007fbf99b50000)
  eden space 932352K,   0% used [0x00007fba44600000, 0x00007fba44600000, 0x00007fba7d480000)
  from space 116480K,   2% used [0x00007fba7d480000, 0x00007fba7d7b49c0, 0x00007fba84640000)
  to   space 116480K,   0% used [0x00007fba84640000, 0x00007fba84640000, 0x00007fba8b800000)
 tenured generation   total 2330560K, used 2330433K [0x00007fbf99b50000, 0x00007fc027f40000, 0x00007fca44600000)
   the space 2330560K,  99% used [0x00007fbf99b50000, 0x00007fc027f20568, 0x00007fc027f20600, 0x00007fc027f40000)
 Metaspace       used 24837K, capacity 25290K, committed 25344K, reserved 26624K
}
Event: 8374.393 GC heap before
{Heap before GC invocations=14905 (full 2):
 def new generation   total 1048832K, used 935634K [0x00007fba44600000, 0x00007fba8b800000, 0x00007fbf99b50000)
  eden space 932352K, 100% used [0x00007fba44600000, 0x00007fba7d480000, 0x00007fba7d480000)
  from space 116480K,   2% used [0x00007fba7d480000, 0x00007fba7d7b49c0, 0x00007fba84640000)
  to   space 116480K,   0% used [0x00007fba84640000, 0x00007fba84640000, 0x00007fba8b800000)
 tenured generation   total 2330560K, used 2330433K [0x00007fbf99b50000, 0x00007fc027f40000, 0x00007fca44600000)
   the space 2330560K,  99% used [0x00007fbf99b50000, 0x00007fc027f20568, 0x00007fc027f20600, 0x00007fc027f40000)
 Metaspace       used 24837K, capacity 25290K, committed 25344K, reserved 26624K
}
Event: 8374.401 GC heap after
{Heap after GC invocations=14906 (full 2):
 def new generation   total 1048832K, used 3280K [0x00007fba44600000, 0x00007fba8b800000, 0x00007fbf99b50000)
  eden space 932352K,   0% used [0x00007fba44600000, 0x00007fba44600000, 0x00007fba7d480000)
  from space 116480K,   2% used [0x00007fba84640000, 0x00007fba84974298, 0x00007fba8b800000)
  to   space 116480K,   0% used [0x00007fba7d480000, 0x00007fba7d480000, 0x00007fba84640000)
 tenured generation   total 2330752K, used 2330656K [0x00007fbf99b50000, 0x00007fc027f70000, 0x00007fca44600000)
   the space 2330752K,  99% used [0x00007fbf99b50000, 0x00007fc027f58140, 0x00007fc027f58200, 0x00007fc027f70000)
 Metaspace       used 24837K, capacity 25290K, committed 25344K, reserved 26624K
}
Event: 8374.402 GC heap before
{Heap before GC invocations=14906 (full 2):
 def new generation   total 1048832K, used 3280K [0x00007fba44600000, 0x00007fba8b800000, 0x00007fbf99b50000)
  eden space 932352K,   0% used [0x00007fba44600000, 0x00007fba44600000, 0x00007fba7d480000)
  from space 116480K,   2% used [0x00007fba84640000, 0x00007fba84974298, 0x00007fba8b800000)
  to   space 116480K,   0% used [0x00007fba7d480000, 0x00007fba7d480000, 0x00007fba84640000)
 tenured generation   total 2330752K, used 2330656K [0x00007fbf99b50000, 0x00007fc027f70000, 0x00007fca44600000)
   the space 2330752K,  99% used [0x00007fbf99b50000, 0x00007fc027f58140, 0x00007fc027f58200, 0x00007fc027f70000)
 Metaspace       used 24837K, capacity 25290K, committed 25344K, reserved 26624K
}

