# JRE version: OpenJDK Runtime Environment (13.0.7+5) (build 13.0.7+5-Ubuntu-0ubuntu120.04)
# Java VM: OpenJDK 64-Bit Server VM (13.0.7+5-Ubuntu-0ubuntu120.04, mixed mode, tiered, serial gc, linux-amd64)
Heap:
 def new generation   total 2871360K, used 4694K [0x00007fd09c600000, 0x00007fd15f190000, 0x00007fd5f1b50000)
  eden space 2552384K,   0% used [0x00007fd09c600000, 0x00007fd09ca95890, 0x00007fd138290000)
  from space 318976K,   0% used [0x00007fd138290000, 0x00007fd138290000, 0x00007fd14ba10000)
  to   space 318976K,   0% used [0x00007fd14ba10000, 0x00007fd14ba10000, 0x00007fd15f190000)
 tenured generation   total 6380836K, used 6380835K [0x00007fd5f1b50000, 0x00007fd777299000, 0x00007fe09c600000)
   the space 6380836K,  99% used [0x00007fd5f1b50000, 0x00007fd777298e08, 0x00007fd777299000, 0x00007fd777299000)
 Metaspace       used 25079K, capacity 25544K, committed 25600K, reserved 26624K
GC Heap History (20 events):
Event: 88950.910 GC heap after
{Heap after GC invocations=78865 (full 4):
 def new generation   total 2871360K, used 4624K [0x00007fd09c600000, 0x00007fd15f190000, 0x00007fd5f1b50000)
  eden space 2552384K,   0% used [0x00007fd09c600000, 0x00007fd09c600000, 0x00007fd138290000)
  from space 318976K,   1% used [0x00007fd14ba10000, 0x00007fd14be940f0, 0x00007fd15f190000)
  to   space 318976K,   0% used [0x00007fd138290000, 0x00007fd138290000, 0x00007fd14ba10000)
 tenured generation   total 6380644K, used 6378091K [0x00007fd5f1b50000, 0x00007fd777269000, 0x00007fe09c600000)
   the space 6380644K,  99% used [0x00007fd5f1b50000, 0x00007fd776fead40, 0x00007fd776feae00, 0x00007fd777269000)
 Metaspace       used 25079K, capacity 25544K, committed 25600K, reserved 26624K
}
Event: 88953.209 GC heap before
{Heap before GC invocations=78865 (full 4):
 def new generation   total 2871360K, used 2557008K [0x00007fd09c600000, 0x00007fd15f190000, 0x00007fd5f1b50000)
  eden space 2552384K, 100% used [0x00007fd09c600000, 0x00007fd138290000, 0x00007fd138290000)
  from space 318976K,   1% used [0x00007fd14ba10000, 0x00007fd14be940f0, 0x00007fd15f190000)
  to   space 318976K,   0% used [0x00007fd138290000, 0x00007fd138290000, 0x00007fd14ba10000)
 tenured generation   total 6380644K, used 6378091K [0x00007fd5f1b50000, 0x00007fd777269000, 0x00007fe09c600000)
   the space 6380644K,  99% used [0x00007fd5f1b50000, 0x00007fd776fead40, 0x00007fd776feae00, 0x00007fd777269000)
 Metaspace       used 25079K, capacity 25544K, committed 25600K, reserved 26624K
}
Event: 88953.227 GC heap after
{Heap after GC invocations=78866 (full 4):
 def new generation   total 2871360K, used 4780K [0x00007fd09c600000, 0x00007fd15f190000, 0x00007fd5f1b50000)
  eden space 2552384K,   0% used [0x00007fd09c600000, 0x00007fd09c600000, 0x00007fd138290000)
  from space 318976K,   1% used [0x00007fd138290000, 0x00007fd13873b090, 0x00007fd14ba10000)
  to   space 318976K,   0% used [0x00007fd14ba10000, 0x00007fd14ba10000, 0x00007fd15f190000)
 tenured generation   total 6380644K, used 6378406K [0x00007fd5f1b50000, 0x00007fd777269000, 0x00007fe09c600000)
   the space 6380644K,  99% used [0x00007fd5f1b50000, 0x00007fd7770399a0, 0x00007fd777039a00, 0x00007fd777269000)
 Metaspace       used 25079K, capacity 25544K, committed 25600K, reserved 26624K
}
Event: 88955.673 GC heap before
{Heap before GC invocations=78866 (full 4):
 def new generation   total 2871360K, used 2557164K [0x00007fd09c600000, 0x00007fd15f190000, 0x00007fd5f1b50000)
  eden space 2552384K, 100% used [0x00007fd09c600000, 0x00007fd138290000, 0x00007fd138290000)
  from space 318976K,   1% used [0x00007fd138290000, 0x00007fd13873b090, 0x00007fd14ba10000)
  to   space 318976K,   0% used [0x00007fd14ba10000, 0x00007fd14ba10000, 0x00007fd15f190000)
 tenured generation   total 6380644K, used 6378406K [0x00007fd5f1b50000, 0x00007fd777269000, 0x00007fe09c600000)
   the space 6380644K,  99% used [0x00007fd5f1b50000, 0x00007fd7770399a0, 0x00007fd777039a00, 0x00007fd777269000)
 Metaspace       used 25079K, capacity 25544K, committed 25600K, reserved 26624K
}
Event: 88955.692 GC heap after
{Heap after GC invocations=78867 (full 4):
 def new generation   total 2871360K, used 4827K [0x00007fd09c600000, 0x00007fd15f190000, 0x00007fd5f1b50000)
  eden space 2552384K,   0% used [0x00007fd09c600000, 0x00007fd09c600000, 0x00007fd138290000)
  from space 318976K,   1% used [0x00007fd14ba10000, 0x00007fd14bec6c68, 0x00007fd15f190000)
  to   space 318976K,   0% used [0x00007fd138290000, 0x00007fd138290000, 0x00007fd14ba10000)
 tenured generation   total 6380644K, used 6378695K [0x00007fd5f1b50000, 0x00007fd777269000, 0x00007fe09c600000)
   the space 6380644K,  99% used [0x00007fd5f1b50000, 0x00007fd777081cf8, 0x00007fd777081e00, 0x00007fd777269000)
 Metaspace       used 25079K, capacity 25544K, committed 25600K, reserved 26624K
}
Event: 88958.049 GC heap before
{Heap before GC invocations=78867 (full 4):
 def new generation   total 2871360K, used 2557211K [0x00007fd09c600000, 0x00007fd15f190000, 0x00007fd5f1b50000)
  eden space 2552384K, 100% used [0x00007fd09c600000, 0x00007fd138290000, 0x00007fd138290000)
  from space 318976K,   1% used [0x00007fd14ba10000, 0x00007fd14bec6c68, 0x00007fd15f190000)
  to   space 318976K,   0% used [0x00007fd138290000, 0x00007fd138290000, 0x00007fd14ba10000)
 tenured generation   total 6380644K, used 6378695K [0x00007fd5f1b50000, 0x00007fd777269000, 0x00007fe09c600000)
   the space 6380644K,  99% used [0x00007fd5f1b50000, 0x00007fd777081cf8, 0x00007fd777081e00, 0x00007fd777269000)
 Metaspace       used 25079K, capacity 25544K, committed 25600K, reserved 26624K
}
Event: 88958.068 GC heap after
{Heap after GC invocations=78868 (full 4):
 def new generation   total 2871360K, used 4782K [0x00007fd09c600000, 0x00007fd15f190000, 0x00007fd5f1b50000)
  eden space 2552384K,   0% used [0x00007fd09c600000, 0x00007fd09c600000, 0x00007fd138290000)
  from space 318976K,   1% used [0x00007fd138290000, 0x00007fd13873bb38, 0x00007fd14ba10000)
  to   space 318976K,   0% used [0x00007fd14ba10000, 0x00007fd14ba10000, 0x00007fd15f190000)
 tenured generation   total 6380644K, used 6379010K [0x00007fd5f1b50000, 0x00007fd777269000, 0x00007fe09c600000)
   the space 6380644K,  99% used [0x00007fd5f1b50000, 0x00007fd7770d0958, 0x00007fd7770d0a00, 0x00007fd777269000)
 Metaspace       used 25079K, capacity 25544K, committed 25600K, reserved 26624K
}
Event: 88960.323 GC heap before
{Heap before GC invocations=78868 (full 4):
 def new generation   total 2871360K, used 2557166K [0x00007fd09c600000, 0x00007fd15f190000, 0x00007fd5f1b50000)
  eden space 2552384K, 100% used [0x00007fd09c600000, 0x00007fd138290000, 0x00007fd138290000)
  from space 318976K,   1% used [0x00007fd138290000, 0x00007fd13873bb38, 0x00007fd14ba10000)
  to   space 318976K,   0% used [0x00007fd14ba10000, 0x00007fd14ba10000, 0x00007fd15f190000)
 tenured generation   total 6380644K, used 6379010K [0x00007fd5f1b50000, 0x00007fd777269000, 0x00007fe09c600000)
   the space 6380644K,  99% used [0x00007fd5f1b50000, 0x00007fd7770d0958, 0x00007fd7770d0a00, 0x00007fd777269000)
 Metaspace       used 25079K, capacity 25544K, committed 25600K, reserved 26624K
}
Event: 88960.341 GC heap after
{Heap after GC invocations=78869 (full 4):
 def new generation   total 2871360K, used 4728K [0x00007fd09c600000, 0x00007fd15f190000, 0x00007fd5f1b50000)
  eden space 2552384K,   0% used [0x00007fd09c600000, 0x00007fd09c600000, 0x00007fd138290000)
  from space 318976K,   1% used [0x00007fd14ba10000, 0x00007fd14beae210, 0x00007fd15f190000)
  to   space 318976K,   0% used [0x00007fd138290000, 0x00007fd138290000, 0x00007fd14ba10000)
 tenured generation   total 6380644K, used 6379329K [0x00007fd5f1b50000, 0x00007fd777269000, 0x00007fe09c600000)
   the space 6380644K,  99% used [0x00007fd5f1b50000, 0x00007fd7771206f8, 0x00007fd777120800, 0x00007fd777269000)
 Metaspace       used 25079K, capacity 25544K, committed 25600K, reserved 26624K
}
Event: 88962.708 GC heap before
{Heap before GC invocations=78869 (full 4):
 def new generation   total 2871360K, used 2557112K [0x00007fd09c600000, 0x00007fd15f190000, 0x00007fd5f1b50000)
  eden space 2552384K, 100% used [0x00007fd09c600000, 0x00007fd138290000, 0x00007fd138290000)
  from space 318976K,   1% used [0x00007fd14ba10000, 0x00007fd14beae210, 0x00007fd15f190000)
  to   space 318976K,   0% used [0x00007fd138290000, 0x00007fd138290000, 0x00007fd14ba10000)
 tenured generation   total 6380644K, used 6379329K [0x00007fd5f1b50000, 0x00007fd777269000, 0x00007fe09c600000)
   the space 6380644K,  99% used [0x00007fd5f1b50000, 0x00007fd7771206f8, 0x00007fd777120800, 0x00007fd777269000)
 Metaspace       used 25079K, capacity 25544K, committed 25600K, reserved 26624K
}
Event: 88962.723 GC heap after
{Heap after GC invocations=78870 (full 4):
 def new generation   total 2871360K, used 4772K [0x00007fd09c600000, 0x00007fd15f190000, 0x00007fd5f1b50000)
  eden space 2552384K,   0% used [0x00007fd09c600000, 0x00007fd09c600000, 0x00007fd138290000)
  from space 318976K,   1% used [0x00007fd138290000, 0x00007fd138739380, 0x00007fd14ba10000)
  to   space 318976K,   0% used [0x00007fd14ba10000, 0x00007fd14ba10000, 0x00007fd15f190000)
 tenured generation   total 6380644K, used 6379618K [0x00007fd5f1b50000, 0x00007fd777269000, 0x00007fe09c600000)
   the space 6380644K,  99% used [0x00007fd5f1b50000, 0x00007fd777168a50, 0x00007fd777168c00, 0x00007fd777269000)
 Metaspace       used 25079K, capacity 25544K, committed 25600K, reserved 26624K
}
Event: 88965.046 GC heap before
{Heap before GC invocations=78870 (full 4):
 def new generation   total 2871360K, used 2557156K [0x00007fd09c600000, 0x00007fd15f190000, 0x00007fd5f1b50000)
  eden space 2552384K, 100% used [0x00007fd09c600000, 0x00007fd138290000, 0x00007fd138290000)
  from space 318976K,   1% used [0x00007fd138290000, 0x00007fd138739380, 0x00007fd14ba10000)
  to   space 318976K,   0% used [0x00007fd14ba10000, 0x00007fd14ba10000, 0x00007fd15f190000)
 tenured generation   total 6380644K, used 6379618K [0x00007fd5f1b50000, 0x00007fd777269000, 0x00007fe09c600000)
   the space 6380644K,  99% used [0x00007fd5f1b50000, 0x00007fd777168a50, 0x00007fd777168c00, 0x00007fd777269000)
 Metaspace       used 25079K, capacity 25544K, committed 25600K, reserved 26624K
}
Event: 88965.062 GC heap after
{Heap after GC invocations=78871 (full 4):
 def new generation   total 2871360K, used 4739K [0x00007fd09c600000, 0x00007fd15f190000, 0x00007fd5f1b50000)
  eden space 2552384K,   0% used [0x00007fd09c600000, 0x00007fd09c600000, 0x00007fd138290000)
  from space 318976K,   1% used [0x00007fd14ba10000, 0x00007fd14beb0f50, 0x00007fd15f190000)
  to   space 318976K,   0% used [0x00007fd138290000, 0x00007fd138290000, 0x00007fd14ba10000)
 tenured generation   total 6380644K, used 6379933K [0x00007fd5f1b50000, 0x00007fd777269000, 0x00007fe09c600000)
   the space 6380644K,  99% used [0x00007fd5f1b50000, 0x00007fd7771b76b0, 0x00007fd7771b7800, 0x00007fd777269000)
 Metaspace       used 25079K, capacity 25544K, committed 25600K, reserved 26624K
}
Event: 88967.436 GC heap before
{Heap before GC invocations=78871 (full 4):
 def new generation   total 2871360K, used 2557123K [0x00007fd09c600000, 0x00007fd15f190000, 0x00007fd5f1b50000)
  eden space 2552384K, 100% used [0x00007fd09c600000, 0x00007fd138290000, 0x00007fd138290000)
  from space 318976K,   1% used [0x00007fd14ba10000, 0x00007fd14beb0f50, 0x00007fd15f190000)
  to   space 318976K,   0% used [0x00007fd138290000, 0x00007fd138290000, 0x00007fd14ba10000)
 tenured generation   total 6380644K, used 6379933K [0x00007fd5f1b50000, 0x00007fd777269000, 0x00007fe09c600000)
   the space 6380644K,  99% used [0x00007fd5f1b50000, 0x00007fd7771b76b0, 0x00007fd7771b7800, 0x00007fd777269000)
 Metaspace       used 25079K, capacity 25544K, committed 25600K, reserved 26624K
}
Event: 88967.450 GC heap after
{Heap after GC invocations=78872 (full 4):
 def new generation   total 2871360K, used 4787K [0x00007fd09c600000, 0x00007fd15f190000, 0x00007fd5f1b50000)
  eden space 2552384K,   0% used [0x00007fd09c600000, 0x00007fd09c600000, 0x00007fd138290000)
  from space 318976K,   1% used [0x00007fd138290000, 0x00007fd13873cf90, 0x00007fd14ba10000)
  to   space 318976K,   0% used [0x00007fd14ba10000, 0x00007fd14ba10000, 0x00007fd15f190000)
 tenured generation   total 6380644K, used 6380222K [0x00007fd5f1b50000, 0x00007fd777269000, 0x00007fe09c600000)
   the space 6380644K,  99% used [0x00007fd5f1b50000, 0x00007fd7771ffa08, 0x00007fd7771ffc00, 0x00007fd777269000)
 Metaspace       used 25079K, capacity 25544K, committed 25600K, reserved 26624K
}
Event: 88969.792 GC heap before
{Heap before GC invocations=78872 (full 4):
 def new generation   total 2871360K, used 2557171K [0x00007fd09c600000, 0x00007fd15f190000, 0x00007fd5f1b50000)
  eden space 2552384K, 100% used [0x00007fd09c600000, 0x00007fd138290000, 0x00007fd138290000)
  from space 318976K,   1% used [0x00007fd138290000, 0x00007fd13873cf90, 0x00007fd14ba10000)
  to   space 318976K,   0% used [0x00007fd14ba10000, 0x00007fd14ba10000, 0x00007fd15f190000)
 tenured generation   total 6380644K, used 6380222K [0x00007fd5f1b50000, 0x00007fd777269000, 0x00007fe09c600000)
   the space 6380644K,  99% used [0x00007fd5f1b50000, 0x00007fd7771ffa08, 0x00007fd7771ffc00, 0x00007fd777269000)
 Metaspace       used 25079K, capacity 25544K, committed 25600K, reserved 26624K
}
Event: 88969.810 GC heap after
{Heap after GC invocations=78873 (full 4):
 def new generation   total 2871360K, used 4737K [0x00007fd09c600000, 0x00007fd15f190000, 0x00007fd5f1b50000)
  eden space 2552384K,   0% used [0x00007fd09c600000, 0x00007fd09c600000, 0x00007fd138290000)
  from space 318976K,   1% used [0x00007fd14ba10000, 0x00007fd14beb0698, 0x00007fd15f190000)
  to   space 318976K,   0% used [0x00007fd138290000, 0x00007fd138290000, 0x00007fd14ba10000)
 tenured generation   total 6380644K, used 6380537K [0x00007fd5f1b50000, 0x00007fd777269000, 0x00007fe09c600000)
   the space 6380644K,  99% used [0x00007fd5f1b50000, 0x00007fd77724e668, 0x00007fd77724e800, 0x00007fd777269000)
 Metaspace       used 25079K, capacity 25544K, committed 25600K, reserved 26624K
}
Event: 88972.153 GC heap before
{Heap before GC invocations=78873 (full 4):
 def new generation   total 2871360K, used 2557121K [0x00007fd09c600000, 0x00007fd15f190000, 0x00007fd5f1b50000)
  eden space 2552384K, 100% used [0x00007fd09c600000, 0x00007fd138290000, 0x00007fd138290000)
  from space 318976K,   1% used [0x00007fd14ba10000, 0x00007fd14beb0698, 0x00007fd15f190000)
  to   space 318976K,   0% used [0x00007fd138290000, 0x00007fd138290000, 0x00007fd14ba10000)
 tenured generation   total 6380644K, used 6380537K [0x00007fd5f1b50000, 0x00007fd777269000, 0x00007fe09c600000)
   the space 6380644K,  99% used [0x00007fd5f1b50000, 0x00007fd77724e668, 0x00007fd77724e800, 0x00007fd777269000)
 Metaspace       used 25079K, capacity 25544K, committed 25600K, reserved 26624K
}
Event: 88972.171 GC heap after
{Heap after GC invocations=78874 (full 4):
 def new generation   total 2871360K, used 4806K [0x00007fd09c600000, 0x00007fd15f190000, 0x00007fd5f1b50000)
  eden space 2552384K,   0% used [0x00007fd09c600000, 0x00007fd09c600000, 0x00007fd138290000)
  from space 318976K,   1% used [0x00007fd138290000, 0x00007fd138741a10, 0x00007fd14ba10000)
  to   space 318976K,   0% used [0x00007fd14ba10000, 0x00007fd14ba10000, 0x00007fd15f190000)
 tenured generation   total 6380836K, used 6380826K [0x00007fd5f1b50000, 0x00007fd777299000, 0x00007fe09c600000)
   the space 6380836K,  99% used [0x00007fd5f1b50000, 0x00007fd7772969c0, 0x00007fd777296a00, 0x00007fd777299000)
 Metaspace       used 25079K, capacity 25544K, committed 25600K, reserved 26624K
}
Event: 88972.171 GC heap before
{Heap before GC invocations=78874 (full 4):
 def new generation   total 2871360K, used 4806K [0x00007fd09c600000, 0x00007fd15f190000, 0x00007fd5f1b50000)
  eden space 2552384K,   0% used [0x00007fd09c600000, 0x00007fd09c600000, 0x00007fd138290000)
  from space 318976K,   1% used [0x00007fd138290000, 0x00007fd138741a10, 0x00007fd14ba10000)
  to   space 318976K,   0% used [0x00007fd14ba10000, 0x00007fd14ba10000, 0x00007fd15f190000)
 tenured generation   total 6380836K, used 6380826K [0x00007fd5f1b50000, 0x00007fd777299000, 0x00007fe09c600000)
   the space 6380836K,  99% used [0x00007fd5f1b50000, 0x00007fd7772969c0, 0x00007fd777296a00, 0x00007fd777299000)
 Metaspace       used 25079K, capacity 25544K, committed 25600K, reserved 26624K
}

