# JRE version: OpenJDK Runtime Environment (13.0.7+5) (build 13.0.7+5-Ubuntu-0ubuntu120.04)
# Java VM: OpenJDK 64-Bit Server VM (13.0.7+5-Ubuntu-0ubuntu120.04, mixed mode, tiered, serial gc, linux-amd64)
Heap:
 def new generation   total 2890112K, used 3359K [0x00007f188c600000, 0x00007f19505f0000, 0x00007f1de1b50000)
  eden space 2569024K,   0% used [0x00007f188c600000, 0x00007f188c947cf8, 0x00007f19292d0000)
  from space 321088K,   0% used [0x00007f19292d0000, 0x00007f19292d0000, 0x00007f193cc60000)
  to   space 321088K,   0% used [0x00007f193cc60000, 0x00007f193cc60000, 0x00007f19505f0000)
 tenured generation   total 6422504K, used 6422503K [0x00007f1de1b50000, 0x00007f1f69b4a000, 0x00007f288c600000)
   the space 6422504K,  99% used [0x00007f1de1b50000, 0x00007f1f69b49fe8, 0x00007f1f69b4a000, 0x00007f1f69b4a000)
 Metaspace       used 25118K, capacity 25622K, committed 25856K, reserved 26624K
GC Heap History (20 events):
Event: 32825.789 GC heap after
{Heap after GC invocations=27478 (full 4):
 def new generation   total 2890112K, used 3291K [0x00007f188c600000, 0x00007f19505f0000, 0x00007f1de1b50000)
  eden space 2569024K,   0% used [0x00007f188c600000, 0x00007f188c600000, 0x00007f19292d0000)
  from space 321088K,   1% used [0x00007f193cc60000, 0x00007f193cf96fd8, 0x00007f19505f0000)
  to   space 321088K,   0% used [0x00007f19292d0000, 0x00007f19292d0000, 0x00007f193cc60000)
 tenured generation   total 6422312K, used 6420498K [0x00007f1de1b50000, 0x00007f1f69b1a000, 0x00007f288c600000)
   the space 6422312K,  99% used [0x00007f1de1b50000, 0x00007f1f69954a88, 0x00007f1f69954c00, 0x00007f1f69b1a000)
 Metaspace       used 25118K, capacity 25622K, committed 25856K, reserved 26624K
}
Event: 32828.064 GC heap before
{Heap before GC invocations=27478 (full 4):
 def new generation   total 2890112K, used 2572315K [0x00007f188c600000, 0x00007f19505f0000, 0x00007f1de1b50000)
  eden space 2569024K, 100% used [0x00007f188c600000, 0x00007f19292d0000, 0x00007f19292d0000)
  from space 321088K,   1% used [0x00007f193cc60000, 0x00007f193cf96fd8, 0x00007f19505f0000)
  to   space 321088K,   0% used [0x00007f19292d0000, 0x00007f19292d0000, 0x00007f193cc60000)
 tenured generation   total 6422312K, used 6420498K [0x00007f1de1b50000, 0x00007f1f69b1a000, 0x00007f288c600000)
   the space 6422312K,  99% used [0x00007f1de1b50000, 0x00007f1f69954a88, 0x00007f1f69954c00, 0x00007f1f69b1a000)
 Metaspace       used 25118K, capacity 25622K, committed 25856K, reserved 26624K
}
Event: 32828.078 GC heap after
{Heap after GC invocations=27479 (full 4):
 def new generation   total 2890112K, used 3308K [0x00007f188c600000, 0x00007f19505f0000, 0x00007f1de1b50000)
  eden space 2569024K,   0% used [0x00007f188c600000, 0x00007f188c600000, 0x00007f19292d0000)
  from space 321088K,   1% used [0x00007f19292d0000, 0x00007f192960b198, 0x00007f193cc60000)
  to   space 321088K,   0% used [0x00007f193cc60000, 0x00007f193cc60000, 0x00007f19505f0000)
 tenured generation   total 6422312K, used 6420712K [0x00007f1de1b50000, 0x00007f1f69b1a000, 0x00007f288c600000)
   the space 6422312K,  99% used [0x00007f1de1b50000, 0x00007f1f6998a048, 0x00007f1f6998a200, 0x00007f1f69b1a000)
 Metaspace       used 25118K, capacity 25622K, committed 25856K, reserved 26624K
}
Event: 32830.312 GC heap before
{Heap before GC invocations=27479 (full 4):
 def new generation   total 2890112K, used 2572332K [0x00007f188c600000, 0x00007f19505f0000, 0x00007f1de1b50000)
  eden space 2569024K, 100% used [0x00007f188c600000, 0x00007f19292d0000, 0x00007f19292d0000)
  from space 321088K,   1% used [0x00007f19292d0000, 0x00007f192960b198, 0x00007f193cc60000)
  to   space 321088K,   0% used [0x00007f193cc60000, 0x00007f193cc60000, 0x00007f19505f0000)
 tenured generation   total 6422312K, used 6420712K [0x00007f1de1b50000, 0x00007f1f69b1a000, 0x00007f288c600000)
   the space 6422312K,  99% used [0x00007f1de1b50000, 0x00007f1f6998a048, 0x00007f1f6998a200, 0x00007f1f69b1a000)
 Metaspace       used 25118K, capacity 25622K, committed 25856K, reserved 26624K
}
Event: 32830.326 GC heap after
{Heap after GC invocations=27480 (full 4):
 def new generation   total 2890112K, used 3327K [0x00007f188c600000, 0x00007f19505f0000, 0x00007f1de1b50000)
  eden space 2569024K,   0% used [0x00007f188c600000, 0x00007f188c600000, 0x00007f19292d0000)
  from space 321088K,   1% used [0x00007f193cc60000, 0x00007f193cf9fdf0, 0x00007f19505f0000)
  to   space 321088K,   0% used [0x00007f19292d0000, 0x00007f19292d0000, 0x00007f193cc60000)
 tenured generation   total 6422312K, used 6420925K [0x00007f1de1b50000, 0x00007f1f69b1a000, 0x00007f288c600000)
   the space 6422312K,  99% used [0x00007f1de1b50000, 0x00007f1f699bf608, 0x00007f1f699bf800, 0x00007f1f69b1a000)
 Metaspace       used 25118K, capacity 25622K, committed 25856K, reserved 26624K
}
Event: 32832.536 GC heap before
{Heap before GC invocations=27480 (full 4):
 def new generation   total 2890112K, used 2572351K [0x00007f188c600000, 0x00007f19505f0000, 0x00007f1de1b50000)
  eden space 2569024K,  99% used [0x00007f188c600000, 0x00007f19292cfff0, 0x00007f19292d0000)
  from space 321088K,   1% used [0x00007f193cc60000, 0x00007f193cf9fdf0, 0x00007f19505f0000)
  to   space 321088K,   0% used [0x00007f19292d0000, 0x00007f19292d0000, 0x00007f193cc60000)
 tenured generation   total 6422312K, used 6420925K [0x00007f1de1b50000, 0x00007f1f69b1a000, 0x00007f288c600000)
   the space 6422312K,  99% used [0x00007f1de1b50000, 0x00007f1f699bf608, 0x00007f1f699bf800, 0x00007f1f69b1a000)
 Metaspace       used 25118K, capacity 25622K, committed 25856K, reserved 26624K
}
Event: 32832.551 GC heap after
{Heap after GC invocations=27481 (full 4):
 def new generation   total 2890112K, used 3339K [0x00007f188c600000, 0x00007f19505f0000, 0x00007f1de1b50000)
  eden space 2569024K,   0% used [0x00007f188c600000, 0x00007f188c600000, 0x00007f19292d0000)
  from space 321088K,   1% used [0x00007f19292d0000, 0x00007f1929612ec0, 0x00007f193cc60000)
  to   space 321088K,   0% used [0x00007f193cc60000, 0x00007f193cc60000, 0x00007f19505f0000)
 tenured generation   total 6422312K, used 6421138K [0x00007f1de1b50000, 0x00007f1f69b1a000, 0x00007f288c600000)
   the space 6422312K,  99% used [0x00007f1de1b50000, 0x00007f1f699f4bc8, 0x00007f1f699f4c00, 0x00007f1f69b1a000)
 Metaspace       used 25118K, capacity 25622K, committed 25856K, reserved 26624K
}
Event: 32834.796 GC heap before
{Heap before GC invocations=27481 (full 4):
 def new generation   total 2890112K, used 2572363K [0x00007f188c600000, 0x00007f19505f0000, 0x00007f1de1b50000)
  eden space 2569024K, 100% used [0x00007f188c600000, 0x00007f19292d0000, 0x00007f19292d0000)
  from space 321088K,   1% used [0x00007f19292d0000, 0x00007f1929612ec0, 0x00007f193cc60000)
  to   space 321088K,   0% used [0x00007f193cc60000, 0x00007f193cc60000, 0x00007f19505f0000)
 tenured generation   total 6422312K, used 6421138K [0x00007f1de1b50000, 0x00007f1f69b1a000, 0x00007f288c600000)
   the space 6422312K,  99% used [0x00007f1de1b50000, 0x00007f1f699f4bc8, 0x00007f1f699f4c00, 0x00007f1f69b1a000)
 Metaspace       used 25118K, capacity 25622K, committed 25856K, reserved 26624K
}
Event: 32834.807 GC heap after
{Heap after GC invocations=27482 (full 4):
 def new generation   total 2890112K, used 3378K [0x00007f188c600000, 0x00007f19505f0000, 0x00007f1de1b50000)
  eden space 2569024K,   0% used [0x00007f188c600000, 0x00007f188c600000, 0x00007f19292d0000)
  from space 321088K,   1% used [0x00007f193cc60000, 0x00007f193cfac9b0, 0x00007f19505f0000)
  to   space 321088K,   0% used [0x00007f19292d0000, 0x00007f19292d0000, 0x00007f193cc60000)
 tenured generation   total 6422312K, used 6421352K [0x00007f1de1b50000, 0x00007f1f69b1a000, 0x00007f288c600000)
   the space 6422312K,  99% used [0x00007f1de1b50000, 0x00007f1f69a2a188, 0x00007f1f69a2a200, 0x00007f1f69b1a000)
 Metaspace       used 25118K, capacity 25622K, committed 25856K, reserved 26624K
}
Event: 32836.997 GC heap before
{Heap before GC invocations=27482 (full 4):
 def new generation   total 2890112K, used 2572402K [0x00007f188c600000, 0x00007f19505f0000, 0x00007f1de1b50000)
  eden space 2569024K, 100% used [0x00007f188c600000, 0x00007f19292d0000, 0x00007f19292d0000)
  from space 321088K,   1% used [0x00007f193cc60000, 0x00007f193cfac9b0, 0x00007f19505f0000)
  to   space 321088K,   0% used [0x00007f19292d0000, 0x00007f19292d0000, 0x00007f193cc60000)
 tenured generation   total 6422312K, used 6421352K [0x00007f1de1b50000, 0x00007f1f69b1a000, 0x00007f288c600000)
   the space 6422312K,  99% used [0x00007f1de1b50000, 0x00007f1f69a2a188, 0x00007f1f69a2a200, 0x00007f1f69b1a000)
 Metaspace       used 25118K, capacity 25622K, committed 25856K, reserved 26624K
}
Event: 32837.009 GC heap after
{Heap after GC invocations=27483 (full 4):
 def new generation   total 2890112K, used 3369K [0x00007f188c600000, 0x00007f19505f0000, 0x00007f1de1b50000)
  eden space 2569024K,   0% used [0x00007f188c600000, 0x00007f188c600000, 0x00007f19292d0000)
  from space 321088K,   1% used [0x00007f19292d0000, 0x00007f192961a748, 0x00007f193cc60000)
  to   space 321088K,   0% used [0x00007f193cc60000, 0x00007f193cc60000, 0x00007f19505f0000)
 tenured generation   total 6422312K, used 6421565K [0x00007f1de1b50000, 0x00007f1f69b1a000, 0x00007f288c600000)
   the space 6422312K,  99% used [0x00007f1de1b50000, 0x00007f1f69a5f748, 0x00007f1f69a5f800, 0x00007f1f69b1a000)
 Metaspace       used 25118K, capacity 25622K, committed 25856K, reserved 26624K
}
Event: 32839.221 GC heap before
{Heap before GC invocations=27483 (full 4):
 def new generation   total 2890112K, used 2572393K [0x00007f188c600000, 0x00007f19505f0000, 0x00007f1de1b50000)
  eden space 2569024K, 100% used [0x00007f188c600000, 0x00007f19292d0000, 0x00007f19292d0000)
  from space 321088K,   1% used [0x00007f19292d0000, 0x00007f192961a748, 0x00007f193cc60000)
  to   space 321088K,   0% used [0x00007f193cc60000, 0x00007f193cc60000, 0x00007f19505f0000)
 tenured generation   total 6422312K, used 6421565K [0x00007f1de1b50000, 0x00007f1f69b1a000, 0x00007f288c600000)
   the space 6422312K,  99% used [0x00007f1de1b50000, 0x00007f1f69a5f748, 0x00007f1f69a5f800, 0x00007f1f69b1a000)
 Metaspace       used 25118K, capacity 25622K, committed 25856K, reserved 26624K
}
Event: 32839.235 GC heap after
{Heap after GC invocations=27484 (full 4):
 def new generation   total 2890112K, used 3384K [0x00007f188c600000, 0x00007f19505f0000, 0x00007f1de1b50000)
  eden space 2569024K,   0% used [0x00007f188c600000, 0x00007f188c600000, 0x00007f19292d0000)
  from space 321088K,   1% used [0x00007f193cc60000, 0x00007f193cfae150, 0x00007f19505f0000)
  to   space 321088K,   0% used [0x00007f19292d0000, 0x00007f19292d0000, 0x00007f193cc60000)
 tenured generation   total 6422312K, used 6421779K [0x00007f1de1b50000, 0x00007f1f69b1a000, 0x00007f288c600000)
   the space 6422312K,  99% used [0x00007f1de1b50000, 0x00007f1f69a94d08, 0x00007f1f69a94e00, 0x00007f1f69b1a000)
 Metaspace       used 25118K, capacity 25622K, committed 25856K, reserved 26624K
}
Event: 32841.431 GC heap before
{Heap before GC invocations=27484 (full 4):
 def new generation   total 2890112K, used 2572408K [0x00007f188c600000, 0x00007f19505f0000, 0x00007f1de1b50000)
  eden space 2569024K, 100% used [0x00007f188c600000, 0x00007f19292d0000, 0x00007f19292d0000)
  from space 321088K,   1% used [0x00007f193cc60000, 0x00007f193cfae150, 0x00007f19505f0000)
  to   space 321088K,   0% used [0x00007f19292d0000, 0x00007f19292d0000, 0x00007f193cc60000)
 tenured generation   total 6422312K, used 6421779K [0x00007f1de1b50000, 0x00007f1f69b1a000, 0x00007f288c600000)
   the space 6422312K,  99% used [0x00007f1de1b50000, 0x00007f1f69a94d08, 0x00007f1f69a94e00, 0x00007f1f69b1a000)
 Metaspace       used 25118K, capacity 25622K, committed 25856K, reserved 26624K
}
Event: 32841.446 GC heap after
{Heap after GC invocations=27485 (full 4):
 def new generation   total 2890112K, used 3389K [0x00007f188c600000, 0x00007f19505f0000, 0x00007f1de1b50000)
  eden space 2569024K,   0% used [0x00007f188c600000, 0x00007f188c600000, 0x00007f19292d0000)
  from space 321088K,   1% used [0x00007f19292d0000, 0x00007f192961f780, 0x00007f193cc60000)
  to   space 321088K,   0% used [0x00007f193cc60000, 0x00007f193cc60000, 0x00007f19505f0000)
 tenured generation   total 6422312K, used 6421992K [0x00007f1de1b50000, 0x00007f1f69b1a000, 0x00007f288c600000)
   the space 6422312K,  99% used [0x00007f1de1b50000, 0x00007f1f69aca2c8, 0x00007f1f69aca400, 0x00007f1f69b1a000)
 Metaspace       used 25118K, capacity 25622K, committed 25856K, reserved 26624K
}
Event: 32843.712 GC heap before
{Heap before GC invocations=27485 (full 4):
 def new generation   total 2890112K, used 2572413K [0x00007f188c600000, 0x00007f19505f0000, 0x00007f1de1b50000)
  eden space 2569024K, 100% used [0x00007f188c600000, 0x00007f19292d0000, 0x00007f19292d0000)
  from space 321088K,   1% used [0x00007f19292d0000, 0x00007f192961f780, 0x00007f193cc60000)
  to   space 321088K,   0% used [0x00007f193cc60000, 0x00007f193cc60000, 0x00007f19505f0000)
 tenured generation   total 6422312K, used 6421992K [0x00007f1de1b50000, 0x00007f1f69b1a000, 0x00007f288c600000)
   the space 6422312K,  99% used [0x00007f1de1b50000, 0x00007f1f69aca2c8, 0x00007f1f69aca400, 0x00007f1f69b1a000)
 Metaspace       used 25118K, capacity 25622K, committed 25856K, reserved 26624K
}
Event: 32843.725 GC heap after
{Heap after GC invocations=27486 (full 4):
 def new generation   total 2890112K, used 3419K [0x00007f188c600000, 0x00007f19505f0000, 0x00007f1de1b50000)
  eden space 2569024K,   0% used [0x00007f188c600000, 0x00007f188c600000, 0x00007f19292d0000)
  from space 321088K,   1% used [0x00007f193cc60000, 0x00007f193cfb6ce8, 0x00007f19505f0000)
  to   space 321088K,   0% used [0x00007f19292d0000, 0x00007f19292d0000, 0x00007f193cc60000)
 tenured generation   total 6422312K, used 6422206K [0x00007f1de1b50000, 0x00007f1f69b1a000, 0x00007f288c600000)
   the space 6422312K,  99% used [0x00007f1de1b50000, 0x00007f1f69aff888, 0x00007f1f69affa00, 0x00007f1f69b1a000)
 Metaspace       used 25118K, capacity 25622K, committed 25856K, reserved 26624K
}
Event: 32846.080 GC heap before
{Heap before GC invocations=27486 (full 4):
 def new generation   total 2890112K, used 2572443K [0x00007f188c600000, 0x00007f19505f0000, 0x00007f1de1b50000)
  eden space 2569024K, 100% used [0x00007f188c600000, 0x00007f19292d0000, 0x00007f19292d0000)
  from space 321088K,   1% used [0x00007f193cc60000, 0x00007f193cfb6ce8, 0x00007f19505f0000)
  to   space 321088K,   0% used [0x00007f19292d0000, 0x00007f19292d0000, 0x00007f193cc60000)
 tenured generation   total 6422312K, used 6422206K [0x00007f1de1b50000, 0x00007f1f69b1a000, 0x00007f288c600000)
   the space 6422312K,  99% used [0x00007f1de1b50000, 0x00007f1f69aff888, 0x00007f1f69affa00, 0x00007f1f69b1a000)
 Metaspace       used 25118K, capacity 25622K, committed 25856K, reserved 26624K
}
Event: 32846.096 GC heap after
{Heap after GC invocations=27487 (full 4):
 def new generation   total 2890112K, used 3443K [0x00007f188c600000, 0x00007f19505f0000, 0x00007f1de1b50000)
  eden space 2569024K,   0% used [0x00007f188c600000, 0x00007f188c600000, 0x00007f19292d0000)
  from space 321088K,   1% used [0x00007f19292d0000, 0x00007f192962ce98, 0x00007f193cc60000)
  to   space 321088K,   0% used [0x00007f193cc60000, 0x00007f193cc60000, 0x00007f19505f0000)
 tenured generation   total 6422504K, used 6422419K [0x00007f1de1b50000, 0x00007f1f69b4a000, 0x00007f288c600000)
   the space 6422504K,  99% used [0x00007f1de1b50000, 0x00007f1f69b34e48, 0x00007f1f69b35000, 0x00007f1f69b4a000)
 Metaspace       used 25118K, capacity 25622K, committed 25856K, reserved 26624K
}
Event: 32846.096 GC heap before
{Heap before GC invocations=27487 (full 4):
 def new generation   total 2890112K, used 3443K [0x00007f188c600000, 0x00007f19505f0000, 0x00007f1de1b50000)
  eden space 2569024K,   0% used [0x00007f188c600000, 0x00007f188c600000, 0x00007f19292d0000)
  from space 321088K,   1% used [0x00007f19292d0000, 0x00007f192962ce98, 0x00007f193cc60000)
  to   space 321088K,   0% used [0x00007f193cc60000, 0x00007f193cc60000, 0x00007f19505f0000)
 tenured generation   total 6422504K, used 6422419K [0x00007f1de1b50000, 0x00007f1f69b4a000, 0x00007f288c600000)
   the space 6422504K,  99% used [0x00007f1de1b50000, 0x00007f1f69b34e48, 0x00007f1f69b35000, 0x00007f1f69b4a000)
 Metaspace       used 25118K, capacity 25622K, committed 25856K, reserved 26624K
}

