# JRE version: OpenJDK Runtime Environment (13.0.7+5) (build 13.0.7+5-Ubuntu-0ubuntu120.04)
# Java VM: OpenJDK 64-Bit Server VM (13.0.7+5-Ubuntu-0ubuntu120.04, mixed mode, tiered, serial gc, linux-amd64)
Heap:
 def new generation   total 1048832K, used 2511K [0x00007f04a8600000, 0x00007f04ef800000, 0x00007f09fdb50000)
  eden space 932352K,   0% used [0x00007f04a8600000, 0x00007f04a8873d80, 0x00007f04e1480000)
  from space 116480K,   0% used [0x00007f04e1480000, 0x00007f04e1480000, 0x00007f04e8640000)
  to   space 116480K,   0% used [0x00007f04e8640000, 0x00007f04e8640000, 0x00007f04ef800000)
 tenured generation   total 2330752K, used 2330751K [0x00007f09fdb50000, 0x00007f0a8bf70000, 0x00007f14a8600000)
   the space 2330752K,  99% used [0x00007f09fdb50000, 0x00007f0a8bf6fff8, 0x00007f0a8bf70000, 0x00007f0a8bf70000)
 Metaspace       used 24774K, capacity 25197K, committed 25344K, reserved 26624K
GC Heap History (20 events):
Event: 6807.394 GC heap after
{Heap after GC invocations=18701 (full 2):
 def new generation   total 1048832K, used 2663K [0x00007f04a8600000, 0x00007f04ef800000, 0x00007f09fdb50000)
  eden space 932352K,   0% used [0x00007f04a8600000, 0x00007f04a8600000, 0x00007f04e1480000)
  from space 116480K,   2% used [0x00007f04e8640000, 0x00007f04e88d9c38, 0x00007f04ef800000)
  to   space 116480K,   0% used [0x00007f04e1480000, 0x00007f04e1480000, 0x00007f04e8640000)
 tenured generation   total 2330560K, used 2329062K [0x00007f09fdb50000, 0x00007f0a8bf40000, 0x00007f14a8600000)
   the space 2330560K,  99% used [0x00007f09fdb50000, 0x00007f0a8bdc99e0, 0x00007f0a8bdc9a00, 0x00007f0a8bf40000)
 Metaspace       used 24774K, capacity 25197K, committed 25344K, reserved 26624K
}
Event: 6807.900 GC heap before
{Heap before GC invocations=18701 (full 2):
 def new generation   total 1048832K, used 935015K [0x00007f04a8600000, 0x00007f04ef800000, 0x00007f09fdb50000)
  eden space 932352K, 100% used [0x00007f04a8600000, 0x00007f04e1480000, 0x00007f04e1480000)
  from space 116480K,   2% used [0x00007f04e8640000, 0x00007f04e88d9c38, 0x00007f04ef800000)
  to   space 116480K,   0% used [0x00007f04e1480000, 0x00007f04e1480000, 0x00007f04e8640000)
 tenured generation   total 2330560K, used 2329062K [0x00007f09fdb50000, 0x00007f0a8bf40000, 0x00007f14a8600000)
   the space 2330560K,  99% used [0x00007f09fdb50000, 0x00007f0a8bdc99e0, 0x00007f0a8bdc9a00, 0x00007f0a8bf40000)
 Metaspace       used 24774K, capacity 25197K, committed 25344K, reserved 26624K
}
Event: 6807.904 GC heap after
{Heap after GC invocations=18702 (full 2):
 def new generation   total 1048832K, used 2620K [0x00007f04a8600000, 0x00007f04ef800000, 0x00007f09fdb50000)
  eden space 932352K,   0% used [0x00007f04a8600000, 0x00007f04a8600000, 0x00007f04e1480000)
  from space 116480K,   2% used [0x00007f04e1480000, 0x00007f04e170f370, 0x00007f04e8640000)
  to   space 116480K,   0% used [0x00007f04e8640000, 0x00007f04e8640000, 0x00007f04ef800000)
 tenured generation   total 2330560K, used 2329250K [0x00007f09fdb50000, 0x00007f0a8bf40000, 0x00007f14a8600000)
   the space 2330560K,  99% used [0x00007f09fdb50000, 0x00007f0a8bdf88d8, 0x00007f0a8bdf8a00, 0x00007f0a8bf40000)
 Metaspace       used 24774K, capacity 25197K, committed 25344K, reserved 26624K
}
Event: 6808.409 GC heap before
{Heap before GC invocations=18702 (full 2):
 def new generation   total 1048832K, used 934972K [0x00007f04a8600000, 0x00007f04ef800000, 0x00007f09fdb50000)
  eden space 932352K, 100% used [0x00007f04a8600000, 0x00007f04e1480000, 0x00007f04e1480000)
  from space 116480K,   2% used [0x00007f04e1480000, 0x00007f04e170f370, 0x00007f04e8640000)
  to   space 116480K,   0% used [0x00007f04e8640000, 0x00007f04e8640000, 0x00007f04ef800000)
 tenured generation   total 2330560K, used 2329250K [0x00007f09fdb50000, 0x00007f0a8bf40000, 0x00007f14a8600000)
   the space 2330560K,  99% used [0x00007f09fdb50000, 0x00007f0a8bdf88d8, 0x00007f0a8bdf8a00, 0x00007f0a8bf40000)
 Metaspace       used 24774K, capacity 25197K, committed 25344K, reserved 26624K
}
Event: 6808.413 GC heap after
{Heap after GC invocations=18703 (full 2):
 def new generation   total 1048832K, used 2661K [0x00007f04a8600000, 0x00007f04ef800000, 0x00007f09fdb50000)
  eden space 932352K,   0% used [0x00007f04a8600000, 0x00007f04a8600000, 0x00007f04e1480000)
  from space 116480K,   2% used [0x00007f04e8640000, 0x00007f04e88d9700, 0x00007f04ef800000)
  to   space 116480K,   0% used [0x00007f04e1480000, 0x00007f04e1480000, 0x00007f04e8640000)
 tenured generation   total 2330560K, used 2329411K [0x00007f09fdb50000, 0x00007f0a8bf40000, 0x00007f14a8600000)
   the space 2330560K,  99% used [0x00007f09fdb50000, 0x00007f0a8be20c88, 0x00007f0a8be20e00, 0x00007f0a8bf40000)
 Metaspace       used 24774K, capacity 25197K, committed 25344K, reserved 26624K
}
Event: 6808.921 GC heap before
{Heap before GC invocations=18703 (full 2):
 def new generation   total 1048832K, used 935013K [0x00007f04a8600000, 0x00007f04ef800000, 0x00007f09fdb50000)
  eden space 932352K, 100% used [0x00007f04a8600000, 0x00007f04e1480000, 0x00007f04e1480000)
  from space 116480K,   2% used [0x00007f04e8640000, 0x00007f04e88d9700, 0x00007f04ef800000)
  to   space 116480K,   0% used [0x00007f04e1480000, 0x00007f04e1480000, 0x00007f04e8640000)
 tenured generation   total 2330560K, used 2329411K [0x00007f09fdb50000, 0x00007f0a8bf40000, 0x00007f14a8600000)
   the space 2330560K,  99% used [0x00007f09fdb50000, 0x00007f0a8be20c88, 0x00007f0a8be20e00, 0x00007f0a8bf40000)
 Metaspace       used 24774K, capacity 25197K, committed 25344K, reserved 26624K
}
Event: 6808.924 GC heap after
{Heap after GC invocations=18704 (full 2):
 def new generation   total 1048832K, used 2608K [0x00007f04a8600000, 0x00007f04ef800000, 0x00007f09fdb50000)
  eden space 932352K,   0% used [0x00007f04a8600000, 0x00007f04a8600000, 0x00007f04e1480000)
  from space 116480K,   2% used [0x00007f04e1480000, 0x00007f04e170c010, 0x00007f04e8640000)
  to   space 116480K,   0% used [0x00007f04e8640000, 0x00007f04e8640000, 0x00007f04ef800000)
 tenured generation   total 2330560K, used 2329598K [0x00007f09fdb50000, 0x00007f0a8bf40000, 0x00007f14a8600000)
   the space 2330560K,  99% used [0x00007f09fdb50000, 0x00007f0a8be4fb80, 0x00007f0a8be4fc00, 0x00007f0a8bf40000)
 Metaspace       used 24774K, capacity 25197K, committed 25344K, reserved 26624K
}
Event: 6809.449 GC heap before
{Heap before GC invocations=18704 (full 2):
 def new generation   total 1048832K, used 934960K [0x00007f04a8600000, 0x00007f04ef800000, 0x00007f09fdb50000)
  eden space 932352K, 100% used [0x00007f04a8600000, 0x00007f04e1480000, 0x00007f04e1480000)
  from space 116480K,   2% used [0x00007f04e1480000, 0x00007f04e170c010, 0x00007f04e8640000)
  to   space 116480K,   0% used [0x00007f04e8640000, 0x00007f04e8640000, 0x00007f04ef800000)
 tenured generation   total 2330560K, used 2329598K [0x00007f09fdb50000, 0x00007f0a8bf40000, 0x00007f14a8600000)
   the space 2330560K,  99% used [0x00007f09fdb50000, 0x00007f0a8be4fb80, 0x00007f0a8be4fc00, 0x00007f0a8bf40000)
 Metaspace       used 24774K, capacity 25197K, committed 25344K, reserved 26624K
}
Event: 6809.455 GC heap after
{Heap after GC invocations=18705 (full 2):
 def new generation   total 1048832K, used 2649K [0x00007f04a8600000, 0x00007f04ef800000, 0x00007f09fdb50000)
  eden space 932352K,   0% used [0x00007f04a8600000, 0x00007f04a8600000, 0x00007f04e1480000)
  from space 116480K,   2% used [0x00007f04e8640000, 0x00007f04e88d6580, 0x00007f04ef800000)
  to   space 116480K,   0% used [0x00007f04e1480000, 0x00007f04e1480000, 0x00007f04e8640000)
 tenured generation   total 2330560K, used 2329759K [0x00007f09fdb50000, 0x00007f0a8bf40000, 0x00007f14a8600000)
   the space 2330560K,  99% used [0x00007f09fdb50000, 0x00007f0a8be77f30, 0x00007f0a8be78000, 0x00007f0a8bf40000)
 Metaspace       used 24774K, capacity 25197K, committed 25344K, reserved 26624K
}
Event: 6809.996 GC heap before
{Heap before GC invocations=18705 (full 2):
 def new generation   total 1048832K, used 935001K [0x00007f04a8600000, 0x00007f04ef800000, 0x00007f09fdb50000)
  eden space 932352K, 100% used [0x00007f04a8600000, 0x00007f04e1480000, 0x00007f04e1480000)
  from space 116480K,   2% used [0x00007f04e8640000, 0x00007f04e88d6580, 0x00007f04ef800000)
  to   space 116480K,   0% used [0x00007f04e1480000, 0x00007f04e1480000, 0x00007f04e8640000)
 tenured generation   total 2330560K, used 2329759K [0x00007f09fdb50000, 0x00007f0a8bf40000, 0x00007f14a8600000)
   the space 2330560K,  99% used [0x00007f09fdb50000, 0x00007f0a8be77f30, 0x00007f0a8be78000, 0x00007f0a8bf40000)
 Metaspace       used 24774K, capacity 25197K, committed 25344K, reserved 26624K
}
Event: 6810.001 GC heap after
{Heap after GC invocations=18706 (full 2):
 def new generation   total 1048832K, used 2673K [0x00007f04a8600000, 0x00007f04ef800000, 0x00007f09fdb50000)
  eden space 932352K,   0% used [0x00007f04a8600000, 0x00007f04a8600000, 0x00007f04e1480000)
  from space 116480K,   2% used [0x00007f04e1480000, 0x00007f04e171c5a0, 0x00007f04e8640000)
  to   space 116480K,   0% used [0x00007f04e8640000, 0x00007f04e8640000, 0x00007f04ef800000)
 tenured generation   total 2330560K, used 2329920K [0x00007f09fdb50000, 0x00007f0a8bf40000, 0x00007f14a8600000)
   the space 2330560K,  99% used [0x00007f09fdb50000, 0x00007f0a8bea02e0, 0x00007f0a8bea0400, 0x00007f0a8bf40000)
 Metaspace       used 24774K, capacity 25197K, committed 25344K, reserved 26624K
}
Event: 6810.505 GC heap before
{Heap before GC invocations=18706 (full 2):
 def new generation   total 1048832K, used 935025K [0x00007f04a8600000, 0x00007f04ef800000, 0x00007f09fdb50000)
  eden space 932352K, 100% used [0x00007f04a8600000, 0x00007f04e1480000, 0x00007f04e1480000)
  from space 116480K,   2% used [0x00007f04e1480000, 0x00007f04e171c5a0, 0x00007f04e8640000)
  to   space 116480K,   0% used [0x00007f04e8640000, 0x00007f04e8640000, 0x00007f04ef800000)
 tenured generation   total 2330560K, used 2329920K [0x00007f09fdb50000, 0x00007f0a8bf40000, 0x00007f14a8600000)
   the space 2330560K,  99% used [0x00007f09fdb50000, 0x00007f0a8bea02e0, 0x00007f0a8bea0400, 0x00007f0a8bf40000)
 Metaspace       used 24774K, capacity 25197K, committed 25344K, reserved 26624K
}
Event: 6810.509 GC heap after
{Heap after GC invocations=18707 (full 2):
 def new generation   total 1048832K, used 2629K [0x00007f04a8600000, 0x00007f04ef800000, 0x00007f09fdb50000)
  eden space 932352K,   0% used [0x00007f04a8600000, 0x00007f04a8600000, 0x00007f04e1480000)
  from space 116480K,   2% used [0x00007f04e8640000, 0x00007f04e88d1548, 0x00007f04ef800000)
  to   space 116480K,   0% used [0x00007f04e1480000, 0x00007f04e1480000, 0x00007f04e8640000)
 tenured generation   total 2330560K, used 2330108K [0x00007f09fdb50000, 0x00007f0a8bf40000, 0x00007f14a8600000)
   the space 2330560K,  99% used [0x00007f09fdb50000, 0x00007f0a8becf1d8, 0x00007f0a8becf200, 0x00007f0a8bf40000)
 Metaspace       used 24774K, capacity 25197K, committed 25344K, reserved 26624K
}
Event: 6811.020 GC heap before
{Heap before GC invocations=18707 (full 2):
 def new generation   total 1048832K, used 934981K [0x00007f04a8600000, 0x00007f04ef800000, 0x00007f09fdb50000)
  eden space 932352K, 100% used [0x00007f04a8600000, 0x00007f04e1480000, 0x00007f04e1480000)
  from space 116480K,   2% used [0x00007f04e8640000, 0x00007f04e88d1548, 0x00007f04ef800000)
  to   space 116480K,   0% used [0x00007f04e1480000, 0x00007f04e1480000, 0x00007f04e8640000)
 tenured generation   total 2330560K, used 2330108K [0x00007f09fdb50000, 0x00007f0a8bf40000, 0x00007f14a8600000)
   the space 2330560K,  99% used [0x00007f09fdb50000, 0x00007f0a8becf1d8, 0x00007f0a8becf200, 0x00007f0a8bf40000)
 Metaspace       used 24774K, capacity 25197K, committed 25344K, reserved 26624K
}
Event: 6811.024 GC heap after
{Heap after GC invocations=18708 (full 2):
 def new generation   total 1048832K, used 2676K [0x00007f04a8600000, 0x00007f04ef800000, 0x00007f09fdb50000)
  eden space 932352K,   0% used [0x00007f04a8600000, 0x00007f04a8600000, 0x00007f04e1480000)
  from space 116480K,   2% used [0x00007f04e1480000, 0x00007f04e171d168, 0x00007f04e8640000)
  to   space 116480K,   0% used [0x00007f04e8640000, 0x00007f04e8640000, 0x00007f04ef800000)
 tenured generation   total 2330560K, used 2330269K [0x00007f09fdb50000, 0x00007f0a8bf40000, 0x00007f14a8600000)
   the space 2330560K,  99% used [0x00007f09fdb50000, 0x00007f0a8bef7588, 0x00007f0a8bef7600, 0x00007f0a8bf40000)
 Metaspace       used 24774K, capacity 25197K, committed 25344K, reserved 26624K
}
Event: 6811.531 GC heap before
{Heap before GC invocations=18708 (full 2):
 def new generation   total 1048832K, used 935028K [0x00007f04a8600000, 0x00007f04ef800000, 0x00007f09fdb50000)
  eden space 932352K, 100% used [0x00007f04a8600000, 0x00007f04e1480000, 0x00007f04e1480000)
  from space 116480K,   2% used [0x00007f04e1480000, 0x00007f04e171d168, 0x00007f04e8640000)
  to   space 116480K,   0% used [0x00007f04e8640000, 0x00007f04e8640000, 0x00007f04ef800000)
 tenured generation   total 2330560K, used 2330269K [0x00007f09fdb50000, 0x00007f0a8bf40000, 0x00007f14a8600000)
   the space 2330560K,  99% used [0x00007f09fdb50000, 0x00007f0a8bef7588, 0x00007f0a8bef7600, 0x00007f0a8bf40000)
 Metaspace       used 24774K, capacity 25197K, committed 25344K, reserved 26624K
}
Event: 6811.535 GC heap after
{Heap after GC invocations=18709 (full 2):
 def new generation   total 1048832K, used 2612K [0x00007f04a8600000, 0x00007f04ef800000, 0x00007f09fdb50000)
  eden space 932352K,   0% used [0x00007f04a8600000, 0x00007f04a8600000, 0x00007f04e1480000)
  from space 116480K,   2% used [0x00007f04e8640000, 0x00007f04e88cd0a0, 0x00007f04ef800000)
  to   space 116480K,   0% used [0x00007f04e1480000, 0x00007f04e1480000, 0x00007f04e8640000)
 tenured generation   total 2330560K, used 2330457K [0x00007f09fdb50000, 0x00007f0a8bf40000, 0x00007f14a8600000)
   the space 2330560K,  99% used [0x00007f09fdb50000, 0x00007f0a8bf26480, 0x00007f0a8bf26600, 0x00007f0a8bf40000)
 Metaspace       used 24774K, capacity 25197K, committed 25344K, reserved 26624K
}
Event: 6812.041 GC heap before
{Heap before GC invocations=18709 (full 2):
 def new generation   total 1048832K, used 934964K [0x00007f04a8600000, 0x00007f04ef800000, 0x00007f09fdb50000)
  eden space 932352K, 100% used [0x00007f04a8600000, 0x00007f04e1480000, 0x00007f04e1480000)
  from space 116480K,   2% used [0x00007f04e8640000, 0x00007f04e88cd0a0, 0x00007f04ef800000)
  to   space 116480K,   0% used [0x00007f04e1480000, 0x00007f04e1480000, 0x00007f04e8640000)
 tenured generation   total 2330560K, used 2330457K [0x00007f09fdb50000, 0x00007f0a8bf40000, 0x00007f14a8600000)
   the space 2330560K,  99% used [0x00007f09fdb50000, 0x00007f0a8bf26480, 0x00007f0a8bf26600, 0x00007f0a8bf40000)
 Metaspace       used 24774K, capacity 25197K, committed 25344K, reserved 26624K
}
Event: 6812.048 GC heap after
{Heap after GC invocations=18710 (full 2):
 def new generation   total 1048832K, used 2641K [0x00007f04a8600000, 0x00007f04ef800000, 0x00007f09fdb50000)
  eden space 932352K,   0% used [0x00007f04a8600000, 0x00007f04a8600000, 0x00007f04e1480000)
  from space 116480K,   2% used [0x00007f04e1480000, 0x00007f04e1714408, 0x00007f04e8640000)
  to   space 116480K,   0% used [0x00007f04e8640000, 0x00007f04e8640000, 0x00007f04ef800000)
 tenured generation   total 2330752K, used 2330622K [0x00007f09fdb50000, 0x00007f0a8bf70000, 0x00007f14a8600000)
   the space 2330752K,  99% used [0x00007f09fdb50000, 0x00007f0a8bf4f970, 0x00007f0a8bf4fa00, 0x00007f0a8bf70000)
 Metaspace       used 24774K, capacity 25197K, committed 25344K, reserved 26624K
}
Event: 6812.048 GC heap before
{Heap before GC invocations=18710 (full 2):
 def new generation   total 1048832K, used 2641K [0x00007f04a8600000, 0x00007f04ef800000, 0x00007f09fdb50000)
  eden space 932352K,   0% used [0x00007f04a8600000, 0x00007f04a8600000, 0x00007f04e1480000)
  from space 116480K,   2% used [0x00007f04e1480000, 0x00007f04e1714408, 0x00007f04e8640000)
  to   space 116480K,   0% used [0x00007f04e8640000, 0x00007f04e8640000, 0x00007f04ef800000)
 tenured generation   total 2330752K, used 2330622K [0x00007f09fdb50000, 0x00007f0a8bf70000, 0x00007f14a8600000)
   the space 2330752K,  99% used [0x00007f09fdb50000, 0x00007f0a8bf4f970, 0x00007f0a8bf4fa00, 0x00007f0a8bf70000)
 Metaspace       used 24774K, capacity 25197K, committed 25344K, reserved 26624K
}

