# JRE version: OpenJDK Runtime Environment (13.0.7+5) (build 13.0.7+5-Ubuntu-0ubuntu120.04)
# Java VM: OpenJDK 64-Bit Server VM (13.0.7+5-Ubuntu-0ubuntu120.04, mixed mode, tiered, serial gc, linux-amd64)
Heap:
 def new generation   total 2850048K, used 2774K [0x00007f082c600000, 0x00007f08eda70000, 0x00007f0d81b50000)
  eden space 2533440K,   0% used [0x00007f082c600000, 0x00007f082c8b5b30, 0x00007f08c7010000)
  from space 316608K,   0% used [0x00007f08c7010000, 0x00007f08c7010000, 0x00007f08da540000)
  to   space 316608K,   0% used [0x00007f08da540000, 0x00007f08da540000, 0x00007f08eda70000)
 tenured generation   total 6333368K, used 6333367K [0x00007f0d81b50000, 0x00007f0f0443e000, 0x00007f182c600000)
   the space 6333368K,  99% used [0x00007f0d81b50000, 0x00007f0f0443df90, 0x00007f0f0443e000, 0x00007f0f0443e000)
 Metaspace       used 24943K, capacity 25409K, committed 25600K, reserved 26624K
GC Heap History (20 events):
Event: 144391.150 GC heap after
{Heap after GC invocations=131716 (full 4):
 def new generation   total 2850048K, used 19698K [0x00007f082c600000, 0x00007f08eda70000, 0x00007f0d81b50000)
  eden space 2533440K,   0% used [0x00007f082c600000, 0x00007f082c600000, 0x00007f08c7010000)
  from space 316608K,   6% used [0x00007f08da540000, 0x00007f08db87ca78, 0x00007f08eda70000)
  to   space 316608K,   0% used [0x00007f08c7010000, 0x00007f08c7010000, 0x00007f08da540000)
 tenured generation   total 6333176K, used 6314768K [0x00007f0d81b50000, 0x00007f0f0440e000, 0x00007f182c600000)
   the space 6333176K,  99% used [0x00007f0d81b50000, 0x00007f0f03214130, 0x00007f0f03214200, 0x00007f0f0440e000)
 Metaspace       used 24943K, capacity 25409K, committed 25600K, reserved 26624K
}
Event: 144393.456 GC heap before
{Heap before GC invocations=131716 (full 4):
 def new generation   total 2850048K, used 2553138K [0x00007f082c600000, 0x00007f08eda70000, 0x00007f0d81b50000)
  eden space 2533440K, 100% used [0x00007f082c600000, 0x00007f08c7010000, 0x00007f08c7010000)
  from space 316608K,   6% used [0x00007f08da540000, 0x00007f08db87ca78, 0x00007f08eda70000)
  to   space 316608K,   0% used [0x00007f08c7010000, 0x00007f08c7010000, 0x00007f08da540000)
 tenured generation   total 6333176K, used 6314768K [0x00007f0d81b50000, 0x00007f0f0440e000, 0x00007f182c600000)
   the space 6333176K,  99% used [0x00007f0d81b50000, 0x00007f0f03214130, 0x00007f0f03214200, 0x00007f0f0440e000)
 Metaspace       used 24943K, capacity 25409K, committed 25600K, reserved 26624K
}
Event: 144393.505 GC heap after
{Heap after GC invocations=131717 (full 4):
 def new generation   total 2850048K, used 19631K [0x00007f082c600000, 0x00007f08eda70000, 0x00007f0d81b50000)
  eden space 2533440K,   0% used [0x00007f082c600000, 0x00007f082c600000, 0x00007f08c7010000)
  from space 316608K,   6% used [0x00007f08c7010000, 0x00007f08c833bff0, 0x00007f08da540000)
  to   space 316608K,   0% used [0x00007f08da540000, 0x00007f08da540000, 0x00007f08eda70000)
 tenured generation   total 6333176K, used 6315089K [0x00007f0d81b50000, 0x00007f0f0440e000, 0x00007f182c600000)
   the space 6333176K,  99% used [0x00007f0d81b50000, 0x00007f0f03264610, 0x00007f0f03264800, 0x00007f0f0440e000)
 Metaspace       used 24943K, capacity 25409K, committed 25600K, reserved 26624K
}
Event: 144395.805 GC heap before
{Heap before GC invocations=131717 (full 4):
 def new generation   total 2850048K, used 2553071K [0x00007f082c600000, 0x00007f08eda70000, 0x00007f0d81b50000)
  eden space 2533440K, 100% used [0x00007f082c600000, 0x00007f08c7010000, 0x00007f08c7010000)
  from space 316608K,   6% used [0x00007f08c7010000, 0x00007f08c833bff0, 0x00007f08da540000)
  to   space 316608K,   0% used [0x00007f08da540000, 0x00007f08da540000, 0x00007f08eda70000)
 tenured generation   total 6333176K, used 6315089K [0x00007f0d81b50000, 0x00007f0f0440e000, 0x00007f182c600000)
   the space 6333176K,  99% used [0x00007f0d81b50000, 0x00007f0f03264610, 0x00007f0f03264800, 0x00007f0f0440e000)
 Metaspace       used 24943K, capacity 25409K, committed 25600K, reserved 26624K
}
Event: 144395.861 GC heap after
{Heap after GC invocations=131718 (full 4):
 def new generation   total 2850048K, used 4653K [0x00007f082c600000, 0x00007f08eda70000, 0x00007f0d81b50000)
  eden space 2533440K,   0% used [0x00007f082c600000, 0x00007f082c600000, 0x00007f08c7010000)
  from space 316608K,   1% used [0x00007f08da540000, 0x00007f08da9cb7c0, 0x00007f08eda70000)
  to   space 316608K,   0% used [0x00007f08c7010000, 0x00007f08c7010000, 0x00007f08da540000)
 tenured generation   total 6333176K, used 6330191K [0x00007f0d81b50000, 0x00007f0f0440e000, 0x00007f182c600000)
   the space 6333176K,  99% used [0x00007f0d81b50000, 0x00007f0f04123fa0, 0x00007f0f04124000, 0x00007f0f0440e000)
 Metaspace       used 24943K, capacity 25409K, committed 25600K, reserved 26624K
}
Event: 144398.164 GC heap before
{Heap before GC invocations=131718 (full 4):
 def new generation   total 2850048K, used 2538093K [0x00007f082c600000, 0x00007f08eda70000, 0x00007f0d81b50000)
  eden space 2533440K, 100% used [0x00007f082c600000, 0x00007f08c7010000, 0x00007f08c7010000)
  from space 316608K,   1% used [0x00007f08da540000, 0x00007f08da9cb7c0, 0x00007f08eda70000)
  to   space 316608K,   0% used [0x00007f08c7010000, 0x00007f08c7010000, 0x00007f08da540000)
 tenured generation   total 6333176K, used 6330191K [0x00007f0d81b50000, 0x00007f0f0440e000, 0x00007f182c600000)
   the space 6333176K,  99% used [0x00007f0d81b50000, 0x00007f0f04123fa0, 0x00007f0f04124000, 0x00007f0f0440e000)
 Metaspace       used 24943K, capacity 25409K, committed 25600K, reserved 26624K
}
Event: 144398.182 GC heap after
{Heap after GC invocations=131719 (full 4):
 def new generation   total 2850048K, used 2882K [0x00007f082c600000, 0x00007f08eda70000, 0x00007f0d81b50000)
  eden space 2533440K,   0% used [0x00007f082c600000, 0x00007f082c600000, 0x00007f08c7010000)
  from space 316608K,   0% used [0x00007f08c7010000, 0x00007f08c72e0820, 0x00007f08da540000)
  to   space 316608K,   0% used [0x00007f08da540000, 0x00007f08da540000, 0x00007f08eda70000)
 tenured generation   total 6333176K, used 6332229K [0x00007f0d81b50000, 0x00007f0f0440e000, 0x00007f182c600000)
   the space 6333176K,  99% used [0x00007f0d81b50000, 0x00007f0f043215f8, 0x00007f0f04321600, 0x00007f0f0440e000)
 Metaspace       used 24943K, capacity 25409K, committed 25600K, reserved 26624K
}
Event: 144400.485 GC heap before
{Heap before GC invocations=131719 (full 4):
 def new generation   total 2850048K, used 2536322K [0x00007f082c600000, 0x00007f08eda70000, 0x00007f0d81b50000)
  eden space 2533440K, 100% used [0x00007f082c600000, 0x00007f08c7010000, 0x00007f08c7010000)
  from space 316608K,   0% used [0x00007f08c7010000, 0x00007f08c72e0820, 0x00007f08da540000)
  to   space 316608K,   0% used [0x00007f08da540000, 0x00007f08da540000, 0x00007f08eda70000)
 tenured generation   total 6333176K, used 6332229K [0x00007f0d81b50000, 0x00007f0f0440e000, 0x00007f182c600000)
   the space 6333176K,  99% used [0x00007f0d81b50000, 0x00007f0f043215f8, 0x00007f0f04321600, 0x00007f0f0440e000)
 Metaspace       used 24943K, capacity 25409K, committed 25600K, reserved 26624K
}
Event: 144400.500 GC heap after
{Heap after GC invocations=131720 (full 4):
 def new generation   total 2850048K, used 2851K [0x00007f082c600000, 0x00007f08eda70000, 0x00007f0d81b50000)
  eden space 2533440K,   0% used [0x00007f082c600000, 0x00007f082c600000, 0x00007f08c7010000)
  from space 316608K,   0% used [0x00007f08da540000, 0x00007f08da808c58, 0x00007f08eda70000)
  to   space 316608K,   0% used [0x00007f08c7010000, 0x00007f08c7010000, 0x00007f08da540000)
 tenured generation   total 6333176K, used 6332355K [0x00007f0d81b50000, 0x00007f0f0440e000, 0x00007f182c600000)
   the space 6333176K,  99% used [0x00007f0d81b50000, 0x00007f0f04340e08, 0x00007f0f04341000, 0x00007f0f0440e000)
 Metaspace       used 24943K, capacity 25409K, committed 25600K, reserved 26624K
}
Event: 144402.780 GC heap before
{Heap before GC invocations=131720 (full 4):
 def new generation   total 2850048K, used 2536291K [0x00007f082c600000, 0x00007f08eda70000, 0x00007f0d81b50000)
  eden space 2533440K, 100% used [0x00007f082c600000, 0x00007f08c7010000, 0x00007f08c7010000)
  from space 316608K,   0% used [0x00007f08da540000, 0x00007f08da808c58, 0x00007f08eda70000)
  to   space 316608K,   0% used [0x00007f08c7010000, 0x00007f08c7010000, 0x00007f08da540000)
 tenured generation   total 6333176K, used 6332355K [0x00007f0d81b50000, 0x00007f0f0440e000, 0x00007f182c600000)
   the space 6333176K,  99% used [0x00007f0d81b50000, 0x00007f0f04340e08, 0x00007f0f04341000, 0x00007f0f0440e000)
 Metaspace       used 24943K, capacity 25409K, committed 25600K, reserved 26624K
}
Event: 144402.796 GC heap after
{Heap after GC invocations=131721 (full 4):
 def new generation   total 2850048K, used 2977K [0x00007f082c600000, 0x00007f08eda70000, 0x00007f0d81b50000)
  eden space 2533440K,   0% used [0x00007f082c600000, 0x00007f082c600000, 0x00007f08c7010000)
  from space 316608K,   0% used [0x00007f08c7010000, 0x00007f08c72f86f8, 0x00007f08da540000)
  to   space 316608K,   0% used [0x00007f08da540000, 0x00007f08da540000, 0x00007f08eda70000)
 tenured generation   total 6333176K, used 6332525K [0x00007f0d81b50000, 0x00007f0f0440e000, 0x00007f182c600000)
   the space 6333176K,  99% used [0x00007f0d81b50000, 0x00007f0f0436b708, 0x00007f0f0436b800, 0x00007f0f0440e000)
 Metaspace       used 24943K, capacity 25409K, committed 25600K, reserved 26624K
}
Event: 144405.129 GC heap before
{Heap before GC invocations=131721 (full 4):
 def new generation   total 2850048K, used 2536417K [0x00007f082c600000, 0x00007f08eda70000, 0x00007f0d81b50000)
  eden space 2533440K, 100% used [0x00007f082c600000, 0x00007f08c7010000, 0x00007f08c7010000)
  from space 316608K,   0% used [0x00007f08c7010000, 0x00007f08c72f86f8, 0x00007f08da540000)
  to   space 316608K,   0% used [0x00007f08da540000, 0x00007f08da540000, 0x00007f08eda70000)
 tenured generation   total 6333176K, used 6332525K [0x00007f0d81b50000, 0x00007f0f0440e000, 0x00007f182c600000)
   the space 6333176K,  99% used [0x00007f0d81b50000, 0x00007f0f0436b708, 0x00007f0f0436b800, 0x00007f0f0440e000)
 Metaspace       used 24943K, capacity 25409K, committed 25600K, reserved 26624K
}
Event: 144405.141 GC heap after
{Heap after GC invocations=131722 (full 4):
 def new generation   total 2850048K, used 2888K [0x00007f082c600000, 0x00007f08eda70000, 0x00007f0d81b50000)
  eden space 2533440K,   0% used [0x00007f082c600000, 0x00007f082c600000, 0x00007f08c7010000)
  from space 316608K,   0% used [0x00007f08da540000, 0x00007f08da812160, 0x00007f08eda70000)
  to   space 316608K,   0% used [0x00007f08c7010000, 0x00007f08c7010000, 0x00007f08da540000)
 tenured generation   total 6333176K, used 6332724K [0x00007f0d81b50000, 0x00007f0f0440e000, 0x00007f182c600000)
   the space 6333176K,  99% used [0x00007f0d81b50000, 0x00007f0f0439d188, 0x00007f0f0439d200, 0x00007f0f0440e000)
 Metaspace       used 24943K, capacity 25409K, committed 25600K, reserved 26624K
}
Event: 144407.428 GC heap before
{Heap before GC invocations=131722 (full 4):
 def new generation   total 2850048K, used 2536328K [0x00007f082c600000, 0x00007f08eda70000, 0x00007f0d81b50000)
  eden space 2533440K, 100% used [0x00007f082c600000, 0x00007f08c7010000, 0x00007f08c7010000)
  from space 316608K,   0% used [0x00007f08da540000, 0x00007f08da812160, 0x00007f08eda70000)
  to   space 316608K,   0% used [0x00007f08c7010000, 0x00007f08c7010000, 0x00007f08da540000)
 tenured generation   total 6333176K, used 6332724K [0x00007f0d81b50000, 0x00007f0f0440e000, 0x00007f182c600000)
   the space 6333176K,  99% used [0x00007f0d81b50000, 0x00007f0f0439d188, 0x00007f0f0439d200, 0x00007f0f0440e000)
 Metaspace       used 24943K, capacity 25409K, committed 25600K, reserved 26624K
}
Event: 144407.441 GC heap after
{Heap after GC invocations=131723 (full 4):
 def new generation   total 2850048K, used 2856K [0x00007f082c600000, 0x00007f08eda70000, 0x00007f0d81b50000)
  eden space 2533440K,   0% used [0x00007f082c600000, 0x00007f082c600000, 0x00007f08c7010000)
  from space 316608K,   0% used [0x00007f08c7010000, 0x00007f08c72da3b8, 0x00007f08da540000)
  to   space 316608K,   0% used [0x00007f08da540000, 0x00007f08da540000, 0x00007f08eda70000)
 tenured generation   total 6333176K, used 6332894K [0x00007f0d81b50000, 0x00007f0f0440e000, 0x00007f182c600000)
   the space 6333176K,  99% used [0x00007f0d81b50000, 0x00007f0f043c7a88, 0x00007f0f043c7c00, 0x00007f0f0440e000)
 Metaspace       used 24943K, capacity 25409K, committed 25600K, reserved 26624K
}
Event: 144409.737 GC heap before
{Heap before GC invocations=131723 (full 4):
 def new generation   total 2850048K, used 2536296K [0x00007f082c600000, 0x00007f08eda70000, 0x00007f0d81b50000)
  eden space 2533440K, 100% used [0x00007f082c600000, 0x00007f08c7010000, 0x00007f08c7010000)
  from space 316608K,   0% used [0x00007f08c7010000, 0x00007f08c72da3b8, 0x00007f08da540000)
  to   space 316608K,   0% used [0x00007f08da540000, 0x00007f08da540000, 0x00007f08eda70000)
 tenured generation   total 6333176K, used 6332894K [0x00007f0d81b50000, 0x00007f0f0440e000, 0x00007f182c600000)
   the space 6333176K,  99% used [0x00007f0d81b50000, 0x00007f0f043c7a88, 0x00007f0f043c7c00, 0x00007f0f0440e000)
 Metaspace       used 24943K, capacity 25409K, committed 25600K, reserved 26624K
}
Event: 144409.752 GC heap after
{Heap after GC invocations=131724 (full 4):
 def new generation   total 2850048K, used 2904K [0x00007f082c600000, 0x00007f08eda70000, 0x00007f0d81b50000)
  eden space 2533440K,   0% used [0x00007f082c600000, 0x00007f082c600000, 0x00007f08c7010000)
  from space 316608K,   0% used [0x00007f08da540000, 0x00007f08da816378, 0x00007f08eda70000)
  to   space 316608K,   0% used [0x00007f08c7010000, 0x00007f08c7010000, 0x00007f08da540000)
 tenured generation   total 6333176K, used 6333093K [0x00007f0d81b50000, 0x00007f0f0440e000, 0x00007f182c600000)
   the space 6333176K,  99% used [0x00007f0d81b50000, 0x00007f0f043f9508, 0x00007f0f043f9600, 0x00007f0f0440e000)
 Metaspace       used 24943K, capacity 25409K, committed 25600K, reserved 26624K
}
Event: 144412.063 GC heap before
{Heap before GC invocations=131724 (full 4):
 def new generation   total 2850048K, used 2536344K [0x00007f082c600000, 0x00007f08eda70000, 0x00007f0d81b50000)
  eden space 2533440K, 100% used [0x00007f082c600000, 0x00007f08c7010000, 0x00007f08c7010000)
  from space 316608K,   0% used [0x00007f08da540000, 0x00007f08da816378, 0x00007f08eda70000)
  to   space 316608K,   0% used [0x00007f08c7010000, 0x00007f08c7010000, 0x00007f08da540000)
 tenured generation   total 6333176K, used 6333093K [0x00007f0d81b50000, 0x00007f0f0440e000, 0x00007f182c600000)
   the space 6333176K,  99% used [0x00007f0d81b50000, 0x00007f0f043f9508, 0x00007f0f043f9600, 0x00007f0f0440e000)
 Metaspace       used 24943K, capacity 25409K, committed 25600K, reserved 26624K
}
Event: 144412.078 GC heap after
{Heap after GC invocations=131725 (full 4):
 def new generation   total 2850048K, used 2879K [0x00007f082c600000, 0x00007f08eda70000, 0x00007f0d81b50000)
  eden space 2533440K,   0% used [0x00007f082c600000, 0x00007f082c600000, 0x00007f08c7010000)
  from space 316608K,   0% used [0x00007f08c7010000, 0x00007f08c72dfcb8, 0x00007f08da540000)
  to   space 316608K,   0% used [0x00007f08da540000, 0x00007f08da540000, 0x00007f08eda70000)
 tenured generation   total 6333368K, used 6333263K [0x00007f0d81b50000, 0x00007f0f0443e000, 0x00007f182c600000)
   the space 6333368K,  99% used [0x00007f0d81b50000, 0x00007f0f04423e08, 0x00007f0f04424000, 0x00007f0f0443e000)
 Metaspace       used 24943K, capacity 25409K, committed 25600K, reserved 26624K
}
Event: 144412.078 GC heap before
{Heap before GC invocations=131725 (full 4):
 def new generation   total 2850048K, used 2879K [0x00007f082c600000, 0x00007f08eda70000, 0x00007f0d81b50000)
  eden space 2533440K,   0% used [0x00007f082c600000, 0x00007f082c600000, 0x00007f08c7010000)
  from space 316608K,   0% used [0x00007f08c7010000, 0x00007f08c72dfcb8, 0x00007f08da540000)
  to   space 316608K,   0% used [0x00007f08da540000, 0x00007f08da540000, 0x00007f08eda70000)
 tenured generation   total 6333368K, used 6333263K [0x00007f0d81b50000, 0x00007f0f0443e000, 0x00007f182c600000)
   the space 6333368K,  99% used [0x00007f0d81b50000, 0x00007f0f04423e08, 0x00007f0f04424000, 0x00007f0f0443e000)
 Metaspace       used 24943K, capacity 25409K, committed 25600K, reserved 26624K
}

