# JRE version: OpenJDK Runtime Environment (13.0.7+5) (build 13.0.7+5-Ubuntu-0ubuntu120.04)
# Java VM: OpenJDK 64-Bit Server VM (13.0.7+5-Ubuntu-0ubuntu120.04, mixed mode, tiered, serial gc, linux-amd64)
Heap:
 def new generation   total 1748160K, used 0K [0x00007f9b68600000, 0x00007f9bdeed0000, 0x00007fa0bdb50000)
  eden space 1553984K,   0% used [0x00007f9b68600000, 0x00007f9b68600000, 0x00007f9bc7390000)
  from space 194176K,   0% used [0x00007f9bd3130000, 0x00007f9bd3130000, 0x00007f9bdeed0000)
  to   space 194176K,   0% used [0x00007f9bc7390000, 0x00007f9bc7390000, 0x00007f9bd3130000)
 tenured generation   total 3884780K, used 3846736K [0x00007fa0bdb50000, 0x00007fa1aad0b000, 0x00007fab68600000)
   the space 3884780K,  99% used [0x00007fa0bdb50000, 0x00007fa1a87e4050, 0x00007fa1a87e4200, 0x00007fa1aad0b000)
 Metaspace       used 24837K, capacity 25368K, committed 25600K, reserved 26624K
GC Heap History (20 events):
Event: 20580.604 GC heap after
{Heap after GC invocations=24099 (full 3):
 def new generation   total 1748160K, used 4342K [0x00007f9b68600000, 0x00007f9bdeed0000, 0x00007fa0bdb50000)
  eden space 1553984K,   0% used [0x00007f9b68600000, 0x00007f9b68600000, 0x00007f9bc7390000)
  from space 194176K,   2% used [0x00007f9bc7390000, 0x00007f9bc77cdb90, 0x00007f9bd3130000)
  to   space 194176K,   0% used [0x00007f9bd3130000, 0x00007f9bd3130000, 0x00007f9bdeed0000)
 tenured generation   total 3884588K, used 3882053K [0x00007fa0bdb50000, 0x00007fa1aacdb000, 0x00007fab68600000)
   the space 3884588K,  99% used [0x00007fa0bdb50000, 0x00007fa1aaa61798, 0x00007fa1aaa61800, 0x00007fa1aacdb000)
 Metaspace       used 24837K, capacity 25368K, committed 25600K, reserved 26624K
}
Event: 20582.052 GC heap before
{Heap before GC invocations=24099 (full 3):
 def new generation   total 1748160K, used 1558326K [0x00007f9b68600000, 0x00007f9bdeed0000, 0x00007fa0bdb50000)
  eden space 1553984K, 100% used [0x00007f9b68600000, 0x00007f9bc7390000, 0x00007f9bc7390000)
  from space 194176K,   2% used [0x00007f9bc7390000, 0x00007f9bc77cdb90, 0x00007f9bd3130000)
  to   space 194176K,   0% used [0x00007f9bd3130000, 0x00007f9bd3130000, 0x00007f9bdeed0000)
 tenured generation   total 3884588K, used 3882053K [0x00007fa0bdb50000, 0x00007fa1aacdb000, 0x00007fab68600000)
   the space 3884588K,  99% used [0x00007fa0bdb50000, 0x00007fa1aaa61798, 0x00007fa1aaa61800, 0x00007fa1aacdb000)
 Metaspace       used 24837K, capacity 25368K, committed 25600K, reserved 26624K
}
Event: 20582.065 GC heap after
{Heap after GC invocations=24100 (full 3):
 def new generation   total 1748160K, used 4368K [0x00007f9b68600000, 0x00007f9bdeed0000, 0x00007fa0bdb50000)
  eden space 1553984K,   0% used [0x00007f9b68600000, 0x00007f9b68600000, 0x00007f9bc7390000)
  from space 194176K,   2% used [0x00007f9bd3130000, 0x00007f9bd35743b0, 0x00007f9bdeed0000)
  to   space 194176K,   0% used [0x00007f9bc7390000, 0x00007f9bc7390000, 0x00007f9bd3130000)
 tenured generation   total 3884588K, used 3882342K [0x00007fa0bdb50000, 0x00007fa1aacdb000, 0x00007fab68600000)
   the space 3884588K,  99% used [0x00007fa0bdb50000, 0x00007fa1aaaa9938, 0x00007fa1aaaa9a00, 0x00007fa1aacdb000)
 Metaspace       used 24837K, capacity 25368K, committed 25600K, reserved 26624K
}
Event: 20583.525 GC heap before
{Heap before GC invocations=24100 (full 3):
 def new generation   total 1748160K, used 1558352K [0x00007f9b68600000, 0x00007f9bdeed0000, 0x00007fa0bdb50000)
  eden space 1553984K, 100% used [0x00007f9b68600000, 0x00007f9bc7390000, 0x00007f9bc7390000)
  from space 194176K,   2% used [0x00007f9bd3130000, 0x00007f9bd35743b0, 0x00007f9bdeed0000)
  to   space 194176K,   0% used [0x00007f9bc7390000, 0x00007f9bc7390000, 0x00007f9bd3130000)
 tenured generation   total 3884588K, used 3882342K [0x00007fa0bdb50000, 0x00007fa1aacdb000, 0x00007fab68600000)
   the space 3884588K,  99% used [0x00007fa0bdb50000, 0x00007fa1aaaa9938, 0x00007fa1aaaa9a00, 0x00007fa1aacdb000)
 Metaspace       used 24837K, capacity 25368K, committed 25600K, reserved 26624K
}
Event: 20583.538 GC heap after
{Heap after GC invocations=24101 (full 3):
 def new generation   total 1748160K, used 4354K [0x00007f9b68600000, 0x00007f9bdeed0000, 0x00007fa0bdb50000)
  eden space 1553984K,   0% used [0x00007f9b68600000, 0x00007f9b68600000, 0x00007f9bc7390000)
  from space 194176K,   2% used [0x00007f9bc7390000, 0x00007f9bc77d0ba8, 0x00007f9bd3130000)
  to   space 194176K,   0% used [0x00007f9bd3130000, 0x00007f9bd3130000, 0x00007f9bdeed0000)
 tenured generation   total 3884588K, used 3882630K [0x00007fa0bdb50000, 0x00007fa1aacdb000, 0x00007fab68600000)
   the space 3884588K,  99% used [0x00007fa0bdb50000, 0x00007fa1aaaf1ad8, 0x00007fa1aaaf1c00, 0x00007fa1aacdb000)
 Metaspace       used 24837K, capacity 25368K, committed 25600K, reserved 26624K
}
Event: 20584.981 GC heap before
{Heap before GC invocations=24101 (full 3):
 def new generation   total 1748160K, used 1558338K [0x00007f9b68600000, 0x00007f9bdeed0000, 0x00007fa0bdb50000)
  eden space 1553984K, 100% used [0x00007f9b68600000, 0x00007f9bc7390000, 0x00007f9bc7390000)
  from space 194176K,   2% used [0x00007f9bc7390000, 0x00007f9bc77d0ba8, 0x00007f9bd3130000)
  to   space 194176K,   0% used [0x00007f9bd3130000, 0x00007f9bd3130000, 0x00007f9bdeed0000)
 tenured generation   total 3884588K, used 3882630K [0x00007fa0bdb50000, 0x00007fa1aacdb000, 0x00007fab68600000)
   the space 3884588K,  99% used [0x00007fa0bdb50000, 0x00007fa1aaaf1ad8, 0x00007fa1aaaf1c00, 0x00007fa1aacdb000)
 Metaspace       used 24837K, capacity 25368K, committed 25600K, reserved 26624K
}
Event: 20584.993 GC heap after
{Heap after GC invocations=24102 (full 3):
 def new generation   total 1748160K, used 4345K [0x00007f9b68600000, 0x00007f9bdeed0000, 0x00007fa0bdb50000)
  eden space 1553984K,   0% used [0x00007f9b68600000, 0x00007f9b68600000, 0x00007f9bc7390000)
  from space 194176K,   2% used [0x00007f9bd3130000, 0x00007f9bd356e6b8, 0x00007f9bdeed0000)
  to   space 194176K,   0% used [0x00007f9bc7390000, 0x00007f9bc7390000, 0x00007f9bd3130000)
 tenured generation   total 3884588K, used 3882919K [0x00007fa0bdb50000, 0x00007fa1aacdb000, 0x00007fab68600000)
   the space 3884588K,  99% used [0x00007fa0bdb50000, 0x00007fa1aab39c78, 0x00007fa1aab39e00, 0x00007fa1aacdb000)
 Metaspace       used 24837K, capacity 25368K, committed 25600K, reserved 26624K
}
Event: 20586.499 GC heap before
{Heap before GC invocations=24102 (full 3):
 def new generation   total 1748160K, used 1558329K [0x00007f9b68600000, 0x00007f9bdeed0000, 0x00007fa0bdb50000)
  eden space 1553984K, 100% used [0x00007f9b68600000, 0x00007f9bc7390000, 0x00007f9bc7390000)
  from space 194176K,   2% used [0x00007f9bd3130000, 0x00007f9bd356e6b8, 0x00007f9bdeed0000)
  to   space 194176K,   0% used [0x00007f9bc7390000, 0x00007f9bc7390000, 0x00007f9bd3130000)
 tenured generation   total 3884588K, used 3882919K [0x00007fa0bdb50000, 0x00007fa1aacdb000, 0x00007fab68600000)
   the space 3884588K,  99% used [0x00007fa0bdb50000, 0x00007fa1aab39c78, 0x00007fa1aab39e00, 0x00007fa1aacdb000)
 Metaspace       used 24837K, capacity 25368K, committed 25600K, reserved 26624K
}
Event: 20586.514 GC heap after
{Heap after GC invocations=24103 (full 3):
 def new generation   total 1748160K, used 4349K [0x00007f9b68600000, 0x00007f9bdeed0000, 0x00007fa0bdb50000)
  eden space 1553984K,   0% used [0x00007f9b68600000, 0x00007f9b68600000, 0x00007f9bc7390000)
  from space 194176K,   2% used [0x00007f9bc7390000, 0x00007f9bc77cf648, 0x00007f9bd3130000)
  to   space 194176K,   0% used [0x00007f9bd3130000, 0x00007f9bd3130000, 0x00007f9bdeed0000)
 tenured generation   total 3884588K, used 3883207K [0x00007fa0bdb50000, 0x00007fa1aacdb000, 0x00007fab68600000)
   the space 3884588K,  99% used [0x00007fa0bdb50000, 0x00007fa1aab81e18, 0x00007fa1aab82000, 0x00007fa1aacdb000)
 Metaspace       used 24837K, capacity 25368K, committed 25600K, reserved 26624K
}
Event: 20587.960 GC heap before
{Heap before GC invocations=24103 (full 3):
 def new generation   total 1748160K, used 1558333K [0x00007f9b68600000, 0x00007f9bdeed0000, 0x00007fa0bdb50000)
  eden space 1553984K, 100% used [0x00007f9b68600000, 0x00007f9bc7390000, 0x00007f9bc7390000)
  from space 194176K,   2% used [0x00007f9bc7390000, 0x00007f9bc77cf648, 0x00007f9bd3130000)
  to   space 194176K,   0% used [0x00007f9bd3130000, 0x00007f9bd3130000, 0x00007f9bdeed0000)
 tenured generation   total 3884588K, used 3883207K [0x00007fa0bdb50000, 0x00007fa1aacdb000, 0x00007fab68600000)
   the space 3884588K,  99% used [0x00007fa0bdb50000, 0x00007fa1aab81e18, 0x00007fa1aab82000, 0x00007fa1aacdb000)
 Metaspace       used 24837K, capacity 25368K, committed 25600K, reserved 26624K
}
Event: 20587.972 GC heap after
{Heap after GC invocations=24104 (full 3):
 def new generation   total 1748160K, used 4337K [0x00007f9b68600000, 0x00007f9bdeed0000, 0x00007fa0bdb50000)
  eden space 1553984K,   0% used [0x00007f9b68600000, 0x00007f9b68600000, 0x00007f9bc7390000)
  from space 194176K,   2% used [0x00007f9bd3130000, 0x00007f9bd356c600, 0x00007f9bdeed0000)
  to   space 194176K,   0% used [0x00007f9bc7390000, 0x00007f9bc7390000, 0x00007f9bd3130000)
 tenured generation   total 3884588K, used 3883495K [0x00007fa0bdb50000, 0x00007fa1aacdb000, 0x00007fab68600000)
   the space 3884588K,  99% used [0x00007fa0bdb50000, 0x00007fa1aabc9fb8, 0x00007fa1aabca000, 0x00007fa1aacdb000)
 Metaspace       used 24837K, capacity 25368K, committed 25600K, reserved 26624K
}
Event: 20589.408 GC heap before
{Heap before GC invocations=24104 (full 3):
 def new generation   total 1748160K, used 1558321K [0x00007f9b68600000, 0x00007f9bdeed0000, 0x00007fa0bdb50000)
  eden space 1553984K, 100% used [0x00007f9b68600000, 0x00007f9bc7390000, 0x00007f9bc7390000)
  from space 194176K,   2% used [0x00007f9bd3130000, 0x00007f9bd356c600, 0x00007f9bdeed0000)
  to   space 194176K,   0% used [0x00007f9bc7390000, 0x00007f9bc7390000, 0x00007f9bd3130000)
 tenured generation   total 3884588K, used 3883495K [0x00007fa0bdb50000, 0x00007fa1aacdb000, 0x00007fab68600000)
   the space 3884588K,  99% used [0x00007fa0bdb50000, 0x00007fa1aabc9fb8, 0x00007fa1aabca000, 0x00007fa1aacdb000)
 Metaspace       used 24837K, capacity 25368K, committed 25600K, reserved 26624K
}
Event: 20589.421 GC heap after
{Heap after GC invocations=24105 (full 3):
 def new generation   total 1748160K, used 4351K [0x00007f9b68600000, 0x00007f9bdeed0000, 0x00007fa0bdb50000)
  eden space 1553984K,   0% used [0x00007f9b68600000, 0x00007f9b68600000, 0x00007f9bc7390000)
  from space 194176K,   2% used [0x00007f9bc7390000, 0x00007f9bc77cfc38, 0x00007f9bd3130000)
  to   space 194176K,   0% used [0x00007f9bd3130000, 0x00007f9bd3130000, 0x00007f9bdeed0000)
 tenured generation   total 3884588K, used 3883758K [0x00007fa0bdb50000, 0x00007fa1aacdb000, 0x00007fab68600000)
   the space 3884588K,  99% used [0x00007fa0bdb50000, 0x00007fa1aac0b878, 0x00007fa1aac0ba00, 0x00007fa1aacdb000)
 Metaspace       used 24837K, capacity 25368K, committed 25600K, reserved 26624K
}
Event: 20590.858 GC heap before
{Heap before GC invocations=24105 (full 3):
 def new generation   total 1748160K, used 1558335K [0x00007f9b68600000, 0x00007f9bdeed0000, 0x00007fa0bdb50000)
  eden space 1553984K, 100% used [0x00007f9b68600000, 0x00007f9bc7390000, 0x00007f9bc7390000)
  from space 194176K,   2% used [0x00007f9bc7390000, 0x00007f9bc77cfc38, 0x00007f9bd3130000)
  to   space 194176K,   0% used [0x00007f9bd3130000, 0x00007f9bd3130000, 0x00007f9bdeed0000)
 tenured generation   total 3884588K, used 3883758K [0x00007fa0bdb50000, 0x00007fa1aacdb000, 0x00007fab68600000)
   the space 3884588K,  99% used [0x00007fa0bdb50000, 0x00007fa1aac0b878, 0x00007fa1aac0ba00, 0x00007fa1aacdb000)
 Metaspace       used 24837K, capacity 25368K, committed 25600K, reserved 26624K
}
Event: 20590.871 GC heap after
{Heap after GC invocations=24106 (full 3):
 def new generation   total 1748160K, used 4351K [0x00007f9b68600000, 0x00007f9bdeed0000, 0x00007fa0bdb50000)
  eden space 1553984K,   0% used [0x00007f9b68600000, 0x00007f9b68600000, 0x00007f9bc7390000)
  from space 194176K,   2% used [0x00007f9bd3130000, 0x00007f9bd356fce0, 0x00007f9bdeed0000)
  to   space 194176K,   0% used [0x00007f9bc7390000, 0x00007f9bc7390000, 0x00007f9bd3130000)
 tenured generation   total 3884588K, used 3884046K [0x00007fa0bdb50000, 0x00007fa1aacdb000, 0x00007fab68600000)
   the space 3884588K,  99% used [0x00007fa0bdb50000, 0x00007fa1aac53a18, 0x00007fa1aac53c00, 0x00007fa1aacdb000)
 Metaspace       used 24837K, capacity 25368K, committed 25600K, reserved 26624K
}
Event: 20592.298 GC heap before
{Heap before GC invocations=24106 (full 3):
 def new generation   total 1748160K, used 1558335K [0x00007f9b68600000, 0x00007f9bdeed0000, 0x00007fa0bdb50000)
  eden space 1553984K, 100% used [0x00007f9b68600000, 0x00007f9bc7390000, 0x00007f9bc7390000)
  from space 194176K,   2% used [0x00007f9bd3130000, 0x00007f9bd356fce0, 0x00007f9bdeed0000)
  to   space 194176K,   0% used [0x00007f9bc7390000, 0x00007f9bc7390000, 0x00007f9bd3130000)
 tenured generation   total 3884588K, used 3884046K [0x00007fa0bdb50000, 0x00007fa1aacdb000, 0x00007fab68600000)
   the space 3884588K,  99% used [0x00007fa0bdb50000, 0x00007fa1aac53a18, 0x00007fa1aac53c00, 0x00007fa1aacdb000)
 Metaspace       used 24837K, capacity 25368K, committed 25600K, reserved 26624K
}
Event: 20592.312 GC heap after
{Heap after GC invocations=24107 (full 3):
 def new generation   total 1748160K, used 4350K [0x00007f9b68600000, 0x00007f9bdeed0000, 0x00007fa0bdb50000)
  eden space 1553984K,   0% used [0x00007f9b68600000, 0x00007f9b68600000, 0x00007f9bc7390000)
  from space 194176K,   2% used [0x00007f9bc7390000, 0x00007f9bc77cf850, 0x00007f9bd3130000)
  to   space 194176K,   0% used [0x00007f9bd3130000, 0x00007f9bd3130000, 0x00007f9bdeed0000)
 tenured generation   total 3884588K, used 3884334K [0x00007fa0bdb50000, 0x00007fa1aacdb000, 0x00007fab68600000)
   the space 3884588K,  99% used [0x00007fa0bdb50000, 0x00007fa1aac9bbb8, 0x00007fa1aac9bc00, 0x00007fa1aacdb000)
 Metaspace       used 24837K, capacity 25368K, committed 25600K, reserved 26624K
}
Event: 20593.676 GC heap before
{Heap before GC invocations=24107 (full 3):
 def new generation   total 1748160K, used 1558334K [0x00007f9b68600000, 0x00007f9bdeed0000, 0x00007fa0bdb50000)
  eden space 1553984K, 100% used [0x00007f9b68600000, 0x00007f9bc7390000, 0x00007f9bc7390000)
  from space 194176K,   2% used [0x00007f9bc7390000, 0x00007f9bc77cf850, 0x00007f9bd3130000)
  to   space 194176K,   0% used [0x00007f9bd3130000, 0x00007f9bd3130000, 0x00007f9bdeed0000)
 tenured generation   total 3884588K, used 3884334K [0x00007fa0bdb50000, 0x00007fa1aacdb000, 0x00007fab68600000)
   the space 3884588K,  99% used [0x00007fa0bdb50000, 0x00007fa1aac9bbb8, 0x00007fa1aac9bc00, 0x00007fa1aacdb000)
 Metaspace       used 24837K, capacity 25368K, committed 25600K, reserved 26624K
}
Event: 20593.689 GC heap after
{Heap after GC invocations=24108 (full 3):
 def new generation   total 1748160K, used 4373K [0x00007f9b68600000, 0x00007f9bdeed0000, 0x00007fa0bdb50000)
  eden space 1553984K,   0% used [0x00007f9b68600000, 0x00007f9b68600000, 0x00007f9bc7390000)
  from space 194176K,   2% used [0x00007f9bd3130000, 0x00007f9bd3575550, 0x00007f9bdeed0000)
  to   space 194176K,   0% used [0x00007f9bc7390000, 0x00007f9bc7390000, 0x00007f9bd3130000)
 tenured generation   total 3884780K, used 3884623K [0x00007fa0bdb50000, 0x00007fa1aad0b000, 0x00007fab68600000)
   the space 3884780K,  99% used [0x00007fa0bdb50000, 0x00007fa1aace3d58, 0x00007fa1aace3e00, 0x00007fa1aad0b000)
 Metaspace       used 24837K, capacity 25368K, committed 25600K, reserved 26624K
}
Event: 20593.689 GC heap before
{Heap before GC invocations=24108 (full 3):
 def new generation   total 1748160K, used 4373K [0x00007f9b68600000, 0x00007f9bdeed0000, 0x00007fa0bdb50000)
  eden space 1553984K,   0% used [0x00007f9b68600000, 0x00007f9b68600000, 0x00007f9bc7390000)
  from space 194176K,   2% used [0x00007f9bd3130000, 0x00007f9bd3575550, 0x00007f9bdeed0000)
  to   space 194176K,   0% used [0x00007f9bc7390000, 0x00007f9bc7390000, 0x00007f9bd3130000)
 tenured generation   total 3884780K, used 3884623K [0x00007fa0bdb50000, 0x00007fa1aad0b000, 0x00007fab68600000)
   the space 3884780K,  99% used [0x00007fa0bdb50000, 0x00007fa1aace3d58, 0x00007fa1aace3e00, 0x00007fa1aad0b000)
 Metaspace       used 24837K, capacity 25368K, committed 25600K, reserved 26624K
}

