# JRE version: OpenJDK Runtime Environment (13.0.7+5) (build 13.0.7+5-Ubuntu-0ubuntu120.04)
# Java VM: OpenJDK 64-Bit Server VM (13.0.7+5-Ubuntu-0ubuntu120.04, mixed mode, tiered, serial gc, linux-amd64)
Heap:
 def new generation   total 1748672K, used 16556K [0x00007effe8600000, 0x00007f005ef60000, 0x00007f053db50000)
  eden space 1554432K,   1% used [0x00007effe8600000, 0x00007effe962b360, 0x00007f0047400000)
  from space 194240K,   0% used [0x00007f0047400000, 0x00007f0047400000, 0x00007f00531b0000)
  to   space 194240K,   0% used [0x00007f00531b0000, 0x00007f00531b0000, 0x00007f005ef60000)
 tenured generation   total 3886492K, used 3886491K [0x00007f053db50000, 0x00007f062aeb7000, 0x00007f0fe8600000)
   the space 3886492K,  99% used [0x00007f053db50000, 0x00007f062aeb6ff0, 0x00007f062aeb7000, 0x00007f062aeb7000)
 Metaspace       used 25060K, capacity 25566K, committed 25600K, reserved 26624K
GC Heap History (20 events):
Event: 2966.760 GC heap after
{Heap after GC invocations=6004 (full 3):
 def new generation   total 1748672K, used 36052K [0x00007effe8600000, 0x00007f005ef60000, 0x00007f053db50000)
  eden space 1554432K,   0% used [0x00007effe8600000, 0x00007effe8600000, 0x00007f0047400000)
  from space 194240K,  18% used [0x00007f00531b0000, 0x00007f00554e5020, 0x00007f005ef60000)
  to   space 194240K,   0% used [0x00007f0047400000, 0x00007f0047400000, 0x00007f00531b0000)
 tenured generation   total 3885724K, used 3864853K [0x00007f053db50000, 0x00007f062adf7000, 0x00007f0fe8600000)
   the space 3885724K,  99% used [0x00007f053db50000, 0x00007f0629995478, 0x00007f0629995600, 0x00007f062adf7000)
 Metaspace       used 25060K, capacity 25566K, committed 25600K, reserved 26624K
}
Event: 2967.637 GC heap before
{Heap before GC invocations=6004 (full 3):
 def new generation   total 1748672K, used 1590484K [0x00007effe8600000, 0x00007f005ef60000, 0x00007f053db50000)
  eden space 1554432K, 100% used [0x00007effe8600000, 0x00007f0047400000, 0x00007f0047400000)
  from space 194240K,  18% used [0x00007f00531b0000, 0x00007f00554e5020, 0x00007f005ef60000)
  to   space 194240K,   0% used [0x00007f0047400000, 0x00007f0047400000, 0x00007f00531b0000)
 tenured generation   total 3885724K, used 3864853K [0x00007f053db50000, 0x00007f062adf7000, 0x00007f0fe8600000)
   the space 3885724K,  99% used [0x00007f053db50000, 0x00007f0629995478, 0x00007f0629995600, 0x00007f062adf7000)
 Metaspace       used 25060K, capacity 25566K, committed 25600K, reserved 26624K
}
Event: 2967.689 GC heap after
{Heap after GC invocations=6005 (full 3):
 def new generation   total 1748672K, used 36077K [0x00007effe8600000, 0x00007f005ef60000, 0x00007f053db50000)
  eden space 1554432K,   0% used [0x00007effe8600000, 0x00007effe8600000, 0x00007f0047400000)
  from space 194240K,  18% used [0x00007f0047400000, 0x00007f004973b6a8, 0x00007f00531b0000)
  to   space 194240K,   0% used [0x00007f00531b0000, 0x00007f00531b0000, 0x00007f005ef60000)
 tenured generation   total 3885724K, used 3867135K [0x00007f053db50000, 0x00007f062adf7000, 0x00007f0fe8600000)
   the space 3885724K,  99% used [0x00007f053db50000, 0x00007f0629bcfe80, 0x00007f0629bd0000, 0x00007f062adf7000)
 Metaspace       used 25060K, capacity 25566K, committed 25600K, reserved 26624K
}
Event: 2968.598 GC heap before
{Heap before GC invocations=6005 (full 3):
 def new generation   total 1748672K, used 1590509K [0x00007effe8600000, 0x00007f005ef60000, 0x00007f053db50000)
  eden space 1554432K, 100% used [0x00007effe8600000, 0x00007f0047400000, 0x00007f0047400000)
  from space 194240K,  18% used [0x00007f0047400000, 0x00007f004973b6a8, 0x00007f00531b0000)
  to   space 194240K,   0% used [0x00007f00531b0000, 0x00007f00531b0000, 0x00007f005ef60000)
 tenured generation   total 3885724K, used 3867135K [0x00007f053db50000, 0x00007f062adf7000, 0x00007f0fe8600000)
   the space 3885724K,  99% used [0x00007f053db50000, 0x00007f0629bcfe80, 0x00007f0629bd0000, 0x00007f062adf7000)
 Metaspace       used 25060K, capacity 25566K, committed 25600K, reserved 26624K
}
Event: 2968.651 GC heap after
{Heap after GC invocations=6006 (full 3):
 def new generation   total 1748672K, used 36061K [0x00007effe8600000, 0x00007f005ef60000, 0x00007f053db50000)
  eden space 1554432K,   0% used [0x00007effe8600000, 0x00007effe8600000, 0x00007f0047400000)
  from space 194240K,  18% used [0x00007f00531b0000, 0x00007f00554e7420, 0x00007f005ef60000)
  to   space 194240K,   0% used [0x00007f0047400000, 0x00007f0047400000, 0x00007f00531b0000)
 tenured generation   total 3885724K, used 3869575K [0x00007f053db50000, 0x00007f062adf7000, 0x00007f0fe8600000)
   the space 3885724K,  99% used [0x00007f053db50000, 0x00007f0629e31e58, 0x00007f0629e32000, 0x00007f062adf7000)
 Metaspace       used 25060K, capacity 25566K, committed 25600K, reserved 26624K
}
Event: 2969.547 GC heap before
{Heap before GC invocations=6006 (full 3):
 def new generation   total 1748672K, used 1590493K [0x00007effe8600000, 0x00007f005ef60000, 0x00007f053db50000)
  eden space 1554432K, 100% used [0x00007effe8600000, 0x00007f0047400000, 0x00007f0047400000)
  from space 194240K,  18% used [0x00007f00531b0000, 0x00007f00554e7420, 0x00007f005ef60000)
  to   space 194240K,   0% used [0x00007f0047400000, 0x00007f0047400000, 0x00007f00531b0000)
 tenured generation   total 3885724K, used 3869575K [0x00007f053db50000, 0x00007f062adf7000, 0x00007f0fe8600000)
   the space 3885724K,  99% used [0x00007f053db50000, 0x00007f0629e31e58, 0x00007f0629e32000, 0x00007f062adf7000)
 Metaspace       used 25060K, capacity 25566K, committed 25600K, reserved 26624K
}
Event: 2969.596 GC heap after
{Heap after GC invocations=6007 (full 3):
 def new generation   total 1748672K, used 36062K [0x00007effe8600000, 0x00007f005ef60000, 0x00007f053db50000)
  eden space 1554432K,   0% used [0x00007effe8600000, 0x00007effe8600000, 0x00007f0047400000)
  from space 194240K,  18% used [0x00007f0047400000, 0x00007f00497378e0, 0x00007f00531b0000)
  to   space 194240K,   0% used [0x00007f00531b0000, 0x00007f00531b0000, 0x00007f005ef60000)
 tenured generation   total 3885724K, used 3872015K [0x00007f053db50000, 0x00007f062adf7000, 0x00007f0fe8600000)
   the space 3885724K,  99% used [0x00007f053db50000, 0x00007f062a093ec0, 0x00007f062a094000, 0x00007f062adf7000)
 Metaspace       used 25060K, capacity 25566K, committed 25600K, reserved 26624K
}
Event: 2970.475 GC heap before
{Heap before GC invocations=6007 (full 3):
 def new generation   total 1748672K, used 1590494K [0x00007effe8600000, 0x00007f005ef60000, 0x00007f053db50000)
  eden space 1554432K, 100% used [0x00007effe8600000, 0x00007f0047400000, 0x00007f0047400000)
  from space 194240K,  18% used [0x00007f0047400000, 0x00007f00497378e0, 0x00007f00531b0000)
  to   space 194240K,   0% used [0x00007f00531b0000, 0x00007f00531b0000, 0x00007f005ef60000)
 tenured generation   total 3885724K, used 3872015K [0x00007f053db50000, 0x00007f062adf7000, 0x00007f0fe8600000)
   the space 3885724K,  99% used [0x00007f053db50000, 0x00007f062a093ec0, 0x00007f062a094000, 0x00007f062adf7000)
 Metaspace       used 25060K, capacity 25566K, committed 25600K, reserved 26624K
}
Event: 2970.530 GC heap after
{Heap after GC invocations=6008 (full 3):
 def new generation   total 1748672K, used 36061K [0x00007effe8600000, 0x00007f005ef60000, 0x00007f053db50000)
  eden space 1554432K,   0% used [0x00007effe8600000, 0x00007effe8600000, 0x00007f0047400000)
  from space 194240K,  18% used [0x00007f00531b0000, 0x00007f00554e7600, 0x00007f005ef60000)
  to   space 194240K,   0% used [0x00007f0047400000, 0x00007f0047400000, 0x00007f00531b0000)
 tenured generation   total 3885724K, used 3874460K [0x00007f053db50000, 0x00007f062adf7000, 0x00007f0fe8600000)
   the space 3885724K,  99% used [0x00007f053db50000, 0x00007f062a2f7068, 0x00007f062a2f7200, 0x00007f062adf7000)
 Metaspace       used 25060K, capacity 25566K, committed 25600K, reserved 26624K
}
Event: 2971.435 GC heap before
{Heap before GC invocations=6008 (full 3):
 def new generation   total 1748672K, used 1590493K [0x00007effe8600000, 0x00007f005ef60000, 0x00007f053db50000)
  eden space 1554432K, 100% used [0x00007effe8600000, 0x00007f0047400000, 0x00007f0047400000)
  from space 194240K,  18% used [0x00007f00531b0000, 0x00007f00554e7600, 0x00007f005ef60000)
  to   space 194240K,   0% used [0x00007f0047400000, 0x00007f0047400000, 0x00007f00531b0000)
 tenured generation   total 3885724K, used 3874460K [0x00007f053db50000, 0x00007f062adf7000, 0x00007f0fe8600000)
   the space 3885724K,  99% used [0x00007f053db50000, 0x00007f062a2f7068, 0x00007f062a2f7200, 0x00007f062adf7000)
 Metaspace       used 25060K, capacity 25566K, committed 25600K, reserved 26624K
}
Event: 2971.481 GC heap after
{Heap after GC invocations=6009 (full 3):
 def new generation   total 1748672K, used 36058K [0x00007effe8600000, 0x00007f005ef60000, 0x00007f053db50000)
  eden space 1554432K,   0% used [0x00007effe8600000, 0x00007effe8600000, 0x00007f0047400000)
  from space 194240K,  18% used [0x00007f0047400000, 0x00007f0049736840, 0x00007f00531b0000)
  to   space 194240K,   0% used [0x00007f00531b0000, 0x00007f00531b0000, 0x00007f005ef60000)
 tenured generation   total 3885724K, used 3876759K [0x00007f053db50000, 0x00007f062adf7000, 0x00007f0fe8600000)
   the space 3885724K,  99% used [0x00007f053db50000, 0x00007f062a535e78, 0x00007f062a536000, 0x00007f062adf7000)
 Metaspace       used 25060K, capacity 25566K, committed 25600K, reserved 26624K
}
Event: 2972.400 GC heap before
{Heap before GC invocations=6009 (full 3):
 def new generation   total 1748672K, used 1590490K [0x00007effe8600000, 0x00007f005ef60000, 0x00007f053db50000)
  eden space 1554432K, 100% used [0x00007effe8600000, 0x00007f0047400000, 0x00007f0047400000)
  from space 194240K,  18% used [0x00007f0047400000, 0x00007f0049736840, 0x00007f00531b0000)
  to   space 194240K,   0% used [0x00007f00531b0000, 0x00007f00531b0000, 0x00007f005ef60000)
 tenured generation   total 3885724K, used 3876759K [0x00007f053db50000, 0x00007f062adf7000, 0x00007f0fe8600000)
   the space 3885724K,  99% used [0x00007f053db50000, 0x00007f062a535e78, 0x00007f062a536000, 0x00007f062adf7000)
 Metaspace       used 25060K, capacity 25566K, committed 25600K, reserved 26624K
}
Event: 2972.451 GC heap after
{Heap after GC invocations=6010 (full 3):
 def new generation   total 1748672K, used 36060K [0x00007effe8600000, 0x00007f005ef60000, 0x00007f053db50000)
  eden space 1554432K,   0% used [0x00007effe8600000, 0x00007effe8600000, 0x00007f0047400000)
  from space 194240K,  18% used [0x00007f00531b0000, 0x00007f00554e7318, 0x00007f005ef60000)
  to   space 194240K,   0% used [0x00007f0047400000, 0x00007f0047400000, 0x00007f00531b0000)
 tenured generation   total 3885724K, used 3879199K [0x00007f053db50000, 0x00007f062adf7000, 0x00007f0fe8600000)
   the space 3885724K,  99% used [0x00007f053db50000, 0x00007f062a797ee0, 0x00007f062a798000, 0x00007f062adf7000)
 Metaspace       used 25060K, capacity 25566K, committed 25600K, reserved 26624K
}
Event: 2973.348 GC heap before
{Heap before GC invocations=6010 (full 3):
 def new generation   total 1748672K, used 1590492K [0x00007effe8600000, 0x00007f005ef60000, 0x00007f053db50000)
  eden space 1554432K, 100% used [0x00007effe8600000, 0x00007f0047400000, 0x00007f0047400000)
  from space 194240K,  18% used [0x00007f00531b0000, 0x00007f00554e7318, 0x00007f005ef60000)
  to   space 194240K,   0% used [0x00007f0047400000, 0x00007f0047400000, 0x00007f00531b0000)
 tenured generation   total 3885724K, used 3879199K [0x00007f053db50000, 0x00007f062adf7000, 0x00007f0fe8600000)
   the space 3885724K,  99% used [0x00007f053db50000, 0x00007f062a797ee0, 0x00007f062a798000, 0x00007f062adf7000)
 Metaspace       used 25060K, capacity 25566K, committed 25600K, reserved 26624K
}
Event: 2973.405 GC heap after
{Heap after GC invocations=6011 (full 3):
 def new generation   total 1748672K, used 36058K [0x00007effe8600000, 0x00007f005ef60000, 0x00007f053db50000)
  eden space 1554432K,   0% used [0x00007effe8600000, 0x00007effe8600000, 0x00007f0047400000)
  from space 194240K,  18% used [0x00007f0047400000, 0x00007f0049736a78, 0x00007f00531b0000)
  to   space 194240K,   0% used [0x00007f00531b0000, 0x00007f00531b0000, 0x00007f005ef60000)
 tenured generation   total 3885724K, used 3881639K [0x00007f053db50000, 0x00007f062adf7000, 0x00007f0fe8600000)
   the space 3885724K,  99% used [0x00007f053db50000, 0x00007f062a9f9f48, 0x00007f062a9fa000, 0x00007f062adf7000)
 Metaspace       used 25060K, capacity 25566K, committed 25600K, reserved 26624K
}
Event: 2974.277 GC heap before
{Heap before GC invocations=6011 (full 3):
 def new generation   total 1748672K, used 1590490K [0x00007effe8600000, 0x00007f005ef60000, 0x00007f053db50000)
  eden space 1554432K, 100% used [0x00007effe8600000, 0x00007f0047400000, 0x00007f0047400000)
  from space 194240K,  18% used [0x00007f0047400000, 0x00007f0049736a78, 0x00007f00531b0000)
  to   space 194240K,   0% used [0x00007f00531b0000, 0x00007f00531b0000, 0x00007f005ef60000)
 tenured generation   total 3885724K, used 3881639K [0x00007f053db50000, 0x00007f062adf7000, 0x00007f0fe8600000)
   the space 3885724K,  99% used [0x00007f053db50000, 0x00007f062a9f9f48, 0x00007f062a9fa000, 0x00007f062adf7000)
 Metaspace       used 25060K, capacity 25566K, committed 25600K, reserved 26624K
}
Event: 2974.326 GC heap after
{Heap after GC invocations=6012 (full 3):
 def new generation   total 1748672K, used 35929K [0x00007effe8600000, 0x00007f005ef60000, 0x00007f053db50000)
  eden space 1554432K,   0% used [0x00007effe8600000, 0x00007effe8600000, 0x00007f0047400000)
  from space 194240K,  18% used [0x00007f00531b0000, 0x00007f00554c64f8, 0x00007f005ef60000)
  to   space 194240K,   0% used [0x00007f0047400000, 0x00007f0047400000, 0x00007f00531b0000)
 tenured generation   total 3885724K, used 3884066K [0x00007f053db50000, 0x00007f062adf7000, 0x00007f0fe8600000)
   the space 3885724K,  99% used [0x00007f053db50000, 0x00007f062ac58b48, 0x00007f062ac58c00, 0x00007f062adf7000)
 Metaspace       used 25060K, capacity 25566K, committed 25600K, reserved 26624K
}
Event: 2975.238 GC heap before
{Heap before GC invocations=6012 (full 3):
 def new generation   total 1748672K, used 1590361K [0x00007effe8600000, 0x00007f005ef60000, 0x00007f053db50000)
  eden space 1554432K, 100% used [0x00007effe8600000, 0x00007f0047400000, 0x00007f0047400000)
  from space 194240K,  18% used [0x00007f00531b0000, 0x00007f00554c64f8, 0x00007f005ef60000)
  to   space 194240K,   0% used [0x00007f0047400000, 0x00007f0047400000, 0x00007f00531b0000)
 tenured generation   total 3885724K, used 3884066K [0x00007f053db50000, 0x00007f062adf7000, 0x00007f0fe8600000)
   the space 3885724K,  99% used [0x00007f053db50000, 0x00007f062ac58b48, 0x00007f062ac58c00, 0x00007f062adf7000)
 Metaspace       used 25060K, capacity 25566K, committed 25600K, reserved 26624K
}
Event: 2975.282 GC heap after
{Heap after GC invocations=6013 (full 3):
 def new generation   total 1748672K, used 36057K [0x00007effe8600000, 0x00007f005ef60000, 0x00007f053db50000)
  eden space 1554432K,   0% used [0x00007effe8600000, 0x00007effe8600000, 0x00007f0047400000)
  from space 194240K,  18% used [0x00007f0047400000, 0x00007f0049736480, 0x00007f00531b0000)
  to   space 194240K,   0% used [0x00007f00531b0000, 0x00007f00531b0000, 0x00007f005ef60000)
 tenured generation   total 3886492K, used 3886366K [0x00007f053db50000, 0x00007f062aeb7000, 0x00007f0fe8600000)
   the space 3886492K,  99% used [0x00007f053db50000, 0x00007f062ae978c8, 0x00007f062ae97a00, 0x00007f062aeb7000)
 Metaspace       used 25060K, capacity 25566K, committed 25600K, reserved 26624K
}
Event: 2975.282 GC heap before
{Heap before GC invocations=6013 (full 3):
 def new generation   total 1748672K, used 36057K [0x00007effe8600000, 0x00007f005ef60000, 0x00007f053db50000)
  eden space 1554432K,   0% used [0x00007effe8600000, 0x00007effe8600000, 0x00007f0047400000)
  from space 194240K,  18% used [0x00007f0047400000, 0x00007f0049736480, 0x00007f00531b0000)
  to   space 194240K,   0% used [0x00007f00531b0000, 0x00007f00531b0000, 0x00007f005ef60000)
 tenured generation   total 3886492K, used 3886366K [0x00007f053db50000, 0x00007f062aeb7000, 0x00007f0fe8600000)
   the space 3886492K,  99% used [0x00007f053db50000, 0x00007f062ae978c8, 0x00007f062ae97a00, 0x00007f062aeb7000)
 Metaspace       used 25060K, capacity 25566K, committed 25600K, reserved 26624K
}

