# JRE version: OpenJDK Runtime Environment (13.0.7+5) (build 13.0.7+5-Ubuntu-0ubuntu120.04)
# Java VM: OpenJDK 64-Bit Server VM (13.0.7+5-Ubuntu-0ubuntu120.04, mixed mode, tiered, serial gc, linux-amd64)
Heap:
 def new generation   total 1748160K, used 0K [0x00007f1ab4600000, 0x00007f1b2aed0000, 0x00007f2009b50000)
  eden space 1553984K,   0% used [0x00007f1ab4600000, 0x00007f1ab4600000, 0x00007f1b13390000)
  from space 194176K,   0% used [0x00007f1b1f130000, 0x00007f1b1f130000, 0x00007f1b2aed0000)
  to   space 194176K,   0% used [0x00007f1b13390000, 0x00007f1b13390000, 0x00007f1b1f130000)
 tenured generation   total 3884780K, used 3782443K [0x00007f2009b50000, 0x00007f20f6d0b000, 0x00007f2ab4600000)
   the space 3884780K,  97% used [0x00007f2009b50000, 0x00007f20f091af88, 0x00007f20f091b000, 0x00007f20f6d0b000)
 Metaspace       used 24728K, capacity 25192K, committed 25344K, reserved 26624K
GC Heap History (20 events):
Event: 64007.529 GC heap after
{Heap after GC invocations=77321 (full 3):
 def new generation   total 1748160K, used 1546K [0x00007f1ab4600000, 0x00007f1b2aed0000, 0x00007f2009b50000)
  eden space 1553984K,   0% used [0x00007f1ab4600000, 0x00007f1ab4600000, 0x00007f1b13390000)
  from space 194176K,   0% used [0x00007f1b13390000, 0x00007f1b13512a60, 0x00007f1b1f130000)
  to   space 194176K,   0% used [0x00007f1b1f130000, 0x00007f1b1f130000, 0x00007f1b2aed0000)
 tenured generation   total 3884588K, used 3883791K [0x00007f2009b50000, 0x00007f20f6cdb000, 0x00007f2ab4600000)
   the space 3884588K,  99% used [0x00007f2009b50000, 0x00007f20f6c13ef8, 0x00007f20f6c14000, 0x00007f20f6cdb000)
 Metaspace       used 24728K, capacity 25192K, committed 25344K, reserved 26624K
}
Event: 64009.057 GC heap before
{Heap before GC invocations=77321 (full 3):
 def new generation   total 1748160K, used 1555530K [0x00007f1ab4600000, 0x00007f1b2aed0000, 0x00007f2009b50000)
  eden space 1553984K, 100% used [0x00007f1ab4600000, 0x00007f1b13390000, 0x00007f1b13390000)
  from space 194176K,   0% used [0x00007f1b13390000, 0x00007f1b13512a60, 0x00007f1b1f130000)
  to   space 194176K,   0% used [0x00007f1b1f130000, 0x00007f1b1f130000, 0x00007f1b2aed0000)
 tenured generation   total 3884588K, used 3883791K [0x00007f2009b50000, 0x00007f20f6cdb000, 0x00007f2ab4600000)
   the space 3884588K,  99% used [0x00007f2009b50000, 0x00007f20f6c13ef8, 0x00007f20f6c14000, 0x00007f20f6cdb000)
 Metaspace       used 24728K, capacity 25192K, committed 25344K, reserved 26624K
}
Event: 64009.069 GC heap after
{Heap after GC invocations=77322 (full 3):
 def new generation   total 1748160K, used 1447K [0x00007f1ab4600000, 0x00007f1b2aed0000, 0x00007f2009b50000)
  eden space 1553984K,   0% used [0x00007f1ab4600000, 0x00007f1ab4600000, 0x00007f1b13390000)
  from space 194176K,   0% used [0x00007f1b1f130000, 0x00007f1b1f299d28, 0x00007f1b2aed0000)
  to   space 194176K,   0% used [0x00007f1b13390000, 0x00007f1b13390000, 0x00007f1b1f130000)
 tenured generation   total 3884588K, used 3883887K [0x00007f2009b50000, 0x00007f20f6cdb000, 0x00007f2ab4600000)
   the space 3884588K,  99% used [0x00007f2009b50000, 0x00007f20f6c2bd48, 0x00007f20f6c2be00, 0x00007f20f6cdb000)
 Metaspace       used 24728K, capacity 25192K, committed 25344K, reserved 26624K
}
Event: 64010.564 GC heap before
{Heap before GC invocations=77322 (full 3):
 def new generation   total 1748160K, used 1555431K [0x00007f1ab4600000, 0x00007f1b2aed0000, 0x00007f2009b50000)
  eden space 1553984K, 100% used [0x00007f1ab4600000, 0x00007f1b13390000, 0x00007f1b13390000)
  from space 194176K,   0% used [0x00007f1b1f130000, 0x00007f1b1f299d28, 0x00007f1b2aed0000)
  to   space 194176K,   0% used [0x00007f1b13390000, 0x00007f1b13390000, 0x00007f1b1f130000)
 tenured generation   total 3884588K, used 3883887K [0x00007f2009b50000, 0x00007f20f6cdb000, 0x00007f2ab4600000)
   the space 3884588K,  99% used [0x00007f2009b50000, 0x00007f20f6c2bd48, 0x00007f20f6c2be00, 0x00007f20f6cdb000)
 Metaspace       used 24728K, capacity 25192K, committed 25344K, reserved 26624K
}
Event: 64010.571 GC heap after
{Heap after GC invocations=77323 (full 3):
 def new generation   total 1748160K, used 1390K [0x00007f1ab4600000, 0x00007f1b2aed0000, 0x00007f2009b50000)
  eden space 1553984K,   0% used [0x00007f1ab4600000, 0x00007f1ab4600000, 0x00007f1b13390000)
  from space 194176K,   0% used [0x00007f1b13390000, 0x00007f1b134eb9a0, 0x00007f1b1f130000)
  to   space 194176K,   0% used [0x00007f1b1f130000, 0x00007f1b1f130000, 0x00007f1b2aed0000)
 tenured generation   total 3884588K, used 3883951K [0x00007f2009b50000, 0x00007f20f6cdb000, 0x00007f2ab4600000)
   the space 3884588K,  99% used [0x00007f2009b50000, 0x00007f20f6c3bc28, 0x00007f20f6c3be00, 0x00007f20f6cdb000)
 Metaspace       used 24728K, capacity 25192K, committed 25344K, reserved 26624K
}
Event: 64012.081 GC heap before
{Heap before GC invocations=77323 (full 3):
 def new generation   total 1748160K, used 1555374K [0x00007f1ab4600000, 0x00007f1b2aed0000, 0x00007f2009b50000)
  eden space 1553984K, 100% used [0x00007f1ab4600000, 0x00007f1b13390000, 0x00007f1b13390000)
  from space 194176K,   0% used [0x00007f1b13390000, 0x00007f1b134eb9a0, 0x00007f1b1f130000)
  to   space 194176K,   0% used [0x00007f1b1f130000, 0x00007f1b1f130000, 0x00007f1b2aed0000)
 tenured generation   total 3884588K, used 3883951K [0x00007f2009b50000, 0x00007f20f6cdb000, 0x00007f2ab4600000)
   the space 3884588K,  99% used [0x00007f2009b50000, 0x00007f20f6c3bc28, 0x00007f20f6c3be00, 0x00007f20f6cdb000)
 Metaspace       used 24728K, capacity 25192K, committed 25344K, reserved 26624K
}
Event: 64012.090 GC heap after
{Heap after GC invocations=77324 (full 3):
 def new generation   total 1748160K, used 1620K [0x00007f1ab4600000, 0x00007f1b2aed0000, 0x00007f2009b50000)
  eden space 1553984K,   0% used [0x00007f1ab4600000, 0x00007f1ab4600000, 0x00007f1b13390000)
  from space 194176K,   0% used [0x00007f1b1f130000, 0x00007f1b1f2c51b8, 0x00007f1b2aed0000)
  to   space 194176K,   0% used [0x00007f1b13390000, 0x00007f1b13390000, 0x00007f1b1f130000)
 tenured generation   total 3884588K, used 3884046K [0x00007f2009b50000, 0x00007f20f6cdb000, 0x00007f2ab4600000)
   the space 3884588K,  99% used [0x00007f2009b50000, 0x00007f20f6c53a78, 0x00007f20f6c53c00, 0x00007f20f6cdb000)
 Metaspace       used 24728K, capacity 25192K, committed 25344K, reserved 26624K
}
Event: 64013.620 GC heap before
{Heap before GC invocations=77324 (full 3):
 def new generation   total 1748160K, used 1555604K [0x00007f1ab4600000, 0x00007f1b2aed0000, 0x00007f2009b50000)
  eden space 1553984K, 100% used [0x00007f1ab4600000, 0x00007f1b13390000, 0x00007f1b13390000)
  from space 194176K,   0% used [0x00007f1b1f130000, 0x00007f1b1f2c51b8, 0x00007f1b2aed0000)
  to   space 194176K,   0% used [0x00007f1b13390000, 0x00007f1b13390000, 0x00007f1b1f130000)
 tenured generation   total 3884588K, used 3884046K [0x00007f2009b50000, 0x00007f20f6cdb000, 0x00007f2ab4600000)
   the space 3884588K,  99% used [0x00007f2009b50000, 0x00007f20f6c53a78, 0x00007f20f6c53c00, 0x00007f20f6cdb000)
 Metaspace       used 24728K, capacity 25192K, committed 25344K, reserved 26624K
}
Event: 64013.629 GC heap after
{Heap after GC invocations=77325 (full 3):
 def new generation   total 1748160K, used 1587K [0x00007f1ab4600000, 0x00007f1b2aed0000, 0x00007f2009b50000)
  eden space 1553984K,   0% used [0x00007f1ab4600000, 0x00007f1ab4600000, 0x00007f1b13390000)
  from space 194176K,   0% used [0x00007f1b13390000, 0x00007f1b1351ceb0, 0x00007f1b1f130000)
  to   space 194176K,   0% used [0x00007f1b1f130000, 0x00007f1b1f130000, 0x00007f1b2aed0000)
 tenured generation   total 3884588K, used 3884142K [0x00007f2009b50000, 0x00007f20f6cdb000, 0x00007f2ab4600000)
   the space 3884588K,  99% used [0x00007f2009b50000, 0x00007f20f6c6b8c8, 0x00007f20f6c6ba00, 0x00007f20f6cdb000)
 Metaspace       used 24728K, capacity 25192K, committed 25344K, reserved 26624K
}
Event: 64015.128 GC heap before
{Heap before GC invocations=77325 (full 3):
 def new generation   total 1748160K, used 1555571K [0x00007f1ab4600000, 0x00007f1b2aed0000, 0x00007f2009b50000)
  eden space 1553984K, 100% used [0x00007f1ab4600000, 0x00007f1b13390000, 0x00007f1b13390000)
  from space 194176K,   0% used [0x00007f1b13390000, 0x00007f1b1351ceb0, 0x00007f1b1f130000)
  to   space 194176K,   0% used [0x00007f1b1f130000, 0x00007f1b1f130000, 0x00007f1b2aed0000)
 tenured generation   total 3884588K, used 3884142K [0x00007f2009b50000, 0x00007f20f6cdb000, 0x00007f2ab4600000)
   the space 3884588K,  99% used [0x00007f2009b50000, 0x00007f20f6c6b8c8, 0x00007f20f6c6ba00, 0x00007f20f6cdb000)
 Metaspace       used 24728K, capacity 25192K, committed 25344K, reserved 26624K
}
Event: 64015.141 GC heap after
{Heap after GC invocations=77326 (full 3):
 def new generation   total 1748160K, used 1461K [0x00007f1ab4600000, 0x00007f1b2aed0000, 0x00007f2009b50000)
  eden space 1553984K,   0% used [0x00007f1ab4600000, 0x00007f1ab4600000, 0x00007f1b13390000)
  from space 194176K,   0% used [0x00007f1b1f130000, 0x00007f1b1f29d7a8, 0x00007f1b2aed0000)
  to   space 194176K,   0% used [0x00007f1b13390000, 0x00007f1b13390000, 0x00007f1b1f130000)
 tenured generation   total 3884588K, used 3884237K [0x00007f2009b50000, 0x00007f20f6cdb000, 0x00007f2ab4600000)
   the space 3884588K,  99% used [0x00007f2009b50000, 0x00007f20f6c83718, 0x00007f20f6c83800, 0x00007f20f6cdb000)
 Metaspace       used 24728K, capacity 25192K, committed 25344K, reserved 26624K
}
Event: 64016.661 GC heap before
{Heap before GC invocations=77326 (full 3):
 def new generation   total 1748160K, used 1555445K [0x00007f1ab4600000, 0x00007f1b2aed0000, 0x00007f2009b50000)
  eden space 1553984K, 100% used [0x00007f1ab4600000, 0x00007f1b13390000, 0x00007f1b13390000)
  from space 194176K,   0% used [0x00007f1b1f130000, 0x00007f1b1f29d7a8, 0x00007f1b2aed0000)
  to   space 194176K,   0% used [0x00007f1b13390000, 0x00007f1b13390000, 0x00007f1b1f130000)
 tenured generation   total 3884588K, used 3884237K [0x00007f2009b50000, 0x00007f20f6cdb000, 0x00007f2ab4600000)
   the space 3884588K,  99% used [0x00007f2009b50000, 0x00007f20f6c83718, 0x00007f20f6c83800, 0x00007f20f6cdb000)
 Metaspace       used 24728K, capacity 25192K, committed 25344K, reserved 26624K
}
Event: 64016.667 GC heap after
{Heap after GC invocations=77327 (full 3):
 def new generation   total 1748160K, used 1402K [0x00007f1ab4600000, 0x00007f1b2aed0000, 0x00007f2009b50000)
  eden space 1553984K,   0% used [0x00007f1ab4600000, 0x00007f1ab4600000, 0x00007f1b13390000)
  from space 194176K,   0% used [0x00007f1b13390000, 0x00007f1b134eeb18, 0x00007f1b1f130000)
  to   space 194176K,   0% used [0x00007f1b1f130000, 0x00007f1b1f130000, 0x00007f1b2aed0000)
 tenured generation   total 3884588K, used 3884301K [0x00007f2009b50000, 0x00007f20f6cdb000, 0x00007f2ab4600000)
   the space 3884588K,  99% used [0x00007f2009b50000, 0x00007f20f6c935f8, 0x00007f20f6c93600, 0x00007f20f6cdb000)
 Metaspace       used 24728K, capacity 25192K, committed 25344K, reserved 26624K
}
Event: 64018.198 GC heap before
{Heap before GC invocations=77327 (full 3):
 def new generation   total 1748160K, used 1555386K [0x00007f1ab4600000, 0x00007f1b2aed0000, 0x00007f2009b50000)
  eden space 1553984K, 100% used [0x00007f1ab4600000, 0x00007f1b13390000, 0x00007f1b13390000)
  from space 194176K,   0% used [0x00007f1b13390000, 0x00007f1b134eeb18, 0x00007f1b1f130000)
  to   space 194176K,   0% used [0x00007f1b1f130000, 0x00007f1b1f130000, 0x00007f1b2aed0000)
 tenured generation   total 3884588K, used 3884301K [0x00007f2009b50000, 0x00007f20f6cdb000, 0x00007f2ab4600000)
   the space 3884588K,  99% used [0x00007f2009b50000, 0x00007f20f6c935f8, 0x00007f20f6c93600, 0x00007f20f6cdb000)
 Metaspace       used 24728K, capacity 25192K, committed 25344K, reserved 26624K
}
Event: 64018.209 GC heap after
{Heap after GC invocations=77328 (full 3):
 def new generation   total 1748160K, used 1614K [0x00007f1ab4600000, 0x00007f1b2aed0000, 0x00007f2009b50000)
  eden space 1553984K,   0% used [0x00007f1ab4600000, 0x00007f1ab4600000, 0x00007f1b13390000)
  from space 194176K,   0% used [0x00007f1b1f130000, 0x00007f1b1f2c3b90, 0x00007f1b2aed0000)
  to   space 194176K,   0% used [0x00007f1b13390000, 0x00007f1b13390000, 0x00007f1b1f130000)
 tenured generation   total 3884588K, used 3884397K [0x00007f2009b50000, 0x00007f20f6cdb000, 0x00007f2ab4600000)
   the space 3884588K,  99% used [0x00007f2009b50000, 0x00007f20f6cab448, 0x00007f20f6cab600, 0x00007f20f6cdb000)
 Metaspace       used 24728K, capacity 25192K, committed 25344K, reserved 26624K
}
Event: 64019.725 GC heap before
{Heap before GC invocations=77328 (full 3):
 def new generation   total 1748160K, used 1555598K [0x00007f1ab4600000, 0x00007f1b2aed0000, 0x00007f2009b50000)
  eden space 1553984K, 100% used [0x00007f1ab4600000, 0x00007f1b13390000, 0x00007f1b13390000)
  from space 194176K,   0% used [0x00007f1b1f130000, 0x00007f1b1f2c3b90, 0x00007f1b2aed0000)
  to   space 194176K,   0% used [0x00007f1b13390000, 0x00007f1b13390000, 0x00007f1b1f130000)
 tenured generation   total 3884588K, used 3884397K [0x00007f2009b50000, 0x00007f20f6cdb000, 0x00007f2ab4600000)
   the space 3884588K,  99% used [0x00007f2009b50000, 0x00007f20f6cab448, 0x00007f20f6cab600, 0x00007f20f6cdb000)
 Metaspace       used 24728K, capacity 25192K, committed 25344K, reserved 26624K
}
Event: 64019.733 GC heap after
{Heap after GC invocations=77329 (full 3):
 def new generation   total 1748160K, used 1549K [0x00007f1ab4600000, 0x00007f1b2aed0000, 0x00007f2009b50000)
  eden space 1553984K,   0% used [0x00007f1ab4600000, 0x00007f1ab4600000, 0x00007f1b13390000)
  from space 194176K,   0% used [0x00007f1b13390000, 0x00007f1b13513768, 0x00007f1b1f130000)
  to   space 194176K,   0% used [0x00007f1b1f130000, 0x00007f1b1f130000, 0x00007f1b2aed0000)
 tenured generation   total 3884588K, used 3884492K [0x00007f2009b50000, 0x00007f20f6cdb000, 0x00007f2ab4600000)
   the space 3884588K,  99% used [0x00007f2009b50000, 0x00007f20f6cc3298, 0x00007f20f6cc3400, 0x00007f20f6cdb000)
 Metaspace       used 24728K, capacity 25192K, committed 25344K, reserved 26624K
}
Event: 64021.263 GC heap before
{Heap before GC invocations=77329 (full 3):
 def new generation   total 1748160K, used 1555533K [0x00007f1ab4600000, 0x00007f1b2aed0000, 0x00007f2009b50000)
  eden space 1553984K, 100% used [0x00007f1ab4600000, 0x00007f1b13390000, 0x00007f1b13390000)
  from space 194176K,   0% used [0x00007f1b13390000, 0x00007f1b13513768, 0x00007f1b1f130000)
  to   space 194176K,   0% used [0x00007f1b1f130000, 0x00007f1b1f130000, 0x00007f1b2aed0000)
 tenured generation   total 3884588K, used 3884492K [0x00007f2009b50000, 0x00007f20f6cdb000, 0x00007f2ab4600000)
   the space 3884588K,  99% used [0x00007f2009b50000, 0x00007f20f6cc3298, 0x00007f20f6cc3400, 0x00007f20f6cdb000)
 Metaspace       used 24728K, capacity 25192K, committed 25344K, reserved 26624K
}
Event: 64021.271 GC heap after
{Heap after GC invocations=77330 (full 3):
 def new generation   total 1748160K, used 1457K [0x00007f1ab4600000, 0x00007f1b2aed0000, 0x00007f2009b50000)
  eden space 1553984K,   0% used [0x00007f1ab4600000, 0x00007f1ab4600000, 0x00007f1b13390000)
  from space 194176K,   0% used [0x00007f1b1f130000, 0x00007f1b1f29c5c8, 0x00007f1b2aed0000)
  to   space 194176K,   0% used [0x00007f1b13390000, 0x00007f1b13390000, 0x00007f1b1f130000)
 tenured generation   total 3884780K, used 3884591K [0x00007f2009b50000, 0x00007f20f6d0b000, 0x00007f2ab4600000)
   the space 3884780K,  99% used [0x00007f2009b50000, 0x00007f20f6cdbc70, 0x00007f20f6cdbe00, 0x00007f20f6d0b000)
 Metaspace       used 24728K, capacity 25192K, committed 25344K, reserved 26624K
}
Event: 64021.271 GC heap before
{Heap before GC invocations=77330 (full 3):
 def new generation   total 1748160K, used 1457K [0x00007f1ab4600000, 0x00007f1b2aed0000, 0x00007f2009b50000)
  eden space 1553984K,   0% used [0x00007f1ab4600000, 0x00007f1ab4600000, 0x00007f1b13390000)
  from space 194176K,   0% used [0x00007f1b1f130000, 0x00007f1b1f29c5c8, 0x00007f1b2aed0000)
  to   space 194176K,   0% used [0x00007f1b13390000, 0x00007f1b13390000, 0x00007f1b1f130000)
 tenured generation   total 3884780K, used 3884591K [0x00007f2009b50000, 0x00007f20f6d0b000, 0x00007f2ab4600000)
   the space 3884780K,  99% used [0x00007f2009b50000, 0x00007f20f6cdbc70, 0x00007f20f6cdbe00, 0x00007f20f6d0b000)
 Metaspace       used 24728K, capacity 25192K, committed 25344K, reserved 26624K
}

