# JRE version: OpenJDK Runtime Environment (13.0.7+5) (build 13.0.7+5-Ubuntu-0ubuntu120.04)
# Java VM: OpenJDK 64-Bit Server VM (13.0.7+5-Ubuntu-0ubuntu120.04, mixed mode, tiered, serial gc, linux-amd64)
Heap:
 def new generation   total 1748160K, used 0K [0x00007f4274600000, 0x00007f42eaed0000, 0x00007f47c9b50000)
  eden space 1553984K,   0% used [0x00007f4274600000, 0x00007f4274600000, 0x00007f42d3390000)
  from space 194176K,   0% used [0x00007f42d3390000, 0x00007f42d3390000, 0x00007f42df130000)
  to   space 194176K,   0% used [0x00007f42df130000, 0x00007f42df130000, 0x00007f42eaed0000)
 tenured generation   total 3884780K, used 3858392K [0x00007f47c9b50000, 0x00007f48b6d0b000, 0x00007f5274600000)
   the space 3884780K,  99% used [0x00007f47c9b50000, 0x00007f48b5346038, 0x00007f48b5346200, 0x00007f48b6d0b000)
 Metaspace       used 25104K, capacity 25550K, committed 25600K, reserved 26624K
GC Heap History (20 events):
Event: 15053.276 GC heap after
{Heap after GC invocations=20306 (full 3):
 def new generation   total 1748160K, used 10159K [0x00007f4274600000, 0x00007f42eaed0000, 0x00007f47c9b50000)
  eden space 1553984K,   0% used [0x00007f4274600000, 0x00007f4274600000, 0x00007f42d3390000)
  from space 194176K,   5% used [0x00007f42df130000, 0x00007f42dfb1bc78, 0x00007f42eaed0000)
  to   space 194176K,   0% used [0x00007f42d3390000, 0x00007f42d3390000, 0x00007f42df130000)
 tenured generation   total 3884588K, used 3878685K [0x00007f47c9b50000, 0x00007f48b6cdb000, 0x00007f5274600000)
   the space 3884588K,  99% used [0x00007f47c9b50000, 0x00007f48b6717608, 0x00007f48b6717800, 0x00007f48b6cdb000)
 Metaspace       used 25104K, capacity 25550K, committed 25600K, reserved 26624K
}
Event: 15054.631 GC heap before
{Heap before GC invocations=20306 (full 3):
 def new generation   total 1748160K, used 1564143K [0x00007f4274600000, 0x00007f42eaed0000, 0x00007f47c9b50000)
  eden space 1553984K, 100% used [0x00007f4274600000, 0x00007f42d3390000, 0x00007f42d3390000)
  from space 194176K,   5% used [0x00007f42df130000, 0x00007f42dfb1bc78, 0x00007f42eaed0000)
  to   space 194176K,   0% used [0x00007f42d3390000, 0x00007f42d3390000, 0x00007f42df130000)
 tenured generation   total 3884588K, used 3878685K [0x00007f47c9b50000, 0x00007f48b6cdb000, 0x00007f5274600000)
   the space 3884588K,  99% used [0x00007f47c9b50000, 0x00007f48b6717608, 0x00007f48b6717800, 0x00007f48b6cdb000)
 Metaspace       used 25104K, capacity 25550K, committed 25600K, reserved 26624K
}
Event: 15054.652 GC heap after
{Heap after GC invocations=20307 (full 3):
 def new generation   total 1748160K, used 10176K [0x00007f4274600000, 0x00007f42eaed0000, 0x00007f47c9b50000)
  eden space 1553984K,   0% used [0x00007f4274600000, 0x00007f4274600000, 0x00007f42d3390000)
  from space 194176K,   5% used [0x00007f42d3390000, 0x00007f42d3d802c0, 0x00007f42df130000)
  to   space 194176K,   0% used [0x00007f42df130000, 0x00007f42df130000, 0x00007f42eaed0000)
 tenured generation   total 3884588K, used 3879348K [0x00007f47c9b50000, 0x00007f48b6cdb000, 0x00007f5274600000)
   the space 3884588K,  99% used [0x00007f47c9b50000, 0x00007f48b67bd3e8, 0x00007f48b67bd400, 0x00007f48b6cdb000)
 Metaspace       used 25104K, capacity 25550K, committed 25600K, reserved 26624K
}
Event: 15055.952 GC heap before
{Heap before GC invocations=20307 (full 3):
 def new generation   total 1748160K, used 1564160K [0x00007f4274600000, 0x00007f42eaed0000, 0x00007f47c9b50000)
  eden space 1553984K, 100% used [0x00007f4274600000, 0x00007f42d3390000, 0x00007f42d3390000)
  from space 194176K,   5% used [0x00007f42d3390000, 0x00007f42d3d802c0, 0x00007f42df130000)
  to   space 194176K,   0% used [0x00007f42df130000, 0x00007f42df130000, 0x00007f42eaed0000)
 tenured generation   total 3884588K, used 3879348K [0x00007f47c9b50000, 0x00007f48b6cdb000, 0x00007f5274600000)
   the space 3884588K,  99% used [0x00007f47c9b50000, 0x00007f48b67bd3e8, 0x00007f48b67bd400, 0x00007f48b6cdb000)
 Metaspace       used 25104K, capacity 25550K, committed 25600K, reserved 26624K
}
Event: 15055.972 GC heap after
{Heap after GC invocations=20308 (full 3):
 def new generation   total 1748160K, used 10179K [0x00007f4274600000, 0x00007f42eaed0000, 0x00007f47c9b50000)
  eden space 1553984K,   0% used [0x00007f4274600000, 0x00007f4274600000, 0x00007f42d3390000)
  from space 194176K,   5% used [0x00007f42df130000, 0x00007f42dfb20f98, 0x00007f42eaed0000)
  to   space 194176K,   0% used [0x00007f42d3390000, 0x00007f42d3390000, 0x00007f42df130000)
 tenured generation   total 3884588K, used 3880030K [0x00007f47c9b50000, 0x00007f48b6cdb000, 0x00007f5274600000)
   the space 3884588K,  99% used [0x00007f47c9b50000, 0x00007f48b6867b80, 0x00007f48b6867c00, 0x00007f48b6cdb000)
 Metaspace       used 25104K, capacity 25550K, committed 25600K, reserved 26624K
}
Event: 15057.286 GC heap before
{Heap before GC invocations=20308 (full 3):
 def new generation   total 1748160K, used 1564163K [0x00007f4274600000, 0x00007f42eaed0000, 0x00007f47c9b50000)
  eden space 1553984K, 100% used [0x00007f4274600000, 0x00007f42d3390000, 0x00007f42d3390000)
  from space 194176K,   5% used [0x00007f42df130000, 0x00007f42dfb20f98, 0x00007f42eaed0000)
  to   space 194176K,   0% used [0x00007f42d3390000, 0x00007f42d3390000, 0x00007f42df130000)
 tenured generation   total 3884588K, used 3880030K [0x00007f47c9b50000, 0x00007f48b6cdb000, 0x00007f5274600000)
   the space 3884588K,  99% used [0x00007f47c9b50000, 0x00007f48b6867b80, 0x00007f48b6867c00, 0x00007f48b6cdb000)
 Metaspace       used 25104K, capacity 25550K, committed 25600K, reserved 26624K
}
Event: 15057.309 GC heap after
{Heap after GC invocations=20309 (full 3):
 def new generation   total 1748160K, used 10171K [0x00007f4274600000, 0x00007f42eaed0000, 0x00007f47c9b50000)
  eden space 1553984K,   0% used [0x00007f4274600000, 0x00007f4274600000, 0x00007f42d3390000)
  from space 194176K,   5% used [0x00007f42d3390000, 0x00007f42d3d7ef60, 0x00007f42df130000)
  to   space 194176K,   0% used [0x00007f42df130000, 0x00007f42df130000, 0x00007f42eaed0000)
 tenured generation   total 3884588K, used 3880712K [0x00007f47c9b50000, 0x00007f48b6cdb000, 0x00007f5274600000)
   the space 3884588K,  99% used [0x00007f47c9b50000, 0x00007f48b6912318, 0x00007f48b6912400, 0x00007f48b6cdb000)
 Metaspace       used 25104K, capacity 25550K, committed 25600K, reserved 26624K
}
Event: 15058.626 GC heap before
{Heap before GC invocations=20309 (full 3):
 def new generation   total 1748160K, used 1564155K [0x00007f4274600000, 0x00007f42eaed0000, 0x00007f47c9b50000)
  eden space 1553984K, 100% used [0x00007f4274600000, 0x00007f42d3390000, 0x00007f42d3390000)
  from space 194176K,   5% used [0x00007f42d3390000, 0x00007f42d3d7ef60, 0x00007f42df130000)
  to   space 194176K,   0% used [0x00007f42df130000, 0x00007f42df130000, 0x00007f42eaed0000)
 tenured generation   total 3884588K, used 3880712K [0x00007f47c9b50000, 0x00007f48b6cdb000, 0x00007f5274600000)
   the space 3884588K,  99% used [0x00007f47c9b50000, 0x00007f48b6912318, 0x00007f48b6912400, 0x00007f48b6cdb000)
 Metaspace       used 25104K, capacity 25550K, committed 25600K, reserved 26624K
}
Event: 15058.647 GC heap after
{Heap after GC invocations=20310 (full 3):
 def new generation   total 1748160K, used 10190K [0x00007f4274600000, 0x00007f42eaed0000, 0x00007f47c9b50000)
  eden space 1553984K,   0% used [0x00007f4274600000, 0x00007f4274600000, 0x00007f42d3390000)
  from space 194176K,   5% used [0x00007f42df130000, 0x00007f42dfb23858, 0x00007f42eaed0000)
  to   space 194176K,   0% used [0x00007f42d3390000, 0x00007f42d3390000, 0x00007f42df130000)
 tenured generation   total 3884588K, used 3881376K [0x00007f47c9b50000, 0x00007f48b6cdb000, 0x00007f5274600000)
   the space 3884588K,  99% used [0x00007f47c9b50000, 0x00007f48b69b80f8, 0x00007f48b69b8200, 0x00007f48b6cdb000)
 Metaspace       used 25104K, capacity 25550K, committed 25600K, reserved 26624K
}
Event: 15059.985 GC heap before
{Heap before GC invocations=20310 (full 3):
 def new generation   total 1748160K, used 1564174K [0x00007f4274600000, 0x00007f42eaed0000, 0x00007f47c9b50000)
  eden space 1553984K, 100% used [0x00007f4274600000, 0x00007f42d3390000, 0x00007f42d3390000)
  from space 194176K,   5% used [0x00007f42df130000, 0x00007f42dfb23858, 0x00007f42eaed0000)
  to   space 194176K,   0% used [0x00007f42d3390000, 0x00007f42d3390000, 0x00007f42df130000)
 tenured generation   total 3884588K, used 3881376K [0x00007f47c9b50000, 0x00007f48b6cdb000, 0x00007f5274600000)
   the space 3884588K,  99% used [0x00007f47c9b50000, 0x00007f48b69b80f8, 0x00007f48b69b8200, 0x00007f48b6cdb000)
 Metaspace       used 25104K, capacity 25550K, committed 25600K, reserved 26624K
}
Event: 15060.007 GC heap after
{Heap after GC invocations=20311 (full 3):
 def new generation   total 1748160K, used 10171K [0x00007f4274600000, 0x00007f42eaed0000, 0x00007f47c9b50000)
  eden space 1553984K,   0% used [0x00007f4274600000, 0x00007f4274600000, 0x00007f42d3390000)
  from space 194176K,   5% used [0x00007f42d3390000, 0x00007f42d3d7edb8, 0x00007f42df130000)
  to   space 194176K,   0% used [0x00007f42df130000, 0x00007f42df130000, 0x00007f42eaed0000)
 tenured generation   total 3884588K, used 3882058K [0x00007f47c9b50000, 0x00007f48b6cdb000, 0x00007f5274600000)
   the space 3884588K,  99% used [0x00007f47c9b50000, 0x00007f48b6a62890, 0x00007f48b6a62a00, 0x00007f48b6cdb000)
 Metaspace       used 25104K, capacity 25550K, committed 25600K, reserved 26624K
}
Event: 15061.332 GC heap before
{Heap before GC invocations=20311 (full 3):
 def new generation   total 1748160K, used 1564155K [0x00007f4274600000, 0x00007f42eaed0000, 0x00007f47c9b50000)
  eden space 1553984K, 100% used [0x00007f4274600000, 0x00007f42d3390000, 0x00007f42d3390000)
  from space 194176K,   5% used [0x00007f42d3390000, 0x00007f42d3d7edb8, 0x00007f42df130000)
  to   space 194176K,   0% used [0x00007f42df130000, 0x00007f42df130000, 0x00007f42eaed0000)
 tenured generation   total 3884588K, used 3882058K [0x00007f47c9b50000, 0x00007f48b6cdb000, 0x00007f5274600000)
   the space 3884588K,  99% used [0x00007f47c9b50000, 0x00007f48b6a62890, 0x00007f48b6a62a00, 0x00007f48b6cdb000)
 Metaspace       used 25104K, capacity 25550K, committed 25600K, reserved 26624K
}
Event: 15061.353 GC heap after
{Heap after GC invocations=20312 (full 3):
 def new generation   total 1748160K, used 10166K [0x00007f4274600000, 0x00007f42eaed0000, 0x00007f47c9b50000)
  eden space 1553984K,   0% used [0x00007f4274600000, 0x00007f4274600000, 0x00007f42d3390000)
  from space 194176K,   5% used [0x00007f42df130000, 0x00007f42dfb1db38, 0x00007f42eaed0000)
  to   space 194176K,   0% used [0x00007f42d3390000, 0x00007f42d3390000, 0x00007f42df130000)
 tenured generation   total 3884588K, used 3882740K [0x00007f47c9b50000, 0x00007f48b6cdb000, 0x00007f5274600000)
   the space 3884588K,  99% used [0x00007f47c9b50000, 0x00007f48b6b0d028, 0x00007f48b6b0d200, 0x00007f48b6cdb000)
 Metaspace       used 25104K, capacity 25550K, committed 25600K, reserved 26624K
}
Event: 15062.712 GC heap before
{Heap before GC invocations=20312 (full 3):
 def new generation   total 1748160K, used 1564150K [0x00007f4274600000, 0x00007f42eaed0000, 0x00007f47c9b50000)
  eden space 1553984K, 100% used [0x00007f4274600000, 0x00007f42d3390000, 0x00007f42d3390000)
  from space 194176K,   5% used [0x00007f42df130000, 0x00007f42dfb1db38, 0x00007f42eaed0000)
  to   space 194176K,   0% used [0x00007f42d3390000, 0x00007f42d3390000, 0x00007f42df130000)
 tenured generation   total 3884588K, used 3882740K [0x00007f47c9b50000, 0x00007f48b6cdb000, 0x00007f5274600000)
   the space 3884588K,  99% used [0x00007f47c9b50000, 0x00007f48b6b0d028, 0x00007f48b6b0d200, 0x00007f48b6cdb000)
 Metaspace       used 25104K, capacity 25550K, committed 25600K, reserved 26624K
}
Event: 15062.734 GC heap after
{Heap after GC invocations=20313 (full 3):
 def new generation   total 1748160K, used 10166K [0x00007f4274600000, 0x00007f42eaed0000, 0x00007f47c9b50000)
  eden space 1553984K,   0% used [0x00007f4274600000, 0x00007f4274600000, 0x00007f42d3390000)
  from space 194176K,   5% used [0x00007f42d3390000, 0x00007f42d3d7dbb8, 0x00007f42df130000)
  to   space 194176K,   0% used [0x00007f42df130000, 0x00007f42df130000, 0x00007f42eaed0000)
 tenured generation   total 3884588K, used 3883426K [0x00007f47c9b50000, 0x00007f48b6cdb000, 0x00007f5274600000)
   the space 3884588K,  99% used [0x00007f47c9b50000, 0x00007f48b6bb8900, 0x00007f48b6bb8a00, 0x00007f48b6cdb000)
 Metaspace       used 25104K, capacity 25550K, committed 25600K, reserved 26624K
}
Event: 15064.070 GC heap before
{Heap before GC invocations=20313 (full 3):
 def new generation   total 1748160K, used 1564150K [0x00007f4274600000, 0x00007f42eaed0000, 0x00007f47c9b50000)
  eden space 1553984K, 100% used [0x00007f4274600000, 0x00007f42d3390000, 0x00007f42d3390000)
  from space 194176K,   5% used [0x00007f42d3390000, 0x00007f42d3d7dbb8, 0x00007f42df130000)
  to   space 194176K,   0% used [0x00007f42df130000, 0x00007f42df130000, 0x00007f42eaed0000)
 tenured generation   total 3884588K, used 3883426K [0x00007f47c9b50000, 0x00007f48b6cdb000, 0x00007f5274600000)
   the space 3884588K,  99% used [0x00007f47c9b50000, 0x00007f48b6bb8900, 0x00007f48b6bb8a00, 0x00007f48b6cdb000)
 Metaspace       used 25104K, capacity 25550K, committed 25600K, reserved 26624K
}
Event: 15064.090 GC heap after
{Heap after GC invocations=20314 (full 3):
 def new generation   total 1748160K, used 10173K [0x00007f4274600000, 0x00007f42eaed0000, 0x00007f47c9b50000)
  eden space 1553984K,   0% used [0x00007f4274600000, 0x00007f4274600000, 0x00007f42d3390000)
  from space 194176K,   5% used [0x00007f42df130000, 0x00007f42dfb1f6a0, 0x00007f42eaed0000)
  to   space 194176K,   0% used [0x00007f42d3390000, 0x00007f42d3390000, 0x00007f42df130000)
 tenured generation   total 3884588K, used 3884089K [0x00007f47c9b50000, 0x00007f48b6cdb000, 0x00007f5274600000)
   the space 3884588K,  99% used [0x00007f47c9b50000, 0x00007f48b6c5e6e0, 0x00007f48b6c5e800, 0x00007f48b6cdb000)
 Metaspace       used 25104K, capacity 25550K, committed 25600K, reserved 26624K
}
Event: 15065.408 GC heap before
{Heap before GC invocations=20314 (full 3):
 def new generation   total 1748160K, used 1564157K [0x00007f4274600000, 0x00007f42eaed0000, 0x00007f47c9b50000)
  eden space 1553984K, 100% used [0x00007f4274600000, 0x00007f42d3390000, 0x00007f42d3390000)
  from space 194176K,   5% used [0x00007f42df130000, 0x00007f42dfb1f6a0, 0x00007f42eaed0000)
  to   space 194176K,   0% used [0x00007f42d3390000, 0x00007f42d3390000, 0x00007f42df130000)
 tenured generation   total 3884588K, used 3884089K [0x00007f47c9b50000, 0x00007f48b6cdb000, 0x00007f5274600000)
   the space 3884588K,  99% used [0x00007f47c9b50000, 0x00007f48b6c5e6e0, 0x00007f48b6c5e800, 0x00007f48b6cdb000)
 Metaspace       used 25104K, capacity 25550K, committed 25600K, reserved 26624K
}
Event: 15065.428 GC heap after
{Heap after GC invocations=20315 (full 3):
 def new generation   total 1748160K, used 10167K [0x00007f4274600000, 0x00007f42eaed0000, 0x00007f47c9b50000)
  eden space 1553984K,   0% used [0x00007f4274600000, 0x00007f4274600000, 0x00007f42d3390000)
  from space 194176K,   5% used [0x00007f42d3390000, 0x00007f42d3d7dc10, 0x00007f42df130000)
  to   space 194176K,   0% used [0x00007f42df130000, 0x00007f42df130000, 0x00007f42eaed0000)
 tenured generation   total 3884780K, used 3884771K [0x00007f47c9b50000, 0x00007f48b6d0b000, 0x00007f5274600000)
   the space 3884780K,  99% used [0x00007f47c9b50000, 0x00007f48b6d08e78, 0x00007f48b6d09000, 0x00007f48b6d0b000)
 Metaspace       used 25104K, capacity 25550K, committed 25600K, reserved 26624K
}
Event: 15065.428 GC heap before
{Heap before GC invocations=20315 (full 3):
 def new generation   total 1748160K, used 10167K [0x00007f4274600000, 0x00007f42eaed0000, 0x00007f47c9b50000)
  eden space 1553984K,   0% used [0x00007f4274600000, 0x00007f4274600000, 0x00007f42d3390000)
  from space 194176K,   5% used [0x00007f42d3390000, 0x00007f42d3d7dc10, 0x00007f42df130000)
  to   space 194176K,   0% used [0x00007f42df130000, 0x00007f42df130000, 0x00007f42eaed0000)
 tenured generation   total 3884780K, used 3884771K [0x00007f47c9b50000, 0x00007f48b6d0b000, 0x00007f5274600000)
   the space 3884780K,  99% used [0x00007f47c9b50000, 0x00007f48b6d08e78, 0x00007f48b6d09000, 0x00007f48b6d0b000)
 Metaspace       used 25104K, capacity 25550K, committed 25600K, reserved 26624K
}

