# JRE version: OpenJDK Runtime Environment (13.0.7+5) (build 13.0.7+5-Ubuntu-0ubuntu120.04)
# Java VM: OpenJDK 64-Bit Server VM (13.0.7+5-Ubuntu-0ubuntu120.04, mixed mode, tiered, serial gc, linux-amd64)
Heap:
 def new generation   total 2867904K, used 5710K [0x00007f8bd8600000, 0x00007f8c9add0000, 0x00007f912db50000)
  eden space 2549312K,   0% used [0x00007f8bd8600000, 0x00007f8bd8b93a08, 0x00007f8c73f90000)
  from space 318592K,   0% used [0x00007f8c73f90000, 0x00007f8c73f90000, 0x00007f8c876b0000)
  to   space 318592K,   0% used [0x00007f8c876b0000, 0x00007f8c876b0000, 0x00007f8c9add0000)
 tenured generation   total 6373304K, used 6373303K [0x00007f912db50000, 0x00007f92b2b3e000, 0x00007f9bd8600000)
   the space 6373304K,  99% used [0x00007f912db50000, 0x00007f92b2b3dfa0, 0x00007f92b2b3e000, 0x00007f92b2b3e000)
 Metaspace       used 25077K, capacity 25561K, committed 25856K, reserved 26624K
GC Heap History (20 events):
Event: 83599.962 GC heap after
{Heap after GC invocations=73823 (full 4):
 def new generation   total 2867904K, used 5908K [0x00007f8bd8600000, 0x00007f8c9add0000, 0x00007f912db50000)
  eden space 2549312K,   0% used [0x00007f8bd8600000, 0x00007f8bd8600000, 0x00007f8c73f90000)
  from space 318592K,   1% used [0x00007f8c876b0000, 0x00007f8c87c750a8, 0x00007f8c9add0000)
  to   space 318592K,   0% used [0x00007f8c73f90000, 0x00007f8c73f90000, 0x00007f8c876b0000)
 tenured generation   total 6372920K, used 6369619K [0x00007f912db50000, 0x00007f92b2ade000, 0x00007f9bd8600000)
   the space 6372920K,  99% used [0x00007f912db50000, 0x00007f92b27a4fb8, 0x00007f92b27a5000, 0x00007f92b2ade000)
 Metaspace       used 25077K, capacity 25561K, committed 25856K, reserved 26624K
}
Event: 83602.486 GC heap before
{Heap before GC invocations=73823 (full 4):
 def new generation   total 2867904K, used 2555220K [0x00007f8bd8600000, 0x00007f8c9add0000, 0x00007f912db50000)
  eden space 2549312K, 100% used [0x00007f8bd8600000, 0x00007f8c73f90000, 0x00007f8c73f90000)
  from space 318592K,   1% used [0x00007f8c876b0000, 0x00007f8c87c750a8, 0x00007f8c9add0000)
  to   space 318592K,   0% used [0x00007f8c73f90000, 0x00007f8c73f90000, 0x00007f8c876b0000)
 tenured generation   total 6372920K, used 6369619K [0x00007f912db50000, 0x00007f92b2ade000, 0x00007f9bd8600000)
   the space 6372920K,  99% used [0x00007f912db50000, 0x00007f92b27a4fb8, 0x00007f92b27a5000, 0x00007f92b2ade000)
 Metaspace       used 25077K, capacity 25561K, committed 25856K, reserved 26624K
}
Event: 83602.507 GC heap after
{Heap after GC invocations=73824 (full 4):
 def new generation   total 2867904K, used 5894K [0x00007f8bd8600000, 0x00007f8c9add0000, 0x00007f912db50000)
  eden space 2549312K,   0% used [0x00007f8bd8600000, 0x00007f8bd8600000, 0x00007f8c73f90000)
  from space 318592K,   1% used [0x00007f8c73f90000, 0x00007f8c74551bf8, 0x00007f8c876b0000)
  to   space 318592K,   0% used [0x00007f8c876b0000, 0x00007f8c876b0000, 0x00007f8c9add0000)
 tenured generation   total 6372920K, used 6370012K [0x00007f912db50000, 0x00007f92b2ade000, 0x00007f9bd8600000)
   the space 6372920K,  99% used [0x00007f912db50000, 0x00007f92b28072b8, 0x00007f92b2807400, 0x00007f92b2ade000)
 Metaspace       used 25077K, capacity 25561K, committed 25856K, reserved 26624K
}
Event: 83604.984 GC heap before
{Heap before GC invocations=73824 (full 4):
 def new generation   total 2867904K, used 2555206K [0x00007f8bd8600000, 0x00007f8c9add0000, 0x00007f912db50000)
  eden space 2549312K, 100% used [0x00007f8bd8600000, 0x00007f8c73f90000, 0x00007f8c73f90000)
  from space 318592K,   1% used [0x00007f8c73f90000, 0x00007f8c74551bf8, 0x00007f8c876b0000)
  to   space 318592K,   0% used [0x00007f8c876b0000, 0x00007f8c876b0000, 0x00007f8c9add0000)
 tenured generation   total 6372920K, used 6370012K [0x00007f912db50000, 0x00007f92b2ade000, 0x00007f9bd8600000)
   the space 6372920K,  99% used [0x00007f912db50000, 0x00007f92b28072b8, 0x00007f92b2807400, 0x00007f92b2ade000)
 Metaspace       used 25077K, capacity 25561K, committed 25856K, reserved 26624K
}
Event: 83605.000 GC heap after
{Heap after GC invocations=73825 (full 4):
 def new generation   total 2867904K, used 5854K [0x00007f8bd8600000, 0x00007f8c9add0000, 0x00007f912db50000)
  eden space 2549312K,   0% used [0x00007f8bd8600000, 0x00007f8bd8600000, 0x00007f8c73f90000)
  from space 318592K,   1% used [0x00007f8c876b0000, 0x00007f8c87c67938, 0x00007f8c9add0000)
  to   space 318592K,   0% used [0x00007f8c73f90000, 0x00007f8c73f90000, 0x00007f8c876b0000)
 tenured generation   total 6372920K, used 6370405K [0x00007f912db50000, 0x00007f92b2ade000, 0x00007f9bd8600000)
   the space 6372920K,  99% used [0x00007f912db50000, 0x00007f92b28695b8, 0x00007f92b2869600, 0x00007f92b2ade000)
 Metaspace       used 25077K, capacity 25561K, committed 25856K, reserved 26624K
}
Event: 83607.496 GC heap before
{Heap before GC invocations=73825 (full 4):
 def new generation   total 2867904K, used 2555166K [0x00007f8bd8600000, 0x00007f8c9add0000, 0x00007f912db50000)
  eden space 2549312K, 100% used [0x00007f8bd8600000, 0x00007f8c73f90000, 0x00007f8c73f90000)
  from space 318592K,   1% used [0x00007f8c876b0000, 0x00007f8c87c67938, 0x00007f8c9add0000)
  to   space 318592K,   0% used [0x00007f8c73f90000, 0x00007f8c73f90000, 0x00007f8c876b0000)
 tenured generation   total 6372920K, used 6370405K [0x00007f912db50000, 0x00007f92b2ade000, 0x00007f9bd8600000)
   the space 6372920K,  99% used [0x00007f912db50000, 0x00007f92b28695b8, 0x00007f92b2869600, 0x00007f92b2ade000)
 Metaspace       used 25077K, capacity 25561K, committed 25856K, reserved 26624K
}
Event: 83607.511 GC heap after
{Heap after GC invocations=73826 (full 4):
 def new generation   total 2867904K, used 5921K [0x00007f8bd8600000, 0x00007f8c9add0000, 0x00007f912db50000)
  eden space 2549312K,   0% used [0x00007f8bd8600000, 0x00007f8bd8600000, 0x00007f8c73f90000)
  from space 318592K,   1% used [0x00007f8c73f90000, 0x00007f8c74558448, 0x00007f8c876b0000)
  to   space 318592K,   0% used [0x00007f8c876b0000, 0x00007f8c876b0000, 0x00007f8c9add0000)
 tenured generation   total 6372920K, used 6370773K [0x00007f912db50000, 0x00007f92b2ade000, 0x00007f9bd8600000)
   the space 6372920K,  99% used [0x00007f912db50000, 0x00007f92b28c5688, 0x00007f92b28c5800, 0x00007f92b2ade000)
 Metaspace       used 25077K, capacity 25561K, committed 25856K, reserved 26624K
}
Event: 83609.963 GC heap before
{Heap before GC invocations=73826 (full 4):
 def new generation   total 2867904K, used 2555233K [0x00007f8bd8600000, 0x00007f8c9add0000, 0x00007f912db50000)
  eden space 2549312K, 100% used [0x00007f8bd8600000, 0x00007f8c73f90000, 0x00007f8c73f90000)
  from space 318592K,   1% used [0x00007f8c73f90000, 0x00007f8c74558448, 0x00007f8c876b0000)
  to   space 318592K,   0% used [0x00007f8c876b0000, 0x00007f8c876b0000, 0x00007f8c9add0000)
 tenured generation   total 6372920K, used 6370773K [0x00007f912db50000, 0x00007f92b2ade000, 0x00007f9bd8600000)
   the space 6372920K,  99% used [0x00007f912db50000, 0x00007f92b28c5688, 0x00007f92b28c5800, 0x00007f92b2ade000)
 Metaspace       used 25077K, capacity 25561K, committed 25856K, reserved 26624K
}
Event: 83609.986 GC heap after
{Heap after GC invocations=73827 (full 4):
 def new generation   total 2867904K, used 5892K [0x00007f8bd8600000, 0x00007f8c9add0000, 0x00007f912db50000)
  eden space 2549312K,   0% used [0x00007f8bd8600000, 0x00007f8bd8600000, 0x00007f8c73f90000)
  from space 318592K,   1% used [0x00007f8c876b0000, 0x00007f8c87c71028, 0x00007f8c9add0000)
  to   space 318592K,   0% used [0x00007f8c73f90000, 0x00007f8c73f90000, 0x00007f8c876b0000)
 tenured generation   total 6372920K, used 6371166K [0x00007f912db50000, 0x00007f92b2ade000, 0x00007f9bd8600000)
   the space 6372920K,  99% used [0x00007f912db50000, 0x00007f92b2927988, 0x00007f92b2927a00, 0x00007f92b2ade000)
 Metaspace       used 25077K, capacity 25561K, committed 25856K, reserved 26624K
}
Event: 83612.435 GC heap before
{Heap before GC invocations=73827 (full 4):
 def new generation   total 2867904K, used 2555204K [0x00007f8bd8600000, 0x00007f8c9add0000, 0x00007f912db50000)
  eden space 2549312K, 100% used [0x00007f8bd8600000, 0x00007f8c73f90000, 0x00007f8c73f90000)
  from space 318592K,   1% used [0x00007f8c876b0000, 0x00007f8c87c71028, 0x00007f8c9add0000)
  to   space 318592K,   0% used [0x00007f8c73f90000, 0x00007f8c73f90000, 0x00007f8c876b0000)
 tenured generation   total 6372920K, used 6371166K [0x00007f912db50000, 0x00007f92b2ade000, 0x00007f9bd8600000)
   the space 6372920K,  99% used [0x00007f912db50000, 0x00007f92b2927988, 0x00007f92b2927a00, 0x00007f92b2ade000)
 Metaspace       used 25077K, capacity 25561K, committed 25856K, reserved 26624K
}
Event: 83612.457 GC heap after
{Heap after GC invocations=73828 (full 4):
 def new generation   total 2867904K, used 5853K [0x00007f8bd8600000, 0x00007f8c9add0000, 0x00007f912db50000)
  eden space 2549312K,   0% used [0x00007f8bd8600000, 0x00007f8bd8600000, 0x00007f8c73f90000)
  from space 318592K,   1% used [0x00007f8c73f90000, 0x00007f8c74547408, 0x00007f8c876b0000)
  to   space 318592K,   0% used [0x00007f8c876b0000, 0x00007f8c876b0000, 0x00007f8c9add0000)
 tenured generation   total 6372920K, used 6371599K [0x00007f912db50000, 0x00007f92b2ade000, 0x00007f9bd8600000)
   the space 6372920K,  99% used [0x00007f912db50000, 0x00007f92b2993f18, 0x00007f92b2994000, 0x00007f92b2ade000)
 Metaspace       used 25077K, capacity 25561K, committed 25856K, reserved 26624K
}
Event: 83614.929 GC heap before
{Heap before GC invocations=73828 (full 4):
 def new generation   total 2867904K, used 2555165K [0x00007f8bd8600000, 0x00007f8c9add0000, 0x00007f912db50000)
  eden space 2549312K, 100% used [0x00007f8bd8600000, 0x00007f8c73f90000, 0x00007f8c73f90000)
  from space 318592K,   1% used [0x00007f8c73f90000, 0x00007f8c74547408, 0x00007f8c876b0000)
  to   space 318592K,   0% used [0x00007f8c876b0000, 0x00007f8c876b0000, 0x00007f8c9add0000)
 tenured generation   total 6372920K, used 6371599K [0x00007f912db50000, 0x00007f92b2ade000, 0x00007f9bd8600000)
   the space 6372920K,  99% used [0x00007f912db50000, 0x00007f92b2993f18, 0x00007f92b2994000, 0x00007f92b2ade000)
 Metaspace       used 25077K, capacity 25561K, committed 25856K, reserved 26624K
}
Event: 83614.945 GC heap after
{Heap after GC invocations=73829 (full 4):
 def new generation   total 2867904K, used 5846K [0x00007f8bd8600000, 0x00007f8c9add0000, 0x00007f912db50000)
  eden space 2549312K,   0% used [0x00007f8bd8600000, 0x00007f8bd8600000, 0x00007f8c73f90000)
  from space 318592K,   1% used [0x00007f8c876b0000, 0x00007f8c87c659e8, 0x00007f8c9add0000)
  to   space 318592K,   0% used [0x00007f8c73f90000, 0x00007f8c73f90000, 0x00007f8c876b0000)
 tenured generation   total 6372920K, used 6371996K [0x00007f912db50000, 0x00007f92b2ade000, 0x00007f9bd8600000)
   the space 6372920K,  99% used [0x00007f912db50000, 0x00007f92b29f7190, 0x00007f92b29f7200, 0x00007f92b2ade000)
 Metaspace       used 25077K, capacity 25561K, committed 25856K, reserved 26624K
}
Event: 83617.450 GC heap before
{Heap before GC invocations=73829 (full 4):
 def new generation   total 2867904K, used 2555158K [0x00007f8bd8600000, 0x00007f8c9add0000, 0x00007f912db50000)
  eden space 2549312K, 100% used [0x00007f8bd8600000, 0x00007f8c73f90000, 0x00007f8c73f90000)
  from space 318592K,   1% used [0x00007f8c876b0000, 0x00007f8c87c659e8, 0x00007f8c9add0000)
  to   space 318592K,   0% used [0x00007f8c73f90000, 0x00007f8c73f90000, 0x00007f8c876b0000)
 tenured generation   total 6372920K, used 6371996K [0x00007f912db50000, 0x00007f92b2ade000, 0x00007f9bd8600000)
   the space 6372920K,  99% used [0x00007f912db50000, 0x00007f92b29f7190, 0x00007f92b29f7200, 0x00007f92b2ade000)
 Metaspace       used 25077K, capacity 25561K, committed 25856K, reserved 26624K
}
Event: 83617.466 GC heap after
{Heap after GC invocations=73830 (full 4):
 def new generation   total 2867904K, used 5822K [0x00007f8bd8600000, 0x00007f8c9add0000, 0x00007f912db50000)
  eden space 2549312K,   0% used [0x00007f8bd8600000, 0x00007f8bd8600000, 0x00007f8c73f90000)
  from space 318592K,   1% used [0x00007f8c73f90000, 0x00007f8c7453fbb8, 0x00007f8c876b0000)
  to   space 318592K,   0% used [0x00007f8c876b0000, 0x00007f8c876b0000, 0x00007f8c9add0000)
 tenured generation   total 6372920K, used 6372389K [0x00007f912db50000, 0x00007f92b2ade000, 0x00007f9bd8600000)
   the space 6372920K,  99% used [0x00007f912db50000, 0x00007f92b2a59490, 0x00007f92b2a59600, 0x00007f92b2ade000)
 Metaspace       used 25077K, capacity 25561K, committed 25856K, reserved 26624K
}
Event: 83620.025 GC heap before
{Heap before GC invocations=73830 (full 4):
 def new generation   total 2867904K, used 2555134K [0x00007f8bd8600000, 0x00007f8c9add0000, 0x00007f912db50000)
  eden space 2549312K, 100% used [0x00007f8bd8600000, 0x00007f8c73f90000, 0x00007f8c73f90000)
  from space 318592K,   1% used [0x00007f8c73f90000, 0x00007f8c7453fbb8, 0x00007f8c876b0000)
  to   space 318592K,   0% used [0x00007f8c876b0000, 0x00007f8c876b0000, 0x00007f8c9add0000)
 tenured generation   total 6372920K, used 6372389K [0x00007f912db50000, 0x00007f92b2ade000, 0x00007f9bd8600000)
   the space 6372920K,  99% used [0x00007f912db50000, 0x00007f92b2a59490, 0x00007f92b2a59600, 0x00007f92b2ade000)
 Metaspace       used 25077K, capacity 25561K, committed 25856K, reserved 26624K
}
Event: 83620.045 GC heap after
{Heap after GC invocations=73831 (full 4):
 def new generation   total 2867904K, used 5816K [0x00007f8bd8600000, 0x00007f8c9add0000, 0x00007f912db50000)
  eden space 2549312K,   0% used [0x00007f8bd8600000, 0x00007f8bd8600000, 0x00007f8c73f90000)
  from space 318592K,   1% used [0x00007f8c876b0000, 0x00007f8c87c5e128, 0x00007f8c9add0000)
  to   space 318592K,   0% used [0x00007f8c73f90000, 0x00007f8c73f90000, 0x00007f8c876b0000)
 tenured generation   total 6372920K, used 6372757K [0x00007f912db50000, 0x00007f92b2ade000, 0x00007f9bd8600000)
   the space 6372920K,  99% used [0x00007f912db50000, 0x00007f92b2ab5560, 0x00007f92b2ab5600, 0x00007f92b2ade000)
 Metaspace       used 25077K, capacity 25561K, committed 25856K, reserved 26624K
}
Event: 83622.511 GC heap before
{Heap before GC invocations=73831 (full 4):
 def new generation   total 2867904K, used 2555128K [0x00007f8bd8600000, 0x00007f8c9add0000, 0x00007f912db50000)
  eden space 2549312K, 100% used [0x00007f8bd8600000, 0x00007f8c73f90000, 0x00007f8c73f90000)
  from space 318592K,   1% used [0x00007f8c876b0000, 0x00007f8c87c5e128, 0x00007f8c9add0000)
  to   space 318592K,   0% used [0x00007f8c73f90000, 0x00007f8c73f90000, 0x00007f8c876b0000)
 tenured generation   total 6372920K, used 6372757K [0x00007f912db50000, 0x00007f92b2ade000, 0x00007f9bd8600000)
   the space 6372920K,  99% used [0x00007f912db50000, 0x00007f92b2ab5560, 0x00007f92b2ab5600, 0x00007f92b2ade000)
 Metaspace       used 25077K, capacity 25561K, committed 25856K, reserved 26624K
}
Event: 83622.530 GC heap after
{Heap after GC invocations=73832 (full 4):
 def new generation   total 2867904K, used 5864K [0x00007f8bd8600000, 0x00007f8c9add0000, 0x00007f912db50000)
  eden space 2549312K,   0% used [0x00007f8bd8600000, 0x00007f8bd8600000, 0x00007f8c73f90000)
  from space 318592K,   1% used [0x00007f8c73f90000, 0x00007f8c7454a148, 0x00007f8c876b0000)
  to   space 318592K,   0% used [0x00007f8c876b0000, 0x00007f8c876b0000, 0x00007f8c9add0000)
 tenured generation   total 6373304K, used 6373150K [0x00007f912db50000, 0x00007f92b2b3e000, 0x00007f9bd8600000)
   the space 6373304K,  99% used [0x00007f912db50000, 0x00007f92b2b17860, 0x00007f92b2b17a00, 0x00007f92b2b3e000)
 Metaspace       used 25077K, capacity 25561K, committed 25856K, reserved 26624K
}
Event: 83622.530 GC heap before
{Heap before GC invocations=73832 (full 4):
 def new generation   total 2867904K, used 5864K [0x00007f8bd8600000, 0x00007f8c9add0000, 0x00007f912db50000)
  eden space 2549312K,   0% used [0x00007f8bd8600000, 0x00007f8bd8600000, 0x00007f8c73f90000)
  from space 318592K,   1% used [0x00007f8c73f90000, 0x00007f8c7454a148, 0x00007f8c876b0000)
  to   space 318592K,   0% used [0x00007f8c876b0000, 0x00007f8c876b0000, 0x00007f8c9add0000)
 tenured generation   total 6373304K, used 6373150K [0x00007f912db50000, 0x00007f92b2b3e000, 0x00007f9bd8600000)
   the space 6373304K,  99% used [0x00007f912db50000, 0x00007f92b2b17860, 0x00007f92b2b17a00, 0x00007f92b2b3e000)
 Metaspace       used 25077K, capacity 25561K, committed 25856K, reserved 26624K
}

