# JRE version: OpenJDK Runtime Environment (13.0.7+5) (build 13.0.7+5-Ubuntu-0ubuntu120.04)
# Java VM: OpenJDK 64-Bit Server VM (13.0.7+5-Ubuntu-0ubuntu120.04, mixed mode, tiered, serial gc, linux-amd64)
Heap:
 def new generation   total 2830464K, used 1684K [0x00007fcdb4600000, 0x00007fce74540000, 0x00007fd309b50000)
  eden space 2515968K,   0% used [0x00007fcdb4600000, 0x00007fcdb47a53d0, 0x00007fce4df00000)
  from space 314496K,   0% used [0x00007fce4df00000, 0x00007fce4df00000, 0x00007fce61220000)
  to   space 314496K,   0% used [0x00007fce61220000, 0x00007fce61220000, 0x00007fce74540000)
 tenured generation   total 6290256K, used 6290255K [0x00007fd309b50000, 0x00007fd489a24000, 0x00007fddb4600000)
   the space 6290256K,  99% used [0x00007fd309b50000, 0x00007fd489a23fe0, 0x00007fd489a24000, 0x00007fd489a24000)
 Metaspace       used 24699K, capacity 25172K, committed 25600K, reserved 26624K
GC Heap History (20 events):
Event: 129553.931 GC heap after
{Heap after GC invocations=121749 (full 4):
 def new generation   total 2830464K, used 2541K [0x00007fcdb4600000, 0x00007fce74540000, 0x00007fd309b50000)
  eden space 2515968K,   0% used [0x00007fcdb4600000, 0x00007fcdb4600000, 0x00007fce4df00000)
  from space 314496K,   0% used [0x00007fce61220000, 0x00007fce6149b550, 0x00007fce74540000)
  to   space 314496K,   0% used [0x00007fce4df00000, 0x00007fce4df00000, 0x00007fce61220000)
 tenured generation   total 6289872K, used 6288633K [0x00007fd309b50000, 0x00007fd4899c4000, 0x00007fddb4600000)
   the space 6289872K,  99% used [0x00007fd309b50000, 0x00007fd48988e6f8, 0x00007fd48988e800, 0x00007fd4899c4000)
 Metaspace       used 24699K, capacity 25172K, committed 25600K, reserved 26624K
}
Event: 129555.950 GC heap before
{Heap before GC invocations=121749 (full 4):
 def new generation   total 2830464K, used 2518509K [0x00007fcdb4600000, 0x00007fce74540000, 0x00007fd309b50000)
  eden space 2515968K, 100% used [0x00007fcdb4600000, 0x00007fce4df00000, 0x00007fce4df00000)
  from space 314496K,   0% used [0x00007fce61220000, 0x00007fce6149b550, 0x00007fce74540000)
  to   space 314496K,   0% used [0x00007fce4df00000, 0x00007fce4df00000, 0x00007fce61220000)
 tenured generation   total 6289872K, used 6288633K [0x00007fd309b50000, 0x00007fd4899c4000, 0x00007fddb4600000)
   the space 6289872K,  99% used [0x00007fd309b50000, 0x00007fd48988e6f8, 0x00007fd48988e800, 0x00007fd4899c4000)
 Metaspace       used 24699K, capacity 25172K, committed 25600K, reserved 26624K
}
Event: 129555.961 GC heap after
{Heap after GC invocations=121750 (full 4):
 def new generation   total 2830464K, used 2285K [0x00007fcdb4600000, 0x00007fce74540000, 0x00007fd309b50000)
  eden space 2515968K,   0% used [0x00007fcdb4600000, 0x00007fcdb4600000, 0x00007fce4df00000)
  from space 314496K,   0% used [0x00007fce4df00000, 0x00007fce4e13b400, 0x00007fce61220000)
  to   space 314496K,   0% used [0x00007fce61220000, 0x00007fce61220000, 0x00007fce74540000)
 tenured generation   total 6289872K, used 6288765K [0x00007fd309b50000, 0x00007fd4899c4000, 0x00007fddb4600000)
   the space 6289872K,  99% used [0x00007fd309b50000, 0x00007fd4898af6c8, 0x00007fd4898af800, 0x00007fd4899c4000)
 Metaspace       used 24699K, capacity 25172K, committed 25600K, reserved 26624K
}
Event: 129557.993 GC heap before
{Heap before GC invocations=121750 (full 4):
 def new generation   total 2830464K, used 2518253K [0x00007fcdb4600000, 0x00007fce74540000, 0x00007fd309b50000)
  eden space 2515968K, 100% used [0x00007fcdb4600000, 0x00007fce4df00000, 0x00007fce4df00000)
  from space 314496K,   0% used [0x00007fce4df00000, 0x00007fce4e13b400, 0x00007fce61220000)
  to   space 314496K,   0% used [0x00007fce61220000, 0x00007fce61220000, 0x00007fce74540000)
 tenured generation   total 6289872K, used 6288765K [0x00007fd309b50000, 0x00007fd4899c4000, 0x00007fddb4600000)
   the space 6289872K,  99% used [0x00007fd309b50000, 0x00007fd4898af6c8, 0x00007fd4898af800, 0x00007fd4899c4000)
 Metaspace       used 24699K, capacity 25172K, committed 25600K, reserved 26624K
}
Event: 129558.000 GC heap after
{Heap after GC invocations=121751 (full 4):
 def new generation   total 2830464K, used 2527K [0x00007fcdb4600000, 0x00007fce74540000, 0x00007fd309b50000)
  eden space 2515968K,   0% used [0x00007fcdb4600000, 0x00007fcdb4600000, 0x00007fce4df00000)
  from space 314496K,   0% used [0x00007fce61220000, 0x00007fce61497ca0, 0x00007fce74540000)
  to   space 314496K,   0% used [0x00007fce4df00000, 0x00007fce4df00000, 0x00007fce61220000)
 tenured generation   total 6289872K, used 6288853K [0x00007fd309b50000, 0x00007fd4899c4000, 0x00007fddb4600000)
   the space 6289872K,  99% used [0x00007fd309b50000, 0x00007fd4898c56a8, 0x00007fd4898c5800, 0x00007fd4899c4000)
 Metaspace       used 24699K, capacity 25172K, committed 25600K, reserved 26624K
}
Event: 129560.026 GC heap before
{Heap before GC invocations=121751 (full 4):
 def new generation   total 2830464K, used 2518495K [0x00007fcdb4600000, 0x00007fce74540000, 0x00007fd309b50000)
  eden space 2515968K, 100% used [0x00007fcdb4600000, 0x00007fce4df00000, 0x00007fce4df00000)
  from space 314496K,   0% used [0x00007fce61220000, 0x00007fce61497ca0, 0x00007fce74540000)
  to   space 314496K,   0% used [0x00007fce4df00000, 0x00007fce4df00000, 0x00007fce61220000)
 tenured generation   total 6289872K, used 6288853K [0x00007fd309b50000, 0x00007fd4899c4000, 0x00007fddb4600000)
   the space 6289872K,  99% used [0x00007fd309b50000, 0x00007fd4898c56a8, 0x00007fd4898c5800, 0x00007fd4899c4000)
 Metaspace       used 24699K, capacity 25172K, committed 25600K, reserved 26624K
}
Event: 129560.037 GC heap after
{Heap after GC invocations=121752 (full 4):
 def new generation   total 2830464K, used 2269K [0x00007fcdb4600000, 0x00007fce74540000, 0x00007fd309b50000)
  eden space 2515968K,   0% used [0x00007fcdb4600000, 0x00007fcdb4600000, 0x00007fce4df00000)
  from space 314496K,   0% used [0x00007fce4df00000, 0x00007fce4e1375c8, 0x00007fce61220000)
  to   space 314496K,   0% used [0x00007fce61220000, 0x00007fce61220000, 0x00007fce74540000)
 tenured generation   total 6289872K, used 6288985K [0x00007fd309b50000, 0x00007fd4899c4000, 0x00007fddb4600000)
   the space 6289872K,  99% used [0x00007fd309b50000, 0x00007fd4898e6678, 0x00007fd4898e6800, 0x00007fd4899c4000)
 Metaspace       used 24699K, capacity 25172K, committed 25600K, reserved 26624K
}
Event: 129562.060 GC heap before
{Heap before GC invocations=121752 (full 4):
 def new generation   total 2830464K, used 2518237K [0x00007fcdb4600000, 0x00007fce74540000, 0x00007fd309b50000)
  eden space 2515968K, 100% used [0x00007fcdb4600000, 0x00007fce4df00000, 0x00007fce4df00000)
  from space 314496K,   0% used [0x00007fce4df00000, 0x00007fce4e1375c8, 0x00007fce61220000)
  to   space 314496K,   0% used [0x00007fce61220000, 0x00007fce61220000, 0x00007fce74540000)
 tenured generation   total 6289872K, used 6288985K [0x00007fd309b50000, 0x00007fd4899c4000, 0x00007fddb4600000)
   the space 6289872K,  99% used [0x00007fd309b50000, 0x00007fd4898e6678, 0x00007fd4898e6800, 0x00007fd4899c4000)
 Metaspace       used 24699K, capacity 25172K, committed 25600K, reserved 26624K
}
Event: 129562.073 GC heap after
{Heap after GC invocations=121753 (full 4):
 def new generation   total 2830464K, used 2534K [0x00007fcdb4600000, 0x00007fce74540000, 0x00007fd309b50000)
  eden space 2515968K,   0% used [0x00007fcdb4600000, 0x00007fcdb4600000, 0x00007fce4df00000)
  from space 314496K,   0% used [0x00007fce61220000, 0x00007fce61499a20, 0x00007fce74540000)
  to   space 314496K,   0% used [0x00007fce4df00000, 0x00007fce4df00000, 0x00007fce61220000)
 tenured generation   total 6289872K, used 6289073K [0x00007fd309b50000, 0x00007fd4899c4000, 0x00007fddb4600000)
   the space 6289872K,  99% used [0x00007fd309b50000, 0x00007fd4898fc658, 0x00007fd4898fc800, 0x00007fd4899c4000)
 Metaspace       used 24699K, capacity 25172K, committed 25600K, reserved 26624K
}
Event: 129564.049 GC heap before
{Heap before GC invocations=121753 (full 4):
 def new generation   total 2830464K, used 2518502K [0x00007fcdb4600000, 0x00007fce74540000, 0x00007fd309b50000)
  eden space 2515968K, 100% used [0x00007fcdb4600000, 0x00007fce4df00000, 0x00007fce4df00000)
  from space 314496K,   0% used [0x00007fce61220000, 0x00007fce61499a20, 0x00007fce74540000)
  to   space 314496K,   0% used [0x00007fce4df00000, 0x00007fce4df00000, 0x00007fce61220000)
 tenured generation   total 6289872K, used 6289073K [0x00007fd309b50000, 0x00007fd4899c4000, 0x00007fddb4600000)
   the space 6289872K,  99% used [0x00007fd309b50000, 0x00007fd4898fc658, 0x00007fd4898fc800, 0x00007fd4899c4000)
 Metaspace       used 24699K, capacity 25172K, committed 25600K, reserved 26624K
}
Event: 129564.059 GC heap after
{Heap after GC invocations=121754 (full 4):
 def new generation   total 2830464K, used 2294K [0x00007fcdb4600000, 0x00007fce74540000, 0x00007fd309b50000)
  eden space 2515968K,   0% used [0x00007fcdb4600000, 0x00007fcdb4600000, 0x00007fce4df00000)
  from space 314496K,   0% used [0x00007fce4df00000, 0x00007fce4e13daa0, 0x00007fce61220000)
  to   space 314496K,   0% used [0x00007fce61220000, 0x00007fce61220000, 0x00007fce74540000)
 tenured generation   total 6289872K, used 6289205K [0x00007fd309b50000, 0x00007fd4899c4000, 0x00007fddb4600000)
   the space 6289872K,  99% used [0x00007fd309b50000, 0x00007fd48991d628, 0x00007fd48991d800, 0x00007fd4899c4000)
 Metaspace       used 24699K, capacity 25172K, committed 25600K, reserved 26624K
}
Event: 129566.093 GC heap before
{Heap before GC invocations=121754 (full 4):
 def new generation   total 2830464K, used 2518262K [0x00007fcdb4600000, 0x00007fce74540000, 0x00007fd309b50000)
  eden space 2515968K, 100% used [0x00007fcdb4600000, 0x00007fce4df00000, 0x00007fce4df00000)
  from space 314496K,   0% used [0x00007fce4df00000, 0x00007fce4e13daa0, 0x00007fce61220000)
  to   space 314496K,   0% used [0x00007fce61220000, 0x00007fce61220000, 0x00007fce74540000)
 tenured generation   total 6289872K, used 6289205K [0x00007fd309b50000, 0x00007fd4899c4000, 0x00007fddb4600000)
   the space 6289872K,  99% used [0x00007fd309b50000, 0x00007fd48991d628, 0x00007fd48991d800, 0x00007fd4899c4000)
 Metaspace       used 24699K, capacity 25172K, committed 25600K, reserved 26624K
}
Event: 129566.108 GC heap after
{Heap after GC invocations=121755 (full 4):
 def new generation   total 2830464K, used 2517K [0x00007fcdb4600000, 0x00007fce74540000, 0x00007fd309b50000)
  eden space 2515968K,   0% used [0x00007fcdb4600000, 0x00007fcdb4600000, 0x00007fce4df00000)
  from space 314496K,   0% used [0x00007fce61220000, 0x00007fce61495668, 0x00007fce74540000)
  to   space 314496K,   0% used [0x00007fce4df00000, 0x00007fce4df00000, 0x00007fce61220000)
 tenured generation   total 6289872K, used 6289293K [0x00007fd309b50000, 0x00007fd4899c4000, 0x00007fddb4600000)
   the space 6289872K,  99% used [0x00007fd309b50000, 0x00007fd489933608, 0x00007fd489933800, 0x00007fd4899c4000)
 Metaspace       used 24699K, capacity 25172K, committed 25600K, reserved 26624K
}
Event: 129568.089 GC heap before
{Heap before GC invocations=121755 (full 4):
 def new generation   total 2830464K, used 2518485K [0x00007fcdb4600000, 0x00007fce74540000, 0x00007fd309b50000)
  eden space 2515968K, 100% used [0x00007fcdb4600000, 0x00007fce4df00000, 0x00007fce4df00000)
  from space 314496K,   0% used [0x00007fce61220000, 0x00007fce61495668, 0x00007fce74540000)
  to   space 314496K,   0% used [0x00007fce4df00000, 0x00007fce4df00000, 0x00007fce61220000)
 tenured generation   total 6289872K, used 6289293K [0x00007fd309b50000, 0x00007fd4899c4000, 0x00007fddb4600000)
   the space 6289872K,  99% used [0x00007fd309b50000, 0x00007fd489933608, 0x00007fd489933800, 0x00007fd4899c4000)
 Metaspace       used 24699K, capacity 25172K, committed 25600K, reserved 26624K
}
Event: 129568.102 GC heap after
{Heap after GC invocations=121756 (full 4):
 def new generation   total 2830464K, used 2286K [0x00007fcdb4600000, 0x00007fce74540000, 0x00007fd309b50000)
  eden space 2515968K,   0% used [0x00007fcdb4600000, 0x00007fcdb4600000, 0x00007fce4df00000)
  from space 314496K,   0% used [0x00007fce4df00000, 0x00007fce4e13b998, 0x00007fce61220000)
  to   space 314496K,   0% used [0x00007fce61220000, 0x00007fce61220000, 0x00007fce74540000)
 tenured generation   total 6289872K, used 6289425K [0x00007fd309b50000, 0x00007fd4899c4000, 0x00007fddb4600000)
   the space 6289872K,  99% used [0x00007fd309b50000, 0x00007fd4899545d8, 0x00007fd489954600, 0x00007fd4899c4000)
 Metaspace       used 24699K, capacity 25172K, committed 25600K, reserved 26624K
}
Event: 129570.101 GC heap before
{Heap before GC invocations=121756 (full 4):
 def new generation   total 2830464K, used 2518254K [0x00007fcdb4600000, 0x00007fce74540000, 0x00007fd309b50000)
  eden space 2515968K, 100% used [0x00007fcdb4600000, 0x00007fce4df00000, 0x00007fce4df00000)
  from space 314496K,   0% used [0x00007fce4df00000, 0x00007fce4e13b998, 0x00007fce61220000)
  to   space 314496K,   0% used [0x00007fce61220000, 0x00007fce61220000, 0x00007fce74540000)
 tenured generation   total 6289872K, used 6289425K [0x00007fd309b50000, 0x00007fd4899c4000, 0x00007fddb4600000)
   the space 6289872K,  99% used [0x00007fd309b50000, 0x00007fd4899545d8, 0x00007fd489954600, 0x00007fd4899c4000)
 Metaspace       used 24699K, capacity 25172K, committed 25600K, reserved 26624K
}
Event: 129570.109 GC heap after
{Heap after GC invocations=121757 (full 4):
 def new generation   total 2830464K, used 2527K [0x00007fcdb4600000, 0x00007fce74540000, 0x00007fd309b50000)
  eden space 2515968K,   0% used [0x00007fcdb4600000, 0x00007fcdb4600000, 0x00007fce4df00000)
  from space 314496K,   0% used [0x00007fce61220000, 0x00007fce61497fd8, 0x00007fce74540000)
  to   space 314496K,   0% used [0x00007fce4df00000, 0x00007fce4df00000, 0x00007fce61220000)
 tenured generation   total 6289872K, used 6289513K [0x00007fd309b50000, 0x00007fd4899c4000, 0x00007fddb4600000)
   the space 6289872K,  99% used [0x00007fd309b50000, 0x00007fd48996a5b8, 0x00007fd48996a600, 0x00007fd4899c4000)
 Metaspace       used 24699K, capacity 25172K, committed 25600K, reserved 26624K
}
Event: 129572.118 GC heap before
{Heap before GC invocations=121757 (full 4):
 def new generation   total 2830464K, used 2518495K [0x00007fcdb4600000, 0x00007fce74540000, 0x00007fd309b50000)
  eden space 2515968K, 100% used [0x00007fcdb4600000, 0x00007fce4df00000, 0x00007fce4df00000)
  from space 314496K,   0% used [0x00007fce61220000, 0x00007fce61497fd8, 0x00007fce74540000)
  to   space 314496K,   0% used [0x00007fce4df00000, 0x00007fce4df00000, 0x00007fce61220000)
 tenured generation   total 6289872K, used 6289513K [0x00007fd309b50000, 0x00007fd4899c4000, 0x00007fddb4600000)
   the space 6289872K,  99% used [0x00007fd309b50000, 0x00007fd48996a5b8, 0x00007fd48996a600, 0x00007fd4899c4000)
 Metaspace       used 24699K, capacity 25172K, committed 25600K, reserved 26624K
}
Event: 129572.126 GC heap after
{Heap after GC invocations=121758 (full 4):
 def new generation   total 2830464K, used 1756K [0x00007fcdb4600000, 0x00007fce74540000, 0x00007fd309b50000)
  eden space 2515968K,   0% used [0x00007fcdb4600000, 0x00007fcdb4600000, 0x00007fce4df00000)
  from space 314496K,   0% used [0x00007fce4df00000, 0x00007fce4e0b7198, 0x00007fce61220000)
  to   space 314496K,   0% used [0x00007fce61220000, 0x00007fce61220000, 0x00007fce74540000)
 tenured generation   total 6290256K, used 6290184K [0x00007fd309b50000, 0x00007fd489a24000, 0x00007fddb4600000)
   the space 6290256K,  99% used [0x00007fd309b50000, 0x00007fd489a12218, 0x00007fd489a12400, 0x00007fd489a24000)
 Metaspace       used 24699K, capacity 25172K, committed 25600K, reserved 26624K
}
Event: 129572.126 GC heap before
{Heap before GC invocations=121758 (full 4):
 def new generation   total 2830464K, used 1756K [0x00007fcdb4600000, 0x00007fce74540000, 0x00007fd309b50000)
  eden space 2515968K,   0% used [0x00007fcdb4600000, 0x00007fcdb4600000, 0x00007fce4df00000)
  from space 314496K,   0% used [0x00007fce4df00000, 0x00007fce4e0b7198, 0x00007fce61220000)
  to   space 314496K,   0% used [0x00007fce61220000, 0x00007fce61220000, 0x00007fce74540000)
 tenured generation   total 6290256K, used 6290184K [0x00007fd309b50000, 0x00007fd489a24000, 0x00007fddb4600000)
   the space 6290256K,  99% used [0x00007fd309b50000, 0x00007fd489a12218, 0x00007fd489a12400, 0x00007fd489a24000)
 Metaspace       used 24699K, capacity 25172K, committed 25600K, reserved 26624K
}

