# JRE version: OpenJDK Runtime Environment (13.0.7+5) (build 13.0.7+5-Ubuntu-0ubuntu120.04)
# Java VM: OpenJDK 64-Bit Server VM (13.0.7+5-Ubuntu-0ubuntu120.04, mixed mode, tiered, serial gc, linux-amd64)
Heap:
 def new generation   total 1748160K, used 0K [0x00007f4b60600000, 0x00007f4bd6ed0000, 0x00007f50b5b50000)
  eden space 1553984K,   0% used [0x00007f4b60600000, 0x00007f4b60600000, 0x00007f4bbf390000)
  from space 194176K,   0% used [0x00007f4bcb130000, 0x00007f4bcb130000, 0x00007f4bd6ed0000)
  to   space 194176K,   0% used [0x00007f4bbf390000, 0x00007f4bbf390000, 0x00007f4bcb130000)
 tenured generation   total 3884780K, used 3823277K [0x00007f50b5b50000, 0x00007f51a2d0b000, 0x00007f5b60600000)
   the space 3884780K,  98% used [0x00007f50b5b50000, 0x00007f519f0fb430, 0x00007f519f0fb600, 0x00007f51a2d0b000)
 Metaspace       used 24909K, capacity 25370K, committed 25600K, reserved 26624K
GC Heap History (20 events):
Event: 43045.436 GC heap after
{Heap after GC invocations=54874 (full 3):
 def new generation   total 1748160K, used 2011K [0x00007f4b60600000, 0x00007f4bd6ed0000, 0x00007f50b5b50000)
  eden space 1553984K,   0% used [0x00007f4b60600000, 0x00007f4b60600000, 0x00007f4bbf390000)
  from space 194176K,   1% used [0x00007f4bbf390000, 0x00007f4bbf586e38, 0x00007f4bcb130000)
  to   space 194176K,   0% used [0x00007f4bcb130000, 0x00007f4bcb130000, 0x00007f4bd6ed0000)
 tenured generation   total 3884588K, used 3883550K [0x00007f50b5b50000, 0x00007f51a2cdb000, 0x00007f5b60600000)
   the space 3884588K,  99% used [0x00007f50b5b50000, 0x00007f51a2bd7990, 0x00007f51a2bd7a00, 0x00007f51a2cdb000)
 Metaspace       used 24909K, capacity 25370K, committed 25600K, reserved 26624K
}
Event: 43046.858 GC heap before
{Heap before GC invocations=54874 (full 3):
 def new generation   total 1748160K, used 1555995K [0x00007f4b60600000, 0x00007f4bd6ed0000, 0x00007f50b5b50000)
  eden space 1553984K, 100% used [0x00007f4b60600000, 0x00007f4bbf390000, 0x00007f4bbf390000)
  from space 194176K,   1% used [0x00007f4bbf390000, 0x00007f4bbf586e38, 0x00007f4bcb130000)
  to   space 194176K,   0% used [0x00007f4bcb130000, 0x00007f4bcb130000, 0x00007f4bd6ed0000)
 tenured generation   total 3884588K, used 3883550K [0x00007f50b5b50000, 0x00007f51a2cdb000, 0x00007f5b60600000)
   the space 3884588K,  99% used [0x00007f50b5b50000, 0x00007f51a2bd7990, 0x00007f51a2bd7a00, 0x00007f51a2cdb000)
 Metaspace       used 24909K, capacity 25370K, committed 25600K, reserved 26624K
}
Event: 43046.867 GC heap after
{Heap after GC invocations=54875 (full 3):
 def new generation   total 1748160K, used 2030K [0x00007f4b60600000, 0x00007f4bd6ed0000, 0x00007f50b5b50000)
  eden space 1553984K,   0% used [0x00007f4b60600000, 0x00007f4b60600000, 0x00007f4bbf390000)
  from space 194176K,   1% used [0x00007f4bcb130000, 0x00007f4bcb32b920, 0x00007f4bd6ed0000)
  to   space 194176K,   0% used [0x00007f4bbf390000, 0x00007f4bbf390000, 0x00007f4bcb130000)
 tenured generation   total 3884588K, used 3883668K [0x00007f50b5b50000, 0x00007f51a2cdb000, 0x00007f5b60600000)
   the space 3884588K,  99% used [0x00007f50b5b50000, 0x00007f51a2bf52d0, 0x00007f51a2bf5400, 0x00007f51a2cdb000)
 Metaspace       used 24909K, capacity 25370K, committed 25600K, reserved 26624K
}
Event: 43048.240 GC heap before
{Heap before GC invocations=54875 (full 3):
 def new generation   total 1748160K, used 1556014K [0x00007f4b60600000, 0x00007f4bd6ed0000, 0x00007f50b5b50000)
  eden space 1553984K, 100% used [0x00007f4b60600000, 0x00007f4bbf390000, 0x00007f4bbf390000)
  from space 194176K,   1% used [0x00007f4bcb130000, 0x00007f4bcb32b920, 0x00007f4bd6ed0000)
  to   space 194176K,   0% used [0x00007f4bbf390000, 0x00007f4bbf390000, 0x00007f4bcb130000)
 tenured generation   total 3884588K, used 3883668K [0x00007f50b5b50000, 0x00007f51a2cdb000, 0x00007f5b60600000)
   the space 3884588K,  99% used [0x00007f50b5b50000, 0x00007f51a2bf52d0, 0x00007f51a2bf5400, 0x00007f51a2cdb000)
 Metaspace       used 24909K, capacity 25370K, committed 25600K, reserved 26624K
}
Event: 43048.247 GC heap after
{Heap after GC invocations=54876 (full 3):
 def new generation   total 1748160K, used 1935K [0x00007f4b60600000, 0x00007f4bd6ed0000, 0x00007f50b5b50000)
  eden space 1553984K,   0% used [0x00007f4b60600000, 0x00007f4b60600000, 0x00007f4bbf390000)
  from space 194176K,   0% used [0x00007f4bbf390000, 0x00007f4bbf573ef0, 0x00007f4bcb130000)
  to   space 194176K,   0% used [0x00007f4bcb130000, 0x00007f4bcb130000, 0x00007f4bd6ed0000)
 tenured generation   total 3884588K, used 3883787K [0x00007f50b5b50000, 0x00007f51a2cdb000, 0x00007f5b60600000)
   the space 3884588K,  99% used [0x00007f50b5b50000, 0x00007f51a2c12c10, 0x00007f51a2c12e00, 0x00007f51a2cdb000)
 Metaspace       used 24909K, capacity 25370K, committed 25600K, reserved 26624K
}
Event: 43049.640 GC heap before
{Heap before GC invocations=54876 (full 3):
 def new generation   total 1748160K, used 1555919K [0x00007f4b60600000, 0x00007f4bd6ed0000, 0x00007f50b5b50000)
  eden space 1553984K, 100% used [0x00007f4b60600000, 0x00007f4bbf390000, 0x00007f4bbf390000)
  from space 194176K,   0% used [0x00007f4bbf390000, 0x00007f4bbf573ef0, 0x00007f4bcb130000)
  to   space 194176K,   0% used [0x00007f4bcb130000, 0x00007f4bcb130000, 0x00007f4bd6ed0000)
 tenured generation   total 3884588K, used 3883787K [0x00007f50b5b50000, 0x00007f51a2cdb000, 0x00007f5b60600000)
   the space 3884588K,  99% used [0x00007f50b5b50000, 0x00007f51a2c12c10, 0x00007f51a2c12e00, 0x00007f51a2cdb000)
 Metaspace       used 24909K, capacity 25370K, committed 25600K, reserved 26624K
}
Event: 43049.648 GC heap after
{Heap after GC invocations=54877 (full 3):
 def new generation   total 1748160K, used 1974K [0x00007f4b60600000, 0x00007f4bd6ed0000, 0x00007f50b5b50000)
  eden space 1553984K,   0% used [0x00007f4b60600000, 0x00007f4b60600000, 0x00007f4bbf390000)
  from space 194176K,   1% used [0x00007f4bcb130000, 0x00007f4bcb31dbc0, 0x00007f4bd6ed0000)
  to   space 194176K,   0% used [0x00007f4bbf390000, 0x00007f4bbf390000, 0x00007f4bcb130000)
 tenured generation   total 3884588K, used 3883905K [0x00007f50b5b50000, 0x00007f51a2cdb000, 0x00007f5b60600000)
   the space 3884588K,  99% used [0x00007f50b5b50000, 0x00007f51a2c30550, 0x00007f51a2c30600, 0x00007f51a2cdb000)
 Metaspace       used 24909K, capacity 25370K, committed 25600K, reserved 26624K
}
Event: 43051.029 GC heap before
{Heap before GC invocations=54877 (full 3):
 def new generation   total 1748160K, used 1555958K [0x00007f4b60600000, 0x00007f4bd6ed0000, 0x00007f50b5b50000)
  eden space 1553984K, 100% used [0x00007f4b60600000, 0x00007f4bbf390000, 0x00007f4bbf390000)
  from space 194176K,   1% used [0x00007f4bcb130000, 0x00007f4bcb31dbc0, 0x00007f4bd6ed0000)
  to   space 194176K,   0% used [0x00007f4bbf390000, 0x00007f4bbf390000, 0x00007f4bcb130000)
 tenured generation   total 3884588K, used 3883905K [0x00007f50b5b50000, 0x00007f51a2cdb000, 0x00007f5b60600000)
   the space 3884588K,  99% used [0x00007f50b5b50000, 0x00007f51a2c30550, 0x00007f51a2c30600, 0x00007f51a2cdb000)
 Metaspace       used 24909K, capacity 25370K, committed 25600K, reserved 26624K
}
Event: 43051.040 GC heap after
{Heap after GC invocations=54878 (full 3):
 def new generation   total 1748160K, used 1985K [0x00007f4b60600000, 0x00007f4bd6ed0000, 0x00007f50b5b50000)
  eden space 1553984K,   0% used [0x00007f4b60600000, 0x00007f4b60600000, 0x00007f4bbf390000)
  from space 194176K,   1% used [0x00007f4bbf390000, 0x00007f4bbf580678, 0x00007f4bcb130000)
  to   space 194176K,   0% used [0x00007f4bcb130000, 0x00007f4bcb130000, 0x00007f4bd6ed0000)
 tenured generation   total 3884588K, used 3884023K [0x00007f50b5b50000, 0x00007f51a2cdb000, 0x00007f5b60600000)
   the space 3884588K,  99% used [0x00007f50b5b50000, 0x00007f51a2c4de90, 0x00007f51a2c4e000, 0x00007f51a2cdb000)
 Metaspace       used 24909K, capacity 25370K, committed 25600K, reserved 26624K
}
Event: 43052.451 GC heap before
{Heap before GC invocations=54878 (full 3):
 def new generation   total 1748160K, used 1555969K [0x00007f4b60600000, 0x00007f4bd6ed0000, 0x00007f50b5b50000)
  eden space 1553984K, 100% used [0x00007f4b60600000, 0x00007f4bbf390000, 0x00007f4bbf390000)
  from space 194176K,   1% used [0x00007f4bbf390000, 0x00007f4bbf580678, 0x00007f4bcb130000)
  to   space 194176K,   0% used [0x00007f4bcb130000, 0x00007f4bcb130000, 0x00007f4bd6ed0000)
 tenured generation   total 3884588K, used 3884023K [0x00007f50b5b50000, 0x00007f51a2cdb000, 0x00007f5b60600000)
   the space 3884588K,  99% used [0x00007f50b5b50000, 0x00007f51a2c4de90, 0x00007f51a2c4e000, 0x00007f51a2cdb000)
 Metaspace       used 24909K, capacity 25370K, committed 25600K, reserved 26624K
}
Event: 43052.461 GC heap after
{Heap after GC invocations=54879 (full 3):
 def new generation   total 1748160K, used 2022K [0x00007f4b60600000, 0x00007f4bd6ed0000, 0x00007f50b5b50000)
  eden space 1553984K,   0% used [0x00007f4b60600000, 0x00007f4b60600000, 0x00007f4bbf390000)
  from space 194176K,   1% used [0x00007f4bcb130000, 0x00007f4bcb329990, 0x00007f4bd6ed0000)
  to   space 194176K,   0% used [0x00007f4bbf390000, 0x00007f4bbf390000, 0x00007f4bcb130000)
 tenured generation   total 3884588K, used 3884142K [0x00007f50b5b50000, 0x00007f51a2cdb000, 0x00007f5b60600000)
   the space 3884588K,  99% used [0x00007f50b5b50000, 0x00007f51a2c6b980, 0x00007f51a2c6ba00, 0x00007f51a2cdb000)
 Metaspace       used 24909K, capacity 25370K, committed 25600K, reserved 26624K
}
Event: 43053.863 GC heap before
{Heap before GC invocations=54879 (full 3):
 def new generation   total 1748160K, used 1556006K [0x00007f4b60600000, 0x00007f4bd6ed0000, 0x00007f50b5b50000)
  eden space 1553984K, 100% used [0x00007f4b60600000, 0x00007f4bbf390000, 0x00007f4bbf390000)
  from space 194176K,   1% used [0x00007f4bcb130000, 0x00007f4bcb329990, 0x00007f4bd6ed0000)
  to   space 194176K,   0% used [0x00007f4bbf390000, 0x00007f4bbf390000, 0x00007f4bcb130000)
 tenured generation   total 3884588K, used 3884142K [0x00007f50b5b50000, 0x00007f51a2cdb000, 0x00007f5b60600000)
   the space 3884588K,  99% used [0x00007f50b5b50000, 0x00007f51a2c6b980, 0x00007f51a2c6ba00, 0x00007f51a2cdb000)
 Metaspace       used 24909K, capacity 25370K, committed 25600K, reserved 26624K
}
Event: 43053.871 GC heap after
{Heap after GC invocations=54880 (full 3):
 def new generation   total 1748160K, used 2011K [0x00007f4b60600000, 0x00007f4bd6ed0000, 0x00007f50b5b50000)
  eden space 1553984K,   0% used [0x00007f4b60600000, 0x00007f4b60600000, 0x00007f4bbf390000)
  from space 194176K,   1% used [0x00007f4bbf390000, 0x00007f4bbf586d00, 0x00007f4bcb130000)
  to   space 194176K,   0% used [0x00007f4bcb130000, 0x00007f4bcb130000, 0x00007f4bd6ed0000)
 tenured generation   total 3884588K, used 3884299K [0x00007f50b5b50000, 0x00007f51a2cdb000, 0x00007f5b60600000)
   the space 3884588K,  99% used [0x00007f50b5b50000, 0x00007f51a2c92ed0, 0x00007f51a2c93000, 0x00007f51a2cdb000)
 Metaspace       used 24909K, capacity 25370K, committed 25600K, reserved 26624K
}
Event: 43055.259 GC heap before
{Heap before GC invocations=54880 (full 3):
 def new generation   total 1748160K, used 1555995K [0x00007f4b60600000, 0x00007f4bd6ed0000, 0x00007f50b5b50000)
  eden space 1553984K, 100% used [0x00007f4b60600000, 0x00007f4bbf390000, 0x00007f4bbf390000)
  from space 194176K,   1% used [0x00007f4bbf390000, 0x00007f4bbf586d00, 0x00007f4bcb130000)
  to   space 194176K,   0% used [0x00007f4bcb130000, 0x00007f4bcb130000, 0x00007f4bd6ed0000)
 tenured generation   total 3884588K, used 3884299K [0x00007f50b5b50000, 0x00007f51a2cdb000, 0x00007f5b60600000)
   the space 3884588K,  99% used [0x00007f50b5b50000, 0x00007f51a2c92ed0, 0x00007f51a2c93000, 0x00007f51a2cdb000)
 Metaspace       used 24909K, capacity 25370K, committed 25600K, reserved 26624K
}
Event: 43055.268 GC heap after
{Heap after GC invocations=54881 (full 3):
 def new generation   total 1748160K, used 2039K [0x00007f4b60600000, 0x00007f4bd6ed0000, 0x00007f50b5b50000)
  eden space 1553984K,   0% used [0x00007f4b60600000, 0x00007f4b60600000, 0x00007f4bbf390000)
  from space 194176K,   1% used [0x00007f4bcb130000, 0x00007f4bcb32de90, 0x00007f4bd6ed0000)
  to   space 194176K,   0% used [0x00007f4bbf390000, 0x00007f4bbf390000, 0x00007f4bcb130000)
 tenured generation   total 3884588K, used 3884418K [0x00007f50b5b50000, 0x00007f51a2cdb000, 0x00007f5b60600000)
   the space 3884588K,  99% used [0x00007f50b5b50000, 0x00007f51a2cb0810, 0x00007f51a2cb0a00, 0x00007f51a2cdb000)
 Metaspace       used 24909K, capacity 25370K, committed 25600K, reserved 26624K
}
Event: 43056.703 GC heap before
{Heap before GC invocations=54881 (full 3):
 def new generation   total 1748160K, used 1556023K [0x00007f4b60600000, 0x00007f4bd6ed0000, 0x00007f50b5b50000)
  eden space 1553984K, 100% used [0x00007f4b60600000, 0x00007f4bbf390000, 0x00007f4bbf390000)
  from space 194176K,   1% used [0x00007f4bcb130000, 0x00007f4bcb32de90, 0x00007f4bd6ed0000)
  to   space 194176K,   0% used [0x00007f4bbf390000, 0x00007f4bbf390000, 0x00007f4bcb130000)
 tenured generation   total 3884588K, used 3884418K [0x00007f50b5b50000, 0x00007f51a2cdb000, 0x00007f5b60600000)
   the space 3884588K,  99% used [0x00007f50b5b50000, 0x00007f51a2cb0810, 0x00007f51a2cb0a00, 0x00007f51a2cdb000)
 Metaspace       used 24909K, capacity 25370K, committed 25600K, reserved 26624K
}
Event: 43056.711 GC heap after
{Heap after GC invocations=54882 (full 3):
 def new generation   total 1748160K, used 1956K [0x00007f4b60600000, 0x00007f4bd6ed0000, 0x00007f50b5b50000)
  eden space 1553984K,   0% used [0x00007f4b60600000, 0x00007f4b60600000, 0x00007f4bbf390000)
  from space 194176K,   1% used [0x00007f4bbf390000, 0x00007f4bbf579038, 0x00007f4bcb130000)
  to   space 194176K,   0% used [0x00007f4bcb130000, 0x00007f4bcb130000, 0x00007f4bd6ed0000)
 tenured generation   total 3884588K, used 3884536K [0x00007f50b5b50000, 0x00007f51a2cdb000, 0x00007f5b60600000)
   the space 3884588K,  99% used [0x00007f50b5b50000, 0x00007f51a2cce150, 0x00007f51a2cce200, 0x00007f51a2cdb000)
 Metaspace       used 24909K, capacity 25370K, committed 25600K, reserved 26624K
}
Event: 43058.103 GC heap before
{Heap before GC invocations=54882 (full 3):
 def new generation   total 1748160K, used 1555940K [0x00007f4b60600000, 0x00007f4bd6ed0000, 0x00007f50b5b50000)
  eden space 1553984K, 100% used [0x00007f4b60600000, 0x00007f4bbf390000, 0x00007f4bbf390000)
  from space 194176K,   1% used [0x00007f4bbf390000, 0x00007f4bbf579038, 0x00007f4bcb130000)
  to   space 194176K,   0% used [0x00007f4bcb130000, 0x00007f4bcb130000, 0x00007f4bd6ed0000)
 tenured generation   total 3884588K, used 3884536K [0x00007f50b5b50000, 0x00007f51a2cdb000, 0x00007f5b60600000)
   the space 3884588K,  99% used [0x00007f50b5b50000, 0x00007f51a2cce150, 0x00007f51a2cce200, 0x00007f51a2cdb000)
 Metaspace       used 24909K, capacity 25370K, committed 25600K, reserved 26624K
}
Event: 43058.115 GC heap after
{Heap after GC invocations=54883 (full 3):
 def new generation   total 1748160K, used 1964K [0x00007f4b60600000, 0x00007f4bd6ed0000, 0x00007f50b5b50000)
  eden space 1553984K,   0% used [0x00007f4b60600000, 0x00007f4b60600000, 0x00007f4bbf390000)
  from space 194176K,   1% used [0x00007f4bcb130000, 0x00007f4bcb31b0d0, 0x00007f4bd6ed0000)
  to   space 194176K,   0% used [0x00007f4bbf390000, 0x00007f4bbf390000, 0x00007f4bcb130000)
 tenured generation   total 3884780K, used 3884654K [0x00007f50b5b50000, 0x00007f51a2d0b000, 0x00007f5b60600000)
   the space 3884780K,  99% used [0x00007f50b5b50000, 0x00007f51a2ceba90, 0x00007f51a2cebc00, 0x00007f51a2d0b000)
 Metaspace       used 24909K, capacity 25370K, committed 25600K, reserved 26624K
}
Event: 43058.115 GC heap before
{Heap before GC invocations=54883 (full 3):
 def new generation   total 1748160K, used 1964K [0x00007f4b60600000, 0x00007f4bd6ed0000, 0x00007f50b5b50000)
  eden space 1553984K,   0% used [0x00007f4b60600000, 0x00007f4b60600000, 0x00007f4bbf390000)
  from space 194176K,   1% used [0x00007f4bcb130000, 0x00007f4bcb31b0d0, 0x00007f4bd6ed0000)
  to   space 194176K,   0% used [0x00007f4bbf390000, 0x00007f4bbf390000, 0x00007f4bcb130000)
 tenured generation   total 3884780K, used 3884654K [0x00007f50b5b50000, 0x00007f51a2d0b000, 0x00007f5b60600000)
   the space 3884780K,  99% used [0x00007f50b5b50000, 0x00007f51a2ceba90, 0x00007f51a2cebc00, 0x00007f51a2d0b000)
 Metaspace       used 24909K, capacity 25370K, committed 25600K, reserved 26624K
}

