# JRE version: OpenJDK Runtime Environment (13.0.7+5) (build 13.0.7+5-Ubuntu-0ubuntu120.04)
# Java VM: OpenJDK 64-Bit Server VM (13.0.7+5-Ubuntu-0ubuntu120.04, mixed mode, tiered, serial gc, linux-amd64)
Heap:
 def new generation   total 1748160K, used 0K [0x00007fd070600000, 0x00007fd0e6ed0000, 0x00007fd5c5b50000)
  eden space 1553984K,   0% used [0x00007fd070600000, 0x00007fd070600000, 0x00007fd0cf390000)
  from space 194176K,   0% used [0x00007fd0db130000, 0x00007fd0db130000, 0x00007fd0e6ed0000)
  to   space 194176K,   0% used [0x00007fd0cf390000, 0x00007fd0cf390000, 0x00007fd0db130000)
 tenured generation   total 3884780K, used 3759315K [0x00007fd5c5b50000, 0x00007fd6b2d0b000, 0x00007fe070600000)
   the space 3884780K,  96% used [0x00007fd5c5b50000, 0x00007fd6ab284fa8, 0x00007fd6ab285000, 0x00007fd6b2d0b000)
 Metaspace       used 24740K, capacity 25138K, committed 25344K, reserved 26624K
GC Heap History (20 events):
Event: 127790.447 GC heap after
{Heap after GC invocations=249358 (full 3):
 def new generation   total 1748160K, used 1582K [0x00007fd070600000, 0x00007fd0e6ed0000, 0x00007fd5c5b50000)
  eden space 1553984K,   0% used [0x00007fd070600000, 0x00007fd070600000, 0x00007fd0cf390000)
  from space 194176K,   0% used [0x00007fd0cf390000, 0x00007fd0cf51bb28, 0x00007fd0db130000)
  to   space 194176K,   0% used [0x00007fd0db130000, 0x00007fd0db130000, 0x00007fd0e6ed0000)
 tenured generation   total 3884588K, used 3883690K [0x00007fd5c5b50000, 0x00007fd6b2cdb000, 0x00007fe070600000)
   the space 3884588K,  99% used [0x00007fd5c5b50000, 0x00007fd6b2bfa878, 0x00007fd6b2bfaa00, 0x00007fd6b2cdb000)
 Metaspace       used 24740K, capacity 25138K, committed 25344K, reserved 26624K
}
Event: 127791.372 GC heap before
{Heap before GC invocations=249358 (full 3):
 def new generation   total 1748160K, used 1555566K [0x00007fd070600000, 0x00007fd0e6ed0000, 0x00007fd5c5b50000)
  eden space 1553984K, 100% used [0x00007fd070600000, 0x00007fd0cf390000, 0x00007fd0cf390000)
  from space 194176K,   0% used [0x00007fd0cf390000, 0x00007fd0cf51bb28, 0x00007fd0db130000)
  to   space 194176K,   0% used [0x00007fd0db130000, 0x00007fd0db130000, 0x00007fd0e6ed0000)
 tenured generation   total 3884588K, used 3883690K [0x00007fd5c5b50000, 0x00007fd6b2cdb000, 0x00007fe070600000)
   the space 3884588K,  99% used [0x00007fd5c5b50000, 0x00007fd6b2bfa878, 0x00007fd6b2bfaa00, 0x00007fd6b2cdb000)
 Metaspace       used 24740K, capacity 25138K, committed 25344K, reserved 26624K
}
Event: 127791.375 GC heap after
{Heap after GC invocations=249359 (full 3):
 def new generation   total 1748160K, used 1367K [0x00007fd070600000, 0x00007fd0e6ed0000, 0x00007fd5c5b50000)
  eden space 1553984K,   0% used [0x00007fd070600000, 0x00007fd070600000, 0x00007fd0cf390000)
  from space 194176K,   0% used [0x00007fd0db130000, 0x00007fd0db285f10, 0x00007fd0e6ed0000)
  to   space 194176K,   0% used [0x00007fd0cf390000, 0x00007fd0cf390000, 0x00007fd0db130000)
 tenured generation   total 3884588K, used 3883738K [0x00007fd5c5b50000, 0x00007fd6b2cdb000, 0x00007fe070600000)
   the space 3884588K,  99% used [0x00007fd5c5b50000, 0x00007fd6b2c068f0, 0x00007fd6b2c06a00, 0x00007fd6b2cdb000)
 Metaspace       used 24740K, capacity 25138K, committed 25344K, reserved 26624K
}
Event: 127792.301 GC heap before
{Heap before GC invocations=249359 (full 3):
 def new generation   total 1748160K, used 1555351K [0x00007fd070600000, 0x00007fd0e6ed0000, 0x00007fd5c5b50000)
  eden space 1553984K, 100% used [0x00007fd070600000, 0x00007fd0cf390000, 0x00007fd0cf390000)
  from space 194176K,   0% used [0x00007fd0db130000, 0x00007fd0db285f10, 0x00007fd0e6ed0000)
  to   space 194176K,   0% used [0x00007fd0cf390000, 0x00007fd0cf390000, 0x00007fd0db130000)
 tenured generation   total 3884588K, used 3883738K [0x00007fd5c5b50000, 0x00007fd6b2cdb000, 0x00007fe070600000)
   the space 3884588K,  99% used [0x00007fd5c5b50000, 0x00007fd6b2c068f0, 0x00007fd6b2c06a00, 0x00007fd6b2cdb000)
 Metaspace       used 24740K, capacity 25138K, committed 25344K, reserved 26624K
}
Event: 127792.306 GC heap after
{Heap after GC invocations=249360 (full 3):
 def new generation   total 1748160K, used 2585K [0x00007fd070600000, 0x00007fd0e6ed0000, 0x00007fd5c5b50000)
  eden space 1553984K,   0% used [0x00007fd070600000, 0x00007fd070600000, 0x00007fd0cf390000)
  from space 194176K,   1% used [0x00007fd0cf390000, 0x00007fd0cf6164c0, 0x00007fd0db130000)
  to   space 194176K,   0% used [0x00007fd0db130000, 0x00007fd0db130000, 0x00007fd0e6ed0000)
 tenured generation   total 3884588K, used 3883786K [0x00007fd5c5b50000, 0x00007fd6b2cdb000, 0x00007fe070600000)
   the space 3884588K,  99% used [0x00007fd5c5b50000, 0x00007fd6b2c12968, 0x00007fd6b2c12a00, 0x00007fd6b2cdb000)
 Metaspace       used 24740K, capacity 25138K, committed 25344K, reserved 26624K
}
Event: 127793.214 GC heap before
{Heap before GC invocations=249360 (full 3):
 def new generation   total 1748160K, used 1556569K [0x00007fd070600000, 0x00007fd0e6ed0000, 0x00007fd5c5b50000)
  eden space 1553984K, 100% used [0x00007fd070600000, 0x00007fd0cf390000, 0x00007fd0cf390000)
  from space 194176K,   1% used [0x00007fd0cf390000, 0x00007fd0cf6164c0, 0x00007fd0db130000)
  to   space 194176K,   0% used [0x00007fd0db130000, 0x00007fd0db130000, 0x00007fd0e6ed0000)
 tenured generation   total 3884588K, used 3883786K [0x00007fd5c5b50000, 0x00007fd6b2cdb000, 0x00007fe070600000)
   the space 3884588K,  99% used [0x00007fd5c5b50000, 0x00007fd6b2c12968, 0x00007fd6b2c12a00, 0x00007fd6b2cdb000)
 Metaspace       used 24740K, capacity 25138K, committed 25344K, reserved 26624K
}
Event: 127793.218 GC heap after
{Heap after GC invocations=249361 (full 3):
 def new generation   total 1748160K, used 1436K [0x00007fd070600000, 0x00007fd0e6ed0000, 0x00007fd5c5b50000)
  eden space 1553984K,   0% used [0x00007fd070600000, 0x00007fd070600000, 0x00007fd0cf390000)
  from space 194176K,   0% used [0x00007fd0db130000, 0x00007fd0db297358, 0x00007fd0e6ed0000)
  to   space 194176K,   0% used [0x00007fd0cf390000, 0x00007fd0cf390000, 0x00007fd0db130000)
 tenured generation   total 3884588K, used 3883786K [0x00007fd5c5b50000, 0x00007fd6b2cdb000, 0x00007fe070600000)
   the space 3884588K,  99% used [0x00007fd5c5b50000, 0x00007fd6b2c12968, 0x00007fd6b2c12a00, 0x00007fd6b2cdb000)
 Metaspace       used 24740K, capacity 25138K, committed 25344K, reserved 26624K
}
Event: 127794.134 GC heap before
{Heap before GC invocations=249361 (full 3):
 def new generation   total 1748160K, used 1555420K [0x00007fd070600000, 0x00007fd0e6ed0000, 0x00007fd5c5b50000)
  eden space 1553984K, 100% used [0x00007fd070600000, 0x00007fd0cf390000, 0x00007fd0cf390000)
  from space 194176K,   0% used [0x00007fd0db130000, 0x00007fd0db297358, 0x00007fd0e6ed0000)
  to   space 194176K,   0% used [0x00007fd0cf390000, 0x00007fd0cf390000, 0x00007fd0db130000)
 tenured generation   total 3884588K, used 3883786K [0x00007fd5c5b50000, 0x00007fd6b2cdb000, 0x00007fe070600000)
   the space 3884588K,  99% used [0x00007fd5c5b50000, 0x00007fd6b2c12968, 0x00007fd6b2c12a00, 0x00007fd6b2cdb000)
 Metaspace       used 24740K, capacity 25138K, committed 25344K, reserved 26624K
}
Event: 127794.139 GC heap after
{Heap after GC invocations=249362 (full 3):
 def new generation   total 1748160K, used 2134K [0x00007fd070600000, 0x00007fd0e6ed0000, 0x00007fd5c5b50000)
  eden space 1553984K,   0% used [0x00007fd070600000, 0x00007fd070600000, 0x00007fd0cf390000)
  from space 194176K,   1% used [0x00007fd0cf390000, 0x00007fd0cf5a5ad0, 0x00007fd0db130000)
  to   space 194176K,   0% used [0x00007fd0db130000, 0x00007fd0db130000, 0x00007fd0e6ed0000)
 tenured generation   total 3884588K, used 3883834K [0x00007fd5c5b50000, 0x00007fd6b2cdb000, 0x00007fe070600000)
   the space 3884588K,  99% used [0x00007fd5c5b50000, 0x00007fd6b2c1e9e0, 0x00007fd6b2c1ea00, 0x00007fd6b2cdb000)
 Metaspace       used 24740K, capacity 25138K, committed 25344K, reserved 26624K
}
Event: 127795.103 GC heap before
{Heap before GC invocations=249362 (full 3):
 def new generation   total 1748160K, used 1556118K [0x00007fd070600000, 0x00007fd0e6ed0000, 0x00007fd5c5b50000)
  eden space 1553984K, 100% used [0x00007fd070600000, 0x00007fd0cf390000, 0x00007fd0cf390000)
  from space 194176K,   1% used [0x00007fd0cf390000, 0x00007fd0cf5a5ad0, 0x00007fd0db130000)
  to   space 194176K,   0% used [0x00007fd0db130000, 0x00007fd0db130000, 0x00007fd0e6ed0000)
 tenured generation   total 3884588K, used 3883834K [0x00007fd5c5b50000, 0x00007fd6b2cdb000, 0x00007fe070600000)
   the space 3884588K,  99% used [0x00007fd5c5b50000, 0x00007fd6b2c1e9e0, 0x00007fd6b2c1ea00, 0x00007fd6b2cdb000)
 Metaspace       used 24740K, capacity 25138K, committed 25344K, reserved 26624K
}
Event: 127795.106 GC heap after
{Heap after GC invocations=249363 (full 3):
 def new generation   total 1748160K, used 1444K [0x00007fd070600000, 0x00007fd0e6ed0000, 0x00007fd5c5b50000)
  eden space 1553984K,   0% used [0x00007fd070600000, 0x00007fd070600000, 0x00007fd0cf390000)
  from space 194176K,   0% used [0x00007fd0db130000, 0x00007fd0db299350, 0x00007fd0e6ed0000)
  to   space 194176K,   0% used [0x00007fd0cf390000, 0x00007fd0cf390000, 0x00007fd0db130000)
 tenured generation   total 3884588K, used 3883834K [0x00007fd5c5b50000, 0x00007fd6b2cdb000, 0x00007fe070600000)
   the space 3884588K,  99% used [0x00007fd5c5b50000, 0x00007fd6b2c1e9e0, 0x00007fd6b2c1ea00, 0x00007fd6b2cdb000)
 Metaspace       used 24740K, capacity 25138K, committed 25344K, reserved 26624K
}
Event: 127796.010 GC heap before
{Heap before GC invocations=249363 (full 3):
 def new generation   total 1748160K, used 1555428K [0x00007fd070600000, 0x00007fd0e6ed0000, 0x00007fd5c5b50000)
  eden space 1553984K, 100% used [0x00007fd070600000, 0x00007fd0cf390000, 0x00007fd0cf390000)
  from space 194176K,   0% used [0x00007fd0db130000, 0x00007fd0db299350, 0x00007fd0e6ed0000)
  to   space 194176K,   0% used [0x00007fd0cf390000, 0x00007fd0cf390000, 0x00007fd0db130000)
 tenured generation   total 3884588K, used 3883834K [0x00007fd5c5b50000, 0x00007fd6b2cdb000, 0x00007fe070600000)
   the space 3884588K,  99% used [0x00007fd5c5b50000, 0x00007fd6b2c1e9e0, 0x00007fd6b2c1ea00, 0x00007fd6b2cdb000)
 Metaspace       used 24740K, capacity 25138K, committed 25344K, reserved 26624K
}
Event: 127796.014 GC heap after
{Heap after GC invocations=249364 (full 3):
 def new generation   total 1748160K, used 1706K [0x00007fd070600000, 0x00007fd0e6ed0000, 0x00007fd5c5b50000)
  eden space 1553984K,   0% used [0x00007fd070600000, 0x00007fd070600000, 0x00007fd0cf390000)
  from space 194176K,   0% used [0x00007fd0cf390000, 0x00007fd0cf53a958, 0x00007fd0db130000)
  to   space 194176K,   0% used [0x00007fd0db130000, 0x00007fd0db130000, 0x00007fd0e6ed0000)
 tenured generation   total 3884588K, used 3883882K [0x00007fd5c5b50000, 0x00007fd6b2cdb000, 0x00007fe070600000)
   the space 3884588K,  99% used [0x00007fd5c5b50000, 0x00007fd6b2c2aa58, 0x00007fd6b2c2ac00, 0x00007fd6b2cdb000)
 Metaspace       used 24740K, capacity 25138K, committed 25344K, reserved 26624K
}
Event: 127796.941 GC heap before
{Heap before GC invocations=249364 (full 3):
 def new generation   total 1748160K, used 1555690K [0x00007fd070600000, 0x00007fd0e6ed0000, 0x00007fd5c5b50000)
  eden space 1553984K, 100% used [0x00007fd070600000, 0x00007fd0cf390000, 0x00007fd0cf390000)
  from space 194176K,   0% used [0x00007fd0cf390000, 0x00007fd0cf53a958, 0x00007fd0db130000)
  to   space 194176K,   0% used [0x00007fd0db130000, 0x00007fd0db130000, 0x00007fd0e6ed0000)
 tenured generation   total 3884588K, used 3883882K [0x00007fd5c5b50000, 0x00007fd6b2cdb000, 0x00007fe070600000)
   the space 3884588K,  99% used [0x00007fd5c5b50000, 0x00007fd6b2c2aa58, 0x00007fd6b2c2ac00, 0x00007fd6b2cdb000)
 Metaspace       used 24740K, capacity 25138K, committed 25344K, reserved 26624K
}
Event: 127796.944 GC heap after
{Heap after GC invocations=249365 (full 3):
 def new generation   total 1748160K, used 1506K [0x00007fd070600000, 0x00007fd0e6ed0000, 0x00007fd5c5b50000)
  eden space 1553984K,   0% used [0x00007fd070600000, 0x00007fd070600000, 0x00007fd0cf390000)
  from space 194176K,   0% used [0x00007fd0db130000, 0x00007fd0db2a8950, 0x00007fd0e6ed0000)
  to   space 194176K,   0% used [0x00007fd0cf390000, 0x00007fd0cf390000, 0x00007fd0db130000)
 tenured generation   total 3884588K, used 3883882K [0x00007fd5c5b50000, 0x00007fd6b2cdb000, 0x00007fe070600000)
   the space 3884588K,  99% used [0x00007fd5c5b50000, 0x00007fd6b2c2aa58, 0x00007fd6b2c2ac00, 0x00007fd6b2cdb000)
 Metaspace       used 24740K, capacity 25138K, committed 25344K, reserved 26624K
}
Event: 127797.846 GC heap before
{Heap before GC invocations=249365 (full 3):
 def new generation   total 1748160K, used 1555490K [0x00007fd070600000, 0x00007fd0e6ed0000, 0x00007fd5c5b50000)
  eden space 1553984K, 100% used [0x00007fd070600000, 0x00007fd0cf390000, 0x00007fd0cf390000)
  from space 194176K,   0% used [0x00007fd0db130000, 0x00007fd0db2a8950, 0x00007fd0e6ed0000)
  to   space 194176K,   0% used [0x00007fd0cf390000, 0x00007fd0cf390000, 0x00007fd0db130000)
 tenured generation   total 3884588K, used 3883882K [0x00007fd5c5b50000, 0x00007fd6b2cdb000, 0x00007fe070600000)
   the space 3884588K,  99% used [0x00007fd5c5b50000, 0x00007fd6b2c2aa58, 0x00007fd6b2c2ac00, 0x00007fd6b2cdb000)
 Metaspace       used 24740K, capacity 25138K, committed 25344K, reserved 26624K
}
Event: 127797.851 GC heap after
{Heap after GC invocations=249366 (full 3):
 def new generation   total 1748160K, used 1578K [0x00007fd070600000, 0x00007fd0e6ed0000, 0x00007fd5c5b50000)
  eden space 1553984K,   0% used [0x00007fd070600000, 0x00007fd070600000, 0x00007fd0cf390000)
  from space 194176K,   0% used [0x00007fd0cf390000, 0x00007fd0cf51a970, 0x00007fd0db130000)
  to   space 194176K,   0% used [0x00007fd0db130000, 0x00007fd0db130000, 0x00007fd0e6ed0000)
 tenured generation   total 3884588K, used 3884189K [0x00007fd5c5b50000, 0x00007fd6b2cdb000, 0x00007fe070600000)
   the space 3884588K,  99% used [0x00007fd5c5b50000, 0x00007fd6b2c776a8, 0x00007fd6b2c77800, 0x00007fd6b2cdb000)
 Metaspace       used 24740K, capacity 25138K, committed 25344K, reserved 26624K
}
Event: 127798.774 GC heap before
{Heap before GC invocations=249366 (full 3):
 def new generation   total 1748160K, used 1555562K [0x00007fd070600000, 0x00007fd0e6ed0000, 0x00007fd5c5b50000)
  eden space 1553984K, 100% used [0x00007fd070600000, 0x00007fd0cf390000, 0x00007fd0cf390000)
  from space 194176K,   0% used [0x00007fd0cf390000, 0x00007fd0cf51a970, 0x00007fd0db130000)
  to   space 194176K,   0% used [0x00007fd0db130000, 0x00007fd0db130000, 0x00007fd0e6ed0000)
 tenured generation   total 3884588K, used 3884189K [0x00007fd5c5b50000, 0x00007fd6b2cdb000, 0x00007fe070600000)
   the space 3884588K,  99% used [0x00007fd5c5b50000, 0x00007fd6b2c776a8, 0x00007fd6b2c77800, 0x00007fd6b2cdb000)
 Metaspace       used 24740K, capacity 25138K, committed 25344K, reserved 26624K
}
Event: 127798.778 GC heap after
{Heap after GC invocations=249367 (full 3):
 def new generation   total 1748160K, used 805K [0x00007fd070600000, 0x00007fd0e6ed0000, 0x00007fd5c5b50000)
  eden space 1553984K,   0% used [0x00007fd070600000, 0x00007fd070600000, 0x00007fd0cf390000)
  from space 194176K,   0% used [0x00007fd0db130000, 0x00007fd0db1f9748, 0x00007fd0e6ed0000)
  to   space 194176K,   0% used [0x00007fd0cf390000, 0x00007fd0cf390000, 0x00007fd0db130000)
 tenured generation   total 3884780K, used 3884711K [0x00007fd5c5b50000, 0x00007fd6b2d0b000, 0x00007fe070600000)
   the space 3884780K,  99% used [0x00007fd5c5b50000, 0x00007fd6b2cf9fa8, 0x00007fd6b2cfa000, 0x00007fd6b2d0b000)
 Metaspace       used 24740K, capacity 25138K, committed 25344K, reserved 26624K
}
Event: 127798.778 GC heap before
{Heap before GC invocations=249367 (full 3):
 def new generation   total 1748160K, used 805K [0x00007fd070600000, 0x00007fd0e6ed0000, 0x00007fd5c5b50000)
  eden space 1553984K,   0% used [0x00007fd070600000, 0x00007fd070600000, 0x00007fd0cf390000)
  from space 194176K,   0% used [0x00007fd0db130000, 0x00007fd0db1f9748, 0x00007fd0e6ed0000)
  to   space 194176K,   0% used [0x00007fd0cf390000, 0x00007fd0cf390000, 0x00007fd0db130000)
 tenured generation   total 3884780K, used 3884711K [0x00007fd5c5b50000, 0x00007fd6b2d0b000, 0x00007fe070600000)
   the space 3884780K,  99% used [0x00007fd5c5b50000, 0x00007fd6b2cf9fa8, 0x00007fd6b2cfa000, 0x00007fd6b2d0b000)
 Metaspace       used 24740K, capacity 25138K, committed 25344K, reserved 26624K
}

