# JRE version: OpenJDK Runtime Environment (13.0.7+5) (build 13.0.7+5-Ubuntu-0ubuntu120.04)
# Java VM: OpenJDK 64-Bit Server VM (13.0.7+5-Ubuntu-0ubuntu120.04, mixed mode, tiered, serial gc, linux-amd64)
Heap:
 def new generation   total 2893632K, used 16435K [0x00007f4ed0600000, 0x00007f4f949c0000, 0x00007f5425b50000)
  eden space 2572160K,   0% used [0x00007f4ed0600000, 0x00007f4ed160cda0, 0x00007f4f6d5e0000)
  from space 321472K,   0% used [0x00007f4f80fd0000, 0x00007f4f80fd0000, 0x00007f4f949c0000)
  to   space 321472K,   0% used [0x00007f4f6d5e0000, 0x00007f4f6d5e0000, 0x00007f4f80fd0000)
 tenured generation   total 6431140K, used 6431140K [0x00007f5425b50000, 0x00007f55ae3b9000, 0x00007f5ed0600000)
   the space 6431140K, 100% used [0x00007f5425b50000, 0x00007f55ae3b9000, 0x00007f55ae3b9000, 0x00007f55ae3b9000)
 Metaspace       used 25057K, capacity 25494K, committed 25600K, reserved 26624K
GC Heap History (20 events):
Event: 17015.380 GC heap after
{Heap after GC invocations=16032 (full 4):
 def new generation   total 2893632K, used 16518K [0x00007f4ed0600000, 0x00007f4f949c0000, 0x00007f5425b50000)
  eden space 2572160K,   0% used [0x00007f4ed0600000, 0x00007f4ed0600000, 0x00007f4f6d5e0000)
  from space 321472K,   5% used [0x00007f4f6d5e0000, 0x00007f4f6e601978, 0x00007f4f80fd0000)
  to   space 321472K,   0% used [0x00007f4f80fd0000, 0x00007f4f80fd0000, 0x00007f4f949c0000)
 tenured generation   total 6430180K, used 6421113K [0x00007f5425b50000, 0x00007f55ae2c9000, 0x00007f5ed0600000)
   the space 6430180K,  99% used [0x00007f5425b50000, 0x00007f55ad9ee740, 0x00007f55ad9ee800, 0x00007f55ae2c9000)
 Metaspace       used 25057K, capacity 25494K, committed 25600K, reserved 26624K
}
Event: 17017.748 GC heap before
{Heap before GC invocations=16032 (full 4):
 def new generation   total 2893632K, used 2588678K [0x00007f4ed0600000, 0x00007f4f949c0000, 0x00007f5425b50000)
  eden space 2572160K, 100% used [0x00007f4ed0600000, 0x00007f4f6d5e0000, 0x00007f4f6d5e0000)
  from space 321472K,   5% used [0x00007f4f6d5e0000, 0x00007f4f6e601978, 0x00007f4f80fd0000)
  to   space 321472K,   0% used [0x00007f4f80fd0000, 0x00007f4f80fd0000, 0x00007f4f949c0000)
 tenured generation   total 6430180K, used 6421113K [0x00007f5425b50000, 0x00007f55ae2c9000, 0x00007f5ed0600000)
   the space 6430180K,  99% used [0x00007f5425b50000, 0x00007f55ad9ee740, 0x00007f55ad9ee800, 0x00007f55ae2c9000)
 Metaspace       used 25057K, capacity 25494K, committed 25600K, reserved 26624K
}
Event: 17017.792 GC heap after
{Heap after GC invocations=16033 (full 4):
 def new generation   total 2893632K, used 16459K [0x00007f4ed0600000, 0x00007f4f949c0000, 0x00007f5425b50000)
  eden space 2572160K,   0% used [0x00007f4ed0600000, 0x00007f4ed0600000, 0x00007f4f6d5e0000)
  from space 321472K,   5% used [0x00007f4f80fd0000, 0x00007f4f81fe2dc0, 0x00007f4f949c0000)
  to   space 321472K,   0% used [0x00007f4f6d5e0000, 0x00007f4f6d5e0000, 0x00007f4f80fd0000)
 tenured generation   total 6430180K, used 6422233K [0x00007f5425b50000, 0x00007f55ae2c9000, 0x00007f5ed0600000)
   the space 6430180K,  99% used [0x00007f5425b50000, 0x00007f55adb06498, 0x00007f55adb06600, 0x00007f55ae2c9000)
 Metaspace       used 25057K, capacity 25494K, committed 25600K, reserved 26624K
}
Event: 17020.120 GC heap before
{Heap before GC invocations=16033 (full 4):
 def new generation   total 2893632K, used 2588619K [0x00007f4ed0600000, 0x00007f4f949c0000, 0x00007f5425b50000)
  eden space 2572160K, 100% used [0x00007f4ed0600000, 0x00007f4f6d5e0000, 0x00007f4f6d5e0000)
  from space 321472K,   5% used [0x00007f4f80fd0000, 0x00007f4f81fe2dc0, 0x00007f4f949c0000)
  to   space 321472K,   0% used [0x00007f4f6d5e0000, 0x00007f4f6d5e0000, 0x00007f4f80fd0000)
 tenured generation   total 6430180K, used 6422233K [0x00007f5425b50000, 0x00007f55ae2c9000, 0x00007f5ed0600000)
   the space 6430180K,  99% used [0x00007f5425b50000, 0x00007f55adb06498, 0x00007f55adb06600, 0x00007f55ae2c9000)
 Metaspace       used 25057K, capacity 25494K, committed 25600K, reserved 26624K
}
Event: 17020.166 GC heap after
{Heap after GC invocations=16034 (full 4):
 def new generation   total 2893632K, used 16475K [0x00007f4ed0600000, 0x00007f4f949c0000, 0x00007f5425b50000)
  eden space 2572160K,   0% used [0x00007f4ed0600000, 0x00007f4ed0600000, 0x00007f4f6d5e0000)
  from space 321472K,   5% used [0x00007f4f6d5e0000, 0x00007f4f6e5f6d70, 0x00007f4f80fd0000)
  to   space 321472K,   0% used [0x00007f4f80fd0000, 0x00007f4f80fd0000, 0x00007f4f949c0000)
 tenured generation   total 6430180K, used 6423332K [0x00007f5425b50000, 0x00007f55ae2c9000, 0x00007f5ed0600000)
   the space 6430180K,  99% used [0x00007f5425b50000, 0x00007f55adc19088, 0x00007f55adc19200, 0x00007f55ae2c9000)
 Metaspace       used 25057K, capacity 25494K, committed 25600K, reserved 26624K
}
Event: 17022.499 GC heap before
{Heap before GC invocations=16034 (full 4):
 def new generation   total 2893632K, used 2588635K [0x00007f4ed0600000, 0x00007f4f949c0000, 0x00007f5425b50000)
  eden space 2572160K, 100% used [0x00007f4ed0600000, 0x00007f4f6d5e0000, 0x00007f4f6d5e0000)
  from space 321472K,   5% used [0x00007f4f6d5e0000, 0x00007f4f6e5f6d70, 0x00007f4f80fd0000)
  to   space 321472K,   0% used [0x00007f4f80fd0000, 0x00007f4f80fd0000, 0x00007f4f949c0000)
 tenured generation   total 6430180K, used 6423332K [0x00007f5425b50000, 0x00007f55ae2c9000, 0x00007f5ed0600000)
   the space 6430180K,  99% used [0x00007f5425b50000, 0x00007f55adc19088, 0x00007f55adc19200, 0x00007f55ae2c9000)
 Metaspace       used 25057K, capacity 25494K, committed 25600K, reserved 26624K
}
Event: 17022.539 GC heap after
{Heap after GC invocations=16035 (full 4):
 def new generation   total 2893632K, used 16475K [0x00007f4ed0600000, 0x00007f4f949c0000, 0x00007f5425b50000)
  eden space 2572160K,   0% used [0x00007f4ed0600000, 0x00007f4ed0600000, 0x00007f4f6d5e0000)
  from space 321472K,   5% used [0x00007f4f80fd0000, 0x00007f4f81fe6c60, 0x00007f4f949c0000)
  to   space 321472K,   0% used [0x00007f4f6d5e0000, 0x00007f4f6d5e0000, 0x00007f4f80fd0000)
 tenured generation   total 6430180K, used 6424451K [0x00007f5425b50000, 0x00007f55ae2c9000, 0x00007f5ed0600000)
   the space 6430180K,  99% used [0x00007f5425b50000, 0x00007f55add30de0, 0x00007f55add30e00, 0x00007f55ae2c9000)
 Metaspace       used 25057K, capacity 25494K, committed 25600K, reserved 26624K
}
Event: 17024.909 GC heap before
{Heap before GC invocations=16035 (full 4):
 def new generation   total 2893632K, used 2588635K [0x00007f4ed0600000, 0x00007f4f949c0000, 0x00007f5425b50000)
  eden space 2572160K, 100% used [0x00007f4ed0600000, 0x00007f4f6d5e0000, 0x00007f4f6d5e0000)
  from space 321472K,   5% used [0x00007f4f80fd0000, 0x00007f4f81fe6c60, 0x00007f4f949c0000)
  to   space 321472K,   0% used [0x00007f4f6d5e0000, 0x00007f4f6d5e0000, 0x00007f4f80fd0000)
 tenured generation   total 6430180K, used 6424451K [0x00007f5425b50000, 0x00007f55ae2c9000, 0x00007f5ed0600000)
   the space 6430180K,  99% used [0x00007f5425b50000, 0x00007f55add30de0, 0x00007f55add30e00, 0x00007f55ae2c9000)
 Metaspace       used 25057K, capacity 25494K, committed 25600K, reserved 26624K
}
Event: 17024.948 GC heap after
{Heap after GC invocations=16036 (full 4):
 def new generation   total 2893632K, used 16463K [0x00007f4ed0600000, 0x00007f4f949c0000, 0x00007f5425b50000)
  eden space 2572160K,   0% used [0x00007f4ed0600000, 0x00007f4ed0600000, 0x00007f4f6d5e0000)
  from space 321472K,   5% used [0x00007f4f6d5e0000, 0x00007f4f6e5f3c90, 0x00007f4f80fd0000)
  to   space 321472K,   0% used [0x00007f4f80fd0000, 0x00007f4f80fd0000, 0x00007f4f949c0000)
 tenured generation   total 6430180K, used 6425575K [0x00007f5425b50000, 0x00007f55ae2c9000, 0x00007f5ed0600000)
   the space 6430180K,  99% used [0x00007f5425b50000, 0x00007f55ade49c78, 0x00007f55ade49e00, 0x00007f55ae2c9000)
 Metaspace       used 25057K, capacity 25494K, committed 25600K, reserved 26624K
}
Event: 17027.281 GC heap before
{Heap before GC invocations=16036 (full 4):
 def new generation   total 2893632K, used 2588623K [0x00007f4ed0600000, 0x00007f4f949c0000, 0x00007f5425b50000)
  eden space 2572160K, 100% used [0x00007f4ed0600000, 0x00007f4f6d5e0000, 0x00007f4f6d5e0000)
  from space 321472K,   5% used [0x00007f4f6d5e0000, 0x00007f4f6e5f3c90, 0x00007f4f80fd0000)
  to   space 321472K,   0% used [0x00007f4f80fd0000, 0x00007f4f80fd0000, 0x00007f4f949c0000)
 tenured generation   total 6430180K, used 6425575K [0x00007f5425b50000, 0x00007f55ae2c9000, 0x00007f5ed0600000)
   the space 6430180K,  99% used [0x00007f5425b50000, 0x00007f55ade49c78, 0x00007f55ade49e00, 0x00007f55ae2c9000)
 Metaspace       used 25057K, capacity 25494K, committed 25600K, reserved 26624K
}
Event: 17027.331 GC heap after
{Heap after GC invocations=16037 (full 4):
 def new generation   total 2893632K, used 16459K [0x00007f4ed0600000, 0x00007f4f949c0000, 0x00007f5425b50000)
  eden space 2572160K,   0% used [0x00007f4ed0600000, 0x00007f4ed0600000, 0x00007f4f6d5e0000)
  from space 321472K,   5% used [0x00007f4f80fd0000, 0x00007f4f81fe2f58, 0x00007f4f949c0000)
  to   space 321472K,   0% used [0x00007f4f6d5e0000, 0x00007f4f6d5e0000, 0x00007f4f80fd0000)
 tenured generation   total 6430180K, used 6426674K [0x00007f5425b50000, 0x00007f55ae2c9000, 0x00007f5ed0600000)
   the space 6430180K,  99% used [0x00007f5425b50000, 0x00007f55adf5c868, 0x00007f55adf5ca00, 0x00007f55ae2c9000)
 Metaspace       used 25057K, capacity 25494K, committed 25600K, reserved 26624K
}
Event: 17029.652 GC heap before
{Heap before GC invocations=16037 (full 4):
 def new generation   total 2893632K, used 2588619K [0x00007f4ed0600000, 0x00007f4f949c0000, 0x00007f5425b50000)
  eden space 2572160K, 100% used [0x00007f4ed0600000, 0x00007f4f6d5e0000, 0x00007f4f6d5e0000)
  from space 321472K,   5% used [0x00007f4f80fd0000, 0x00007f4f81fe2f58, 0x00007f4f949c0000)
  to   space 321472K,   0% used [0x00007f4f6d5e0000, 0x00007f4f6d5e0000, 0x00007f4f80fd0000)
 tenured generation   total 6430180K, used 6426674K [0x00007f5425b50000, 0x00007f55ae2c9000, 0x00007f5ed0600000)
   the space 6430180K,  99% used [0x00007f5425b50000, 0x00007f55adf5c868, 0x00007f55adf5ca00, 0x00007f55ae2c9000)
 Metaspace       used 25057K, capacity 25494K, committed 25600K, reserved 26624K
}
Event: 17029.690 GC heap after
{Heap after GC invocations=16038 (full 4):
 def new generation   total 2893632K, used 16598K [0x00007f4ed0600000, 0x00007f4f949c0000, 0x00007f5425b50000)
  eden space 2572160K,   0% used [0x00007f4ed0600000, 0x00007f4ed0600000, 0x00007f4f6d5e0000)
  from space 321472K,   5% used [0x00007f4f6d5e0000, 0x00007f4f6e615a28, 0x00007f4f80fd0000)
  to   space 321472K,   0% used [0x00007f4f80fd0000, 0x00007f4f80fd0000, 0x00007f4f949c0000)
 tenured generation   total 6430180K, used 6427650K [0x00007f5425b50000, 0x00007f55ae2c9000, 0x00007f5ed0600000)
   the space 6430180K,  99% used [0x00007f5425b50000, 0x00007f55ae050b08, 0x00007f55ae050c00, 0x00007f55ae2c9000)
 Metaspace       used 25057K, capacity 25494K, committed 25600K, reserved 26624K
}
Event: 17032.032 GC heap before
{Heap before GC invocations=16038 (full 4):
 def new generation   total 2893632K, used 2588758K [0x00007f4ed0600000, 0x00007f4f949c0000, 0x00007f5425b50000)
  eden space 2572160K, 100% used [0x00007f4ed0600000, 0x00007f4f6d5e0000, 0x00007f4f6d5e0000)
  from space 321472K,   5% used [0x00007f4f6d5e0000, 0x00007f4f6e615a28, 0x00007f4f80fd0000)
  to   space 321472K,   0% used [0x00007f4f80fd0000, 0x00007f4f80fd0000, 0x00007f4f949c0000)
 tenured generation   total 6430180K, used 6427650K [0x00007f5425b50000, 0x00007f55ae2c9000, 0x00007f5ed0600000)
   the space 6430180K,  99% used [0x00007f5425b50000, 0x00007f55ae050b08, 0x00007f55ae050c00, 0x00007f55ae2c9000)
 Metaspace       used 25057K, capacity 25494K, committed 25600K, reserved 26624K
}
Event: 17032.074 GC heap after
{Heap after GC invocations=16039 (full 4):
 def new generation   total 2893632K, used 16607K [0x00007f4ed0600000, 0x00007f4f949c0000, 0x00007f5425b50000)
  eden space 2572160K,   0% used [0x00007f4ed0600000, 0x00007f4ed0600000, 0x00007f4f6d5e0000)
  from space 321472K,   5% used [0x00007f4f80fd0000, 0x00007f4f82007fc8, 0x00007f4f949c0000)
  to   space 321472K,   0% used [0x00007f4f6d5e0000, 0x00007f4f6d5e0000, 0x00007f4f80fd0000)
 tenured generation   total 6430180K, used 6428749K [0x00007f5425b50000, 0x00007f55ae2c9000, 0x00007f5ed0600000)
   the space 6430180K,  99% used [0x00007f5425b50000, 0x00007f55ae1636f8, 0x00007f55ae163800, 0x00007f55ae2c9000)
 Metaspace       used 25057K, capacity 25494K, committed 25600K, reserved 26624K
}
Event: 17034.480 GC heap before
{Heap before GC invocations=16039 (full 4):
 def new generation   total 2893632K, used 2588767K [0x00007f4ed0600000, 0x00007f4f949c0000, 0x00007f5425b50000)
  eden space 2572160K, 100% used [0x00007f4ed0600000, 0x00007f4f6d5e0000, 0x00007f4f6d5e0000)
  from space 321472K,   5% used [0x00007f4f80fd0000, 0x00007f4f82007fc8, 0x00007f4f949c0000)
  to   space 321472K,   0% used [0x00007f4f6d5e0000, 0x00007f4f6d5e0000, 0x00007f4f80fd0000)
 tenured generation   total 6430180K, used 6428749K [0x00007f5425b50000, 0x00007f55ae2c9000, 0x00007f5ed0600000)
   the space 6430180K,  99% used [0x00007f5425b50000, 0x00007f55ae1636f8, 0x00007f55ae163800, 0x00007f55ae2c9000)
 Metaspace       used 25057K, capacity 25494K, committed 25600K, reserved 26624K
}
Event: 17034.523 GC heap after
{Heap after GC invocations=16040 (full 4):
 def new generation   total 2893632K, used 16596K [0x00007f4ed0600000, 0x00007f4f949c0000, 0x00007f5425b50000)
  eden space 2572160K,   0% used [0x00007f4ed0600000, 0x00007f4ed0600000, 0x00007f4f6d5e0000)
  from space 321472K,   5% used [0x00007f4f6d5e0000, 0x00007f4f6e615028, 0x00007f4f80fd0000)
  to   space 321472K,   0% used [0x00007f4f80fd0000, 0x00007f4f80fd0000, 0x00007f4f949c0000)
 tenured generation   total 6430180K, used 6429869K [0x00007f5425b50000, 0x00007f55ae2c9000, 0x00007f5ed0600000)
   the space 6430180K,  99% used [0x00007f5425b50000, 0x00007f55ae27b450, 0x00007f55ae27b600, 0x00007f55ae2c9000)
 Metaspace       used 25057K, capacity 25494K, committed 25600K, reserved 26624K
}
Event: 17036.858 GC heap before
{Heap before GC invocations=16040 (full 4):
 def new generation   total 2893632K, used 2588756K [0x00007f4ed0600000, 0x00007f4f949c0000, 0x00007f5425b50000)
  eden space 2572160K, 100% used [0x00007f4ed0600000, 0x00007f4f6d5e0000, 0x00007f4f6d5e0000)
  from space 321472K,   5% used [0x00007f4f6d5e0000, 0x00007f4f6e615028, 0x00007f4f80fd0000)
  to   space 321472K,   0% used [0x00007f4f80fd0000, 0x00007f4f80fd0000, 0x00007f4f949c0000)
 tenured generation   total 6430180K, used 6429869K [0x00007f5425b50000, 0x00007f55ae2c9000, 0x00007f5ed0600000)
   the space 6430180K,  99% used [0x00007f5425b50000, 0x00007f55ae27b450, 0x00007f55ae27b600, 0x00007f55ae2c9000)
 Metaspace       used 25057K, capacity 25494K, committed 25600K, reserved 26624K
}
Event: 17036.898 GC heap after
{Heap after GC invocations=16041 (full 4):
 def new generation   total 2893632K, used 16586K [0x00007f4ed0600000, 0x00007f4f949c0000, 0x00007f5425b50000)
  eden space 2572160K,   0% used [0x00007f4ed0600000, 0x00007f4ed0600000, 0x00007f4f6d5e0000)
  from space 321472K,   5% used [0x00007f4f80fd0000, 0x00007f4f82002bf8, 0x00007f4f949c0000)
  to   space 321472K,   0% used [0x00007f4f6d5e0000, 0x00007f4f6d5e0000, 0x00007f4f80fd0000)
 tenured generation   total 6431140K, used 6430988K [0x00007f5425b50000, 0x00007f55ae3b9000, 0x00007f5ed0600000)
   the space 6431140K,  99% used [0x00007f5425b50000, 0x00007f55ae3931a8, 0x00007f55ae393200, 0x00007f55ae3b9000)
 Metaspace       used 25057K, capacity 25494K, committed 25600K, reserved 26624K
}
Event: 17036.898 GC heap before
{Heap before GC invocations=16041 (full 4):
 def new generation   total 2893632K, used 16586K [0x00007f4ed0600000, 0x00007f4f949c0000, 0x00007f5425b50000)
  eden space 2572160K,   0% used [0x00007f4ed0600000, 0x00007f4ed0600000, 0x00007f4f6d5e0000)
  from space 321472K,   5% used [0x00007f4f80fd0000, 0x00007f4f82002bf8, 0x00007f4f949c0000)
  to   space 321472K,   0% used [0x00007f4f6d5e0000, 0x00007f4f6d5e0000, 0x00007f4f80fd0000)
 tenured generation   total 6431140K, used 6430988K [0x00007f5425b50000, 0x00007f55ae3b9000, 0x00007f5ed0600000)
   the space 6431140K,  99% used [0x00007f5425b50000, 0x00007f55ae3931a8, 0x00007f55ae393200, 0x00007f55ae3b9000)
 Metaspace       used 25057K, capacity 25494K, committed 25600K, reserved 26624K
}

