# JRE version: OpenJDK Runtime Environment (13.0.7+5) (build 13.0.7+5-Ubuntu-0ubuntu120.04)
# Java VM: OpenJDK 64-Bit Server VM (13.0.7+5-Ubuntu-0ubuntu120.04, mixed mode, tiered, serial gc, linux-amd64)
Heap:
 def new generation   total 2874432K, used 9437K [0x00007fbc08600000, 0x00007fbccb4f0000, 0x00007fc15db50000)
  eden space 2555072K,   0% used [0x00007fbc08600000, 0x00007fbc08f37618, 0x00007fbca4530000)
  from space 319360K,   0% used [0x00007fbcb7d10000, 0x00007fbcb7d10000, 0x00007fbccb4f0000)
  to   space 319360K,   0% used [0x00007fbca4530000, 0x00007fbca4530000, 0x00007fbcb7d10000)
 tenured generation   total 6388060K, used 6388059K [0x00007fc15db50000, 0x00007fc2e39a7000, 0x00007fcc08600000)
   the space 6388060K,  99% used [0x00007fc15db50000, 0x00007fc2e39a6fb8, 0x00007fc2e39a7000, 0x00007fc2e39a7000)
 Metaspace       used 25090K, capacity 25551K, committed 25600K, reserved 26624K
GC Heap History (20 events):
Event: 38475.999 GC heap after
{Heap after GC invocations=36925 (full 4):
 def new generation   total 2874432K, used 9707K [0x00007fbc08600000, 0x00007fbccb4f0000, 0x00007fc15db50000)
  eden space 2555072K,   0% used [0x00007fbc08600000, 0x00007fbc08600000, 0x00007fbca4530000)
  from space 319360K,   3% used [0x00007fbca4530000, 0x00007fbca4eaad18, 0x00007fbcb7d10000)
  to   space 319360K,   0% used [0x00007fbcb7d10000, 0x00007fbcb7d10000, 0x00007fbccb4f0000)
 tenured generation   total 6387484K, used 6382139K [0x00007fc15db50000, 0x00007fc2e3917000, 0x00007fcc08600000)
   the space 6387484K,  99% used [0x00007fc15db50000, 0x00007fc2e33dee30, 0x00007fc2e33df000, 0x00007fc2e3917000)
 Metaspace       used 25090K, capacity 25551K, committed 25600K, reserved 26624K
}
Event: 38478.520 GC heap before
{Heap before GC invocations=36925 (full 4):
 def new generation   total 2874432K, used 2564779K [0x00007fbc08600000, 0x00007fbccb4f0000, 0x00007fc15db50000)
  eden space 2555072K, 100% used [0x00007fbc08600000, 0x00007fbca4530000, 0x00007fbca4530000)
  from space 319360K,   3% used [0x00007fbca4530000, 0x00007fbca4eaad18, 0x00007fbcb7d10000)
  to   space 319360K,   0% used [0x00007fbcb7d10000, 0x00007fbcb7d10000, 0x00007fbccb4f0000)
 tenured generation   total 6387484K, used 6382139K [0x00007fc15db50000, 0x00007fc2e3917000, 0x00007fcc08600000)
   the space 6387484K,  99% used [0x00007fc15db50000, 0x00007fc2e33dee30, 0x00007fc2e33df000, 0x00007fc2e3917000)
 Metaspace       used 25090K, capacity 25551K, committed 25600K, reserved 26624K
}
Event: 38478.546 GC heap after
{Heap after GC invocations=36926 (full 4):
 def new generation   total 2874432K, used 9691K [0x00007fbc08600000, 0x00007fbccb4f0000, 0x00007fc15db50000)
  eden space 2555072K,   0% used [0x00007fbc08600000, 0x00007fbc08600000, 0x00007fbca4530000)
  from space 319360K,   3% used [0x00007fbcb7d10000, 0x00007fbcb8686d20, 0x00007fbccb4f0000)
  to   space 319360K,   0% used [0x00007fbca4530000, 0x00007fbca4530000, 0x00007fbcb7d10000)
 tenured generation   total 6387484K, used 6382780K [0x00007fc15db50000, 0x00007fc2e3917000, 0x00007fcc08600000)
   the space 6387484K,  99% used [0x00007fc15db50000, 0x00007fc2e347f370, 0x00007fc2e347f400, 0x00007fc2e3917000)
 Metaspace       used 25090K, capacity 25551K, committed 25600K, reserved 26624K
}
Event: 38480.933 GC heap before
{Heap before GC invocations=36926 (full 4):
 def new generation   total 2874432K, used 2564763K [0x00007fbc08600000, 0x00007fbccb4f0000, 0x00007fc15db50000)
  eden space 2555072K, 100% used [0x00007fbc08600000, 0x00007fbca4530000, 0x00007fbca4530000)
  from space 319360K,   3% used [0x00007fbcb7d10000, 0x00007fbcb8686d20, 0x00007fbccb4f0000)
  to   space 319360K,   0% used [0x00007fbca4530000, 0x00007fbca4530000, 0x00007fbcb7d10000)
 tenured generation   total 6387484K, used 6382780K [0x00007fc15db50000, 0x00007fc2e3917000, 0x00007fcc08600000)
   the space 6387484K,  99% used [0x00007fc15db50000, 0x00007fc2e347f370, 0x00007fc2e347f400, 0x00007fc2e3917000)
 Metaspace       used 25090K, capacity 25551K, committed 25600K, reserved 26624K
}
Event: 38480.962 GC heap after
{Heap after GC invocations=36927 (full 4):
 def new generation   total 2874432K, used 9704K [0x00007fbc08600000, 0x00007fbccb4f0000, 0x00007fc15db50000)
  eden space 2555072K,   0% used [0x00007fbc08600000, 0x00007fbc08600000, 0x00007fbca4530000)
  from space 319360K,   3% used [0x00007fbca4530000, 0x00007fbca4eaa0f8, 0x00007fbcb7d10000)
  to   space 319360K,   0% used [0x00007fbcb7d10000, 0x00007fbcb7d10000, 0x00007fbccb4f0000)
 tenured generation   total 6387484K, used 6383401K [0x00007fc15db50000, 0x00007fc2e3917000, 0x00007fcc08600000)
   the space 6387484K,  99% used [0x00007fc15db50000, 0x00007fc2e351a5f0, 0x00007fc2e351a600, 0x00007fc2e3917000)
 Metaspace       used 25090K, capacity 25551K, committed 25600K, reserved 26624K
}
Event: 38483.361 GC heap before
{Heap before GC invocations=36927 (full 4):
 def new generation   total 2874432K, used 2564776K [0x00007fbc08600000, 0x00007fbccb4f0000, 0x00007fc15db50000)
  eden space 2555072K, 100% used [0x00007fbc08600000, 0x00007fbca4530000, 0x00007fbca4530000)
  from space 319360K,   3% used [0x00007fbca4530000, 0x00007fbca4eaa0f8, 0x00007fbcb7d10000)
  to   space 319360K,   0% used [0x00007fbcb7d10000, 0x00007fbcb7d10000, 0x00007fbccb4f0000)
 tenured generation   total 6387484K, used 6383401K [0x00007fc15db50000, 0x00007fc2e3917000, 0x00007fcc08600000)
   the space 6387484K,  99% used [0x00007fc15db50000, 0x00007fc2e351a5f0, 0x00007fc2e351a600, 0x00007fc2e3917000)
 Metaspace       used 25090K, capacity 25551K, committed 25600K, reserved 26624K
}
Event: 38483.392 GC heap after
{Heap after GC invocations=36928 (full 4):
 def new generation   total 2874432K, used 9748K [0x00007fbc08600000, 0x00007fbccb4f0000, 0x00007fc15db50000)
  eden space 2555072K,   0% used [0x00007fbc08600000, 0x00007fbc08600000, 0x00007fbca4530000)
  from space 319360K,   3% used [0x00007fbcb7d10000, 0x00007fbcb86952b8, 0x00007fbccb4f0000)
  to   space 319360K,   0% used [0x00007fbca4530000, 0x00007fbca4530000, 0x00007fbcb7d10000)
 tenured generation   total 6387484K, used 6384042K [0x00007fc15db50000, 0x00007fc2e3917000, 0x00007fcc08600000)
   the space 6387484K,  99% used [0x00007fc15db50000, 0x00007fc2e35bab30, 0x00007fc2e35bac00, 0x00007fc2e3917000)
 Metaspace       used 25090K, capacity 25551K, committed 25600K, reserved 26624K
}
Event: 38485.806 GC heap before
{Heap before GC invocations=36928 (full 4):
 def new generation   total 2874432K, used 2564820K [0x00007fbc08600000, 0x00007fbccb4f0000, 0x00007fc15db50000)
  eden space 2555072K, 100% used [0x00007fbc08600000, 0x00007fbca4530000, 0x00007fbca4530000)
  from space 319360K,   3% used [0x00007fbcb7d10000, 0x00007fbcb86952b8, 0x00007fbccb4f0000)
  to   space 319360K,   0% used [0x00007fbca4530000, 0x00007fbca4530000, 0x00007fbcb7d10000)
 tenured generation   total 6387484K, used 6384042K [0x00007fc15db50000, 0x00007fc2e3917000, 0x00007fcc08600000)
   the space 6387484K,  99% used [0x00007fc15db50000, 0x00007fc2e35bab30, 0x00007fc2e35bac00, 0x00007fc2e3917000)
 Metaspace       used 25090K, capacity 25551K, committed 25600K, reserved 26624K
}
Event: 38485.835 GC heap after
{Heap after GC invocations=36929 (full 4):
 def new generation   total 2874432K, used 9735K [0x00007fbc08600000, 0x00007fbccb4f0000, 0x00007fc15db50000)
  eden space 2555072K,   0% used [0x00007fbc08600000, 0x00007fbc08600000, 0x00007fbca4530000)
  from space 319360K,   3% used [0x00007fbca4530000, 0x00007fbca4eb1fd8, 0x00007fbcb7d10000)
  to   space 319360K,   0% used [0x00007fbcb7d10000, 0x00007fbcb7d10000, 0x00007fbccb4f0000)
 tenured generation   total 6387484K, used 6384684K [0x00007fc15db50000, 0x00007fc2e3917000, 0x00007fcc08600000)
   the space 6387484K,  99% used [0x00007fc15db50000, 0x00007fc2e365b070, 0x00007fc2e365b200, 0x00007fc2e3917000)
 Metaspace       used 25090K, capacity 25551K, committed 25600K, reserved 26624K
}
Event: 38488.220 GC heap before
{Heap before GC invocations=36929 (full 4):
 def new generation   total 2874432K, used 2564807K [0x00007fbc08600000, 0x00007fbccb4f0000, 0x00007fc15db50000)
  eden space 2555072K, 100% used [0x00007fbc08600000, 0x00007fbca4530000, 0x00007fbca4530000)
  from space 319360K,   3% used [0x00007fbca4530000, 0x00007fbca4eb1fd8, 0x00007fbcb7d10000)
  to   space 319360K,   0% used [0x00007fbcb7d10000, 0x00007fbcb7d10000, 0x00007fbccb4f0000)
 tenured generation   total 6387484K, used 6384684K [0x00007fc15db50000, 0x00007fc2e3917000, 0x00007fcc08600000)
   the space 6387484K,  99% used [0x00007fc15db50000, 0x00007fc2e365b070, 0x00007fc2e365b200, 0x00007fc2e3917000)
 Metaspace       used 25090K, capacity 25551K, committed 25600K, reserved 26624K
}
Event: 38488.244 GC heap after
{Heap after GC invocations=36930 (full 4):
 def new generation   total 2874432K, used 9722K [0x00007fbc08600000, 0x00007fbccb4f0000, 0x00007fc15db50000)
  eden space 2555072K,   0% used [0x00007fbc08600000, 0x00007fbc08600000, 0x00007fbca4530000)
  from space 319360K,   3% used [0x00007fbcb7d10000, 0x00007fbcb868e8d8, 0x00007fbccb4f0000)
  to   space 319360K,   0% used [0x00007fbca4530000, 0x00007fbca4530000, 0x00007fbcb7d10000)
 tenured generation   total 6387484K, used 6385325K [0x00007fc15db50000, 0x00007fc2e3917000, 0x00007fcc08600000)
   the space 6387484K,  99% used [0x00007fc15db50000, 0x00007fc2e36fb5b0, 0x00007fc2e36fb600, 0x00007fc2e3917000)
 Metaspace       used 25090K, capacity 25551K, committed 25600K, reserved 26624K
}
Event: 38490.703 GC heap before
{Heap before GC invocations=36930 (full 4):
 def new generation   total 2874432K, used 2564794K [0x00007fbc08600000, 0x00007fbccb4f0000, 0x00007fc15db50000)
  eden space 2555072K, 100% used [0x00007fbc08600000, 0x00007fbca4530000, 0x00007fbca4530000)
  from space 319360K,   3% used [0x00007fbcb7d10000, 0x00007fbcb868e8d8, 0x00007fbccb4f0000)
  to   space 319360K,   0% used [0x00007fbca4530000, 0x00007fbca4530000, 0x00007fbcb7d10000)
 tenured generation   total 6387484K, used 6385325K [0x00007fc15db50000, 0x00007fc2e3917000, 0x00007fcc08600000)
   the space 6387484K,  99% used [0x00007fc15db50000, 0x00007fc2e36fb5b0, 0x00007fc2e36fb600, 0x00007fc2e3917000)
 Metaspace       used 25090K, capacity 25551K, committed 25600K, reserved 26624K
}
Event: 38490.731 GC heap after
{Heap after GC invocations=36931 (full 4):
 def new generation   total 2874432K, used 9703K [0x00007fbc08600000, 0x00007fbccb4f0000, 0x00007fc15db50000)
  eden space 2555072K,   0% used [0x00007fbc08600000, 0x00007fbc08600000, 0x00007fbca4530000)
  from space 319360K,   3% used [0x00007fbca4530000, 0x00007fbca4ea9f98, 0x00007fbcb7d10000)
  to   space 319360K,   0% used [0x00007fbcb7d10000, 0x00007fbcb7d10000, 0x00007fbccb4f0000)
 tenured generation   total 6387484K, used 6385971K [0x00007fc15db50000, 0x00007fc2e3917000, 0x00007fcc08600000)
   the space 6387484K,  99% used [0x00007fc15db50000, 0x00007fc2e379cc30, 0x00007fc2e379ce00, 0x00007fc2e3917000)
 Metaspace       used 25090K, capacity 25551K, committed 25600K, reserved 26624K
}
Event: 38493.070 GC heap before
{Heap before GC invocations=36931 (full 4):
 def new generation   total 2874432K, used 2564775K [0x00007fbc08600000, 0x00007fbccb4f0000, 0x00007fc15db50000)
  eden space 2555072K, 100% used [0x00007fbc08600000, 0x00007fbca4530000, 0x00007fbca4530000)
  from space 319360K,   3% used [0x00007fbca4530000, 0x00007fbca4ea9f98, 0x00007fbcb7d10000)
  to   space 319360K,   0% used [0x00007fbcb7d10000, 0x00007fbcb7d10000, 0x00007fbccb4f0000)
 tenured generation   total 6387484K, used 6385971K [0x00007fc15db50000, 0x00007fc2e3917000, 0x00007fcc08600000)
   the space 6387484K,  99% used [0x00007fc15db50000, 0x00007fc2e379cc30, 0x00007fc2e379ce00, 0x00007fc2e3917000)
 Metaspace       used 25090K, capacity 25551K, committed 25600K, reserved 26624K
}
Event: 38493.094 GC heap after
{Heap after GC invocations=36932 (full 4):
 def new generation   total 2874432K, used 9703K [0x00007fbc08600000, 0x00007fbccb4f0000, 0x00007fc15db50000)
  eden space 2555072K,   0% used [0x00007fbc08600000, 0x00007fbc08600000, 0x00007fbca4530000)
  from space 319360K,   3% used [0x00007fbcb7d10000, 0x00007fbcb8689ee8, 0x00007fbccb4f0000)
  to   space 319360K,   0% used [0x00007fbca4530000, 0x00007fbca4530000, 0x00007fbcb7d10000)
 tenured generation   total 6387484K, used 6386612K [0x00007fc15db50000, 0x00007fc2e3917000, 0x00007fcc08600000)
   the space 6387484K,  99% used [0x00007fc15db50000, 0x00007fc2e383d170, 0x00007fc2e383d200, 0x00007fc2e3917000)
 Metaspace       used 25090K, capacity 25551K, committed 25600K, reserved 26624K
}
Event: 38495.545 GC heap before
{Heap before GC invocations=36932 (full 4):
 def new generation   total 2874432K, used 2564775K [0x00007fbc08600000, 0x00007fbccb4f0000, 0x00007fc15db50000)
  eden space 2555072K, 100% used [0x00007fbc08600000, 0x00007fbca4530000, 0x00007fbca4530000)
  from space 319360K,   3% used [0x00007fbcb7d10000, 0x00007fbcb8689ee8, 0x00007fbccb4f0000)
  to   space 319360K,   0% used [0x00007fbca4530000, 0x00007fbca4530000, 0x00007fbcb7d10000)
 tenured generation   total 6387484K, used 6386612K [0x00007fc15db50000, 0x00007fc2e3917000, 0x00007fcc08600000)
   the space 6387484K,  99% used [0x00007fc15db50000, 0x00007fc2e383d170, 0x00007fc2e383d200, 0x00007fc2e3917000)
 Metaspace       used 25090K, capacity 25551K, committed 25600K, reserved 26624K
}
Event: 38495.569 GC heap after
{Heap after GC invocations=36933 (full 4):
 def new generation   total 2874432K, used 9692K [0x00007fbc08600000, 0x00007fbccb4f0000, 0x00007fc15db50000)
  eden space 2555072K,   0% used [0x00007fbc08600000, 0x00007fbc08600000, 0x00007fbca4530000)
  from space 319360K,   3% used [0x00007fbca4530000, 0x00007fbca4ea72a8, 0x00007fbcb7d10000)
  to   space 319360K,   0% used [0x00007fbcb7d10000, 0x00007fbcb7d10000, 0x00007fbccb4f0000)
 tenured generation   total 6387484K, used 6387253K [0x00007fc15db50000, 0x00007fc2e3917000, 0x00007fcc08600000)
   the space 6387484K,  99% used [0x00007fc15db50000, 0x00007fc2e38dd6b0, 0x00007fc2e38dd800, 0x00007fc2e3917000)
 Metaspace       used 25090K, capacity 25551K, committed 25600K, reserved 26624K
}
Event: 38497.959 GC heap before
{Heap before GC invocations=36933 (full 4):
 def new generation   total 2874432K, used 2564764K [0x00007fbc08600000, 0x00007fbccb4f0000, 0x00007fc15db50000)
  eden space 2555072K, 100% used [0x00007fbc08600000, 0x00007fbca4530000, 0x00007fbca4530000)
  from space 319360K,   3% used [0x00007fbca4530000, 0x00007fbca4ea72a8, 0x00007fbcb7d10000)
  to   space 319360K,   0% used [0x00007fbcb7d10000, 0x00007fbcb7d10000, 0x00007fbccb4f0000)
 tenured generation   total 6387484K, used 6387253K [0x00007fc15db50000, 0x00007fc2e3917000, 0x00007fcc08600000)
   the space 6387484K,  99% used [0x00007fc15db50000, 0x00007fc2e38dd6b0, 0x00007fc2e38dd800, 0x00007fc2e3917000)
 Metaspace       used 25090K, capacity 25551K, committed 25600K, reserved 26624K
}
Event: 38497.979 GC heap after
{Heap after GC invocations=36934 (full 4):
 def new generation   total 2874432K, used 9698K [0x00007fbc08600000, 0x00007fbccb4f0000, 0x00007fc15db50000)
  eden space 2555072K,   0% used [0x00007fbc08600000, 0x00007fbc08600000, 0x00007fbca4530000)
  from space 319360K,   3% used [0x00007fbcb7d10000, 0x00007fbcb8688858, 0x00007fbccb4f0000)
  to   space 319360K,   0% used [0x00007fbca4530000, 0x00007fbca4530000, 0x00007fbcb7d10000)
 tenured generation   total 6388060K, used 6387874K [0x00007fc15db50000, 0x00007fc2e39a7000, 0x00007fcc08600000)
   the space 6388060K,  99% used [0x00007fc15db50000, 0x00007fc2e3978930, 0x00007fc2e3978a00, 0x00007fc2e39a7000)
 Metaspace       used 25090K, capacity 25551K, committed 25600K, reserved 26624K
}
Event: 38497.979 GC heap before
{Heap before GC invocations=36934 (full 4):
 def new generation   total 2874432K, used 9698K [0x00007fbc08600000, 0x00007fbccb4f0000, 0x00007fc15db50000)
  eden space 2555072K,   0% used [0x00007fbc08600000, 0x00007fbc08600000, 0x00007fbca4530000)
  from space 319360K,   3% used [0x00007fbcb7d10000, 0x00007fbcb8688858, 0x00007fbccb4f0000)
  to   space 319360K,   0% used [0x00007fbca4530000, 0x00007fbca4530000, 0x00007fbcb7d10000)
 tenured generation   total 6388060K, used 6387874K [0x00007fc15db50000, 0x00007fc2e39a7000, 0x00007fcc08600000)
   the space 6388060K,  99% used [0x00007fc15db50000, 0x00007fc2e3978930, 0x00007fc2e3978a00, 0x00007fc2e39a7000)
 Metaspace       used 25090K, capacity 25551K, committed 25600K, reserved 26624K
}

