# JRE version: OpenJDK Runtime Environment (13.0.7+5) (build 13.0.7+5-Ubuntu-0ubuntu120.04)
# Java VM: OpenJDK 64-Bit Server VM (13.0.7+5-Ubuntu-0ubuntu120.04, mixed mode, tiered, serial gc, linux-amd64)
Heap:
 def new generation   total 2871488K, used 8541K [0x00007f307c600000, 0x00007f313f1c0000, 0x00007f35d1b50000)
  eden space 2552448K,   0% used [0x00007f307c600000, 0x00007f307ce57710, 0x00007f31182a0000)
  from space 319040K,   0% used [0x00007f312ba30000, 0x00007f312ba30000, 0x00007f313f1c0000)
  to   space 319040K,   0% used [0x00007f31182a0000, 0x00007f31182a0000, 0x00007f312ba30000)
 tenured generation   total 6381340K, used 6381339K [0x00007f35d1b50000, 0x00007f3757317000, 0x00007f407c600000)
   the space 6381340K,  99% used [0x00007f35d1b50000, 0x00007f3757316fc0, 0x00007f3757317000, 0x00007f3757317000)
 Metaspace       used 25021K, capacity 25485K, committed 25600K, reserved 26624K
GC Heap History (20 events):
Event: 42014.374 GC heap after
{Heap after GC invocations=39916 (full 4):
 def new generation   total 2871488K, used 8793K [0x00007f307c600000, 0x00007f313f1c0000, 0x00007f35d1b50000)
  eden space 2552448K,   0% used [0x00007f307c600000, 0x00007f307c600000, 0x00007f31182a0000)
  from space 319040K,   2% used [0x00007f31182a0000, 0x00007f3118b36450, 0x00007f312ba30000)
  to   space 319040K,   0% used [0x00007f312ba30000, 0x00007f312ba30000, 0x00007f313f1c0000)
 tenured generation   total 6380956K, used 6375958K [0x00007f35d1b50000, 0x00007f37572b7000, 0x00007f407c600000)
   the space 6380956K,  99% used [0x00007f35d1b50000, 0x00007f3756dd5ba0, 0x00007f3756dd5c00, 0x00007f37572b7000)
 Metaspace       used 25021K, capacity 25485K, committed 25600K, reserved 26624K
}
Event: 42016.583 GC heap before
{Heap before GC invocations=39916 (full 4):
 def new generation   total 2871488K, used 2561241K [0x00007f307c600000, 0x00007f313f1c0000, 0x00007f35d1b50000)
  eden space 2552448K, 100% used [0x00007f307c600000, 0x00007f31182a0000, 0x00007f31182a0000)
  from space 319040K,   2% used [0x00007f31182a0000, 0x00007f3118b36450, 0x00007f312ba30000)
  to   space 319040K,   0% used [0x00007f312ba30000, 0x00007f312ba30000, 0x00007f313f1c0000)
 tenured generation   total 6380956K, used 6375958K [0x00007f35d1b50000, 0x00007f37572b7000, 0x00007f407c600000)
   the space 6380956K,  99% used [0x00007f35d1b50000, 0x00007f3756dd5ba0, 0x00007f3756dd5c00, 0x00007f37572b7000)
 Metaspace       used 25021K, capacity 25485K, committed 25600K, reserved 26624K
}
Event: 42016.608 GC heap after
{Heap after GC invocations=39917 (full 4):
 def new generation   total 2871488K, used 8829K [0x00007f307c600000, 0x00007f313f1c0000, 0x00007f35d1b50000)
  eden space 2552448K,   0% used [0x00007f307c600000, 0x00007f307c600000, 0x00007f31182a0000)
  from space 319040K,   2% used [0x00007f312ba30000, 0x00007f312c2cf6f0, 0x00007f313f1c0000)
  to   space 319040K,   0% used [0x00007f31182a0000, 0x00007f31182a0000, 0x00007f312ba30000)
 tenured generation   total 6380956K, used 6376532K [0x00007f35d1b50000, 0x00007f37572b7000, 0x00007f407c600000)
   the space 6380956K,  99% used [0x00007f35d1b50000, 0x00007f3756e65020, 0x00007f3756e65200, 0x00007f37572b7000)
 Metaspace       used 25021K, capacity 25485K, committed 25600K, reserved 26624K
}
Event: 42018.890 GC heap before
{Heap before GC invocations=39917 (full 4):
 def new generation   total 2871488K, used 2561277K [0x00007f307c600000, 0x00007f313f1c0000, 0x00007f35d1b50000)
  eden space 2552448K, 100% used [0x00007f307c600000, 0x00007f31182a0000, 0x00007f31182a0000)
  from space 319040K,   2% used [0x00007f312ba30000, 0x00007f312c2cf6f0, 0x00007f313f1c0000)
  to   space 319040K,   0% used [0x00007f31182a0000, 0x00007f31182a0000, 0x00007f312ba30000)
 tenured generation   total 6380956K, used 6376532K [0x00007f35d1b50000, 0x00007f37572b7000, 0x00007f407c600000)
   the space 6380956K,  99% used [0x00007f35d1b50000, 0x00007f3756e65020, 0x00007f3756e65200, 0x00007f37572b7000)
 Metaspace       used 25021K, capacity 25485K, committed 25600K, reserved 26624K
}
Event: 42018.910 GC heap after
{Heap after GC invocations=39918 (full 4):
 def new generation   total 2871488K, used 8796K [0x00007f307c600000, 0x00007f313f1c0000, 0x00007f35d1b50000)
  eden space 2552448K,   0% used [0x00007f307c600000, 0x00007f307c600000, 0x00007f31182a0000)
  from space 319040K,   2% used [0x00007f31182a0000, 0x00007f3118b37100, 0x00007f312ba30000)
  to   space 319040K,   0% used [0x00007f312ba30000, 0x00007f312ba30000, 0x00007f313f1c0000)
 tenured generation   total 6380956K, used 6377125K [0x00007f35d1b50000, 0x00007f37572b7000, 0x00007f407c600000)
   the space 6380956K,  99% used [0x00007f35d1b50000, 0x00007f3756ef9680, 0x00007f3756ef9800, 0x00007f37572b7000)
 Metaspace       used 25021K, capacity 25485K, committed 25600K, reserved 26624K
}
Event: 42021.236 GC heap before
{Heap before GC invocations=39918 (full 4):
 def new generation   total 2871488K, used 2561244K [0x00007f307c600000, 0x00007f313f1c0000, 0x00007f35d1b50000)
  eden space 2552448K, 100% used [0x00007f307c600000, 0x00007f31182a0000, 0x00007f31182a0000)
  from space 319040K,   2% used [0x00007f31182a0000, 0x00007f3118b37100, 0x00007f312ba30000)
  to   space 319040K,   0% used [0x00007f312ba30000, 0x00007f312ba30000, 0x00007f313f1c0000)
 tenured generation   total 6380956K, used 6377125K [0x00007f35d1b50000, 0x00007f37572b7000, 0x00007f407c600000)
   the space 6380956K,  99% used [0x00007f35d1b50000, 0x00007f3756ef9680, 0x00007f3756ef9800, 0x00007f37572b7000)
 Metaspace       used 25021K, capacity 25485K, committed 25600K, reserved 26624K
}
Event: 42021.256 GC heap after
{Heap after GC invocations=39919 (full 4):
 def new generation   total 2871488K, used 8760K [0x00007f307c600000, 0x00007f313f1c0000, 0x00007f35d1b50000)
  eden space 2552448K,   0% used [0x00007f307c600000, 0x00007f307c600000, 0x00007f31182a0000)
  from space 319040K,   2% used [0x00007f312ba30000, 0x00007f312c2be220, 0x00007f313f1c0000)
  to   space 319040K,   0% used [0x00007f31182a0000, 0x00007f31182a0000, 0x00007f312ba30000)
 tenured generation   total 6380956K, used 6377698K [0x00007f35d1b50000, 0x00007f37572b7000, 0x00007f407c600000)
   the space 6380956K,  99% used [0x00007f35d1b50000, 0x00007f3756f88b00, 0x00007f3756f88c00, 0x00007f37572b7000)
 Metaspace       used 25021K, capacity 25485K, committed 25600K, reserved 26624K
}
Event: 42023.504 GC heap before
{Heap before GC invocations=39919 (full 4):
 def new generation   total 2871488K, used 2561208K [0x00007f307c600000, 0x00007f313f1c0000, 0x00007f35d1b50000)
  eden space 2552448K, 100% used [0x00007f307c600000, 0x00007f31182a0000, 0x00007f31182a0000)
  from space 319040K,   2% used [0x00007f312ba30000, 0x00007f312c2be220, 0x00007f313f1c0000)
  to   space 319040K,   0% used [0x00007f31182a0000, 0x00007f31182a0000, 0x00007f312ba30000)
 tenured generation   total 6380956K, used 6377698K [0x00007f35d1b50000, 0x00007f37572b7000, 0x00007f407c600000)
   the space 6380956K,  99% used [0x00007f35d1b50000, 0x00007f3756f88b00, 0x00007f3756f88c00, 0x00007f37572b7000)
 Metaspace       used 25021K, capacity 25485K, committed 25600K, reserved 26624K
}
Event: 42023.521 GC heap after
{Heap after GC invocations=39920 (full 4):
 def new generation   total 2871488K, used 8786K [0x00007f307c600000, 0x00007f313f1c0000, 0x00007f35d1b50000)
  eden space 2552448K,   0% used [0x00007f307c600000, 0x00007f307c600000, 0x00007f31182a0000)
  from space 319040K,   2% used [0x00007f31182a0000, 0x00007f3118b348c0, 0x00007f312ba30000)
  to   space 319040K,   0% used [0x00007f312ba30000, 0x00007f312ba30000, 0x00007f313f1c0000)
 tenured generation   total 6380956K, used 6378271K [0x00007f35d1b50000, 0x00007f37572b7000, 0x00007f407c600000)
   the space 6380956K,  99% used [0x00007f35d1b50000, 0x00007f3757017f80, 0x00007f3757018000, 0x00007f37572b7000)
 Metaspace       used 25021K, capacity 25485K, committed 25600K, reserved 26624K
}
Event: 42025.860 GC heap before
{Heap before GC invocations=39920 (full 4):
 def new generation   total 2871488K, used 2561234K [0x00007f307c600000, 0x00007f313f1c0000, 0x00007f35d1b50000)
  eden space 2552448K, 100% used [0x00007f307c600000, 0x00007f31182a0000, 0x00007f31182a0000)
  from space 319040K,   2% used [0x00007f31182a0000, 0x00007f3118b348c0, 0x00007f312ba30000)
  to   space 319040K,   0% used [0x00007f312ba30000, 0x00007f312ba30000, 0x00007f313f1c0000)
 tenured generation   total 6380956K, used 6378271K [0x00007f35d1b50000, 0x00007f37572b7000, 0x00007f407c600000)
   the space 6380956K,  99% used [0x00007f35d1b50000, 0x00007f3757017f80, 0x00007f3757018000, 0x00007f37572b7000)
 Metaspace       used 25021K, capacity 25485K, committed 25600K, reserved 26624K
}
Event: 42025.879 GC heap after
{Heap after GC invocations=39921 (full 4):
 def new generation   total 2871488K, used 8761K [0x00007f307c600000, 0x00007f313f1c0000, 0x00007f35d1b50000)
  eden space 2552448K,   0% used [0x00007f307c600000, 0x00007f307c600000, 0x00007f31182a0000)
  from space 319040K,   2% used [0x00007f312ba30000, 0x00007f312c2be7c8, 0x00007f313f1c0000)
  to   space 319040K,   0% used [0x00007f31182a0000, 0x00007f31182a0000, 0x00007f312ba30000)
 tenured generation   total 6380956K, used 6378849K [0x00007f35d1b50000, 0x00007f37572b7000, 0x00007f407c600000)
   the space 6380956K,  99% used [0x00007f35d1b50000, 0x00007f37570a8540, 0x00007f37570a8600, 0x00007f37572b7000)
 Metaspace       used 25021K, capacity 25485K, committed 25600K, reserved 26624K
}
Event: 42028.135 GC heap before
{Heap before GC invocations=39921 (full 4):
 def new generation   total 2871488K, used 2561209K [0x00007f307c600000, 0x00007f313f1c0000, 0x00007f35d1b50000)
  eden space 2552448K, 100% used [0x00007f307c600000, 0x00007f31182a0000, 0x00007f31182a0000)
  from space 319040K,   2% used [0x00007f312ba30000, 0x00007f312c2be7c8, 0x00007f313f1c0000)
  to   space 319040K,   0% used [0x00007f31182a0000, 0x00007f31182a0000, 0x00007f312ba30000)
 tenured generation   total 6380956K, used 6378849K [0x00007f35d1b50000, 0x00007f37572b7000, 0x00007f407c600000)
   the space 6380956K,  99% used [0x00007f35d1b50000, 0x00007f37570a8540, 0x00007f37570a8600, 0x00007f37572b7000)
 Metaspace       used 25021K, capacity 25485K, committed 25600K, reserved 26624K
}
Event: 42028.161 GC heap after
{Heap after GC invocations=39922 (full 4):
 def new generation   total 2871488K, used 8779K [0x00007f307c600000, 0x00007f313f1c0000, 0x00007f35d1b50000)
  eden space 2552448K,   0% used [0x00007f307c600000, 0x00007f307c600000, 0x00007f31182a0000)
  from space 319040K,   2% used [0x00007f31182a0000, 0x00007f3118b32e60, 0x00007f312ba30000)
  to   space 319040K,   0% used [0x00007f312ba30000, 0x00007f312ba30000, 0x00007f313f1c0000)
 tenured generation   total 6380956K, used 6379422K [0x00007f35d1b50000, 0x00007f37572b7000, 0x00007f407c600000)
   the space 6380956K,  99% used [0x00007f35d1b50000, 0x00007f37571379c0, 0x00007f3757137a00, 0x00007f37572b7000)
 Metaspace       used 25021K, capacity 25485K, committed 25600K, reserved 26624K
}
Event: 42030.368 GC heap before
{Heap before GC invocations=39922 (full 4):
 def new generation   total 2871488K, used 2561227K [0x00007f307c600000, 0x00007f313f1c0000, 0x00007f35d1b50000)
  eden space 2552448K, 100% used [0x00007f307c600000, 0x00007f31182a0000, 0x00007f31182a0000)
  from space 319040K,   2% used [0x00007f31182a0000, 0x00007f3118b32e60, 0x00007f312ba30000)
  to   space 319040K,   0% used [0x00007f312ba30000, 0x00007f312ba30000, 0x00007f313f1c0000)
 tenured generation   total 6380956K, used 6379422K [0x00007f35d1b50000, 0x00007f37572b7000, 0x00007f407c600000)
   the space 6380956K,  99% used [0x00007f35d1b50000, 0x00007f37571379c0, 0x00007f3757137a00, 0x00007f37572b7000)
 Metaspace       used 25021K, capacity 25485K, committed 25600K, reserved 26624K
}
Event: 42030.390 GC heap after
{Heap after GC invocations=39923 (full 4):
 def new generation   total 2871488K, used 8805K [0x00007f307c600000, 0x00007f313f1c0000, 0x00007f35d1b50000)
  eden space 2552448K,   0% used [0x00007f307c600000, 0x00007f307c600000, 0x00007f31182a0000)
  from space 319040K,   2% used [0x00007f312ba30000, 0x00007f312c2c9560, 0x00007f313f1c0000)
  to   space 319040K,   0% used [0x00007f31182a0000, 0x00007f31182a0000, 0x00007f312ba30000)
 tenured generation   total 6380956K, used 6379995K [0x00007f35d1b50000, 0x00007f37572b7000, 0x00007f407c600000)
   the space 6380956K,  99% used [0x00007f35d1b50000, 0x00007f37571c6e40, 0x00007f37571c7000, 0x00007f37572b7000)
 Metaspace       used 25021K, capacity 25485K, committed 25600K, reserved 26624K
}
Event: 42032.522 GC heap before
{Heap before GC invocations=39923 (full 4):
 def new generation   total 2871488K, used 2561253K [0x00007f307c600000, 0x00007f313f1c0000, 0x00007f35d1b50000)
  eden space 2552448K, 100% used [0x00007f307c600000, 0x00007f31182a0000, 0x00007f31182a0000)
  from space 319040K,   2% used [0x00007f312ba30000, 0x00007f312c2c9560, 0x00007f313f1c0000)
  to   space 319040K,   0% used [0x00007f31182a0000, 0x00007f31182a0000, 0x00007f312ba30000)
 tenured generation   total 6380956K, used 6379995K [0x00007f35d1b50000, 0x00007f37572b7000, 0x00007f407c600000)
   the space 6380956K,  99% used [0x00007f35d1b50000, 0x00007f37571c6e40, 0x00007f37571c7000, 0x00007f37572b7000)
 Metaspace       used 25021K, capacity 25485K, committed 25600K, reserved 26624K
}
Event: 42032.547 GC heap after
{Heap after GC invocations=39924 (full 4):
 def new generation   total 2871488K, used 8796K [0x00007f307c600000, 0x00007f313f1c0000, 0x00007f35d1b50000)
  eden space 2552448K,   0% used [0x00007f307c600000, 0x00007f307c600000, 0x00007f31182a0000)
  from space 319040K,   2% used [0x00007f31182a0000, 0x00007f3118b37340, 0x00007f312ba30000)
  to   space 319040K,   0% used [0x00007f312ba30000, 0x00007f312ba30000, 0x00007f313f1c0000)
 tenured generation   total 6380956K, used 6380568K [0x00007f35d1b50000, 0x00007f37572b7000, 0x00007f407c600000)
   the space 6380956K,  99% used [0x00007f35d1b50000, 0x00007f37572562c0, 0x00007f3757256400, 0x00007f37572b7000)
 Metaspace       used 25021K, capacity 25485K, committed 25600K, reserved 26624K
}
Event: 42034.785 GC heap before
{Heap before GC invocations=39924 (full 4):
 def new generation   total 2871488K, used 2561244K [0x00007f307c600000, 0x00007f313f1c0000, 0x00007f35d1b50000)
  eden space 2552448K, 100% used [0x00007f307c600000, 0x00007f31182a0000, 0x00007f31182a0000)
  from space 319040K,   2% used [0x00007f31182a0000, 0x00007f3118b37340, 0x00007f312ba30000)
  to   space 319040K,   0% used [0x00007f312ba30000, 0x00007f312ba30000, 0x00007f313f1c0000)
 tenured generation   total 6380956K, used 6380568K [0x00007f35d1b50000, 0x00007f37572b7000, 0x00007f407c600000)
   the space 6380956K,  99% used [0x00007f35d1b50000, 0x00007f37572562c0, 0x00007f3757256400, 0x00007f37572b7000)
 Metaspace       used 25021K, capacity 25485K, committed 25600K, reserved 26624K
}
Event: 42034.807 GC heap after
{Heap after GC invocations=39925 (full 4):
 def new generation   total 2871488K, used 8792K [0x00007f307c600000, 0x00007f313f1c0000, 0x00007f35d1b50000)
  eden space 2552448K,   0% used [0x00007f307c600000, 0x00007f307c600000, 0x00007f31182a0000)
  from space 319040K,   2% used [0x00007f312ba30000, 0x00007f312c2c6268, 0x00007f313f1c0000)
  to   space 319040K,   0% used [0x00007f31182a0000, 0x00007f31182a0000, 0x00007f312ba30000)
 tenured generation   total 6381340K, used 6381162K [0x00007f35d1b50000, 0x00007f3757317000, 0x00007f407c600000)
   the space 6381340K,  99% used [0x00007f35d1b50000, 0x00007f37572ea920, 0x00007f37572eaa00, 0x00007f3757317000)
 Metaspace       used 25021K, capacity 25485K, committed 25600K, reserved 26624K
}
Event: 42034.807 GC heap before
{Heap before GC invocations=39925 (full 4):
 def new generation   total 2871488K, used 8792K [0x00007f307c600000, 0x00007f313f1c0000, 0x00007f35d1b50000)
  eden space 2552448K,   0% used [0x00007f307c600000, 0x00007f307c600000, 0x00007f31182a0000)
  from space 319040K,   2% used [0x00007f312ba30000, 0x00007f312c2c6268, 0x00007f313f1c0000)
  to   space 319040K,   0% used [0x00007f31182a0000, 0x00007f31182a0000, 0x00007f312ba30000)
 tenured generation   total 6381340K, used 6381162K [0x00007f35d1b50000, 0x00007f3757317000, 0x00007f407c600000)
   the space 6381340K,  99% used [0x00007f35d1b50000, 0x00007f37572ea920, 0x00007f37572eaa00, 0x00007f3757317000)
 Metaspace       used 25021K, capacity 25485K, committed 25600K, reserved 26624K
}

