# JRE version: OpenJDK Runtime Environment (13.0.7+5) (build 13.0.7+5-Ubuntu-0ubuntu120.04)
# Java VM: OpenJDK 64-Bit Server VM (13.0.7+5-Ubuntu-0ubuntu120.04, mixed mode, tiered, serial gc, linux-amd64)
Heap:
 def new generation   total 1048832K, used 4591K [0x00007f7cc0600000, 0x00007f7d07800000, 0x00007f8215b50000)
  eden space 932352K,   0% used [0x00007f7cc0600000, 0x00007f7cc0a7bd70, 0x00007f7cf9480000)
  from space 116480K,   0% used [0x00007f7d00640000, 0x00007f7d00640000, 0x00007f7d07800000)
  to   space 116480K,   0% used [0x00007f7cf9480000, 0x00007f7cf9480000, 0x00007f7d00640000)
 tenured generation   total 2330944K, used 2330944K [0x00007f8215b50000, 0x00007f82a3fa0000, 0x00007f8cc0600000)
   the space 2330944K, 100% used [0x00007f8215b50000, 0x00007f82a3fa0000, 0x00007f82a3fa0000, 0x00007f82a3fa0000)
 Metaspace       used 24805K, capacity 25311K, committed 25344K, reserved 26624K
GC Heap History (20 events):
Event: 6442.048 GC heap after
{Heap after GC invocations=10232 (full 2):
 def new generation   total 1048832K, used 4751K [0x00007f7cc0600000, 0x00007f7d07800000, 0x00007f8215b50000)
  eden space 932352K,   0% used [0x00007f7cc0600000, 0x00007f7cc0600000, 0x00007f7cf9480000)
  from space 116480K,   4% used [0x00007f7cf9480000, 0x00007f7cf9923f80, 0x00007f7d00640000)
  to   space 116480K,   0% used [0x00007f7d00640000, 0x00007f7d00640000, 0x00007f7d07800000)
 tenured generation   total 2330560K, used 2327940K [0x00007f8215b50000, 0x00007f82a3f40000, 0x00007f8cc0600000)
   the space 2330560K,  99% used [0x00007f8215b50000, 0x00007f82a3cb1098, 0x00007f82a3cb1200, 0x00007f82a3f40000)
 Metaspace       used 24805K, capacity 25311K, committed 25344K, reserved 26624K
}
Event: 6442.828 GC heap before
{Heap before GC invocations=10232 (full 2):
 def new generation   total 1048832K, used 937103K [0x00007f7cc0600000, 0x00007f7d07800000, 0x00007f8215b50000)
  eden space 932352K, 100% used [0x00007f7cc0600000, 0x00007f7cf9480000, 0x00007f7cf9480000)
  from space 116480K,   4% used [0x00007f7cf9480000, 0x00007f7cf9923f80, 0x00007f7d00640000)
  to   space 116480K,   0% used [0x00007f7d00640000, 0x00007f7d00640000, 0x00007f7d07800000)
 tenured generation   total 2330560K, used 2327940K [0x00007f8215b50000, 0x00007f82a3f40000, 0x00007f8cc0600000)
   the space 2330560K,  99% used [0x00007f8215b50000, 0x00007f82a3cb1098, 0x00007f82a3cb1200, 0x00007f82a3f40000)
 Metaspace       used 24805K, capacity 25311K, committed 25344K, reserved 26624K
}
Event: 6442.843 GC heap after
{Heap after GC invocations=10233 (full 2):
 def new generation   total 1048832K, used 4765K [0x00007f7cc0600000, 0x00007f7d07800000, 0x00007f8215b50000)
  eden space 932352K,   0% used [0x00007f7cc0600000, 0x00007f7cc0600000, 0x00007f7cf9480000)
  from space 116480K,   4% used [0x00007f7d00640000, 0x00007f7d00ae7690, 0x00007f7d07800000)
  to   space 116480K,   0% used [0x00007f7cf9480000, 0x00007f7cf9480000, 0x00007f7d00640000)
 tenured generation   total 2330560K, used 2328254K [0x00007f8215b50000, 0x00007f82a3f40000, 0x00007f8cc0600000)
   the space 2330560K,  99% used [0x00007f8215b50000, 0x00007f82a3cff828, 0x00007f82a3cffa00, 0x00007f82a3f40000)
 Metaspace       used 24805K, capacity 25311K, committed 25344K, reserved 26624K
}
Event: 6443.676 GC heap before
{Heap before GC invocations=10233 (full 2):
 def new generation   total 1048832K, used 937117K [0x00007f7cc0600000, 0x00007f7d07800000, 0x00007f8215b50000)
  eden space 932352K, 100% used [0x00007f7cc0600000, 0x00007f7cf9480000, 0x00007f7cf9480000)
  from space 116480K,   4% used [0x00007f7d00640000, 0x00007f7d00ae7690, 0x00007f7d07800000)
  to   space 116480K,   0% used [0x00007f7cf9480000, 0x00007f7cf9480000, 0x00007f7d00640000)
 tenured generation   total 2330560K, used 2328254K [0x00007f8215b50000, 0x00007f82a3f40000, 0x00007f8cc0600000)
   the space 2330560K,  99% used [0x00007f8215b50000, 0x00007f82a3cff828, 0x00007f82a3cffa00, 0x00007f82a3f40000)
 Metaspace       used 24805K, capacity 25311K, committed 25344K, reserved 26624K
}
Event: 6443.691 GC heap after
{Heap after GC invocations=10234 (full 2):
 def new generation   total 1048832K, used 4744K [0x00007f7cc0600000, 0x00007f7d07800000, 0x00007f8215b50000)
  eden space 932352K,   0% used [0x00007f7cc0600000, 0x00007f7cc0600000, 0x00007f7cf9480000)
  from space 116480K,   4% used [0x00007f7cf9480000, 0x00007f7cf99220d0, 0x00007f7d00640000)
  to   space 116480K,   0% used [0x00007f7d00640000, 0x00007f7d00640000, 0x00007f7d07800000)
 tenured generation   total 2330560K, used 2328589K [0x00007f8215b50000, 0x00007f82a3f40000, 0x00007f8cc0600000)
   the space 2330560K,  99% used [0x00007f8215b50000, 0x00007f82a3d535e8, 0x00007f82a3d53600, 0x00007f82a3f40000)
 Metaspace       used 24805K, capacity 25311K, committed 25344K, reserved 26624K
}
Event: 6444.497 GC heap before
{Heap before GC invocations=10234 (full 2):
 def new generation   total 1048832K, used 937096K [0x00007f7cc0600000, 0x00007f7d07800000, 0x00007f8215b50000)
  eden space 932352K, 100% used [0x00007f7cc0600000, 0x00007f7cf9480000, 0x00007f7cf9480000)
  from space 116480K,   4% used [0x00007f7cf9480000, 0x00007f7cf99220d0, 0x00007f7d00640000)
  to   space 116480K,   0% used [0x00007f7d00640000, 0x00007f7d00640000, 0x00007f7d07800000)
 tenured generation   total 2330560K, used 2328589K [0x00007f8215b50000, 0x00007f82a3f40000, 0x00007f8cc0600000)
   the space 2330560K,  99% used [0x00007f8215b50000, 0x00007f82a3d535e8, 0x00007f82a3d53600, 0x00007f82a3f40000)
 Metaspace       used 24805K, capacity 25311K, committed 25344K, reserved 26624K
}
Event: 6444.510 GC heap after
{Heap after GC invocations=10235 (full 2):
 def new generation   total 1048832K, used 4746K [0x00007f7cc0600000, 0x00007f7d07800000, 0x00007f8215b50000)
  eden space 932352K,   0% used [0x00007f7cc0600000, 0x00007f7cc0600000, 0x00007f7cf9480000)
  from space 116480K,   4% used [0x00007f7d00640000, 0x00007f7d00ae28d8, 0x00007f7d07800000)
  to   space 116480K,   0% used [0x00007f7cf9480000, 0x00007f7cf9480000, 0x00007f7d00640000)
 tenured generation   total 2330560K, used 2328902K [0x00007f8215b50000, 0x00007f82a3f40000, 0x00007f8cc0600000)
   the space 2330560K,  99% used [0x00007f8215b50000, 0x00007f82a3da1bc8, 0x00007f82a3da1c00, 0x00007f82a3f40000)
 Metaspace       used 24805K, capacity 25311K, committed 25344K, reserved 26624K
}
Event: 6445.299 GC heap before
{Heap before GC invocations=10235 (full 2):
 def new generation   total 1048832K, used 937098K [0x00007f7cc0600000, 0x00007f7d07800000, 0x00007f8215b50000)
  eden space 932352K, 100% used [0x00007f7cc0600000, 0x00007f7cf9480000, 0x00007f7cf9480000)
  from space 116480K,   4% used [0x00007f7d00640000, 0x00007f7d00ae28d8, 0x00007f7d07800000)
  to   space 116480K,   0% used [0x00007f7cf9480000, 0x00007f7cf9480000, 0x00007f7d00640000)
 tenured generation   total 2330560K, used 2328902K [0x00007f8215b50000, 0x00007f82a3f40000, 0x00007f8cc0600000)
   the space 2330560K,  99% used [0x00007f8215b50000, 0x00007f82a3da1bc8, 0x00007f82a3da1c00, 0x00007f82a3f40000)
 Metaspace       used 24805K, capacity 25311K, committed 25344K, reserved 26624K
}
Event: 6445.311 GC heap after
{Heap after GC invocations=10236 (full 2):
 def new generation   total 1048832K, used 4748K [0x00007f7cc0600000, 0x00007f7d07800000, 0x00007f8215b50000)
  eden space 932352K,   0% used [0x00007f7cc0600000, 0x00007f7cc0600000, 0x00007f7cf9480000)
  from space 116480K,   4% used [0x00007f7cf9480000, 0x00007f7cf99233a8, 0x00007f7d00640000)
  to   space 116480K,   0% used [0x00007f7d00640000, 0x00007f7d00640000, 0x00007f7d07800000)
 tenured generation   total 2330560K, used 2329216K [0x00007f8215b50000, 0x00007f82a3f40000, 0x00007f8cc0600000)
   the space 2330560K,  99% used [0x00007f8215b50000, 0x00007f82a3df01a8, 0x00007f82a3df0200, 0x00007f82a3f40000)
 Metaspace       used 24805K, capacity 25311K, committed 25344K, reserved 26624K
}
Event: 6446.187 GC heap before
{Heap before GC invocations=10236 (full 2):
 def new generation   total 1048832K, used 937100K [0x00007f7cc0600000, 0x00007f7d07800000, 0x00007f8215b50000)
  eden space 932352K, 100% used [0x00007f7cc0600000, 0x00007f7cf9480000, 0x00007f7cf9480000)
  from space 116480K,   4% used [0x00007f7cf9480000, 0x00007f7cf99233a8, 0x00007f7d00640000)
  to   space 116480K,   0% used [0x00007f7d00640000, 0x00007f7d00640000, 0x00007f7d07800000)
 tenured generation   total 2330560K, used 2329216K [0x00007f8215b50000, 0x00007f82a3f40000, 0x00007f8cc0600000)
   the space 2330560K,  99% used [0x00007f8215b50000, 0x00007f82a3df01a8, 0x00007f82a3df0200, 0x00007f82a3f40000)
 Metaspace       used 24805K, capacity 25311K, committed 25344K, reserved 26624K
}
Event: 6446.201 GC heap after
{Heap after GC invocations=10237 (full 2):
 def new generation   total 1048832K, used 4748K [0x00007f7cc0600000, 0x00007f7d07800000, 0x00007f8215b50000)
  eden space 932352K,   0% used [0x00007f7cc0600000, 0x00007f7cc0600000, 0x00007f7cf9480000)
  from space 116480K,   4% used [0x00007f7d00640000, 0x00007f7d00ae30e8, 0x00007f7d07800000)
  to   space 116480K,   0% used [0x00007f7cf9480000, 0x00007f7cf9480000, 0x00007f7d00640000)
 tenured generation   total 2330560K, used 2329529K [0x00007f8215b50000, 0x00007f82a3f40000, 0x00007f8cc0600000)
   the space 2330560K,  99% used [0x00007f8215b50000, 0x00007f82a3e3e788, 0x00007f82a3e3e800, 0x00007f82a3f40000)
 Metaspace       used 24805K, capacity 25311K, committed 25344K, reserved 26624K
}
Event: 6447.007 GC heap before
{Heap before GC invocations=10237 (full 2):
 def new generation   total 1048832K, used 937100K [0x00007f7cc0600000, 0x00007f7d07800000, 0x00007f8215b50000)
  eden space 932352K, 100% used [0x00007f7cc0600000, 0x00007f7cf9480000, 0x00007f7cf9480000)
  from space 116480K,   4% used [0x00007f7d00640000, 0x00007f7d00ae30e8, 0x00007f7d07800000)
  to   space 116480K,   0% used [0x00007f7cf9480000, 0x00007f7cf9480000, 0x00007f7d00640000)
 tenured generation   total 2330560K, used 2329529K [0x00007f8215b50000, 0x00007f82a3f40000, 0x00007f8cc0600000)
   the space 2330560K,  99% used [0x00007f8215b50000, 0x00007f82a3e3e788, 0x00007f82a3e3e800, 0x00007f82a3f40000)
 Metaspace       used 24805K, capacity 25311K, committed 25344K, reserved 26624K
}
Event: 6447.023 GC heap after
{Heap after GC invocations=10238 (full 2):
 def new generation   total 1048832K, used 4749K [0x00007f7cc0600000, 0x00007f7d07800000, 0x00007f8215b50000)
  eden space 932352K,   0% used [0x00007f7cc0600000, 0x00007f7cc0600000, 0x00007f7cf9480000)
  from space 116480K,   4% used [0x00007f7cf9480000, 0x00007f7cf9923640, 0x00007f7d00640000)
  to   space 116480K,   0% used [0x00007f7d00640000, 0x00007f7d00640000, 0x00007f7d07800000)
 tenured generation   total 2330560K, used 2329843K [0x00007f8215b50000, 0x00007f82a3f40000, 0x00007f8cc0600000)
   the space 2330560K,  99% used [0x00007f8215b50000, 0x00007f82a3e8cd68, 0x00007f82a3e8ce00, 0x00007f82a3f40000)
 Metaspace       used 24805K, capacity 25311K, committed 25344K, reserved 26624K
}
Event: 6447.818 GC heap before
{Heap before GC invocations=10238 (full 2):
 def new generation   total 1048832K, used 937101K [0x00007f7cc0600000, 0x00007f7d07800000, 0x00007f8215b50000)
  eden space 932352K, 100% used [0x00007f7cc0600000, 0x00007f7cf9480000, 0x00007f7cf9480000)
  from space 116480K,   4% used [0x00007f7cf9480000, 0x00007f7cf9923640, 0x00007f7d00640000)
  to   space 116480K,   0% used [0x00007f7d00640000, 0x00007f7d00640000, 0x00007f7d07800000)
 tenured generation   total 2330560K, used 2329843K [0x00007f8215b50000, 0x00007f82a3f40000, 0x00007f8cc0600000)
   the space 2330560K,  99% used [0x00007f8215b50000, 0x00007f82a3e8cd68, 0x00007f82a3e8ce00, 0x00007f82a3f40000)
 Metaspace       used 24805K, capacity 25311K, committed 25344K, reserved 26624K
}
Event: 6447.830 GC heap after
{Heap after GC invocations=10239 (full 2):
 def new generation   total 1048832K, used 4758K [0x00007f7cc0600000, 0x00007f7d07800000, 0x00007f8215b50000)
  eden space 932352K,   0% used [0x00007f7cc0600000, 0x00007f7cc0600000, 0x00007f7cf9480000)
  from space 116480K,   4% used [0x00007f7d00640000, 0x00007f7d00ae5a58, 0x00007f7d07800000)
  to   space 116480K,   0% used [0x00007f7cf9480000, 0x00007f7cf9480000, 0x00007f7d00640000)
 tenured generation   total 2330560K, used 2330156K [0x00007f8215b50000, 0x00007f82a3f40000, 0x00007f8cc0600000)
   the space 2330560K,  99% used [0x00007f8215b50000, 0x00007f82a3edb348, 0x00007f82a3edb400, 0x00007f82a3f40000)
 Metaspace       used 24805K, capacity 25311K, committed 25344K, reserved 26624K
}
Event: 6448.694 GC heap before
{Heap before GC invocations=10239 (full 2):
 def new generation   total 1048832K, used 937110K [0x00007f7cc0600000, 0x00007f7d07800000, 0x00007f8215b50000)
  eden space 932352K, 100% used [0x00007f7cc0600000, 0x00007f7cf9480000, 0x00007f7cf9480000)
  from space 116480K,   4% used [0x00007f7d00640000, 0x00007f7d00ae5a58, 0x00007f7d07800000)
  to   space 116480K,   0% used [0x00007f7cf9480000, 0x00007f7cf9480000, 0x00007f7d00640000)
 tenured generation   total 2330560K, used 2330156K [0x00007f8215b50000, 0x00007f82a3f40000, 0x00007f8cc0600000)
   the space 2330560K,  99% used [0x00007f8215b50000, 0x00007f82a3edb348, 0x00007f82a3edb400, 0x00007f82a3f40000)
 Metaspace       used 24805K, capacity 25311K, committed 25344K, reserved 26624K
}
Event: 6448.702 GC heap after
{Heap after GC invocations=10240 (full 2):
 def new generation   total 1048832K, used 4751K [0x00007f7cc0600000, 0x00007f7d07800000, 0x00007f8215b50000)
  eden space 932352K,   0% used [0x00007f7cc0600000, 0x00007f7cc0600000, 0x00007f7cf9480000)
  from space 116480K,   4% used [0x00007f7cf9480000, 0x00007f7cf9923c10, 0x00007f7d00640000)
  to   space 116480K,   0% used [0x00007f7d00640000, 0x00007f7d00640000, 0x00007f7d07800000)
 tenured generation   total 2330560K, used 2330470K [0x00007f8215b50000, 0x00007f82a3f40000, 0x00007f8cc0600000)
   the space 2330560K,  99% used [0x00007f8215b50000, 0x00007f82a3f29928, 0x00007f82a3f29a00, 0x00007f82a3f40000)
 Metaspace       used 24805K, capacity 25311K, committed 25344K, reserved 26624K
}
Event: 6449.513 GC heap before
{Heap before GC invocations=10240 (full 2):
 def new generation   total 1048832K, used 937103K [0x00007f7cc0600000, 0x00007f7d07800000, 0x00007f8215b50000)
  eden space 932352K, 100% used [0x00007f7cc0600000, 0x00007f7cf9480000, 0x00007f7cf9480000)
  from space 116480K,   4% used [0x00007f7cf9480000, 0x00007f7cf9923c10, 0x00007f7d00640000)
  to   space 116480K,   0% used [0x00007f7d00640000, 0x00007f7d00640000, 0x00007f7d07800000)
 tenured generation   total 2330560K, used 2330470K [0x00007f8215b50000, 0x00007f82a3f40000, 0x00007f8cc0600000)
   the space 2330560K,  99% used [0x00007f8215b50000, 0x00007f82a3f29928, 0x00007f82a3f29a00, 0x00007f82a3f40000)
 Metaspace       used 24805K, capacity 25311K, committed 25344K, reserved 26624K
}
Event: 6449.523 GC heap after
{Heap after GC invocations=10241 (full 2):
 def new generation   total 1048832K, used 4751K [0x00007f7cc0600000, 0x00007f7d07800000, 0x00007f8215b50000)
  eden space 932352K,   0% used [0x00007f7cc0600000, 0x00007f7cc0600000, 0x00007f7cf9480000)
  from space 116480K,   4% used [0x00007f7d00640000, 0x00007f7d00ae3e68, 0x00007f7d07800000)
  to   space 116480K,   0% used [0x00007f7cf9480000, 0x00007f7cf9480000, 0x00007f7d00640000)
 tenured generation   total 2330944K, used 2330783K [0x00007f8215b50000, 0x00007f82a3fa0000, 0x00007f8cc0600000)
   the space 2330944K,  99% used [0x00007f8215b50000, 0x00007f82a3f77f08, 0x00007f82a3f78000, 0x00007f82a3fa0000)
 Metaspace       used 24805K, capacity 25311K, committed 25344K, reserved 26624K
}
Event: 6449.523 GC heap before
{Heap before GC invocations=10241 (full 2):
 def new generation   total 1048832K, used 4751K [0x00007f7cc0600000, 0x00007f7d07800000, 0x00007f8215b50000)
  eden space 932352K,   0% used [0x00007f7cc0600000, 0x00007f7cc0600000, 0x00007f7cf9480000)
  from space 116480K,   4% used [0x00007f7d00640000, 0x00007f7d00ae3e68, 0x00007f7d07800000)
  to   space 116480K,   0% used [0x00007f7cf9480000, 0x00007f7cf9480000, 0x00007f7d00640000)
 tenured generation   total 2330944K, used 2330783K [0x00007f8215b50000, 0x00007f82a3fa0000, 0x00007f8cc0600000)
   the space 2330944K,  99% used [0x00007f8215b50000, 0x00007f82a3f77f08, 0x00007f82a3f78000, 0x00007f82a3fa0000)
 Metaspace       used 24805K, capacity 25311K, committed 25344K, reserved 26624K
}

