# JRE version: OpenJDK Runtime Environment (13.0.7+5) (build 13.0.7+5-Ubuntu-0ubuntu120.04)
# Java VM: OpenJDK 64-Bit Server VM (13.0.7+5-Ubuntu-0ubuntu120.04, mixed mode, tiered, serial gc, linux-amd64)
Heap:
 def new generation   total 2871616K, used 4309K [0x00007f44a0600000, 0x00007f45631e0000, 0x00007f49f5b50000)
  eden space 2552576K,   0% used [0x00007f44a0600000, 0x00007f44a0a35430, 0x00007f453c2c0000)
  from space 319040K,   0% used [0x00007f454fa50000, 0x00007f454fa50000, 0x00007f45631e0000)
  to   space 319040K,   0% used [0x00007f453c2c0000, 0x00007f453c2c0000, 0x00007f454fa50000)
 tenured generation   total 6381672K, used 6381671K [0x00007f49f5b50000, 0x00007f4b7b36a000, 0x00007f54a0600000)
   the space 6381672K,  99% used [0x00007f49f5b50000, 0x00007f4b7b369ee0, 0x00007f4b7b36a000, 0x00007f4b7b36a000)
 Metaspace       used 25086K, capacity 25559K, committed 25600K, reserved 26624K
GC Heap History (20 events):
Event: 87180.174 GC heap after
{Heap after GC invocations=77217 (full 4):
 def new generation   total 2871616K, used 4635K [0x00007f44a0600000, 0x00007f45631e0000, 0x00007f49f5b50000)
  eden space 2552576K,   0% used [0x00007f44a0600000, 0x00007f44a0600000, 0x00007f453c2c0000)
  from space 319040K,   1% used [0x00007f453c2c0000, 0x00007f453c746f80, 0x00007f454fa50000)
  to   space 319040K,   0% used [0x00007f454fa50000, 0x00007f454fa50000, 0x00007f45631e0000)
 tenured generation   total 6381288K, used 6378737K [0x00007f49f5b50000, 0x00007f4b7b30a000, 0x00007f54a0600000)
   the space 6381288K,  99% used [0x00007f49f5b50000, 0x00007f4b7b08c688, 0x00007f4b7b08c800, 0x00007f4b7b30a000)
 Metaspace       used 25086K, capacity 25559K, committed 25600K, reserved 26624K
}
Event: 87182.685 GC heap before
{Heap before GC invocations=77217 (full 4):
 def new generation   total 2871616K, used 2557211K [0x00007f44a0600000, 0x00007f45631e0000, 0x00007f49f5b50000)
  eden space 2552576K, 100% used [0x00007f44a0600000, 0x00007f453c2c0000, 0x00007f453c2c0000)
  from space 319040K,   1% used [0x00007f453c2c0000, 0x00007f453c746f80, 0x00007f454fa50000)
  to   space 319040K,   0% used [0x00007f454fa50000, 0x00007f454fa50000, 0x00007f45631e0000)
 tenured generation   total 6381288K, used 6378737K [0x00007f49f5b50000, 0x00007f4b7b30a000, 0x00007f54a0600000)
   the space 6381288K,  99% used [0x00007f49f5b50000, 0x00007f4b7b08c688, 0x00007f4b7b08c800, 0x00007f4b7b30a000)
 Metaspace       used 25086K, capacity 25559K, committed 25600K, reserved 26624K
}
Event: 87182.708 GC heap after
{Heap after GC invocations=77218 (full 4):
 def new generation   total 2871616K, used 4640K [0x00007f44a0600000, 0x00007f45631e0000, 0x00007f49f5b50000)
  eden space 2552576K,   0% used [0x00007f44a0600000, 0x00007f44a0600000, 0x00007f453c2c0000)
  from space 319040K,   1% used [0x00007f454fa50000, 0x00007f454fed80a8, 0x00007f45631e0000)
  to   space 319040K,   0% used [0x00007f453c2c0000, 0x00007f453c2c0000, 0x00007f454fa50000)
 tenured generation   total 6381288K, used 6379024K [0x00007f49f5b50000, 0x00007f4b7b30a000, 0x00007f54a0600000)
   the space 6381288K,  99% used [0x00007f49f5b50000, 0x00007f4b7b0d4098, 0x00007f4b7b0d4200, 0x00007f4b7b30a000)
 Metaspace       used 25086K, capacity 25559K, committed 25600K, reserved 26624K
}
Event: 87185.076 GC heap before
{Heap before GC invocations=77218 (full 4):
 def new generation   total 2871616K, used 2557216K [0x00007f44a0600000, 0x00007f45631e0000, 0x00007f49f5b50000)
  eden space 2552576K, 100% used [0x00007f44a0600000, 0x00007f453c2c0000, 0x00007f453c2c0000)
  from space 319040K,   1% used [0x00007f454fa50000, 0x00007f454fed80a8, 0x00007f45631e0000)
  to   space 319040K,   0% used [0x00007f453c2c0000, 0x00007f453c2c0000, 0x00007f454fa50000)
 tenured generation   total 6381288K, used 6379024K [0x00007f49f5b50000, 0x00007f4b7b30a000, 0x00007f54a0600000)
   the space 6381288K,  99% used [0x00007f49f5b50000, 0x00007f4b7b0d4098, 0x00007f4b7b0d4200, 0x00007f4b7b30a000)
 Metaspace       used 25086K, capacity 25559K, committed 25600K, reserved 26624K
}
Event: 87185.096 GC heap after
{Heap after GC invocations=77219 (full 4):
 def new generation   total 2871616K, used 4645K [0x00007f44a0600000, 0x00007f45631e0000, 0x00007f49f5b50000)
  eden space 2552576K,   0% used [0x00007f44a0600000, 0x00007f44a0600000, 0x00007f453c2c0000)
  from space 319040K,   1% used [0x00007f453c2c0000, 0x00007f453c749670, 0x00007f454fa50000)
  to   space 319040K,   0% used [0x00007f454fa50000, 0x00007f454fa50000, 0x00007f45631e0000)
 tenured generation   total 6381288K, used 6379336K [0x00007f49f5b50000, 0x00007f4b7b30a000, 0x00007f54a0600000)
   the space 6381288K,  99% used [0x00007f49f5b50000, 0x00007f4b7b1222d8, 0x00007f4b7b122400, 0x00007f4b7b30a000)
 Metaspace       used 25086K, capacity 25559K, committed 25600K, reserved 26624K
}
Event: 87187.500 GC heap before
{Heap before GC invocations=77219 (full 4):
 def new generation   total 2871616K, used 2557221K [0x00007f44a0600000, 0x00007f45631e0000, 0x00007f49f5b50000)
  eden space 2552576K, 100% used [0x00007f44a0600000, 0x00007f453c2c0000, 0x00007f453c2c0000)
  from space 319040K,   1% used [0x00007f453c2c0000, 0x00007f453c749670, 0x00007f454fa50000)
  to   space 319040K,   0% used [0x00007f454fa50000, 0x00007f454fa50000, 0x00007f45631e0000)
 tenured generation   total 6381288K, used 6379336K [0x00007f49f5b50000, 0x00007f4b7b30a000, 0x00007f54a0600000)
   the space 6381288K,  99% used [0x00007f49f5b50000, 0x00007f4b7b1222d8, 0x00007f4b7b122400, 0x00007f4b7b30a000)
 Metaspace       used 25086K, capacity 25559K, committed 25600K, reserved 26624K
}
Event: 87187.518 GC heap after
{Heap after GC invocations=77220 (full 4):
 def new generation   total 2871616K, used 4600K [0x00007f44a0600000, 0x00007f45631e0000, 0x00007f49f5b50000)
  eden space 2552576K,   0% used [0x00007f44a0600000, 0x00007f44a0600000, 0x00007f453c2c0000)
  from space 319040K,   1% used [0x00007f454fa50000, 0x00007f454fece278, 0x00007f45631e0000)
  to   space 319040K,   0% used [0x00007f453c2c0000, 0x00007f453c2c0000, 0x00007f454fa50000)
 tenured generation   total 6381288K, used 6379623K [0x00007f49f5b50000, 0x00007f4b7b30a000, 0x00007f54a0600000)
   the space 6381288K,  99% used [0x00007f49f5b50000, 0x00007f4b7b169ce8, 0x00007f4b7b169e00, 0x00007f4b7b30a000)
 Metaspace       used 25086K, capacity 25559K, committed 25600K, reserved 26624K
}
Event: 87189.919 GC heap before
{Heap before GC invocations=77220 (full 4):
 def new generation   total 2871616K, used 2557176K [0x00007f44a0600000, 0x00007f45631e0000, 0x00007f49f5b50000)
  eden space 2552576K, 100% used [0x00007f44a0600000, 0x00007f453c2c0000, 0x00007f453c2c0000)
  from space 319040K,   1% used [0x00007f454fa50000, 0x00007f454fece278, 0x00007f45631e0000)
  to   space 319040K,   0% used [0x00007f453c2c0000, 0x00007f453c2c0000, 0x00007f454fa50000)
 tenured generation   total 6381288K, used 6379623K [0x00007f49f5b50000, 0x00007f4b7b30a000, 0x00007f54a0600000)
   the space 6381288K,  99% used [0x00007f49f5b50000, 0x00007f4b7b169ce8, 0x00007f4b7b169e00, 0x00007f4b7b30a000)
 Metaspace       used 25086K, capacity 25559K, committed 25600K, reserved 26624K
}
Event: 87189.937 GC heap after
{Heap after GC invocations=77221 (full 4):
 def new generation   total 2871616K, used 4636K [0x00007f44a0600000, 0x00007f45631e0000, 0x00007f49f5b50000)
  eden space 2552576K,   0% used [0x00007f44a0600000, 0x00007f44a0600000, 0x00007f453c2c0000)
  from space 319040K,   1% used [0x00007f453c2c0000, 0x00007f453c7470c0, 0x00007f454fa50000)
  to   space 319040K,   0% used [0x00007f454fa50000, 0x00007f454fa50000, 0x00007f45631e0000)
 tenured generation   total 6381288K, used 6379909K [0x00007f49f5b50000, 0x00007f4b7b30a000, 0x00007f54a0600000)
   the space 6381288K,  99% used [0x00007f49f5b50000, 0x00007f4b7b1b16f8, 0x00007f4b7b1b1800, 0x00007f4b7b30a000)
 Metaspace       used 25086K, capacity 25559K, committed 25600K, reserved 26624K
}
Event: 87192.399 GC heap before
{Heap before GC invocations=77221 (full 4):
 def new generation   total 2871616K, used 2557212K [0x00007f44a0600000, 0x00007f45631e0000, 0x00007f49f5b50000)
  eden space 2552576K, 100% used [0x00007f44a0600000, 0x00007f453c2c0000, 0x00007f453c2c0000)
  from space 319040K,   1% used [0x00007f453c2c0000, 0x00007f453c7470c0, 0x00007f454fa50000)
  to   space 319040K,   0% used [0x00007f454fa50000, 0x00007f454fa50000, 0x00007f45631e0000)
 tenured generation   total 6381288K, used 6379909K [0x00007f49f5b50000, 0x00007f4b7b30a000, 0x00007f54a0600000)
   the space 6381288K,  99% used [0x00007f49f5b50000, 0x00007f4b7b1b16f8, 0x00007f4b7b1b1800, 0x00007f4b7b30a000)
 Metaspace       used 25086K, capacity 25559K, committed 25600K, reserved 26624K
}
Event: 87192.417 GC heap after
{Heap after GC invocations=77222 (full 4):
 def new generation   total 2871616K, used 4649K [0x00007f44a0600000, 0x00007f45631e0000, 0x00007f49f5b50000)
  eden space 2552576K,   0% used [0x00007f44a0600000, 0x00007f44a0600000, 0x00007f453c2c0000)
  from space 319040K,   1% used [0x00007f454fa50000, 0x00007f454feda4b0, 0x00007f45631e0000)
  to   space 319040K,   0% used [0x00007f453c2c0000, 0x00007f453c2c0000, 0x00007f454fa50000)
 tenured generation   total 6381288K, used 6380196K [0x00007f49f5b50000, 0x00007f4b7b30a000, 0x00007f54a0600000)
   the space 6381288K,  99% used [0x00007f49f5b50000, 0x00007f4b7b1f9108, 0x00007f4b7b1f9200, 0x00007f4b7b30a000)
 Metaspace       used 25086K, capacity 25559K, committed 25600K, reserved 26624K
}
Event: 87194.795 GC heap before
{Heap before GC invocations=77222 (full 4):
 def new generation   total 2871616K, used 2557225K [0x00007f44a0600000, 0x00007f45631e0000, 0x00007f49f5b50000)
  eden space 2552576K, 100% used [0x00007f44a0600000, 0x00007f453c2c0000, 0x00007f453c2c0000)
  from space 319040K,   1% used [0x00007f454fa50000, 0x00007f454feda4b0, 0x00007f45631e0000)
  to   space 319040K,   0% used [0x00007f453c2c0000, 0x00007f453c2c0000, 0x00007f454fa50000)
 tenured generation   total 6381288K, used 6380196K [0x00007f49f5b50000, 0x00007f4b7b30a000, 0x00007f54a0600000)
   the space 6381288K,  99% used [0x00007f49f5b50000, 0x00007f4b7b1f9108, 0x00007f4b7b1f9200, 0x00007f4b7b30a000)
 Metaspace       used 25086K, capacity 25559K, committed 25600K, reserved 26624K
}
Event: 87194.809 GC heap after
{Heap after GC invocations=77223 (full 4):
 def new generation   total 2871616K, used 4580K [0x00007f44a0600000, 0x00007f45631e0000, 0x00007f49f5b50000)
  eden space 2552576K,   0% used [0x00007f44a0600000, 0x00007f44a0600000, 0x00007f453c2c0000)
  from space 319040K,   1% used [0x00007f453c2c0000, 0x00007f453c7391d8, 0x00007f454fa50000)
  to   space 319040K,   0% used [0x00007f454fa50000, 0x00007f454fa50000, 0x00007f45631e0000)
 tenured generation   total 6381288K, used 6380508K [0x00007f49f5b50000, 0x00007f4b7b30a000, 0x00007f54a0600000)
   the space 6381288K,  99% used [0x00007f49f5b50000, 0x00007f4b7b247348, 0x00007f4b7b247400, 0x00007f4b7b30a000)
 Metaspace       used 25086K, capacity 25559K, committed 25600K, reserved 26624K
}
Event: 87197.173 GC heap before
{Heap before GC invocations=77223 (full 4):
 def new generation   total 2871616K, used 2557156K [0x00007f44a0600000, 0x00007f45631e0000, 0x00007f49f5b50000)
  eden space 2552576K, 100% used [0x00007f44a0600000, 0x00007f453c2c0000, 0x00007f453c2c0000)
  from space 319040K,   1% used [0x00007f453c2c0000, 0x00007f453c7391d8, 0x00007f454fa50000)
  to   space 319040K,   0% used [0x00007f454fa50000, 0x00007f454fa50000, 0x00007f45631e0000)
 tenured generation   total 6381288K, used 6380508K [0x00007f49f5b50000, 0x00007f4b7b30a000, 0x00007f54a0600000)
   the space 6381288K,  99% used [0x00007f49f5b50000, 0x00007f4b7b247348, 0x00007f4b7b247400, 0x00007f4b7b30a000)
 Metaspace       used 25086K, capacity 25559K, committed 25600K, reserved 26624K
}
Event: 87197.190 GC heap after
{Heap after GC invocations=77224 (full 4):
 def new generation   total 2871616K, used 4614K [0x00007f44a0600000, 0x00007f45631e0000, 0x00007f49f5b50000)
  eden space 2552576K,   0% used [0x00007f44a0600000, 0x00007f44a0600000, 0x00007f453c2c0000)
  from space 319040K,   1% used [0x00007f454fa50000, 0x00007f454fed1828, 0x00007f45631e0000)
  to   space 319040K,   0% used [0x00007f453c2c0000, 0x00007f453c2c0000, 0x00007f454fa50000)
 tenured generation   total 6381288K, used 6380795K [0x00007f49f5b50000, 0x00007f4b7b30a000, 0x00007f54a0600000)
   the space 6381288K,  99% used [0x00007f49f5b50000, 0x00007f4b7b28ed58, 0x00007f4b7b28ee00, 0x00007f4b7b30a000)
 Metaspace       used 25086K, capacity 25559K, committed 25600K, reserved 26624K
}
Event: 87199.618 GC heap before
{Heap before GC invocations=77224 (full 4):
 def new generation   total 2871616K, used 2557190K [0x00007f44a0600000, 0x00007f45631e0000, 0x00007f49f5b50000)
  eden space 2552576K, 100% used [0x00007f44a0600000, 0x00007f453c2c0000, 0x00007f453c2c0000)
  from space 319040K,   1% used [0x00007f454fa50000, 0x00007f454fed1828, 0x00007f45631e0000)
  to   space 319040K,   0% used [0x00007f453c2c0000, 0x00007f453c2c0000, 0x00007f454fa50000)
 tenured generation   total 6381288K, used 6380795K [0x00007f49f5b50000, 0x00007f4b7b30a000, 0x00007f54a0600000)
   the space 6381288K,  99% used [0x00007f49f5b50000, 0x00007f4b7b28ed58, 0x00007f4b7b28ee00, 0x00007f4b7b30a000)
 Metaspace       used 25086K, capacity 25559K, committed 25600K, reserved 26624K
}
Event: 87199.639 GC heap after
{Heap after GC invocations=77225 (full 4):
 def new generation   total 2871616K, used 4641K [0x00007f44a0600000, 0x00007f45631e0000, 0x00007f49f5b50000)
  eden space 2552576K,   0% used [0x00007f44a0600000, 0x00007f44a0600000, 0x00007f453c2c0000)
  from space 319040K,   1% used [0x00007f453c2c0000, 0x00007f453c748468, 0x00007f454fa50000)
  to   space 319040K,   0% used [0x00007f454fa50000, 0x00007f454fa50000, 0x00007f45631e0000)
 tenured generation   total 6381288K, used 6381081K [0x00007f49f5b50000, 0x00007f4b7b30a000, 0x00007f54a0600000)
   the space 6381288K,  99% used [0x00007f49f5b50000, 0x00007f4b7b2d6768, 0x00007f4b7b2d6800, 0x00007f4b7b30a000)
 Metaspace       used 25086K, capacity 25559K, committed 25600K, reserved 26624K
}
Event: 87202.006 GC heap before
{Heap before GC invocations=77225 (full 4):
 def new generation   total 2871616K, used 2557217K [0x00007f44a0600000, 0x00007f45631e0000, 0x00007f49f5b50000)
  eden space 2552576K, 100% used [0x00007f44a0600000, 0x00007f453c2c0000, 0x00007f453c2c0000)
  from space 319040K,   1% used [0x00007f453c2c0000, 0x00007f453c748468, 0x00007f454fa50000)
  to   space 319040K,   0% used [0x00007f454fa50000, 0x00007f454fa50000, 0x00007f45631e0000)
 tenured generation   total 6381288K, used 6381081K [0x00007f49f5b50000, 0x00007f4b7b30a000, 0x00007f54a0600000)
   the space 6381288K,  99% used [0x00007f49f5b50000, 0x00007f4b7b2d6768, 0x00007f4b7b2d6800, 0x00007f4b7b30a000)
 Metaspace       used 25086K, capacity 25559K, committed 25600K, reserved 26624K
}
Event: 87202.019 GC heap after
{Heap after GC invocations=77226 (full 4):
 def new generation   total 2871616K, used 4464K [0x00007f44a0600000, 0x00007f45631e0000, 0x00007f49f5b50000)
  eden space 2552576K,   0% used [0x00007f44a0600000, 0x00007f44a0600000, 0x00007f453c2c0000)
  from space 319040K,   1% used [0x00007f454fa50000, 0x00007f454feac020, 0x00007f45631e0000)
  to   space 319040K,   0% used [0x00007f453c2c0000, 0x00007f453c2c0000, 0x00007f454fa50000)
 tenured generation   total 6381672K, used 6381516K [0x00007f49f5b50000, 0x00007f4b7b36a000, 0x00007f54a0600000)
   the space 6381672K,  99% used [0x00007f49f5b50000, 0x00007f4b7b3432f0, 0x00007f4b7b343400, 0x00007f4b7b36a000)
 Metaspace       used 25086K, capacity 25559K, committed 25600K, reserved 26624K
}
Event: 87202.019 GC heap before
{Heap before GC invocations=77226 (full 4):
 def new generation   total 2871616K, used 4464K [0x00007f44a0600000, 0x00007f45631e0000, 0x00007f49f5b50000)
  eden space 2552576K,   0% used [0x00007f44a0600000, 0x00007f44a0600000, 0x00007f453c2c0000)
  from space 319040K,   1% used [0x00007f454fa50000, 0x00007f454feac020, 0x00007f45631e0000)
  to   space 319040K,   0% used [0x00007f453c2c0000, 0x00007f453c2c0000, 0x00007f454fa50000)
 tenured generation   total 6381672K, used 6381516K [0x00007f49f5b50000, 0x00007f4b7b36a000, 0x00007f54a0600000)
   the space 6381672K,  99% used [0x00007f49f5b50000, 0x00007f4b7b3432f0, 0x00007f4b7b343400, 0x00007f4b7b36a000)
 Metaspace       used 25086K, capacity 25559K, committed 25600K, reserved 26624K
}

