# JRE version: OpenJDK Runtime Environment (13.0.7+5) (build 13.0.7+5-Ubuntu-0ubuntu120.04)
# Java VM: OpenJDK 64-Bit Server VM (13.0.7+5-Ubuntu-0ubuntu120.04, mixed mode, tiered, serial gc, linux-amd64)
Heap:
 def new generation   total 1748160K, used 0K [0x00007fbb54600000, 0x00007fbbcaed0000, 0x00007fc0a9b50000)
  eden space 1553984K,   0% used [0x00007fbb54600000, 0x00007fbb54600000, 0x00007fbbb3390000)
  from space 194176K,   0% used [0x00007fbbb3390000, 0x00007fbbb3390000, 0x00007fbbbf130000)
  to   space 194176K,   0% used [0x00007fbbbf130000, 0x00007fbbbf130000, 0x00007fbbcaed0000)
 tenured generation   total 3884780K, used 3844414K [0x00007fc0a9b50000, 0x00007fc196d0b000, 0x00007fcb54600000)
   the space 3884780K,  98% used [0x00007fc0a9b50000, 0x00007fc19459f810, 0x00007fc19459fa00, 0x00007fc196d0b000)
 Metaspace       used 24821K, capacity 25299K, committed 25344K, reserved 26624K
GC Heap History (20 events):
Event: 24899.428 GC heap after
{Heap after GC invocations=31521 (full 3):
 def new generation   total 1748160K, used 3480K [0x00007fbb54600000, 0x00007fbbcaed0000, 0x00007fc0a9b50000)
  eden space 1553984K,   0% used [0x00007fbb54600000, 0x00007fbb54600000, 0x00007fbbb3390000)
  from space 194176K,   1% used [0x00007fbbbf130000, 0x00007fbbbf4963c0, 0x00007fbbcaed0000)
  to   space 194176K,   0% used [0x00007fbbb3390000, 0x00007fbbb3390000, 0x00007fbbbf130000)
 tenured generation   total 3884588K, used 3882805K [0x00007fc0a9b50000, 0x00007fc196cdb000, 0x00007fcb54600000)
   the space 3884588K,  99% used [0x00007fc0a9b50000, 0x00007fc196b1d500, 0x00007fc196b1d600, 0x00007fc196cdb000)
 Metaspace       used 24821K, capacity 25299K, committed 25344K, reserved 26624K
}
Event: 24900.773 GC heap before
{Heap before GC invocations=31521 (full 3):
 def new generation   total 1748160K, used 1557464K [0x00007fbb54600000, 0x00007fbbcaed0000, 0x00007fc0a9b50000)
  eden space 1553984K, 100% used [0x00007fbb54600000, 0x00007fbbb3390000, 0x00007fbbb3390000)
  from space 194176K,   1% used [0x00007fbbbf130000, 0x00007fbbbf4963c0, 0x00007fbbcaed0000)
  to   space 194176K,   0% used [0x00007fbbb3390000, 0x00007fbbb3390000, 0x00007fbbbf130000)
 tenured generation   total 3884588K, used 3882805K [0x00007fc0a9b50000, 0x00007fc196cdb000, 0x00007fcb54600000)
   the space 3884588K,  99% used [0x00007fc0a9b50000, 0x00007fc196b1d500, 0x00007fc196b1d600, 0x00007fc196cdb000)
 Metaspace       used 24821K, capacity 25299K, committed 25344K, reserved 26624K
}
Event: 24900.782 GC heap after
{Heap after GC invocations=31522 (full 3):
 def new generation   total 1748160K, used 3470K [0x00007fbb54600000, 0x00007fbbcaed0000, 0x00007fc0a9b50000)
  eden space 1553984K,   0% used [0x00007fbb54600000, 0x00007fbb54600000, 0x00007fbbb3390000)
  from space 194176K,   1% used [0x00007fbbb3390000, 0x00007fbbb36f3a58, 0x00007fbbbf130000)
  to   space 194176K,   0% used [0x00007fbbbf130000, 0x00007fbbbf130000, 0x00007fbbcaed0000)
 tenured generation   total 3884588K, used 3883023K [0x00007fc0a9b50000, 0x00007fc196cdb000, 0x00007fcb54600000)
   the space 3884588K,  99% used [0x00007fc0a9b50000, 0x00007fc196b53f58, 0x00007fc196b54000, 0x00007fc196cdb000)
 Metaspace       used 24821K, capacity 25299K, committed 25344K, reserved 26624K
}
Event: 24902.176 GC heap before
{Heap before GC invocations=31522 (full 3):
 def new generation   total 1748160K, used 1557454K [0x00007fbb54600000, 0x00007fbbcaed0000, 0x00007fc0a9b50000)
  eden space 1553984K, 100% used [0x00007fbb54600000, 0x00007fbbb3390000, 0x00007fbbb3390000)
  from space 194176K,   1% used [0x00007fbbb3390000, 0x00007fbbb36f3a58, 0x00007fbbbf130000)
  to   space 194176K,   0% used [0x00007fbbbf130000, 0x00007fbbbf130000, 0x00007fbbcaed0000)
 tenured generation   total 3884588K, used 3883023K [0x00007fc0a9b50000, 0x00007fc196cdb000, 0x00007fcb54600000)
   the space 3884588K,  99% used [0x00007fc0a9b50000, 0x00007fc196b53f58, 0x00007fc196b54000, 0x00007fc196cdb000)
 Metaspace       used 24821K, capacity 25299K, committed 25344K, reserved 26624K
}
Event: 24902.188 GC heap after
{Heap after GC invocations=31523 (full 3):
 def new generation   total 1748160K, used 3473K [0x00007fbb54600000, 0x00007fbbcaed0000, 0x00007fc0a9b50000)
  eden space 1553984K,   0% used [0x00007fbb54600000, 0x00007fbb54600000, 0x00007fbbb3390000)
  from space 194176K,   1% used [0x00007fbbbf130000, 0x00007fbbbf494510, 0x00007fbbcaed0000)
  to   space 194176K,   0% used [0x00007fbbb3390000, 0x00007fbbb3390000, 0x00007fbbbf130000)
 tenured generation   total 3884588K, used 3883242K [0x00007fc0a9b50000, 0x00007fc196cdb000, 0x00007fcb54600000)
   the space 3884588K,  99% used [0x00007fc0a9b50000, 0x00007fc196b8a9b0, 0x00007fc196b8aa00, 0x00007fc196cdb000)
 Metaspace       used 24821K, capacity 25299K, committed 25344K, reserved 26624K
}
Event: 24903.540 GC heap before
{Heap before GC invocations=31523 (full 3):
 def new generation   total 1748160K, used 1557457K [0x00007fbb54600000, 0x00007fbbcaed0000, 0x00007fc0a9b50000)
  eden space 1553984K, 100% used [0x00007fbb54600000, 0x00007fbbb3390000, 0x00007fbbb3390000)
  from space 194176K,   1% used [0x00007fbbbf130000, 0x00007fbbbf494510, 0x00007fbbcaed0000)
  to   space 194176K,   0% used [0x00007fbbb3390000, 0x00007fbbb3390000, 0x00007fbbbf130000)
 tenured generation   total 3884588K, used 3883242K [0x00007fc0a9b50000, 0x00007fc196cdb000, 0x00007fcb54600000)
   the space 3884588K,  99% used [0x00007fc0a9b50000, 0x00007fc196b8a9b0, 0x00007fc196b8aa00, 0x00007fc196cdb000)
 Metaspace       used 24821K, capacity 25299K, committed 25344K, reserved 26624K
}
Event: 24903.551 GC heap after
{Heap after GC invocations=31524 (full 3):
 def new generation   total 1748160K, used 3491K [0x00007fbb54600000, 0x00007fbbcaed0000, 0x00007fc0a9b50000)
  eden space 1553984K,   0% used [0x00007fbb54600000, 0x00007fbb54600000, 0x00007fbbb3390000)
  from space 194176K,   1% used [0x00007fbbb3390000, 0x00007fbbb36f8d78, 0x00007fbbbf130000)
  to   space 194176K,   0% used [0x00007fbbbf130000, 0x00007fbbbf130000, 0x00007fbbcaed0000)
 tenured generation   total 3884588K, used 3883461K [0x00007fc0a9b50000, 0x00007fc196cdb000, 0x00007fcb54600000)
   the space 3884588K,  99% used [0x00007fc0a9b50000, 0x00007fc196bc1408, 0x00007fc196bc1600, 0x00007fc196cdb000)
 Metaspace       used 24821K, capacity 25299K, committed 25344K, reserved 26624K
}
Event: 24904.948 GC heap before
{Heap before GC invocations=31524 (full 3):
 def new generation   total 1748160K, used 1557475K [0x00007fbb54600000, 0x00007fbbcaed0000, 0x00007fc0a9b50000)
  eden space 1553984K, 100% used [0x00007fbb54600000, 0x00007fbbb3390000, 0x00007fbbb3390000)
  from space 194176K,   1% used [0x00007fbbb3390000, 0x00007fbbb36f8d78, 0x00007fbbbf130000)
  to   space 194176K,   0% used [0x00007fbbbf130000, 0x00007fbbbf130000, 0x00007fbbcaed0000)
 tenured generation   total 3884588K, used 3883461K [0x00007fc0a9b50000, 0x00007fc196cdb000, 0x00007fcb54600000)
   the space 3884588K,  99% used [0x00007fc0a9b50000, 0x00007fc196bc1408, 0x00007fc196bc1600, 0x00007fc196cdb000)
 Metaspace       used 24821K, capacity 25299K, committed 25344K, reserved 26624K
}
Event: 24904.957 GC heap after
{Heap after GC invocations=31525 (full 3):
 def new generation   total 1748160K, used 3476K [0x00007fbb54600000, 0x00007fbbcaed0000, 0x00007fc0a9b50000)
  eden space 1553984K,   0% used [0x00007fbb54600000, 0x00007fbb54600000, 0x00007fbbb3390000)
  from space 194176K,   1% used [0x00007fbbbf130000, 0x00007fbbbf4950d8, 0x00007fbbcaed0000)
  to   space 194176K,   0% used [0x00007fbbb3390000, 0x00007fbbb3390000, 0x00007fbbbf130000)
 tenured generation   total 3884588K, used 3883679K [0x00007fc0a9b50000, 0x00007fc196cdb000, 0x00007fcb54600000)
   the space 3884588K,  99% used [0x00007fc0a9b50000, 0x00007fc196bf7e60, 0x00007fc196bf8000, 0x00007fc196cdb000)
 Metaspace       used 24821K, capacity 25299K, committed 25344K, reserved 26624K
}
Event: 24906.333 GC heap before
{Heap before GC invocations=31525 (full 3):
 def new generation   total 1748160K, used 1557460K [0x00007fbb54600000, 0x00007fbbcaed0000, 0x00007fc0a9b50000)
  eden space 1553984K, 100% used [0x00007fbb54600000, 0x00007fbbb3390000, 0x00007fbbb3390000)
  from space 194176K,   1% used [0x00007fbbbf130000, 0x00007fbbbf4950d8, 0x00007fbbcaed0000)
  to   space 194176K,   0% used [0x00007fbbb3390000, 0x00007fbbb3390000, 0x00007fbbbf130000)
 tenured generation   total 3884588K, used 3883679K [0x00007fc0a9b50000, 0x00007fc196cdb000, 0x00007fcb54600000)
   the space 3884588K,  99% used [0x00007fc0a9b50000, 0x00007fc196bf7e60, 0x00007fc196bf8000, 0x00007fc196cdb000)
 Metaspace       used 24821K, capacity 25299K, committed 25344K, reserved 26624K
}
Event: 24906.340 GC heap after
{Heap after GC invocations=31526 (full 3):
 def new generation   total 1748160K, used 3474K [0x00007fbb54600000, 0x00007fbbcaed0000, 0x00007fc0a9b50000)
  eden space 1553984K,   0% used [0x00007fbb54600000, 0x00007fbb54600000, 0x00007fbbb3390000)
  from space 194176K,   1% used [0x00007fbbb3390000, 0x00007fbbb36f4bc8, 0x00007fbbbf130000)
  to   space 194176K,   0% used [0x00007fbbbf130000, 0x00007fbbbf130000, 0x00007fbbcaed0000)
 tenured generation   total 3884588K, used 3883898K [0x00007fc0a9b50000, 0x00007fc196cdb000, 0x00007fcb54600000)
   the space 3884588K,  99% used [0x00007fc0a9b50000, 0x00007fc196c2e8b8, 0x00007fc196c2ea00, 0x00007fc196cdb000)
 Metaspace       used 24821K, capacity 25299K, committed 25344K, reserved 26624K
}
Event: 24907.702 GC heap before
{Heap before GC invocations=31526 (full 3):
 def new generation   total 1748160K, used 1557458K [0x00007fbb54600000, 0x00007fbbcaed0000, 0x00007fc0a9b50000)
  eden space 1553984K, 100% used [0x00007fbb54600000, 0x00007fbbb3390000, 0x00007fbbb3390000)
  from space 194176K,   1% used [0x00007fbbb3390000, 0x00007fbbb36f4bc8, 0x00007fbbbf130000)
  to   space 194176K,   0% used [0x00007fbbbf130000, 0x00007fbbbf130000, 0x00007fbbcaed0000)
 tenured generation   total 3884588K, used 3883898K [0x00007fc0a9b50000, 0x00007fc196cdb000, 0x00007fcb54600000)
   the space 3884588K,  99% used [0x00007fc0a9b50000, 0x00007fc196c2e8b8, 0x00007fc196c2ea00, 0x00007fc196cdb000)
 Metaspace       used 24821K, capacity 25299K, committed 25344K, reserved 26624K
}
Event: 24907.713 GC heap after
{Heap after GC invocations=31527 (full 3):
 def new generation   total 1748160K, used 3482K [0x00007fbb54600000, 0x00007fbbcaed0000, 0x00007fc0a9b50000)
  eden space 1553984K,   0% used [0x00007fbb54600000, 0x00007fbb54600000, 0x00007fbbb3390000)
  from space 194176K,   1% used [0x00007fbbbf130000, 0x00007fbbbf496ac0, 0x00007fbbcaed0000)
  to   space 194176K,   0% used [0x00007fbbb3390000, 0x00007fbbb3390000, 0x00007fbbbf130000)
 tenured generation   total 3884588K, used 3884116K [0x00007fc0a9b50000, 0x00007fc196cdb000, 0x00007fcb54600000)
   the space 3884588K,  99% used [0x00007fc0a9b50000, 0x00007fc196c65310, 0x00007fc196c65400, 0x00007fc196cdb000)
 Metaspace       used 24821K, capacity 25299K, committed 25344K, reserved 26624K
}
Event: 24909.092 GC heap before
{Heap before GC invocations=31527 (full 3):
 def new generation   total 1748160K, used 1557466K [0x00007fbb54600000, 0x00007fbbcaed0000, 0x00007fc0a9b50000)
  eden space 1553984K, 100% used [0x00007fbb54600000, 0x00007fbbb3390000, 0x00007fbbb3390000)
  from space 194176K,   1% used [0x00007fbbbf130000, 0x00007fbbbf496ac0, 0x00007fbbcaed0000)
  to   space 194176K,   0% used [0x00007fbbb3390000, 0x00007fbbb3390000, 0x00007fbbbf130000)
 tenured generation   total 3884588K, used 3884116K [0x00007fc0a9b50000, 0x00007fc196cdb000, 0x00007fcb54600000)
   the space 3884588K,  99% used [0x00007fc0a9b50000, 0x00007fc196c65310, 0x00007fc196c65400, 0x00007fc196cdb000)
 Metaspace       used 24821K, capacity 25299K, committed 25344K, reserved 26624K
}
Event: 24909.102 GC heap after
{Heap after GC invocations=31528 (full 3):
 def new generation   total 1748160K, used 3481K [0x00007fbb54600000, 0x00007fbbcaed0000, 0x00007fc0a9b50000)
  eden space 1553984K,   0% used [0x00007fbb54600000, 0x00007fbb54600000, 0x00007fbbb3390000)
  from space 194176K,   1% used [0x00007fbbb3390000, 0x00007fbbb36f6560, 0x00007fbbbf130000)
  to   space 194176K,   0% used [0x00007fbbbf130000, 0x00007fbbbf130000, 0x00007fbbcaed0000)
 tenured generation   total 3884588K, used 3884335K [0x00007fc0a9b50000, 0x00007fc196cdb000, 0x00007fcb54600000)
   the space 3884588K,  99% used [0x00007fc0a9b50000, 0x00007fc196c9bd68, 0x00007fc196c9be00, 0x00007fc196cdb000)
 Metaspace       used 24821K, capacity 25299K, committed 25344K, reserved 26624K
}
Event: 24910.463 GC heap before
{Heap before GC invocations=31528 (full 3):
 def new generation   total 1748160K, used 1557465K [0x00007fbb54600000, 0x00007fbbcaed0000, 0x00007fc0a9b50000)
  eden space 1553984K, 100% used [0x00007fbb54600000, 0x00007fbbb3390000, 0x00007fbbb3390000)
  from space 194176K,   1% used [0x00007fbbb3390000, 0x00007fbbb36f6560, 0x00007fbbbf130000)
  to   space 194176K,   0% used [0x00007fbbbf130000, 0x00007fbbbf130000, 0x00007fbbcaed0000)
 tenured generation   total 3884588K, used 3884335K [0x00007fc0a9b50000, 0x00007fc196cdb000, 0x00007fcb54600000)
   the space 3884588K,  99% used [0x00007fc0a9b50000, 0x00007fc196c9bd68, 0x00007fc196c9be00, 0x00007fc196cdb000)
 Metaspace       used 24821K, capacity 25299K, committed 25344K, reserved 26624K
}
Event: 24910.471 GC heap after
{Heap after GC invocations=31529 (full 3):
 def new generation   total 1748160K, used 3474K [0x00007fbb54600000, 0x00007fbbcaed0000, 0x00007fc0a9b50000)
  eden space 1553984K,   0% used [0x00007fbb54600000, 0x00007fbb54600000, 0x00007fbbb3390000)
  from space 194176K,   1% used [0x00007fbbbf130000, 0x00007fbbbf494a28, 0x00007fbbcaed0000)
  to   space 194176K,   0% used [0x00007fbbb3390000, 0x00007fbbb3390000, 0x00007fbbbf130000)
 tenured generation   total 3884588K, used 3884553K [0x00007fc0a9b50000, 0x00007fc196cdb000, 0x00007fcb54600000)
   the space 3884588K,  99% used [0x00007fc0a9b50000, 0x00007fc196cd27c0, 0x00007fc196cd2800, 0x00007fc196cdb000)
 Metaspace       used 24821K, capacity 25299K, committed 25344K, reserved 26624K
}
Event: 24911.864 GC heap before
{Heap before GC invocations=31529 (full 3):
 def new generation   total 1748160K, used 1557458K [0x00007fbb54600000, 0x00007fbbcaed0000, 0x00007fc0a9b50000)
  eden space 1553984K, 100% used [0x00007fbb54600000, 0x00007fbbb3390000, 0x00007fbbb3390000)
  from space 194176K,   1% used [0x00007fbbbf130000, 0x00007fbbbf494a28, 0x00007fbbcaed0000)
  to   space 194176K,   0% used [0x00007fbbb3390000, 0x00007fbbb3390000, 0x00007fbbbf130000)
 tenured generation   total 3884588K, used 3884553K [0x00007fc0a9b50000, 0x00007fc196cdb000, 0x00007fcb54600000)
   the space 3884588K,  99% used [0x00007fc0a9b50000, 0x00007fc196cd27c0, 0x00007fc196cd2800, 0x00007fc196cdb000)
 Metaspace       used 24821K, capacity 25299K, committed 25344K, reserved 26624K
}
Event: 24911.875 GC heap after
{Heap after GC invocations=31530 (full 3):
 def new generation   total 1748160K, used 3480K [0x00007fbb54600000, 0x00007fbbcaed0000, 0x00007fc0a9b50000)
  eden space 1553984K,   0% used [0x00007fbb54600000, 0x00007fbb54600000, 0x00007fbbb3390000)
  from space 194176K,   1% used [0x00007fbbb3390000, 0x00007fbbb36f6100, 0x00007fbbbf130000)
  to   space 194176K,   0% used [0x00007fbbbf130000, 0x00007fbbbf130000, 0x00007fbbcaed0000)
 tenured generation   total 3884780K, used 3884772K [0x00007fc0a9b50000, 0x00007fc196d0b000, 0x00007fcb54600000)
   the space 3884780K,  99% used [0x00007fc0a9b50000, 0x00007fc196d09218, 0x00007fc196d09400, 0x00007fc196d0b000)
 Metaspace       used 24821K, capacity 25299K, committed 25344K, reserved 26624K
}
Event: 24911.875 GC heap before
{Heap before GC invocations=31530 (full 3):
 def new generation   total 1748160K, used 3480K [0x00007fbb54600000, 0x00007fbbcaed0000, 0x00007fc0a9b50000)
  eden space 1553984K,   0% used [0x00007fbb54600000, 0x00007fbb54600000, 0x00007fbbb3390000)
  from space 194176K,   1% used [0x00007fbbb3390000, 0x00007fbbb36f6100, 0x00007fbbbf130000)
  to   space 194176K,   0% used [0x00007fbbbf130000, 0x00007fbbbf130000, 0x00007fbbcaed0000)
 tenured generation   total 3884780K, used 3884772K [0x00007fc0a9b50000, 0x00007fc196d0b000, 0x00007fcb54600000)
   the space 3884780K,  99% used [0x00007fc0a9b50000, 0x00007fc196d09218, 0x00007fc196d09400, 0x00007fc196d0b000)
 Metaspace       used 24821K, capacity 25299K, committed 25344K, reserved 26624K
}

