# JRE version: OpenJDK Runtime Environment (13.0.7+5) (build 13.0.7+5-Ubuntu-0ubuntu120.04)
# Java VM: OpenJDK 64-Bit Server VM (13.0.7+5-Ubuntu-0ubuntu120.04, mixed mode, tiered, serial gc, linux-amd64)
Heap:
 def new generation   total 1748160K, used 0K [0x00007efc20600000, 0x00007efc96ed0000, 0x00007f0175b50000)
  eden space 1553984K,   0% used [0x00007efc20600000, 0x00007efc20600000, 0x00007efc7f390000)
  from space 194176K,   0% used [0x00007efc7f390000, 0x00007efc7f390000, 0x00007efc8b130000)
  to   space 194176K,   0% used [0x00007efc8b130000, 0x00007efc8b130000, 0x00007efc96ed0000)
 tenured generation   total 3884780K, used 3845042K [0x00007f0175b50000, 0x00007f0262d0b000, 0x00007f0c20600000)
   the space 3884780K,  98% used [0x00007f0175b50000, 0x00007f026063cb48, 0x00007f026063cc00, 0x00007f0262d0b000)
 Metaspace       used 24829K, capacity 25299K, committed 25344K, reserved 26624K
GC Heap History (20 events):
Event: 15604.423 GC heap after
{Heap after GC invocations=30437 (full 3):
 def new generation   total 1748160K, used 3458K [0x00007efc20600000, 0x00007efc96ed0000, 0x00007f0175b50000)
  eden space 1553984K,   0% used [0x00007efc20600000, 0x00007efc20600000, 0x00007efc7f390000)
  from space 194176K,   1% used [0x00007efc8b130000, 0x00007efc8b490ac8, 0x00007efc96ed0000)
  to   space 194176K,   0% used [0x00007efc7f390000, 0x00007efc7f390000, 0x00007efc8b130000)
 tenured generation   total 3884588K, used 3882696K [0x00007f0175b50000, 0x00007f0262cdb000, 0x00007f0c20600000)
   the space 3884588K,  99% used [0x00007f0175b50000, 0x00007f0262b02028, 0x00007f0262b02200, 0x00007f0262cdb000)
 Metaspace       used 24829K, capacity 25299K, committed 25344K, reserved 26624K
}
Event: 15605.380 GC heap before
{Heap before GC invocations=30437 (full 3):
 def new generation   total 1748160K, used 1557442K [0x00007efc20600000, 0x00007efc96ed0000, 0x00007f0175b50000)
  eden space 1553984K, 100% used [0x00007efc20600000, 0x00007efc7f390000, 0x00007efc7f390000)
  from space 194176K,   1% used [0x00007efc8b130000, 0x00007efc8b490ac8, 0x00007efc96ed0000)
  to   space 194176K,   0% used [0x00007efc7f390000, 0x00007efc7f390000, 0x00007efc8b130000)
 tenured generation   total 3884588K, used 3882696K [0x00007f0175b50000, 0x00007f0262cdb000, 0x00007f0c20600000)
   the space 3884588K,  99% used [0x00007f0175b50000, 0x00007f0262b02028, 0x00007f0262b02200, 0x00007f0262cdb000)
 Metaspace       used 24829K, capacity 25299K, committed 25344K, reserved 26624K
}
Event: 15605.386 GC heap after
{Heap after GC invocations=30438 (full 3):
 def new generation   total 1748160K, used 3453K [0x00007efc20600000, 0x00007efc96ed0000, 0x00007f0175b50000)
  eden space 1553984K,   0% used [0x00007efc20600000, 0x00007efc20600000, 0x00007efc7f390000)
  from space 194176K,   1% used [0x00007efc7f390000, 0x00007efc7f6ef7a8, 0x00007efc8b130000)
  to   space 194176K,   0% used [0x00007efc8b130000, 0x00007efc8b130000, 0x00007efc96ed0000)
 tenured generation   total 3884588K, used 3882936K [0x00007f0175b50000, 0x00007f0262cdb000, 0x00007f0c20600000)
   the space 3884588K,  99% used [0x00007f0175b50000, 0x00007f0262b3e130, 0x00007f0262b3e200, 0x00007f0262cdb000)
 Metaspace       used 24829K, capacity 25299K, committed 25344K, reserved 26624K
}
Event: 15606.419 GC heap before
{Heap before GC invocations=30438 (full 3):
 def new generation   total 1748160K, used 1557437K [0x00007efc20600000, 0x00007efc96ed0000, 0x00007f0175b50000)
  eden space 1553984K, 100% used [0x00007efc20600000, 0x00007efc7f390000, 0x00007efc7f390000)
  from space 194176K,   1% used [0x00007efc7f390000, 0x00007efc7f6ef7a8, 0x00007efc8b130000)
  to   space 194176K,   0% used [0x00007efc8b130000, 0x00007efc8b130000, 0x00007efc96ed0000)
 tenured generation   total 3884588K, used 3882936K [0x00007f0175b50000, 0x00007f0262cdb000, 0x00007f0c20600000)
   the space 3884588K,  99% used [0x00007f0175b50000, 0x00007f0262b3e130, 0x00007f0262b3e200, 0x00007f0262cdb000)
 Metaspace       used 24829K, capacity 25299K, committed 25344K, reserved 26624K
}
Event: 15606.425 GC heap after
{Heap after GC invocations=30439 (full 3):
 def new generation   total 1748160K, used 3445K [0x00007efc20600000, 0x00007efc96ed0000, 0x00007f0175b50000)
  eden space 1553984K,   0% used [0x00007efc20600000, 0x00007efc20600000, 0x00007efc7f390000)
  from space 194176K,   1% used [0x00007efc8b130000, 0x00007efc8b48d778, 0x00007efc96ed0000)
  to   space 194176K,   0% used [0x00007efc7f390000, 0x00007efc7f390000, 0x00007efc8b130000)
 tenured generation   total 3884588K, used 3883149K [0x00007f0175b50000, 0x00007f0262cdb000, 0x00007f0c20600000)
   the space 3884588K,  99% used [0x00007f0175b50000, 0x00007f0262b73770, 0x00007f0262b73800, 0x00007f0262cdb000)
 Metaspace       used 24829K, capacity 25299K, committed 25344K, reserved 26624K
}
Event: 15607.392 GC heap before
{Heap before GC invocations=30439 (full 3):
 def new generation   total 1748160K, used 1557429K [0x00007efc20600000, 0x00007efc96ed0000, 0x00007f0175b50000)
  eden space 1553984K, 100% used [0x00007efc20600000, 0x00007efc7f390000, 0x00007efc7f390000)
  from space 194176K,   1% used [0x00007efc8b130000, 0x00007efc8b48d778, 0x00007efc96ed0000)
  to   space 194176K,   0% used [0x00007efc7f390000, 0x00007efc7f390000, 0x00007efc8b130000)
 tenured generation   total 3884588K, used 3883149K [0x00007f0175b50000, 0x00007f0262cdb000, 0x00007f0c20600000)
   the space 3884588K,  99% used [0x00007f0175b50000, 0x00007f0262b73770, 0x00007f0262b73800, 0x00007f0262cdb000)
 Metaspace       used 24829K, capacity 25299K, committed 25344K, reserved 26624K
}
Event: 15607.399 GC heap after
{Heap after GC invocations=30440 (full 3):
 def new generation   total 1748160K, used 3464K [0x00007efc20600000, 0x00007efc96ed0000, 0x00007f0175b50000)
  eden space 1553984K,   0% used [0x00007efc20600000, 0x00007efc20600000, 0x00007efc7f390000)
  from space 194176K,   1% used [0x00007efc7f390000, 0x00007efc7f6f2118, 0x00007efc8b130000)
  to   space 194176K,   0% used [0x00007efc8b130000, 0x00007efc8b130000, 0x00007efc96ed0000)
 tenured generation   total 3884588K, used 3883390K [0x00007f0175b50000, 0x00007f0262cdb000, 0x00007f0c20600000)
   the space 3884588K,  99% used [0x00007f0175b50000, 0x00007f0262baf878, 0x00007f0262bafa00, 0x00007f0262cdb000)
 Metaspace       used 24829K, capacity 25299K, committed 25344K, reserved 26624K
}
Event: 15608.342 GC heap before
{Heap before GC invocations=30440 (full 3):
 def new generation   total 1748160K, used 1557448K [0x00007efc20600000, 0x00007efc96ed0000, 0x00007f0175b50000)
  eden space 1553984K, 100% used [0x00007efc20600000, 0x00007efc7f390000, 0x00007efc7f390000)
  from space 194176K,   1% used [0x00007efc7f390000, 0x00007efc7f6f2118, 0x00007efc8b130000)
  to   space 194176K,   0% used [0x00007efc8b130000, 0x00007efc8b130000, 0x00007efc96ed0000)
 tenured generation   total 3884588K, used 3883390K [0x00007f0175b50000, 0x00007f0262cdb000, 0x00007f0c20600000)
   the space 3884588K,  99% used [0x00007f0175b50000, 0x00007f0262baf878, 0x00007f0262bafa00, 0x00007f0262cdb000)
 Metaspace       used 24829K, capacity 25299K, committed 25344K, reserved 26624K
}
Event: 15608.348 GC heap after
{Heap after GC invocations=30441 (full 3):
 def new generation   total 1748160K, used 3455K [0x00007efc20600000, 0x00007efc96ed0000, 0x00007f0175b50000)
  eden space 1553984K,   0% used [0x00007efc20600000, 0x00007efc20600000, 0x00007efc7f390000)
  from space 194176K,   1% used [0x00007efc8b130000, 0x00007efc8b48fc70, 0x00007efc96ed0000)
  to   space 194176K,   0% used [0x00007efc7f390000, 0x00007efc7f390000, 0x00007efc8b130000)
 tenured generation   total 3884588K, used 3883603K [0x00007f0175b50000, 0x00007f0262cdb000, 0x00007f0c20600000)
   the space 3884588K,  99% used [0x00007f0175b50000, 0x00007f0262be4eb8, 0x00007f0262be5000, 0x00007f0262cdb000)
 Metaspace       used 24829K, capacity 25299K, committed 25344K, reserved 26624K
}
Event: 15609.389 GC heap before
{Heap before GC invocations=30441 (full 3):
 def new generation   total 1748160K, used 1557439K [0x00007efc20600000, 0x00007efc96ed0000, 0x00007f0175b50000)
  eden space 1553984K, 100% used [0x00007efc20600000, 0x00007efc7f390000, 0x00007efc7f390000)
  from space 194176K,   1% used [0x00007efc8b130000, 0x00007efc8b48fc70, 0x00007efc96ed0000)
  to   space 194176K,   0% used [0x00007efc7f390000, 0x00007efc7f390000, 0x00007efc8b130000)
 tenured generation   total 3884588K, used 3883603K [0x00007f0175b50000, 0x00007f0262cdb000, 0x00007f0c20600000)
   the space 3884588K,  99% used [0x00007f0175b50000, 0x00007f0262be4eb8, 0x00007f0262be5000, 0x00007f0262cdb000)
 Metaspace       used 24829K, capacity 25299K, committed 25344K, reserved 26624K
}
Event: 15609.394 GC heap after
{Heap after GC invocations=30442 (full 3):
 def new generation   total 1748160K, used 3453K [0x00007efc20600000, 0x00007efc96ed0000, 0x00007f0175b50000)
  eden space 1553984K,   0% used [0x00007efc20600000, 0x00007efc20600000, 0x00007efc7f390000)
  from space 194176K,   1% used [0x00007efc7f390000, 0x00007efc7f6ef4f0, 0x00007efc8b130000)
  to   space 194176K,   0% used [0x00007efc8b130000, 0x00007efc8b130000, 0x00007efc96ed0000)
 tenured generation   total 3884588K, used 3883843K [0x00007f0175b50000, 0x00007f0262cdb000, 0x00007f0c20600000)
   the space 3884588K,  99% used [0x00007f0175b50000, 0x00007f0262c20fc0, 0x00007f0262c21000, 0x00007f0262cdb000)
 Metaspace       used 24829K, capacity 25299K, committed 25344K, reserved 26624K
}
Event: 15610.345 GC heap before
{Heap before GC invocations=30442 (full 3):
 def new generation   total 1748160K, used 1557437K [0x00007efc20600000, 0x00007efc96ed0000, 0x00007f0175b50000)
  eden space 1553984K, 100% used [0x00007efc20600000, 0x00007efc7f390000, 0x00007efc7f390000)
  from space 194176K,   1% used [0x00007efc7f390000, 0x00007efc7f6ef4f0, 0x00007efc8b130000)
  to   space 194176K,   0% used [0x00007efc8b130000, 0x00007efc8b130000, 0x00007efc96ed0000)
 tenured generation   total 3884588K, used 3883843K [0x00007f0175b50000, 0x00007f0262cdb000, 0x00007f0c20600000)
   the space 3884588K,  99% used [0x00007f0175b50000, 0x00007f0262c20fc0, 0x00007f0262c21000, 0x00007f0262cdb000)
 Metaspace       used 24829K, capacity 25299K, committed 25344K, reserved 26624K
}
Event: 15610.351 GC heap after
{Heap after GC invocations=30443 (full 3):
 def new generation   total 1748160K, used 3446K [0x00007efc20600000, 0x00007efc96ed0000, 0x00007f0175b50000)
  eden space 1553984K,   0% used [0x00007efc20600000, 0x00007efc20600000, 0x00007efc7f390000)
  from space 194176K,   1% used [0x00007efc8b130000, 0x00007efc8b48daf0, 0x00007efc96ed0000)
  to   space 194176K,   0% used [0x00007efc7f390000, 0x00007efc7f390000, 0x00007efc8b130000)
 tenured generation   total 3884588K, used 3884057K [0x00007f0175b50000, 0x00007f0262cdb000, 0x00007f0c20600000)
   the space 3884588K,  99% used [0x00007f0175b50000, 0x00007f0262c56600, 0x00007f0262c56600, 0x00007f0262cdb000)
 Metaspace       used 24829K, capacity 25299K, committed 25344K, reserved 26624K
}
Event: 15611.294 GC heap before
{Heap before GC invocations=30443 (full 3):
 def new generation   total 1748160K, used 1557430K [0x00007efc20600000, 0x00007efc96ed0000, 0x00007f0175b50000)
  eden space 1553984K, 100% used [0x00007efc20600000, 0x00007efc7f390000, 0x00007efc7f390000)
  from space 194176K,   1% used [0x00007efc8b130000, 0x00007efc8b48daf0, 0x00007efc96ed0000)
  to   space 194176K,   0% used [0x00007efc7f390000, 0x00007efc7f390000, 0x00007efc8b130000)
 tenured generation   total 3884588K, used 3884057K [0x00007f0175b50000, 0x00007f0262cdb000, 0x00007f0c20600000)
   the space 3884588K,  99% used [0x00007f0175b50000, 0x00007f0262c56600, 0x00007f0262c56600, 0x00007f0262cdb000)
 Metaspace       used 24829K, capacity 25299K, committed 25344K, reserved 26624K
}
Event: 15611.301 GC heap after
{Heap after GC invocations=30444 (full 3):
 def new generation   total 1748160K, used 3453K [0x00007efc20600000, 0x00007efc96ed0000, 0x00007f0175b50000)
  eden space 1553984K,   0% used [0x00007efc20600000, 0x00007efc20600000, 0x00007efc7f390000)
  from space 194176K,   1% used [0x00007efc7f390000, 0x00007efc7f6ef588, 0x00007efc8b130000)
  to   space 194176K,   0% used [0x00007efc8b130000, 0x00007efc8b130000, 0x00007efc96ed0000)
 tenured generation   total 3884588K, used 3884297K [0x00007f0175b50000, 0x00007f0262cdb000, 0x00007f0c20600000)
   the space 3884588K,  99% used [0x00007f0175b50000, 0x00007f0262c92708, 0x00007f0262c92800, 0x00007f0262cdb000)
 Metaspace       used 24829K, capacity 25299K, committed 25344K, reserved 26624K
}
Event: 15612.267 GC heap before
{Heap before GC invocations=30444 (full 3):
 def new generation   total 1748160K, used 1557437K [0x00007efc20600000, 0x00007efc96ed0000, 0x00007f0175b50000)
  eden space 1553984K, 100% used [0x00007efc20600000, 0x00007efc7f390000, 0x00007efc7f390000)
  from space 194176K,   1% used [0x00007efc7f390000, 0x00007efc7f6ef588, 0x00007efc8b130000)
  to   space 194176K,   0% used [0x00007efc8b130000, 0x00007efc8b130000, 0x00007efc96ed0000)
 tenured generation   total 3884588K, used 3884297K [0x00007f0175b50000, 0x00007f0262cdb000, 0x00007f0c20600000)
   the space 3884588K,  99% used [0x00007f0175b50000, 0x00007f0262c92708, 0x00007f0262c92800, 0x00007f0262cdb000)
 Metaspace       used 24829K, capacity 25299K, committed 25344K, reserved 26624K
}
Event: 15612.275 GC heap after
{Heap after GC invocations=30445 (full 3):
 def new generation   total 1748160K, used 3452K [0x00007efc20600000, 0x00007efc96ed0000, 0x00007f0175b50000)
  eden space 1553984K,   0% used [0x00007efc20600000, 0x00007efc20600000, 0x00007efc7f390000)
  from space 194176K,   1% used [0x00007efc8b130000, 0x00007efc8b48f378, 0x00007efc96ed0000)
  to   space 194176K,   0% used [0x00007efc7f390000, 0x00007efc7f390000, 0x00007efc8b130000)
 tenured generation   total 3884588K, used 3884511K [0x00007f0175b50000, 0x00007f0262cdb000, 0x00007f0c20600000)
   the space 3884588K,  99% used [0x00007f0175b50000, 0x00007f0262cc7d48, 0x00007f0262cc7e00, 0x00007f0262cdb000)
 Metaspace       used 24829K, capacity 25299K, committed 25344K, reserved 26624K
}
Event: 15613.230 GC heap before
{Heap before GC invocations=30445 (full 3):
 def new generation   total 1748160K, used 1557436K [0x00007efc20600000, 0x00007efc96ed0000, 0x00007f0175b50000)
  eden space 1553984K, 100% used [0x00007efc20600000, 0x00007efc7f390000, 0x00007efc7f390000)
  from space 194176K,   1% used [0x00007efc8b130000, 0x00007efc8b48f378, 0x00007efc96ed0000)
  to   space 194176K,   0% used [0x00007efc7f390000, 0x00007efc7f390000, 0x00007efc8b130000)
 tenured generation   total 3884588K, used 3884511K [0x00007f0175b50000, 0x00007f0262cdb000, 0x00007f0c20600000)
   the space 3884588K,  99% used [0x00007f0175b50000, 0x00007f0262cc7d48, 0x00007f0262cc7e00, 0x00007f0262cdb000)
 Metaspace       used 24829K, capacity 25299K, committed 25344K, reserved 26624K
}
Event: 15613.236 GC heap after
{Heap after GC invocations=30446 (full 3):
 def new generation   total 1748160K, used 3448K [0x00007efc20600000, 0x00007efc96ed0000, 0x00007f0175b50000)
  eden space 1553984K,   0% used [0x00007efc20600000, 0x00007efc20600000, 0x00007efc7f390000)
  from space 194176K,   1% used [0x00007efc7f390000, 0x00007efc7f6ee160, 0x00007efc8b130000)
  to   space 194176K,   0% used [0x00007efc8b130000, 0x00007efc8b130000, 0x00007efc96ed0000)
 tenured generation   total 3884780K, used 3884751K [0x00007f0175b50000, 0x00007f0262d0b000, 0x00007f0c20600000)
   the space 3884780K,  99% used [0x00007f0175b50000, 0x00007f0262d03e50, 0x00007f0262d04000, 0x00007f0262d0b000)
 Metaspace       used 24829K, capacity 25299K, committed 25344K, reserved 26624K
}
Event: 15613.236 GC heap before
{Heap before GC invocations=30446 (full 3):
 def new generation   total 1748160K, used 3448K [0x00007efc20600000, 0x00007efc96ed0000, 0x00007f0175b50000)
  eden space 1553984K,   0% used [0x00007efc20600000, 0x00007efc20600000, 0x00007efc7f390000)
  from space 194176K,   1% used [0x00007efc7f390000, 0x00007efc7f6ee160, 0x00007efc8b130000)
  to   space 194176K,   0% used [0x00007efc8b130000, 0x00007efc8b130000, 0x00007efc96ed0000)
 tenured generation   total 3884780K, used 3884751K [0x00007f0175b50000, 0x00007f0262d0b000, 0x00007f0c20600000)
   the space 3884780K,  99% used [0x00007f0175b50000, 0x00007f0262d03e50, 0x00007f0262d04000, 0x00007f0262d0b000)
 Metaspace       used 24829K, capacity 25299K, committed 25344K, reserved 26624K
}

