# JRE version: OpenJDK Runtime Environment (13.0.7+5) (build 13.0.7+5-Ubuntu-0ubuntu120.04)
# Java VM: OpenJDK 64-Bit Server VM (13.0.7+5-Ubuntu-0ubuntu120.04, mixed mode, tiered, serial gc, linux-amd64)
Heap:
 def new generation   total 629248K, used 165K [0x00007f58c0600000, 0x00007f58eb0c0000, 0x00007f5e15b50000)
  eden space 559360K,   0% used [0x00007f58c0600000, 0x00007f58c0629508, 0x00007f58e2840000)
  from space 69888K,   0% used [0x00007f58e2840000, 0x00007f58e2840000, 0x00007f58e6c80000)
  to   space 69888K,   0% used [0x00007f58e6c80000, 0x00007f58e6c80000, 0x00007f58eb0c0000)
 tenured generation   total 1398336K, used 1398336K [0x00007f5e15b50000, 0x00007f5e6b0e0000, 0x00007f68c0600000)
   the space 1398336K, 100% used [0x00007f5e15b50000, 0x00007f5e6b0e0000, 0x00007f5e6b0e0000, 0x00007f5e6b0e0000)
 Metaspace       used 24739K, capacity 25197K, committed 25344K, reserved 26624K
GC Heap History (20 events):
Event: 48315.799 GC heap after
{Heap after GC invocations=133992 (full 1):
 def new generation   total 629248K, used 438K [0x00007f58c0600000, 0x00007f58eb0c0000, 0x00007f5e15b50000)
  eden space 559360K,   0% used [0x00007f58c0600000, 0x00007f58c0600000, 0x00007f58e2840000)
  from space 69888K,   0% used [0x00007f58e6c80000, 0x00007f58e6cedb88, 0x00007f58eb0c0000)
  to   space 69888K,   0% used [0x00007f58e2840000, 0x00007f58e2840000, 0x00007f58e6c80000)
 tenured generation   total 1398144K, used 1398079K [0x00007f5e15b50000, 0x00007f5e6b0b0000, 0x00007f68c0600000)
   the space 1398144K,  99% used [0x00007f5e15b50000, 0x00007f5e6b09fc20, 0x00007f5e6b09fe00, 0x00007f5e6b0b0000)
 Metaspace       used 24739K, capacity 25197K, committed 25344K, reserved 26624K
}
Event: 48316.166 GC heap before
{Heap before GC invocations=133992 (full 1):
 def new generation   total 629248K, used 559798K [0x00007f58c0600000, 0x00007f58eb0c0000, 0x00007f5e15b50000)
  eden space 559360K, 100% used [0x00007f58c0600000, 0x00007f58e2840000, 0x00007f58e2840000)
  from space 69888K,   0% used [0x00007f58e6c80000, 0x00007f58e6cedb88, 0x00007f58eb0c0000)
  to   space 69888K,   0% used [0x00007f58e2840000, 0x00007f58e2840000, 0x00007f58e6c80000)
 tenured generation   total 1398144K, used 1398079K [0x00007f5e15b50000, 0x00007f5e6b0b0000, 0x00007f68c0600000)
   the space 1398144K,  99% used [0x00007f5e15b50000, 0x00007f5e6b09fc20, 0x00007f5e6b09fe00, 0x00007f5e6b0b0000)
 Metaspace       used 24739K, capacity 25197K, committed 25344K, reserved 26624K
}
Event: 48316.168 GC heap after
{Heap after GC invocations=133993 (full 1):
 def new generation   total 629248K, used 543K [0x00007f58c0600000, 0x00007f58eb0c0000, 0x00007f5e15b50000)
  eden space 559360K,   0% used [0x00007f58c0600000, 0x00007f58c0600000, 0x00007f58e2840000)
  from space 69888K,   0% used [0x00007f58e2840000, 0x00007f58e28c7f08, 0x00007f58e6c80000)
  to   space 69888K,   0% used [0x00007f58e6c80000, 0x00007f58e6c80000, 0x00007f58eb0c0000)
 tenured generation   total 1398144K, used 1398079K [0x00007f5e15b50000, 0x00007f5e6b0b0000, 0x00007f68c0600000)
   the space 1398144K,  99% used [0x00007f5e15b50000, 0x00007f5e6b09fc20, 0x00007f5e6b09fe00, 0x00007f5e6b0b0000)
 Metaspace       used 24739K, capacity 25197K, committed 25344K, reserved 26624K
}
Event: 48316.533 GC heap before
{Heap before GC invocations=133993 (full 1):
 def new generation   total 629248K, used 559903K [0x00007f58c0600000, 0x00007f58eb0c0000, 0x00007f5e15b50000)
  eden space 559360K, 100% used [0x00007f58c0600000, 0x00007f58e2840000, 0x00007f58e2840000)
  from space 69888K,   0% used [0x00007f58e2840000, 0x00007f58e28c7f08, 0x00007f58e6c80000)
  to   space 69888K,   0% used [0x00007f58e6c80000, 0x00007f58e6c80000, 0x00007f58eb0c0000)
 tenured generation   total 1398144K, used 1398079K [0x00007f5e15b50000, 0x00007f5e6b0b0000, 0x00007f68c0600000)
   the space 1398144K,  99% used [0x00007f5e15b50000, 0x00007f5e6b09fc20, 0x00007f5e6b09fe00, 0x00007f5e6b0b0000)
 Metaspace       used 24739K, capacity 25197K, committed 25344K, reserved 26624K
}
Event: 48316.535 GC heap after
{Heap after GC invocations=133994 (full 1):
 def new generation   total 629248K, used 715K [0x00007f58c0600000, 0x00007f58eb0c0000, 0x00007f5e15b50000)
  eden space 559360K,   0% used [0x00007f58c0600000, 0x00007f58c0600000, 0x00007f58e2840000)
  from space 69888K,   1% used [0x00007f58e6c80000, 0x00007f58e6d32cf0, 0x00007f58eb0c0000)
  to   space 69888K,   0% used [0x00007f58e2840000, 0x00007f58e2840000, 0x00007f58e6c80000)
 tenured generation   total 1398144K, used 1398079K [0x00007f5e15b50000, 0x00007f5e6b0b0000, 0x00007f68c0600000)
   the space 1398144K,  99% used [0x00007f5e15b50000, 0x00007f5e6b09fc20, 0x00007f5e6b09fe00, 0x00007f5e6b0b0000)
 Metaspace       used 24739K, capacity 25197K, committed 25344K, reserved 26624K
}
Event: 48316.888 GC heap before
{Heap before GC invocations=133994 (full 1):
 def new generation   total 629248K, used 560075K [0x00007f58c0600000, 0x00007f58eb0c0000, 0x00007f5e15b50000)
  eden space 559360K, 100% used [0x00007f58c0600000, 0x00007f58e2840000, 0x00007f58e2840000)
  from space 69888K,   1% used [0x00007f58e6c80000, 0x00007f58e6d32cf0, 0x00007f58eb0c0000)
  to   space 69888K,   0% used [0x00007f58e2840000, 0x00007f58e2840000, 0x00007f58e6c80000)
 tenured generation   total 1398144K, used 1398079K [0x00007f5e15b50000, 0x00007f5e6b0b0000, 0x00007f68c0600000)
   the space 1398144K,  99% used [0x00007f5e15b50000, 0x00007f5e6b09fc20, 0x00007f5e6b09fe00, 0x00007f5e6b0b0000)
 Metaspace       used 24739K, capacity 25197K, committed 25344K, reserved 26624K
}
Event: 48316.891 GC heap after
{Heap after GC invocations=133995 (full 1):
 def new generation   total 629248K, used 783K [0x00007f58c0600000, 0x00007f58eb0c0000, 0x00007f5e15b50000)
  eden space 559360K,   0% used [0x00007f58c0600000, 0x00007f58c0600000, 0x00007f58e2840000)
  from space 69888K,   1% used [0x00007f58e2840000, 0x00007f58e2903e70, 0x00007f58e6c80000)
  to   space 69888K,   0% used [0x00007f58e6c80000, 0x00007f58e6c80000, 0x00007f58eb0c0000)
 tenured generation   total 1398144K, used 1398079K [0x00007f5e15b50000, 0x00007f5e6b0b0000, 0x00007f68c0600000)
   the space 1398144K,  99% used [0x00007f5e15b50000, 0x00007f5e6b09fc20, 0x00007f5e6b09fe00, 0x00007f5e6b0b0000)
 Metaspace       used 24739K, capacity 25197K, committed 25344K, reserved 26624K
}
Event: 48317.252 GC heap before
{Heap before GC invocations=133995 (full 1):
 def new generation   total 629248K, used 560143K [0x00007f58c0600000, 0x00007f58eb0c0000, 0x00007f5e15b50000)
  eden space 559360K, 100% used [0x00007f58c0600000, 0x00007f58e2840000, 0x00007f58e2840000)
  from space 69888K,   1% used [0x00007f58e2840000, 0x00007f58e2903e70, 0x00007f58e6c80000)
  to   space 69888K,   0% used [0x00007f58e6c80000, 0x00007f58e6c80000, 0x00007f58eb0c0000)
 tenured generation   total 1398144K, used 1398079K [0x00007f5e15b50000, 0x00007f5e6b0b0000, 0x00007f68c0600000)
   the space 1398144K,  99% used [0x00007f5e15b50000, 0x00007f5e6b09fc20, 0x00007f5e6b09fe00, 0x00007f5e6b0b0000)
 Metaspace       used 24739K, capacity 25197K, committed 25344K, reserved 26624K
}
Event: 48317.254 GC heap after
{Heap after GC invocations=133996 (full 1):
 def new generation   total 629248K, used 281K [0x00007f58c0600000, 0x00007f58eb0c0000, 0x00007f5e15b50000)
  eden space 559360K,   0% used [0x00007f58c0600000, 0x00007f58c0600000, 0x00007f58e2840000)
  from space 69888K,   0% used [0x00007f58e6c80000, 0x00007f58e6cc65b8, 0x00007f58eb0c0000)
  to   space 69888K,   0% used [0x00007f58e2840000, 0x00007f58e2840000, 0x00007f58e6c80000)
 tenured generation   total 1398144K, used 1398127K [0x00007f5e15b50000, 0x00007f5e6b0b0000, 0x00007f68c0600000)
   the space 1398144K,  99% used [0x00007f5e15b50000, 0x00007f5e6b0abc18, 0x00007f5e6b0abe00, 0x00007f5e6b0b0000)
 Metaspace       used 24739K, capacity 25197K, committed 25344K, reserved 26624K
}
Event: 48317.625 GC heap before
{Heap before GC invocations=133996 (full 1):
 def new generation   total 629248K, used 559641K [0x00007f58c0600000, 0x00007f58eb0c0000, 0x00007f5e15b50000)
  eden space 559360K, 100% used [0x00007f58c0600000, 0x00007f58e2840000, 0x00007f58e2840000)
  from space 69888K,   0% used [0x00007f58e6c80000, 0x00007f58e6cc65b8, 0x00007f58eb0c0000)
  to   space 69888K,   0% used [0x00007f58e2840000, 0x00007f58e2840000, 0x00007f58e6c80000)
 tenured generation   total 1398144K, used 1398127K [0x00007f5e15b50000, 0x00007f5e6b0b0000, 0x00007f68c0600000)
   the space 1398144K,  99% used [0x00007f5e15b50000, 0x00007f5e6b0abc18, 0x00007f5e6b0abe00, 0x00007f5e6b0b0000)
 Metaspace       used 24739K, capacity 25197K, committed 25344K, reserved 26624K
}
Event: 48317.627 GC heap after
{Heap after GC invocations=133997 (full 1):
 def new generation   total 629248K, used 426K [0x00007f58c0600000, 0x00007f58eb0c0000, 0x00007f5e15b50000)
  eden space 559360K,   0% used [0x00007f58c0600000, 0x00007f58c0600000, 0x00007f58e2840000)
  from space 69888K,   0% used [0x00007f58e2840000, 0x00007f58e28aaa18, 0x00007f58e6c80000)
  to   space 69888K,   0% used [0x00007f58e6c80000, 0x00007f58e6c80000, 0x00007f58eb0c0000)
 tenured generation   total 1398144K, used 1398127K [0x00007f5e15b50000, 0x00007f5e6b0b0000, 0x00007f68c0600000)
   the space 1398144K,  99% used [0x00007f5e15b50000, 0x00007f5e6b0abc18, 0x00007f5e6b0abe00, 0x00007f5e6b0b0000)
 Metaspace       used 24739K, capacity 25197K, committed 25344K, reserved 26624K
}
Event: 48317.997 GC heap before
{Heap before GC invocations=133997 (full 1):
 def new generation   total 629248K, used 559786K [0x00007f58c0600000, 0x00007f58eb0c0000, 0x00007f5e15b50000)
  eden space 559360K, 100% used [0x00007f58c0600000, 0x00007f58e2840000, 0x00007f58e2840000)
  from space 69888K,   0% used [0x00007f58e2840000, 0x00007f58e28aaa18, 0x00007f58e6c80000)
  to   space 69888K,   0% used [0x00007f58e6c80000, 0x00007f58e6c80000, 0x00007f58eb0c0000)
 tenured generation   total 1398144K, used 1398127K [0x00007f5e15b50000, 0x00007f5e6b0b0000, 0x00007f68c0600000)
   the space 1398144K,  99% used [0x00007f5e15b50000, 0x00007f5e6b0abc18, 0x00007f5e6b0abe00, 0x00007f5e6b0b0000)
 Metaspace       used 24739K, capacity 25197K, committed 25344K, reserved 26624K
}
Event: 48317.999 GC heap after
{Heap after GC invocations=133998 (full 1):
 def new generation   total 629248K, used 585K [0x00007f58c0600000, 0x00007f58eb0c0000, 0x00007f5e15b50000)
  eden space 559360K,   0% used [0x00007f58c0600000, 0x00007f58c0600000, 0x00007f58e2840000)
  from space 69888K,   0% used [0x00007f58e6c80000, 0x00007f58e6d125c0, 0x00007f58eb0c0000)
  to   space 69888K,   0% used [0x00007f58e2840000, 0x00007f58e2840000, 0x00007f58e6c80000)
 tenured generation   total 1398144K, used 1398127K [0x00007f5e15b50000, 0x00007f5e6b0b0000, 0x00007f68c0600000)
   the space 1398144K,  99% used [0x00007f5e15b50000, 0x00007f5e6b0abc18, 0x00007f5e6b0abe00, 0x00007f5e6b0b0000)
 Metaspace       used 24739K, capacity 25197K, committed 25344K, reserved 26624K
}
Event: 48318.361 GC heap before
{Heap before GC invocations=133998 (full 1):
 def new generation   total 629248K, used 559945K [0x00007f58c0600000, 0x00007f58eb0c0000, 0x00007f5e15b50000)
  eden space 559360K, 100% used [0x00007f58c0600000, 0x00007f58e2840000, 0x00007f58e2840000)
  from space 69888K,   0% used [0x00007f58e6c80000, 0x00007f58e6d125c0, 0x00007f58eb0c0000)
  to   space 69888K,   0% used [0x00007f58e2840000, 0x00007f58e2840000, 0x00007f58e6c80000)
 tenured generation   total 1398144K, used 1398127K [0x00007f5e15b50000, 0x00007f5e6b0b0000, 0x00007f68c0600000)
   the space 1398144K,  99% used [0x00007f5e15b50000, 0x00007f5e6b0abc18, 0x00007f5e6b0abe00, 0x00007f5e6b0b0000)
 Metaspace       used 24739K, capacity 25197K, committed 25344K, reserved 26624K
}
Event: 48318.363 GC heap after
{Heap after GC invocations=133999 (full 1):
 def new generation   total 629248K, used 716K [0x00007f58c0600000, 0x00007f58eb0c0000, 0x00007f5e15b50000)
  eden space 559360K,   0% used [0x00007f58c0600000, 0x00007f58c0600000, 0x00007f58e2840000)
  from space 69888K,   1% used [0x00007f58e2840000, 0x00007f58e28f30f8, 0x00007f58e6c80000)
  to   space 69888K,   0% used [0x00007f58e6c80000, 0x00007f58e6c80000, 0x00007f58eb0c0000)
 tenured generation   total 1398144K, used 1398127K [0x00007f5e15b50000, 0x00007f5e6b0b0000, 0x00007f68c0600000)
   the space 1398144K,  99% used [0x00007f5e15b50000, 0x00007f5e6b0abc18, 0x00007f5e6b0abe00, 0x00007f5e6b0b0000)
 Metaspace       used 24739K, capacity 25197K, committed 25344K, reserved 26624K
}
Event: 48318.714 GC heap before
{Heap before GC invocations=133999 (full 1):
 def new generation   total 629248K, used 560076K [0x00007f58c0600000, 0x00007f58eb0c0000, 0x00007f5e15b50000)
  eden space 559360K, 100% used [0x00007f58c0600000, 0x00007f58e2840000, 0x00007f58e2840000)
  from space 69888K,   1% used [0x00007f58e2840000, 0x00007f58e28f30f8, 0x00007f58e6c80000)
  to   space 69888K,   0% used [0x00007f58e6c80000, 0x00007f58e6c80000, 0x00007f58eb0c0000)
 tenured generation   total 1398144K, used 1398127K [0x00007f5e15b50000, 0x00007f5e6b0b0000, 0x00007f68c0600000)
   the space 1398144K,  99% used [0x00007f5e15b50000, 0x00007f5e6b0abc18, 0x00007f5e6b0abe00, 0x00007f5e6b0b0000)
 Metaspace       used 24739K, capacity 25197K, committed 25344K, reserved 26624K
}
Event: 48318.716 GC heap after
{Heap after GC invocations=134000 (full 1):
 def new generation   total 629248K, used 802K [0x00007f58c0600000, 0x00007f58eb0c0000, 0x00007f5e15b50000)
  eden space 559360K,   0% used [0x00007f58c0600000, 0x00007f58c0600000, 0x00007f58e2840000)
  from space 69888K,   1% used [0x00007f58e6c80000, 0x00007f58e6d48850, 0x00007f58eb0c0000)
  to   space 69888K,   0% used [0x00007f58e2840000, 0x00007f58e2840000, 0x00007f58e6c80000)
 tenured generation   total 1398144K, used 1398127K [0x00007f5e15b50000, 0x00007f5e6b0b0000, 0x00007f68c0600000)
   the space 1398144K,  99% used [0x00007f5e15b50000, 0x00007f5e6b0abc18, 0x00007f5e6b0abe00, 0x00007f5e6b0b0000)
 Metaspace       used 24739K, capacity 25197K, committed 25344K, reserved 26624K
}
Event: 48319.085 GC heap before
{Heap before GC invocations=134000 (full 1):
 def new generation   total 629248K, used 560162K [0x00007f58c0600000, 0x00007f58eb0c0000, 0x00007f5e15b50000)
  eden space 559360K, 100% used [0x00007f58c0600000, 0x00007f58e2840000, 0x00007f58e2840000)
  from space 69888K,   1% used [0x00007f58e6c80000, 0x00007f58e6d48850, 0x00007f58eb0c0000)
  to   space 69888K,   0% used [0x00007f58e2840000, 0x00007f58e2840000, 0x00007f58e6c80000)
 tenured generation   total 1398144K, used 1398127K [0x00007f5e15b50000, 0x00007f5e6b0b0000, 0x00007f68c0600000)
   the space 1398144K,  99% used [0x00007f5e15b50000, 0x00007f5e6b0abc18, 0x00007f5e6b0abe00, 0x00007f5e6b0b0000)
 Metaspace       used 24739K, capacity 25197K, committed 25344K, reserved 26624K
}
Event: 48319.089 GC heap after
{Heap after GC invocations=134001 (full 1):
 def new generation   total 629248K, used 326K [0x00007f58c0600000, 0x00007f58eb0c0000, 0x00007f5e15b50000)
  eden space 559360K,   0% used [0x00007f58c0600000, 0x00007f58c0600000, 0x00007f58e2840000)
  from space 69888K,   0% used [0x00007f58e2840000, 0x00007f58e28918f8, 0x00007f58e6c80000)
  to   space 69888K,   0% used [0x00007f58e6c80000, 0x00007f58e6c80000, 0x00007f58eb0c0000)
 tenured generation   total 1398336K, used 1398175K [0x00007f5e15b50000, 0x00007f5e6b0e0000, 0x00007f68c0600000)
   the space 1398336K,  99% used [0x00007f5e15b50000, 0x00007f5e6b0b7c10, 0x00007f5e6b0b7e00, 0x00007f5e6b0e0000)
 Metaspace       used 24739K, capacity 25197K, committed 25344K, reserved 26624K
}
Event: 48319.089 GC heap before
{Heap before GC invocations=134001 (full 1):
 def new generation   total 629248K, used 326K [0x00007f58c0600000, 0x00007f58eb0c0000, 0x00007f5e15b50000)
  eden space 559360K,   0% used [0x00007f58c0600000, 0x00007f58c0600000, 0x00007f58e2840000)
  from space 69888K,   0% used [0x00007f58e2840000, 0x00007f58e28918f8, 0x00007f58e6c80000)
  to   space 69888K,   0% used [0x00007f58e6c80000, 0x00007f58e6c80000, 0x00007f58eb0c0000)
 tenured generation   total 1398336K, used 1398175K [0x00007f5e15b50000, 0x00007f5e6b0e0000, 0x00007f68c0600000)
   the space 1398336K,  99% used [0x00007f5e15b50000, 0x00007f5e6b0b7c10, 0x00007f5e6b0b7e00, 0x00007f5e6b0e0000)
 Metaspace       used 24739K, capacity 25197K, committed 25344K, reserved 26624K
}

