# JRE version: OpenJDK Runtime Environment (13.0.7+5) (build 13.0.7+5-Ubuntu-0ubuntu120.04)
# Java VM: OpenJDK 64-Bit Server VM (13.0.7+5-Ubuntu-0ubuntu120.04, mixed mode, tiered, serial gc, linux-amd64)
Heap:
 def new generation   total 2835392K, used 2450K [0x00007f6188600000, 0x00007f6248a90000, 0x00007f66ddb50000)
  eden space 2520384K,   0% used [0x00007f6188600000, 0x00007f6188864ad0, 0x00007f6222350000)
  from space 315008K,   0% used [0x00007f62356f0000, 0x00007f62356f0000, 0x00007f6248a90000)
  to   space 315008K,   0% used [0x00007f6222350000, 0x00007f6222350000, 0x00007f62356f0000)
 tenured generation   total 6300880K, used 6300879K [0x00007f66ddb50000, 0x00007f685e484000, 0x00007f7188600000)
   the space 6300880K,  99% used [0x00007f66ddb50000, 0x00007f685e483ff0, 0x00007f685e484000, 0x00007f685e484000)
 Metaspace       used 24923K, capacity 25344K, committed 25600K, reserved 26624K
GC Heap History (20 events):
Event: 111078.578 GC heap after
{Heap after GC invocations=139152 (full 4):
 def new generation   total 2835392K, used 2551K [0x00007f6188600000, 0x00007f6248a90000, 0x00007f66ddb50000)
  eden space 2520384K,   0% used [0x00007f6188600000, 0x00007f6188600000, 0x00007f6222350000)
  from space 315008K,   0% used [0x00007f6222350000, 0x00007f62225cde98, 0x00007f62356f0000)
  to   space 315008K,   0% used [0x00007f62356f0000, 0x00007f62356f0000, 0x00007f6248a90000)
 tenured generation   total 6300688K, used 6299354K [0x00007f66ddb50000, 0x00007f685e454000, 0x00007f7188600000)
   the space 6300688K,  99% used [0x00007f66ddb50000, 0x00007f685e306910, 0x00007f685e306a00, 0x00007f685e454000)
 Metaspace       used 24923K, capacity 25344K, committed 25600K, reserved 26624K
}
Event: 111080.240 GC heap before
{Heap before GC invocations=139152 (full 4):
 def new generation   total 2835392K, used 2522935K [0x00007f6188600000, 0x00007f6248a90000, 0x00007f66ddb50000)
  eden space 2520384K, 100% used [0x00007f6188600000, 0x00007f6222350000, 0x00007f6222350000)
  from space 315008K,   0% used [0x00007f6222350000, 0x00007f62225cde98, 0x00007f62356f0000)
  to   space 315008K,   0% used [0x00007f62356f0000, 0x00007f62356f0000, 0x00007f6248a90000)
 tenured generation   total 6300688K, used 6299354K [0x00007f66ddb50000, 0x00007f685e454000, 0x00007f7188600000)
   the space 6300688K,  99% used [0x00007f66ddb50000, 0x00007f685e306910, 0x00007f685e306a00, 0x00007f685e454000)
 Metaspace       used 24923K, capacity 25344K, committed 25600K, reserved 26624K
}
Event: 111080.248 GC heap after
{Heap after GC invocations=139153 (full 4):
 def new generation   total 2835392K, used 2477K [0x00007f6188600000, 0x00007f6248a90000, 0x00007f66ddb50000)
  eden space 2520384K,   0% used [0x00007f6188600000, 0x00007f6188600000, 0x00007f6222350000)
  from space 315008K,   0% used [0x00007f62356f0000, 0x00007f623595b730, 0x00007f6248a90000)
  to   space 315008K,   0% used [0x00007f6222350000, 0x00007f6222350000, 0x00007f62356f0000)
 tenured generation   total 6300688K, used 6299494K [0x00007f66ddb50000, 0x00007f685e454000, 0x00007f7188600000)
   the space 6300688K,  99% used [0x00007f66ddb50000, 0x00007f685e329b40, 0x00007f685e329c00, 0x00007f685e454000)
 Metaspace       used 24923K, capacity 25344K, committed 25600K, reserved 26624K
}
Event: 111081.932 GC heap before
{Heap before GC invocations=139153 (full 4):
 def new generation   total 2835392K, used 2522861K [0x00007f6188600000, 0x00007f6248a90000, 0x00007f66ddb50000)
  eden space 2520384K, 100% used [0x00007f6188600000, 0x00007f6222350000, 0x00007f6222350000)
  from space 315008K,   0% used [0x00007f62356f0000, 0x00007f623595b730, 0x00007f6248a90000)
  to   space 315008K,   0% used [0x00007f6222350000, 0x00007f6222350000, 0x00007f62356f0000)
 tenured generation   total 6300688K, used 6299494K [0x00007f66ddb50000, 0x00007f685e454000, 0x00007f7188600000)
   the space 6300688K,  99% used [0x00007f66ddb50000, 0x00007f685e329b40, 0x00007f685e329c00, 0x00007f685e454000)
 Metaspace       used 24923K, capacity 25344K, committed 25600K, reserved 26624K
}
Event: 111081.939 GC heap after
{Heap after GC invocations=139154 (full 4):
 def new generation   total 2835392K, used 2603K [0x00007f6188600000, 0x00007f6248a90000, 0x00007f66ddb50000)
  eden space 2520384K,   0% used [0x00007f6188600000, 0x00007f6188600000, 0x00007f6222350000)
  from space 315008K,   0% used [0x00007f6222350000, 0x00007f62225dad68, 0x00007f62356f0000)
  to   space 315008K,   0% used [0x00007f62356f0000, 0x00007f62356f0000, 0x00007f6248a90000)
 tenured generation   total 6300688K, used 6299663K [0x00007f66ddb50000, 0x00007f685e454000, 0x00007f7188600000)
   the space 6300688K,  99% used [0x00007f66ddb50000, 0x00007f685e353de0, 0x00007f685e353e00, 0x00007f685e454000)
 Metaspace       used 24923K, capacity 25344K, committed 25600K, reserved 26624K
}
Event: 111083.620 GC heap before
{Heap before GC invocations=139154 (full 4):
 def new generation   total 2835392K, used 2522987K [0x00007f6188600000, 0x00007f6248a90000, 0x00007f66ddb50000)
  eden space 2520384K, 100% used [0x00007f6188600000, 0x00007f6222350000, 0x00007f6222350000)
  from space 315008K,   0% used [0x00007f6222350000, 0x00007f62225dad68, 0x00007f62356f0000)
  to   space 315008K,   0% used [0x00007f62356f0000, 0x00007f62356f0000, 0x00007f6248a90000)
 tenured generation   total 6300688K, used 6299663K [0x00007f66ddb50000, 0x00007f685e454000, 0x00007f7188600000)
   the space 6300688K,  99% used [0x00007f66ddb50000, 0x00007f685e353de0, 0x00007f685e353e00, 0x00007f685e454000)
 Metaspace       used 24923K, capacity 25344K, committed 25600K, reserved 26624K
}
Event: 111083.626 GC heap after
{Heap after GC invocations=139155 (full 4):
 def new generation   total 2835392K, used 2475K [0x00007f6188600000, 0x00007f6248a90000, 0x00007f66ddb50000)
  eden space 2520384K,   0% used [0x00007f6188600000, 0x00007f6188600000, 0x00007f6222350000)
  from space 315008K,   0% used [0x00007f62356f0000, 0x00007f623595ae70, 0x00007f6248a90000)
  to   space 315008K,   0% used [0x00007f6222350000, 0x00007f6222350000, 0x00007f62356f0000)
 tenured generation   total 6300688K, used 6299832K [0x00007f66ddb50000, 0x00007f685e454000, 0x00007f7188600000)
   the space 6300688K,  99% used [0x00007f66ddb50000, 0x00007f685e37e080, 0x00007f685e37e200, 0x00007f685e454000)
 Metaspace       used 24923K, capacity 25344K, committed 25600K, reserved 26624K
}
Event: 111085.313 GC heap before
{Heap before GC invocations=139155 (full 4):
 def new generation   total 2835392K, used 2522859K [0x00007f6188600000, 0x00007f6248a90000, 0x00007f66ddb50000)
  eden space 2520384K, 100% used [0x00007f6188600000, 0x00007f6222350000, 0x00007f6222350000)
  from space 315008K,   0% used [0x00007f62356f0000, 0x00007f623595ae70, 0x00007f6248a90000)
  to   space 315008K,   0% used [0x00007f6222350000, 0x00007f6222350000, 0x00007f62356f0000)
 tenured generation   total 6300688K, used 6299832K [0x00007f66ddb50000, 0x00007f685e454000, 0x00007f7188600000)
   the space 6300688K,  99% used [0x00007f66ddb50000, 0x00007f685e37e080, 0x00007f685e37e200, 0x00007f685e454000)
 Metaspace       used 24923K, capacity 25344K, committed 25600K, reserved 26624K
}
Event: 111085.319 GC heap after
{Heap after GC invocations=139156 (full 4):
 def new generation   total 2835392K, used 2422K [0x00007f6188600000, 0x00007f6248a90000, 0x00007f66ddb50000)
  eden space 2520384K,   0% used [0x00007f6188600000, 0x00007f6188600000, 0x00007f6222350000)
  from space 315008K,   0% used [0x00007f6222350000, 0x00007f62225adb08, 0x00007f62356f0000)
  to   space 315008K,   0% used [0x00007f62356f0000, 0x00007f62356f0000, 0x00007f6248a90000)
 tenured generation   total 6300688K, used 6299976K [0x00007f66ddb50000, 0x00007f685e454000, 0x00007f7188600000)
   the space 6300688K,  99% used [0x00007f66ddb50000, 0x00007f685e3a23f0, 0x00007f685e3a2400, 0x00007f685e454000)
 Metaspace       used 24923K, capacity 25344K, committed 25600K, reserved 26624K
}
Event: 111086.978 GC heap before
{Heap before GC invocations=139156 (full 4):
 def new generation   total 2835392K, used 2522806K [0x00007f6188600000, 0x00007f6248a90000, 0x00007f66ddb50000)
  eden space 2520384K, 100% used [0x00007f6188600000, 0x00007f6222350000, 0x00007f6222350000)
  from space 315008K,   0% used [0x00007f6222350000, 0x00007f62225adb08, 0x00007f62356f0000)
  to   space 315008K,   0% used [0x00007f62356f0000, 0x00007f62356f0000, 0x00007f6248a90000)
 tenured generation   total 6300688K, used 6299976K [0x00007f66ddb50000, 0x00007f685e454000, 0x00007f7188600000)
   the space 6300688K,  99% used [0x00007f66ddb50000, 0x00007f685e3a23f0, 0x00007f685e3a2400, 0x00007f685e454000)
 Metaspace       used 24923K, capacity 25344K, committed 25600K, reserved 26624K
}
Event: 111086.985 GC heap after
{Heap after GC invocations=139157 (full 4):
 def new generation   total 2835392K, used 2504K [0x00007f6188600000, 0x00007f6248a90000, 0x00007f66ddb50000)
  eden space 2520384K,   0% used [0x00007f6188600000, 0x00007f6188600000, 0x00007f6222350000)
  from space 315008K,   0% used [0x00007f62356f0000, 0x00007f62359623d8, 0x00007f6248a90000)
  to   space 315008K,   0% used [0x00007f6222350000, 0x00007f6222350000, 0x00007f62356f0000)
 tenured generation   total 6300688K, used 6300145K [0x00007f66ddb50000, 0x00007f685e454000, 0x00007f7188600000)
   the space 6300688K,  99% used [0x00007f66ddb50000, 0x00007f685e3cc690, 0x00007f685e3cc800, 0x00007f685e454000)
 Metaspace       used 24923K, capacity 25344K, committed 25600K, reserved 26624K
}
Event: 111088.680 GC heap before
{Heap before GC invocations=139157 (full 4):
 def new generation   total 2835392K, used 2522888K [0x00007f6188600000, 0x00007f6248a90000, 0x00007f66ddb50000)
  eden space 2520384K, 100% used [0x00007f6188600000, 0x00007f6222350000, 0x00007f6222350000)
  from space 315008K,   0% used [0x00007f62356f0000, 0x00007f62359623d8, 0x00007f6248a90000)
  to   space 315008K,   0% used [0x00007f6222350000, 0x00007f6222350000, 0x00007f62356f0000)
 tenured generation   total 6300688K, used 6300145K [0x00007f66ddb50000, 0x00007f685e454000, 0x00007f7188600000)
   the space 6300688K,  99% used [0x00007f66ddb50000, 0x00007f685e3cc690, 0x00007f685e3cc800, 0x00007f685e454000)
 Metaspace       used 24923K, capacity 25344K, committed 25600K, reserved 26624K
}
Event: 111088.686 GC heap after
{Heap after GC invocations=139158 (full 4):
 def new generation   total 2835392K, used 2434K [0x00007f6188600000, 0x00007f6248a90000, 0x00007f66ddb50000)
  eden space 2520384K,   0% used [0x00007f6188600000, 0x00007f6188600000, 0x00007f6222350000)
  from space 315008K,   0% used [0x00007f6222350000, 0x00007f62225b0900, 0x00007f62356f0000)
  to   space 315008K,   0% used [0x00007f62356f0000, 0x00007f62356f0000, 0x00007f6248a90000)
 tenured generation   total 6300688K, used 6300286K [0x00007f66ddb50000, 0x00007f685e454000, 0x00007f7188600000)
   the space 6300688K,  99% used [0x00007f66ddb50000, 0x00007f685e3ef8c0, 0x00007f685e3efa00, 0x00007f685e454000)
 Metaspace       used 24923K, capacity 25344K, committed 25600K, reserved 26624K
}
Event: 111090.365 GC heap before
{Heap before GC invocations=139158 (full 4):
 def new generation   total 2835392K, used 2522818K [0x00007f6188600000, 0x00007f6248a90000, 0x00007f66ddb50000)
  eden space 2520384K, 100% used [0x00007f6188600000, 0x00007f6222350000, 0x00007f6222350000)
  from space 315008K,   0% used [0x00007f6222350000, 0x00007f62225b0900, 0x00007f62356f0000)
  to   space 315008K,   0% used [0x00007f62356f0000, 0x00007f62356f0000, 0x00007f6248a90000)
 tenured generation   total 6300688K, used 6300286K [0x00007f66ddb50000, 0x00007f685e454000, 0x00007f7188600000)
   the space 6300688K,  99% used [0x00007f66ddb50000, 0x00007f685e3ef8c0, 0x00007f685e3efa00, 0x00007f685e454000)
 Metaspace       used 24923K, capacity 25344K, committed 25600K, reserved 26624K
}
Event: 111090.372 GC heap after
{Heap after GC invocations=139159 (full 4):
 def new generation   total 2835392K, used 2543K [0x00007f6188600000, 0x00007f6248a90000, 0x00007f66ddb50000)
  eden space 2520384K,   0% used [0x00007f6188600000, 0x00007f6188600000, 0x00007f6222350000)
  from space 315008K,   0% used [0x00007f62356f0000, 0x00007f623596bdc0, 0x00007f6248a90000)
  to   space 315008K,   0% used [0x00007f6222350000, 0x00007f6222350000, 0x00007f62356f0000)
 tenured generation   total 6300688K, used 6300454K [0x00007f66ddb50000, 0x00007f685e454000, 0x00007f7188600000)
   the space 6300688K,  99% used [0x00007f66ddb50000, 0x00007f685e419b60, 0x00007f685e419c00, 0x00007f685e454000)
 Metaspace       used 24923K, capacity 25344K, committed 25600K, reserved 26624K
}
Event: 111092.052 GC heap before
{Heap before GC invocations=139159 (full 4):
 def new generation   total 2835392K, used 2522927K [0x00007f6188600000, 0x00007f6248a90000, 0x00007f66ddb50000)
  eden space 2520384K, 100% used [0x00007f6188600000, 0x00007f6222350000, 0x00007f6222350000)
  from space 315008K,   0% used [0x00007f62356f0000, 0x00007f623596bdc0, 0x00007f6248a90000)
  to   space 315008K,   0% used [0x00007f6222350000, 0x00007f6222350000, 0x00007f62356f0000)
 tenured generation   total 6300688K, used 6300454K [0x00007f66ddb50000, 0x00007f685e454000, 0x00007f7188600000)
   the space 6300688K,  99% used [0x00007f66ddb50000, 0x00007f685e419b60, 0x00007f685e419c00, 0x00007f685e454000)
 Metaspace       used 24923K, capacity 25344K, committed 25600K, reserved 26624K
}
Event: 111092.058 GC heap after
{Heap after GC invocations=139160 (full 4):
 def new generation   total 2835392K, used 2457K [0x00007f6188600000, 0x00007f6248a90000, 0x00007f66ddb50000)
  eden space 2520384K,   0% used [0x00007f6188600000, 0x00007f6188600000, 0x00007f6222350000)
  from space 315008K,   0% used [0x00007f6222350000, 0x00007f62225b6778, 0x00007f62356f0000)
  to   space 315008K,   0% used [0x00007f62356f0000, 0x00007f62356f0000, 0x00007f6248a90000)
 tenured generation   total 6300688K, used 6300595K [0x00007f66ddb50000, 0x00007f685e454000, 0x00007f7188600000)
   the space 6300688K,  99% used [0x00007f66ddb50000, 0x00007f685e43cd90, 0x00007f685e43ce00, 0x00007f685e454000)
 Metaspace       used 24923K, capacity 25344K, committed 25600K, reserved 26624K
}
Event: 111093.754 GC heap before
{Heap before GC invocations=139160 (full 4):
 def new generation   total 2835392K, used 2522841K [0x00007f6188600000, 0x00007f6248a90000, 0x00007f66ddb50000)
  eden space 2520384K, 100% used [0x00007f6188600000, 0x00007f6222350000, 0x00007f6222350000)
  from space 315008K,   0% used [0x00007f6222350000, 0x00007f62225b6778, 0x00007f62356f0000)
  to   space 315008K,   0% used [0x00007f62356f0000, 0x00007f62356f0000, 0x00007f6248a90000)
 tenured generation   total 6300688K, used 6300595K [0x00007f66ddb50000, 0x00007f685e454000, 0x00007f7188600000)
   the space 6300688K,  99% used [0x00007f66ddb50000, 0x00007f685e43cd90, 0x00007f685e43ce00, 0x00007f685e454000)
 Metaspace       used 24923K, capacity 25344K, committed 25600K, reserved 26624K
}
Event: 111093.762 GC heap after
{Heap after GC invocations=139161 (full 4):
 def new generation   total 2835392K, used 2566K [0x00007f6188600000, 0x00007f6248a90000, 0x00007f66ddb50000)
  eden space 2520384K,   0% used [0x00007f6188600000, 0x00007f6188600000, 0x00007f6222350000)
  from space 315008K,   0% used [0x00007f62356f0000, 0x00007f6235971a90, 0x00007f6248a90000)
  to   space 315008K,   0% used [0x00007f6222350000, 0x00007f6222350000, 0x00007f62356f0000)
 tenured generation   total 6300880K, used 6300764K [0x00007f66ddb50000, 0x00007f685e484000, 0x00007f7188600000)
   the space 6300880K,  99% used [0x00007f66ddb50000, 0x00007f685e467030, 0x00007f685e467200, 0x00007f685e484000)
 Metaspace       used 24923K, capacity 25344K, committed 25600K, reserved 26624K
}
Event: 111093.762 GC heap before
{Heap before GC invocations=139161 (full 4):
 def new generation   total 2835392K, used 2566K [0x00007f6188600000, 0x00007f6248a90000, 0x00007f66ddb50000)
  eden space 2520384K,   0% used [0x00007f6188600000, 0x00007f6188600000, 0x00007f6222350000)
  from space 315008K,   0% used [0x00007f62356f0000, 0x00007f6235971a90, 0x00007f6248a90000)
  to   space 315008K,   0% used [0x00007f6222350000, 0x00007f6222350000, 0x00007f62356f0000)
 tenured generation   total 6300880K, used 6300764K [0x00007f66ddb50000, 0x00007f685e484000, 0x00007f7188600000)
   the space 6300880K,  99% used [0x00007f66ddb50000, 0x00007f685e467030, 0x00007f685e467200, 0x00007f685e484000)
 Metaspace       used 24923K, capacity 25344K, committed 25600K, reserved 26624K
}

