# JRE version: OpenJDK Runtime Environment (13.0.7+5) (build 13.0.7+5-Ubuntu-0ubuntu120.04)
# Java VM: OpenJDK 64-Bit Server VM (13.0.7+5-Ubuntu-0ubuntu120.04, mixed mode, tiered, serial gc, linux-amd64)
Heap:
 def new generation   total 2892800K, used 3391K [0x00007f3564600000, 0x00007f36288e0000, 0x00007f3ab9b50000)
  eden space 2571392K,   0% used [0x00007f3564600000, 0x00007f356494fea8, 0x00007f3601520000)
  from space 321408K,   0% used [0x00007f3614f00000, 0x00007f3614f00000, 0x00007f36288e0000)
  to   space 321408K,   0% used [0x00007f3601520000, 0x00007f3601520000, 0x00007f3614f00000)
 tenured generation   total 6428352K, used 6428351K [0x00007f3ab9b50000, 0x00007f3c42100000, 0x00007f4564600000)
   the space 6428352K,  99% used [0x00007f3ab9b50000, 0x00007f3c420fffe8, 0x00007f3c42100000, 0x00007f3c42100000)
 Metaspace       used 25046K, capacity 25479K, committed 25600K, reserved 26624K
GC Heap History (20 events):
Event: 20288.982 GC heap after
{Heap after GC invocations=26025 (full 4):
 def new generation   total 2892800K, used 3362K [0x00007f3564600000, 0x00007f36288e0000, 0x00007f3ab9b50000)
  eden space 2571392K,   0% used [0x00007f3564600000, 0x00007f3564600000, 0x00007f3601520000)
  from space 321408K,   1% used [0x00007f3601520000, 0x00007f3601868ad8, 0x00007f3614f00000)
  to   space 321408K,   0% used [0x00007f3614f00000, 0x00007f3614f00000, 0x00007f36288e0000)
 tenured generation   total 6428352K, used 6426363K [0x00007f3ab9b50000, 0x00007f3c42100000, 0x00007f4564600000)
   the space 6428352K,  99% used [0x00007f3ab9b50000, 0x00007f3c41f0ef18, 0x00007f3c41f0f000, 0x00007f3c42100000)
 Metaspace       used 25046K, capacity 25479K, committed 25600K, reserved 26624K
}
Event: 20290.413 GC heap before
{Heap before GC invocations=26025 (full 4):
 def new generation   total 2892800K, used 2574754K [0x00007f3564600000, 0x00007f36288e0000, 0x00007f3ab9b50000)
  eden space 2571392K, 100% used [0x00007f3564600000, 0x00007f3601520000, 0x00007f3601520000)
  from space 321408K,   1% used [0x00007f3601520000, 0x00007f3601868ad8, 0x00007f3614f00000)
  to   space 321408K,   0% used [0x00007f3614f00000, 0x00007f3614f00000, 0x00007f36288e0000)
 tenured generation   total 6428352K, used 6426363K [0x00007f3ab9b50000, 0x00007f3c42100000, 0x00007f4564600000)
   the space 6428352K,  99% used [0x00007f3ab9b50000, 0x00007f3c41f0ef18, 0x00007f3c41f0f000, 0x00007f3c42100000)
 Metaspace       used 25046K, capacity 25479K, committed 25600K, reserved 26624K
}
Event: 20290.422 GC heap after
{Heap after GC invocations=26026 (full 4):
 def new generation   total 2892800K, used 3433K [0x00007f3564600000, 0x00007f36288e0000, 0x00007f3ab9b50000)
  eden space 2571392K,   0% used [0x00007f3564600000, 0x00007f3564600000, 0x00007f3601520000)
  from space 321408K,   1% used [0x00007f3614f00000, 0x00007f361525a520, 0x00007f36288e0000)
  to   space 321408K,   0% used [0x00007f3601520000, 0x00007f3601520000, 0x00007f3614f00000)
 tenured generation   total 6428352K, used 6426573K [0x00007f3ab9b50000, 0x00007f3c42100000, 0x00007f4564600000)
   the space 6428352K,  99% used [0x00007f3ab9b50000, 0x00007f3c41f43418, 0x00007f3c41f43600, 0x00007f3c42100000)
 Metaspace       used 25046K, capacity 25479K, committed 25600K, reserved 26624K
}
Event: 20291.849 GC heap before
{Heap before GC invocations=26026 (full 4):
 def new generation   total 2892800K, used 2574825K [0x00007f3564600000, 0x00007f36288e0000, 0x00007f3ab9b50000)
  eden space 2571392K, 100% used [0x00007f3564600000, 0x00007f3601520000, 0x00007f3601520000)
  from space 321408K,   1% used [0x00007f3614f00000, 0x00007f361525a520, 0x00007f36288e0000)
  to   space 321408K,   0% used [0x00007f3601520000, 0x00007f3601520000, 0x00007f3614f00000)
 tenured generation   total 6428352K, used 6426573K [0x00007f3ab9b50000, 0x00007f3c42100000, 0x00007f4564600000)
   the space 6428352K,  99% used [0x00007f3ab9b50000, 0x00007f3c41f43418, 0x00007f3c41f43600, 0x00007f3c42100000)
 Metaspace       used 25046K, capacity 25479K, committed 25600K, reserved 26624K
}
Event: 20291.854 GC heap after
{Heap after GC invocations=26027 (full 4):
 def new generation   total 2892800K, used 3353K [0x00007f3564600000, 0x00007f36288e0000, 0x00007f3ab9b50000)
  eden space 2571392K,   0% used [0x00007f3564600000, 0x00007f3564600000, 0x00007f3601520000)
  from space 321408K,   1% used [0x00007f3601520000, 0x00007f36018664c8, 0x00007f3614f00000)
  to   space 321408K,   0% used [0x00007f3614f00000, 0x00007f3614f00000, 0x00007f36288e0000)
 tenured generation   total 6428352K, used 6426808K [0x00007f3ab9b50000, 0x00007f3c42100000, 0x00007f4564600000)
   the space 6428352K,  99% used [0x00007f3ab9b50000, 0x00007f3c41f7e1b8, 0x00007f3c41f7e200, 0x00007f3c42100000)
 Metaspace       used 25046K, capacity 25479K, committed 25600K, reserved 26624K
}
Event: 20293.271 GC heap before
{Heap before GC invocations=26027 (full 4):
 def new generation   total 2892800K, used 2574745K [0x00007f3564600000, 0x00007f36288e0000, 0x00007f3ab9b50000)
  eden space 2571392K, 100% used [0x00007f3564600000, 0x00007f3601520000, 0x00007f3601520000)
  from space 321408K,   1% used [0x00007f3601520000, 0x00007f36018664c8, 0x00007f3614f00000)
  to   space 321408K,   0% used [0x00007f3614f00000, 0x00007f3614f00000, 0x00007f36288e0000)
 tenured generation   total 6428352K, used 6426808K [0x00007f3ab9b50000, 0x00007f3c42100000, 0x00007f4564600000)
   the space 6428352K,  99% used [0x00007f3ab9b50000, 0x00007f3c41f7e1b8, 0x00007f3c41f7e200, 0x00007f3c42100000)
 Metaspace       used 25046K, capacity 25479K, committed 25600K, reserved 26624K
}
Event: 20293.278 GC heap after
{Heap after GC invocations=26028 (full 4):
 def new generation   total 2892800K, used 3422K [0x00007f3564600000, 0x00007f36288e0000, 0x00007f3ab9b50000)
  eden space 2571392K,   0% used [0x00007f3564600000, 0x00007f3564600000, 0x00007f3601520000)
  from space 321408K,   1% used [0x00007f3614f00000, 0x00007f3615257b38, 0x00007f36288e0000)
  to   space 321408K,   0% used [0x00007f3601520000, 0x00007f3601520000, 0x00007f3614f00000)
 tenured generation   total 6428352K, used 6427017K [0x00007f3ab9b50000, 0x00007f3c42100000, 0x00007f4564600000)
   the space 6428352K,  99% used [0x00007f3ab9b50000, 0x00007f3c41fb26b8, 0x00007f3c41fb2800, 0x00007f3c42100000)
 Metaspace       used 25046K, capacity 25479K, committed 25600K, reserved 26624K
}
Event: 20294.748 GC heap before
{Heap before GC invocations=26028 (full 4):
 def new generation   total 2892800K, used 2574814K [0x00007f3564600000, 0x00007f36288e0000, 0x00007f3ab9b50000)
  eden space 2571392K, 100% used [0x00007f3564600000, 0x00007f3601520000, 0x00007f3601520000)
  from space 321408K,   1% used [0x00007f3614f00000, 0x00007f3615257b38, 0x00007f36288e0000)
  to   space 321408K,   0% used [0x00007f3601520000, 0x00007f3601520000, 0x00007f3614f00000)
 tenured generation   total 6428352K, used 6427017K [0x00007f3ab9b50000, 0x00007f3c42100000, 0x00007f4564600000)
   the space 6428352K,  99% used [0x00007f3ab9b50000, 0x00007f3c41fb26b8, 0x00007f3c41fb2800, 0x00007f3c42100000)
 Metaspace       used 25046K, capacity 25479K, committed 25600K, reserved 26624K
}
Event: 20294.754 GC heap after
{Heap after GC invocations=26029 (full 4):
 def new generation   total 2892800K, used 3509K [0x00007f3564600000, 0x00007f36288e0000, 0x00007f3ab9b50000)
  eden space 2571392K,   0% used [0x00007f3564600000, 0x00007f3564600000, 0x00007f3601520000)
  from space 321408K,   1% used [0x00007f3601520000, 0x00007f360188d6c8, 0x00007f3614f00000)
  to   space 321408K,   0% used [0x00007f3614f00000, 0x00007f3614f00000, 0x00007f36288e0000)
 tenured generation   total 6428352K, used 6427226K [0x00007f3ab9b50000, 0x00007f3c42100000, 0x00007f4564600000)
   the space 6428352K,  99% used [0x00007f3ab9b50000, 0x00007f3c41fe6bb8, 0x00007f3c41fe6c00, 0x00007f3c42100000)
 Metaspace       used 25046K, capacity 25479K, committed 25600K, reserved 26624K
}
Event: 20296.225 GC heap before
{Heap before GC invocations=26029 (full 4):
 def new generation   total 2892800K, used 2574901K [0x00007f3564600000, 0x00007f36288e0000, 0x00007f3ab9b50000)
  eden space 2571392K, 100% used [0x00007f3564600000, 0x00007f3601520000, 0x00007f3601520000)
  from space 321408K,   1% used [0x00007f3601520000, 0x00007f360188d6c8, 0x00007f3614f00000)
  to   space 321408K,   0% used [0x00007f3614f00000, 0x00007f3614f00000, 0x00007f36288e0000)
 tenured generation   total 6428352K, used 6427226K [0x00007f3ab9b50000, 0x00007f3c42100000, 0x00007f4564600000)
   the space 6428352K,  99% used [0x00007f3ab9b50000, 0x00007f3c41fe6bb8, 0x00007f3c41fe6c00, 0x00007f3c42100000)
 Metaspace       used 25046K, capacity 25479K, committed 25600K, reserved 26624K
}
Event: 20296.232 GC heap after
{Heap after GC invocations=26030 (full 4):
 def new generation   total 2892800K, used 3416K [0x00007f3564600000, 0x00007f36288e0000, 0x00007f3ab9b50000)
  eden space 2571392K,   0% used [0x00007f3564600000, 0x00007f3564600000, 0x00007f3601520000)
  from space 321408K,   1% used [0x00007f3614f00000, 0x00007f3615256358, 0x00007f36288e0000)
  to   space 321408K,   0% used [0x00007f3601520000, 0x00007f3601520000, 0x00007f3614f00000)
 tenured generation   total 6428352K, used 6427462K [0x00007f3ab9b50000, 0x00007f3c42100000, 0x00007f4564600000)
   the space 6428352K,  99% used [0x00007f3ab9b50000, 0x00007f3c42021958, 0x00007f3c42021a00, 0x00007f3c42100000)
 Metaspace       used 25046K, capacity 25479K, committed 25600K, reserved 26624K
}
Event: 20297.660 GC heap before
{Heap before GC invocations=26030 (full 4):
 def new generation   total 2892800K, used 2574808K [0x00007f3564600000, 0x00007f36288e0000, 0x00007f3ab9b50000)
  eden space 2571392K, 100% used [0x00007f3564600000, 0x00007f3601520000, 0x00007f3601520000)
  from space 321408K,   1% used [0x00007f3614f00000, 0x00007f3615256358, 0x00007f36288e0000)
  to   space 321408K,   0% used [0x00007f3601520000, 0x00007f3601520000, 0x00007f3614f00000)
 tenured generation   total 6428352K, used 6427462K [0x00007f3ab9b50000, 0x00007f3c42100000, 0x00007f4564600000)
   the space 6428352K,  99% used [0x00007f3ab9b50000, 0x00007f3c42021958, 0x00007f3c42021a00, 0x00007f3c42100000)
 Metaspace       used 25046K, capacity 25479K, committed 25600K, reserved 26624K
}
Event: 20297.666 GC heap after
{Heap after GC invocations=26031 (full 4):
 def new generation   total 2892800K, used 3488K [0x00007f3564600000, 0x00007f36288e0000, 0x00007f3ab9b50000)
  eden space 2571392K,   0% used [0x00007f3564600000, 0x00007f3564600000, 0x00007f3601520000)
  from space 321408K,   1% used [0x00007f3601520000, 0x00007f36018883d8, 0x00007f3614f00000)
  to   space 321408K,   0% used [0x00007f3614f00000, 0x00007f3614f00000, 0x00007f36288e0000)
 tenured generation   total 6428352K, used 6427671K [0x00007f3ab9b50000, 0x00007f3c42100000, 0x00007f4564600000)
   the space 6428352K,  99% used [0x00007f3ab9b50000, 0x00007f3c42055e58, 0x00007f3c42056000, 0x00007f3c42100000)
 Metaspace       used 25046K, capacity 25479K, committed 25600K, reserved 26624K
}
Event: 20299.092 GC heap before
{Heap before GC invocations=26031 (full 4):
 def new generation   total 2892800K, used 2574880K [0x00007f3564600000, 0x00007f36288e0000, 0x00007f3ab9b50000)
  eden space 2571392K, 100% used [0x00007f3564600000, 0x00007f3601520000, 0x00007f3601520000)
  from space 321408K,   1% used [0x00007f3601520000, 0x00007f36018883d8, 0x00007f3614f00000)
  to   space 321408K,   0% used [0x00007f3614f00000, 0x00007f3614f00000, 0x00007f36288e0000)
 tenured generation   total 6428352K, used 6427671K [0x00007f3ab9b50000, 0x00007f3c42100000, 0x00007f4564600000)
   the space 6428352K,  99% used [0x00007f3ab9b50000, 0x00007f3c42055e58, 0x00007f3c42056000, 0x00007f3c42100000)
 Metaspace       used 25046K, capacity 25479K, committed 25600K, reserved 26624K
}
Event: 20299.098 GC heap after
{Heap after GC invocations=26032 (full 4):
 def new generation   total 2892800K, used 3403K [0x00007f3564600000, 0x00007f36288e0000, 0x00007f3ab9b50000)
  eden space 2571392K,   0% used [0x00007f3564600000, 0x00007f3564600000, 0x00007f3601520000)
  from space 321408K,   1% used [0x00007f3614f00000, 0x00007f3615252c48, 0x00007f36288e0000)
  to   space 321408K,   0% used [0x00007f3601520000, 0x00007f3601520000, 0x00007f3614f00000)
 tenured generation   total 6428352K, used 6427906K [0x00007f3ab9b50000, 0x00007f3c42100000, 0x00007f4564600000)
   the space 6428352K,  99% used [0x00007f3ab9b50000, 0x00007f3c42090bf8, 0x00007f3c42090c00, 0x00007f3c42100000)
 Metaspace       used 25046K, capacity 25479K, committed 25600K, reserved 26624K
}
Event: 20300.564 GC heap before
{Heap before GC invocations=26032 (full 4):
 def new generation   total 2892800K, used 2574795K [0x00007f3564600000, 0x00007f36288e0000, 0x00007f3ab9b50000)
  eden space 2571392K, 100% used [0x00007f3564600000, 0x00007f3601520000, 0x00007f3601520000)
  from space 321408K,   1% used [0x00007f3614f00000, 0x00007f3615252c48, 0x00007f36288e0000)
  to   space 321408K,   0% used [0x00007f3601520000, 0x00007f3601520000, 0x00007f3614f00000)
 tenured generation   total 6428352K, used 6427906K [0x00007f3ab9b50000, 0x00007f3c42100000, 0x00007f4564600000)
   the space 6428352K,  99% used [0x00007f3ab9b50000, 0x00007f3c42090bf8, 0x00007f3c42090c00, 0x00007f3c42100000)
 Metaspace       used 25046K, capacity 25479K, committed 25600K, reserved 26624K
}
Event: 20300.571 GC heap after
{Heap after GC invocations=26033 (full 4):
 def new generation   total 2892800K, used 3477K [0x00007f3564600000, 0x00007f36288e0000, 0x00007f3ab9b50000)
  eden space 2571392K,   0% used [0x00007f3564600000, 0x00007f3564600000, 0x00007f3601520000)
  from space 321408K,   1% used [0x00007f3601520000, 0x00007f3601885418, 0x00007f3614f00000)
  to   space 321408K,   0% used [0x00007f3614f00000, 0x00007f3614f00000, 0x00007f36288e0000)
 tenured generation   total 6428352K, used 6428116K [0x00007f3ab9b50000, 0x00007f3c42100000, 0x00007f4564600000)
   the space 6428352K,  99% used [0x00007f3ab9b50000, 0x00007f3c420c50f8, 0x00007f3c420c5200, 0x00007f3c42100000)
 Metaspace       used 25046K, capacity 25479K, committed 25600K, reserved 26624K
}
Event: 20302.023 GC heap before
{Heap before GC invocations=26033 (full 4):
 def new generation   total 2892800K, used 2574869K [0x00007f3564600000, 0x00007f36288e0000, 0x00007f3ab9b50000)
  eden space 2571392K, 100% used [0x00007f3564600000, 0x00007f3601520000, 0x00007f3601520000)
  from space 321408K,   1% used [0x00007f3601520000, 0x00007f3601885418, 0x00007f3614f00000)
  to   space 321408K,   0% used [0x00007f3614f00000, 0x00007f3614f00000, 0x00007f36288e0000)
 tenured generation   total 6428352K, used 6428116K [0x00007f3ab9b50000, 0x00007f3c42100000, 0x00007f4564600000)
   the space 6428352K,  99% used [0x00007f3ab9b50000, 0x00007f3c420c50f8, 0x00007f3c420c5200, 0x00007f3c42100000)
 Metaspace       used 25046K, capacity 25479K, committed 25600K, reserved 26624K
}
Event: 20302.029 GC heap after
{Heap after GC invocations=26034 (full 4):
 def new generation   total 2892800K, used 3391K [0x00007f3564600000, 0x00007f36288e0000, 0x00007f3ab9b50000)
  eden space 2571392K,   0% used [0x00007f3564600000, 0x00007f3564600000, 0x00007f3601520000)
  from space 321408K,   1% used [0x00007f3614f00000, 0x00007f361524fff8, 0x00007f36288e0000)
  to   space 321408K,   0% used [0x00007f3601520000, 0x00007f3601520000, 0x00007f3614f00000)
 tenured generation   total 6428352K, used 6428351K [0x00007f3ab9b50000, 0x00007f3c42100000, 0x00007f4564600000)
   the space 6428352K,  99% used [0x00007f3ab9b50000, 0x00007f3c420ffe98, 0x00007f3c42100000, 0x00007f3c42100000)
 Metaspace       used 25046K, capacity 25479K, committed 25600K, reserved 26624K
}
Event: 20302.029 GC heap before
{Heap before GC invocations=26034 (full 4):
 def new generation   total 2892800K, used 3391K [0x00007f3564600000, 0x00007f36288e0000, 0x00007f3ab9b50000)
  eden space 2571392K,   0% used [0x00007f3564600000, 0x00007f3564600000, 0x00007f3601520000)
  from space 321408K,   1% used [0x00007f3614f00000, 0x00007f361524fff8, 0x00007f36288e0000)
  to   space 321408K,   0% used [0x00007f3601520000, 0x00007f3601520000, 0x00007f3614f00000)
 tenured generation   total 6428352K, used 6428351K [0x00007f3ab9b50000, 0x00007f3c42100000, 0x00007f4564600000)
   the space 6428352K,  99% used [0x00007f3ab9b50000, 0x00007f3c420ffe98, 0x00007f3c42100000, 0x00007f3c42100000)
 Metaspace       used 25046K, capacity 25479K, committed 25600K, reserved 26624K
}

