# JRE version: OpenJDK Runtime Environment (13.0.7+5) (build 13.0.7+5-Ubuntu-0ubuntu120.04)
# Java VM: OpenJDK 64-Bit Server VM (13.0.7+5-Ubuntu-0ubuntu120.04, mixed mode, tiered, serial gc, linux-amd64)
Heap:
 def new generation   total 1747904K, used 0K [0x00007f7524600000, 0x00007f759ae90000, 0x00007f7a79b50000)
  eden space 1553728K,   0% used [0x00007f7524600000, 0x00007f7524600000, 0x00007f7583350000)
  from space 194176K,   0% used [0x00007f7583350000, 0x00007f7583350000, 0x00007f758f0f0000)
  to   space 194176K,   0% used [0x00007f758f0f0000, 0x00007f758f0f0000, 0x00007f759ae90000)
 tenured generation   total 3884248K, used 3843201K [0x00007f7a79b50000, 0x00007f7b66c86000, 0x00007f8524600000)
   the space 3884248K,  98% used [0x00007f7a79b50000, 0x00007f7b64470428, 0x00007f7b64470600, 0x00007f7b66c86000)
 Metaspace       used 24916K, capacity 25359K, committed 25600K, reserved 26624K
GC Heap History (20 events):
Event: 12316.853 GC heap after
{Heap after GC invocations=14407 (full 3):
 def new generation   total 1747904K, used 7027K [0x00007f7524600000, 0x00007f759ae90000, 0x00007f7a79b50000)
  eden space 1553728K,   0% used [0x00007f7524600000, 0x00007f7524600000, 0x00007f7583350000)
  from space 194176K,   3% used [0x00007f758f0f0000, 0x00007f758f7cce00, 0x00007f759ae90000)
  to   space 194176K,   0% used [0x00007f7583350000, 0x00007f7583350000, 0x00007f758f0f0000)
 tenured generation   total 3884056K, used 3880030K [0x00007f7a79b50000, 0x00007f7b66c56000, 0x00007f8524600000)
   the space 3884056K,  99% used [0x00007f7a79b50000, 0x00007f7b668679f8, 0x00007f7b66867a00, 0x00007f7b66c56000)
 Metaspace       used 24916K, capacity 25359K, committed 25600K, reserved 26624K
}
Event: 12318.359 GC heap before
{Heap before GC invocations=14407 (full 3):
 def new generation   total 1747904K, used 1560755K [0x00007f7524600000, 0x00007f759ae90000, 0x00007f7a79b50000)
  eden space 1553728K, 100% used [0x00007f7524600000, 0x00007f7583350000, 0x00007f7583350000)
  from space 194176K,   3% used [0x00007f758f0f0000, 0x00007f758f7cce00, 0x00007f759ae90000)
  to   space 194176K,   0% used [0x00007f7583350000, 0x00007f7583350000, 0x00007f758f0f0000)
 tenured generation   total 3884056K, used 3880030K [0x00007f7a79b50000, 0x00007f7b66c56000, 0x00007f8524600000)
   the space 3884056K,  99% used [0x00007f7a79b50000, 0x00007f7b668679f8, 0x00007f7b66867a00, 0x00007f7b66c56000)
 Metaspace       used 24916K, capacity 25359K, committed 25600K, reserved 26624K
}
Event: 12318.379 GC heap after
{Heap after GC invocations=14408 (full 3):
 def new generation   total 1747904K, used 7017K [0x00007f7524600000, 0x00007f759ae90000, 0x00007f7a79b50000)
  eden space 1553728K,   0% used [0x00007f7524600000, 0x00007f7524600000, 0x00007f7583350000)
  from space 194176K,   3% used [0x00007f7583350000, 0x00007f7583a2a498, 0x00007f758f0f0000)
  to   space 194176K,   0% used [0x00007f758f0f0000, 0x00007f758f0f0000, 0x00007f759ae90000)
 tenured generation   total 3884056K, used 3880528K [0x00007f7a79b50000, 0x00007f7b66c56000, 0x00007f8524600000)
   the space 3884056K,  99% used [0x00007f7a79b50000, 0x00007f7b668e4200, 0x00007f7b668e4200, 0x00007f7b66c56000)
 Metaspace       used 24916K, capacity 25359K, committed 25600K, reserved 26624K
}
Event: 12319.884 GC heap before
{Heap before GC invocations=14408 (full 3):
 def new generation   total 1747904K, used 1560745K [0x00007f7524600000, 0x00007f759ae90000, 0x00007f7a79b50000)
  eden space 1553728K, 100% used [0x00007f7524600000, 0x00007f7583350000, 0x00007f7583350000)
  from space 194176K,   3% used [0x00007f7583350000, 0x00007f7583a2a498, 0x00007f758f0f0000)
  to   space 194176K,   0% used [0x00007f758f0f0000, 0x00007f758f0f0000, 0x00007f759ae90000)
 tenured generation   total 3884056K, used 3880528K [0x00007f7a79b50000, 0x00007f7b66c56000, 0x00007f8524600000)
   the space 3884056K,  99% used [0x00007f7a79b50000, 0x00007f7b668e4200, 0x00007f7b668e4200, 0x00007f7b66c56000)
 Metaspace       used 24916K, capacity 25359K, committed 25600K, reserved 26624K
}
Event: 12319.902 GC heap after
{Heap after GC invocations=14409 (full 3):
 def new generation   total 1747904K, used 7021K [0x00007f7524600000, 0x00007f759ae90000, 0x00007f7a79b50000)
  eden space 1553728K,   0% used [0x00007f7524600000, 0x00007f7524600000, 0x00007f7583350000)
  from space 194176K,   3% used [0x00007f758f0f0000, 0x00007f758f7cb7a8, 0x00007f759ae90000)
  to   space 194176K,   0% used [0x00007f7583350000, 0x00007f7583350000, 0x00007f758f0f0000)
 tenured generation   total 3884056K, used 3881026K [0x00007f7a79b50000, 0x00007f7b66c56000, 0x00007f8524600000)
   the space 3884056K,  99% used [0x00007f7a79b50000, 0x00007f7b66960a08, 0x00007f7b66960c00, 0x00007f7b66c56000)
 Metaspace       used 24916K, capacity 25359K, committed 25600K, reserved 26624K
}
Event: 12321.437 GC heap before
{Heap before GC invocations=14409 (full 3):
 def new generation   total 1747904K, used 1560749K [0x00007f7524600000, 0x00007f759ae90000, 0x00007f7a79b50000)
  eden space 1553728K, 100% used [0x00007f7524600000, 0x00007f7583350000, 0x00007f7583350000)
  from space 194176K,   3% used [0x00007f758f0f0000, 0x00007f758f7cb7a8, 0x00007f759ae90000)
  to   space 194176K,   0% used [0x00007f7583350000, 0x00007f7583350000, 0x00007f758f0f0000)
 tenured generation   total 3884056K, used 3881026K [0x00007f7a79b50000, 0x00007f7b66c56000, 0x00007f8524600000)
   the space 3884056K,  99% used [0x00007f7a79b50000, 0x00007f7b66960a08, 0x00007f7b66960c00, 0x00007f7b66c56000)
 Metaspace       used 24916K, capacity 25359K, committed 25600K, reserved 26624K
}
Event: 12321.456 GC heap after
{Heap after GC invocations=14410 (full 3):
 def new generation   total 1747904K, used 7008K [0x00007f7524600000, 0x00007f759ae90000, 0x00007f7a79b50000)
  eden space 1553728K,   0% used [0x00007f7524600000, 0x00007f7524600000, 0x00007f7583350000)
  from space 194176K,   3% used [0x00007f7583350000, 0x00007f7583a28028, 0x00007f758f0f0000)
  to   space 194176K,   0% used [0x00007f758f0f0000, 0x00007f758f0f0000, 0x00007f759ae90000)
 tenured generation   total 3884056K, used 3881524K [0x00007f7a79b50000, 0x00007f7b66c56000, 0x00007f8524600000)
   the space 3884056K,  99% used [0x00007f7a79b50000, 0x00007f7b669dd210, 0x00007f7b669dd400, 0x00007f7b66c56000)
 Metaspace       used 24916K, capacity 25359K, committed 25600K, reserved 26624K
}
Event: 12322.998 GC heap before
{Heap before GC invocations=14410 (full 3):
 def new generation   total 1747904K, used 1560736K [0x00007f7524600000, 0x00007f759ae90000, 0x00007f7a79b50000)
  eden space 1553728K, 100% used [0x00007f7524600000, 0x00007f7583350000, 0x00007f7583350000)
  from space 194176K,   3% used [0x00007f7583350000, 0x00007f7583a28028, 0x00007f758f0f0000)
  to   space 194176K,   0% used [0x00007f758f0f0000, 0x00007f758f0f0000, 0x00007f759ae90000)
 tenured generation   total 3884056K, used 3881524K [0x00007f7a79b50000, 0x00007f7b66c56000, 0x00007f8524600000)
   the space 3884056K,  99% used [0x00007f7a79b50000, 0x00007f7b669dd210, 0x00007f7b669dd400, 0x00007f7b66c56000)
 Metaspace       used 24916K, capacity 25359K, committed 25600K, reserved 26624K
}
Event: 12323.015 GC heap after
{Heap after GC invocations=14411 (full 3):
 def new generation   total 1747904K, used 7043K [0x00007f7524600000, 0x00007f759ae90000, 0x00007f7a79b50000)
  eden space 1553728K,   0% used [0x00007f7524600000, 0x00007f7524600000, 0x00007f7583350000)
  from space 194176K,   3% used [0x00007f758f0f0000, 0x00007f758f7d0ff8, 0x00007f759ae90000)
  to   space 194176K,   0% used [0x00007f7583350000, 0x00007f7583350000, 0x00007f758f0f0000)
 tenured generation   total 3884056K, used 3881996K [0x00007f7a79b50000, 0x00007f7b66c56000, 0x00007f8524600000)
   the space 3884056K,  99% used [0x00007f7a79b50000, 0x00007f7b66a53140, 0x00007f7b66a53200, 0x00007f7b66c56000)
 Metaspace       used 24916K, capacity 25359K, committed 25600K, reserved 26624K
}
Event: 12324.510 GC heap before
{Heap before GC invocations=14411 (full 3):
 def new generation   total 1747904K, used 1560771K [0x00007f7524600000, 0x00007f759ae90000, 0x00007f7a79b50000)
  eden space 1553728K, 100% used [0x00007f7524600000, 0x00007f7583350000, 0x00007f7583350000)
  from space 194176K,   3% used [0x00007f758f0f0000, 0x00007f758f7d0ff8, 0x00007f759ae90000)
  to   space 194176K,   0% used [0x00007f7583350000, 0x00007f7583350000, 0x00007f758f0f0000)
 tenured generation   total 3884056K, used 3881996K [0x00007f7a79b50000, 0x00007f7b66c56000, 0x00007f8524600000)
   the space 3884056K,  99% used [0x00007f7a79b50000, 0x00007f7b66a53140, 0x00007f7b66a53200, 0x00007f7b66c56000)
 Metaspace       used 24916K, capacity 25359K, committed 25600K, reserved 26624K
}
Event: 12324.528 GC heap after
{Heap after GC invocations=14412 (full 3):
 def new generation   total 1747904K, used 7046K [0x00007f7524600000, 0x00007f759ae90000, 0x00007f7a79b50000)
  eden space 1553728K,   0% used [0x00007f7524600000, 0x00007f7524600000, 0x00007f7583350000)
  from space 194176K,   3% used [0x00007f7583350000, 0x00007f7583a318b8, 0x00007f758f0f0000)
  to   space 194176K,   0% used [0x00007f758f0f0000, 0x00007f758f0f0000, 0x00007f759ae90000)
 tenured generation   total 3884056K, used 3882494K [0x00007f7a79b50000, 0x00007f7b66c56000, 0x00007f8524600000)
   the space 3884056K,  99% used [0x00007f7a79b50000, 0x00007f7b66acf948, 0x00007f7b66acfa00, 0x00007f7b66c56000)
 Metaspace       used 24916K, capacity 25359K, committed 25600K, reserved 26624K
}
Event: 12326.038 GC heap before
{Heap before GC invocations=14412 (full 3):
 def new generation   total 1747904K, used 1560774K [0x00007f7524600000, 0x00007f759ae90000, 0x00007f7a79b50000)
  eden space 1553728K, 100% used [0x00007f7524600000, 0x00007f7583350000, 0x00007f7583350000)
  from space 194176K,   3% used [0x00007f7583350000, 0x00007f7583a318b8, 0x00007f758f0f0000)
  to   space 194176K,   0% used [0x00007f758f0f0000, 0x00007f758f0f0000, 0x00007f759ae90000)
 tenured generation   total 3884056K, used 3882494K [0x00007f7a79b50000, 0x00007f7b66c56000, 0x00007f8524600000)
   the space 3884056K,  99% used [0x00007f7a79b50000, 0x00007f7b66acf948, 0x00007f7b66acfa00, 0x00007f7b66c56000)
 Metaspace       used 24916K, capacity 25359K, committed 25600K, reserved 26624K
}
Event: 12326.059 GC heap after
{Heap after GC invocations=14413 (full 3):
 def new generation   total 1747904K, used 7274K [0x00007f7524600000, 0x00007f759ae90000, 0x00007f7a79b50000)
  eden space 1553728K,   0% used [0x00007f7524600000, 0x00007f7524600000, 0x00007f7583350000)
  from space 194176K,   3% used [0x00007f758f0f0000, 0x00007f758f80a9b8, 0x00007f759ae90000)
  to   space 194176K,   0% used [0x00007f7583350000, 0x00007f7583350000, 0x00007f758f0f0000)
 tenured generation   total 3884056K, used 3882767K [0x00007f7a79b50000, 0x00007f7b66c56000, 0x00007f8524600000)
   the space 3884056K,  99% used [0x00007f7a79b50000, 0x00007f7b66b13fb0, 0x00007f7b66b14000, 0x00007f7b66c56000)
 Metaspace       used 24916K, capacity 25359K, committed 25600K, reserved 26624K
}
Event: 12327.603 GC heap before
{Heap before GC invocations=14413 (full 3):
 def new generation   total 1747904K, used 1561002K [0x00007f7524600000, 0x00007f759ae90000, 0x00007f7a79b50000)
  eden space 1553728K, 100% used [0x00007f7524600000, 0x00007f7583350000, 0x00007f7583350000)
  from space 194176K,   3% used [0x00007f758f0f0000, 0x00007f758f80a9b8, 0x00007f759ae90000)
  to   space 194176K,   0% used [0x00007f7583350000, 0x00007f7583350000, 0x00007f758f0f0000)
 tenured generation   total 3884056K, used 3882767K [0x00007f7a79b50000, 0x00007f7b66c56000, 0x00007f8524600000)
   the space 3884056K,  99% used [0x00007f7a79b50000, 0x00007f7b66b13fb0, 0x00007f7b66b14000, 0x00007f7b66c56000)
 Metaspace       used 24916K, capacity 25359K, committed 25600K, reserved 26624K
}
Event: 12327.621 GC heap after
{Heap after GC invocations=14414 (full 3):
 def new generation   total 1747904K, used 7451K [0x00007f7524600000, 0x00007f759ae90000, 0x00007f7a79b50000)
  eden space 1553728K,   0% used [0x00007f7524600000, 0x00007f7524600000, 0x00007f7583350000)
  from space 194176K,   3% used [0x00007f7583350000, 0x00007f7583a96ed8, 0x00007f758f0f0000)
  to   space 194176K,   0% used [0x00007f758f0f0000, 0x00007f758f0f0000, 0x00007f759ae90000)
 tenured generation   total 3884056K, used 3883061K [0x00007f7a79b50000, 0x00007f7b66c56000, 0x00007f8524600000)
   the space 3884056K,  99% used [0x00007f7a79b50000, 0x00007f7b66b5d658, 0x00007f7b66b5d800, 0x00007f7b66c56000)
 Metaspace       used 24916K, capacity 25359K, committed 25600K, reserved 26624K
}
Event: 12329.117 GC heap before
{Heap before GC invocations=14414 (full 3):
 def new generation   total 1747904K, used 1561179K [0x00007f7524600000, 0x00007f759ae90000, 0x00007f7a79b50000)
  eden space 1553728K, 100% used [0x00007f7524600000, 0x00007f7583350000, 0x00007f7583350000)
  from space 194176K,   3% used [0x00007f7583350000, 0x00007f7583a96ed8, 0x00007f758f0f0000)
  to   space 194176K,   0% used [0x00007f758f0f0000, 0x00007f758f0f0000, 0x00007f759ae90000)
 tenured generation   total 3884056K, used 3883061K [0x00007f7a79b50000, 0x00007f7b66c56000, 0x00007f8524600000)
   the space 3884056K,  99% used [0x00007f7a79b50000, 0x00007f7b66b5d658, 0x00007f7b66b5d800, 0x00007f7b66c56000)
 Metaspace       used 24916K, capacity 25359K, committed 25600K, reserved 26624K
}
Event: 12329.137 GC heap after
{Heap after GC invocations=14415 (full 3):
 def new generation   total 1747904K, used 7462K [0x00007f7524600000, 0x00007f759ae90000, 0x00007f7a79b50000)
  eden space 1553728K,   0% used [0x00007f7524600000, 0x00007f7524600000, 0x00007f7583350000)
  from space 194176K,   3% used [0x00007f758f0f0000, 0x00007f758f839970, 0x00007f759ae90000)
  to   space 194176K,   0% used [0x00007f7583350000, 0x00007f7583350000, 0x00007f758f0f0000)
 tenured generation   total 3884056K, used 3883559K [0x00007f7a79b50000, 0x00007f7b66c56000, 0x00007f8524600000)
   the space 3884056K,  99% used [0x00007f7a79b50000, 0x00007f7b66bd9e60, 0x00007f7b66bda000, 0x00007f7b66c56000)
 Metaspace       used 24916K, capacity 25359K, committed 25600K, reserved 26624K
}
Event: 12330.661 GC heap before
{Heap before GC invocations=14415 (full 3):
 def new generation   total 1747904K, used 1561190K [0x00007f7524600000, 0x00007f759ae90000, 0x00007f7a79b50000)
  eden space 1553728K, 100% used [0x00007f7524600000, 0x00007f7583350000, 0x00007f7583350000)
  from space 194176K,   3% used [0x00007f758f0f0000, 0x00007f758f839970, 0x00007f759ae90000)
  to   space 194176K,   0% used [0x00007f7583350000, 0x00007f7583350000, 0x00007f758f0f0000)
 tenured generation   total 3884056K, used 3883559K [0x00007f7a79b50000, 0x00007f7b66c56000, 0x00007f8524600000)
   the space 3884056K,  99% used [0x00007f7a79b50000, 0x00007f7b66bd9e60, 0x00007f7b66bda000, 0x00007f7b66c56000)
 Metaspace       used 24916K, capacity 25359K, committed 25600K, reserved 26624K
}
Event: 12330.679 GC heap after
{Heap after GC invocations=14416 (full 3):
 def new generation   total 1747904K, used 7446K [0x00007f7524600000, 0x00007f759ae90000, 0x00007f7a79b50000)
  eden space 1553728K,   0% used [0x00007f7524600000, 0x00007f7524600000, 0x00007f7583350000)
  from space 194176K,   3% used [0x00007f7583350000, 0x00007f7583a95a28, 0x00007f758f0f0000)
  to   space 194176K,   0% used [0x00007f758f0f0000, 0x00007f758f0f0000, 0x00007f759ae90000)
 tenured generation   total 3884248K, used 3884057K [0x00007f7a79b50000, 0x00007f7b66c86000, 0x00007f8524600000)
   the space 3884248K,  99% used [0x00007f7a79b50000, 0x00007f7b66c56668, 0x00007f7b66c56800, 0x00007f7b66c86000)
 Metaspace       used 24916K, capacity 25359K, committed 25600K, reserved 26624K
}
Event: 12330.679 GC heap before
{Heap before GC invocations=14416 (full 3):
 def new generation   total 1747904K, used 7446K [0x00007f7524600000, 0x00007f759ae90000, 0x00007f7a79b50000)
  eden space 1553728K,   0% used [0x00007f7524600000, 0x00007f7524600000, 0x00007f7583350000)
  from space 194176K,   3% used [0x00007f7583350000, 0x00007f7583a95a28, 0x00007f758f0f0000)
  to   space 194176K,   0% used [0x00007f758f0f0000, 0x00007f758f0f0000, 0x00007f759ae90000)
 tenured generation   total 3884248K, used 3884057K [0x00007f7a79b50000, 0x00007f7b66c86000, 0x00007f8524600000)
   the space 3884248K,  99% used [0x00007f7a79b50000, 0x00007f7b66c56668, 0x00007f7b66c56800, 0x00007f7b66c86000)
 Metaspace       used 24916K, capacity 25359K, committed 25600K, reserved 26624K
}

