# JRE version: OpenJDK Runtime Environment (13.0.7+5) (build 13.0.7+5-Ubuntu-0ubuntu120.04)
# Java VM: OpenJDK 64-Bit Server VM (13.0.7+5-Ubuntu-0ubuntu120.04, mixed mode, tiered, serial gc, linux-amd64)
Heap:
 def new generation   total 2888832K, used 16907K [0x00007fd398600000, 0x00007fd45c490000, 0x00007fd8edb50000)
  eden space 2567872K,   0% used [0x00007fd398600000, 0x00007fd399682c40, 0x00007fd4351b0000)
  from space 320960K,   0% used [0x00007fd4351b0000, 0x00007fd4351b0000, 0x00007fd448b20000)
  to   space 320960K,   0% used [0x00007fd448b20000, 0x00007fd448b20000, 0x00007fd45c490000)
 tenured generation   total 6420068K, used 6420067K [0x00007fd8edb50000, 0x00007fda758e9000, 0x00007fe398600000)
   the space 6420068K,  99% used [0x00007fd8edb50000, 0x00007fda758e8fb0, 0x00007fda758e9000, 0x00007fda758e9000)
 Metaspace       used 25051K, capacity 25494K, committed 25600K, reserved 26624K
GC Heap History (20 events):
Event: 15420.332 GC heap after
{Heap after GC invocations=24509 (full 4):
 def new generation   total 2888832K, used 17014K [0x00007fd398600000, 0x00007fd45c490000, 0x00007fd8edb50000)
  eden space 2567872K,   0% used [0x00007fd398600000, 0x00007fd398600000, 0x00007fd4351b0000)
  from space 320960K,   5% used [0x00007fd448b20000, 0x00007fd449bbdb60, 0x00007fd45c490000)
  to   space 320960K,   0% used [0x00007fd4351b0000, 0x00007fd4351b0000, 0x00007fd448b20000)
 tenured generation   total 6419492K, used 6409812K [0x00007fd8edb50000, 0x00007fda75859000, 0x00007fe398600000)
   the space 6419492K,  99% used [0x00007fd8edb50000, 0x00007fda74ee52b8, 0x00007fda74ee5400, 0x00007fda75859000)
 Metaspace       used 25051K, capacity 25494K, committed 25600K, reserved 26624K
}
Event: 15421.789 GC heap before
{Heap before GC invocations=24509 (full 4):
 def new generation   total 2888832K, used 2584886K [0x00007fd398600000, 0x00007fd45c490000, 0x00007fd8edb50000)
  eden space 2567872K, 100% used [0x00007fd398600000, 0x00007fd4351b0000, 0x00007fd4351b0000)
  from space 320960K,   5% used [0x00007fd448b20000, 0x00007fd449bbdb60, 0x00007fd45c490000)
  to   space 320960K,   0% used [0x00007fd4351b0000, 0x00007fd4351b0000, 0x00007fd448b20000)
 tenured generation   total 6419492K, used 6409812K [0x00007fd8edb50000, 0x00007fda75859000, 0x00007fe398600000)
   the space 6419492K,  99% used [0x00007fd8edb50000, 0x00007fda74ee52b8, 0x00007fda74ee5400, 0x00007fda75859000)
 Metaspace       used 25051K, capacity 25494K, committed 25600K, reserved 26624K
}
Event: 15421.806 GC heap after
{Heap after GC invocations=24510 (full 4):
 def new generation   total 2888832K, used 17049K [0x00007fd398600000, 0x00007fd45c490000, 0x00007fd8edb50000)
  eden space 2567872K,   0% used [0x00007fd398600000, 0x00007fd398600000, 0x00007fd4351b0000)
  from space 320960K,   5% used [0x00007fd4351b0000, 0x00007fd436256758, 0x00007fd448b20000)
  to   space 320960K,   0% used [0x00007fd448b20000, 0x00007fd448b20000, 0x00007fd45c490000)
 tenured generation   total 6419492K, used 6410896K [0x00007fd8edb50000, 0x00007fda75859000, 0x00007fe398600000)
   the space 6419492K,  99% used [0x00007fd8edb50000, 0x00007fda74ff4018, 0x00007fda74ff4200, 0x00007fda75859000)
 Metaspace       used 25051K, capacity 25494K, committed 25600K, reserved 26624K
}
Event: 15423.268 GC heap before
{Heap before GC invocations=24510 (full 4):
 def new generation   total 2888832K, used 2584921K [0x00007fd398600000, 0x00007fd45c490000, 0x00007fd8edb50000)
  eden space 2567872K, 100% used [0x00007fd398600000, 0x00007fd4351b0000, 0x00007fd4351b0000)
  from space 320960K,   5% used [0x00007fd4351b0000, 0x00007fd436256758, 0x00007fd448b20000)
  to   space 320960K,   0% used [0x00007fd448b20000, 0x00007fd448b20000, 0x00007fd45c490000)
 tenured generation   total 6419492K, used 6410896K [0x00007fd8edb50000, 0x00007fda75859000, 0x00007fe398600000)
   the space 6419492K,  99% used [0x00007fd8edb50000, 0x00007fda74ff4018, 0x00007fda74ff4200, 0x00007fda75859000)
 Metaspace       used 25051K, capacity 25494K, committed 25600K, reserved 26624K
}
Event: 15423.292 GC heap after
{Heap after GC invocations=24511 (full 4):
 def new generation   total 2888832K, used 17070K [0x00007fd398600000, 0x00007fd45c490000, 0x00007fd8edb50000)
  eden space 2567872K,   0% used [0x00007fd398600000, 0x00007fd398600000, 0x00007fd4351b0000)
  from space 320960K,   5% used [0x00007fd448b20000, 0x00007fd449bcbab8, 0x00007fd45c490000)
  to   space 320960K,   0% used [0x00007fd4351b0000, 0x00007fd4351b0000, 0x00007fd448b20000)
 tenured generation   total 6419492K, used 6412026K [0x00007fd8edb50000, 0x00007fda75859000, 0x00007fe398600000)
   the space 6419492K,  99% used [0x00007fd8edb50000, 0x00007fda7510ea98, 0x00007fda7510ec00, 0x00007fda75859000)
 Metaspace       used 25051K, capacity 25494K, committed 25600K, reserved 26624K
}
Event: 15424.705 GC heap before
{Heap before GC invocations=24511 (full 4):
 def new generation   total 2888832K, used 2584942K [0x00007fd398600000, 0x00007fd45c490000, 0x00007fd8edb50000)
  eden space 2567872K, 100% used [0x00007fd398600000, 0x00007fd4351b0000, 0x00007fd4351b0000)
  from space 320960K,   5% used [0x00007fd448b20000, 0x00007fd449bcbab8, 0x00007fd45c490000)
  to   space 320960K,   0% used [0x00007fd4351b0000, 0x00007fd4351b0000, 0x00007fd448b20000)
 tenured generation   total 6419492K, used 6412026K [0x00007fd8edb50000, 0x00007fda75859000, 0x00007fe398600000)
   the space 6419492K,  99% used [0x00007fd8edb50000, 0x00007fda7510ea98, 0x00007fda7510ec00, 0x00007fda75859000)
 Metaspace       used 25051K, capacity 25494K, committed 25600K, reserved 26624K
}
Event: 15424.732 GC heap after
{Heap after GC invocations=24512 (full 4):
 def new generation   total 2888832K, used 17068K [0x00007fd398600000, 0x00007fd45c490000, 0x00007fd8edb50000)
  eden space 2567872K,   0% used [0x00007fd398600000, 0x00007fd398600000, 0x00007fd4351b0000)
  from space 320960K,   5% used [0x00007fd4351b0000, 0x00007fd43625b1d8, 0x00007fd448b20000)
  to   space 320960K,   0% used [0x00007fd448b20000, 0x00007fd448b20000, 0x00007fd45c490000)
 tenured generation   total 6419492K, used 6413157K [0x00007fd8edb50000, 0x00007fda75859000, 0x00007fe398600000)
   the space 6419492K,  99% used [0x00007fd8edb50000, 0x00007fda75229518, 0x00007fda75229600, 0x00007fda75859000)
 Metaspace       used 25051K, capacity 25494K, committed 25600K, reserved 26624K
}
Event: 15426.136 GC heap before
{Heap before GC invocations=24512 (full 4):
 def new generation   total 2888832K, used 2584940K [0x00007fd398600000, 0x00007fd45c490000, 0x00007fd8edb50000)
  eden space 2567872K, 100% used [0x00007fd398600000, 0x00007fd4351b0000, 0x00007fd4351b0000)
  from space 320960K,   5% used [0x00007fd4351b0000, 0x00007fd43625b1d8, 0x00007fd448b20000)
  to   space 320960K,   0% used [0x00007fd448b20000, 0x00007fd448b20000, 0x00007fd45c490000)
 tenured generation   total 6419492K, used 6413157K [0x00007fd8edb50000, 0x00007fda75859000, 0x00007fe398600000)
   the space 6419492K,  99% used [0x00007fd8edb50000, 0x00007fda75229518, 0x00007fda75229600, 0x00007fda75859000)
 Metaspace       used 25051K, capacity 25494K, committed 25600K, reserved 26624K
}
Event: 15426.167 GC heap after
{Heap after GC invocations=24513 (full 4):
 def new generation   total 2888832K, used 17068K [0x00007fd398600000, 0x00007fd45c490000, 0x00007fd8edb50000)
  eden space 2567872K,   0% used [0x00007fd398600000, 0x00007fd398600000, 0x00007fd4351b0000)
  from space 320960K,   5% used [0x00007fd448b20000, 0x00007fd449bcb090, 0x00007fd45c490000)
  to   space 320960K,   0% used [0x00007fd4351b0000, 0x00007fd4351b0000, 0x00007fd448b20000)
 tenured generation   total 6419492K, used 6414287K [0x00007fd8edb50000, 0x00007fda75859000, 0x00007fe398600000)
   the space 6419492K,  99% used [0x00007fd8edb50000, 0x00007fda75343f98, 0x00007fda75344000, 0x00007fda75859000)
 Metaspace       used 25051K, capacity 25494K, committed 25600K, reserved 26624K
}
Event: 15427.568 GC heap before
{Heap before GC invocations=24513 (full 4):
 def new generation   total 2888832K, used 2584940K [0x00007fd398600000, 0x00007fd45c490000, 0x00007fd8edb50000)
  eden space 2567872K, 100% used [0x00007fd398600000, 0x00007fd4351b0000, 0x00007fd4351b0000)
  from space 320960K,   5% used [0x00007fd448b20000, 0x00007fd449bcb090, 0x00007fd45c490000)
  to   space 320960K,   0% used [0x00007fd4351b0000, 0x00007fd4351b0000, 0x00007fd448b20000)
 tenured generation   total 6419492K, used 6414287K [0x00007fd8edb50000, 0x00007fda75859000, 0x00007fe398600000)
   the space 6419492K,  99% used [0x00007fd8edb50000, 0x00007fda75343f98, 0x00007fda75344000, 0x00007fda75859000)
 Metaspace       used 25051K, capacity 25494K, committed 25600K, reserved 26624K
}
Event: 15427.593 GC heap after
{Heap after GC invocations=24514 (full 4):
 def new generation   total 2888832K, used 17079K [0x00007fd398600000, 0x00007fd45c490000, 0x00007fd8edb50000)
  eden space 2567872K,   0% used [0x00007fd398600000, 0x00007fd398600000, 0x00007fd4351b0000)
  from space 320960K,   5% used [0x00007fd4351b0000, 0x00007fd43625dd18, 0x00007fd448b20000)
  to   space 320960K,   0% used [0x00007fd448b20000, 0x00007fd448b20000, 0x00007fd45c490000)
 tenured generation   total 6419492K, used 6415418K [0x00007fd8edb50000, 0x00007fda75859000, 0x00007fe398600000)
   the space 6419492K,  99% used [0x00007fd8edb50000, 0x00007fda7545ea18, 0x00007fda7545ec00, 0x00007fda75859000)
 Metaspace       used 25051K, capacity 25494K, committed 25600K, reserved 26624K
}
Event: 15428.982 GC heap before
{Heap before GC invocations=24514 (full 4):
 def new generation   total 2888832K, used 2584951K [0x00007fd398600000, 0x00007fd45c490000, 0x00007fd8edb50000)
  eden space 2567872K, 100% used [0x00007fd398600000, 0x00007fd4351b0000, 0x00007fd4351b0000)
  from space 320960K,   5% used [0x00007fd4351b0000, 0x00007fd43625dd18, 0x00007fd448b20000)
  to   space 320960K,   0% used [0x00007fd448b20000, 0x00007fd448b20000, 0x00007fd45c490000)
 tenured generation   total 6419492K, used 6415418K [0x00007fd8edb50000, 0x00007fda75859000, 0x00007fe398600000)
   the space 6419492K,  99% used [0x00007fd8edb50000, 0x00007fda7545ea18, 0x00007fda7545ec00, 0x00007fda75859000)
 Metaspace       used 25051K, capacity 25494K, committed 25600K, reserved 26624K
}
Event: 15429.004 GC heap after
{Heap after GC invocations=24515 (full 4):
 def new generation   total 2888832K, used 17048K [0x00007fd398600000, 0x00007fd45c490000, 0x00007fd8edb50000)
  eden space 2567872K,   0% used [0x00007fd398600000, 0x00007fd398600000, 0x00007fd4351b0000)
  from space 320960K,   5% used [0x00007fd448b20000, 0x00007fd449bc6248, 0x00007fd45c490000)
  to   space 320960K,   0% used [0x00007fd4351b0000, 0x00007fd4351b0000, 0x00007fd448b20000)
 tenured generation   total 6419492K, used 6416572K [0x00007fd8edb50000, 0x00007fda75859000, 0x00007fe398600000)
   the space 6419492K,  99% used [0x00007fd8edb50000, 0x00007fda7557f2d0, 0x00007fda7557f400, 0x00007fda75859000)
 Metaspace       used 25051K, capacity 25494K, committed 25600K, reserved 26624K
}
Event: 15430.385 GC heap before
{Heap before GC invocations=24515 (full 4):
 def new generation   total 2888832K, used 2584920K [0x00007fd398600000, 0x00007fd45c490000, 0x00007fd8edb50000)
  eden space 2567872K, 100% used [0x00007fd398600000, 0x00007fd4351b0000, 0x00007fd4351b0000)
  from space 320960K,   5% used [0x00007fd448b20000, 0x00007fd449bc6248, 0x00007fd45c490000)
  to   space 320960K,   0% used [0x00007fd4351b0000, 0x00007fd4351b0000, 0x00007fd448b20000)
 tenured generation   total 6419492K, used 6416572K [0x00007fd8edb50000, 0x00007fda75859000, 0x00007fe398600000)
   the space 6419492K,  99% used [0x00007fd8edb50000, 0x00007fda7557f2d0, 0x00007fda7557f400, 0x00007fda75859000)
 Metaspace       used 25051K, capacity 25494K, committed 25600K, reserved 26624K
}
Event: 15430.405 GC heap after
{Heap after GC invocations=24516 (full 4):
 def new generation   total 2888832K, used 17009K [0x00007fd398600000, 0x00007fd45c490000, 0x00007fd8edb50000)
  eden space 2567872K,   0% used [0x00007fd398600000, 0x00007fd398600000, 0x00007fd4351b0000)
  from space 320960K,   5% used [0x00007fd4351b0000, 0x00007fd43624c628, 0x00007fd448b20000)
  to   space 320960K,   0% used [0x00007fd448b20000, 0x00007fd448b20000, 0x00007fd45c490000)
 tenured generation   total 6419492K, used 6417703K [0x00007fd8edb50000, 0x00007fda75859000, 0x00007fe398600000)
   the space 6419492K,  99% used [0x00007fd8edb50000, 0x00007fda75699d50, 0x00007fda75699e00, 0x00007fda75859000)
 Metaspace       used 25051K, capacity 25494K, committed 25600K, reserved 26624K
}
Event: 15431.830 GC heap before
{Heap before GC invocations=24516 (full 4):
 def new generation   total 2888832K, used 2584881K [0x00007fd398600000, 0x00007fd45c490000, 0x00007fd8edb50000)
  eden space 2567872K, 100% used [0x00007fd398600000, 0x00007fd4351b0000, 0x00007fd4351b0000)
  from space 320960K,   5% used [0x00007fd4351b0000, 0x00007fd43624c628, 0x00007fd448b20000)
  to   space 320960K,   0% used [0x00007fd448b20000, 0x00007fd448b20000, 0x00007fd45c490000)
 tenured generation   total 6419492K, used 6417703K [0x00007fd8edb50000, 0x00007fda75859000, 0x00007fe398600000)
   the space 6419492K,  99% used [0x00007fd8edb50000, 0x00007fda75699d50, 0x00007fda75699e00, 0x00007fda75859000)
 Metaspace       used 25051K, capacity 25494K, committed 25600K, reserved 26624K
}
Event: 15431.857 GC heap after
{Heap after GC invocations=24517 (full 4):
 def new generation   total 2888832K, used 17016K [0x00007fd398600000, 0x00007fd45c490000, 0x00007fd8edb50000)
  eden space 2567872K,   0% used [0x00007fd398600000, 0x00007fd398600000, 0x00007fd4351b0000)
  from space 320960K,   5% used [0x00007fd448b20000, 0x00007fd449bbe1a8, 0x00007fd45c490000)
  to   space 320960K,   0% used [0x00007fd4351b0000, 0x00007fd4351b0000, 0x00007fd448b20000)
 tenured generation   total 6419492K, used 6418833K [0x00007fd8edb50000, 0x00007fda75859000, 0x00007fe398600000)
   the space 6419492K,  99% used [0x00007fd8edb50000, 0x00007fda757b47d0, 0x00007fda757b4800, 0x00007fda75859000)
 Metaspace       used 25051K, capacity 25494K, committed 25600K, reserved 26624K
}
Event: 15433.248 GC heap before
{Heap before GC invocations=24517 (full 4):
 def new generation   total 2888832K, used 2584888K [0x00007fd398600000, 0x00007fd45c490000, 0x00007fd8edb50000)
  eden space 2567872K, 100% used [0x00007fd398600000, 0x00007fd4351b0000, 0x00007fd4351b0000)
  from space 320960K,   5% used [0x00007fd448b20000, 0x00007fd449bbe1a8, 0x00007fd45c490000)
  to   space 320960K,   0% used [0x00007fd4351b0000, 0x00007fd4351b0000, 0x00007fd448b20000)
 tenured generation   total 6419492K, used 6418833K [0x00007fd8edb50000, 0x00007fda75859000, 0x00007fe398600000)
   the space 6419492K,  99% used [0x00007fd8edb50000, 0x00007fda757b47d0, 0x00007fda757b4800, 0x00007fda75859000)
 Metaspace       used 25051K, capacity 25494K, committed 25600K, reserved 26624K
}
Event: 15433.274 GC heap after
{Heap after GC invocations=24518 (full 4):
 def new generation   total 2888832K, used 17006K [0x00007fd398600000, 0x00007fd45c490000, 0x00007fd8edb50000)
  eden space 2567872K,   0% used [0x00007fd398600000, 0x00007fd398600000, 0x00007fd4351b0000)
  from space 320960K,   5% used [0x00007fd4351b0000, 0x00007fd43624b860, 0x00007fd448b20000)
  to   space 320960K,   0% used [0x00007fd448b20000, 0x00007fd448b20000, 0x00007fd45c490000)
 tenured generation   total 6420068K, used 6419968K [0x00007fd8edb50000, 0x00007fda758e9000, 0x00007fe398600000)
   the space 6420068K,  99% used [0x00007fd8edb50000, 0x00007fda758d0390, 0x00007fda758d0400, 0x00007fda758e9000)
 Metaspace       used 25051K, capacity 25494K, committed 25600K, reserved 26624K
}
Event: 15433.274 GC heap before
{Heap before GC invocations=24518 (full 4):
 def new generation   total 2888832K, used 17006K [0x00007fd398600000, 0x00007fd45c490000, 0x00007fd8edb50000)
  eden space 2567872K,   0% used [0x00007fd398600000, 0x00007fd398600000, 0x00007fd4351b0000)
  from space 320960K,   5% used [0x00007fd4351b0000, 0x00007fd43624b860, 0x00007fd448b20000)
  to   space 320960K,   0% used [0x00007fd448b20000, 0x00007fd448b20000, 0x00007fd45c490000)
 tenured generation   total 6420068K, used 6419968K [0x00007fd8edb50000, 0x00007fda758e9000, 0x00007fe398600000)
   the space 6420068K,  99% used [0x00007fd8edb50000, 0x00007fda758d0390, 0x00007fda758d0400, 0x00007fda758e9000)
 Metaspace       used 25051K, capacity 25494K, committed 25600K, reserved 26624K
}

