# JRE version: OpenJDK Runtime Environment (13.0.7+5) (build 13.0.7+5-Ubuntu-0ubuntu120.04)
# Java VM: OpenJDK 64-Bit Server VM (13.0.7+5-Ubuntu-0ubuntu120.04, mixed mode, tiered, serial gc, linux-amd64)
Heap:
 def new generation   total 2865600K, used 9955K [0x00007f7554600000, 0x00007f7616b50000, 0x00007f7aa9b50000)
  eden space 2547264K,   0% used [0x00007f7554600000, 0x00007f7554fb8f98, 0x00007f75efd90000)
  from space 318336K,   0% used [0x00007f75efd90000, 0x00007f75efd90000, 0x00007f7603470000)
  to   space 318336K,   0% used [0x00007f7603470000, 0x00007f7603470000, 0x00007f7616b50000)
 tenured generation   total 6367984K, used 6367983K [0x00007f7aa9b50000, 0x00007f7c2e60c000, 0x00007f8554600000)
   the space 6367984K,  99% used [0x00007f7aa9b50000, 0x00007f7c2e60bfc0, 0x00007f7c2e60c000, 0x00007f7c2e60c000)
 Metaspace       used 25055K, capacity 25488K, committed 25600K, reserved 26624K
GC Heap History (20 events):
Event: 38093.271 GC heap after
{Heap after GC invocations=37109 (full 4):
 def new generation   total 2865600K, used 9915K [0x00007f7554600000, 0x00007f7616b50000, 0x00007f7aa9b50000)
  eden space 2547264K,   0% used [0x00007f7554600000, 0x00007f7554600000, 0x00007f75efd90000)
  from space 318336K,   3% used [0x00007f7603470000, 0x00007f7603e1ef68, 0x00007f7616b50000)
  to   space 318336K,   0% used [0x00007f75efd90000, 0x00007f75efd90000, 0x00007f7603470000)
 tenured generation   total 6367792K, used 6362169K [0x00007f7aa9b50000, 0x00007f7c2e5dc000, 0x00007f8554600000)
   the space 6367792K,  99% used [0x00007f7aa9b50000, 0x00007f7c2e05e728, 0x00007f7c2e05e800, 0x00007f7c2e5dc000)
 Metaspace       used 25055K, capacity 25488K, committed 25600K, reserved 26624K
}
Event: 38095.587 GC heap before
{Heap before GC invocations=37109 (full 4):
 def new generation   total 2865600K, used 2557179K [0x00007f7554600000, 0x00007f7616b50000, 0x00007f7aa9b50000)
  eden space 2547264K, 100% used [0x00007f7554600000, 0x00007f75efd90000, 0x00007f75efd90000)
  from space 318336K,   3% used [0x00007f7603470000, 0x00007f7603e1ef68, 0x00007f7616b50000)
  to   space 318336K,   0% used [0x00007f75efd90000, 0x00007f75efd90000, 0x00007f7603470000)
 tenured generation   total 6367792K, used 6362169K [0x00007f7aa9b50000, 0x00007f7c2e5dc000, 0x00007f8554600000)
   the space 6367792K,  99% used [0x00007f7aa9b50000, 0x00007f7c2e05e728, 0x00007f7c2e05e800, 0x00007f7c2e5dc000)
 Metaspace       used 25055K, capacity 25488K, committed 25600K, reserved 26624K
}
Event: 38095.619 GC heap after
{Heap after GC invocations=37110 (full 4):
 def new generation   total 2865600K, used 9953K [0x00007f7554600000, 0x00007f7616b50000, 0x00007f7aa9b50000)
  eden space 2547264K,   0% used [0x00007f7554600000, 0x00007f7554600000, 0x00007f75efd90000)
  from space 318336K,   3% used [0x00007f75efd90000, 0x00007f75f0748448, 0x00007f7603470000)
  to   space 318336K,   0% used [0x00007f7603470000, 0x00007f7603470000, 0x00007f7616b50000)
 tenured generation   total 6367792K, used 6362837K [0x00007f7aa9b50000, 0x00007f7c2e5dc000, 0x00007f8554600000)
   the space 6367792K,  99% used [0x00007f7aa9b50000, 0x00007f7c2e105648, 0x00007f7c2e105800, 0x00007f7c2e5dc000)
 Metaspace       used 25055K, capacity 25488K, committed 25600K, reserved 26624K
}
Event: 38097.978 GC heap before
{Heap before GC invocations=37110 (full 4):
 def new generation   total 2865600K, used 2557217K [0x00007f7554600000, 0x00007f7616b50000, 0x00007f7aa9b50000)
  eden space 2547264K, 100% used [0x00007f7554600000, 0x00007f75efd90000, 0x00007f75efd90000)
  from space 318336K,   3% used [0x00007f75efd90000, 0x00007f75f0748448, 0x00007f7603470000)
  to   space 318336K,   0% used [0x00007f7603470000, 0x00007f7603470000, 0x00007f7616b50000)
 tenured generation   total 6367792K, used 6362837K [0x00007f7aa9b50000, 0x00007f7c2e5dc000, 0x00007f8554600000)
   the space 6367792K,  99% used [0x00007f7aa9b50000, 0x00007f7c2e105648, 0x00007f7c2e105800, 0x00007f7c2e5dc000)
 Metaspace       used 25055K, capacity 25488K, committed 25600K, reserved 26624K
}
Event: 38098.007 GC heap after
{Heap after GC invocations=37111 (full 4):
 def new generation   total 2865600K, used 9947K [0x00007f7554600000, 0x00007f7616b50000, 0x00007f7aa9b50000)
  eden space 2547264K,   0% used [0x00007f7554600000, 0x00007f7554600000, 0x00007f75efd90000)
  from space 318336K,   3% used [0x00007f7603470000, 0x00007f7603e26e80, 0x00007f7616b50000)
  to   space 318336K,   0% used [0x00007f75efd90000, 0x00007f75efd90000, 0x00007f7603470000)
 tenured generation   total 6367792K, used 6363485K [0x00007f7aa9b50000, 0x00007f7c2e5dc000, 0x00007f8554600000)
   the space 6367792K,  99% used [0x00007f7aa9b50000, 0x00007f7c2e1a76d8, 0x00007f7c2e1a7800, 0x00007f7c2e5dc000)
 Metaspace       used 25055K, capacity 25488K, committed 25600K, reserved 26624K
}
Event: 38100.260 GC heap before
{Heap before GC invocations=37111 (full 4):
 def new generation   total 2865600K, used 2557211K [0x00007f7554600000, 0x00007f7616b50000, 0x00007f7aa9b50000)
  eden space 2547264K, 100% used [0x00007f7554600000, 0x00007f75efd90000, 0x00007f75efd90000)
  from space 318336K,   3% used [0x00007f7603470000, 0x00007f7603e26e80, 0x00007f7616b50000)
  to   space 318336K,   0% used [0x00007f75efd90000, 0x00007f75efd90000, 0x00007f7603470000)
 tenured generation   total 6367792K, used 6363485K [0x00007f7aa9b50000, 0x00007f7c2e5dc000, 0x00007f8554600000)
   the space 6367792K,  99% used [0x00007f7aa9b50000, 0x00007f7c2e1a76d8, 0x00007f7c2e1a7800, 0x00007f7c2e5dc000)
 Metaspace       used 25055K, capacity 25488K, committed 25600K, reserved 26624K
}
Event: 38100.285 GC heap after
{Heap after GC invocations=37112 (full 4):
 def new generation   total 2865600K, used 9946K [0x00007f7554600000, 0x00007f7616b50000, 0x00007f7aa9b50000)
  eden space 2547264K,   0% used [0x00007f7554600000, 0x00007f7554600000, 0x00007f75efd90000)
  from space 318336K,   3% used [0x00007f75efd90000, 0x00007f75f0746930, 0x00007f7603470000)
  to   space 318336K,   0% used [0x00007f7603470000, 0x00007f7603470000, 0x00007f7616b50000)
 tenured generation   total 6367792K, used 6363996K [0x00007f7aa9b50000, 0x00007f7c2e5dc000, 0x00007f8554600000)
   the space 6367792K,  99% used [0x00007f7aa9b50000, 0x00007f7c2e227008, 0x00007f7c2e227200, 0x00007f7c2e5dc000)
 Metaspace       used 25055K, capacity 25488K, committed 25600K, reserved 26624K
}
Event: 38102.657 GC heap before
{Heap before GC invocations=37112 (full 4):
 def new generation   total 2865600K, used 2557210K [0x00007f7554600000, 0x00007f7616b50000, 0x00007f7aa9b50000)
  eden space 2547264K, 100% used [0x00007f7554600000, 0x00007f75efd90000, 0x00007f75efd90000)
  from space 318336K,   3% used [0x00007f75efd90000, 0x00007f75f0746930, 0x00007f7603470000)
  to   space 318336K,   0% used [0x00007f7603470000, 0x00007f7603470000, 0x00007f7616b50000)
 tenured generation   total 6367792K, used 6363996K [0x00007f7aa9b50000, 0x00007f7c2e5dc000, 0x00007f8554600000)
   the space 6367792K,  99% used [0x00007f7aa9b50000, 0x00007f7c2e227008, 0x00007f7c2e227200, 0x00007f7c2e5dc000)
 Metaspace       used 25055K, capacity 25488K, committed 25600K, reserved 26624K
}
Event: 38102.683 GC heap after
{Heap after GC invocations=37113 (full 4):
 def new generation   total 2865600K, used 9933K [0x00007f7554600000, 0x00007f7616b50000, 0x00007f7aa9b50000)
  eden space 2547264K,   0% used [0x00007f7554600000, 0x00007f7554600000, 0x00007f75efd90000)
  from space 318336K,   3% used [0x00007f7603470000, 0x00007f7603e234b8, 0x00007f7616b50000)
  to   space 318336K,   0% used [0x00007f75efd90000, 0x00007f75efd90000, 0x00007f7603470000)
 tenured generation   total 6367792K, used 6364663K [0x00007f7aa9b50000, 0x00007f7c2e5dc000, 0x00007f8554600000)
   the space 6367792K,  99% used [0x00007f7aa9b50000, 0x00007f7c2e2cdf28, 0x00007f7c2e2ce000, 0x00007f7c2e5dc000)
 Metaspace       used 25055K, capacity 25488K, committed 25600K, reserved 26624K
}
Event: 38105.071 GC heap before
{Heap before GC invocations=37113 (full 4):
 def new generation   total 2865600K, used 2557197K [0x00007f7554600000, 0x00007f7616b50000, 0x00007f7aa9b50000)
  eden space 2547264K, 100% used [0x00007f7554600000, 0x00007f75efd90000, 0x00007f75efd90000)
  from space 318336K,   3% used [0x00007f7603470000, 0x00007f7603e234b8, 0x00007f7616b50000)
  to   space 318336K,   0% used [0x00007f75efd90000, 0x00007f75efd90000, 0x00007f7603470000)
 tenured generation   total 6367792K, used 6364663K [0x00007f7aa9b50000, 0x00007f7c2e5dc000, 0x00007f8554600000)
   the space 6367792K,  99% used [0x00007f7aa9b50000, 0x00007f7c2e2cdf28, 0x00007f7c2e2ce000, 0x00007f7c2e5dc000)
 Metaspace       used 25055K, capacity 25488K, committed 25600K, reserved 26624K
}
Event: 38105.100 GC heap after
{Heap after GC invocations=37114 (full 4):
 def new generation   total 2865600K, used 9927K [0x00007f7554600000, 0x00007f7616b50000, 0x00007f7aa9b50000)
  eden space 2547264K,   0% used [0x00007f7554600000, 0x00007f7554600000, 0x00007f75efd90000)
  from space 318336K,   3% used [0x00007f75efd90000, 0x00007f75f0741ed0, 0x00007f7603470000)
  to   space 318336K,   0% used [0x00007f7603470000, 0x00007f7603470000, 0x00007f7616b50000)
 tenured generation   total 6367792K, used 6365331K [0x00007f7aa9b50000, 0x00007f7c2e5dc000, 0x00007f8554600000)
   the space 6367792K,  99% used [0x00007f7aa9b50000, 0x00007f7c2e374e48, 0x00007f7c2e375000, 0x00007f7c2e5dc000)
 Metaspace       used 25055K, capacity 25488K, committed 25600K, reserved 26624K
}
Event: 38107.445 GC heap before
{Heap before GC invocations=37114 (full 4):
 def new generation   total 2865600K, used 2557191K [0x00007f7554600000, 0x00007f7616b50000, 0x00007f7aa9b50000)
  eden space 2547264K, 100% used [0x00007f7554600000, 0x00007f75efd90000, 0x00007f75efd90000)
  from space 318336K,   3% used [0x00007f75efd90000, 0x00007f75f0741ed0, 0x00007f7603470000)
  to   space 318336K,   0% used [0x00007f7603470000, 0x00007f7603470000, 0x00007f7616b50000)
 tenured generation   total 6367792K, used 6365331K [0x00007f7aa9b50000, 0x00007f7c2e5dc000, 0x00007f8554600000)
   the space 6367792K,  99% used [0x00007f7aa9b50000, 0x00007f7c2e374e48, 0x00007f7c2e375000, 0x00007f7c2e5dc000)
 Metaspace       used 25055K, capacity 25488K, committed 25600K, reserved 26624K
}
Event: 38107.473 GC heap after
{Heap after GC invocations=37115 (full 4):
 def new generation   total 2865600K, used 9928K [0x00007f7554600000, 0x00007f7616b50000, 0x00007f7aa9b50000)
  eden space 2547264K,   0% used [0x00007f7554600000, 0x00007f7554600000, 0x00007f75efd90000)
  from space 318336K,   3% used [0x00007f7603470000, 0x00007f7603e223c0, 0x00007f7616b50000)
  to   space 318336K,   0% used [0x00007f75efd90000, 0x00007f75efd90000, 0x00007f7603470000)
 tenured generation   total 6367792K, used 6365999K [0x00007f7aa9b50000, 0x00007f7c2e5dc000, 0x00007f8554600000)
   the space 6367792K,  99% used [0x00007f7aa9b50000, 0x00007f7c2e41bd68, 0x00007f7c2e41be00, 0x00007f7c2e5dc000)
 Metaspace       used 25055K, capacity 25488K, committed 25600K, reserved 26624K
}
Event: 38109.861 GC heap before
{Heap before GC invocations=37115 (full 4):
 def new generation   total 2865600K, used 2557192K [0x00007f7554600000, 0x00007f7616b50000, 0x00007f7aa9b50000)
  eden space 2547264K, 100% used [0x00007f7554600000, 0x00007f75efd90000, 0x00007f75efd90000)
  from space 318336K,   3% used [0x00007f7603470000, 0x00007f7603e223c0, 0x00007f7616b50000)
  to   space 318336K,   0% used [0x00007f75efd90000, 0x00007f75efd90000, 0x00007f7603470000)
 tenured generation   total 6367792K, used 6365999K [0x00007f7aa9b50000, 0x00007f7c2e5dc000, 0x00007f8554600000)
   the space 6367792K,  99% used [0x00007f7aa9b50000, 0x00007f7c2e41bd68, 0x00007f7c2e41be00, 0x00007f7c2e5dc000)
 Metaspace       used 25055K, capacity 25488K, committed 25600K, reserved 26624K
}
Event: 38109.891 GC heap after
{Heap after GC invocations=37116 (full 4):
 def new generation   total 2865600K, used 9925K [0x00007f7554600000, 0x00007f7616b50000, 0x00007f7aa9b50000)
  eden space 2547264K,   0% used [0x00007f7554600000, 0x00007f7554600000, 0x00007f75efd90000)
  from space 318336K,   3% used [0x00007f75efd90000, 0x00007f75f0741630, 0x00007f7603470000)
  to   space 318336K,   0% used [0x00007f7603470000, 0x00007f7603470000, 0x00007f7616b50000)
 tenured generation   total 6367792K, used 6366667K [0x00007f7aa9b50000, 0x00007f7c2e5dc000, 0x00007f8554600000)
   the space 6367792K,  99% used [0x00007f7aa9b50000, 0x00007f7c2e4c2c88, 0x00007f7c2e4c2e00, 0x00007f7c2e5dc000)
 Metaspace       used 25055K, capacity 25488K, committed 25600K, reserved 26624K
}
Event: 38112.219 GC heap before
{Heap before GC invocations=37116 (full 4):
 def new generation   total 2865600K, used 2557189K [0x00007f7554600000, 0x00007f7616b50000, 0x00007f7aa9b50000)
  eden space 2547264K, 100% used [0x00007f7554600000, 0x00007f75efd90000, 0x00007f75efd90000)
  from space 318336K,   3% used [0x00007f75efd90000, 0x00007f75f0741630, 0x00007f7603470000)
  to   space 318336K,   0% used [0x00007f7603470000, 0x00007f7603470000, 0x00007f7616b50000)
 tenured generation   total 6367792K, used 6366667K [0x00007f7aa9b50000, 0x00007f7c2e5dc000, 0x00007f8554600000)
   the space 6367792K,  99% used [0x00007f7aa9b50000, 0x00007f7c2e4c2c88, 0x00007f7c2e4c2e00, 0x00007f7c2e5dc000)
 Metaspace       used 25055K, capacity 25488K, committed 25600K, reserved 26624K
}
Event: 38112.250 GC heap after
{Heap after GC invocations=37117 (full 4):
 def new generation   total 2865600K, used 9945K [0x00007f7554600000, 0x00007f7616b50000, 0x00007f7aa9b50000)
  eden space 2547264K,   0% used [0x00007f7554600000, 0x00007f7554600000, 0x00007f75efd90000)
  from space 318336K,   3% used [0x00007f7603470000, 0x00007f7603e265d8, 0x00007f7616b50000)
  to   space 318336K,   0% used [0x00007f75efd90000, 0x00007f75efd90000, 0x00007f7603470000)
 tenured generation   total 6367792K, used 6367334K [0x00007f7aa9b50000, 0x00007f7c2e5dc000, 0x00007f8554600000)
   the space 6367792K,  99% used [0x00007f7aa9b50000, 0x00007f7c2e569ba8, 0x00007f7c2e569c00, 0x00007f7c2e5dc000)
 Metaspace       used 25055K, capacity 25488K, committed 25600K, reserved 26624K
}
Event: 38114.622 GC heap before
{Heap before GC invocations=37117 (full 4):
 def new generation   total 2865600K, used 2557209K [0x00007f7554600000, 0x00007f7616b50000, 0x00007f7aa9b50000)
  eden space 2547264K, 100% used [0x00007f7554600000, 0x00007f75efd90000, 0x00007f75efd90000)
  from space 318336K,   3% used [0x00007f7603470000, 0x00007f7603e265d8, 0x00007f7616b50000)
  to   space 318336K,   0% used [0x00007f75efd90000, 0x00007f75efd90000, 0x00007f7603470000)
 tenured generation   total 6367792K, used 6367334K [0x00007f7aa9b50000, 0x00007f7c2e5dc000, 0x00007f8554600000)
   the space 6367792K,  99% used [0x00007f7aa9b50000, 0x00007f7c2e569ba8, 0x00007f7c2e569c00, 0x00007f7c2e5dc000)
 Metaspace       used 25055K, capacity 25488K, committed 25600K, reserved 26624K
}
Event: 38114.648 GC heap after
{Heap after GC invocations=37118 (full 4):
 def new generation   total 2865600K, used 9956K [0x00007f7554600000, 0x00007f7616b50000, 0x00007f7aa9b50000)
  eden space 2547264K,   0% used [0x00007f7554600000, 0x00007f7554600000, 0x00007f75efd90000)
  from space 318336K,   3% used [0x00007f75efd90000, 0x00007f75f0749320, 0x00007f7603470000)
  to   space 318336K,   0% used [0x00007f7603470000, 0x00007f7603470000, 0x00007f7616b50000)
 tenured generation   total 6367984K, used 6367983K [0x00007f7aa9b50000, 0x00007f7c2e60c000, 0x00007f8554600000)
   the space 6367984K,  99% used [0x00007f7aa9b50000, 0x00007f7c2e60bc38, 0x00007f7c2e60be00, 0x00007f7c2e60c000)
 Metaspace       used 25055K, capacity 25488K, committed 25600K, reserved 26624K
}
Event: 38114.648 GC heap before
{Heap before GC invocations=37118 (full 4):
 def new generation   total 2865600K, used 9956K [0x00007f7554600000, 0x00007f7616b50000, 0x00007f7aa9b50000)
  eden space 2547264K,   0% used [0x00007f7554600000, 0x00007f7554600000, 0x00007f75efd90000)
  from space 318336K,   3% used [0x00007f75efd90000, 0x00007f75f0749320, 0x00007f7603470000)
  to   space 318336K,   0% used [0x00007f7603470000, 0x00007f7603470000, 0x00007f7616b50000)
 tenured generation   total 6367984K, used 6367983K [0x00007f7aa9b50000, 0x00007f7c2e60c000, 0x00007f8554600000)
   the space 6367984K,  99% used [0x00007f7aa9b50000, 0x00007f7c2e60bc38, 0x00007f7c2e60be00, 0x00007f7c2e60c000)
 Metaspace       used 25055K, capacity 25488K, committed 25600K, reserved 26624K
}

