# JRE version: OpenJDK Runtime Environment (13.0.7+5) (build 13.0.7+5-Ubuntu-0ubuntu120.04)
# Java VM: OpenJDK 64-Bit Server VM (13.0.7+5-Ubuntu-0ubuntu120.04, mixed mode, tiered, serial gc, linux-amd64)
Heap:
 def new generation   total 2862656K, used 8725K [0x00007f14d8600000, 0x00007f159a820000, 0x00007f1a2db50000)
  eden space 2544640K,   0% used [0x00007f14d8600000, 0x00007f14d8e85708, 0x00007f1573b00000)
  from space 318016K,   0% used [0x00007f1573b00000, 0x00007f1573b00000, 0x00007f1587190000)
  to   space 318016K,   0% used [0x00007f1587190000, 0x00007f1587190000, 0x00007f159a820000)
 tenured generation   total 6361708K, used 6361707K [0x00007f1a2db50000, 0x00007f1bb1feb000, 0x00007f24d8600000)
   the space 6361708K,  99% used [0x00007f1a2db50000, 0x00007f1bb1feafe8, 0x00007f1bb1feb000, 0x00007f1bb1feb000)
 Metaspace       used 25086K, capacity 25562K, committed 25600K, reserved 26624K
GC Heap History (20 events):
Event: 39346.213 GC heap after
{Heap after GC invocations=40363 (full 4):
 def new generation   total 2862656K, used 8787K [0x00007f14d8600000, 0x00007f159a820000, 0x00007f1a2db50000)
  eden space 2544640K,   0% used [0x00007f14d8600000, 0x00007f14d8600000, 0x00007f1573b00000)
  from space 318016K,   2% used [0x00007f1587190000, 0x00007f1587a24e50, 0x00007f159a820000)
  to   space 318016K,   0% used [0x00007f1573b00000, 0x00007f1573b00000, 0x00007f1587190000)
 tenured generation   total 6361324K, used 6356420K [0x00007f1a2db50000, 0x00007f1bb1f8b000, 0x00007f24d8600000)
   the space 6361324K,  99% used [0x00007f1a2db50000, 0x00007f1bb1ac1050, 0x00007f1bb1ac1200, 0x00007f1bb1f8b000)
 Metaspace       used 25086K, capacity 25562K, committed 25600K, reserved 26624K
}
Event: 39348.527 GC heap before
{Heap before GC invocations=40363 (full 4):
 def new generation   total 2862656K, used 2553427K [0x00007f14d8600000, 0x00007f159a820000, 0x00007f1a2db50000)
  eden space 2544640K, 100% used [0x00007f14d8600000, 0x00007f1573b00000, 0x00007f1573b00000)
  from space 318016K,   2% used [0x00007f1587190000, 0x00007f1587a24e50, 0x00007f159a820000)
  to   space 318016K,   0% used [0x00007f1573b00000, 0x00007f1573b00000, 0x00007f1587190000)
 tenured generation   total 6361324K, used 6356420K [0x00007f1a2db50000, 0x00007f1bb1f8b000, 0x00007f24d8600000)
   the space 6361324K,  99% used [0x00007f1a2db50000, 0x00007f1bb1ac1050, 0x00007f1bb1ac1200, 0x00007f1bb1f8b000)
 Metaspace       used 25086K, capacity 25562K, committed 25600K, reserved 26624K
}
Event: 39348.547 GC heap after
{Heap after GC invocations=40364 (full 4):
 def new generation   total 2862656K, used 8778K [0x00007f14d8600000, 0x00007f159a820000, 0x00007f1a2db50000)
  eden space 2544640K,   0% used [0x00007f14d8600000, 0x00007f14d8600000, 0x00007f1573b00000)
  from space 318016K,   2% used [0x00007f1573b00000, 0x00007f15743928b0, 0x00007f1587190000)
  to   space 318016K,   0% used [0x00007f1587190000, 0x00007f1587190000, 0x00007f159a820000)
 tenured generation   total 6361324K, used 6357009K [0x00007f1a2db50000, 0x00007f1bb1f8b000, 0x00007f24d8600000)
   the space 6361324K,  99% used [0x00007f1a2db50000, 0x00007f1bb1b54530, 0x00007f1bb1b54600, 0x00007f1bb1f8b000)
 Metaspace       used 25086K, capacity 25562K, committed 25600K, reserved 26624K
}
Event: 39350.773 GC heap before
{Heap before GC invocations=40364 (full 4):
 def new generation   total 2862656K, used 2553418K [0x00007f14d8600000, 0x00007f159a820000, 0x00007f1a2db50000)
  eden space 2544640K, 100% used [0x00007f14d8600000, 0x00007f1573b00000, 0x00007f1573b00000)
  from space 318016K,   2% used [0x00007f1573b00000, 0x00007f15743928b0, 0x00007f1587190000)
  to   space 318016K,   0% used [0x00007f1587190000, 0x00007f1587190000, 0x00007f159a820000)
 tenured generation   total 6361324K, used 6357009K [0x00007f1a2db50000, 0x00007f1bb1f8b000, 0x00007f24d8600000)
   the space 6361324K,  99% used [0x00007f1a2db50000, 0x00007f1bb1b54530, 0x00007f1bb1b54600, 0x00007f1bb1f8b000)
 Metaspace       used 25086K, capacity 25562K, committed 25600K, reserved 26624K
}
Event: 39350.794 GC heap after
{Heap after GC invocations=40365 (full 4):
 def new generation   total 2862656K, used 8776K [0x00007f14d8600000, 0x00007f159a820000, 0x00007f1a2db50000)
  eden space 2544640K,   0% used [0x00007f14d8600000, 0x00007f14d8600000, 0x00007f1573b00000)
  from space 318016K,   2% used [0x00007f1587190000, 0x00007f1587a22308, 0x00007f159a820000)
  to   space 318016K,   0% used [0x00007f1573b00000, 0x00007f1573b00000, 0x00007f1587190000)
 tenured generation   total 6361324K, used 6357598K [0x00007f1a2db50000, 0x00007f1bb1f8b000, 0x00007f24d8600000)
   the space 6361324K,  99% used [0x00007f1a2db50000, 0x00007f1bb1be7a10, 0x00007f1bb1be7c00, 0x00007f1bb1f8b000)
 Metaspace       used 25086K, capacity 25562K, committed 25600K, reserved 26624K
}
Event: 39353.044 GC heap before
{Heap before GC invocations=40365 (full 4):
 def new generation   total 2862656K, used 2553416K [0x00007f14d8600000, 0x00007f159a820000, 0x00007f1a2db50000)
  eden space 2544640K, 100% used [0x00007f14d8600000, 0x00007f1573b00000, 0x00007f1573b00000)
  from space 318016K,   2% used [0x00007f1587190000, 0x00007f1587a22308, 0x00007f159a820000)
  to   space 318016K,   0% used [0x00007f1573b00000, 0x00007f1573b00000, 0x00007f1587190000)
 tenured generation   total 6361324K, used 6357598K [0x00007f1a2db50000, 0x00007f1bb1f8b000, 0x00007f24d8600000)
   the space 6361324K,  99% used [0x00007f1a2db50000, 0x00007f1bb1be7a10, 0x00007f1bb1be7c00, 0x00007f1bb1f8b000)
 Metaspace       used 25086K, capacity 25562K, committed 25600K, reserved 26624K
}
Event: 39353.067 GC heap after
{Heap after GC invocations=40366 (full 4):
 def new generation   total 2862656K, used 8789K [0x00007f14d8600000, 0x00007f159a820000, 0x00007f1a2db50000)
  eden space 2544640K,   0% used [0x00007f14d8600000, 0x00007f14d8600000, 0x00007f1573b00000)
  from space 318016K,   2% used [0x00007f1573b00000, 0x00007f1574395748, 0x00007f1587190000)
  to   space 318016K,   0% used [0x00007f1587190000, 0x00007f1587190000, 0x00007f159a820000)
 tenured generation   total 6361324K, used 6358187K [0x00007f1a2db50000, 0x00007f1bb1f8b000, 0x00007f24d8600000)
   the space 6361324K,  99% used [0x00007f1a2db50000, 0x00007f1bb1c7aef0, 0x00007f1bb1c7b000, 0x00007f1bb1f8b000)
 Metaspace       used 25086K, capacity 25562K, committed 25600K, reserved 26624K
}
Event: 39355.332 GC heap before
{Heap before GC invocations=40366 (full 4):
 def new generation   total 2862656K, used 2553429K [0x00007f14d8600000, 0x00007f159a820000, 0x00007f1a2db50000)
  eden space 2544640K, 100% used [0x00007f14d8600000, 0x00007f1573b00000, 0x00007f1573b00000)
  from space 318016K,   2% used [0x00007f1573b00000, 0x00007f1574395748, 0x00007f1587190000)
  to   space 318016K,   0% used [0x00007f1587190000, 0x00007f1587190000, 0x00007f159a820000)
 tenured generation   total 6361324K, used 6358187K [0x00007f1a2db50000, 0x00007f1bb1f8b000, 0x00007f24d8600000)
   the space 6361324K,  99% used [0x00007f1a2db50000, 0x00007f1bb1c7aef0, 0x00007f1bb1c7b000, 0x00007f1bb1f8b000)
 Metaspace       used 25086K, capacity 25562K, committed 25600K, reserved 26624K
}
Event: 39355.356 GC heap after
{Heap after GC invocations=40367 (full 4):
 def new generation   total 2862656K, used 8814K [0x00007f14d8600000, 0x00007f159a820000, 0x00007f1a2db50000)
  eden space 2544640K,   0% used [0x00007f14d8600000, 0x00007f14d8600000, 0x00007f1573b00000)
  from space 318016K,   2% used [0x00007f1587190000, 0x00007f1587a2bb00, 0x00007f159a820000)
  to   space 318016K,   0% used [0x00007f1573b00000, 0x00007f1573b00000, 0x00007f1587190000)
 tenured generation   total 6361324K, used 6358757K [0x00007f1a2db50000, 0x00007f1bb1f8b000, 0x00007f24d8600000)
   the space 6361324K,  99% used [0x00007f1a2db50000, 0x00007f1bb1d09780, 0x00007f1bb1d09800, 0x00007f1bb1f8b000)
 Metaspace       used 25086K, capacity 25562K, committed 25600K, reserved 26624K
}
Event: 39357.603 GC heap before
{Heap before GC invocations=40367 (full 4):
 def new generation   total 2862656K, used 2553454K [0x00007f14d8600000, 0x00007f159a820000, 0x00007f1a2db50000)
  eden space 2544640K, 100% used [0x00007f14d8600000, 0x00007f1573b00000, 0x00007f1573b00000)
  from space 318016K,   2% used [0x00007f1587190000, 0x00007f1587a2bb00, 0x00007f159a820000)
  to   space 318016K,   0% used [0x00007f1573b00000, 0x00007f1573b00000, 0x00007f1587190000)
 tenured generation   total 6361324K, used 6358757K [0x00007f1a2db50000, 0x00007f1bb1f8b000, 0x00007f24d8600000)
   the space 6361324K,  99% used [0x00007f1a2db50000, 0x00007f1bb1d09780, 0x00007f1bb1d09800, 0x00007f1bb1f8b000)
 Metaspace       used 25086K, capacity 25562K, committed 25600K, reserved 26624K
}
Event: 39357.626 GC heap after
{Heap after GC invocations=40368 (full 4):
 def new generation   total 2862656K, used 8793K [0x00007f14d8600000, 0x00007f159a820000, 0x00007f1a2db50000)
  eden space 2544640K,   0% used [0x00007f14d8600000, 0x00007f14d8600000, 0x00007f1573b00000)
  from space 318016K,   2% used [0x00007f1573b00000, 0x00007f1574396748, 0x00007f1587190000)
  to   space 318016K,   0% used [0x00007f1587190000, 0x00007f1587190000, 0x00007f159a820000)
 tenured generation   total 6361324K, used 6359346K [0x00007f1a2db50000, 0x00007f1bb1f8b000, 0x00007f24d8600000)
   the space 6361324K,  99% used [0x00007f1a2db50000, 0x00007f1bb1d9ca20, 0x00007f1bb1d9cc00, 0x00007f1bb1f8b000)
 Metaspace       used 25086K, capacity 25562K, committed 25600K, reserved 26624K
}
Event: 39359.985 GC heap before
{Heap before GC invocations=40368 (full 4):
 def new generation   total 2862656K, used 2553433K [0x00007f14d8600000, 0x00007f159a820000, 0x00007f1a2db50000)
  eden space 2544640K, 100% used [0x00007f14d8600000, 0x00007f1573b00000, 0x00007f1573b00000)
  from space 318016K,   2% used [0x00007f1573b00000, 0x00007f1574396748, 0x00007f1587190000)
  to   space 318016K,   0% used [0x00007f1587190000, 0x00007f1587190000, 0x00007f159a820000)
 tenured generation   total 6361324K, used 6359346K [0x00007f1a2db50000, 0x00007f1bb1f8b000, 0x00007f24d8600000)
   the space 6361324K,  99% used [0x00007f1a2db50000, 0x00007f1bb1d9ca20, 0x00007f1bb1d9cc00, 0x00007f1bb1f8b000)
 Metaspace       used 25086K, capacity 25562K, committed 25600K, reserved 26624K
}
Event: 39360.006 GC heap after
{Heap after GC invocations=40369 (full 4):
 def new generation   total 2862656K, used 8796K [0x00007f14d8600000, 0x00007f159a820000, 0x00007f1a2db50000)
  eden space 2544640K,   0% used [0x00007f14d8600000, 0x00007f14d8600000, 0x00007f1573b00000)
  from space 318016K,   2% used [0x00007f1587190000, 0x00007f1587a270c0, 0x00007f159a820000)
  to   space 318016K,   0% used [0x00007f1573b00000, 0x00007f1573b00000, 0x00007f1587190000)
 tenured generation   total 6361324K, used 6359935K [0x00007f1a2db50000, 0x00007f1bb1f8b000, 0x00007f24d8600000)
   the space 6361324K,  99% used [0x00007f1a2db50000, 0x00007f1bb1e2ff00, 0x00007f1bb1e30000, 0x00007f1bb1f8b000)
 Metaspace       used 25086K, capacity 25562K, committed 25600K, reserved 26624K
}
Event: 39362.309 GC heap before
{Heap before GC invocations=40369 (full 4):
 def new generation   total 2862656K, used 2553436K [0x00007f14d8600000, 0x00007f159a820000, 0x00007f1a2db50000)
  eden space 2544640K, 100% used [0x00007f14d8600000, 0x00007f1573b00000, 0x00007f1573b00000)
  from space 318016K,   2% used [0x00007f1587190000, 0x00007f1587a270c0, 0x00007f159a820000)
  to   space 318016K,   0% used [0x00007f1573b00000, 0x00007f1573b00000, 0x00007f1587190000)
 tenured generation   total 6361324K, used 6359935K [0x00007f1a2db50000, 0x00007f1bb1f8b000, 0x00007f24d8600000)
   the space 6361324K,  99% used [0x00007f1a2db50000, 0x00007f1bb1e2ff00, 0x00007f1bb1e30000, 0x00007f1bb1f8b000)
 Metaspace       used 25086K, capacity 25562K, committed 25600K, reserved 26624K
}
Event: 39362.336 GC heap after
{Heap after GC invocations=40370 (full 4):
 def new generation   total 2862656K, used 8788K [0x00007f14d8600000, 0x00007f159a820000, 0x00007f1a2db50000)
  eden space 2544640K,   0% used [0x00007f14d8600000, 0x00007f14d8600000, 0x00007f1573b00000)
  from space 318016K,   2% used [0x00007f1573b00000, 0x00007f1574395210, 0x00007f1587190000)
  to   space 318016K,   0% used [0x00007f1587190000, 0x00007f1587190000, 0x00007f159a820000)
 tenured generation   total 6361324K, used 6360524K [0x00007f1a2db50000, 0x00007f1bb1f8b000, 0x00007f24d8600000)
   the space 6361324K,  99% used [0x00007f1a2db50000, 0x00007f1bb1ec33e0, 0x00007f1bb1ec3400, 0x00007f1bb1f8b000)
 Metaspace       used 25086K, capacity 25562K, committed 25600K, reserved 26624K
}
Event: 39364.650 GC heap before
{Heap before GC invocations=40370 (full 4):
 def new generation   total 2862656K, used 2553428K [0x00007f14d8600000, 0x00007f159a820000, 0x00007f1a2db50000)
  eden space 2544640K, 100% used [0x00007f14d8600000, 0x00007f1573b00000, 0x00007f1573b00000)
  from space 318016K,   2% used [0x00007f1573b00000, 0x00007f1574395210, 0x00007f1587190000)
  to   space 318016K,   0% used [0x00007f1587190000, 0x00007f1587190000, 0x00007f159a820000)
 tenured generation   total 6361324K, used 6360524K [0x00007f1a2db50000, 0x00007f1bb1f8b000, 0x00007f24d8600000)
   the space 6361324K,  99% used [0x00007f1a2db50000, 0x00007f1bb1ec33e0, 0x00007f1bb1ec3400, 0x00007f1bb1f8b000)
 Metaspace       used 25086K, capacity 25562K, committed 25600K, reserved 26624K
}
Event: 39364.676 GC heap after
{Heap after GC invocations=40371 (full 4):
 def new generation   total 2862656K, used 8792K [0x00007f14d8600000, 0x00007f159a820000, 0x00007f1a2db50000)
  eden space 2544640K,   0% used [0x00007f14d8600000, 0x00007f14d8600000, 0x00007f1573b00000)
  from space 318016K,   2% used [0x00007f1587190000, 0x00007f1587a26370, 0x00007f159a820000)
  to   space 318016K,   0% used [0x00007f1573b00000, 0x00007f1573b00000, 0x00007f1587190000)
 tenured generation   total 6361324K, used 6361114K [0x00007f1a2db50000, 0x00007f1bb1f8b000, 0x00007f24d8600000)
   the space 6361324K,  99% used [0x00007f1a2db50000, 0x00007f1bb1f568c0, 0x00007f1bb1f56a00, 0x00007f1bb1f8b000)
 Metaspace       used 25086K, capacity 25562K, committed 25600K, reserved 26624K
}
Event: 39366.895 GC heap before
{Heap before GC invocations=40371 (full 4):
 def new generation   total 2862656K, used 2553432K [0x00007f14d8600000, 0x00007f159a820000, 0x00007f1a2db50000)
  eden space 2544640K, 100% used [0x00007f14d8600000, 0x00007f1573b00000, 0x00007f1573b00000)
  from space 318016K,   2% used [0x00007f1587190000, 0x00007f1587a26370, 0x00007f159a820000)
  to   space 318016K,   0% used [0x00007f1573b00000, 0x00007f1573b00000, 0x00007f1587190000)
 tenured generation   total 6361324K, used 6361114K [0x00007f1a2db50000, 0x00007f1bb1f8b000, 0x00007f24d8600000)
   the space 6361324K,  99% used [0x00007f1a2db50000, 0x00007f1bb1f568c0, 0x00007f1bb1f56a00, 0x00007f1bb1f8b000)
 Metaspace       used 25086K, capacity 25562K, committed 25600K, reserved 26624K
}
Event: 39366.919 GC heap after
{Heap after GC invocations=40372 (full 4):
 def new generation   total 2862656K, used 8793K [0x00007f14d8600000, 0x00007f159a820000, 0x00007f1a2db50000)
  eden space 2544640K,   0% used [0x00007f14d8600000, 0x00007f14d8600000, 0x00007f1573b00000)
  from space 318016K,   2% used [0x00007f1573b00000, 0x00007f1574396418, 0x00007f1587190000)
  to   space 318016K,   0% used [0x00007f1587190000, 0x00007f1587190000, 0x00007f159a820000)
 tenured generation   total 6361708K, used 6361707K [0x00007f1a2db50000, 0x00007f1bb1feb000, 0x00007f24d8600000)
   the space 6361708K,  99% used [0x00007f1a2db50000, 0x00007f1bb1feaee0, 0x00007f1bb1feb000, 0x00007f1bb1feb000)
 Metaspace       used 25086K, capacity 25562K, committed 25600K, reserved 26624K
}
Event: 39366.919 GC heap before
{Heap before GC invocations=40372 (full 4):
 def new generation   total 2862656K, used 8793K [0x00007f14d8600000, 0x00007f159a820000, 0x00007f1a2db50000)
  eden space 2544640K,   0% used [0x00007f14d8600000, 0x00007f14d8600000, 0x00007f1573b00000)
  from space 318016K,   2% used [0x00007f1573b00000, 0x00007f1574396418, 0x00007f1587190000)
  to   space 318016K,   0% used [0x00007f1587190000, 0x00007f1587190000, 0x00007f159a820000)
 tenured generation   total 6361708K, used 6361707K [0x00007f1a2db50000, 0x00007f1bb1feb000, 0x00007f24d8600000)
   the space 6361708K,  99% used [0x00007f1a2db50000, 0x00007f1bb1feaee0, 0x00007f1bb1feb000, 0x00007f1bb1feb000)
 Metaspace       used 25086K, capacity 25562K, committed 25600K, reserved 26624K
}

