# JRE version: OpenJDK Runtime Environment (13.0.7+5) (build 13.0.7+5-Ubuntu-0ubuntu120.04)
# Java VM: OpenJDK 64-Bit Server VM (13.0.7+5-Ubuntu-0ubuntu120.04, mixed mode, tiered, serial gc, linux-amd64)
Heap:
 def new generation   total 1048832K, used 4660K [0x00007efdd8600000, 0x00007efe1f800000, 0x00007f032db50000)
  eden space 932352K,   0% used [0x00007efdd8600000, 0x00007efdd8a8d348, 0x00007efe11480000)
  from space 116480K,   0% used [0x00007efe18640000, 0x00007efe18640000, 0x00007efe1f800000)
  to   space 116480K,   0% used [0x00007efe11480000, 0x00007efe11480000, 0x00007efe18640000)
 tenured generation   total 2330752K, used 2330751K [0x00007f032db50000, 0x00007f03bbf70000, 0x00007f0dd8600000)
   the space 2330752K,  99% used [0x00007f032db50000, 0x00007f03bbf6ffd0, 0x00007f03bbf70000, 0x00007f03bbf70000)
 Metaspace       used 24813K, capacity 25303K, committed 25344K, reserved 26624K
GC Heap History (20 events):
Event: 5859.406 GC heap after
{Heap after GC invocations=10150 (full 2):
 def new generation   total 1048832K, used 4807K [0x00007efdd8600000, 0x00007efe1f800000, 0x00007f032db50000)
  eden space 932352K,   0% used [0x00007efdd8600000, 0x00007efdd8600000, 0x00007efe11480000)
  from space 116480K,   4% used [0x00007efe11480000, 0x00007efe11931e68, 0x00007efe18640000)
  to   space 116480K,   0% used [0x00007efe18640000, 0x00007efe18640000, 0x00007efe1f800000)
 tenured generation   total 2330560K, used 2327759K [0x00007f032db50000, 0x00007f03bbf40000, 0x00007f0dd8600000)
   the space 2330560K,  99% used [0x00007f032db50000, 0x00007f03bbc83c50, 0x00007f03bbc83e00, 0x00007f03bbf40000)
 Metaspace       used 24813K, capacity 25303K, committed 25344K, reserved 26624K
}
Event: 5860.112 GC heap before
{Heap before GC invocations=10150 (full 2):
 def new generation   total 1048832K, used 937159K [0x00007efdd8600000, 0x00007efe1f800000, 0x00007f032db50000)
  eden space 932352K, 100% used [0x00007efdd8600000, 0x00007efe11480000, 0x00007efe11480000)
  from space 116480K,   4% used [0x00007efe11480000, 0x00007efe11931e68, 0x00007efe18640000)
  to   space 116480K,   0% used [0x00007efe18640000, 0x00007efe18640000, 0x00007efe1f800000)
 tenured generation   total 2330560K, used 2327759K [0x00007f032db50000, 0x00007f03bbf40000, 0x00007f0dd8600000)
   the space 2330560K,  99% used [0x00007f032db50000, 0x00007f03bbc83c50, 0x00007f03bbc83e00, 0x00007f03bbf40000)
 Metaspace       used 24813K, capacity 25303K, committed 25344K, reserved 26624K
}
Event: 5860.123 GC heap after
{Heap after GC invocations=10151 (full 2):
 def new generation   total 1048832K, used 4837K [0x00007efdd8600000, 0x00007efe1f800000, 0x00007f032db50000)
  eden space 932352K,   0% used [0x00007efdd8600000, 0x00007efdd8600000, 0x00007efe11480000)
  from space 116480K,   4% used [0x00007efe18640000, 0x00007efe18af9438, 0x00007efe1f800000)
  to   space 116480K,   0% used [0x00007efe11480000, 0x00007efe11480000, 0x00007efe18640000)
 tenured generation   total 2330560K, used 2328074K [0x00007f032db50000, 0x00007f03bbf40000, 0x00007f0dd8600000)
   the space 2330560K,  99% used [0x00007f032db50000, 0x00007f03bbcd29b8, 0x00007f03bbcd2a00, 0x00007f03bbf40000)
 Metaspace       used 24813K, capacity 25303K, committed 25344K, reserved 26624K
}
Event: 5860.898 GC heap before
{Heap before GC invocations=10151 (full 2):
 def new generation   total 1048832K, used 937189K [0x00007efdd8600000, 0x00007efe1f800000, 0x00007f032db50000)
  eden space 932352K, 100% used [0x00007efdd8600000, 0x00007efe11480000, 0x00007efe11480000)
  from space 116480K,   4% used [0x00007efe18640000, 0x00007efe18af9438, 0x00007efe1f800000)
  to   space 116480K,   0% used [0x00007efe11480000, 0x00007efe11480000, 0x00007efe18640000)
 tenured generation   total 2330560K, used 2328074K [0x00007f032db50000, 0x00007f03bbf40000, 0x00007f0dd8600000)
   the space 2330560K,  99% used [0x00007f032db50000, 0x00007f03bbcd29b8, 0x00007f03bbcd2a00, 0x00007f03bbf40000)
 Metaspace       used 24813K, capacity 25303K, committed 25344K, reserved 26624K
}
Event: 5860.908 GC heap after
{Heap after GC invocations=10152 (full 2):
 def new generation   total 1048832K, used 4851K [0x00007efdd8600000, 0x00007efe1f800000, 0x00007f032db50000)
  eden space 932352K,   0% used [0x00007efdd8600000, 0x00007efdd8600000, 0x00007efe11480000)
  from space 116480K,   4% used [0x00007efe11480000, 0x00007efe1193cf38, 0x00007efe18640000)
  to   space 116480K,   0% used [0x00007efe18640000, 0x00007efe18640000, 0x00007efe1f800000)
 tenured generation   total 2330560K, used 2328389K [0x00007f032db50000, 0x00007f03bbf40000, 0x00007f0dd8600000)
   the space 2330560K,  99% used [0x00007f032db50000, 0x00007f03bbd21720, 0x00007f03bbd21800, 0x00007f03bbf40000)
 Metaspace       used 24813K, capacity 25303K, committed 25344K, reserved 26624K
}
Event: 5861.656 GC heap before
{Heap before GC invocations=10152 (full 2):
 def new generation   total 1048832K, used 937203K [0x00007efdd8600000, 0x00007efe1f800000, 0x00007f032db50000)
  eden space 932352K, 100% used [0x00007efdd8600000, 0x00007efe11480000, 0x00007efe11480000)
  from space 116480K,   4% used [0x00007efe11480000, 0x00007efe1193cf38, 0x00007efe18640000)
  to   space 116480K,   0% used [0x00007efe18640000, 0x00007efe18640000, 0x00007efe1f800000)
 tenured generation   total 2330560K, used 2328389K [0x00007f032db50000, 0x00007f03bbf40000, 0x00007f0dd8600000)
   the space 2330560K,  99% used [0x00007f032db50000, 0x00007f03bbd21720, 0x00007f03bbd21800, 0x00007f03bbf40000)
 Metaspace       used 24813K, capacity 25303K, committed 25344K, reserved 26624K
}
Event: 5861.665 GC heap after
{Heap after GC invocations=10153 (full 2):
 def new generation   total 1048832K, used 4843K [0x00007efdd8600000, 0x00007efe1f800000, 0x00007f032db50000)
  eden space 932352K,   0% used [0x00007efdd8600000, 0x00007efdd8600000, 0x00007efe11480000)
  from space 116480K,   4% used [0x00007efe18640000, 0x00007efe18afac28, 0x00007efe1f800000)
  to   space 116480K,   0% used [0x00007efe11480000, 0x00007efe11480000, 0x00007efe18640000)
 tenured generation   total 2330560K, used 2328726K [0x00007f032db50000, 0x00007f03bbf40000, 0x00007f0dd8600000)
   the space 2330560K,  99% used [0x00007f032db50000, 0x00007f03bbd758a0, 0x00007f03bbd75a00, 0x00007f03bbf40000)
 Metaspace       used 24813K, capacity 25303K, committed 25344K, reserved 26624K
}
Event: 5862.448 GC heap before
{Heap before GC invocations=10153 (full 2):
 def new generation   total 1048832K, used 937195K [0x00007efdd8600000, 0x00007efe1f800000, 0x00007f032db50000)
  eden space 932352K, 100% used [0x00007efdd8600000, 0x00007efe11480000, 0x00007efe11480000)
  from space 116480K,   4% used [0x00007efe18640000, 0x00007efe18afac28, 0x00007efe1f800000)
  to   space 116480K,   0% used [0x00007efe11480000, 0x00007efe11480000, 0x00007efe18640000)
 tenured generation   total 2330560K, used 2328726K [0x00007f032db50000, 0x00007f03bbf40000, 0x00007f0dd8600000)
   the space 2330560K,  99% used [0x00007f032db50000, 0x00007f03bbd758a0, 0x00007f03bbd75a00, 0x00007f03bbf40000)
 Metaspace       used 24813K, capacity 25303K, committed 25344K, reserved 26624K
}
Event: 5862.461 GC heap after
{Heap after GC invocations=10154 (full 2):
 def new generation   total 1048832K, used 4841K [0x00007efdd8600000, 0x00007efe1f800000, 0x00007f032db50000)
  eden space 932352K,   0% used [0x00007efdd8600000, 0x00007efdd8600000, 0x00007efe11480000)
  from space 116480K,   4% used [0x00007efe11480000, 0x00007efe1193a768, 0x00007efe18640000)
  to   space 116480K,   0% used [0x00007efe18640000, 0x00007efe18640000, 0x00007efe1f800000)
 tenured generation   total 2330560K, used 2329041K [0x00007f032db50000, 0x00007f03bbf40000, 0x00007f0dd8600000)
   the space 2330560K,  99% used [0x00007f032db50000, 0x00007f03bbdc4608, 0x00007f03bbdc4800, 0x00007f03bbf40000)
 Metaspace       used 24813K, capacity 25303K, committed 25344K, reserved 26624K
}
Event: 5863.254 GC heap before
{Heap before GC invocations=10154 (full 2):
 def new generation   total 1048832K, used 937193K [0x00007efdd8600000, 0x00007efe1f800000, 0x00007f032db50000)
  eden space 932352K, 100% used [0x00007efdd8600000, 0x00007efe11480000, 0x00007efe11480000)
  from space 116480K,   4% used [0x00007efe11480000, 0x00007efe1193a768, 0x00007efe18640000)
  to   space 116480K,   0% used [0x00007efe18640000, 0x00007efe18640000, 0x00007efe1f800000)
 tenured generation   total 2330560K, used 2329041K [0x00007f032db50000, 0x00007f03bbf40000, 0x00007f0dd8600000)
   the space 2330560K,  99% used [0x00007f032db50000, 0x00007f03bbdc4608, 0x00007f03bbdc4800, 0x00007f03bbf40000)
 Metaspace       used 24813K, capacity 25303K, committed 25344K, reserved 26624K
}
Event: 5863.264 GC heap after
{Heap after GC invocations=10155 (full 2):
 def new generation   total 1048832K, used 4836K [0x00007efdd8600000, 0x00007efe1f800000, 0x00007f032db50000)
  eden space 932352K,   0% used [0x00007efdd8600000, 0x00007efdd8600000, 0x00007efe11480000)
  from space 116480K,   4% used [0x00007efe18640000, 0x00007efe18af9308, 0x00007efe1f800000)
  to   space 116480K,   0% used [0x00007efe11480000, 0x00007efe11480000, 0x00007efe18640000)
 tenured generation   total 2330560K, used 2329356K [0x00007f032db50000, 0x00007f03bbf40000, 0x00007f0dd8600000)
   the space 2330560K,  99% used [0x00007f032db50000, 0x00007f03bbe13370, 0x00007f03bbe13400, 0x00007f03bbf40000)
 Metaspace       used 24813K, capacity 25303K, committed 25344K, reserved 26624K
}
Event: 5864.023 GC heap before
{Heap before GC invocations=10155 (full 2):
 def new generation   total 1048832K, used 937188K [0x00007efdd8600000, 0x00007efe1f800000, 0x00007f032db50000)
  eden space 932352K, 100% used [0x00007efdd8600000, 0x00007efe11480000, 0x00007efe11480000)
  from space 116480K,   4% used [0x00007efe18640000, 0x00007efe18af9308, 0x00007efe1f800000)
  to   space 116480K,   0% used [0x00007efe11480000, 0x00007efe11480000, 0x00007efe18640000)
 tenured generation   total 2330560K, used 2329356K [0x00007f032db50000, 0x00007f03bbf40000, 0x00007f0dd8600000)
   the space 2330560K,  99% used [0x00007f032db50000, 0x00007f03bbe13370, 0x00007f03bbe13400, 0x00007f03bbf40000)
 Metaspace       used 24813K, capacity 25303K, committed 25344K, reserved 26624K
}
Event: 5864.033 GC heap after
{Heap after GC invocations=10156 (full 2):
 def new generation   total 1048832K, used 4864K [0x00007efdd8600000, 0x00007efe1f800000, 0x00007f032db50000)
  eden space 932352K,   0% used [0x00007efdd8600000, 0x00007efdd8600000, 0x00007efe11480000)
  from space 116480K,   4% used [0x00007efe11480000, 0x00007efe11940358, 0x00007efe18640000)
  to   space 116480K,   0% used [0x00007efe18640000, 0x00007efe18640000, 0x00007efe1f800000)
 tenured generation   total 2330560K, used 2329672K [0x00007f032db50000, 0x00007f03bbf40000, 0x00007f0dd8600000)
   the space 2330560K,  99% used [0x00007f032db50000, 0x00007f03bbe620d8, 0x00007f03bbe62200, 0x00007f03bbf40000)
 Metaspace       used 24813K, capacity 25303K, committed 25344K, reserved 26624K
}
Event: 5864.773 GC heap before
{Heap before GC invocations=10156 (full 2):
 def new generation   total 1048832K, used 937216K [0x00007efdd8600000, 0x00007efe1f800000, 0x00007f032db50000)
  eden space 932352K, 100% used [0x00007efdd8600000, 0x00007efe11480000, 0x00007efe11480000)
  from space 116480K,   4% used [0x00007efe11480000, 0x00007efe11940358, 0x00007efe18640000)
  to   space 116480K,   0% used [0x00007efe18640000, 0x00007efe18640000, 0x00007efe1f800000)
 tenured generation   total 2330560K, used 2329672K [0x00007f032db50000, 0x00007f03bbf40000, 0x00007f0dd8600000)
   the space 2330560K,  99% used [0x00007f032db50000, 0x00007f03bbe620d8, 0x00007f03bbe62200, 0x00007f03bbf40000)
 Metaspace       used 24813K, capacity 25303K, committed 25344K, reserved 26624K
}
Event: 5864.783 GC heap after
{Heap after GC invocations=10157 (full 2):
 def new generation   total 1048832K, used 4834K [0x00007efdd8600000, 0x00007efe1f800000, 0x00007f032db50000)
  eden space 932352K,   0% used [0x00007efdd8600000, 0x00007efdd8600000, 0x00007efe11480000)
  from space 116480K,   4% used [0x00007efe18640000, 0x00007efe18af89e0, 0x00007efe1f800000)
  to   space 116480K,   0% used [0x00007efe11480000, 0x00007efe11480000, 0x00007efe18640000)
 tenured generation   total 2330560K, used 2329991K [0x00007f032db50000, 0x00007f03bbf40000, 0x00007f0dd8600000)
   the space 2330560K,  99% used [0x00007f032db50000, 0x00007f03bbeb1f80, 0x00007f03bbeb2000, 0x00007f03bbf40000)
 Metaspace       used 24813K, capacity 25303K, committed 25344K, reserved 26624K
}
Event: 5865.555 GC heap before
{Heap before GC invocations=10157 (full 2):
 def new generation   total 1048832K, used 937186K [0x00007efdd8600000, 0x00007efe1f800000, 0x00007f032db50000)
  eden space 932352K, 100% used [0x00007efdd8600000, 0x00007efe11480000, 0x00007efe11480000)
  from space 116480K,   4% used [0x00007efe18640000, 0x00007efe18af89e0, 0x00007efe1f800000)
  to   space 116480K,   0% used [0x00007efe11480000, 0x00007efe11480000, 0x00007efe18640000)
 tenured generation   total 2330560K, used 2329991K [0x00007f032db50000, 0x00007f03bbf40000, 0x00007f0dd8600000)
   the space 2330560K,  99% used [0x00007f032db50000, 0x00007f03bbeb1f80, 0x00007f03bbeb2000, 0x00007f03bbf40000)
 Metaspace       used 24813K, capacity 25303K, committed 25344K, reserved 26624K
}
Event: 5865.568 GC heap after
{Heap after GC invocations=10158 (full 2):
 def new generation   total 1048832K, used 4849K [0x00007efdd8600000, 0x00007efe1f800000, 0x00007f032db50000)
  eden space 932352K,   0% used [0x00007efdd8600000, 0x00007efdd8600000, 0x00007efe11480000)
  from space 116480K,   4% used [0x00007efe11480000, 0x00007efe1193c7b8, 0x00007efe18640000)
  to   space 116480K,   0% used [0x00007efe18640000, 0x00007efe18640000, 0x00007efe1f800000)
 tenured generation   total 2330560K, used 2330307K [0x00007f032db50000, 0x00007f03bbf40000, 0x00007f0dd8600000)
   the space 2330560K,  99% used [0x00007f032db50000, 0x00007f03bbf00ce8, 0x00007f03bbf00e00, 0x00007f03bbf40000)
 Metaspace       used 24813K, capacity 25303K, committed 25344K, reserved 26624K
}
Event: 5866.324 GC heap before
{Heap before GC invocations=10158 (full 2):
 def new generation   total 1048832K, used 937201K [0x00007efdd8600000, 0x00007efe1f800000, 0x00007f032db50000)
  eden space 932352K, 100% used [0x00007efdd8600000, 0x00007efe11480000, 0x00007efe11480000)
  from space 116480K,   4% used [0x00007efe11480000, 0x00007efe1193c7b8, 0x00007efe18640000)
  to   space 116480K,   0% used [0x00007efe18640000, 0x00007efe18640000, 0x00007efe1f800000)
 tenured generation   total 2330560K, used 2330307K [0x00007f032db50000, 0x00007f03bbf40000, 0x00007f0dd8600000)
   the space 2330560K,  99% used [0x00007f032db50000, 0x00007f03bbf00ce8, 0x00007f03bbf00e00, 0x00007f03bbf40000)
 Metaspace       used 24813K, capacity 25303K, committed 25344K, reserved 26624K
}
Event: 5866.336 GC heap after
{Heap after GC invocations=10159 (full 2):
 def new generation   total 1048832K, used 4838K [0x00007efdd8600000, 0x00007efe1f800000, 0x00007f032db50000)
  eden space 932352K,   0% used [0x00007efdd8600000, 0x00007efdd8600000, 0x00007efe11480000)
  from space 116480K,   4% used [0x00007efe18640000, 0x00007efe18af9910, 0x00007efe1f800000)
  to   space 116480K,   0% used [0x00007efe11480000, 0x00007efe11480000, 0x00007efe18640000)
 tenured generation   total 2330752K, used 2330622K [0x00007f032db50000, 0x00007f03bbf70000, 0x00007f0dd8600000)
   the space 2330752K,  99% used [0x00007f032db50000, 0x00007f03bbf4fa50, 0x00007f03bbf4fc00, 0x00007f03bbf70000)
 Metaspace       used 24813K, capacity 25303K, committed 25344K, reserved 26624K
}
Event: 5866.336 GC heap before
{Heap before GC invocations=10159 (full 2):
 def new generation   total 1048832K, used 4838K [0x00007efdd8600000, 0x00007efe1f800000, 0x00007f032db50000)
  eden space 932352K,   0% used [0x00007efdd8600000, 0x00007efdd8600000, 0x00007efe11480000)
  from space 116480K,   4% used [0x00007efe18640000, 0x00007efe18af9910, 0x00007efe1f800000)
  to   space 116480K,   0% used [0x00007efe11480000, 0x00007efe11480000, 0x00007efe18640000)
 tenured generation   total 2330752K, used 2330622K [0x00007f032db50000, 0x00007f03bbf70000, 0x00007f0dd8600000)
   the space 2330752K,  99% used [0x00007f032db50000, 0x00007f03bbf4fa50, 0x00007f03bbf4fc00, 0x00007f03bbf70000)
 Metaspace       used 24813K, capacity 25303K, committed 25344K, reserved 26624K
}

