# JRE version: OpenJDK Runtime Environment (13.0.7+5) (build 13.0.7+5-Ubuntu-0ubuntu120.04)
# Java VM: OpenJDK 64-Bit Server VM (13.0.7+5-Ubuntu-0ubuntu120.04, mixed mode, tiered, serial gc, linux-amd64)
Heap:
 def new generation   total 1748160K, used 0K [0x00007f329c600000, 0x00007f3312ed0000, 0x00007f37f1b50000)
  eden space 1553984K,   0% used [0x00007f329c600000, 0x00007f329c600000, 0x00007f32fb390000)
  from space 194176K,   0% used [0x00007f3307130000, 0x00007f3307130000, 0x00007f3312ed0000)
  to   space 194176K,   0% used [0x00007f32fb390000, 0x00007f32fb390000, 0x00007f3307130000)
 tenured generation   total 3884780K, used 3807344K [0x00007f37f1b50000, 0x00007f38ded0b000, 0x00007f429c600000)
   the space 3884780K,  98% used [0x00007f37f1b50000, 0x00007f38da16c128, 0x00007f38da16c200, 0x00007f38ded0b000)
 Metaspace       used 24843K, capacity 25304K, committed 25600K, reserved 26624K
GC Heap History (20 events):
Event: 38233.473 GC heap after
{Heap after GC invocations=68512 (full 3):
 def new generation   total 1748160K, used 1559K [0x00007f329c600000, 0x00007f3312ed0000, 0x00007f37f1b50000)
  eden space 1553984K,   0% used [0x00007f329c600000, 0x00007f329c600000, 0x00007f32fb390000)
  from space 194176K,   0% used [0x00007f32fb390000, 0x00007f32fb515ee8, 0x00007f3307130000)
  to   space 194176K,   0% used [0x00007f3307130000, 0x00007f3307130000, 0x00007f3312ed0000)
 tenured generation   total 3884588K, used 3883764K [0x00007f37f1b50000, 0x00007f38decdb000, 0x00007f429c600000)
   the space 3884588K,  99% used [0x00007f37f1b50000, 0x00007f38dec0d258, 0x00007f38dec0d400, 0x00007f38decdb000)
 Metaspace       used 24843K, capacity 25304K, committed 25600K, reserved 26624K
}
Event: 38234.489 GC heap before
{Heap before GC invocations=68512 (full 3):
 def new generation   total 1748160K, used 1555543K [0x00007f329c600000, 0x00007f3312ed0000, 0x00007f37f1b50000)
  eden space 1553984K, 100% used [0x00007f329c600000, 0x00007f32fb390000, 0x00007f32fb390000)
  from space 194176K,   0% used [0x00007f32fb390000, 0x00007f32fb515ee8, 0x00007f3307130000)
  to   space 194176K,   0% used [0x00007f3307130000, 0x00007f3307130000, 0x00007f3312ed0000)
 tenured generation   total 3884588K, used 3883764K [0x00007f37f1b50000, 0x00007f38decdb000, 0x00007f429c600000)
   the space 3884588K,  99% used [0x00007f37f1b50000, 0x00007f38dec0d258, 0x00007f38dec0d400, 0x00007f38decdb000)
 Metaspace       used 24843K, capacity 25304K, committed 25600K, reserved 26624K
}
Event: 38234.494 GC heap after
{Heap after GC invocations=68513 (full 3):
 def new generation   total 1748160K, used 1535K [0x00007f329c600000, 0x00007f3312ed0000, 0x00007f37f1b50000)
  eden space 1553984K,   0% used [0x00007f329c600000, 0x00007f329c600000, 0x00007f32fb390000)
  from space 194176K,   0% used [0x00007f3307130000, 0x00007f33072afc68, 0x00007f3312ed0000)
  to   space 194176K,   0% used [0x00007f32fb390000, 0x00007f32fb390000, 0x00007f3307130000)
 tenured generation   total 3884588K, used 3883866K [0x00007f37f1b50000, 0x00007f38decdb000, 0x00007f429c600000)
   the space 3884588K,  99% used [0x00007f37f1b50000, 0x00007f38dec26950, 0x00007f38dec26a00, 0x00007f38decdb000)
 Metaspace       used 24843K, capacity 25304K, committed 25600K, reserved 26624K
}
Event: 38235.483 GC heap before
{Heap before GC invocations=68513 (full 3):
 def new generation   total 1748160K, used 1555519K [0x00007f329c600000, 0x00007f3312ed0000, 0x00007f37f1b50000)
  eden space 1553984K, 100% used [0x00007f329c600000, 0x00007f32fb390000, 0x00007f32fb390000)
  from space 194176K,   0% used [0x00007f3307130000, 0x00007f33072afc68, 0x00007f3312ed0000)
  to   space 194176K,   0% used [0x00007f32fb390000, 0x00007f32fb390000, 0x00007f3307130000)
 tenured generation   total 3884588K, used 3883866K [0x00007f37f1b50000, 0x00007f38decdb000, 0x00007f429c600000)
   the space 3884588K,  99% used [0x00007f37f1b50000, 0x00007f38dec26950, 0x00007f38dec26a00, 0x00007f38decdb000)
 Metaspace       used 24843K, capacity 25304K, committed 25600K, reserved 26624K
}
Event: 38235.489 GC heap after
{Heap after GC invocations=68514 (full 3):
 def new generation   total 1748160K, used 1775K [0x00007f329c600000, 0x00007f3312ed0000, 0x00007f37f1b50000)
  eden space 1553984K,   0% used [0x00007f329c600000, 0x00007f329c600000, 0x00007f32fb390000)
  from space 194176K,   0% used [0x00007f32fb390000, 0x00007f32fb54bce0, 0x00007f3307130000)
  to   space 194176K,   0% used [0x00007f3307130000, 0x00007f3307130000, 0x00007f3312ed0000)
 tenured generation   total 3884588K, used 3883934K [0x00007f37f1b50000, 0x00007f38decdb000, 0x00007f429c600000)
   the space 3884588K,  99% used [0x00007f37f1b50000, 0x00007f38dec378a0, 0x00007f38dec37a00, 0x00007f38decdb000)
 Metaspace       used 24843K, capacity 25304K, committed 25600K, reserved 26624K
}
Event: 38236.485 GC heap before
{Heap before GC invocations=68514 (full 3):
 def new generation   total 1748160K, used 1555759K [0x00007f329c600000, 0x00007f3312ed0000, 0x00007f37f1b50000)
  eden space 1553984K, 100% used [0x00007f329c600000, 0x00007f32fb390000, 0x00007f32fb390000)
  from space 194176K,   0% used [0x00007f32fb390000, 0x00007f32fb54bce0, 0x00007f3307130000)
  to   space 194176K,   0% used [0x00007f3307130000, 0x00007f3307130000, 0x00007f3312ed0000)
 tenured generation   total 3884588K, used 3883934K [0x00007f37f1b50000, 0x00007f38decdb000, 0x00007f429c600000)
   the space 3884588K,  99% used [0x00007f37f1b50000, 0x00007f38dec378a0, 0x00007f38dec37a00, 0x00007f38decdb000)
 Metaspace       used 24843K, capacity 25304K, committed 25600K, reserved 26624K
}
Event: 38236.492 GC heap after
{Heap after GC invocations=68515 (full 3):
 def new generation   total 1748160K, used 1732K [0x00007f329c600000, 0x00007f3312ed0000, 0x00007f37f1b50000)
  eden space 1553984K,   0% used [0x00007f329c600000, 0x00007f329c600000, 0x00007f32fb390000)
  from space 194176K,   0% used [0x00007f3307130000, 0x00007f33072e1368, 0x00007f3312ed0000)
  to   space 194176K,   0% used [0x00007f32fb390000, 0x00007f32fb390000, 0x00007f3307130000)
 tenured generation   total 3884588K, used 3884035K [0x00007f37f1b50000, 0x00007f38decdb000, 0x00007f429c600000)
   the space 3884588K,  99% used [0x00007f37f1b50000, 0x00007f38dec50f98, 0x00007f38dec51000, 0x00007f38decdb000)
 Metaspace       used 24843K, capacity 25304K, committed 25600K, reserved 26624K
}
Event: 38237.503 GC heap before
{Heap before GC invocations=68515 (full 3):
 def new generation   total 1748160K, used 1555716K [0x00007f329c600000, 0x00007f3312ed0000, 0x00007f37f1b50000)
  eden space 1553984K, 100% used [0x00007f329c600000, 0x00007f32fb390000, 0x00007f32fb390000)
  from space 194176K,   0% used [0x00007f3307130000, 0x00007f33072e1368, 0x00007f3312ed0000)
  to   space 194176K,   0% used [0x00007f32fb390000, 0x00007f32fb390000, 0x00007f3307130000)
 tenured generation   total 3884588K, used 3884035K [0x00007f37f1b50000, 0x00007f38decdb000, 0x00007f429c600000)
   the space 3884588K,  99% used [0x00007f37f1b50000, 0x00007f38dec50f98, 0x00007f38dec51000, 0x00007f38decdb000)
 Metaspace       used 24843K, capacity 25304K, committed 25600K, reserved 26624K
}
Event: 38237.509 GC heap after
{Heap after GC invocations=68516 (full 3):
 def new generation   total 1748160K, used 1712K [0x00007f329c600000, 0x00007f3312ed0000, 0x00007f37f1b50000)
  eden space 1553984K,   0% used [0x00007f329c600000, 0x00007f329c600000, 0x00007f32fb390000)
  from space 194176K,   0% used [0x00007f32fb390000, 0x00007f32fb53c200, 0x00007f3307130000)
  to   space 194176K,   0% used [0x00007f3307130000, 0x00007f3307130000, 0x00007f3312ed0000)
 tenured generation   total 3884588K, used 3884137K [0x00007f37f1b50000, 0x00007f38decdb000, 0x00007f429c600000)
   the space 3884588K,  99% used [0x00007f37f1b50000, 0x00007f38dec6a690, 0x00007f38dec6a800, 0x00007f38decdb000)
 Metaspace       used 24843K, capacity 25304K, committed 25600K, reserved 26624K
}
Event: 38238.528 GC heap before
{Heap before GC invocations=68516 (full 3):
 def new generation   total 1748160K, used 1555696K [0x00007f329c600000, 0x00007f3312ed0000, 0x00007f37f1b50000)
  eden space 1553984K, 100% used [0x00007f329c600000, 0x00007f32fb390000, 0x00007f32fb390000)
  from space 194176K,   0% used [0x00007f32fb390000, 0x00007f32fb53c200, 0x00007f3307130000)
  to   space 194176K,   0% used [0x00007f3307130000, 0x00007f3307130000, 0x00007f3312ed0000)
 tenured generation   total 3884588K, used 3884137K [0x00007f37f1b50000, 0x00007f38decdb000, 0x00007f429c600000)
   the space 3884588K,  99% used [0x00007f37f1b50000, 0x00007f38dec6a690, 0x00007f38dec6a800, 0x00007f38decdb000)
 Metaspace       used 24843K, capacity 25304K, committed 25600K, reserved 26624K
}
Event: 38238.534 GC heap after
{Heap after GC invocations=68517 (full 3):
 def new generation   total 1748160K, used 1745K [0x00007f329c600000, 0x00007f3312ed0000, 0x00007f37f1b50000)
  eden space 1553984K,   0% used [0x00007f329c600000, 0x00007f329c600000, 0x00007f32fb390000)
  from space 194176K,   0% used [0x00007f3307130000, 0x00007f33072e44d0, 0x00007f3312ed0000)
  to   space 194176K,   0% used [0x00007f32fb390000, 0x00007f32fb390000, 0x00007f3307130000)
 tenured generation   total 3884588K, used 3884239K [0x00007f37f1b50000, 0x00007f38decdb000, 0x00007f429c600000)
   the space 3884588K,  99% used [0x00007f37f1b50000, 0x00007f38dec83d88, 0x00007f38dec83e00, 0x00007f38decdb000)
 Metaspace       used 24843K, capacity 25304K, committed 25600K, reserved 26624K
}
Event: 38239.521 GC heap before
{Heap before GC invocations=68517 (full 3):
 def new generation   total 1748160K, used 1555729K [0x00007f329c600000, 0x00007f3312ed0000, 0x00007f37f1b50000)
  eden space 1553984K, 100% used [0x00007f329c600000, 0x00007f32fb390000, 0x00007f32fb390000)
  from space 194176K,   0% used [0x00007f3307130000, 0x00007f33072e44d0, 0x00007f3312ed0000)
  to   space 194176K,   0% used [0x00007f32fb390000, 0x00007f32fb390000, 0x00007f3307130000)
 tenured generation   total 3884588K, used 3884239K [0x00007f37f1b50000, 0x00007f38decdb000, 0x00007f429c600000)
   the space 3884588K,  99% used [0x00007f37f1b50000, 0x00007f38dec83d88, 0x00007f38dec83e00, 0x00007f38decdb000)
 Metaspace       used 24843K, capacity 25304K, committed 25600K, reserved 26624K
}
Event: 38239.527 GC heap after
{Heap after GC invocations=68518 (full 3):
 def new generation   total 1748160K, used 1699K [0x00007f329c600000, 0x00007f3312ed0000, 0x00007f37f1b50000)
  eden space 1553984K,   0% used [0x00007f329c600000, 0x00007f329c600000, 0x00007f32fb390000)
  from space 194176K,   0% used [0x00007f32fb390000, 0x00007f32fb538d00, 0x00007f3307130000)
  to   space 194176K,   0% used [0x00007f3307130000, 0x00007f3307130000, 0x00007f3312ed0000)
 tenured generation   total 3884588K, used 3884341K [0x00007f37f1b50000, 0x00007f38decdb000, 0x00007f429c600000)
   the space 3884588K,  99% used [0x00007f37f1b50000, 0x00007f38dec9d480, 0x00007f38dec9d600, 0x00007f38decdb000)
 Metaspace       used 24843K, capacity 25304K, committed 25600K, reserved 26624K
}
Event: 38240.508 GC heap before
{Heap before GC invocations=68518 (full 3):
 def new generation   total 1748160K, used 1555683K [0x00007f329c600000, 0x00007f3312ed0000, 0x00007f37f1b50000)
  eden space 1553984K, 100% used [0x00007f329c600000, 0x00007f32fb390000, 0x00007f32fb390000)
  from space 194176K,   0% used [0x00007f32fb390000, 0x00007f32fb538d00, 0x00007f3307130000)
  to   space 194176K,   0% used [0x00007f3307130000, 0x00007f3307130000, 0x00007f3312ed0000)
 tenured generation   total 3884588K, used 3884341K [0x00007f37f1b50000, 0x00007f38decdb000, 0x00007f429c600000)
   the space 3884588K,  99% used [0x00007f37f1b50000, 0x00007f38dec9d480, 0x00007f38dec9d600, 0x00007f38decdb000)
 Metaspace       used 24843K, capacity 25304K, committed 25600K, reserved 26624K
}
Event: 38240.513 GC heap after
{Heap after GC invocations=68519 (full 3):
 def new generation   total 1748160K, used 1679K [0x00007f329c600000, 0x00007f3312ed0000, 0x00007f37f1b50000)
  eden space 1553984K,   0% used [0x00007f329c600000, 0x00007f329c600000, 0x00007f32fb390000)
  from space 194176K,   0% used [0x00007f3307130000, 0x00007f33072d3cd0, 0x00007f3312ed0000)
  to   space 194176K,   0% used [0x00007f32fb390000, 0x00007f32fb390000, 0x00007f3307130000)
 tenured generation   total 3884588K, used 3884442K [0x00007f37f1b50000, 0x00007f38decdb000, 0x00007f429c600000)
   the space 3884588K,  99% used [0x00007f37f1b50000, 0x00007f38decb6b78, 0x00007f38decb6c00, 0x00007f38decdb000)
 Metaspace       used 24843K, capacity 25304K, committed 25600K, reserved 26624K
}
Event: 38241.499 GC heap before
{Heap before GC invocations=68519 (full 3):
 def new generation   total 1748160K, used 1555663K [0x00007f329c600000, 0x00007f3312ed0000, 0x00007f37f1b50000)
  eden space 1553984K, 100% used [0x00007f329c600000, 0x00007f32fb390000, 0x00007f32fb390000)
  from space 194176K,   0% used [0x00007f3307130000, 0x00007f33072d3cd0, 0x00007f3312ed0000)
  to   space 194176K,   0% used [0x00007f32fb390000, 0x00007f32fb390000, 0x00007f3307130000)
 tenured generation   total 3884588K, used 3884442K [0x00007f37f1b50000, 0x00007f38decdb000, 0x00007f429c600000)
   the space 3884588K,  99% used [0x00007f37f1b50000, 0x00007f38decb6b78, 0x00007f38decb6c00, 0x00007f38decdb000)
 Metaspace       used 24843K, capacity 25304K, committed 25600K, reserved 26624K
}
Event: 38241.504 GC heap after
{Heap after GC invocations=68520 (full 3):
 def new generation   total 1748160K, used 1664K [0x00007f329c600000, 0x00007f3312ed0000, 0x00007f37f1b50000)
  eden space 1553984K,   0% used [0x00007f329c600000, 0x00007f329c600000, 0x00007f32fb390000)
  from space 194176K,   0% used [0x00007f32fb390000, 0x00007f32fb5302f0, 0x00007f3307130000)
  to   space 194176K,   0% used [0x00007f3307130000, 0x00007f3307130000, 0x00007f3312ed0000)
 tenured generation   total 3884588K, used 3884544K [0x00007f37f1b50000, 0x00007f38decdb000, 0x00007f429c600000)
   the space 3884588K,  99% used [0x00007f37f1b50000, 0x00007f38decd0270, 0x00007f38decd0400, 0x00007f38decdb000)
 Metaspace       used 24843K, capacity 25304K, committed 25600K, reserved 26624K
}
Event: 38242.524 GC heap before
{Heap before GC invocations=68520 (full 3):
 def new generation   total 1748160K, used 1555648K [0x00007f329c600000, 0x00007f3312ed0000, 0x00007f37f1b50000)
  eden space 1553984K, 100% used [0x00007f329c600000, 0x00007f32fb390000, 0x00007f32fb390000)
  from space 194176K,   0% used [0x00007f32fb390000, 0x00007f32fb5302f0, 0x00007f3307130000)
  to   space 194176K,   0% used [0x00007f3307130000, 0x00007f3307130000, 0x00007f3312ed0000)
 tenured generation   total 3884588K, used 3884544K [0x00007f37f1b50000, 0x00007f38decdb000, 0x00007f429c600000)
   the space 3884588K,  99% used [0x00007f37f1b50000, 0x00007f38decd0270, 0x00007f38decd0400, 0x00007f38decdb000)
 Metaspace       used 24843K, capacity 25304K, committed 25600K, reserved 26624K
}
Event: 38242.533 GC heap after
{Heap after GC invocations=68521 (full 3):
 def new generation   total 1748160K, used 1696K [0x00007f329c600000, 0x00007f3312ed0000, 0x00007f37f1b50000)
  eden space 1553984K,   0% used [0x00007f329c600000, 0x00007f329c600000, 0x00007f32fb390000)
  from space 194176K,   0% used [0x00007f3307130000, 0x00007f33072d8290, 0x00007f3312ed0000)
  to   space 194176K,   0% used [0x00007f32fb390000, 0x00007f32fb390000, 0x00007f3307130000)
 tenured generation   total 3884780K, used 3884646K [0x00007f37f1b50000, 0x00007f38ded0b000, 0x00007f429c600000)
   the space 3884780K,  99% used [0x00007f37f1b50000, 0x00007f38dece9968, 0x00007f38dece9a00, 0x00007f38ded0b000)
 Metaspace       used 24843K, capacity 25304K, committed 25600K, reserved 26624K
}
Event: 38242.533 GC heap before
{Heap before GC invocations=68521 (full 3):
 def new generation   total 1748160K, used 1696K [0x00007f329c600000, 0x00007f3312ed0000, 0x00007f37f1b50000)
  eden space 1553984K,   0% used [0x00007f329c600000, 0x00007f329c600000, 0x00007f32fb390000)
  from space 194176K,   0% used [0x00007f3307130000, 0x00007f33072d8290, 0x00007f3312ed0000)
  to   space 194176K,   0% used [0x00007f32fb390000, 0x00007f32fb390000, 0x00007f3307130000)
 tenured generation   total 3884780K, used 3884646K [0x00007f37f1b50000, 0x00007f38ded0b000, 0x00007f429c600000)
   the space 3884780K,  99% used [0x00007f37f1b50000, 0x00007f38dece9968, 0x00007f38dece9a00, 0x00007f38ded0b000)
 Metaspace       used 24843K, capacity 25304K, committed 25600K, reserved 26624K
}

