# JRE version: OpenJDK Runtime Environment (13.0.7+5) (build 13.0.7+5-Ubuntu-0ubuntu120.04)
# Java VM: OpenJDK 64-Bit Server VM (13.0.7+5-Ubuntu-0ubuntu120.04, mixed mode, tiered, serial gc, linux-amd64)
Heap:
 def new generation   total 629248K, used 1314K [0x00007fd8cc600000, 0x00007fd8f70c0000, 0x00007fde21b50000)
  eden space 559360K,   0% used [0x00007fd8cc600000, 0x00007fd8cc748b80, 0x00007fd8ee840000)
  from space 69888K,   0% used [0x00007fd8f2c80000, 0x00007fd8f2c80000, 0x00007fd8f70c0000)
  to   space 69888K,   0% used [0x00007fd8ee840000, 0x00007fd8ee840000, 0x00007fd8f2c80000)
 tenured generation   total 1398336K, used 1398335K [0x00007fde21b50000, 0x00007fde770e0000, 0x00007fe8cc600000)
   the space 1398336K,  99% used [0x00007fde21b50000, 0x00007fde770dffe0, 0x00007fde770e0000, 0x00007fde770e0000)
 Metaspace       used 24850K, capacity 25296K, committed 25600K, reserved 26624K
GC Heap History (20 events):
Event: 7095.901 GC heap after
{Heap after GC invocations=13087 (full 1):
 def new generation   total 629248K, used 1628K [0x00007fd8cc600000, 0x00007fd8f70c0000, 0x00007fde21b50000)
  eden space 559360K,   0% used [0x00007fd8cc600000, 0x00007fd8cc600000, 0x00007fd8ee840000)
  from space 69888K,   2% used [0x00007fd8ee840000, 0x00007fd8ee9d72f0, 0x00007fd8f2c80000)
  to   space 69888K,   0% used [0x00007fd8f2c80000, 0x00007fd8f2c80000, 0x00007fd8f70c0000)
 tenured generation   total 1398144K, used 1397220K [0x00007fde21b50000, 0x00007fde770b0000, 0x00007fe8cc600000)
   the space 1398144K,  99% used [0x00007fde21b50000, 0x00007fde76fc9180, 0x00007fde76fc9200, 0x00007fde770b0000)
 Metaspace       used 24850K, capacity 25296K, committed 25600K, reserved 26624K
}
Event: 7096.340 GC heap before
{Heap before GC invocations=13087 (full 1):
 def new generation   total 629248K, used 560988K [0x00007fd8cc600000, 0x00007fd8f70c0000, 0x00007fde21b50000)
  eden space 559360K, 100% used [0x00007fd8cc600000, 0x00007fd8ee840000, 0x00007fd8ee840000)
  from space 69888K,   2% used [0x00007fd8ee840000, 0x00007fd8ee9d72f0, 0x00007fd8f2c80000)
  to   space 69888K,   0% used [0x00007fd8f2c80000, 0x00007fd8f2c80000, 0x00007fd8f70c0000)
 tenured generation   total 1398144K, used 1397220K [0x00007fde21b50000, 0x00007fde770b0000, 0x00007fe8cc600000)
   the space 1398144K,  99% used [0x00007fde21b50000, 0x00007fde76fc9180, 0x00007fde76fc9200, 0x00007fde770b0000)
 Metaspace       used 24850K, capacity 25296K, committed 25600K, reserved 26624K
}
Event: 7096.344 GC heap after
{Heap after GC invocations=13088 (full 1):
 def new generation   total 629248K, used 1537K [0x00007fd8cc600000, 0x00007fd8f70c0000, 0x00007fde21b50000)
  eden space 559360K,   0% used [0x00007fd8cc600000, 0x00007fd8cc600000, 0x00007fd8ee840000)
  from space 69888K,   2% used [0x00007fd8f2c80000, 0x00007fd8f2e00658, 0x00007fd8f70c0000)
  to   space 69888K,   0% used [0x00007fd8ee840000, 0x00007fd8ee840000, 0x00007fd8f2c80000)
 tenured generation   total 1398144K, used 1397312K [0x00007fde21b50000, 0x00007fde770b0000, 0x00007fe8cc600000)
   the space 1398144K,  99% used [0x00007fde21b50000, 0x00007fde76fe0298, 0x00007fde76fe0400, 0x00007fde770b0000)
 Metaspace       used 24850K, capacity 25296K, committed 25600K, reserved 26624K
}
Event: 7096.802 GC heap before
{Heap before GC invocations=13088 (full 1):
 def new generation   total 629248K, used 560897K [0x00007fd8cc600000, 0x00007fd8f70c0000, 0x00007fde21b50000)
  eden space 559360K, 100% used [0x00007fd8cc600000, 0x00007fd8ee840000, 0x00007fd8ee840000)
  from space 69888K,   2% used [0x00007fd8f2c80000, 0x00007fd8f2e00658, 0x00007fd8f70c0000)
  to   space 69888K,   0% used [0x00007fd8ee840000, 0x00007fd8ee840000, 0x00007fd8f2c80000)
 tenured generation   total 1398144K, used 1397312K [0x00007fde21b50000, 0x00007fde770b0000, 0x00007fe8cc600000)
   the space 1398144K,  99% used [0x00007fde21b50000, 0x00007fde76fe0298, 0x00007fde76fe0400, 0x00007fde770b0000)
 Metaspace       used 24850K, capacity 25296K, committed 25600K, reserved 26624K
}
Event: 7096.810 GC heap after
{Heap after GC invocations=13089 (full 1):
 def new generation   total 629248K, used 1601K [0x00007fd8cc600000, 0x00007fd8f70c0000, 0x00007fde21b50000)
  eden space 559360K,   0% used [0x00007fd8cc600000, 0x00007fd8cc600000, 0x00007fd8ee840000)
  from space 69888K,   2% used [0x00007fd8ee840000, 0x00007fd8ee9d07b8, 0x00007fd8f2c80000)
  to   space 69888K,   0% used [0x00007fd8f2c80000, 0x00007fd8f2c80000, 0x00007fd8f70c0000)
 tenured generation   total 1398144K, used 1397435K [0x00007fde21b50000, 0x00007fde770b0000, 0x00007fe8cc600000)
   the space 1398144K,  99% used [0x00007fde21b50000, 0x00007fde76ffeeb8, 0x00007fde76fff000, 0x00007fde770b0000)
 Metaspace       used 24850K, capacity 25296K, committed 25600K, reserved 26624K
}
Event: 7097.317 GC heap before
{Heap before GC invocations=13089 (full 1):
 def new generation   total 629248K, used 560961K [0x00007fd8cc600000, 0x00007fd8f70c0000, 0x00007fde21b50000)
  eden space 559360K, 100% used [0x00007fd8cc600000, 0x00007fd8ee840000, 0x00007fd8ee840000)
  from space 69888K,   2% used [0x00007fd8ee840000, 0x00007fd8ee9d07b8, 0x00007fd8f2c80000)
  to   space 69888K,   0% used [0x00007fd8f2c80000, 0x00007fd8f2c80000, 0x00007fd8f70c0000)
 tenured generation   total 1398144K, used 1397435K [0x00007fde21b50000, 0x00007fde770b0000, 0x00007fe8cc600000)
   the space 1398144K,  99% used [0x00007fde21b50000, 0x00007fde76ffeeb8, 0x00007fde76fff000, 0x00007fde770b0000)
 Metaspace       used 24850K, capacity 25296K, committed 25600K, reserved 26624K
}
Event: 7097.322 GC heap after
{Heap after GC invocations=13090 (full 1):
 def new generation   total 629248K, used 1631K [0x00007fd8cc600000, 0x00007fd8f70c0000, 0x00007fde21b50000)
  eden space 559360K,   0% used [0x00007fd8cc600000, 0x00007fd8cc600000, 0x00007fd8ee840000)
  from space 69888K,   2% used [0x00007fd8f2c80000, 0x00007fd8f2e17da0, 0x00007fd8f70c0000)
  to   space 69888K,   0% used [0x00007fd8ee840000, 0x00007fd8ee840000, 0x00007fd8f2c80000)
 tenured generation   total 1398144K, used 1397527K [0x00007fde21b50000, 0x00007fde770b0000, 0x00007fe8cc600000)
   the space 1398144K,  99% used [0x00007fde21b50000, 0x00007fde77015fd0, 0x00007fde77016000, 0x00007fde770b0000)
 Metaspace       used 24850K, capacity 25296K, committed 25600K, reserved 26624K
}
Event: 7097.838 GC heap before
{Heap before GC invocations=13090 (full 1):
 def new generation   total 629248K, used 560991K [0x00007fd8cc600000, 0x00007fd8f70c0000, 0x00007fde21b50000)
  eden space 559360K, 100% used [0x00007fd8cc600000, 0x00007fd8ee840000, 0x00007fd8ee840000)
  from space 69888K,   2% used [0x00007fd8f2c80000, 0x00007fd8f2e17da0, 0x00007fd8f70c0000)
  to   space 69888K,   0% used [0x00007fd8ee840000, 0x00007fd8ee840000, 0x00007fd8f2c80000)
 tenured generation   total 1398144K, used 1397527K [0x00007fde21b50000, 0x00007fde770b0000, 0x00007fe8cc600000)
   the space 1398144K,  99% used [0x00007fde21b50000, 0x00007fde77015fd0, 0x00007fde77016000, 0x00007fde770b0000)
 Metaspace       used 24850K, capacity 25296K, committed 25600K, reserved 26624K
}
Event: 7097.843 GC heap after
{Heap after GC invocations=13091 (full 1):
 def new generation   total 629248K, used 1563K [0x00007fd8cc600000, 0x00007fd8f70c0000, 0x00007fde21b50000)
  eden space 559360K,   0% used [0x00007fd8cc600000, 0x00007fd8cc600000, 0x00007fd8ee840000)
  from space 69888K,   2% used [0x00007fd8ee840000, 0x00007fd8ee9c6c48, 0x00007fd8f2c80000)
  to   space 69888K,   0% used [0x00007fd8f2c80000, 0x00007fd8f2c80000, 0x00007fd8f70c0000)
 tenured generation   total 1398144K, used 1397650K [0x00007fde21b50000, 0x00007fde770b0000, 0x00007fe8cc600000)
   the space 1398144K,  99% used [0x00007fde21b50000, 0x00007fde77034bf0, 0x00007fde77034c00, 0x00007fde770b0000)
 Metaspace       used 24850K, capacity 25296K, committed 25600K, reserved 26624K
}
Event: 7098.395 GC heap before
{Heap before GC invocations=13091 (full 1):
 def new generation   total 629248K, used 560923K [0x00007fd8cc600000, 0x00007fd8f70c0000, 0x00007fde21b50000)
  eden space 559360K, 100% used [0x00007fd8cc600000, 0x00007fd8ee840000, 0x00007fd8ee840000)
  from space 69888K,   2% used [0x00007fd8ee840000, 0x00007fd8ee9c6c48, 0x00007fd8f2c80000)
  to   space 69888K,   0% used [0x00007fd8f2c80000, 0x00007fd8f2c80000, 0x00007fd8f70c0000)
 tenured generation   total 1398144K, used 1397650K [0x00007fde21b50000, 0x00007fde770b0000, 0x00007fe8cc600000)
   the space 1398144K,  99% used [0x00007fde21b50000, 0x00007fde77034bf0, 0x00007fde77034c00, 0x00007fde770b0000)
 Metaspace       used 24850K, capacity 25296K, committed 25600K, reserved 26624K
}
Event: 7098.400 GC heap after
{Heap after GC invocations=13092 (full 1):
 def new generation   total 629248K, used 1599K [0x00007fd8cc600000, 0x00007fd8f70c0000, 0x00007fde21b50000)
  eden space 559360K,   0% used [0x00007fd8cc600000, 0x00007fd8cc600000, 0x00007fd8ee840000)
  from space 69888K,   2% used [0x00007fd8f2c80000, 0x00007fd8f2e0ff58, 0x00007fd8f70c0000)
  to   space 69888K,   0% used [0x00007fd8ee840000, 0x00007fd8ee840000, 0x00007fd8f2c80000)
 tenured generation   total 1398144K, used 1397743K [0x00007fde21b50000, 0x00007fde770b0000, 0x00007fe8cc600000)
   the space 1398144K,  99% used [0x00007fde21b50000, 0x00007fde7704bd08, 0x00007fde7704be00, 0x00007fde770b0000)
 Metaspace       used 24850K, capacity 25296K, committed 25600K, reserved 26624K
}
Event: 7098.905 GC heap before
{Heap before GC invocations=13092 (full 1):
 def new generation   total 629248K, used 560959K [0x00007fd8cc600000, 0x00007fd8f70c0000, 0x00007fde21b50000)
  eden space 559360K, 100% used [0x00007fd8cc600000, 0x00007fd8ee840000, 0x00007fd8ee840000)
  from space 69888K,   2% used [0x00007fd8f2c80000, 0x00007fd8f2e0ff58, 0x00007fd8f70c0000)
  to   space 69888K,   0% used [0x00007fd8ee840000, 0x00007fd8ee840000, 0x00007fd8f2c80000)
 tenured generation   total 1398144K, used 1397743K [0x00007fde21b50000, 0x00007fde770b0000, 0x00007fe8cc600000)
   the space 1398144K,  99% used [0x00007fde21b50000, 0x00007fde7704bd08, 0x00007fde7704be00, 0x00007fde770b0000)
 Metaspace       used 24850K, capacity 25296K, committed 25600K, reserved 26624K
}
Event: 7098.909 GC heap after
{Heap after GC invocations=13093 (full 1):
 def new generation   total 629248K, used 1588K [0x00007fd8cc600000, 0x00007fd8f70c0000, 0x00007fde21b50000)
  eden space 559360K,   0% used [0x00007fd8cc600000, 0x00007fd8cc600000, 0x00007fd8ee840000)
  from space 69888K,   2% used [0x00007fd8ee840000, 0x00007fd8ee9cd318, 0x00007fd8f2c80000)
  to   space 69888K,   0% used [0x00007fd8f2c80000, 0x00007fd8f2c80000, 0x00007fd8f70c0000)
 tenured generation   total 1398144K, used 1397835K [0x00007fde21b50000, 0x00007fde770b0000, 0x00007fe8cc600000)
   the space 1398144K,  99% used [0x00007fde21b50000, 0x00007fde77062e20, 0x00007fde77063000, 0x00007fde770b0000)
 Metaspace       used 24850K, capacity 25296K, committed 25600K, reserved 26624K
}
Event: 7099.434 GC heap before
{Heap before GC invocations=13093 (full 1):
 def new generation   total 629248K, used 560948K [0x00007fd8cc600000, 0x00007fd8f70c0000, 0x00007fde21b50000)
  eden space 559360K, 100% used [0x00007fd8cc600000, 0x00007fd8ee840000, 0x00007fd8ee840000)
  from space 69888K,   2% used [0x00007fd8ee840000, 0x00007fd8ee9cd318, 0x00007fd8f2c80000)
  to   space 69888K,   0% used [0x00007fd8f2c80000, 0x00007fd8f2c80000, 0x00007fd8f70c0000)
 tenured generation   total 1398144K, used 1397835K [0x00007fde21b50000, 0x00007fde770b0000, 0x00007fe8cc600000)
   the space 1398144K,  99% used [0x00007fde21b50000, 0x00007fde77062e20, 0x00007fde77063000, 0x00007fde770b0000)
 Metaspace       used 24850K, capacity 25296K, committed 25600K, reserved 26624K
}
Event: 7099.440 GC heap after
{Heap after GC invocations=13094 (full 1):
 def new generation   total 629248K, used 1592K [0x00007fd8cc600000, 0x00007fd8f70c0000, 0x00007fde21b50000)
  eden space 559360K,   0% used [0x00007fd8cc600000, 0x00007fd8cc600000, 0x00007fd8ee840000)
  from space 69888K,   2% used [0x00007fd8f2c80000, 0x00007fd8f2e0e0b0, 0x00007fd8f70c0000)
  to   space 69888K,   0% used [0x00007fd8ee840000, 0x00007fd8ee840000, 0x00007fd8f2c80000)
 tenured generation   total 1398144K, used 1397958K [0x00007fde21b50000, 0x00007fde770b0000, 0x00007fe8cc600000)
   the space 1398144K,  99% used [0x00007fde21b50000, 0x00007fde77081a40, 0x00007fde77081c00, 0x00007fde770b0000)
 Metaspace       used 24850K, capacity 25296K, committed 25600K, reserved 26624K
}
Event: 7099.958 GC heap before
{Heap before GC invocations=13094 (full 1):
 def new generation   total 629248K, used 560952K [0x00007fd8cc600000, 0x00007fd8f70c0000, 0x00007fde21b50000)
  eden space 559360K, 100% used [0x00007fd8cc600000, 0x00007fd8ee840000, 0x00007fd8ee840000)
  from space 69888K,   2% used [0x00007fd8f2c80000, 0x00007fd8f2e0e0b0, 0x00007fd8f70c0000)
  to   space 69888K,   0% used [0x00007fd8ee840000, 0x00007fd8ee840000, 0x00007fd8f2c80000)
 tenured generation   total 1398144K, used 1397958K [0x00007fde21b50000, 0x00007fde770b0000, 0x00007fe8cc600000)
   the space 1398144K,  99% used [0x00007fde21b50000, 0x00007fde77081a40, 0x00007fde77081c00, 0x00007fde770b0000)
 Metaspace       used 24850K, capacity 25296K, committed 25600K, reserved 26624K
}
Event: 7099.964 GC heap after
{Heap after GC invocations=13095 (full 1):
 def new generation   total 629248K, used 1626K [0x00007fd8cc600000, 0x00007fd8f70c0000, 0x00007fde21b50000)
  eden space 559360K,   0% used [0x00007fd8cc600000, 0x00007fd8cc600000, 0x00007fd8ee840000)
  from space 69888K,   2% used [0x00007fd8ee840000, 0x00007fd8ee9d6890, 0x00007fd8f2c80000)
  to   space 69888K,   0% used [0x00007fd8f2c80000, 0x00007fd8f2c80000, 0x00007fd8f70c0000)
 tenured generation   total 1398144K, used 1398050K [0x00007fde21b50000, 0x00007fde770b0000, 0x00007fe8cc600000)
   the space 1398144K,  99% used [0x00007fde21b50000, 0x00007fde77098b58, 0x00007fde77098c00, 0x00007fde770b0000)
 Metaspace       used 24850K, capacity 25296K, committed 25600K, reserved 26624K
}
Event: 7100.487 GC heap before
{Heap before GC invocations=13095 (full 1):
 def new generation   total 629248K, used 560986K [0x00007fd8cc600000, 0x00007fd8f70c0000, 0x00007fde21b50000)
  eden space 559360K, 100% used [0x00007fd8cc600000, 0x00007fd8ee840000, 0x00007fd8ee840000)
  from space 69888K,   2% used [0x00007fd8ee840000, 0x00007fd8ee9d6890, 0x00007fd8f2c80000)
  to   space 69888K,   0% used [0x00007fd8f2c80000, 0x00007fd8f2c80000, 0x00007fd8f70c0000)
 tenured generation   total 1398144K, used 1398050K [0x00007fde21b50000, 0x00007fde770b0000, 0x00007fe8cc600000)
   the space 1398144K,  99% used [0x00007fde21b50000, 0x00007fde77098b58, 0x00007fde77098c00, 0x00007fde770b0000)
 Metaspace       used 24850K, capacity 25296K, committed 25600K, reserved 26624K
}
Event: 7100.496 GC heap after
{Heap after GC invocations=13096 (full 1):
 def new generation   total 629248K, used 1575K [0x00007fd8cc600000, 0x00007fd8f70c0000, 0x00007fde21b50000)
  eden space 559360K,   0% used [0x00007fd8cc600000, 0x00007fd8cc600000, 0x00007fd8ee840000)
  from space 69888K,   2% used [0x00007fd8f2c80000, 0x00007fd8f2e09c20, 0x00007fd8f70c0000)
  to   space 69888K,   0% used [0x00007fd8ee840000, 0x00007fd8ee840000, 0x00007fd8f2c80000)
 tenured generation   total 1398336K, used 1398173K [0x00007fde21b50000, 0x00007fde770e0000, 0x00007fe8cc600000)
   the space 1398336K,  99% used [0x00007fde21b50000, 0x00007fde770b7778, 0x00007fde770b7800, 0x00007fde770e0000)
 Metaspace       used 24850K, capacity 25296K, committed 25600K, reserved 26624K
}
Event: 7100.496 GC heap before
{Heap before GC invocations=13096 (full 1):
 def new generation   total 629248K, used 1575K [0x00007fd8cc600000, 0x00007fd8f70c0000, 0x00007fde21b50000)
  eden space 559360K,   0% used [0x00007fd8cc600000, 0x00007fd8cc600000, 0x00007fd8ee840000)
  from space 69888K,   2% used [0x00007fd8f2c80000, 0x00007fd8f2e09c20, 0x00007fd8f70c0000)
  to   space 69888K,   0% used [0x00007fd8ee840000, 0x00007fd8ee840000, 0x00007fd8f2c80000)
 tenured generation   total 1398336K, used 1398173K [0x00007fde21b50000, 0x00007fde770e0000, 0x00007fe8cc600000)
   the space 1398336K,  99% used [0x00007fde21b50000, 0x00007fde770b7778, 0x00007fde770b7800, 0x00007fde770e0000)
 Metaspace       used 24850K, capacity 25296K, committed 25600K, reserved 26624K
}

