# JRE version: OpenJDK Runtime Environment (13.0.7+5) (build 13.0.7+5-Ubuntu-0ubuntu120.04)
# Java VM: OpenJDK 64-Bit Server VM (13.0.7+5-Ubuntu-0ubuntu120.04, mixed mode, tiered, serial gc, linux-amd64)
Heap:
 def new generation   total 1748160K, used 0K [0x00007efe78600000, 0x00007efeeeed0000, 0x00007f03cdb50000)
  eden space 1553984K,   0% used [0x00007efe78600000, 0x00007efe78600000, 0x00007efed7390000)
  from space 194176K,   0% used [0x00007efed7390000, 0x00007efed7390000, 0x00007efee3130000)
  to   space 194176K,   0% used [0x00007efee3130000, 0x00007efee3130000, 0x00007efeeeed0000)
 tenured generation   total 3884780K, used 3849977K [0x00007f03cdb50000, 0x00007f04bad0b000, 0x00007f0e78600000)
   the space 3884780K,  99% used [0x00007f03cdb50000, 0x00007f04b8b0e760, 0x00007f04b8b0e800, 0x00007f04bad0b000)
 Metaspace       used 24873K, capacity 25366K, committed 25600K, reserved 26624K
GC Heap History (20 events):
Event: 12973.710 GC heap after
{Heap after GC invocations=15246 (full 3):
 def new generation   total 1748160K, used 6963K [0x00007efe78600000, 0x00007efeeeed0000, 0x00007f03cdb50000)
  eden space 1553984K,   0% used [0x00007efe78600000, 0x00007efe78600000, 0x00007efed7390000)
  from space 194176K,   3% used [0x00007efee3130000, 0x00007efee37fcd38, 0x00007efeeeed0000)
  to   space 194176K,   0% used [0x00007efed7390000, 0x00007efed7390000, 0x00007efee3130000)
 tenured generation   total 3884588K, used 3880461K [0x00007f03cdb50000, 0x00007f04bacdb000, 0x00007f0e78600000)
   the space 3884588K,  99% used [0x00007f03cdb50000, 0x00007f04ba8d3490, 0x00007f04ba8d3600, 0x00007f04bacdb000)
 Metaspace       used 24873K, capacity 25366K, committed 25600K, reserved 26624K
}
Event: 12975.254 GC heap before
{Heap before GC invocations=15246 (full 3):
 def new generation   total 1748160K, used 1560947K [0x00007efe78600000, 0x00007efeeeed0000, 0x00007f03cdb50000)
  eden space 1553984K, 100% used [0x00007efe78600000, 0x00007efed7390000, 0x00007efed7390000)
  from space 194176K,   3% used [0x00007efee3130000, 0x00007efee37fcd38, 0x00007efeeeed0000)
  to   space 194176K,   0% used [0x00007efed7390000, 0x00007efed7390000, 0x00007efee3130000)
 tenured generation   total 3884588K, used 3880461K [0x00007f03cdb50000, 0x00007f04bacdb000, 0x00007f0e78600000)
   the space 3884588K,  99% used [0x00007f03cdb50000, 0x00007f04ba8d3490, 0x00007f04ba8d3600, 0x00007f04bacdb000)
 Metaspace       used 24873K, capacity 25366K, committed 25600K, reserved 26624K
}
Event: 12975.271 GC heap after
{Heap after GC invocations=15247 (full 3):
 def new generation   total 1748160K, used 6924K [0x00007efe78600000, 0x00007efeeeed0000, 0x00007f03cdb50000)
  eden space 1553984K,   0% used [0x00007efe78600000, 0x00007efe78600000, 0x00007efed7390000)
  from space 194176K,   3% used [0x00007efed7390000, 0x00007efed7a53358, 0x00007efee3130000)
  to   space 194176K,   0% used [0x00007efee3130000, 0x00007efee3130000, 0x00007efeeeed0000)
 tenured generation   total 3884588K, used 3880928K [0x00007f03cdb50000, 0x00007f04bacdb000, 0x00007f0e78600000)
   the space 3884588K,  99% used [0x00007f03cdb50000, 0x00007f04ba948290, 0x00007f04ba948400, 0x00007f04bacdb000)
 Metaspace       used 24873K, capacity 25366K, committed 25600K, reserved 26624K
}
Event: 12976.793 GC heap before
{Heap before GC invocations=15247 (full 3):
 def new generation   total 1748160K, used 1560908K [0x00007efe78600000, 0x00007efeeeed0000, 0x00007f03cdb50000)
  eden space 1553984K, 100% used [0x00007efe78600000, 0x00007efed7390000, 0x00007efed7390000)
  from space 194176K,   3% used [0x00007efed7390000, 0x00007efed7a53358, 0x00007efee3130000)
  to   space 194176K,   0% used [0x00007efee3130000, 0x00007efee3130000, 0x00007efeeeed0000)
 tenured generation   total 3884588K, used 3880928K [0x00007f03cdb50000, 0x00007f04bacdb000, 0x00007f0e78600000)
   the space 3884588K,  99% used [0x00007f03cdb50000, 0x00007f04ba948290, 0x00007f04ba948400, 0x00007f04bacdb000)
 Metaspace       used 24873K, capacity 25366K, committed 25600K, reserved 26624K
}
Event: 12976.807 GC heap after
{Heap after GC invocations=15248 (full 3):
 def new generation   total 1748160K, used 6984K [0x00007efe78600000, 0x00007efeeeed0000, 0x00007f03cdb50000)
  eden space 1553984K,   0% used [0x00007efe78600000, 0x00007efe78600000, 0x00007efed7390000)
  from space 194176K,   3% used [0x00007efee3130000, 0x00007efee3802028, 0x00007efeeeed0000)
  to   space 194176K,   0% used [0x00007efed7390000, 0x00007efed7390000, 0x00007efee3130000)
 tenured generation   total 3884588K, used 3881368K [0x00007f03cdb50000, 0x00007f04bacdb000, 0x00007f0e78600000)
   the space 3884588K,  99% used [0x00007f03cdb50000, 0x00007f04ba9b6290, 0x00007f04ba9b6400, 0x00007f04bacdb000)
 Metaspace       used 24873K, capacity 25366K, committed 25600K, reserved 26624K
}
Event: 12978.365 GC heap before
{Heap before GC invocations=15248 (full 3):
 def new generation   total 1748160K, used 1560968K [0x00007efe78600000, 0x00007efeeeed0000, 0x00007f03cdb50000)
  eden space 1553984K, 100% used [0x00007efe78600000, 0x00007efed7390000, 0x00007efed7390000)
  from space 194176K,   3% used [0x00007efee3130000, 0x00007efee3802028, 0x00007efeeeed0000)
  to   space 194176K,   0% used [0x00007efed7390000, 0x00007efed7390000, 0x00007efee3130000)
 tenured generation   total 3884588K, used 3881368K [0x00007f03cdb50000, 0x00007f04bacdb000, 0x00007f0e78600000)
   the space 3884588K,  99% used [0x00007f03cdb50000, 0x00007f04ba9b6290, 0x00007f04ba9b6400, 0x00007f04bacdb000)
 Metaspace       used 24873K, capacity 25366K, committed 25600K, reserved 26624K
}
Event: 12978.381 GC heap after
{Heap after GC invocations=15249 (full 3):
 def new generation   total 1748160K, used 6941K [0x00007efe78600000, 0x00007efeeeed0000, 0x00007f03cdb50000)
  eden space 1553984K,   0% used [0x00007efe78600000, 0x00007efe78600000, 0x00007efed7390000)
  from space 194176K,   3% used [0x00007efed7390000, 0x00007efed7a57798, 0x00007efee3130000)
  to   space 194176K,   0% used [0x00007efee3130000, 0x00007efee3130000, 0x00007efeeeed0000)
 tenured generation   total 3884588K, used 3881836K [0x00007f03cdb50000, 0x00007f04bacdb000, 0x00007f0e78600000)
   the space 3884588K,  99% used [0x00007f03cdb50000, 0x00007f04baa2b090, 0x00007f04baa2b200, 0x00007f04bacdb000)
 Metaspace       used 24873K, capacity 25366K, committed 25600K, reserved 26624K
}
Event: 12979.880 GC heap before
{Heap before GC invocations=15249 (full 3):
 def new generation   total 1748160K, used 1560925K [0x00007efe78600000, 0x00007efeeeed0000, 0x00007f03cdb50000)
  eden space 1553984K, 100% used [0x00007efe78600000, 0x00007efed7390000, 0x00007efed7390000)
  from space 194176K,   3% used [0x00007efed7390000, 0x00007efed7a57798, 0x00007efee3130000)
  to   space 194176K,   0% used [0x00007efee3130000, 0x00007efee3130000, 0x00007efeeeed0000)
 tenured generation   total 3884588K, used 3881836K [0x00007f03cdb50000, 0x00007f04bacdb000, 0x00007f0e78600000)
   the space 3884588K,  99% used [0x00007f03cdb50000, 0x00007f04baa2b090, 0x00007f04baa2b200, 0x00007f04bacdb000)
 Metaspace       used 24873K, capacity 25366K, committed 25600K, reserved 26624K
}
Event: 12979.896 GC heap after
{Heap after GC invocations=15250 (full 3):
 def new generation   total 1748160K, used 6888K [0x00007efe78600000, 0x00007efeeeed0000, 0x00007f03cdb50000)
  eden space 1553984K,   0% used [0x00007efe78600000, 0x00007efe78600000, 0x00007efed7390000)
  from space 194176K,   3% used [0x00007efee3130000, 0x00007efee37ea0c0, 0x00007efeeeed0000)
  to   space 194176K,   0% used [0x00007efed7390000, 0x00007efed7390000, 0x00007efee3130000)
 tenured generation   total 3884588K, used 3882349K [0x00007f03cdb50000, 0x00007f04bacdb000, 0x00007f0e78600000)
   the space 3884588K,  99% used [0x00007f03cdb50000, 0x00007f04baaab5b0, 0x00007f04baaab600, 0x00007f04bacdb000)
 Metaspace       used 24873K, capacity 25366K, committed 25600K, reserved 26624K
}
Event: 12981.390 GC heap before
{Heap before GC invocations=15250 (full 3):
 def new generation   total 1748160K, used 1560872K [0x00007efe78600000, 0x00007efeeeed0000, 0x00007f03cdb50000)
  eden space 1553984K, 100% used [0x00007efe78600000, 0x00007efed7390000, 0x00007efed7390000)
  from space 194176K,   3% used [0x00007efee3130000, 0x00007efee37ea0c0, 0x00007efeeeed0000)
  to   space 194176K,   0% used [0x00007efed7390000, 0x00007efed7390000, 0x00007efee3130000)
 tenured generation   total 3884588K, used 3882349K [0x00007f03cdb50000, 0x00007f04bacdb000, 0x00007f0e78600000)
   the space 3884588K,  99% used [0x00007f03cdb50000, 0x00007f04baaab5b0, 0x00007f04baaab600, 0x00007f04bacdb000)
 Metaspace       used 24873K, capacity 25366K, committed 25600K, reserved 26624K
}
Event: 12981.404 GC heap after
{Heap after GC invocations=15251 (full 3):
 def new generation   total 1748160K, used 6856K [0x00007efe78600000, 0x00007efeeeed0000, 0x00007f03cdb50000)
  eden space 1553984K,   0% used [0x00007efe78600000, 0x00007efe78600000, 0x00007efed7390000)
  from space 194176K,   3% used [0x00007efed7390000, 0x00007efed7a42240, 0x00007efee3130000)
  to   space 194176K,   0% used [0x00007efee3130000, 0x00007efee3130000, 0x00007efeeeed0000)
 tenured generation   total 3884588K, used 3882816K [0x00007f03cdb50000, 0x00007f04bacdb000, 0x00007f0e78600000)
   the space 3884588K,  99% used [0x00007f03cdb50000, 0x00007f04bab203b0, 0x00007f04bab20400, 0x00007f04bacdb000)
 Metaspace       used 24873K, capacity 25366K, committed 25600K, reserved 26624K
}
Event: 12982.915 GC heap before
{Heap before GC invocations=15251 (full 3):
 def new generation   total 1748160K, used 1560840K [0x00007efe78600000, 0x00007efeeeed0000, 0x00007f03cdb50000)
  eden space 1553984K, 100% used [0x00007efe78600000, 0x00007efed7390000, 0x00007efed7390000)
  from space 194176K,   3% used [0x00007efed7390000, 0x00007efed7a42240, 0x00007efee3130000)
  to   space 194176K,   0% used [0x00007efee3130000, 0x00007efee3130000, 0x00007efeeeed0000)
 tenured generation   total 3884588K, used 3882816K [0x00007f03cdb50000, 0x00007f04bacdb000, 0x00007f0e78600000)
   the space 3884588K,  99% used [0x00007f03cdb50000, 0x00007f04bab203b0, 0x00007f04bab20400, 0x00007f04bacdb000)
 Metaspace       used 24873K, capacity 25366K, committed 25600K, reserved 26624K
}
Event: 12982.929 GC heap after
{Heap after GC invocations=15252 (full 3):
 def new generation   total 1748160K, used 6863K [0x00007efe78600000, 0x00007efeeeed0000, 0x00007f03cdb50000)
  eden space 1553984K,   0% used [0x00007efe78600000, 0x00007efe78600000, 0x00007efed7390000)
  from space 194176K,   3% used [0x00007efee3130000, 0x00007efee37e3c98, 0x00007efeeeed0000)
  to   space 194176K,   0% used [0x00007efed7390000, 0x00007efed7390000, 0x00007efee3130000)
 tenured generation   total 3884588K, used 3883256K [0x00007f03cdb50000, 0x00007f04bacdb000, 0x00007f0e78600000)
   the space 3884588K,  99% used [0x00007f03cdb50000, 0x00007f04bab8e3b0, 0x00007f04bab8e400, 0x00007f04bacdb000)
 Metaspace       used 24873K, capacity 25366K, committed 25600K, reserved 26624K
}
Event: 12984.410 GC heap before
{Heap before GC invocations=15252 (full 3):
 def new generation   total 1748160K, used 1560847K [0x00007efe78600000, 0x00007efeeeed0000, 0x00007f03cdb50000)
  eden space 1553984K, 100% used [0x00007efe78600000, 0x00007efed7390000, 0x00007efed7390000)
  from space 194176K,   3% used [0x00007efee3130000, 0x00007efee37e3c98, 0x00007efeeeed0000)
  to   space 194176K,   0% used [0x00007efed7390000, 0x00007efed7390000, 0x00007efee3130000)
 tenured generation   total 3884588K, used 3883256K [0x00007f03cdb50000, 0x00007f04bacdb000, 0x00007f0e78600000)
   the space 3884588K,  99% used [0x00007f03cdb50000, 0x00007f04bab8e3b0, 0x00007f04bab8e400, 0x00007f04bacdb000)
 Metaspace       used 24873K, capacity 25366K, committed 25600K, reserved 26624K
}
Event: 12984.429 GC heap after
{Heap after GC invocations=15253 (full 3):
 def new generation   total 1748160K, used 6831K [0x00007efe78600000, 0x00007efeeeed0000, 0x00007f03cdb50000)
  eden space 1553984K,   0% used [0x00007efe78600000, 0x00007efe78600000, 0x00007efed7390000)
  from space 194176K,   3% used [0x00007efed7390000, 0x00007efed7a3be30, 0x00007efee3130000)
  to   space 194176K,   0% used [0x00007efee3130000, 0x00007efee3130000, 0x00007efeeeed0000)
 tenured generation   total 3884588K, used 3883724K [0x00007f03cdb50000, 0x00007f04bacdb000, 0x00007f0e78600000)
   the space 3884588K,  99% used [0x00007f03cdb50000, 0x00007f04bac031b0, 0x00007f04bac03200, 0x00007f04bacdb000)
 Metaspace       used 24873K, capacity 25366K, committed 25600K, reserved 26624K
}
Event: 12985.944 GC heap before
{Heap before GC invocations=15253 (full 3):
 def new generation   total 1748160K, used 1560815K [0x00007efe78600000, 0x00007efeeeed0000, 0x00007f03cdb50000)
  eden space 1553984K, 100% used [0x00007efe78600000, 0x00007efed7390000, 0x00007efed7390000)
  from space 194176K,   3% used [0x00007efed7390000, 0x00007efed7a3be30, 0x00007efee3130000)
  to   space 194176K,   0% used [0x00007efee3130000, 0x00007efee3130000, 0x00007efeeeed0000)
 tenured generation   total 3884588K, used 3883724K [0x00007f03cdb50000, 0x00007f04bacdb000, 0x00007f0e78600000)
   the space 3884588K,  99% used [0x00007f03cdb50000, 0x00007f04bac031b0, 0x00007f04bac03200, 0x00007f04bacdb000)
 Metaspace       used 24873K, capacity 25366K, committed 25600K, reserved 26624K
}
Event: 12985.958 GC heap after
{Heap after GC invocations=15254 (full 3):
 def new generation   total 1748160K, used 6867K [0x00007efe78600000, 0x00007efeeeed0000, 0x00007f03cdb50000)
  eden space 1553984K,   0% used [0x00007efe78600000, 0x00007efe78600000, 0x00007efed7390000)
  from space 194176K,   3% used [0x00007efee3130000, 0x00007efee37e4c60, 0x00007efeeeed0000)
  to   space 194176K,   0% used [0x00007efed7390000, 0x00007efed7390000, 0x00007efee3130000)
 tenured generation   total 3884588K, used 3884164K [0x00007f03cdb50000, 0x00007f04bacdb000, 0x00007f0e78600000)
   the space 3884588K,  99% used [0x00007f03cdb50000, 0x00007f04bac711b0, 0x00007f04bac71200, 0x00007f04bacdb000)
 Metaspace       used 24873K, capacity 25366K, committed 25600K, reserved 26624K
}
Event: 12987.462 GC heap before
{Heap before GC invocations=15254 (full 3):
 def new generation   total 1748160K, used 1560851K [0x00007efe78600000, 0x00007efeeeed0000, 0x00007f03cdb50000)
  eden space 1553984K, 100% used [0x00007efe78600000, 0x00007efed7390000, 0x00007efed7390000)
  from space 194176K,   3% used [0x00007efee3130000, 0x00007efee37e4c60, 0x00007efeeeed0000)
  to   space 194176K,   0% used [0x00007efed7390000, 0x00007efed7390000, 0x00007efee3130000)
 tenured generation   total 3884588K, used 3884164K [0x00007f03cdb50000, 0x00007f04bacdb000, 0x00007f0e78600000)
   the space 3884588K,  99% used [0x00007f03cdb50000, 0x00007f04bac711b0, 0x00007f04bac71200, 0x00007f04bacdb000)
 Metaspace       used 24873K, capacity 25366K, committed 25600K, reserved 26624K
}
Event: 12987.481 GC heap after
{Heap after GC invocations=15255 (full 3):
 def new generation   total 1748160K, used 6834K [0x00007efe78600000, 0x00007efeeeed0000, 0x00007f03cdb50000)
  eden space 1553984K,   0% used [0x00007efe78600000, 0x00007efe78600000, 0x00007efed7390000)
  from space 194176K,   3% used [0x00007efed7390000, 0x00007efed7a3ca70, 0x00007efee3130000)
  to   space 194176K,   0% used [0x00007efee3130000, 0x00007efee3130000, 0x00007efeeeed0000)
 tenured generation   total 3884780K, used 3884631K [0x00007f03cdb50000, 0x00007f04bad0b000, 0x00007f0e78600000)
   the space 3884780K,  99% used [0x00007f03cdb50000, 0x00007f04bace5fb0, 0x00007f04bace6000, 0x00007f04bad0b000)
 Metaspace       used 24873K, capacity 25366K, committed 25600K, reserved 26624K
}
Event: 12987.481 GC heap before
{Heap before GC invocations=15255 (full 3):
 def new generation   total 1748160K, used 6834K [0x00007efe78600000, 0x00007efeeeed0000, 0x00007f03cdb50000)
  eden space 1553984K,   0% used [0x00007efe78600000, 0x00007efe78600000, 0x00007efed7390000)
  from space 194176K,   3% used [0x00007efed7390000, 0x00007efed7a3ca70, 0x00007efee3130000)
  to   space 194176K,   0% used [0x00007efee3130000, 0x00007efee3130000, 0x00007efeeeed0000)
 tenured generation   total 3884780K, used 3884631K [0x00007f03cdb50000, 0x00007f04bad0b000, 0x00007f0e78600000)
   the space 3884780K,  99% used [0x00007f03cdb50000, 0x00007f04bace5fb0, 0x00007f04bace6000, 0x00007f04bad0b000)
 Metaspace       used 24873K, capacity 25366K, committed 25600K, reserved 26624K
}

