# JRE version: OpenJDK Runtime Environment (13.0.7+5) (build 13.0.7+5-Ubuntu-0ubuntu120.04)
# Java VM: OpenJDK 64-Bit Server VM (13.0.7+5-Ubuntu-0ubuntu120.04, mixed mode, tiered, serial gc, linux-amd64)
Heap:
 def new generation   total 1048832K, used 855K [0x00007fc150600000, 0x00007fc197800000, 0x00007fc6a5b50000)
  eden space 932352K,   0% used [0x00007fc150600000, 0x00007fc1506d5d60, 0x00007fc189480000)
  from space 116480K,   0% used [0x00007fc190640000, 0x00007fc190640000, 0x00007fc197800000)
  to   space 116480K,   0% used [0x00007fc189480000, 0x00007fc189480000, 0x00007fc190640000)
 tenured generation   total 2330752K, used 2330751K [0x00007fc6a5b50000, 0x00007fc733f70000, 0x00007fd150600000)
   the space 2330752K,  99% used [0x00007fc6a5b50000, 0x00007fc733f6ff70, 0x00007fc733f70000, 0x00007fc733f70000)
 Metaspace       used 24865K, capacity 25313K, committed 25344K, reserved 26624K
GC Heap History (20 events):
Event: 32230.354 GC heap after
{Heap after GC invocations=48886 (full 2):
 def new generation   total 1048832K, used 1107K [0x00007fc150600000, 0x00007fc197800000, 0x00007fc6a5b50000)
  eden space 932352K,   0% used [0x00007fc150600000, 0x00007fc150600000, 0x00007fc189480000)
  from space 116480K,   0% used [0x00007fc189480000, 0x00007fc189594e78, 0x00007fc190640000)
  to   space 116480K,   0% used [0x00007fc190640000, 0x00007fc190640000, 0x00007fc197800000)
 tenured generation   total 2330560K, used 2329973K [0x00007fc6a5b50000, 0x00007fc733f40000, 0x00007fd150600000)
   the space 2330560K,  99% used [0x00007fc6a5b50000, 0x00007fc733ead748, 0x00007fc733ead800, 0x00007fc733f40000)
 Metaspace       used 24865K, capacity 25313K, committed 25344K, reserved 26624K
}
Event: 32231.311 GC heap before
{Heap before GC invocations=48886 (full 2):
 def new generation   total 1048832K, used 933459K [0x00007fc150600000, 0x00007fc197800000, 0x00007fc6a5b50000)
  eden space 932352K, 100% used [0x00007fc150600000, 0x00007fc189480000, 0x00007fc189480000)
  from space 116480K,   0% used [0x00007fc189480000, 0x00007fc189594e78, 0x00007fc190640000)
  to   space 116480K,   0% used [0x00007fc190640000, 0x00007fc190640000, 0x00007fc197800000)
 tenured generation   total 2330560K, used 2329973K [0x00007fc6a5b50000, 0x00007fc733f40000, 0x00007fd150600000)
   the space 2330560K,  99% used [0x00007fc6a5b50000, 0x00007fc733ead748, 0x00007fc733ead800, 0x00007fc733f40000)
 Metaspace       used 24865K, capacity 25313K, committed 25344K, reserved 26624K
}
Event: 32231.317 GC heap after
{Heap after GC invocations=48887 (full 2):
 def new generation   total 1048832K, used 1042K [0x00007fc150600000, 0x00007fc197800000, 0x00007fc6a5b50000)
  eden space 932352K,   0% used [0x00007fc150600000, 0x00007fc150600000, 0x00007fc189480000)
  from space 116480K,   0% used [0x00007fc190640000, 0x00007fc1907449d0, 0x00007fc197800000)
  to   space 116480K,   0% used [0x00007fc189480000, 0x00007fc189480000, 0x00007fc190640000)
 tenured generation   total 2330560K, used 2330048K [0x00007fc6a5b50000, 0x00007fc733f40000, 0x00007fd150600000)
   the space 2330560K,  99% used [0x00007fc6a5b50000, 0x00007fc733ec02c8, 0x00007fc733ec0400, 0x00007fc733f40000)
 Metaspace       used 24865K, capacity 25313K, committed 25344K, reserved 26624K
}
Event: 32232.237 GC heap before
{Heap before GC invocations=48887 (full 2):
 def new generation   total 1048832K, used 933394K [0x00007fc150600000, 0x00007fc197800000, 0x00007fc6a5b50000)
  eden space 932352K, 100% used [0x00007fc150600000, 0x00007fc189480000, 0x00007fc189480000)
  from space 116480K,   0% used [0x00007fc190640000, 0x00007fc1907449d0, 0x00007fc197800000)
  to   space 116480K,   0% used [0x00007fc189480000, 0x00007fc189480000, 0x00007fc190640000)
 tenured generation   total 2330560K, used 2330048K [0x00007fc6a5b50000, 0x00007fc733f40000, 0x00007fd150600000)
   the space 2330560K,  99% used [0x00007fc6a5b50000, 0x00007fc733ec02c8, 0x00007fc733ec0400, 0x00007fc733f40000)
 Metaspace       used 24865K, capacity 25313K, committed 25344K, reserved 26624K
}
Event: 32232.244 GC heap after
{Heap after GC invocations=48888 (full 2):
 def new generation   total 1048832K, used 1046K [0x00007fc150600000, 0x00007fc197800000, 0x00007fc6a5b50000)
  eden space 932352K,   0% used [0x00007fc150600000, 0x00007fc150600000, 0x00007fc189480000)
  from space 116480K,   0% used [0x00007fc189480000, 0x00007fc189585b90, 0x00007fc190640000)
  to   space 116480K,   0% used [0x00007fc190640000, 0x00007fc190640000, 0x00007fc197800000)
 tenured generation   total 2330560K, used 2330086K [0x00007fc6a5b50000, 0x00007fc733f40000, 0x00007fd150600000)
   the space 2330560K,  99% used [0x00007fc6a5b50000, 0x00007fc733ec9888, 0x00007fc733ec9a00, 0x00007fc733f40000)
 Metaspace       used 24865K, capacity 25313K, committed 25344K, reserved 26624K
}
Event: 32233.159 GC heap before
{Heap before GC invocations=48888 (full 2):
 def new generation   total 1048832K, used 933398K [0x00007fc150600000, 0x00007fc197800000, 0x00007fc6a5b50000)
  eden space 932352K, 100% used [0x00007fc150600000, 0x00007fc189480000, 0x00007fc189480000)
  from space 116480K,   0% used [0x00007fc189480000, 0x00007fc189585b90, 0x00007fc190640000)
  to   space 116480K,   0% used [0x00007fc190640000, 0x00007fc190640000, 0x00007fc197800000)
 tenured generation   total 2330560K, used 2330086K [0x00007fc6a5b50000, 0x00007fc733f40000, 0x00007fd150600000)
   the space 2330560K,  99% used [0x00007fc6a5b50000, 0x00007fc733ec9888, 0x00007fc733ec9a00, 0x00007fc733f40000)
 Metaspace       used 24865K, capacity 25313K, committed 25344K, reserved 26624K
}
Event: 32233.167 GC heap after
{Heap after GC invocations=48889 (full 2):
 def new generation   total 1048832K, used 1135K [0x00007fc150600000, 0x00007fc197800000, 0x00007fc6a5b50000)
  eden space 932352K,   0% used [0x00007fc150600000, 0x00007fc150600000, 0x00007fc189480000)
  from space 116480K,   0% used [0x00007fc190640000, 0x00007fc19075bef0, 0x00007fc197800000)
  to   space 116480K,   0% used [0x00007fc189480000, 0x00007fc189480000, 0x00007fc190640000)
 tenured generation   total 2330560K, used 2330161K [0x00007fc6a5b50000, 0x00007fc733f40000, 0x00007fd150600000)
   the space 2330560K,  99% used [0x00007fc6a5b50000, 0x00007fc733edc408, 0x00007fc733edc600, 0x00007fc733f40000)
 Metaspace       used 24865K, capacity 25313K, committed 25344K, reserved 26624K
}
Event: 32234.127 GC heap before
{Heap before GC invocations=48889 (full 2):
 def new generation   total 1048832K, used 933487K [0x00007fc150600000, 0x00007fc197800000, 0x00007fc6a5b50000)
  eden space 932352K, 100% used [0x00007fc150600000, 0x00007fc189480000, 0x00007fc189480000)
  from space 116480K,   0% used [0x00007fc190640000, 0x00007fc19075bef0, 0x00007fc197800000)
  to   space 116480K,   0% used [0x00007fc189480000, 0x00007fc189480000, 0x00007fc190640000)
 tenured generation   total 2330560K, used 2330161K [0x00007fc6a5b50000, 0x00007fc733f40000, 0x00007fd150600000)
   the space 2330560K,  99% used [0x00007fc6a5b50000, 0x00007fc733edc408, 0x00007fc733edc600, 0x00007fc733f40000)
 Metaspace       used 24865K, capacity 25313K, committed 25344K, reserved 26624K
}
Event: 32234.132 GC heap after
{Heap after GC invocations=48890 (full 2):
 def new generation   total 1048832K, used 1111K [0x00007fc150600000, 0x00007fc197800000, 0x00007fc6a5b50000)
  eden space 932352K,   0% used [0x00007fc150600000, 0x00007fc150600000, 0x00007fc189480000)
  from space 116480K,   0% used [0x00007fc189480000, 0x00007fc189595ef8, 0x00007fc190640000)
  to   space 116480K,   0% used [0x00007fc190640000, 0x00007fc190640000, 0x00007fc197800000)
 tenured generation   total 2330560K, used 2330235K [0x00007fc6a5b50000, 0x00007fc733f40000, 0x00007fd150600000)
   the space 2330560K,  99% used [0x00007fc6a5b50000, 0x00007fc733eeef88, 0x00007fc733eef000, 0x00007fc733f40000)
 Metaspace       used 24865K, capacity 25313K, committed 25344K, reserved 26624K
}
Event: 32235.044 GC heap before
{Heap before GC invocations=48890 (full 2):
 def new generation   total 1048832K, used 933463K [0x00007fc150600000, 0x00007fc197800000, 0x00007fc6a5b50000)
  eden space 932352K, 100% used [0x00007fc150600000, 0x00007fc189480000, 0x00007fc189480000)
  from space 116480K,   0% used [0x00007fc189480000, 0x00007fc189595ef8, 0x00007fc190640000)
  to   space 116480K,   0% used [0x00007fc190640000, 0x00007fc190640000, 0x00007fc197800000)
 tenured generation   total 2330560K, used 2330235K [0x00007fc6a5b50000, 0x00007fc733f40000, 0x00007fd150600000)
   the space 2330560K,  99% used [0x00007fc6a5b50000, 0x00007fc733eeef88, 0x00007fc733eef000, 0x00007fc733f40000)
 Metaspace       used 24865K, capacity 25313K, committed 25344K, reserved 26624K
}
Event: 32235.050 GC heap after
{Heap after GC invocations=48891 (full 2):
 def new generation   total 1048832K, used 1056K [0x00007fc150600000, 0x00007fc197800000, 0x00007fc6a5b50000)
  eden space 932352K,   0% used [0x00007fc150600000, 0x00007fc150600000, 0x00007fc189480000)
  from space 116480K,   0% used [0x00007fc190640000, 0x00007fc1907483a8, 0x00007fc197800000)
  to   space 116480K,   0% used [0x00007fc189480000, 0x00007fc189480000, 0x00007fc190640000)
 tenured generation   total 2330560K, used 2330310K [0x00007fc6a5b50000, 0x00007fc733f40000, 0x00007fd150600000)
   the space 2330560K,  99% used [0x00007fc6a5b50000, 0x00007fc733f01b08, 0x00007fc733f01c00, 0x00007fc733f40000)
 Metaspace       used 24865K, capacity 25313K, committed 25344K, reserved 26624K
}
Event: 32235.996 GC heap before
{Heap before GC invocations=48891 (full 2):
 def new generation   total 1048832K, used 933408K [0x00007fc150600000, 0x00007fc197800000, 0x00007fc6a5b50000)
  eden space 932352K, 100% used [0x00007fc150600000, 0x00007fc189480000, 0x00007fc189480000)
  from space 116480K,   0% used [0x00007fc190640000, 0x00007fc1907483a8, 0x00007fc197800000)
  to   space 116480K,   0% used [0x00007fc189480000, 0x00007fc189480000, 0x00007fc190640000)
 tenured generation   total 2330560K, used 2330310K [0x00007fc6a5b50000, 0x00007fc733f40000, 0x00007fd150600000)
   the space 2330560K,  99% used [0x00007fc6a5b50000, 0x00007fc733f01b08, 0x00007fc733f01c00, 0x00007fc733f40000)
 Metaspace       used 24865K, capacity 25313K, committed 25344K, reserved 26624K
}
Event: 32236.005 GC heap after
{Heap after GC invocations=48892 (full 2):
 def new generation   total 1048832K, used 1169K [0x00007fc150600000, 0x00007fc197800000, 0x00007fc6a5b50000)
  eden space 932352K,   0% used [0x00007fc150600000, 0x00007fc150600000, 0x00007fc189480000)
  from space 116480K,   1% used [0x00007fc189480000, 0x00007fc1895a46f8, 0x00007fc190640000)
  to   space 116480K,   0% used [0x00007fc190640000, 0x00007fc190640000, 0x00007fc197800000)
 tenured generation   total 2330560K, used 2330348K [0x00007fc6a5b50000, 0x00007fc733f40000, 0x00007fd150600000)
   the space 2330560K,  99% used [0x00007fc6a5b50000, 0x00007fc733f0b0c8, 0x00007fc733f0b200, 0x00007fc733f40000)
 Metaspace       used 24865K, capacity 25313K, committed 25344K, reserved 26624K
}
Event: 32236.944 GC heap before
{Heap before GC invocations=48892 (full 2):
 def new generation   total 1048832K, used 933521K [0x00007fc150600000, 0x00007fc197800000, 0x00007fc6a5b50000)
  eden space 932352K, 100% used [0x00007fc150600000, 0x00007fc189480000, 0x00007fc189480000)
  from space 116480K,   1% used [0x00007fc189480000, 0x00007fc1895a46f8, 0x00007fc190640000)
  to   space 116480K,   0% used [0x00007fc190640000, 0x00007fc190640000, 0x00007fc197800000)
 tenured generation   total 2330560K, used 2330348K [0x00007fc6a5b50000, 0x00007fc733f40000, 0x00007fd150600000)
   the space 2330560K,  99% used [0x00007fc6a5b50000, 0x00007fc733f0b0c8, 0x00007fc733f0b200, 0x00007fc733f40000)
 Metaspace       used 24865K, capacity 25313K, committed 25344K, reserved 26624K
}
Event: 32236.950 GC heap after
{Heap after GC invocations=48893 (full 2):
 def new generation   total 1048832K, used 1134K [0x00007fc150600000, 0x00007fc197800000, 0x00007fc6a5b50000)
  eden space 932352K,   0% used [0x00007fc150600000, 0x00007fc150600000, 0x00007fc189480000)
  from space 116480K,   0% used [0x00007fc190640000, 0x00007fc19075b858, 0x00007fc197800000)
  to   space 116480K,   0% used [0x00007fc189480000, 0x00007fc189480000, 0x00007fc190640000)
 tenured generation   total 2330560K, used 2330424K [0x00007fc6a5b50000, 0x00007fc733f40000, 0x00007fd150600000)
   the space 2330560K,  99% used [0x00007fc6a5b50000, 0x00007fc733f1e178, 0x00007fc733f1e200, 0x00007fc733f40000)
 Metaspace       used 24865K, capacity 25313K, committed 25344K, reserved 26624K
}
Event: 32237.888 GC heap before
{Heap before GC invocations=48893 (full 2):
 def new generation   total 1048832K, used 933486K [0x00007fc150600000, 0x00007fc197800000, 0x00007fc6a5b50000)
  eden space 932352K, 100% used [0x00007fc150600000, 0x00007fc189480000, 0x00007fc189480000)
  from space 116480K,   0% used [0x00007fc190640000, 0x00007fc19075b858, 0x00007fc197800000)
  to   space 116480K,   0% used [0x00007fc189480000, 0x00007fc189480000, 0x00007fc190640000)
 tenured generation   total 2330560K, used 2330424K [0x00007fc6a5b50000, 0x00007fc733f40000, 0x00007fd150600000)
   the space 2330560K,  99% used [0x00007fc6a5b50000, 0x00007fc733f1e178, 0x00007fc733f1e200, 0x00007fc733f40000)
 Metaspace       used 24865K, capacity 25313K, committed 25344K, reserved 26624K
}
Event: 32237.896 GC heap after
{Heap after GC invocations=48894 (full 2):
 def new generation   total 1048832K, used 1092K [0x00007fc150600000, 0x00007fc197800000, 0x00007fc6a5b50000)
  eden space 932352K,   0% used [0x00007fc150600000, 0x00007fc150600000, 0x00007fc189480000)
  from space 116480K,   0% used [0x00007fc189480000, 0x00007fc1895913c8, 0x00007fc190640000)
  to   space 116480K,   0% used [0x00007fc190640000, 0x00007fc190640000, 0x00007fc197800000)
 tenured generation   total 2330560K, used 2330499K [0x00007fc6a5b50000, 0x00007fc733f40000, 0x00007fd150600000)
   the space 2330560K,  99% used [0x00007fc6a5b50000, 0x00007fc733f30cf8, 0x00007fc733f30e00, 0x00007fc733f40000)
 Metaspace       used 24865K, capacity 25313K, committed 25344K, reserved 26624K
}
Event: 32238.840 GC heap before
{Heap before GC invocations=48894 (full 2):
 def new generation   total 1048832K, used 933444K [0x00007fc150600000, 0x00007fc197800000, 0x00007fc6a5b50000)
  eden space 932352K, 100% used [0x00007fc150600000, 0x00007fc189480000, 0x00007fc189480000)
  from space 116480K,   0% used [0x00007fc189480000, 0x00007fc1895913c8, 0x00007fc190640000)
  to   space 116480K,   0% used [0x00007fc190640000, 0x00007fc190640000, 0x00007fc197800000)
 tenured generation   total 2330560K, used 2330499K [0x00007fc6a5b50000, 0x00007fc733f40000, 0x00007fd150600000)
   the space 2330560K,  99% used [0x00007fc6a5b50000, 0x00007fc733f30cf8, 0x00007fc733f30e00, 0x00007fc733f40000)
 Metaspace       used 24865K, capacity 25313K, committed 25344K, reserved 26624K
}
Event: 32238.845 GC heap after
{Heap after GC invocations=48895 (full 2):
 def new generation   total 1048832K, used 1033K [0x00007fc150600000, 0x00007fc197800000, 0x00007fc6a5b50000)
  eden space 932352K,   0% used [0x00007fc150600000, 0x00007fc150600000, 0x00007fc189480000)
  from space 116480K,   0% used [0x00007fc190640000, 0x00007fc190742458, 0x00007fc197800000)
  to   space 116480K,   0% used [0x00007fc189480000, 0x00007fc189480000, 0x00007fc190640000)
 tenured generation   total 2330752K, used 2330574K [0x00007fc6a5b50000, 0x00007fc733f70000, 0x00007fd150600000)
   the space 2330752K,  99% used [0x00007fc6a5b50000, 0x00007fc733f43878, 0x00007fc733f43a00, 0x00007fc733f70000)
 Metaspace       used 24865K, capacity 25313K, committed 25344K, reserved 26624K
}
Event: 32238.845 GC heap before
{Heap before GC invocations=48895 (full 2):
 def new generation   total 1048832K, used 1033K [0x00007fc150600000, 0x00007fc197800000, 0x00007fc6a5b50000)
  eden space 932352K,   0% used [0x00007fc150600000, 0x00007fc150600000, 0x00007fc189480000)
  from space 116480K,   0% used [0x00007fc190640000, 0x00007fc190742458, 0x00007fc197800000)
  to   space 116480K,   0% used [0x00007fc189480000, 0x00007fc189480000, 0x00007fc190640000)
 tenured generation   total 2330752K, used 2330574K [0x00007fc6a5b50000, 0x00007fc733f70000, 0x00007fd150600000)
   the space 2330752K,  99% used [0x00007fc6a5b50000, 0x00007fc733f43878, 0x00007fc733f43a00, 0x00007fc733f70000)
 Metaspace       used 24865K, capacity 25313K, committed 25344K, reserved 26624K
}

