# JRE version: OpenJDK Runtime Environment (13.0.7+5) (build 13.0.7+5-Ubuntu-0ubuntu120.04)
# Java VM: OpenJDK 64-Bit Server VM (13.0.7+5-Ubuntu-0ubuntu120.04, mixed mode, tiered, serial gc, linux-amd64)
Heap:
 def new generation   total 1747968K, used 0K [0x00007f6418600000, 0x00007f648eea0000, 0x00007f696db50000)
  eden space 1553792K,   0% used [0x00007f6418600000, 0x00007f6418600000, 0x00007f6477360000)
  from space 194176K,   0% used [0x00007f6477360000, 0x00007f6477360000, 0x00007f6483100000)
  to   space 194176K,   0% used [0x00007f6483100000, 0x00007f6483100000, 0x00007f648eea0000)
 tenured generation   total 3884460K, used 3829188K [0x00007f696db50000, 0x00007f6a5acbb000, 0x00007f7418600000)
   the space 3884460K,  98% used [0x00007f696db50000, 0x00007f6a576c1120, 0x00007f6a576c1200, 0x00007f6a5acbb000)
 Metaspace       used 24891K, capacity 25360K, committed 25600K, reserved 26624K
GC Heap History (20 events):
Event: 34195.889 GC heap after
{Heap after GC invocations=62854 (full 3):
 def new generation   total 1747968K, used 1790K [0x00007f6418600000, 0x00007f648eea0000, 0x00007f696db50000)
  eden space 1553792K,   0% used [0x00007f6418600000, 0x00007f6418600000, 0x00007f6477360000)
  from space 194176K,   0% used [0x00007f6483100000, 0x00007f64832bf948, 0x00007f648eea0000)
  to   space 194176K,   0% used [0x00007f6477360000, 0x00007f6477360000, 0x00007f6483100000)
 tenured generation   total 3884268K, used 3883365K [0x00007f696db50000, 0x00007f6a5ac8b000, 0x00007f7418600000)
   the space 3884268K,  99% used [0x00007f696db50000, 0x00007f6a5aba9660, 0x00007f6a5aba9800, 0x00007f6a5ac8b000)
 Metaspace       used 24891K, capacity 25360K, committed 25600K, reserved 26624K
}
Event: 34196.912 GC heap before
{Heap before GC invocations=62854 (full 3):
 def new generation   total 1747968K, used 1555582K [0x00007f6418600000, 0x00007f648eea0000, 0x00007f696db50000)
  eden space 1553792K, 100% used [0x00007f6418600000, 0x00007f6477360000, 0x00007f6477360000)
  from space 194176K,   0% used [0x00007f6483100000, 0x00007f64832bf948, 0x00007f648eea0000)
  to   space 194176K,   0% used [0x00007f6477360000, 0x00007f6477360000, 0x00007f6483100000)
 tenured generation   total 3884268K, used 3883365K [0x00007f696db50000, 0x00007f6a5ac8b000, 0x00007f7418600000)
   the space 3884268K,  99% used [0x00007f696db50000, 0x00007f6a5aba9660, 0x00007f6a5aba9800, 0x00007f6a5ac8b000)
 Metaspace       used 24891K, capacity 25360K, committed 25600K, reserved 26624K
}
Event: 34196.918 GC heap after
{Heap after GC invocations=62855 (full 3):
 def new generation   total 1747968K, used 1725K [0x00007f6418600000, 0x00007f648eea0000, 0x00007f696db50000)
  eden space 1553792K,   0% used [0x00007f6418600000, 0x00007f6418600000, 0x00007f6477360000)
  from space 194176K,   0% used [0x00007f6477360000, 0x00007f647750f7b8, 0x00007f6483100000)
  to   space 194176K,   0% used [0x00007f6483100000, 0x00007f6483100000, 0x00007f648eea0000)
 tenured generation   total 3884268K, used 3883460K [0x00007f696db50000, 0x00007f6a5ac8b000, 0x00007f7418600000)
   the space 3884268K,  99% used [0x00007f696db50000, 0x00007f6a5abc1258, 0x00007f6a5abc1400, 0x00007f6a5ac8b000)
 Metaspace       used 24891K, capacity 25360K, committed 25600K, reserved 26624K
}
Event: 34198.017 GC heap before
{Heap before GC invocations=62855 (full 3):
 def new generation   total 1747968K, used 1555517K [0x00007f6418600000, 0x00007f648eea0000, 0x00007f696db50000)
  eden space 1553792K, 100% used [0x00007f6418600000, 0x00007f6477360000, 0x00007f6477360000)
  from space 194176K,   0% used [0x00007f6477360000, 0x00007f647750f7b8, 0x00007f6483100000)
  to   space 194176K,   0% used [0x00007f6483100000, 0x00007f6483100000, 0x00007f648eea0000)
 tenured generation   total 3884268K, used 3883460K [0x00007f696db50000, 0x00007f6a5ac8b000, 0x00007f7418600000)
   the space 3884268K,  99% used [0x00007f696db50000, 0x00007f6a5abc1258, 0x00007f6a5abc1400, 0x00007f6a5ac8b000)
 Metaspace       used 24891K, capacity 25360K, committed 25600K, reserved 26624K
}
Event: 34198.023 GC heap after
{Heap after GC invocations=62856 (full 3):
 def new generation   total 1747968K, used 1766K [0x00007f6418600000, 0x00007f648eea0000, 0x00007f696db50000)
  eden space 1553792K,   0% used [0x00007f6418600000, 0x00007f6418600000, 0x00007f6477360000)
  from space 194176K,   0% used [0x00007f6483100000, 0x00007f64832b9b48, 0x00007f648eea0000)
  to   space 194176K,   0% used [0x00007f6477360000, 0x00007f6477360000, 0x00007f6483100000)
 tenured generation   total 3884268K, used 3883587K [0x00007f696db50000, 0x00007f6a5ac8b000, 0x00007f7418600000)
   the space 3884268K,  99% used [0x00007f696db50000, 0x00007f6a5abe0cf8, 0x00007f6a5abe0e00, 0x00007f6a5ac8b000)
 Metaspace       used 24891K, capacity 25360K, committed 25600K, reserved 26624K
}
Event: 34199.112 GC heap before
{Heap before GC invocations=62856 (full 3):
 def new generation   total 1747968K, used 1555558K [0x00007f6418600000, 0x00007f648eea0000, 0x00007f696db50000)
  eden space 1553792K, 100% used [0x00007f6418600000, 0x00007f6477360000, 0x00007f6477360000)
  from space 194176K,   0% used [0x00007f6483100000, 0x00007f64832b9b48, 0x00007f648eea0000)
  to   space 194176K,   0% used [0x00007f6477360000, 0x00007f6477360000, 0x00007f6483100000)
 tenured generation   total 3884268K, used 3883587K [0x00007f696db50000, 0x00007f6a5ac8b000, 0x00007f7418600000)
   the space 3884268K,  99% used [0x00007f696db50000, 0x00007f6a5abe0cf8, 0x00007f6a5abe0e00, 0x00007f6a5ac8b000)
 Metaspace       used 24891K, capacity 25360K, committed 25600K, reserved 26624K
}
Event: 34199.118 GC heap after
{Heap after GC invocations=62857 (full 3):
 def new generation   total 1747968K, used 1728K [0x00007f6418600000, 0x00007f648eea0000, 0x00007f696db50000)
  eden space 1553792K,   0% used [0x00007f6418600000, 0x00007f6418600000, 0x00007f6477360000)
  from space 194176K,   0% used [0x00007f6477360000, 0x00007f6477510048, 0x00007f6483100000)
  to   space 194176K,   0% used [0x00007f6483100000, 0x00007f6483100000, 0x00007f648eea0000)
 tenured generation   total 3884268K, used 3883682K [0x00007f696db50000, 0x00007f6a5ac8b000, 0x00007f7418600000)
   the space 3884268K,  99% used [0x00007f696db50000, 0x00007f6a5abf88f0, 0x00007f6a5abf8a00, 0x00007f6a5ac8b000)
 Metaspace       used 24891K, capacity 25360K, committed 25600K, reserved 26624K
}
Event: 34200.256 GC heap before
{Heap before GC invocations=62857 (full 3):
 def new generation   total 1747968K, used 1555520K [0x00007f6418600000, 0x00007f648eea0000, 0x00007f696db50000)
  eden space 1553792K, 100% used [0x00007f6418600000, 0x00007f6477360000, 0x00007f6477360000)
  from space 194176K,   0% used [0x00007f6477360000, 0x00007f6477510048, 0x00007f6483100000)
  to   space 194176K,   0% used [0x00007f6483100000, 0x00007f6483100000, 0x00007f648eea0000)
 tenured generation   total 3884268K, used 3883682K [0x00007f696db50000, 0x00007f6a5ac8b000, 0x00007f7418600000)
   the space 3884268K,  99% used [0x00007f696db50000, 0x00007f6a5abf88f0, 0x00007f6a5abf8a00, 0x00007f6a5ac8b000)
 Metaspace       used 24891K, capacity 25360K, committed 25600K, reserved 26624K
}
Event: 34200.262 GC heap after
{Heap after GC invocations=62858 (full 3):
 def new generation   total 1747968K, used 1741K [0x00007f6418600000, 0x00007f648eea0000, 0x00007f696db50000)
  eden space 1553792K,   0% used [0x00007f6418600000, 0x00007f6418600000, 0x00007f6477360000)
  from space 194176K,   0% used [0x00007f6483100000, 0x00007f64832b36a8, 0x00007f648eea0000)
  to   space 194176K,   0% used [0x00007f6477360000, 0x00007f6477360000, 0x00007f6483100000)
 tenured generation   total 3884268K, used 3883808K [0x00007f696db50000, 0x00007f6a5ac8b000, 0x00007f7418600000)
   the space 3884268K,  99% used [0x00007f696db50000, 0x00007f6a5ac18390, 0x00007f6a5ac18400, 0x00007f6a5ac8b000)
 Metaspace       used 24891K, capacity 25360K, committed 25600K, reserved 26624K
}
Event: 34201.320 GC heap before
{Heap before GC invocations=62858 (full 3):
 def new generation   total 1747968K, used 1555533K [0x00007f6418600000, 0x00007f648eea0000, 0x00007f696db50000)
  eden space 1553792K, 100% used [0x00007f6418600000, 0x00007f6477360000, 0x00007f6477360000)
  from space 194176K,   0% used [0x00007f6483100000, 0x00007f64832b36a8, 0x00007f648eea0000)
  to   space 194176K,   0% used [0x00007f6477360000, 0x00007f6477360000, 0x00007f6483100000)
 tenured generation   total 3884268K, used 3883808K [0x00007f696db50000, 0x00007f6a5ac8b000, 0x00007f7418600000)
   the space 3884268K,  99% used [0x00007f696db50000, 0x00007f6a5ac18390, 0x00007f6a5ac18400, 0x00007f6a5ac8b000)
 Metaspace       used 24891K, capacity 25360K, committed 25600K, reserved 26624K
}
Event: 34201.327 GC heap after
{Heap after GC invocations=62859 (full 3):
 def new generation   total 1747968K, used 1712K [0x00007f6418600000, 0x00007f648eea0000, 0x00007f696db50000)
  eden space 1553792K,   0% used [0x00007f6418600000, 0x00007f6418600000, 0x00007f6477360000)
  from space 194176K,   0% used [0x00007f6477360000, 0x00007f647750c178, 0x00007f6483100000)
  to   space 194176K,   0% used [0x00007f6483100000, 0x00007f6483100000, 0x00007f648eea0000)
 tenured generation   total 3884268K, used 3883903K [0x00007f696db50000, 0x00007f6a5ac8b000, 0x00007f7418600000)
   the space 3884268K,  99% used [0x00007f696db50000, 0x00007f6a5ac2ff88, 0x00007f6a5ac30000, 0x00007f6a5ac8b000)
 Metaspace       used 24891K, capacity 25360K, committed 25600K, reserved 26624K
}
Event: 34202.413 GC heap before
{Heap before GC invocations=62859 (full 3):
 def new generation   total 1747968K, used 1555504K [0x00007f6418600000, 0x00007f648eea0000, 0x00007f696db50000)
  eden space 1553792K, 100% used [0x00007f6418600000, 0x00007f6477360000, 0x00007f6477360000)
  from space 194176K,   0% used [0x00007f6477360000, 0x00007f647750c178, 0x00007f6483100000)
  to   space 194176K,   0% used [0x00007f6483100000, 0x00007f6483100000, 0x00007f648eea0000)
 tenured generation   total 3884268K, used 3883903K [0x00007f696db50000, 0x00007f6a5ac8b000, 0x00007f7418600000)
   the space 3884268K,  99% used [0x00007f696db50000, 0x00007f6a5ac2ff88, 0x00007f6a5ac30000, 0x00007f6a5ac8b000)
 Metaspace       used 24891K, capacity 25360K, committed 25600K, reserved 26624K
}
Event: 34202.419 GC heap after
{Heap after GC invocations=62860 (full 3):
 def new generation   total 1747968K, used 1740K [0x00007f6418600000, 0x00007f648eea0000, 0x00007f696db50000)
  eden space 1553792K,   0% used [0x00007f6418600000, 0x00007f6418600000, 0x00007f6477360000)
  from space 194176K,   0% used [0x00007f6483100000, 0x00007f64832b31a0, 0x00007f648eea0000)
  to   space 194176K,   0% used [0x00007f6477360000, 0x00007f6477360000, 0x00007f6483100000)
 tenured generation   total 3884268K, used 3884030K [0x00007f696db50000, 0x00007f6a5ac8b000, 0x00007f7418600000)
   the space 3884268K,  99% used [0x00007f696db50000, 0x00007f6a5ac4fa28, 0x00007f6a5ac4fc00, 0x00007f6a5ac8b000)
 Metaspace       used 24891K, capacity 25360K, committed 25600K, reserved 26624K
}
Event: 34203.580 GC heap before
{Heap before GC invocations=62860 (full 3):
 def new generation   total 1747968K, used 1555532K [0x00007f6418600000, 0x00007f648eea0000, 0x00007f696db50000)
  eden space 1553792K, 100% used [0x00007f6418600000, 0x00007f6477360000, 0x00007f6477360000)
  from space 194176K,   0% used [0x00007f6483100000, 0x00007f64832b31a0, 0x00007f648eea0000)
  to   space 194176K,   0% used [0x00007f6477360000, 0x00007f6477360000, 0x00007f6483100000)
 tenured generation   total 3884268K, used 3884030K [0x00007f696db50000, 0x00007f6a5ac8b000, 0x00007f7418600000)
   the space 3884268K,  99% used [0x00007f696db50000, 0x00007f6a5ac4fa28, 0x00007f6a5ac4fc00, 0x00007f6a5ac8b000)
 Metaspace       used 24891K, capacity 25360K, committed 25600K, reserved 26624K
}
Event: 34203.585 GC heap after
{Heap after GC invocations=62861 (full 3):
 def new generation   total 1747968K, used 1683K [0x00007f6418600000, 0x00007f648eea0000, 0x00007f696db50000)
  eden space 1553792K,   0% used [0x00007f6418600000, 0x00007f6418600000, 0x00007f6477360000)
  from space 194176K,   0% used [0x00007f6477360000, 0x00007f6477504e38, 0x00007f6483100000)
  to   space 194176K,   0% used [0x00007f6483100000, 0x00007f6483100000, 0x00007f648eea0000)
 tenured generation   total 3884268K, used 3884129K [0x00007f696db50000, 0x00007f6a5ac8b000, 0x00007f7418600000)
   the space 3884268K,  99% used [0x00007f696db50000, 0x00007f6a5ac68760, 0x00007f6a5ac68800, 0x00007f6a5ac8b000)
 Metaspace       used 24891K, capacity 25360K, committed 25600K, reserved 26624K
}
Event: 34204.648 GC heap before
{Heap before GC invocations=62861 (full 3):
 def new generation   total 1747968K, used 1555475K [0x00007f6418600000, 0x00007f648eea0000, 0x00007f696db50000)
  eden space 1553792K, 100% used [0x00007f6418600000, 0x00007f6477360000, 0x00007f6477360000)
  from space 194176K,   0% used [0x00007f6477360000, 0x00007f6477504e38, 0x00007f6483100000)
  to   space 194176K,   0% used [0x00007f6483100000, 0x00007f6483100000, 0x00007f648eea0000)
 tenured generation   total 3884268K, used 3884129K [0x00007f696db50000, 0x00007f6a5ac8b000, 0x00007f7418600000)
   the space 3884268K,  99% used [0x00007f696db50000, 0x00007f6a5ac68760, 0x00007f6a5ac68800, 0x00007f6a5ac8b000)
 Metaspace       used 24891K, capacity 25360K, committed 25600K, reserved 26624K
}
Event: 34204.654 GC heap after
{Heap after GC invocations=62862 (full 3):
 def new generation   total 1747968K, used 1751K [0x00007f6418600000, 0x00007f648eea0000, 0x00007f696db50000)
  eden space 1553792K,   0% used [0x00007f6418600000, 0x00007f6418600000, 0x00007f6477360000)
  from space 194176K,   0% used [0x00007f6483100000, 0x00007f64832b5e50, 0x00007f648eea0000)
  to   space 194176K,   0% used [0x00007f6477360000, 0x00007f6477360000, 0x00007f6483100000)
 tenured generation   total 3884268K, used 3884224K [0x00007f696db50000, 0x00007f6a5ac8b000, 0x00007f7418600000)
   the space 3884268K,  99% used [0x00007f696db50000, 0x00007f6a5ac80358, 0x00007f6a5ac80400, 0x00007f6a5ac8b000)
 Metaspace       used 24891K, capacity 25360K, committed 25600K, reserved 26624K
}
Event: 34205.707 GC heap before
{Heap before GC invocations=62862 (full 3):
 def new generation   total 1747968K, used 1555543K [0x00007f6418600000, 0x00007f648eea0000, 0x00007f696db50000)
  eden space 1553792K, 100% used [0x00007f6418600000, 0x00007f6477360000, 0x00007f6477360000)
  from space 194176K,   0% used [0x00007f6483100000, 0x00007f64832b5e50, 0x00007f648eea0000)
  to   space 194176K,   0% used [0x00007f6477360000, 0x00007f6477360000, 0x00007f6483100000)
 tenured generation   total 3884268K, used 3884224K [0x00007f696db50000, 0x00007f6a5ac8b000, 0x00007f7418600000)
   the space 3884268K,  99% used [0x00007f696db50000, 0x00007f6a5ac80358, 0x00007f6a5ac80400, 0x00007f6a5ac8b000)
 Metaspace       used 24891K, capacity 25360K, committed 25600K, reserved 26624K
}
Event: 34205.714 GC heap after
{Heap after GC invocations=62863 (full 3):
 def new generation   total 1747968K, used 1768K [0x00007f6418600000, 0x00007f648eea0000, 0x00007f696db50000)
  eden space 1553792K,   0% used [0x00007f6418600000, 0x00007f6418600000, 0x00007f6477360000)
  from space 194176K,   0% used [0x00007f6477360000, 0x00007f647751a040, 0x00007f6483100000)
  to   space 194176K,   0% used [0x00007f6483100000, 0x00007f6483100000, 0x00007f648eea0000)
 tenured generation   total 3884460K, used 3884351K [0x00007f696db50000, 0x00007f6a5acbb000, 0x00007f7418600000)
   the space 3884460K,  99% used [0x00007f696db50000, 0x00007f6a5ac9fdf8, 0x00007f6a5ac9fe00, 0x00007f6a5acbb000)
 Metaspace       used 24891K, capacity 25360K, committed 25600K, reserved 26624K
}
Event: 34205.714 GC heap before
{Heap before GC invocations=62863 (full 3):
 def new generation   total 1747968K, used 1768K [0x00007f6418600000, 0x00007f648eea0000, 0x00007f696db50000)
  eden space 1553792K,   0% used [0x00007f6418600000, 0x00007f6418600000, 0x00007f6477360000)
  from space 194176K,   0% used [0x00007f6477360000, 0x00007f647751a040, 0x00007f6483100000)
  to   space 194176K,   0% used [0x00007f6483100000, 0x00007f6483100000, 0x00007f648eea0000)
 tenured generation   total 3884460K, used 3884351K [0x00007f696db50000, 0x00007f6a5acbb000, 0x00007f7418600000)
   the space 3884460K,  99% used [0x00007f696db50000, 0x00007f6a5ac9fdf8, 0x00007f6a5ac9fe00, 0x00007f6a5acbb000)
 Metaspace       used 24891K, capacity 25360K, committed 25600K, reserved 26624K
}

