# JRE version: OpenJDK Runtime Environment (13.0.7+5) (build 13.0.7+5-Ubuntu-0ubuntu120.04)
# Java VM: OpenJDK 64-Bit Server VM (13.0.7+5-Ubuntu-0ubuntu120.04, mixed mode, tiered, serial gc, linux-amd64)
Heap:
 def new generation   total 2883328K, used 11816K [0x00007f48ac600000, 0x00007f496fe90000, 0x00007f4e01b50000)
  eden space 2563008K,   0% used [0x00007f48ac600000, 0x00007f48ad18a070, 0x00007f4948cf0000)
  from space 320320K,   0% used [0x00007f495c5c0000, 0x00007f495c5c0000, 0x00007f496fe90000)
  to   space 320320K,   0% used [0x00007f4948cf0000, 0x00007f4948cf0000, 0x00007f495c5c0000)
 tenured generation   total 6408008K, used 6408007K [0x00007f4e01b50000, 0x00007f4f88d22000, 0x00007f58ac600000)
   the space 6408008K,  99% used [0x00007f4e01b50000, 0x00007f4f88d21f78, 0x00007f4f88d22000, 0x00007f4f88d22000)
 Metaspace       used 25069K, capacity 25561K, committed 25600K, reserved 26624K
GC Heap History (20 events):
Event: 30543.914 GC heap after
{Heap after GC invocations=30405 (full 4):
 def new generation   total 2883328K, used 11917K [0x00007f48ac600000, 0x00007f496fe90000, 0x00007f4e01b50000)
  eden space 2563008K,   0% used [0x00007f48ac600000, 0x00007f48ac600000, 0x00007f4948cf0000)
  from space 320320K,   3% used [0x00007f4948cf0000, 0x00007f4949893670, 0x00007f495c5c0000)
  to   space 320320K,   0% used [0x00007f495c5c0000, 0x00007f495c5c0000, 0x00007f496fe90000)
 tenured generation   total 6407240K, used 6400803K [0x00007f4e01b50000, 0x00007f4f88c62000, 0x00007f58ac600000)
   the space 6407240K,  99% used [0x00007f4e01b50000, 0x00007f4f88618c98, 0x00007f4f88618e00, 0x00007f4f88c62000)
 Metaspace       used 25069K, capacity 25561K, committed 25600K, reserved 26624K
}
Event: 30546.088 GC heap before
{Heap before GC invocations=30405 (full 4):
 def new generation   total 2883328K, used 2574925K [0x00007f48ac600000, 0x00007f496fe90000, 0x00007f4e01b50000)
  eden space 2563008K, 100% used [0x00007f48ac600000, 0x00007f4948cf0000, 0x00007f4948cf0000)
  from space 320320K,   3% used [0x00007f4948cf0000, 0x00007f4949893670, 0x00007f495c5c0000)
  to   space 320320K,   0% used [0x00007f495c5c0000, 0x00007f495c5c0000, 0x00007f496fe90000)
 tenured generation   total 6407240K, used 6400803K [0x00007f4e01b50000, 0x00007f4f88c62000, 0x00007f58ac600000)
   the space 6407240K,  99% used [0x00007f4e01b50000, 0x00007f4f88618c98, 0x00007f4f88618e00, 0x00007f4f88c62000)
 Metaspace       used 25069K, capacity 25561K, committed 25600K, reserved 26624K
}
Event: 30546.112 GC heap after
{Heap after GC invocations=30406 (full 4):
 def new generation   total 2883328K, used 11938K [0x00007f48ac600000, 0x00007f496fe90000, 0x00007f4e01b50000)
  eden space 2563008K,   0% used [0x00007f48ac600000, 0x00007f48ac600000, 0x00007f4948cf0000)
  from space 320320K,   3% used [0x00007f495c5c0000, 0x00007f495d1689c8, 0x00007f496fe90000)
  to   space 320320K,   0% used [0x00007f4948cf0000, 0x00007f4948cf0000, 0x00007f495c5c0000)
 tenured generation   total 6407240K, used 6401597K [0x00007f4e01b50000, 0x00007f4f88c62000, 0x00007f58ac600000)
   the space 6407240K,  99% used [0x00007f4e01b50000, 0x00007f4f886df4d0, 0x00007f4f886df600, 0x00007f4f88c62000)
 Metaspace       used 25069K, capacity 25561K, committed 25600K, reserved 26624K
}
Event: 30548.266 GC heap before
{Heap before GC invocations=30406 (full 4):
 def new generation   total 2883328K, used 2574946K [0x00007f48ac600000, 0x00007f496fe90000, 0x00007f4e01b50000)
  eden space 2563008K, 100% used [0x00007f48ac600000, 0x00007f4948cf0000, 0x00007f4948cf0000)
  from space 320320K,   3% used [0x00007f495c5c0000, 0x00007f495d1689c8, 0x00007f496fe90000)
  to   space 320320K,   0% used [0x00007f4948cf0000, 0x00007f4948cf0000, 0x00007f495c5c0000)
 tenured generation   total 6407240K, used 6401597K [0x00007f4e01b50000, 0x00007f4f88c62000, 0x00007f58ac600000)
   the space 6407240K,  99% used [0x00007f4e01b50000, 0x00007f4f886df4d0, 0x00007f4f886df600, 0x00007f4f88c62000)
 Metaspace       used 25069K, capacity 25561K, committed 25600K, reserved 26624K
}
Event: 30548.296 GC heap after
{Heap after GC invocations=30407 (full 4):
 def new generation   total 2883328K, used 11908K [0x00007f48ac600000, 0x00007f496fe90000, 0x00007f4e01b50000)
  eden space 2563008K,   0% used [0x00007f48ac600000, 0x00007f48ac600000, 0x00007f4948cf0000)
  from space 320320K,   3% used [0x00007f4948cf0000, 0x00007f4949891060, 0x00007f495c5c0000)
  to   space 320320K,   0% used [0x00007f495c5c0000, 0x00007f495c5c0000, 0x00007f496fe90000)
 tenured generation   total 6407240K, used 6402391K [0x00007f4e01b50000, 0x00007f4f88c62000, 0x00007f58ac600000)
   the space 6407240K,  99% used [0x00007f4e01b50000, 0x00007f4f887a5d08, 0x00007f4f887a5e00, 0x00007f4f88c62000)
 Metaspace       used 25069K, capacity 25561K, committed 25600K, reserved 26624K
}
Event: 30550.373 GC heap before
{Heap before GC invocations=30407 (full 4):
 def new generation   total 2883328K, used 2574916K [0x00007f48ac600000, 0x00007f496fe90000, 0x00007f4e01b50000)
  eden space 2563008K, 100% used [0x00007f48ac600000, 0x00007f4948cf0000, 0x00007f4948cf0000)
  from space 320320K,   3% used [0x00007f4948cf0000, 0x00007f4949891060, 0x00007f495c5c0000)
  to   space 320320K,   0% used [0x00007f495c5c0000, 0x00007f495c5c0000, 0x00007f496fe90000)
 tenured generation   total 6407240K, used 6402391K [0x00007f4e01b50000, 0x00007f4f88c62000, 0x00007f58ac600000)
   the space 6407240K,  99% used [0x00007f4e01b50000, 0x00007f4f887a5d08, 0x00007f4f887a5e00, 0x00007f4f88c62000)
 Metaspace       used 25069K, capacity 25561K, committed 25600K, reserved 26624K
}
Event: 30550.399 GC heap after
{Heap after GC invocations=30408 (full 4):
 def new generation   total 2883328K, used 11936K [0x00007f48ac600000, 0x00007f496fe90000, 0x00007f4e01b50000)
  eden space 2563008K,   0% used [0x00007f48ac600000, 0x00007f48ac600000, 0x00007f4948cf0000)
  from space 320320K,   3% used [0x00007f495c5c0000, 0x00007f495d168108, 0x00007f496fe90000)
  to   space 320320K,   0% used [0x00007f4948cf0000, 0x00007f4948cf0000, 0x00007f495c5c0000)
 tenured generation   total 6407240K, used 6403185K [0x00007f4e01b50000, 0x00007f4f88c62000, 0x00007f58ac600000)
   the space 6407240K,  99% used [0x00007f4e01b50000, 0x00007f4f8886c540, 0x00007f4f8886c600, 0x00007f4f88c62000)
 Metaspace       used 25069K, capacity 25561K, committed 25600K, reserved 26624K
}
Event: 30552.435 GC heap before
{Heap before GC invocations=30408 (full 4):
 def new generation   total 2883328K, used 2574944K [0x00007f48ac600000, 0x00007f496fe90000, 0x00007f4e01b50000)
  eden space 2563008K, 100% used [0x00007f48ac600000, 0x00007f4948cf0000, 0x00007f4948cf0000)
  from space 320320K,   3% used [0x00007f495c5c0000, 0x00007f495d168108, 0x00007f496fe90000)
  to   space 320320K,   0% used [0x00007f4948cf0000, 0x00007f4948cf0000, 0x00007f495c5c0000)
 tenured generation   total 6407240K, used 6403185K [0x00007f4e01b50000, 0x00007f4f88c62000, 0x00007f58ac600000)
   the space 6407240K,  99% used [0x00007f4e01b50000, 0x00007f4f8886c540, 0x00007f4f8886c600, 0x00007f4f88c62000)
 Metaspace       used 25069K, capacity 25561K, committed 25600K, reserved 26624K
}
Event: 30552.463 GC heap after
{Heap after GC invocations=30409 (full 4):
 def new generation   total 2883328K, used 11928K [0x00007f48ac600000, 0x00007f496fe90000, 0x00007f4e01b50000)
  eden space 2563008K,   0% used [0x00007f48ac600000, 0x00007f48ac600000, 0x00007f4948cf0000)
  from space 320320K,   3% used [0x00007f4948cf0000, 0x00007f4949896160, 0x00007f495c5c0000)
  to   space 320320K,   0% used [0x00007f495c5c0000, 0x00007f495c5c0000, 0x00007f496fe90000)
 tenured generation   total 6407240K, used 6403979K [0x00007f4e01b50000, 0x00007f4f88c62000, 0x00007f58ac600000)
   the space 6407240K,  99% used [0x00007f4e01b50000, 0x00007f4f88932d78, 0x00007f4f88932e00, 0x00007f4f88c62000)
 Metaspace       used 25069K, capacity 25561K, committed 25600K, reserved 26624K
}
Event: 30554.583 GC heap before
{Heap before GC invocations=30409 (full 4):
 def new generation   total 2883328K, used 2574936K [0x00007f48ac600000, 0x00007f496fe90000, 0x00007f4e01b50000)
  eden space 2563008K, 100% used [0x00007f48ac600000, 0x00007f4948cf0000, 0x00007f4948cf0000)
  from space 320320K,   3% used [0x00007f4948cf0000, 0x00007f4949896160, 0x00007f495c5c0000)
  to   space 320320K,   0% used [0x00007f495c5c0000, 0x00007f495c5c0000, 0x00007f496fe90000)
 tenured generation   total 6407240K, used 6403979K [0x00007f4e01b50000, 0x00007f4f88c62000, 0x00007f58ac600000)
   the space 6407240K,  99% used [0x00007f4e01b50000, 0x00007f4f88932d78, 0x00007f4f88932e00, 0x00007f4f88c62000)
 Metaspace       used 25069K, capacity 25561K, committed 25600K, reserved 26624K
}
Event: 30554.610 GC heap after
{Heap after GC invocations=30410 (full 4):
 def new generation   total 2883328K, used 11924K [0x00007f48ac600000, 0x00007f496fe90000, 0x00007f4e01b50000)
  eden space 2563008K,   0% used [0x00007f48ac600000, 0x00007f48ac600000, 0x00007f4948cf0000)
  from space 320320K,   3% used [0x00007f495c5c0000, 0x00007f495d165058, 0x00007f496fe90000)
  to   space 320320K,   0% used [0x00007f4948cf0000, 0x00007f4948cf0000, 0x00007f495c5c0000)
 tenured generation   total 6407240K, used 6404773K [0x00007f4e01b50000, 0x00007f4f88c62000, 0x00007f58ac600000)
   the space 6407240K,  99% used [0x00007f4e01b50000, 0x00007f4f889f95b0, 0x00007f4f889f9600, 0x00007f4f88c62000)
 Metaspace       used 25069K, capacity 25561K, committed 25600K, reserved 26624K
}
Event: 30556.707 GC heap before
{Heap before GC invocations=30410 (full 4):
 def new generation   total 2883328K, used 2574932K [0x00007f48ac600000, 0x00007f496fe90000, 0x00007f4e01b50000)
  eden space 2563008K, 100% used [0x00007f48ac600000, 0x00007f4948cf0000, 0x00007f4948cf0000)
  from space 320320K,   3% used [0x00007f495c5c0000, 0x00007f495d165058, 0x00007f496fe90000)
  to   space 320320K,   0% used [0x00007f4948cf0000, 0x00007f4948cf0000, 0x00007f495c5c0000)
 tenured generation   total 6407240K, used 6404773K [0x00007f4e01b50000, 0x00007f4f88c62000, 0x00007f58ac600000)
   the space 6407240K,  99% used [0x00007f4e01b50000, 0x00007f4f889f95b0, 0x00007f4f889f9600, 0x00007f4f88c62000)
 Metaspace       used 25069K, capacity 25561K, committed 25600K, reserved 26624K
}
Event: 30556.738 GC heap after
{Heap after GC invocations=30411 (full 4):
 def new generation   total 2883328K, used 11948K [0x00007f48ac600000, 0x00007f496fe90000, 0x00007f4e01b50000)
  eden space 2563008K,   0% used [0x00007f48ac600000, 0x00007f48ac600000, 0x00007f4948cf0000)
  from space 320320K,   3% used [0x00007f4948cf0000, 0x00007f494989b260, 0x00007f495c5c0000)
  to   space 320320K,   0% used [0x00007f495c5c0000, 0x00007f495c5c0000, 0x00007f496fe90000)
 tenured generation   total 6407240K, used 6405567K [0x00007f4e01b50000, 0x00007f4f88c62000, 0x00007f58ac600000)
   the space 6407240K,  99% used [0x00007f4e01b50000, 0x00007f4f88abfde8, 0x00007f4f88abfe00, 0x00007f4f88c62000)
 Metaspace       used 25069K, capacity 25561K, committed 25600K, reserved 26624K
}
Event: 30558.818 GC heap before
{Heap before GC invocations=30411 (full 4):
 def new generation   total 2883328K, used 2574956K [0x00007f48ac600000, 0x00007f496fe90000, 0x00007f4e01b50000)
  eden space 2563008K, 100% used [0x00007f48ac600000, 0x00007f4948cf0000, 0x00007f4948cf0000)
  from space 320320K,   3% used [0x00007f4948cf0000, 0x00007f494989b260, 0x00007f495c5c0000)
  to   space 320320K,   0% used [0x00007f495c5c0000, 0x00007f495c5c0000, 0x00007f496fe90000)
 tenured generation   total 6407240K, used 6405567K [0x00007f4e01b50000, 0x00007f4f88c62000, 0x00007f58ac600000)
   the space 6407240K,  99% used [0x00007f4e01b50000, 0x00007f4f88abfde8, 0x00007f4f88abfe00, 0x00007f4f88c62000)
 Metaspace       used 25069K, capacity 25561K, committed 25600K, reserved 26624K
}
Event: 30558.844 GC heap after
{Heap after GC invocations=30412 (full 4):
 def new generation   total 2883328K, used 11912K [0x00007f48ac600000, 0x00007f496fe90000, 0x00007f4e01b50000)
  eden space 2563008K,   0% used [0x00007f48ac600000, 0x00007f48ac600000, 0x00007f4948cf0000)
  from space 320320K,   3% used [0x00007f495c5c0000, 0x00007f495d1623a8, 0x00007f496fe90000)
  to   space 320320K,   0% used [0x00007f4948cf0000, 0x00007f4948cf0000, 0x00007f495c5c0000)
 tenured generation   total 6407240K, used 6406346K [0x00007f4e01b50000, 0x00007f4f88c62000, 0x00007f58ac600000)
   the space 6407240K,  99% used [0x00007f4e01b50000, 0x00007f4f88b829e8, 0x00007f4f88b82a00, 0x00007f4f88c62000)
 Metaspace       used 25069K, capacity 25561K, committed 25600K, reserved 26624K
}
Event: 30560.935 GC heap before
{Heap before GC invocations=30412 (full 4):
 def new generation   total 2883328K, used 2574920K [0x00007f48ac600000, 0x00007f496fe90000, 0x00007f4e01b50000)
  eden space 2563008K, 100% used [0x00007f48ac600000, 0x00007f4948cf0000, 0x00007f4948cf0000)
  from space 320320K,   3% used [0x00007f495c5c0000, 0x00007f495d1623a8, 0x00007f496fe90000)
  to   space 320320K,   0% used [0x00007f4948cf0000, 0x00007f4948cf0000, 0x00007f495c5c0000)
 tenured generation   total 6407240K, used 6406346K [0x00007f4e01b50000, 0x00007f4f88c62000, 0x00007f58ac600000)
   the space 6407240K,  99% used [0x00007f4e01b50000, 0x00007f4f88b829e8, 0x00007f4f88b82a00, 0x00007f4f88c62000)
 Metaspace       used 25069K, capacity 25561K, committed 25600K, reserved 26624K
}
Event: 30560.958 GC heap after
{Heap after GC invocations=30413 (full 4):
 def new generation   total 2883328K, used 11892K [0x00007f48ac600000, 0x00007f496fe90000, 0x00007f4e01b50000)
  eden space 2563008K,   0% used [0x00007f48ac600000, 0x00007f48ac600000, 0x00007f4948cf0000)
  from space 320320K,   3% used [0x00007f4948cf0000, 0x00007f494988d3f8, 0x00007f495c5c0000)
  to   space 320320K,   0% used [0x00007f495c5c0000, 0x00007f495c5c0000, 0x00007f496fe90000)
 tenured generation   total 6407240K, used 6407140K [0x00007f4e01b50000, 0x00007f4f88c62000, 0x00007f58ac600000)
   the space 6407240K,  99% used [0x00007f4e01b50000, 0x00007f4f88c49220, 0x00007f4f88c49400, 0x00007f4f88c62000)
 Metaspace       used 25069K, capacity 25561K, committed 25600K, reserved 26624K
}
Event: 30563.045 GC heap before
{Heap before GC invocations=30413 (full 4):
 def new generation   total 2883328K, used 2574900K [0x00007f48ac600000, 0x00007f496fe90000, 0x00007f4e01b50000)
  eden space 2563008K, 100% used [0x00007f48ac600000, 0x00007f4948cf0000, 0x00007f4948cf0000)
  from space 320320K,   3% used [0x00007f4948cf0000, 0x00007f494988d3f8, 0x00007f495c5c0000)
  to   space 320320K,   0% used [0x00007f495c5c0000, 0x00007f495c5c0000, 0x00007f496fe90000)
 tenured generation   total 6407240K, used 6407140K [0x00007f4e01b50000, 0x00007f4f88c62000, 0x00007f58ac600000)
   the space 6407240K,  99% used [0x00007f4e01b50000, 0x00007f4f88c49220, 0x00007f4f88c49400, 0x00007f4f88c62000)
 Metaspace       used 25069K, capacity 25561K, committed 25600K, reserved 26624K
}
Event: 30563.075 GC heap after
{Heap after GC invocations=30414 (full 4):
 def new generation   total 2883328K, used 11889K [0x00007f48ac600000, 0x00007f496fe90000, 0x00007f4e01b50000)
  eden space 2563008K,   0% used [0x00007f48ac600000, 0x00007f48ac600000, 0x00007f4948cf0000)
  from space 320320K,   3% used [0x00007f495c5c0000, 0x00007f495d15c590, 0x00007f496fe90000)
  to   space 320320K,   0% used [0x00007f4948cf0000, 0x00007f4948cf0000, 0x00007f495c5c0000)
 tenured generation   total 6408008K, used 6407934K [0x00007f4e01b50000, 0x00007f4f88d22000, 0x00007f58ac600000)
   the space 6408008K,  99% used [0x00007f4e01b50000, 0x00007f4f88d0fa58, 0x00007f4f88d0fc00, 0x00007f4f88d22000)
 Metaspace       used 25069K, capacity 25561K, committed 25600K, reserved 26624K
}
Event: 30563.075 GC heap before
{Heap before GC invocations=30414 (full 4):
 def new generation   total 2883328K, used 11889K [0x00007f48ac600000, 0x00007f496fe90000, 0x00007f4e01b50000)
  eden space 2563008K,   0% used [0x00007f48ac600000, 0x00007f48ac600000, 0x00007f4948cf0000)
  from space 320320K,   3% used [0x00007f495c5c0000, 0x00007f495d15c590, 0x00007f496fe90000)
  to   space 320320K,   0% used [0x00007f4948cf0000, 0x00007f4948cf0000, 0x00007f495c5c0000)
 tenured generation   total 6408008K, used 6407934K [0x00007f4e01b50000, 0x00007f4f88d22000, 0x00007f58ac600000)
   the space 6408008K,  99% used [0x00007f4e01b50000, 0x00007f4f88d0fa58, 0x00007f4f88d0fc00, 0x00007f4f88d22000)
 Metaspace       used 25069K, capacity 25561K, committed 25600K, reserved 26624K
}

