# JRE version: OpenJDK Runtime Environment (13.0.7+5) (build 13.0.7+5-Ubuntu-0ubuntu120.04)
# Java VM: OpenJDK 64-Bit Server VM (13.0.7+5-Ubuntu-0ubuntu120.04, mixed mode, tiered, serial gc, linux-amd64)
Heap:
 def new generation   total 1747712K, used 0K [0x00007fd428600000, 0x00007fd49ee60000, 0x00007fd97db50000)
  eden space 1553536K,   0% used [0x00007fd428600000, 0x00007fd428600000, 0x00007fd487320000)
  from space 194176K,   0% used [0x00007fd487320000, 0x00007fd487320000, 0x00007fd4930c0000)
  to   space 194176K,   0% used [0x00007fd4930c0000, 0x00007fd4930c0000, 0x00007fd49ee60000)
 tenured generation   total 3883736K, used 3807380K [0x00007fd97db50000, 0x00007fda6ac06000, 0x00007fe428600000)
   the space 3883736K,  98% used [0x00007fd97db50000, 0x00007fda661751d8, 0x00007fda66175200, 0x00007fda6ac06000)
 Metaspace       used 24841K, capacity 25296K, committed 25344K, reserved 26624K
GC Heap History (20 events):
Event: 75322.911 GC heap after
{Heap after GC invocations=128430 (full 3):
 def new generation   total 1747712K, used 1078K [0x00007fd428600000, 0x00007fd49ee60000, 0x00007fd97db50000)
  eden space 1553536K,   0% used [0x00007fd428600000, 0x00007fd428600000, 0x00007fd487320000)
  from space 194176K,   0% used [0x00007fd4930c0000, 0x00007fd4931cdaa8, 0x00007fd49ee60000)
  to   space 194176K,   0% used [0x00007fd487320000, 0x00007fd487320000, 0x00007fd4930c0000)
 tenured generation   total 3883736K, used 3883252K [0x00007fd97db50000, 0x00007fda6ac06000, 0x00007fe428600000)
   the space 3883736K,  99% used [0x00007fd97db50000, 0x00007fda6ab8d3d8, 0x00007fda6ab8d400, 0x00007fda6ac06000)
 Metaspace       used 24841K, capacity 25296K, committed 25344K, reserved 26624K
}
Event: 75323.984 GC heap before
{Heap before GC invocations=128430 (full 3):
 def new generation   total 1747712K, used 1554614K [0x00007fd428600000, 0x00007fd49ee60000, 0x00007fd97db50000)
  eden space 1553536K, 100% used [0x00007fd428600000, 0x00007fd487320000, 0x00007fd487320000)
  from space 194176K,   0% used [0x00007fd4930c0000, 0x00007fd4931cdaa8, 0x00007fd49ee60000)
  to   space 194176K,   0% used [0x00007fd487320000, 0x00007fd487320000, 0x00007fd4930c0000)
 tenured generation   total 3883736K, used 3883252K [0x00007fd97db50000, 0x00007fda6ac06000, 0x00007fe428600000)
   the space 3883736K,  99% used [0x00007fd97db50000, 0x00007fda6ab8d3d8, 0x00007fda6ab8d400, 0x00007fda6ac06000)
 Metaspace       used 24841K, capacity 25296K, committed 25344K, reserved 26624K
}
Event: 75323.989 GC heap after
{Heap after GC invocations=128431 (full 3):
 def new generation   total 1747712K, used 963K [0x00007fd428600000, 0x00007fd49ee60000, 0x00007fd97db50000)
  eden space 1553536K,   0% used [0x00007fd428600000, 0x00007fd428600000, 0x00007fd487320000)
  from space 194176K,   0% used [0x00007fd487320000, 0x00007fd487410ce8, 0x00007fd4930c0000)
  to   space 194176K,   0% used [0x00007fd4930c0000, 0x00007fd4930c0000, 0x00007fd49ee60000)
 tenured generation   total 3883736K, used 3883349K [0x00007fd97db50000, 0x00007fda6ac06000, 0x00007fe428600000)
   the space 3883736K,  99% used [0x00007fd97db50000, 0x00007fda6aba55b8, 0x00007fda6aba5600, 0x00007fda6ac06000)
 Metaspace       used 24841K, capacity 25296K, committed 25344K, reserved 26624K
}
Event: 75325.067 GC heap before
{Heap before GC invocations=128431 (full 3):
 def new generation   total 1747712K, used 1554499K [0x00007fd428600000, 0x00007fd49ee60000, 0x00007fd97db50000)
  eden space 1553536K, 100% used [0x00007fd428600000, 0x00007fd487320000, 0x00007fd487320000)
  from space 194176K,   0% used [0x00007fd487320000, 0x00007fd487410ce8, 0x00007fd4930c0000)
  to   space 194176K,   0% used [0x00007fd4930c0000, 0x00007fd4930c0000, 0x00007fd49ee60000)
 tenured generation   total 3883736K, used 3883349K [0x00007fd97db50000, 0x00007fda6ac06000, 0x00007fe428600000)
   the space 3883736K,  99% used [0x00007fd97db50000, 0x00007fda6aba55b8, 0x00007fda6aba5600, 0x00007fda6ac06000)
 Metaspace       used 24841K, capacity 25296K, committed 25344K, reserved 26624K
}
Event: 75325.073 GC heap after
{Heap after GC invocations=128432 (full 3):
 def new generation   total 1747712K, used 1005K [0x00007fd428600000, 0x00007fd49ee60000, 0x00007fd97db50000)
  eden space 1553536K,   0% used [0x00007fd428600000, 0x00007fd428600000, 0x00007fd487320000)
  from space 194176K,   0% used [0x00007fd4930c0000, 0x00007fd4931bb6d8, 0x00007fd49ee60000)
  to   space 194176K,   0% used [0x00007fd487320000, 0x00007fd487320000, 0x00007fd4930c0000)
 tenured generation   total 3883736K, used 3883397K [0x00007fd97db50000, 0x00007fda6ac06000, 0x00007fe428600000)
   the space 3883736K,  99% used [0x00007fd97db50000, 0x00007fda6abb16a8, 0x00007fda6abb1800, 0x00007fda6ac06000)
 Metaspace       used 24841K, capacity 25296K, committed 25344K, reserved 26624K
}
Event: 75326.128 GC heap before
{Heap before GC invocations=128432 (full 3):
 def new generation   total 1747712K, used 1554541K [0x00007fd428600000, 0x00007fd49ee60000, 0x00007fd97db50000)
  eden space 1553536K, 100% used [0x00007fd428600000, 0x00007fd487320000, 0x00007fd487320000)
  from space 194176K,   0% used [0x00007fd4930c0000, 0x00007fd4931bb6d8, 0x00007fd49ee60000)
  to   space 194176K,   0% used [0x00007fd487320000, 0x00007fd487320000, 0x00007fd4930c0000)
 tenured generation   total 3883736K, used 3883397K [0x00007fd97db50000, 0x00007fda6ac06000, 0x00007fe428600000)
   the space 3883736K,  99% used [0x00007fd97db50000, 0x00007fda6abb16a8, 0x00007fda6abb1800, 0x00007fda6ac06000)
 Metaspace       used 24841K, capacity 25296K, committed 25344K, reserved 26624K
}
Event: 75326.133 GC heap after
{Heap after GC invocations=128433 (full 3):
 def new generation   total 1747712K, used 1117K [0x00007fd428600000, 0x00007fd49ee60000, 0x00007fd97db50000)
  eden space 1553536K,   0% used [0x00007fd428600000, 0x00007fd428600000, 0x00007fd487320000)
  from space 194176K,   0% used [0x00007fd487320000, 0x00007fd4874375b0, 0x00007fd4930c0000)
  to   space 194176K,   0% used [0x00007fd4930c0000, 0x00007fd4930c0000, 0x00007fd49ee60000)
 tenured generation   total 3883736K, used 3883445K [0x00007fd97db50000, 0x00007fda6ac06000, 0x00007fe428600000)
   the space 3883736K,  99% used [0x00007fd97db50000, 0x00007fda6abbd798, 0x00007fda6abbd800, 0x00007fda6ac06000)
 Metaspace       used 24841K, capacity 25296K, committed 25344K, reserved 26624K
}
Event: 75327.183 GC heap before
{Heap before GC invocations=128433 (full 3):
 def new generation   total 1747712K, used 1554653K [0x00007fd428600000, 0x00007fd49ee60000, 0x00007fd97db50000)
  eden space 1553536K, 100% used [0x00007fd428600000, 0x00007fd487320000, 0x00007fd487320000)
  from space 194176K,   0% used [0x00007fd487320000, 0x00007fd4874375b0, 0x00007fd4930c0000)
  to   space 194176K,   0% used [0x00007fd4930c0000, 0x00007fd4930c0000, 0x00007fd49ee60000)
 tenured generation   total 3883736K, used 3883445K [0x00007fd97db50000, 0x00007fda6ac06000, 0x00007fe428600000)
   the space 3883736K,  99% used [0x00007fd97db50000, 0x00007fda6abbd798, 0x00007fda6abbd800, 0x00007fda6ac06000)
 Metaspace       used 24841K, capacity 25296K, committed 25344K, reserved 26624K
}
Event: 75327.187 GC heap after
{Heap after GC invocations=128434 (full 3):
 def new generation   total 1747712K, used 1061K [0x00007fd428600000, 0x00007fd49ee60000, 0x00007fd97db50000)
  eden space 1553536K,   0% used [0x00007fd428600000, 0x00007fd428600000, 0x00007fd487320000)
  from space 194176K,   0% used [0x00007fd4930c0000, 0x00007fd4931c9650, 0x00007fd49ee60000)
  to   space 194176K,   0% used [0x00007fd487320000, 0x00007fd487320000, 0x00007fd4930c0000)
 tenured generation   total 3883736K, used 3883494K [0x00007fd97db50000, 0x00007fda6ac06000, 0x00007fe428600000)
   the space 3883736K,  99% used [0x00007fd97db50000, 0x00007fda6abc9888, 0x00007fda6abc9a00, 0x00007fda6ac06000)
 Metaspace       used 24841K, capacity 25296K, committed 25344K, reserved 26624K
}
Event: 75328.254 GC heap before
{Heap before GC invocations=128434 (full 3):
 def new generation   total 1747712K, used 1554597K [0x00007fd428600000, 0x00007fd49ee60000, 0x00007fd97db50000)
  eden space 1553536K, 100% used [0x00007fd428600000, 0x00007fd487320000, 0x00007fd487320000)
  from space 194176K,   0% used [0x00007fd4930c0000, 0x00007fd4931c9650, 0x00007fd49ee60000)
  to   space 194176K,   0% used [0x00007fd487320000, 0x00007fd487320000, 0x00007fd4930c0000)
 tenured generation   total 3883736K, used 3883494K [0x00007fd97db50000, 0x00007fda6ac06000, 0x00007fe428600000)
   the space 3883736K,  99% used [0x00007fd97db50000, 0x00007fda6abc9888, 0x00007fda6abc9a00, 0x00007fda6ac06000)
 Metaspace       used 24841K, capacity 25296K, committed 25344K, reserved 26624K
}
Event: 75328.259 GC heap after
{Heap after GC invocations=128435 (full 3):
 def new generation   total 1747712K, used 1119K [0x00007fd428600000, 0x00007fd49ee60000, 0x00007fd97db50000)
  eden space 1553536K,   0% used [0x00007fd428600000, 0x00007fd428600000, 0x00007fd487320000)
  from space 194176K,   0% used [0x00007fd487320000, 0x00007fd487437c20, 0x00007fd4930c0000)
  to   space 194176K,   0% used [0x00007fd4930c0000, 0x00007fd4930c0000, 0x00007fd49ee60000)
 tenured generation   total 3883736K, used 3883542K [0x00007fd97db50000, 0x00007fda6ac06000, 0x00007fe428600000)
   the space 3883736K,  99% used [0x00007fd97db50000, 0x00007fda6abd5978, 0x00007fda6abd5a00, 0x00007fda6ac06000)
 Metaspace       used 24841K, capacity 25296K, committed 25344K, reserved 26624K
}
Event: 75329.315 GC heap before
{Heap before GC invocations=128435 (full 3):
 def new generation   total 1747712K, used 1554655K [0x00007fd428600000, 0x00007fd49ee60000, 0x00007fd97db50000)
  eden space 1553536K, 100% used [0x00007fd428600000, 0x00007fd487320000, 0x00007fd487320000)
  from space 194176K,   0% used [0x00007fd487320000, 0x00007fd487437c20, 0x00007fd4930c0000)
  to   space 194176K,   0% used [0x00007fd4930c0000, 0x00007fd4930c0000, 0x00007fd49ee60000)
 tenured generation   total 3883736K, used 3883542K [0x00007fd97db50000, 0x00007fda6ac06000, 0x00007fe428600000)
   the space 3883736K,  99% used [0x00007fd97db50000, 0x00007fda6abd5978, 0x00007fda6abd5a00, 0x00007fda6ac06000)
 Metaspace       used 24841K, capacity 25296K, committed 25344K, reserved 26624K
}
Event: 75329.320 GC heap after
{Heap after GC invocations=128436 (full 3):
 def new generation   total 1747712K, used 915K [0x00007fd428600000, 0x00007fd49ee60000, 0x00007fd97db50000)
  eden space 1553536K,   0% used [0x00007fd428600000, 0x00007fd428600000, 0x00007fd487320000)
  from space 194176K,   0% used [0x00007fd4930c0000, 0x00007fd4931a4e20, 0x00007fd49ee60000)
  to   space 194176K,   0% used [0x00007fd487320000, 0x00007fd487320000, 0x00007fd4930c0000)
 tenured generation   total 3883736K, used 3883590K [0x00007fd97db50000, 0x00007fda6ac06000, 0x00007fe428600000)
   the space 3883736K,  99% used [0x00007fd97db50000, 0x00007fda6abe1a68, 0x00007fda6abe1c00, 0x00007fda6ac06000)
 Metaspace       used 24841K, capacity 25296K, committed 25344K, reserved 26624K
}
Event: 75330.366 GC heap before
{Heap before GC invocations=128436 (full 3):
 def new generation   total 1747712K, used 1554451K [0x00007fd428600000, 0x00007fd49ee60000, 0x00007fd97db50000)
  eden space 1553536K, 100% used [0x00007fd428600000, 0x00007fd487320000, 0x00007fd487320000)
  from space 194176K,   0% used [0x00007fd4930c0000, 0x00007fd4931a4e20, 0x00007fd49ee60000)
  to   space 194176K,   0% used [0x00007fd487320000, 0x00007fd487320000, 0x00007fd4930c0000)
 tenured generation   total 3883736K, used 3883590K [0x00007fd97db50000, 0x00007fda6ac06000, 0x00007fe428600000)
   the space 3883736K,  99% used [0x00007fd97db50000, 0x00007fda6abe1a68, 0x00007fda6abe1c00, 0x00007fda6ac06000)
 Metaspace       used 24841K, capacity 25296K, committed 25344K, reserved 26624K
}
Event: 75330.370 GC heap after
{Heap after GC invocations=128437 (full 3):
 def new generation   total 1747712K, used 984K [0x00007fd428600000, 0x00007fd49ee60000, 0x00007fd97db50000)
  eden space 1553536K,   0% used [0x00007fd428600000, 0x00007fd428600000, 0x00007fd487320000)
  from space 194176K,   0% used [0x00007fd487320000, 0x00007fd487416120, 0x00007fd4930c0000)
  to   space 194176K,   0% used [0x00007fd4930c0000, 0x00007fd4930c0000, 0x00007fd49ee60000)
 tenured generation   total 3883736K, used 3883638K [0x00007fd97db50000, 0x00007fda6ac06000, 0x00007fe428600000)
   the space 3883736K,  99% used [0x00007fd97db50000, 0x00007fda6abedb58, 0x00007fda6abedc00, 0x00007fda6ac06000)
 Metaspace       used 24841K, capacity 25296K, committed 25344K, reserved 26624K
}
Event: 75331.444 GC heap before
{Heap before GC invocations=128437 (full 3):
 def new generation   total 1747712K, used 1554520K [0x00007fd428600000, 0x00007fd49ee60000, 0x00007fd97db50000)
  eden space 1553536K, 100% used [0x00007fd428600000, 0x00007fd487320000, 0x00007fd487320000)
  from space 194176K,   0% used [0x00007fd487320000, 0x00007fd487416120, 0x00007fd4930c0000)
  to   space 194176K,   0% used [0x00007fd4930c0000, 0x00007fd4930c0000, 0x00007fd49ee60000)
 tenured generation   total 3883736K, used 3883638K [0x00007fd97db50000, 0x00007fda6ac06000, 0x00007fe428600000)
   the space 3883736K,  99% used [0x00007fd97db50000, 0x00007fda6abedb58, 0x00007fda6abedc00, 0x00007fda6ac06000)
 Metaspace       used 24841K, capacity 25296K, committed 25344K, reserved 26624K
}
Event: 75331.448 GC heap after
{Heap after GC invocations=128438 (full 3):
 def new generation   total 1747712K, used 916K [0x00007fd428600000, 0x00007fd49ee60000, 0x00007fd97db50000)
  eden space 1553536K,   0% used [0x00007fd428600000, 0x00007fd428600000, 0x00007fd487320000)
  from space 194176K,   0% used [0x00007fd4930c0000, 0x00007fd4931a50d0, 0x00007fd49ee60000)
  to   space 194176K,   0% used [0x00007fd487320000, 0x00007fd487320000, 0x00007fd4930c0000)
 tenured generation   total 3883736K, used 3883687K [0x00007fd97db50000, 0x00007fda6ac06000, 0x00007fe428600000)
   the space 3883736K,  99% used [0x00007fd97db50000, 0x00007fda6abf9c48, 0x00007fda6abf9e00, 0x00007fda6ac06000)
 Metaspace       used 24841K, capacity 25296K, committed 25344K, reserved 26624K
}
Event: 75332.500 GC heap before
{Heap before GC invocations=128438 (full 3):
 def new generation   total 1747712K, used 1554452K [0x00007fd428600000, 0x00007fd49ee60000, 0x00007fd97db50000)
  eden space 1553536K, 100% used [0x00007fd428600000, 0x00007fd487320000, 0x00007fd487320000)
  from space 194176K,   0% used [0x00007fd4930c0000, 0x00007fd4931a50d0, 0x00007fd49ee60000)
  to   space 194176K,   0% used [0x00007fd487320000, 0x00007fd487320000, 0x00007fd4930c0000)
 tenured generation   total 3883736K, used 3883687K [0x00007fd97db50000, 0x00007fda6ac06000, 0x00007fe428600000)
   the space 3883736K,  99% used [0x00007fd97db50000, 0x00007fda6abf9c48, 0x00007fda6abf9e00, 0x00007fda6ac06000)
 Metaspace       used 24841K, capacity 25296K, committed 25344K, reserved 26624K
}
Event: 75332.505 GC heap after
{Heap after GC invocations=128439 (full 3):
 def new generation   total 1747712K, used 955K [0x00007fd428600000, 0x00007fd49ee60000, 0x00007fd97db50000)
  eden space 1553536K,   0% used [0x00007fd428600000, 0x00007fd428600000, 0x00007fd487320000)
  from space 194176K,   0% used [0x00007fd487320000, 0x00007fd48740ec98, 0x00007fd4930c0000)
  to   space 194176K,   0% used [0x00007fd4930c0000, 0x00007fd4930c0000, 0x00007fd49ee60000)
 tenured generation   total 3883736K, used 3883735K [0x00007fd97db50000, 0x00007fda6ac06000, 0x00007fe428600000)
   the space 3883736K,  99% used [0x00007fd97db50000, 0x00007fda6ac05d38, 0x00007fda6ac05e00, 0x00007fda6ac06000)
 Metaspace       used 24841K, capacity 25296K, committed 25344K, reserved 26624K
}
Event: 75332.505 GC heap before
{Heap before GC invocations=128439 (full 3):
 def new generation   total 1747712K, used 955K [0x00007fd428600000, 0x00007fd49ee60000, 0x00007fd97db50000)
  eden space 1553536K,   0% used [0x00007fd428600000, 0x00007fd428600000, 0x00007fd487320000)
  from space 194176K,   0% used [0x00007fd487320000, 0x00007fd48740ec98, 0x00007fd4930c0000)
  to   space 194176K,   0% used [0x00007fd4930c0000, 0x00007fd4930c0000, 0x00007fd49ee60000)
 tenured generation   total 3883736K, used 3883735K [0x00007fd97db50000, 0x00007fda6ac06000, 0x00007fe428600000)
   the space 3883736K,  99% used [0x00007fd97db50000, 0x00007fda6ac05d38, 0x00007fda6ac05e00, 0x00007fda6ac06000)
 Metaspace       used 24841K, capacity 25296K, committed 25344K, reserved 26624K
}

