# JRE version: OpenJDK Runtime Environment (13.0.7+5) (build 13.0.7+5-Ubuntu-0ubuntu120.04)
# Java VM: OpenJDK 64-Bit Server VM (13.0.7+5-Ubuntu-0ubuntu120.04, mixed mode, tiered, serial gc, linux-amd64)
Heap:
 def new generation   total 1748160K, used 0K [0x00007eef9c600000, 0x00007ef012ed0000, 0x00007ef4f1b50000)
  eden space 1553984K,   0% used [0x00007eef9c600000, 0x00007eef9c600000, 0x00007eeffb390000)
  from space 194176K,   0% used [0x00007eeffb390000, 0x00007eeffb390000, 0x00007ef007130000)
  to   space 194176K,   0% used [0x00007ef007130000, 0x00007ef007130000, 0x00007ef012ed0000)
 tenured generation   total 3884780K, used 3858067K [0x00007ef4f1b50000, 0x00007ef5ded0b000, 0x00007eff9c600000)
   the space 3884780K,  99% used [0x00007ef4f1b50000, 0x00007ef5dd2f4c60, 0x00007ef5dd2f4e00, 0x00007ef5ded0b000)
 Metaspace       used 24871K, capacity 25302K, committed 25344K, reserved 26624K
GC Heap History (20 events):
Event: 14287.461 GC heap after
{Heap after GC invocations=16987 (full 3):
 def new generation   total 1748160K, used 6197K [0x00007eef9c600000, 0x00007ef012ed0000, 0x00007ef4f1b50000)
  eden space 1553984K,   0% used [0x00007eef9c600000, 0x00007eef9c600000, 0x00007eeffb390000)
  from space 194176K,   3% used [0x00007ef007130000, 0x00007ef00773d5c0, 0x00007ef012ed0000)
  to   space 194176K,   0% used [0x00007eeffb390000, 0x00007eeffb390000, 0x00007ef007130000)
 tenured generation   total 3884588K, used 3881069K [0x00007ef4f1b50000, 0x00007ef5decdb000, 0x00007eff9c600000)
   the space 3884588K,  99% used [0x00007ef4f1b50000, 0x00007ef5de96b690, 0x00007ef5de96b800, 0x00007ef5decdb000)
 Metaspace       used 24871K, capacity 25302K, committed 25344K, reserved 26624K
}
Event: 14288.966 GC heap before
{Heap before GC invocations=16987 (full 3):
 def new generation   total 1748160K, used 1560181K [0x00007eef9c600000, 0x00007ef012ed0000, 0x00007ef4f1b50000)
  eden space 1553984K, 100% used [0x00007eef9c600000, 0x00007eeffb390000, 0x00007eeffb390000)
  from space 194176K,   3% used [0x00007ef007130000, 0x00007ef00773d5c0, 0x00007ef012ed0000)
  to   space 194176K,   0% used [0x00007eeffb390000, 0x00007eeffb390000, 0x00007ef007130000)
 tenured generation   total 3884588K, used 3881069K [0x00007ef4f1b50000, 0x00007ef5decdb000, 0x00007eff9c600000)
   the space 3884588K,  99% used [0x00007ef4f1b50000, 0x00007ef5de96b690, 0x00007ef5de96b800, 0x00007ef5decdb000)
 Metaspace       used 24871K, capacity 25302K, committed 25344K, reserved 26624K
}
Event: 14288.983 GC heap after
{Heap after GC invocations=16988 (full 3):
 def new generation   total 1748160K, used 6204K [0x00007eef9c600000, 0x00007ef012ed0000, 0x00007ef4f1b50000)
  eden space 1553984K,   0% used [0x00007eef9c600000, 0x00007eef9c600000, 0x00007eeffb390000)
  from space 194176K,   3% used [0x00007eeffb390000, 0x00007eeffb99f0e0, 0x00007ef007130000)
  to   space 194176K,   0% used [0x00007ef007130000, 0x00007ef007130000, 0x00007ef012ed0000)
 tenured generation   total 3884588K, used 3881467K [0x00007ef4f1b50000, 0x00007ef5decdb000, 0x00007eff9c600000)
   the space 3884588K,  99% used [0x00007ef4f1b50000, 0x00007ef5de9cef80, 0x00007ef5de9cf000, 0x00007ef5decdb000)
 Metaspace       used 24871K, capacity 25302K, committed 25344K, reserved 26624K
}
Event: 14290.525 GC heap before
{Heap before GC invocations=16988 (full 3):
 def new generation   total 1748160K, used 1560188K [0x00007eef9c600000, 0x00007ef012ed0000, 0x00007ef4f1b50000)
  eden space 1553984K, 100% used [0x00007eef9c600000, 0x00007eeffb390000, 0x00007eeffb390000)
  from space 194176K,   3% used [0x00007eeffb390000, 0x00007eeffb99f0e0, 0x00007ef007130000)
  to   space 194176K,   0% used [0x00007ef007130000, 0x00007ef007130000, 0x00007ef012ed0000)
 tenured generation   total 3884588K, used 3881467K [0x00007ef4f1b50000, 0x00007ef5decdb000, 0x00007eff9c600000)
   the space 3884588K,  99% used [0x00007ef4f1b50000, 0x00007ef5de9cef80, 0x00007ef5de9cf000, 0x00007ef5decdb000)
 Metaspace       used 24871K, capacity 25302K, committed 25344K, reserved 26624K
}
Event: 14290.545 GC heap after
{Heap after GC invocations=16989 (full 3):
 def new generation   total 1748160K, used 6232K [0x00007eef9c600000, 0x00007ef012ed0000, 0x00007ef4f1b50000)
  eden space 1553984K,   0% used [0x00007eef9c600000, 0x00007eef9c600000, 0x00007eeffb390000)
  from space 194176K,   3% used [0x00007ef007130000, 0x00007ef007746000, 0x00007ef012ed0000)
  to   space 194176K,   0% used [0x00007eeffb390000, 0x00007eeffb390000, 0x00007ef007130000)
 tenured generation   total 3884588K, used 3881894K [0x00007ef4f1b50000, 0x00007ef5decdb000, 0x00007eff9c600000)
   the space 3884588K,  99% used [0x00007ef4f1b50000, 0x00007ef5dea39a38, 0x00007ef5dea39c00, 0x00007ef5decdb000)
 Metaspace       used 24871K, capacity 25302K, committed 25344K, reserved 26624K
}
Event: 14292.013 GC heap before
{Heap before GC invocations=16989 (full 3):
 def new generation   total 1748160K, used 1560216K [0x00007eef9c600000, 0x00007ef012ed0000, 0x00007ef4f1b50000)
  eden space 1553984K, 100% used [0x00007eef9c600000, 0x00007eeffb390000, 0x00007eeffb390000)
  from space 194176K,   3% used [0x00007ef007130000, 0x00007ef007746000, 0x00007ef012ed0000)
  to   space 194176K,   0% used [0x00007eeffb390000, 0x00007eeffb390000, 0x00007ef007130000)
 tenured generation   total 3884588K, used 3881894K [0x00007ef4f1b50000, 0x00007ef5decdb000, 0x00007eff9c600000)
   the space 3884588K,  99% used [0x00007ef4f1b50000, 0x00007ef5dea39a38, 0x00007ef5dea39c00, 0x00007ef5decdb000)
 Metaspace       used 24871K, capacity 25302K, committed 25344K, reserved 26624K
}
Event: 14292.031 GC heap after
{Heap after GC invocations=16990 (full 3):
 def new generation   total 1748160K, used 6195K [0x00007eef9c600000, 0x00007ef012ed0000, 0x00007ef4f1b50000)
  eden space 1553984K,   0% used [0x00007eef9c600000, 0x00007eef9c600000, 0x00007eeffb390000)
  from space 194176K,   3% used [0x00007eeffb390000, 0x00007eeffb99cca0, 0x00007ef007130000)
  to   space 194176K,   0% used [0x00007ef007130000, 0x00007ef007130000, 0x00007ef012ed0000)
 tenured generation   total 3884588K, used 3882292K [0x00007ef4f1b50000, 0x00007ef5decdb000, 0x00007eff9c600000)
   the space 3884588K,  99% used [0x00007ef4f1b50000, 0x00007ef5dea9d328, 0x00007ef5dea9d400, 0x00007ef5decdb000)
 Metaspace       used 24871K, capacity 25302K, committed 25344K, reserved 26624K
}
Event: 14293.508 GC heap before
{Heap before GC invocations=16990 (full 3):
 def new generation   total 1748160K, used 1560179K [0x00007eef9c600000, 0x00007ef012ed0000, 0x00007ef4f1b50000)
  eden space 1553984K, 100% used [0x00007eef9c600000, 0x00007eeffb390000, 0x00007eeffb390000)
  from space 194176K,   3% used [0x00007eeffb390000, 0x00007eeffb99cca0, 0x00007ef007130000)
  to   space 194176K,   0% used [0x00007ef007130000, 0x00007ef007130000, 0x00007ef012ed0000)
 tenured generation   total 3884588K, used 3882292K [0x00007ef4f1b50000, 0x00007ef5decdb000, 0x00007eff9c600000)
   the space 3884588K,  99% used [0x00007ef4f1b50000, 0x00007ef5dea9d328, 0x00007ef5dea9d400, 0x00007ef5decdb000)
 Metaspace       used 24871K, capacity 25302K, committed 25344K, reserved 26624K
}
Event: 14293.525 GC heap after
{Heap after GC invocations=16991 (full 3):
 def new generation   total 1748160K, used 6210K [0x00007eef9c600000, 0x00007ef012ed0000, 0x00007ef4f1b50000)
  eden space 1553984K,   0% used [0x00007eef9c600000, 0x00007eef9c600000, 0x00007eeffb390000)
  from space 194176K,   3% used [0x00007ef007130000, 0x00007ef007740ab8, 0x00007ef012ed0000)
  to   space 194176K,   0% used [0x00007eeffb390000, 0x00007eeffb390000, 0x00007ef007130000)
 tenured generation   total 3884588K, used 3882691K [0x00007ef4f1b50000, 0x00007ef5decdb000, 0x00007eff9c600000)
   the space 3884588K,  99% used [0x00007ef4f1b50000, 0x00007ef5deb00c18, 0x00007ef5deb00e00, 0x00007ef5decdb000)
 Metaspace       used 24871K, capacity 25302K, committed 25344K, reserved 26624K
}
Event: 14295.039 GC heap before
{Heap before GC invocations=16991 (full 3):
 def new generation   total 1748160K, used 1560194K [0x00007eef9c600000, 0x00007ef012ed0000, 0x00007ef4f1b50000)
  eden space 1553984K, 100% used [0x00007eef9c600000, 0x00007eeffb390000, 0x00007eeffb390000)
  from space 194176K,   3% used [0x00007ef007130000, 0x00007ef007740ab8, 0x00007ef012ed0000)
  to   space 194176K,   0% used [0x00007eeffb390000, 0x00007eeffb390000, 0x00007ef007130000)
 tenured generation   total 3884588K, used 3882691K [0x00007ef4f1b50000, 0x00007ef5decdb000, 0x00007eff9c600000)
   the space 3884588K,  99% used [0x00007ef4f1b50000, 0x00007ef5deb00c18, 0x00007ef5deb00e00, 0x00007ef5decdb000)
 Metaspace       used 24871K, capacity 25302K, committed 25344K, reserved 26624K
}
Event: 14295.057 GC heap after
{Heap after GC invocations=16992 (full 3):
 def new generation   total 1748160K, used 6194K [0x00007eef9c600000, 0x00007ef012ed0000, 0x00007ef4f1b50000)
  eden space 1553984K,   0% used [0x00007eef9c600000, 0x00007eef9c600000, 0x00007eeffb390000)
  from space 194176K,   3% used [0x00007eeffb390000, 0x00007eeffb99ca90, 0x00007ef007130000)
  to   space 194176K,   0% used [0x00007ef007130000, 0x00007ef007130000, 0x00007ef012ed0000)
 tenured generation   total 3884588K, used 3883117K [0x00007ef4f1b50000, 0x00007ef5decdb000, 0x00007eff9c600000)
   the space 3884588K,  99% used [0x00007ef4f1b50000, 0x00007ef5deb6b6d0, 0x00007ef5deb6b800, 0x00007ef5decdb000)
 Metaspace       used 24871K, capacity 25302K, committed 25344K, reserved 26624K
}
Event: 14296.557 GC heap before
{Heap before GC invocations=16992 (full 3):
 def new generation   total 1748160K, used 1560178K [0x00007eef9c600000, 0x00007ef012ed0000, 0x00007ef4f1b50000)
  eden space 1553984K, 100% used [0x00007eef9c600000, 0x00007eeffb390000, 0x00007eeffb390000)
  from space 194176K,   3% used [0x00007eeffb390000, 0x00007eeffb99ca90, 0x00007ef007130000)
  to   space 194176K,   0% used [0x00007ef007130000, 0x00007ef007130000, 0x00007ef012ed0000)
 tenured generation   total 3884588K, used 3883117K [0x00007ef4f1b50000, 0x00007ef5decdb000, 0x00007eff9c600000)
   the space 3884588K,  99% used [0x00007ef4f1b50000, 0x00007ef5deb6b6d0, 0x00007ef5deb6b800, 0x00007ef5decdb000)
 Metaspace       used 24871K, capacity 25302K, committed 25344K, reserved 26624K
}
Event: 14296.575 GC heap after
{Heap after GC invocations=16993 (full 3):
 def new generation   total 1748160K, used 6199K [0x00007eef9c600000, 0x00007ef012ed0000, 0x00007ef4f1b50000)
  eden space 1553984K,   0% used [0x00007eef9c600000, 0x00007eef9c600000, 0x00007eeffb390000)
  from space 194176K,   3% used [0x00007ef007130000, 0x00007ef00773df40, 0x00007ef012ed0000)
  to   space 194176K,   0% used [0x00007eeffb390000, 0x00007eeffb390000, 0x00007ef007130000)
 tenured generation   total 3884588K, used 3883515K [0x00007ef4f1b50000, 0x00007ef5decdb000, 0x00007eff9c600000)
   the space 3884588K,  99% used [0x00007ef4f1b50000, 0x00007ef5debcefc0, 0x00007ef5debcf000, 0x00007ef5decdb000)
 Metaspace       used 24871K, capacity 25302K, committed 25344K, reserved 26624K
}
Event: 14298.091 GC heap before
{Heap before GC invocations=16993 (full 3):
 def new generation   total 1748160K, used 1560183K [0x00007eef9c600000, 0x00007ef012ed0000, 0x00007ef4f1b50000)
  eden space 1553984K, 100% used [0x00007eef9c600000, 0x00007eeffb390000, 0x00007eeffb390000)
  from space 194176K,   3% used [0x00007ef007130000, 0x00007ef00773df40, 0x00007ef012ed0000)
  to   space 194176K,   0% used [0x00007eeffb390000, 0x00007eeffb390000, 0x00007ef007130000)
 tenured generation   total 3884588K, used 3883515K [0x00007ef4f1b50000, 0x00007ef5decdb000, 0x00007eff9c600000)
   the space 3884588K,  99% used [0x00007ef4f1b50000, 0x00007ef5debcefc0, 0x00007ef5debcf000, 0x00007ef5decdb000)
 Metaspace       used 24871K, capacity 25302K, committed 25344K, reserved 26624K
}
Event: 14298.107 GC heap after
{Heap after GC invocations=16994 (full 3):
 def new generation   total 1748160K, used 6202K [0x00007eef9c600000, 0x00007ef012ed0000, 0x00007ef4f1b50000)
  eden space 1553984K,   0% used [0x00007eef9c600000, 0x00007eef9c600000, 0x00007eeffb390000)
  from space 194176K,   3% used [0x00007eeffb390000, 0x00007eeffb99e820, 0x00007ef007130000)
  to   space 194176K,   0% used [0x00007ef007130000, 0x00007ef007130000, 0x00007ef012ed0000)
 tenured generation   total 3884588K, used 3883942K [0x00007ef4f1b50000, 0x00007ef5decdb000, 0x00007eff9c600000)
   the space 3884588K,  99% used [0x00007ef4f1b50000, 0x00007ef5dec39a78, 0x00007ef5dec39c00, 0x00007ef5decdb000)
 Metaspace       used 24871K, capacity 25302K, committed 25344K, reserved 26624K
}
Event: 14299.614 GC heap before
{Heap before GC invocations=16994 (full 3):
 def new generation   total 1748160K, used 1560186K [0x00007eef9c600000, 0x00007ef012ed0000, 0x00007ef4f1b50000)
  eden space 1553984K, 100% used [0x00007eef9c600000, 0x00007eeffb390000, 0x00007eeffb390000)
  from space 194176K,   3% used [0x00007eeffb390000, 0x00007eeffb99e820, 0x00007ef007130000)
  to   space 194176K,   0% used [0x00007ef007130000, 0x00007ef007130000, 0x00007ef012ed0000)
 tenured generation   total 3884588K, used 3883942K [0x00007ef4f1b50000, 0x00007ef5decdb000, 0x00007eff9c600000)
   the space 3884588K,  99% used [0x00007ef4f1b50000, 0x00007ef5dec39a78, 0x00007ef5dec39c00, 0x00007ef5decdb000)
 Metaspace       used 24871K, capacity 25302K, committed 25344K, reserved 26624K
}
Event: 14299.635 GC heap after
{Heap after GC invocations=16995 (full 3):
 def new generation   total 1748160K, used 6203K [0x00007eef9c600000, 0x00007ef012ed0000, 0x00007ef4f1b50000)
  eden space 1553984K,   0% used [0x00007eef9c600000, 0x00007eef9c600000, 0x00007eeffb390000)
  from space 194176K,   3% used [0x00007ef007130000, 0x00007ef00773ee98, 0x00007ef012ed0000)
  to   space 194176K,   0% used [0x00007eeffb390000, 0x00007eeffb390000, 0x00007ef007130000)
 tenured generation   total 3884588K, used 3884340K [0x00007ef4f1b50000, 0x00007ef5decdb000, 0x00007eff9c600000)
   the space 3884588K,  99% used [0x00007ef4f1b50000, 0x00007ef5dec9d368, 0x00007ef5dec9d400, 0x00007ef5decdb000)
 Metaspace       used 24871K, capacity 25302K, committed 25344K, reserved 26624K
}
Event: 14301.151 GC heap before
{Heap before GC invocations=16995 (full 3):
 def new generation   total 1748160K, used 1560187K [0x00007eef9c600000, 0x00007ef012ed0000, 0x00007ef4f1b50000)
  eden space 1553984K, 100% used [0x00007eef9c600000, 0x00007eeffb390000, 0x00007eeffb390000)
  from space 194176K,   3% used [0x00007ef007130000, 0x00007ef00773ee98, 0x00007ef012ed0000)
  to   space 194176K,   0% used [0x00007eeffb390000, 0x00007eeffb390000, 0x00007ef007130000)
 tenured generation   total 3884588K, used 3884340K [0x00007ef4f1b50000, 0x00007ef5decdb000, 0x00007eff9c600000)
   the space 3884588K,  99% used [0x00007ef4f1b50000, 0x00007ef5dec9d368, 0x00007ef5dec9d400, 0x00007ef5decdb000)
 Metaspace       used 24871K, capacity 25302K, committed 25344K, reserved 26624K
}
Event: 14301.171 GC heap after
{Heap after GC invocations=16996 (full 3):
 def new generation   total 1748160K, used 6194K [0x00007eef9c600000, 0x00007ef012ed0000, 0x00007ef4f1b50000)
  eden space 1553984K,   0% used [0x00007eef9c600000, 0x00007eef9c600000, 0x00007eeffb390000)
  from space 194176K,   3% used [0x00007eeffb390000, 0x00007eeffb99cb40, 0x00007ef007130000)
  to   space 194176K,   0% used [0x00007ef007130000, 0x00007ef007130000, 0x00007ef012ed0000)
 tenured generation   total 3884780K, used 3884767K [0x00007ef4f1b50000, 0x00007ef5ded0b000, 0x00007eff9c600000)
   the space 3884780K,  99% used [0x00007ef4f1b50000, 0x00007ef5ded07e20, 0x00007ef5ded08000, 0x00007ef5ded0b000)
 Metaspace       used 24871K, capacity 25302K, committed 25344K, reserved 26624K
}
Event: 14301.171 GC heap before
{Heap before GC invocations=16996 (full 3):
 def new generation   total 1748160K, used 6194K [0x00007eef9c600000, 0x00007ef012ed0000, 0x00007ef4f1b50000)
  eden space 1553984K,   0% used [0x00007eef9c600000, 0x00007eef9c600000, 0x00007eeffb390000)
  from space 194176K,   3% used [0x00007eeffb390000, 0x00007eeffb99cb40, 0x00007ef007130000)
  to   space 194176K,   0% used [0x00007ef007130000, 0x00007ef007130000, 0x00007ef012ed0000)
 tenured generation   total 3884780K, used 3884767K [0x00007ef4f1b50000, 0x00007ef5ded0b000, 0x00007eff9c600000)
   the space 3884780K,  99% used [0x00007ef4f1b50000, 0x00007ef5ded07e20, 0x00007ef5ded08000, 0x00007ef5ded0b000)
 Metaspace       used 24871K, capacity 25302K, committed 25344K, reserved 26624K
}

