# JRE version: OpenJDK Runtime Environment (13.0.7+5) (build 13.0.7+5-Ubuntu-0ubuntu120.04)
# Java VM: OpenJDK 64-Bit Server VM (13.0.7+5-Ubuntu-0ubuntu120.04, mixed mode, tiered, serial gc, linux-amd64)
Heap:
 def new generation   total 2867520K, used 4610K [0x00007f0448600000, 0x00007f050ad70000, 0x00007f099db50000)
  eden space 2548928K,   0% used [0x00007f0448600000, 0x00007f0448a808f0, 0x00007f04e3f30000)
  from space 318592K,   0% used [0x00007f04f7650000, 0x00007f04f7650000, 0x00007f050ad70000)
  to   space 318592K,   0% used [0x00007f04e3f30000, 0x00007f04e3f30000, 0x00007f04f7650000)
 tenured generation   total 6372532K, used 6372532K [0x00007f099db50000, 0x00007f0b22a7d000, 0x00007f1448600000)
   the space 6372532K, 100% used [0x00007f099db50000, 0x00007f0b22a7d000, 0x00007f0b22a7d000, 0x00007f0b22a7d000)
 Metaspace       used 25104K, capacity 25624K, committed 25856K, reserved 26624K
GC Heap History (20 events):
Event: 56944.653 GC heap after
{Heap after GC invocations=74380 (full 4):
 def new generation   total 2867520K, used 4850K [0x00007f0448600000, 0x00007f050ad70000, 0x00007f099db50000)
  eden space 2548928K,   0% used [0x00007f0448600000, 0x00007f0448600000, 0x00007f04e3f30000)
  from space 318592K,   1% used [0x00007f04e3f30000, 0x00007f04e43ec850, 0x00007f04f7650000)
  to   space 318592K,   0% used [0x00007f04f7650000, 0x00007f04f7650000, 0x00007f050ad70000)
 tenured generation   total 6372148K, used 6369604K [0x00007f099db50000, 0x00007f0b22a1d000, 0x00007f1448600000)
   the space 6372148K,  99% used [0x00007f099db50000, 0x00007f0b227a10d0, 0x00007f0b227a1200, 0x00007f0b22a1d000)
 Metaspace       used 25104K, capacity 25624K, committed 25856K, reserved 26624K
}
Event: 56946.334 GC heap before
{Heap before GC invocations=74380 (full 4):
 def new generation   total 2867520K, used 2553778K [0x00007f0448600000, 0x00007f050ad70000, 0x00007f099db50000)
  eden space 2548928K, 100% used [0x00007f0448600000, 0x00007f04e3f30000, 0x00007f04e3f30000)
  from space 318592K,   1% used [0x00007f04e3f30000, 0x00007f04e43ec850, 0x00007f04f7650000)
  to   space 318592K,   0% used [0x00007f04f7650000, 0x00007f04f7650000, 0x00007f050ad70000)
 tenured generation   total 6372148K, used 6369604K [0x00007f099db50000, 0x00007f0b22a1d000, 0x00007f1448600000)
   the space 6372148K,  99% used [0x00007f099db50000, 0x00007f0b227a10d0, 0x00007f0b227a1200, 0x00007f0b22a1d000)
 Metaspace       used 25104K, capacity 25624K, committed 25856K, reserved 26624K
}
Event: 56946.342 GC heap after
{Heap after GC invocations=74381 (full 4):
 def new generation   total 2867520K, used 4844K [0x00007f0448600000, 0x00007f050ad70000, 0x00007f099db50000)
  eden space 2548928K,   0% used [0x00007f0448600000, 0x00007f0448600000, 0x00007f04e3f30000)
  from space 318592K,   1% used [0x00007f04f7650000, 0x00007f04f7b0b290, 0x00007f050ad70000)
  to   space 318592K,   0% used [0x00007f04e3f30000, 0x00007f04e3f30000, 0x00007f04f7650000)
 tenured generation   total 6372148K, used 6369896K [0x00007f099db50000, 0x00007f0b22a1d000, 0x00007f1448600000)
   the space 6372148K,  99% used [0x00007f099db50000, 0x00007f0b227ea088, 0x00007f0b227ea200, 0x00007f0b22a1d000)
 Metaspace       used 25104K, capacity 25624K, committed 25856K, reserved 26624K
}
Event: 56948.026 GC heap before
{Heap before GC invocations=74381 (full 4):
 def new generation   total 2867520K, used 2553772K [0x00007f0448600000, 0x00007f050ad70000, 0x00007f099db50000)
  eden space 2548928K, 100% used [0x00007f0448600000, 0x00007f04e3f30000, 0x00007f04e3f30000)
  from space 318592K,   1% used [0x00007f04f7650000, 0x00007f04f7b0b290, 0x00007f050ad70000)
  to   space 318592K,   0% used [0x00007f04e3f30000, 0x00007f04e3f30000, 0x00007f04f7650000)
 tenured generation   total 6372148K, used 6369896K [0x00007f099db50000, 0x00007f0b22a1d000, 0x00007f1448600000)
   the space 6372148K,  99% used [0x00007f099db50000, 0x00007f0b227ea088, 0x00007f0b227ea200, 0x00007f0b22a1d000)
 Metaspace       used 25104K, capacity 25624K, committed 25856K, reserved 26624K
}
Event: 56948.034 GC heap after
{Heap after GC invocations=74382 (full 4):
 def new generation   total 2867520K, used 4877K [0x00007f0448600000, 0x00007f050ad70000, 0x00007f099db50000)
  eden space 2548928K,   0% used [0x00007f0448600000, 0x00007f0448600000, 0x00007f04e3f30000)
  from space 318592K,   1% used [0x00007f04e3f30000, 0x00007f04e43f3710, 0x00007f04f7650000)
  to   space 318592K,   0% used [0x00007f04f7650000, 0x00007f04f7650000, 0x00007f050ad70000)
 tenured generation   total 6372148K, used 6370218K [0x00007f099db50000, 0x00007f0b22a1d000, 0x00007f1448600000)
   the space 6372148K,  99% used [0x00007f099db50000, 0x00007f0b2283aba8, 0x00007f0b2283ac00, 0x00007f0b22a1d000)
 Metaspace       used 25104K, capacity 25624K, committed 25856K, reserved 26624K
}
Event: 56949.716 GC heap before
{Heap before GC invocations=74382 (full 4):
 def new generation   total 2867520K, used 2553805K [0x00007f0448600000, 0x00007f050ad70000, 0x00007f099db50000)
  eden space 2548928K, 100% used [0x00007f0448600000, 0x00007f04e3f30000, 0x00007f04e3f30000)
  from space 318592K,   1% used [0x00007f04e3f30000, 0x00007f04e43f3710, 0x00007f04f7650000)
  to   space 318592K,   0% used [0x00007f04f7650000, 0x00007f04f7650000, 0x00007f050ad70000)
 tenured generation   total 6372148K, used 6370218K [0x00007f099db50000, 0x00007f0b22a1d000, 0x00007f1448600000)
   the space 6372148K,  99% used [0x00007f099db50000, 0x00007f0b2283aba8, 0x00007f0b2283ac00, 0x00007f0b22a1d000)
 Metaspace       used 25104K, capacity 25624K, committed 25856K, reserved 26624K
}
Event: 56949.724 GC heap after
{Heap after GC invocations=74383 (full 4):
 def new generation   total 2867520K, used 4847K [0x00007f0448600000, 0x00007f050ad70000, 0x00007f099db50000)
  eden space 2548928K,   0% used [0x00007f0448600000, 0x00007f0448600000, 0x00007f04e3f30000)
  from space 318592K,   1% used [0x00007f04f7650000, 0x00007f04f7b0bf40, 0x00007f050ad70000)
  to   space 318592K,   0% used [0x00007f04e3f30000, 0x00007f04e3f30000, 0x00007f04f7650000)
 tenured generation   total 6372148K, used 6370510K [0x00007f099db50000, 0x00007f0b22a1d000, 0x00007f1448600000)
   the space 6372148K,  99% used [0x00007f099db50000, 0x00007f0b22883b60, 0x00007f0b22883c00, 0x00007f0b22a1d000)
 Metaspace       used 25104K, capacity 25624K, committed 25856K, reserved 26624K
}
Event: 56951.443 GC heap before
{Heap before GC invocations=74383 (full 4):
 def new generation   total 2867520K, used 2553775K [0x00007f0448600000, 0x00007f050ad70000, 0x00007f099db50000)
  eden space 2548928K, 100% used [0x00007f0448600000, 0x00007f04e3f30000, 0x00007f04e3f30000)
  from space 318592K,   1% used [0x00007f04f7650000, 0x00007f04f7b0bf40, 0x00007f050ad70000)
  to   space 318592K,   0% used [0x00007f04e3f30000, 0x00007f04e3f30000, 0x00007f04f7650000)
 tenured generation   total 6372148K, used 6370510K [0x00007f099db50000, 0x00007f0b22a1d000, 0x00007f1448600000)
   the space 6372148K,  99% used [0x00007f099db50000, 0x00007f0b22883b60, 0x00007f0b22883c00, 0x00007f0b22a1d000)
 Metaspace       used 25104K, capacity 25624K, committed 25856K, reserved 26624K
}
Event: 56951.451 GC heap after
{Heap after GC invocations=74384 (full 4):
 def new generation   total 2867520K, used 4906K [0x00007f0448600000, 0x00007f050ad70000, 0x00007f099db50000)
  eden space 2548928K,   0% used [0x00007f0448600000, 0x00007f0448600000, 0x00007f04e3f30000)
  from space 318592K,   1% used [0x00007f04e3f30000, 0x00007f04e43fab90, 0x00007f04f7650000)
  to   space 318592K,   0% used [0x00007f04f7650000, 0x00007f04f7650000, 0x00007f050ad70000)
 tenured generation   total 6372148K, used 6370829K [0x00007f099db50000, 0x00007f0b22a1d000, 0x00007f1448600000)
   the space 6372148K,  99% used [0x00007f099db50000, 0x00007f0b228d3540, 0x00007f0b228d3600, 0x00007f0b22a1d000)
 Metaspace       used 25104K, capacity 25624K, committed 25856K, reserved 26624K
}
Event: 56953.180 GC heap before
{Heap before GC invocations=74384 (full 4):
 def new generation   total 2867520K, used 2553834K [0x00007f0448600000, 0x00007f050ad70000, 0x00007f099db50000)
  eden space 2548928K, 100% used [0x00007f0448600000, 0x00007f04e3f30000, 0x00007f04e3f30000)
  from space 318592K,   1% used [0x00007f04e3f30000, 0x00007f04e43fab90, 0x00007f04f7650000)
  to   space 318592K,   0% used [0x00007f04f7650000, 0x00007f04f7650000, 0x00007f050ad70000)
 tenured generation   total 6372148K, used 6370829K [0x00007f099db50000, 0x00007f0b22a1d000, 0x00007f1448600000)
   the space 6372148K,  99% used [0x00007f099db50000, 0x00007f0b228d3540, 0x00007f0b228d3600, 0x00007f0b22a1d000)
 Metaspace       used 25104K, capacity 25624K, committed 25856K, reserved 26624K
}
Event: 56953.189 GC heap after
{Heap after GC invocations=74385 (full 4):
 def new generation   total 2867520K, used 4843K [0x00007f0448600000, 0x00007f050ad70000, 0x00007f099db50000)
  eden space 2548928K,   0% used [0x00007f0448600000, 0x00007f0448600000, 0x00007f04e3f30000)
  from space 318592K,   1% used [0x00007f04f7650000, 0x00007f04f7b0adf8, 0x00007f050ad70000)
  to   space 318592K,   0% used [0x00007f04e3f30000, 0x00007f04e3f30000, 0x00007f04f7650000)
 tenured generation   total 6372148K, used 6371147K [0x00007f099db50000, 0x00007f0b22a1d000, 0x00007f1448600000)
   the space 6372148K,  99% used [0x00007f099db50000, 0x00007f0b22922f20, 0x00007f0b22923000, 0x00007f0b22a1d000)
 Metaspace       used 25104K, capacity 25624K, committed 25856K, reserved 26624K
}
Event: 56954.951 GC heap before
{Heap before GC invocations=74385 (full 4):
 def new generation   total 2867520K, used 2553771K [0x00007f0448600000, 0x00007f050ad70000, 0x00007f099db50000)
  eden space 2548928K, 100% used [0x00007f0448600000, 0x00007f04e3f30000, 0x00007f04e3f30000)
  from space 318592K,   1% used [0x00007f04f7650000, 0x00007f04f7b0adf8, 0x00007f050ad70000)
  to   space 318592K,   0% used [0x00007f04e3f30000, 0x00007f04e3f30000, 0x00007f04f7650000)
 tenured generation   total 6372148K, used 6371147K [0x00007f099db50000, 0x00007f0b22a1d000, 0x00007f1448600000)
   the space 6372148K,  99% used [0x00007f099db50000, 0x00007f0b22922f20, 0x00007f0b22923000, 0x00007f0b22a1d000)
 Metaspace       used 25104K, capacity 25624K, committed 25856K, reserved 26624K
}
Event: 56954.960 GC heap after
{Heap after GC invocations=74386 (full 4):
 def new generation   total 2867520K, used 4822K [0x00007f0448600000, 0x00007f050ad70000, 0x00007f099db50000)
  eden space 2548928K,   0% used [0x00007f0448600000, 0x00007f0448600000, 0x00007f04e3f30000)
  from space 318592K,   1% used [0x00007f04e3f30000, 0x00007f04e43e5b70, 0x00007f04f7650000)
  to   space 318592K,   0% used [0x00007f04f7650000, 0x00007f04f7650000, 0x00007f050ad70000)
 tenured generation   total 6372148K, used 6371439K [0x00007f099db50000, 0x00007f0b22a1d000, 0x00007f1448600000)
   the space 6372148K,  99% used [0x00007f099db50000, 0x00007f0b2296bed8, 0x00007f0b2296c000, 0x00007f0b22a1d000)
 Metaspace       used 25104K, capacity 25624K, committed 25856K, reserved 26624K
}
Event: 56956.677 GC heap before
{Heap before GC invocations=74386 (full 4):
 def new generation   total 2867520K, used 2553750K [0x00007f0448600000, 0x00007f050ad70000, 0x00007f099db50000)
  eden space 2548928K, 100% used [0x00007f0448600000, 0x00007f04e3f30000, 0x00007f04e3f30000)
  from space 318592K,   1% used [0x00007f04e3f30000, 0x00007f04e43e5b70, 0x00007f04f7650000)
  to   space 318592K,   0% used [0x00007f04f7650000, 0x00007f04f7650000, 0x00007f050ad70000)
 tenured generation   total 6372148K, used 6371439K [0x00007f099db50000, 0x00007f0b22a1d000, 0x00007f1448600000)
   the space 6372148K,  99% used [0x00007f099db50000, 0x00007f0b2296bed8, 0x00007f0b2296c000, 0x00007f0b22a1d000)
 Metaspace       used 25104K, capacity 25624K, committed 25856K, reserved 26624K
}
Event: 56956.685 GC heap after
{Heap after GC invocations=74387 (full 4):
 def new generation   total 2867520K, used 4875K [0x00007f0448600000, 0x00007f050ad70000, 0x00007f099db50000)
  eden space 2548928K,   0% used [0x00007f0448600000, 0x00007f0448600000, 0x00007f04e3f30000)
  from space 318592K,   1% used [0x00007f04f7650000, 0x00007f04f7b12d38, 0x00007f050ad70000)
  to   space 318592K,   0% used [0x00007f04e3f30000, 0x00007f04e3f30000, 0x00007f04f7650000)
 tenured generation   total 6372148K, used 6371758K [0x00007f099db50000, 0x00007f0b22a1d000, 0x00007f1448600000)
   the space 6372148K,  99% used [0x00007f099db50000, 0x00007f0b229bb8b8, 0x00007f0b229bba00, 0x00007f0b22a1d000)
 Metaspace       used 25104K, capacity 25624K, committed 25856K, reserved 26624K
}
Event: 56958.450 GC heap before
{Heap before GC invocations=74387 (full 4):
 def new generation   total 2867520K, used 2553803K [0x00007f0448600000, 0x00007f050ad70000, 0x00007f099db50000)
  eden space 2548928K, 100% used [0x00007f0448600000, 0x00007f04e3f30000, 0x00007f04e3f30000)
  from space 318592K,   1% used [0x00007f04f7650000, 0x00007f04f7b12d38, 0x00007f050ad70000)
  to   space 318592K,   0% used [0x00007f04e3f30000, 0x00007f04e3f30000, 0x00007f04f7650000)
 tenured generation   total 6372148K, used 6371758K [0x00007f099db50000, 0x00007f0b22a1d000, 0x00007f1448600000)
   the space 6372148K,  99% used [0x00007f099db50000, 0x00007f0b229bb8b8, 0x00007f0b229bba00, 0x00007f0b22a1d000)
 Metaspace       used 25104K, capacity 25624K, committed 25856K, reserved 26624K
}
Event: 56958.458 GC heap after
{Heap after GC invocations=74388 (full 4):
 def new generation   total 2867520K, used 4865K [0x00007f0448600000, 0x00007f050ad70000, 0x00007f099db50000)
  eden space 2548928K,   0% used [0x00007f0448600000, 0x00007f0448600000, 0x00007f04e3f30000)
  from space 318592K,   1% used [0x00007f04e3f30000, 0x00007f04e43f0418, 0x00007f04f7650000)
  to   space 318592K,   0% used [0x00007f04f7650000, 0x00007f04f7650000, 0x00007f050ad70000)
 tenured generation   total 6372148K, used 6372050K [0x00007f099db50000, 0x00007f0b22a1d000, 0x00007f1448600000)
   the space 6372148K,  99% used [0x00007f099db50000, 0x00007f0b22a04870, 0x00007f0b22a04a00, 0x00007f0b22a1d000)
 Metaspace       used 25104K, capacity 25624K, committed 25856K, reserved 26624K
}
Event: 56960.210 GC heap before
{Heap before GC invocations=74388 (full 4):
 def new generation   total 2867520K, used 2553793K [0x00007f0448600000, 0x00007f050ad70000, 0x00007f099db50000)
  eden space 2548928K, 100% used [0x00007f0448600000, 0x00007f04e3f30000, 0x00007f04e3f30000)
  from space 318592K,   1% used [0x00007f04e3f30000, 0x00007f04e43f0418, 0x00007f04f7650000)
  to   space 318592K,   0% used [0x00007f04f7650000, 0x00007f04f7650000, 0x00007f050ad70000)
 tenured generation   total 6372148K, used 6372050K [0x00007f099db50000, 0x00007f0b22a1d000, 0x00007f1448600000)
   the space 6372148K,  99% used [0x00007f099db50000, 0x00007f0b22a04870, 0x00007f0b22a04a00, 0x00007f0b22a1d000)
 Metaspace       used 25104K, capacity 25624K, committed 25856K, reserved 26624K
}
Event: 56960.219 GC heap after
{Heap after GC invocations=74389 (full 4):
 def new generation   total 2867520K, used 4891K [0x00007f0448600000, 0x00007f050ad70000, 0x00007f099db50000)
  eden space 2548928K,   0% used [0x00007f0448600000, 0x00007f0448600000, 0x00007f04e3f30000)
  from space 318592K,   1% used [0x00007f04f7650000, 0x00007f04f7b16d98, 0x00007f050ad70000)
  to   space 318592K,   0% used [0x00007f04e3f30000, 0x00007f04e3f30000, 0x00007f04f7650000)
 tenured generation   total 6372532K, used 6372368K [0x00007f099db50000, 0x00007f0b22a7d000, 0x00007f1448600000)
   the space 6372532K,  99% used [0x00007f099db50000, 0x00007f0b22a54250, 0x00007f0b22a54400, 0x00007f0b22a7d000)
 Metaspace       used 25104K, capacity 25624K, committed 25856K, reserved 26624K
}
Event: 56960.219 GC heap before
{Heap before GC invocations=74389 (full 4):
 def new generation   total 2867520K, used 4891K [0x00007f0448600000, 0x00007f050ad70000, 0x00007f099db50000)
  eden space 2548928K,   0% used [0x00007f0448600000, 0x00007f0448600000, 0x00007f04e3f30000)
  from space 318592K,   1% used [0x00007f04f7650000, 0x00007f04f7b16d98, 0x00007f050ad70000)
  to   space 318592K,   0% used [0x00007f04e3f30000, 0x00007f04e3f30000, 0x00007f04f7650000)
 tenured generation   total 6372532K, used 6372368K [0x00007f099db50000, 0x00007f0b22a7d000, 0x00007f1448600000)
   the space 6372532K,  99% used [0x00007f099db50000, 0x00007f0b22a54250, 0x00007f0b22a54400, 0x00007f0b22a7d000)
 Metaspace       used 25104K, capacity 25624K, committed 25856K, reserved 26624K
}

