# JRE version: OpenJDK Runtime Environment (13.0.7+5) (build 13.0.7+5-Ubuntu-0ubuntu120.04)
# Java VM: OpenJDK 64-Bit Server VM (13.0.7+5-Ubuntu-0ubuntu120.04, mixed mode, tiered, serial gc, linux-amd64)
Heap:
 def new generation   total 1748160K, used 0K [0x00007f6c30600000, 0x00007f6ca6ed0000, 0x00007f7185b50000)
  eden space 1553984K,   0% used [0x00007f6c30600000, 0x00007f6c30600000, 0x00007f6c8f390000)
  from space 194176K,   0% used [0x00007f6c9b130000, 0x00007f6c9b130000, 0x00007f6ca6ed0000)
  to   space 194176K,   0% used [0x00007f6c8f390000, 0x00007f6c8f390000, 0x00007f6c9b130000)
 tenured generation   total 3884972K, used 3853960K [0x00007f7185b50000, 0x00007f7272d3b000, 0x00007f7c30600000)
   the space 3884972K,  99% used [0x00007f7185b50000, 0x00007f7270ef2298, 0x00007f7270ef2400, 0x00007f7272d3b000)
 Metaspace       used 25080K, capacity 25553K, committed 25600K, reserved 26624K
GC Heap History (20 events):
Event: 10926.083 GC heap after
{Heap after GC invocations=14332 (full 3):
 def new generation   total 1748160K, used 13276K [0x00007f6c30600000, 0x00007f6ca6ed0000, 0x00007f7185b50000)
  eden space 1553984K,   0% used [0x00007f6c30600000, 0x00007f6c30600000, 0x00007f6c8f390000)
  from space 194176K,   6% used [0x00007f6c8f390000, 0x00007f6c90087170, 0x00007f6c9b130000)
  to   space 194176K,   0% used [0x00007f6c9b130000, 0x00007f6c9b130000, 0x00007f6ca6ed0000)
 tenured generation   total 3884588K, used 3876960K [0x00007f7185b50000, 0x00007f7272cdb000, 0x00007f7c30600000)
   the space 3884588K,  99% used [0x00007f7185b50000, 0x00007f72725681e8, 0x00007f7272568200, 0x00007f7272cdb000)
 Metaspace       used 25080K, capacity 25553K, committed 25600K, reserved 26624K
}
Event: 10927.429 GC heap before
{Heap before GC invocations=14332 (full 3):
 def new generation   total 1748160K, used 1567260K [0x00007f6c30600000, 0x00007f6ca6ed0000, 0x00007f7185b50000)
  eden space 1553984K, 100% used [0x00007f6c30600000, 0x00007f6c8f390000, 0x00007f6c8f390000)
  from space 194176K,   6% used [0x00007f6c8f390000, 0x00007f6c90087170, 0x00007f6c9b130000)
  to   space 194176K,   0% used [0x00007f6c9b130000, 0x00007f6c9b130000, 0x00007f6ca6ed0000)
 tenured generation   total 3884588K, used 3876960K [0x00007f7185b50000, 0x00007f7272cdb000, 0x00007f7c30600000)
   the space 3884588K,  99% used [0x00007f7185b50000, 0x00007f72725681e8, 0x00007f7272568200, 0x00007f7272cdb000)
 Metaspace       used 25080K, capacity 25553K, committed 25600K, reserved 26624K
}
Event: 10927.463 GC heap after
{Heap after GC invocations=14333 (full 3):
 def new generation   total 1748160K, used 13251K [0x00007f6c30600000, 0x00007f6ca6ed0000, 0x00007f7185b50000)
  eden space 1553984K,   0% used [0x00007f6c30600000, 0x00007f6c30600000, 0x00007f6c8f390000)
  from space 194176K,   6% used [0x00007f6c9b130000, 0x00007f6c9be20fe0, 0x00007f6ca6ed0000)
  to   space 194176K,   0% used [0x00007f6c8f390000, 0x00007f6c8f390000, 0x00007f6c9b130000)
 tenured generation   total 3884588K, used 3877843K [0x00007f7185b50000, 0x00007f7272cdb000, 0x00007f7c30600000)
   the space 3884588K,  99% used [0x00007f7185b50000, 0x00007f7272644e80, 0x00007f7272645000, 0x00007f7272cdb000)
 Metaspace       used 25080K, capacity 25553K, committed 25600K, reserved 26624K
}
Event: 10928.750 GC heap before
{Heap before GC invocations=14333 (full 3):
 def new generation   total 1748160K, used 1567235K [0x00007f6c30600000, 0x00007f6ca6ed0000, 0x00007f7185b50000)
  eden space 1553984K, 100% used [0x00007f6c30600000, 0x00007f6c8f390000, 0x00007f6c8f390000)
  from space 194176K,   6% used [0x00007f6c9b130000, 0x00007f6c9be20fe0, 0x00007f6ca6ed0000)
  to   space 194176K,   0% used [0x00007f6c8f390000, 0x00007f6c8f390000, 0x00007f6c9b130000)
 tenured generation   total 3884588K, used 3877843K [0x00007f7185b50000, 0x00007f7272cdb000, 0x00007f7c30600000)
   the space 3884588K,  99% used [0x00007f7185b50000, 0x00007f7272644e80, 0x00007f7272645000, 0x00007f7272cdb000)
 Metaspace       used 25080K, capacity 25553K, committed 25600K, reserved 26624K
}
Event: 10928.781 GC heap after
{Heap after GC invocations=14334 (full 3):
 def new generation   total 1748160K, used 13186K [0x00007f6c30600000, 0x00007f6ca6ed0000, 0x00007f7185b50000)
  eden space 1553984K,   0% used [0x00007f6c30600000, 0x00007f6c30600000, 0x00007f6c8f390000)
  from space 194176K,   6% used [0x00007f6c8f390000, 0x00007f6c900708b0, 0x00007f6c9b130000)
  to   space 194176K,   0% used [0x00007f6c9b130000, 0x00007f6c9b130000, 0x00007f6ca6ed0000)
 tenured generation   total 3884588K, used 3878726K [0x00007f7185b50000, 0x00007f7272cdb000, 0x00007f7c30600000)
   the space 3884588K,  99% used [0x00007f7185b50000, 0x00007f7272721b18, 0x00007f7272721c00, 0x00007f7272cdb000)
 Metaspace       used 25080K, capacity 25553K, committed 25600K, reserved 26624K
}
Event: 10930.116 GC heap before
{Heap before GC invocations=14334 (full 3):
 def new generation   total 1748160K, used 1567170K [0x00007f6c30600000, 0x00007f6ca6ed0000, 0x00007f7185b50000)
  eden space 1553984K, 100% used [0x00007f6c30600000, 0x00007f6c8f390000, 0x00007f6c8f390000)
  from space 194176K,   6% used [0x00007f6c8f390000, 0x00007f6c900708b0, 0x00007f6c9b130000)
  to   space 194176K,   0% used [0x00007f6c9b130000, 0x00007f6c9b130000, 0x00007f6ca6ed0000)
 tenured generation   total 3884588K, used 3878726K [0x00007f7185b50000, 0x00007f7272cdb000, 0x00007f7c30600000)
   the space 3884588K,  99% used [0x00007f7185b50000, 0x00007f7272721b18, 0x00007f7272721c00, 0x00007f7272cdb000)
 Metaspace       used 25080K, capacity 25553K, committed 25600K, reserved 26624K
}
Event: 10930.144 GC heap after
{Heap after GC invocations=14335 (full 3):
 def new generation   total 1748160K, used 13202K [0x00007f6c30600000, 0x00007f6ca6ed0000, 0x00007f7185b50000)
  eden space 1553984K,   0% used [0x00007f6c30600000, 0x00007f6c30600000, 0x00007f6c8f390000)
  from space 194176K,   6% used [0x00007f6c9b130000, 0x00007f6c9be14aa8, 0x00007f6ca6ed0000)
  to   space 194176K,   0% used [0x00007f6c8f390000, 0x00007f6c8f390000, 0x00007f6c9b130000)
 tenured generation   total 3884588K, used 3879609K [0x00007f7185b50000, 0x00007f7272cdb000, 0x00007f7c30600000)
   the space 3884588K,  99% used [0x00007f7185b50000, 0x00007f72727fe7b0, 0x00007f72727fe800, 0x00007f7272cdb000)
 Metaspace       used 25080K, capacity 25553K, committed 25600K, reserved 26624K
}
Event: 10931.472 GC heap before
{Heap before GC invocations=14335 (full 3):
 def new generation   total 1748160K, used 1567186K [0x00007f6c30600000, 0x00007f6ca6ed0000, 0x00007f7185b50000)
  eden space 1553984K, 100% used [0x00007f6c30600000, 0x00007f6c8f390000, 0x00007f6c8f390000)
  from space 194176K,   6% used [0x00007f6c9b130000, 0x00007f6c9be14aa8, 0x00007f6ca6ed0000)
  to   space 194176K,   0% used [0x00007f6c8f390000, 0x00007f6c8f390000, 0x00007f6c9b130000)
 tenured generation   total 3884588K, used 3879609K [0x00007f7185b50000, 0x00007f7272cdb000, 0x00007f7c30600000)
   the space 3884588K,  99% used [0x00007f7185b50000, 0x00007f72727fe7b0, 0x00007f72727fe800, 0x00007f7272cdb000)
 Metaspace       used 25080K, capacity 25553K, committed 25600K, reserved 26624K
}
Event: 10931.498 GC heap after
{Heap after GC invocations=14336 (full 3):
 def new generation   total 1748160K, used 13176K [0x00007f6c30600000, 0x00007f6ca6ed0000, 0x00007f7185b50000)
  eden space 1553984K,   0% used [0x00007f6c30600000, 0x00007f6c30600000, 0x00007f6c8f390000)
  from space 194176K,   6% used [0x00007f6c8f390000, 0x00007f6c9006e160, 0x00007f6c9b130000)
  to   space 194176K,   0% used [0x00007f6c9b130000, 0x00007f6c9b130000, 0x00007f6ca6ed0000)
 tenured generation   total 3884588K, used 3880497K [0x00007f7185b50000, 0x00007f7272cdb000, 0x00007f7c30600000)
   the space 3884588K,  99% used [0x00007f7185b50000, 0x00007f72728dc588, 0x00007f72728dc600, 0x00007f7272cdb000)
 Metaspace       used 25080K, capacity 25553K, committed 25600K, reserved 26624K
}
Event: 10932.834 GC heap before
{Heap before GC invocations=14336 (full 3):
 def new generation   total 1748160K, used 1567160K [0x00007f6c30600000, 0x00007f6ca6ed0000, 0x00007f7185b50000)
  eden space 1553984K, 100% used [0x00007f6c30600000, 0x00007f6c8f390000, 0x00007f6c8f390000)
  from space 194176K,   6% used [0x00007f6c8f390000, 0x00007f6c9006e160, 0x00007f6c9b130000)
  to   space 194176K,   0% used [0x00007f6c9b130000, 0x00007f6c9b130000, 0x00007f6ca6ed0000)
 tenured generation   total 3884588K, used 3880497K [0x00007f7185b50000, 0x00007f7272cdb000, 0x00007f7c30600000)
   the space 3884588K,  99% used [0x00007f7185b50000, 0x00007f72728dc588, 0x00007f72728dc600, 0x00007f7272cdb000)
 Metaspace       used 25080K, capacity 25553K, committed 25600K, reserved 26624K
}
Event: 10932.865 GC heap after
{Heap after GC invocations=14337 (full 3):
 def new generation   total 1748160K, used 13184K [0x00007f6c30600000, 0x00007f6ca6ed0000, 0x00007f7185b50000)
  eden space 1553984K,   0% used [0x00007f6c30600000, 0x00007f6c30600000, 0x00007f6c8f390000)
  from space 194176K,   6% used [0x00007f6c9b130000, 0x00007f6c9be10188, 0x00007f6ca6ed0000)
  to   space 194176K,   0% used [0x00007f6c8f390000, 0x00007f6c8f390000, 0x00007f6c9b130000)
 tenured generation   total 3884588K, used 3881380K [0x00007f7185b50000, 0x00007f7272cdb000, 0x00007f7c30600000)
   the space 3884588K,  99% used [0x00007f7185b50000, 0x00007f72729b9220, 0x00007f72729b9400, 0x00007f7272cdb000)
 Metaspace       used 25080K, capacity 25553K, committed 25600K, reserved 26624K
}
Event: 10934.231 GC heap before
{Heap before GC invocations=14337 (full 3):
 def new generation   total 1748160K, used 1567168K [0x00007f6c30600000, 0x00007f6ca6ed0000, 0x00007f7185b50000)
  eden space 1553984K, 100% used [0x00007f6c30600000, 0x00007f6c8f390000, 0x00007f6c8f390000)
  from space 194176K,   6% used [0x00007f6c9b130000, 0x00007f6c9be10188, 0x00007f6ca6ed0000)
  to   space 194176K,   0% used [0x00007f6c8f390000, 0x00007f6c8f390000, 0x00007f6c9b130000)
 tenured generation   total 3884588K, used 3881380K [0x00007f7185b50000, 0x00007f7272cdb000, 0x00007f7c30600000)
   the space 3884588K,  99% used [0x00007f7185b50000, 0x00007f72729b9220, 0x00007f72729b9400, 0x00007f7272cdb000)
 Metaspace       used 25080K, capacity 25553K, committed 25600K, reserved 26624K
}
Event: 10934.261 GC heap after
{Heap after GC invocations=14338 (full 3):
 def new generation   total 1748160K, used 13247K [0x00007f6c30600000, 0x00007f6ca6ed0000, 0x00007f7185b50000)
  eden space 1553984K,   0% used [0x00007f6c30600000, 0x00007f6c30600000, 0x00007f6c8f390000)
  from space 194176K,   6% used [0x00007f6c8f390000, 0x00007f6c9007ff10, 0x00007f6c9b130000)
  to   space 194176K,   0% used [0x00007f6c9b130000, 0x00007f6c9b130000, 0x00007f6ca6ed0000)
 tenured generation   total 3884588K, used 3882191K [0x00007f7185b50000, 0x00007f7272cdb000, 0x00007f7c30600000)
   the space 3884588K,  99% used [0x00007f7185b50000, 0x00007f7272a83d48, 0x00007f7272a83e00, 0x00007f7272cdb000)
 Metaspace       used 25080K, capacity 25553K, committed 25600K, reserved 26624K
}
Event: 10935.587 GC heap before
{Heap before GC invocations=14338 (full 3):
 def new generation   total 1748160K, used 1567231K [0x00007f6c30600000, 0x00007f6ca6ed0000, 0x00007f7185b50000)
  eden space 1553984K, 100% used [0x00007f6c30600000, 0x00007f6c8f390000, 0x00007f6c8f390000)
  from space 194176K,   6% used [0x00007f6c8f390000, 0x00007f6c9007ff10, 0x00007f6c9b130000)
  to   space 194176K,   0% used [0x00007f6c9b130000, 0x00007f6c9b130000, 0x00007f6ca6ed0000)
 tenured generation   total 3884588K, used 3882191K [0x00007f7185b50000, 0x00007f7272cdb000, 0x00007f7c30600000)
   the space 3884588K,  99% used [0x00007f7185b50000, 0x00007f7272a83d48, 0x00007f7272a83e00, 0x00007f7272cdb000)
 Metaspace       used 25080K, capacity 25553K, committed 25600K, reserved 26624K
}
Event: 10935.616 GC heap after
{Heap after GC invocations=14339 (full 3):
 def new generation   total 1748160K, used 13240K [0x00007f6c30600000, 0x00007f6ca6ed0000, 0x00007f7185b50000)
  eden space 1553984K,   0% used [0x00007f6c30600000, 0x00007f6c30600000, 0x00007f6c8f390000)
  from space 194176K,   6% used [0x00007f6c9b130000, 0x00007f6c9be1e380, 0x00007f6ca6ed0000)
  to   space 194176K,   0% used [0x00007f6c8f390000, 0x00007f6c8f390000, 0x00007f6c9b130000)
 tenured generation   total 3884588K, used 3883074K [0x00007f7185b50000, 0x00007f7272cdb000, 0x00007f7c30600000)
   the space 3884588K,  99% used [0x00007f7185b50000, 0x00007f7272b609e0, 0x00007f7272b60a00, 0x00007f7272cdb000)
 Metaspace       used 25080K, capacity 25553K, committed 25600K, reserved 26624K
}
Event: 10936.963 GC heap before
{Heap before GC invocations=14339 (full 3):
 def new generation   total 1748160K, used 1567224K [0x00007f6c30600000, 0x00007f6ca6ed0000, 0x00007f7185b50000)
  eden space 1553984K, 100% used [0x00007f6c30600000, 0x00007f6c8f390000, 0x00007f6c8f390000)
  from space 194176K,   6% used [0x00007f6c9b130000, 0x00007f6c9be1e380, 0x00007f6ca6ed0000)
  to   space 194176K,   0% used [0x00007f6c8f390000, 0x00007f6c8f390000, 0x00007f6c9b130000)
 tenured generation   total 3884588K, used 3883074K [0x00007f7185b50000, 0x00007f7272cdb000, 0x00007f7c30600000)
   the space 3884588K,  99% used [0x00007f7185b50000, 0x00007f7272b609e0, 0x00007f7272b60a00, 0x00007f7272cdb000)
 Metaspace       used 25080K, capacity 25553K, committed 25600K, reserved 26624K
}
Event: 10936.987 GC heap after
{Heap after GC invocations=14340 (full 3):
 def new generation   total 1748160K, used 13245K [0x00007f6c30600000, 0x00007f6ca6ed0000, 0x00007f7185b50000)
  eden space 1553984K,   0% used [0x00007f6c30600000, 0x00007f6c30600000, 0x00007f6c8f390000)
  from space 194176K,   6% used [0x00007f6c8f390000, 0x00007f6c9007f458, 0x00007f6c9b130000)
  to   space 194176K,   0% used [0x00007f6c9b130000, 0x00007f6c9b130000, 0x00007f6ca6ed0000)
 tenured generation   total 3884588K, used 3883957K [0x00007f7185b50000, 0x00007f7272cdb000, 0x00007f7c30600000)
   the space 3884588K,  99% used [0x00007f7185b50000, 0x00007f7272c3d678, 0x00007f7272c3d800, 0x00007f7272cdb000)
 Metaspace       used 25080K, capacity 25553K, committed 25600K, reserved 26624K
}
Event: 10938.313 GC heap before
{Heap before GC invocations=14340 (full 3):
 def new generation   total 1748160K, used 1567229K [0x00007f6c30600000, 0x00007f6ca6ed0000, 0x00007f7185b50000)
  eden space 1553984K, 100% used [0x00007f6c30600000, 0x00007f6c8f390000, 0x00007f6c8f390000)
  from space 194176K,   6% used [0x00007f6c8f390000, 0x00007f6c9007f458, 0x00007f6c9b130000)
  to   space 194176K,   0% used [0x00007f6c9b130000, 0x00007f6c9b130000, 0x00007f6ca6ed0000)
 tenured generation   total 3884588K, used 3883957K [0x00007f7185b50000, 0x00007f7272cdb000, 0x00007f7c30600000)
   the space 3884588K,  99% used [0x00007f7185b50000, 0x00007f7272c3d678, 0x00007f7272c3d800, 0x00007f7272cdb000)
 Metaspace       used 25080K, capacity 25553K, committed 25600K, reserved 26624K
}
Event: 10938.342 GC heap after
{Heap after GC invocations=14341 (full 3):
 def new generation   total 1748160K, used 13243K [0x00007f6c30600000, 0x00007f6ca6ed0000, 0x00007f7185b50000)
  eden space 1553984K,   0% used [0x00007f6c30600000, 0x00007f6c30600000, 0x00007f6c8f390000)
  from space 194176K,   6% used [0x00007f6c9b130000, 0x00007f6c9be1ed00, 0x00007f6ca6ed0000)
  to   space 194176K,   0% used [0x00007f6c8f390000, 0x00007f6c8f390000, 0x00007f6c9b130000)
 tenured generation   total 3884972K, used 3884840K [0x00007f7185b50000, 0x00007f7272d3b000, 0x00007f7c30600000)
   the space 3884972K,  99% used [0x00007f7185b50000, 0x00007f7272d1a310, 0x00007f7272d1a400, 0x00007f7272d3b000)
 Metaspace       used 25080K, capacity 25553K, committed 25600K, reserved 26624K
}
Event: 10938.342 GC heap before
{Heap before GC invocations=14341 (full 3):
 def new generation   total 1748160K, used 13243K [0x00007f6c30600000, 0x00007f6ca6ed0000, 0x00007f7185b50000)
  eden space 1553984K,   0% used [0x00007f6c30600000, 0x00007f6c30600000, 0x00007f6c8f390000)
  from space 194176K,   6% used [0x00007f6c9b130000, 0x00007f6c9be1ed00, 0x00007f6ca6ed0000)
  to   space 194176K,   0% used [0x00007f6c8f390000, 0x00007f6c8f390000, 0x00007f6c9b130000)
 tenured generation   total 3884972K, used 3884840K [0x00007f7185b50000, 0x00007f7272d3b000, 0x00007f7c30600000)
   the space 3884972K,  99% used [0x00007f7185b50000, 0x00007f7272d1a310, 0x00007f7272d1a400, 0x00007f7272d3b000)
 Metaspace       used 25080K, capacity 25553K, committed 25600K, reserved 26624K
}

