# JRE version: OpenJDK Runtime Environment (13.0.7+5) (build 13.0.7+5-Ubuntu-0ubuntu120.04)
# Java VM: OpenJDK 64-Bit Server VM (13.0.7+5-Ubuntu-0ubuntu120.04, mixed mode, tiered, serial gc, linux-amd64)
Heap:
 def new generation   total 2876096K, used 10295K [0x00007fd3f4600000, 0x00007fd4b76c0000, 0x00007fd949b50000)
  eden space 2556544K,   0% used [0x00007fd3f4600000, 0x00007fd3f500dc18, 0x00007fd4906a0000)
  from space 319552K,   0% used [0x00007fd4a3eb0000, 0x00007fd4a3eb0000, 0x00007fd4b76c0000)
  to   space 319552K,   0% used [0x00007fd4906a0000, 0x00007fd4906a0000, 0x00007fd4a3eb0000)
 tenured generation   total 6391992K, used 6391991K [0x00007fd949b50000, 0x00007fdacfd7e000, 0x00007fe3f4600000)
   the space 6391992K,  99% used [0x00007fd949b50000, 0x00007fdacfd7dff8, 0x00007fdacfd7e000, 0x00007fdacfd7e000)
 Metaspace       used 25075K, capacity 25499K, committed 25600K, reserved 26624K
GC Heap History (20 events):
Event: 38406.404 GC heap after
{Heap after GC invocations=35198 (full 4):
 def new generation   total 2876096K, used 10398K [0x00007fd3f4600000, 0x00007fd4b76c0000, 0x00007fd949b50000)
  eden space 2556544K,   0% used [0x00007fd3f4600000, 0x00007fd3f4600000, 0x00007fd4906a0000)
  from space 319552K,   3% used [0x00007fd4906a0000, 0x00007fd4910c7a28, 0x00007fd4a3eb0000)
  to   space 319552K,   0% used [0x00007fd4a3eb0000, 0x00007fd4a3eb0000, 0x00007fd4b76c0000)
 tenured generation   total 6391224K, used 6385706K [0x00007fd949b50000, 0x00007fdacfcbe000, 0x00007fe3f4600000)
   the space 6391224K,  99% used [0x00007fd949b50000, 0x00007fdacf75a960, 0x00007fdacf75aa00, 0x00007fdacfcbe000)
 Metaspace       used 25075K, capacity 25499K, committed 25600K, reserved 26624K
}
Event: 38408.951 GC heap before
{Heap before GC invocations=35198 (full 4):
 def new generation   total 2876096K, used 2566942K [0x00007fd3f4600000, 0x00007fd4b76c0000, 0x00007fd949b50000)
  eden space 2556544K, 100% used [0x00007fd3f4600000, 0x00007fd4906a0000, 0x00007fd4906a0000)
  from space 319552K,   3% used [0x00007fd4906a0000, 0x00007fd4910c7a28, 0x00007fd4a3eb0000)
  to   space 319552K,   0% used [0x00007fd4a3eb0000, 0x00007fd4a3eb0000, 0x00007fd4b76c0000)
 tenured generation   total 6391224K, used 6385706K [0x00007fd949b50000, 0x00007fdacfcbe000, 0x00007fe3f4600000)
   the space 6391224K,  99% used [0x00007fd949b50000, 0x00007fdacf75a960, 0x00007fdacf75aa00, 0x00007fdacfcbe000)
 Metaspace       used 25075K, capacity 25499K, committed 25600K, reserved 26624K
}
Event: 38408.983 GC heap after
{Heap after GC invocations=35199 (full 4):
 def new generation   total 2876096K, used 10384K [0x00007fd3f4600000, 0x00007fd4b76c0000, 0x00007fd949b50000)
  eden space 2556544K,   0% used [0x00007fd3f4600000, 0x00007fd3f4600000, 0x00007fd4906a0000)
  from space 319552K,   3% used [0x00007fd4a3eb0000, 0x00007fd4a48d4250, 0x00007fd4b76c0000)
  to   space 319552K,   0% used [0x00007fd4906a0000, 0x00007fd4906a0000, 0x00007fd4a3eb0000)
 tenured generation   total 6391224K, used 6386393K [0x00007fd949b50000, 0x00007fdacfcbe000, 0x00007fe3f4600000)
   the space 6391224K,  99% used [0x00007fd949b50000, 0x00007fdacf806560, 0x00007fdacf806600, 0x00007fdacfcbe000)
 Metaspace       used 25075K, capacity 25499K, committed 25600K, reserved 26624K
}
Event: 38411.548 GC heap before
{Heap before GC invocations=35199 (full 4):
 def new generation   total 2876096K, used 2566928K [0x00007fd3f4600000, 0x00007fd4b76c0000, 0x00007fd949b50000)
  eden space 2556544K, 100% used [0x00007fd3f4600000, 0x00007fd4906a0000, 0x00007fd4906a0000)
  from space 319552K,   3% used [0x00007fd4a3eb0000, 0x00007fd4a48d4250, 0x00007fd4b76c0000)
  to   space 319552K,   0% used [0x00007fd4906a0000, 0x00007fd4906a0000, 0x00007fd4a3eb0000)
 tenured generation   total 6391224K, used 6386393K [0x00007fd949b50000, 0x00007fdacfcbe000, 0x00007fe3f4600000)
   the space 6391224K,  99% used [0x00007fd949b50000, 0x00007fdacf806560, 0x00007fdacf806600, 0x00007fdacfcbe000)
 Metaspace       used 25075K, capacity 25499K, committed 25600K, reserved 26624K
}
Event: 38411.576 GC heap after
{Heap after GC invocations=35200 (full 4):
 def new generation   total 2876096K, used 10394K [0x00007fd3f4600000, 0x00007fd4b76c0000, 0x00007fd949b50000)
  eden space 2556544K,   0% used [0x00007fd3f4600000, 0x00007fd3f4600000, 0x00007fd4906a0000)
  from space 319552K,   3% used [0x00007fd4906a0000, 0x00007fd4910c6950, 0x00007fd4a3eb0000)
  to   space 319552K,   0% used [0x00007fd4a3eb0000, 0x00007fd4a3eb0000, 0x00007fd4b76c0000)
 tenured generation   total 6391224K, used 6387076K [0x00007fd949b50000, 0x00007fdacfcbe000, 0x00007fe3f4600000)
   the space 6391224K,  99% used [0x00007fd949b50000, 0x00007fdacf8b10b0, 0x00007fdacf8b1200, 0x00007fdacfcbe000)
 Metaspace       used 25075K, capacity 25499K, committed 25600K, reserved 26624K
}
Event: 38414.087 GC heap before
{Heap before GC invocations=35200 (full 4):
 def new generation   total 2876096K, used 2566938K [0x00007fd3f4600000, 0x00007fd4b76c0000, 0x00007fd949b50000)
  eden space 2556544K, 100% used [0x00007fd3f4600000, 0x00007fd4906a0000, 0x00007fd4906a0000)
  from space 319552K,   3% used [0x00007fd4906a0000, 0x00007fd4910c6950, 0x00007fd4a3eb0000)
  to   space 319552K,   0% used [0x00007fd4a3eb0000, 0x00007fd4a3eb0000, 0x00007fd4b76c0000)
 tenured generation   total 6391224K, used 6387076K [0x00007fd949b50000, 0x00007fdacfcbe000, 0x00007fe3f4600000)
   the space 6391224K,  99% used [0x00007fd949b50000, 0x00007fdacf8b10b0, 0x00007fdacf8b1200, 0x00007fdacfcbe000)
 Metaspace       used 25075K, capacity 25499K, committed 25600K, reserved 26624K
}
Event: 38414.115 GC heap after
{Heap after GC invocations=35201 (full 4):
 def new generation   total 2876096K, used 10395K [0x00007fd3f4600000, 0x00007fd4b76c0000, 0x00007fd949b50000)
  eden space 2556544K,   0% used [0x00007fd3f4600000, 0x00007fd3f4600000, 0x00007fd4906a0000)
  from space 319552K,   3% used [0x00007fd4a3eb0000, 0x00007fd4a48d6f58, 0x00007fd4b76c0000)
  to   space 319552K,   0% used [0x00007fd4906a0000, 0x00007fd4906a0000, 0x00007fd4a3eb0000)
 tenured generation   total 6391224K, used 6387779K [0x00007fd949b50000, 0x00007fdacfcbe000, 0x00007fe3f4600000)
   the space 6391224K,  99% used [0x00007fd949b50000, 0x00007fdacf960da0, 0x00007fdacf960e00, 0x00007fdacfcbe000)
 Metaspace       used 25075K, capacity 25499K, committed 25600K, reserved 26624K
}
Event: 38416.703 GC heap before
{Heap before GC invocations=35201 (full 4):
 def new generation   total 2876096K, used 2566939K [0x00007fd3f4600000, 0x00007fd4b76c0000, 0x00007fd949b50000)
  eden space 2556544K, 100% used [0x00007fd3f4600000, 0x00007fd4906a0000, 0x00007fd4906a0000)
  from space 319552K,   3% used [0x00007fd4a3eb0000, 0x00007fd4a48d6f58, 0x00007fd4b76c0000)
  to   space 319552K,   0% used [0x00007fd4906a0000, 0x00007fd4906a0000, 0x00007fd4a3eb0000)
 tenured generation   total 6391224K, used 6387779K [0x00007fd949b50000, 0x00007fdacfcbe000, 0x00007fe3f4600000)
   the space 6391224K,  99% used [0x00007fd949b50000, 0x00007fdacf960da0, 0x00007fdacf960e00, 0x00007fdacfcbe000)
 Metaspace       used 25075K, capacity 25499K, committed 25600K, reserved 26624K
}
Event: 38416.729 GC heap after
{Heap after GC invocations=35202 (full 4):
 def new generation   total 2876096K, used 10371K [0x00007fd3f4600000, 0x00007fd4b76c0000, 0x00007fd949b50000)
  eden space 2556544K,   0% used [0x00007fd3f4600000, 0x00007fd3f4600000, 0x00007fd4906a0000)
  from space 319552K,   3% used [0x00007fd4906a0000, 0x00007fd4910c0d40, 0x00007fd4a3eb0000)
  to   space 319552K,   0% used [0x00007fd4a3eb0000, 0x00007fd4a3eb0000, 0x00007fd4b76c0000)
 tenured generation   total 6391224K, used 6388462K [0x00007fd949b50000, 0x00007fdacfcbe000, 0x00007fe3f4600000)
   the space 6391224K,  99% used [0x00007fd949b50000, 0x00007fdacfa0b860, 0x00007fdacfa0ba00, 0x00007fdacfcbe000)
 Metaspace       used 25075K, capacity 25499K, committed 25600K, reserved 26624K
}
Event: 38419.339 GC heap before
{Heap before GC invocations=35202 (full 4):
 def new generation   total 2876096K, used 2566915K [0x00007fd3f4600000, 0x00007fd4b76c0000, 0x00007fd949b50000)
  eden space 2556544K, 100% used [0x00007fd3f4600000, 0x00007fd4906a0000, 0x00007fd4906a0000)
  from space 319552K,   3% used [0x00007fd4906a0000, 0x00007fd4910c0d40, 0x00007fd4a3eb0000)
  to   space 319552K,   0% used [0x00007fd4a3eb0000, 0x00007fd4a3eb0000, 0x00007fd4b76c0000)
 tenured generation   total 6391224K, used 6388462K [0x00007fd949b50000, 0x00007fdacfcbe000, 0x00007fe3f4600000)
   the space 6391224K,  99% used [0x00007fd949b50000, 0x00007fdacfa0b860, 0x00007fdacfa0ba00, 0x00007fdacfcbe000)
 Metaspace       used 25075K, capacity 25499K, committed 25600K, reserved 26624K
}
Event: 38419.374 GC heap after
{Heap after GC invocations=35203 (full 4):
 def new generation   total 2876096K, used 10365K [0x00007fd3f4600000, 0x00007fd4b76c0000, 0x00007fd949b50000)
  eden space 2556544K,   0% used [0x00007fd3f4600000, 0x00007fd3f4600000, 0x00007fd4906a0000)
  from space 319552K,   3% used [0x00007fd4a3eb0000, 0x00007fd4a48cf458, 0x00007fd4b76c0000)
  to   space 319552K,   0% used [0x00007fd4906a0000, 0x00007fd4906a0000, 0x00007fd4a3eb0000)
 tenured generation   total 6391224K, used 6389123K [0x00007fd949b50000, 0x00007fdacfcbe000, 0x00007fe3f4600000)
   the space 6391224K,  99% used [0x00007fd949b50000, 0x00007fdacfab0f08, 0x00007fdacfab1000, 0x00007fdacfcbe000)
 Metaspace       used 25075K, capacity 25499K, committed 25600K, reserved 26624K
}
Event: 38421.984 GC heap before
{Heap before GC invocations=35203 (full 4):
 def new generation   total 2876096K, used 2566909K [0x00007fd3f4600000, 0x00007fd4b76c0000, 0x00007fd949b50000)
  eden space 2556544K, 100% used [0x00007fd3f4600000, 0x00007fd4906a0000, 0x00007fd4906a0000)
  from space 319552K,   3% used [0x00007fd4a3eb0000, 0x00007fd4a48cf458, 0x00007fd4b76c0000)
  to   space 319552K,   0% used [0x00007fd4906a0000, 0x00007fd4906a0000, 0x00007fd4a3eb0000)
 tenured generation   total 6391224K, used 6389123K [0x00007fd949b50000, 0x00007fdacfcbe000, 0x00007fe3f4600000)
   the space 6391224K,  99% used [0x00007fd949b50000, 0x00007fdacfab0f08, 0x00007fdacfab1000, 0x00007fdacfcbe000)
 Metaspace       used 25075K, capacity 25499K, committed 25600K, reserved 26624K
}
Event: 38422.008 GC heap after
{Heap after GC invocations=35204 (full 4):
 def new generation   total 2876096K, used 10373K [0x00007fd3f4600000, 0x00007fd4b76c0000, 0x00007fd949b50000)
  eden space 2556544K,   0% used [0x00007fd3f4600000, 0x00007fd3f4600000, 0x00007fd4906a0000)
  from space 319552K,   3% used [0x00007fd4906a0000, 0x00007fd4910c1530, 0x00007fd4a3eb0000)
  to   space 319552K,   0% used [0x00007fd4a3eb0000, 0x00007fd4a3eb0000, 0x00007fd4b76c0000)
 tenured generation   total 6391224K, used 6389806K [0x00007fd949b50000, 0x00007fdacfcbe000, 0x00007fe3f4600000)
   the space 6391224K,  99% used [0x00007fd949b50000, 0x00007fdacfb5b9c8, 0x00007fdacfb5ba00, 0x00007fdacfcbe000)
 Metaspace       used 25075K, capacity 25499K, committed 25600K, reserved 26624K
}
Event: 38424.710 GC heap before
{Heap before GC invocations=35204 (full 4):
 def new generation   total 2876096K, used 2566917K [0x00007fd3f4600000, 0x00007fd4b76c0000, 0x00007fd949b50000)
  eden space 2556544K, 100% used [0x00007fd3f4600000, 0x00007fd4906a0000, 0x00007fd4906a0000)
  from space 319552K,   3% used [0x00007fd4906a0000, 0x00007fd4910c1530, 0x00007fd4a3eb0000)
  to   space 319552K,   0% used [0x00007fd4a3eb0000, 0x00007fd4a3eb0000, 0x00007fd4b76c0000)
 tenured generation   total 6391224K, used 6389806K [0x00007fd949b50000, 0x00007fdacfcbe000, 0x00007fe3f4600000)
   the space 6391224K,  99% used [0x00007fd949b50000, 0x00007fdacfb5b9c8, 0x00007fdacfb5ba00, 0x00007fdacfcbe000)
 Metaspace       used 25075K, capacity 25499K, committed 25600K, reserved 26624K
}
Event: 38424.737 GC heap after
{Heap after GC invocations=35205 (full 4):
 def new generation   total 2876096K, used 10398K [0x00007fd3f4600000, 0x00007fd4b76c0000, 0x00007fd949b50000)
  eden space 2556544K,   0% used [0x00007fd3f4600000, 0x00007fd3f4600000, 0x00007fd4906a0000)
  from space 319552K,   3% used [0x00007fd4a3eb0000, 0x00007fd4a48d7870, 0x00007fd4b76c0000)
  to   space 319552K,   0% used [0x00007fd4906a0000, 0x00007fd4906a0000, 0x00007fd4a3eb0000)
 tenured generation   total 6391224K, used 6390489K [0x00007fd949b50000, 0x00007fdacfcbe000, 0x00007fe3f4600000)
   the space 6391224K,  99% used [0x00007fd949b50000, 0x00007fdacfc06488, 0x00007fdacfc06600, 0x00007fdacfcbe000)
 Metaspace       used 25075K, capacity 25499K, committed 25600K, reserved 26624K
}
Event: 38427.281 GC heap before
{Heap before GC invocations=35205 (full 4):
 def new generation   total 2876096K, used 2566942K [0x00007fd3f4600000, 0x00007fd4b76c0000, 0x00007fd949b50000)
  eden space 2556544K, 100% used [0x00007fd3f4600000, 0x00007fd4906a0000, 0x00007fd4906a0000)
  from space 319552K,   3% used [0x00007fd4a3eb0000, 0x00007fd4a48d7870, 0x00007fd4b76c0000)
  to   space 319552K,   0% used [0x00007fd4906a0000, 0x00007fd4906a0000, 0x00007fd4a3eb0000)
 tenured generation   total 6391224K, used 6390489K [0x00007fd949b50000, 0x00007fdacfcbe000, 0x00007fe3f4600000)
   the space 6391224K,  99% used [0x00007fd949b50000, 0x00007fdacfc06488, 0x00007fdacfc06600, 0x00007fdacfcbe000)
 Metaspace       used 25075K, capacity 25499K, committed 25600K, reserved 26624K
}
Event: 38427.316 GC heap after
{Heap after GC invocations=35206 (full 4):
 def new generation   total 2876096K, used 10390K [0x00007fd3f4600000, 0x00007fd4b76c0000, 0x00007fd949b50000)
  eden space 2556544K,   0% used [0x00007fd3f4600000, 0x00007fd3f4600000, 0x00007fd4906a0000)
  from space 319552K,   3% used [0x00007fd4906a0000, 0x00007fd4910c5820, 0x00007fd4a3eb0000)
  to   space 319552K,   0% used [0x00007fd4a3eb0000, 0x00007fd4a3eb0000, 0x00007fd4b76c0000)
 tenured generation   total 6391224K, used 6391192K [0x00007fd949b50000, 0x00007fdacfcbe000, 0x00007fe3f4600000)
   the space 6391224K,  99% used [0x00007fd949b50000, 0x00007fdacfcb6208, 0x00007fdacfcb6400, 0x00007fdacfcbe000)
 Metaspace       used 25075K, capacity 25499K, committed 25600K, reserved 26624K
}
Event: 38429.868 GC heap before
{Heap before GC invocations=35206 (full 4):
 def new generation   total 2876096K, used 2566934K [0x00007fd3f4600000, 0x00007fd4b76c0000, 0x00007fd949b50000)
  eden space 2556544K, 100% used [0x00007fd3f4600000, 0x00007fd4906a0000, 0x00007fd4906a0000)
  from space 319552K,   3% used [0x00007fd4906a0000, 0x00007fd4910c5820, 0x00007fd4a3eb0000)
  to   space 319552K,   0% used [0x00007fd4a3eb0000, 0x00007fd4a3eb0000, 0x00007fd4b76c0000)
 tenured generation   total 6391224K, used 6391192K [0x00007fd949b50000, 0x00007fdacfcbe000, 0x00007fe3f4600000)
   the space 6391224K,  99% used [0x00007fd949b50000, 0x00007fdacfcb6208, 0x00007fdacfcb6400, 0x00007fdacfcbe000)
 Metaspace       used 25075K, capacity 25499K, committed 25600K, reserved 26624K
}
Event: 38429.898 GC heap after
{Heap after GC invocations=35207 (full 4):
 def new generation   total 2876096K, used 10411K [0x00007fd3f4600000, 0x00007fd4b76c0000, 0x00007fd949b50000)
  eden space 2556544K,   0% used [0x00007fd3f4600000, 0x00007fd3f4600000, 0x00007fd4906a0000)
  from space 319552K,   3% used [0x00007fd4a3eb0000, 0x00007fd4a48daf48, 0x00007fd4b76c0000)
  to   space 319552K,   0% used [0x00007fd4906a0000, 0x00007fd4906a0000, 0x00007fd4a3eb0000)
 tenured generation   total 6391992K, used 6391875K [0x00007fd949b50000, 0x00007fdacfd7e000, 0x00007fe3f4600000)
   the space 6391992K,  99% used [0x00007fd949b50000, 0x00007fdacfd60cc8, 0x00007fdacfd60e00, 0x00007fdacfd7e000)
 Metaspace       used 25075K, capacity 25499K, committed 25600K, reserved 26624K
}
Event: 38429.898 GC heap before
{Heap before GC invocations=35207 (full 4):
 def new generation   total 2876096K, used 10411K [0x00007fd3f4600000, 0x00007fd4b76c0000, 0x00007fd949b50000)
  eden space 2556544K,   0% used [0x00007fd3f4600000, 0x00007fd3f4600000, 0x00007fd4906a0000)
  from space 319552K,   3% used [0x00007fd4a3eb0000, 0x00007fd4a48daf48, 0x00007fd4b76c0000)
  to   space 319552K,   0% used [0x00007fd4906a0000, 0x00007fd4906a0000, 0x00007fd4a3eb0000)
 tenured generation   total 6391992K, used 6391875K [0x00007fd949b50000, 0x00007fdacfd7e000, 0x00007fe3f4600000)
   the space 6391992K,  99% used [0x00007fd949b50000, 0x00007fdacfd60cc8, 0x00007fdacfd60e00, 0x00007fdacfd7e000)
 Metaspace       used 25075K, capacity 25499K, committed 25600K, reserved 26624K
}

