# JRE version: OpenJDK Runtime Environment (13.0.7+5) (build 13.0.7+5-Ubuntu-0ubuntu120.04)
# Java VM: OpenJDK 64-Bit Server VM (13.0.7+5-Ubuntu-0ubuntu120.04, mixed mode, tiered, serial gc, linux-amd64)
Heap:
 def new generation   total 2827008K, used 1178K [0x00007ef154600000, 0x00007ef214170000, 0x00007ef6a9b50000)
  eden space 2512960K,   0% used [0x00007ef154600000, 0x00007ef154726ac0, 0x00007ef1edc10000)
  from space 314048K,   0% used [0x00007ef200ec0000, 0x00007ef200ec0000, 0x00007ef214170000)
  to   space 314048K,   0% used [0x00007ef1edc10000, 0x00007ef1edc10000, 0x00007ef200ec0000)
 tenured generation   total 6281988K, used 6281987K [0x00007ef6a9b50000, 0x00007ef829211000, 0x00007f0154600000)
   the space 6281988K,  99% used [0x00007ef6a9b50000, 0x00007ef829210fd8, 0x00007ef829211000, 0x00007ef829211000)
 Metaspace       used 24627K, capacity 25032K, committed 25344K, reserved 26624K
GC Heap History (20 events):
Event: 223929.065 GC heap after
{Heap after GC invocations=198399 (full 4):
 def new generation   total 2827008K, used 1558K [0x00007ef154600000, 0x00007ef214170000, 0x00007ef6a9b50000)
  eden space 2512960K,   0% used [0x00007ef154600000, 0x00007ef154600000, 0x00007ef1edc10000)
  from space 314048K,   0% used [0x00007ef1edc10000, 0x00007ef1edd95818, 0x00007ef200ec0000)
  to   space 314048K,   0% used [0x00007ef200ec0000, 0x00007ef200ec0000, 0x00007ef214170000)
 tenured generation   total 6281988K, used 6281412K [0x00007ef6a9b50000, 0x00007ef829211000, 0x00007f0154600000)
   the space 6281988K,  99% used [0x00007ef6a9b50000, 0x00007ef829181180, 0x00007ef829181200, 0x00007ef829211000)
 Metaspace       used 24627K, capacity 25032K, committed 25344K, reserved 26624K
}
Event: 223931.733 GC heap before
{Heap before GC invocations=198399 (full 4):
 def new generation   total 2827008K, used 2514518K [0x00007ef154600000, 0x00007ef214170000, 0x00007ef6a9b50000)
  eden space 2512960K, 100% used [0x00007ef154600000, 0x00007ef1edc10000, 0x00007ef1edc10000)
  from space 314048K,   0% used [0x00007ef1edc10000, 0x00007ef1edd95818, 0x00007ef200ec0000)
  to   space 314048K,   0% used [0x00007ef200ec0000, 0x00007ef200ec0000, 0x00007ef214170000)
 tenured generation   total 6281988K, used 6281412K [0x00007ef6a9b50000, 0x00007ef829211000, 0x00007f0154600000)
   the space 6281988K,  99% used [0x00007ef6a9b50000, 0x00007ef829181180, 0x00007ef829181200, 0x00007ef829211000)
 Metaspace       used 24627K, capacity 25032K, committed 25344K, reserved 26624K
}
Event: 223931.747 GC heap after
{Heap after GC invocations=198400 (full 4):
 def new generation   total 2827008K, used 1503K [0x00007ef154600000, 0x00007ef214170000, 0x00007ef6a9b50000)
  eden space 2512960K,   0% used [0x00007ef154600000, 0x00007ef154600000, 0x00007ef1edc10000)
  from space 314048K,   0% used [0x00007ef200ec0000, 0x00007ef201037dd0, 0x00007ef214170000)
  to   space 314048K,   0% used [0x00007ef1edc10000, 0x00007ef1edc10000, 0x00007ef200ec0000)
 tenured generation   total 6281988K, used 6281483K [0x00007ef6a9b50000, 0x00007ef829211000, 0x00007f0154600000)
   the space 6281988K,  99% used [0x00007ef6a9b50000, 0x00007ef829192e08, 0x00007ef829193000, 0x00007ef829211000)
 Metaspace       used 24627K, capacity 25032K, committed 25344K, reserved 26624K
}
Event: 223934.276 GC heap before
{Heap before GC invocations=198400 (full 4):
 def new generation   total 2827008K, used 2514463K [0x00007ef154600000, 0x00007ef214170000, 0x00007ef6a9b50000)
  eden space 2512960K, 100% used [0x00007ef154600000, 0x00007ef1edc10000, 0x00007ef1edc10000)
  from space 314048K,   0% used [0x00007ef200ec0000, 0x00007ef201037dd0, 0x00007ef214170000)
  to   space 314048K,   0% used [0x00007ef1edc10000, 0x00007ef1edc10000, 0x00007ef200ec0000)
 tenured generation   total 6281988K, used 6281483K [0x00007ef6a9b50000, 0x00007ef829211000, 0x00007f0154600000)
   the space 6281988K,  99% used [0x00007ef6a9b50000, 0x00007ef829192e08, 0x00007ef829193000, 0x00007ef829211000)
 Metaspace       used 24627K, capacity 25032K, committed 25344K, reserved 26624K
}
Event: 223934.291 GC heap after
{Heap after GC invocations=198401 (full 4):
 def new generation   total 2827008K, used 1454K [0x00007ef154600000, 0x00007ef214170000, 0x00007ef6a9b50000)
  eden space 2512960K,   0% used [0x00007ef154600000, 0x00007ef154600000, 0x00007ef1edc10000)
  from space 314048K,   0% used [0x00007ef1edc10000, 0x00007ef1edd7b968, 0x00007ef200ec0000)
  to   space 314048K,   0% used [0x00007ef200ec0000, 0x00007ef200ec0000, 0x00007ef214170000)
 tenured generation   total 6281988K, used 6281554K [0x00007ef6a9b50000, 0x00007ef829211000, 0x00007f0154600000)
   the space 6281988K,  99% used [0x00007ef6a9b50000, 0x00007ef8291a4a90, 0x00007ef8291a4c00, 0x00007ef829211000)
 Metaspace       used 24627K, capacity 25032K, committed 25344K, reserved 26624K
}
Event: 223936.812 GC heap before
{Heap before GC invocations=198401 (full 4):
 def new generation   total 2827008K, used 2514414K [0x00007ef154600000, 0x00007ef214170000, 0x00007ef6a9b50000)
  eden space 2512960K, 100% used [0x00007ef154600000, 0x00007ef1edc10000, 0x00007ef1edc10000)
  from space 314048K,   0% used [0x00007ef1edc10000, 0x00007ef1edd7b968, 0x00007ef200ec0000)
  to   space 314048K,   0% used [0x00007ef200ec0000, 0x00007ef200ec0000, 0x00007ef214170000)
 tenured generation   total 6281988K, used 6281554K [0x00007ef6a9b50000, 0x00007ef829211000, 0x00007f0154600000)
   the space 6281988K,  99% used [0x00007ef6a9b50000, 0x00007ef8291a4a90, 0x00007ef8291a4c00, 0x00007ef829211000)
 Metaspace       used 24627K, capacity 25032K, committed 25344K, reserved 26624K
}
Event: 223936.826 GC heap after
{Heap after GC invocations=198402 (full 4):
 def new generation   total 2827008K, used 1500K [0x00007ef154600000, 0x00007ef214170000, 0x00007ef6a9b50000)
  eden space 2512960K,   0% used [0x00007ef154600000, 0x00007ef154600000, 0x00007ef1edc10000)
  from space 314048K,   0% used [0x00007ef200ec0000, 0x00007ef2010371b8, 0x00007ef214170000)
  to   space 314048K,   0% used [0x00007ef1edc10000, 0x00007ef1edc10000, 0x00007ef200ec0000)
 tenured generation   total 6281988K, used 6281625K [0x00007ef6a9b50000, 0x00007ef829211000, 0x00007f0154600000)
   the space 6281988K,  99% used [0x00007ef6a9b50000, 0x00007ef8291b6718, 0x00007ef8291b6800, 0x00007ef829211000)
 Metaspace       used 24627K, capacity 25032K, committed 25344K, reserved 26624K
}
Event: 223939.373 GC heap before
{Heap before GC invocations=198402 (full 4):
 def new generation   total 2827008K, used 2514460K [0x00007ef154600000, 0x00007ef214170000, 0x00007ef6a9b50000)
  eden space 2512960K, 100% used [0x00007ef154600000, 0x00007ef1edc10000, 0x00007ef1edc10000)
  from space 314048K,   0% used [0x00007ef200ec0000, 0x00007ef2010371b8, 0x00007ef214170000)
  to   space 314048K,   0% used [0x00007ef1edc10000, 0x00007ef1edc10000, 0x00007ef200ec0000)
 tenured generation   total 6281988K, used 6281625K [0x00007ef6a9b50000, 0x00007ef829211000, 0x00007f0154600000)
   the space 6281988K,  99% used [0x00007ef6a9b50000, 0x00007ef8291b6718, 0x00007ef8291b6800, 0x00007ef829211000)
 Metaspace       used 24627K, capacity 25032K, committed 25344K, reserved 26624K
}
Event: 223939.385 GC heap after
{Heap after GC invocations=198403 (full 4):
 def new generation   total 2827008K, used 1364K [0x00007ef154600000, 0x00007ef214170000, 0x00007ef6a9b50000)
  eden space 2512960K,   0% used [0x00007ef154600000, 0x00007ef154600000, 0x00007ef1edc10000)
  from space 314048K,   0% used [0x00007ef1edc10000, 0x00007ef1edd65240, 0x00007ef200ec0000)
  to   space 314048K,   0% used [0x00007ef200ec0000, 0x00007ef200ec0000, 0x00007ef214170000)
 tenured generation   total 6281988K, used 6281696K [0x00007ef6a9b50000, 0x00007ef829211000, 0x00007f0154600000)
   the space 6281988K,  99% used [0x00007ef6a9b50000, 0x00007ef8291c83a0, 0x00007ef8291c8400, 0x00007ef829211000)
 Metaspace       used 24627K, capacity 25032K, committed 25344K, reserved 26624K
}
Event: 223941.901 GC heap before
{Heap before GC invocations=198403 (full 4):
 def new generation   total 2827008K, used 2514324K [0x00007ef154600000, 0x00007ef214170000, 0x00007ef6a9b50000)
  eden space 2512960K, 100% used [0x00007ef154600000, 0x00007ef1edc10000, 0x00007ef1edc10000)
  from space 314048K,   0% used [0x00007ef1edc10000, 0x00007ef1edd65240, 0x00007ef200ec0000)
  to   space 314048K,   0% used [0x00007ef200ec0000, 0x00007ef200ec0000, 0x00007ef214170000)
 tenured generation   total 6281988K, used 6281696K [0x00007ef6a9b50000, 0x00007ef829211000, 0x00007f0154600000)
   the space 6281988K,  99% used [0x00007ef6a9b50000, 0x00007ef8291c83a0, 0x00007ef8291c8400, 0x00007ef829211000)
 Metaspace       used 24627K, capacity 25032K, committed 25344K, reserved 26624K
}
Event: 223941.914 GC heap after
{Heap after GC invocations=198404 (full 4):
 def new generation   total 2827008K, used 1316K [0x00007ef154600000, 0x00007ef214170000, 0x00007ef6a9b50000)
  eden space 2512960K,   0% used [0x00007ef154600000, 0x00007ef154600000, 0x00007ef1edc10000)
  from space 314048K,   0% used [0x00007ef200ec0000, 0x00007ef201009288, 0x00007ef214170000)
  to   space 314048K,   0% used [0x00007ef1edc10000, 0x00007ef1edc10000, 0x00007ef200ec0000)
 tenured generation   total 6281988K, used 6281768K [0x00007ef6a9b50000, 0x00007ef829211000, 0x00007f0154600000)
   the space 6281988K,  99% used [0x00007ef6a9b50000, 0x00007ef8291da028, 0x00007ef8291da200, 0x00007ef829211000)
 Metaspace       used 24627K, capacity 25032K, committed 25344K, reserved 26624K
}
Event: 223944.474 GC heap before
{Heap before GC invocations=198404 (full 4):
 def new generation   total 2827008K, used 2514276K [0x00007ef154600000, 0x00007ef214170000, 0x00007ef6a9b50000)
  eden space 2512960K, 100% used [0x00007ef154600000, 0x00007ef1edc10000, 0x00007ef1edc10000)
  from space 314048K,   0% used [0x00007ef200ec0000, 0x00007ef201009288, 0x00007ef214170000)
  to   space 314048K,   0% used [0x00007ef1edc10000, 0x00007ef1edc10000, 0x00007ef200ec0000)
 tenured generation   total 6281988K, used 6281768K [0x00007ef6a9b50000, 0x00007ef829211000, 0x00007f0154600000)
   the space 6281988K,  99% used [0x00007ef6a9b50000, 0x00007ef8291da028, 0x00007ef8291da200, 0x00007ef829211000)
 Metaspace       used 24627K, capacity 25032K, committed 25344K, reserved 26624K
}
Event: 223944.488 GC heap after
{Heap after GC invocations=198405 (full 4):
 def new generation   total 2827008K, used 1264K [0x00007ef154600000, 0x00007ef214170000, 0x00007ef6a9b50000)
  eden space 2512960K,   0% used [0x00007ef154600000, 0x00007ef154600000, 0x00007ef1edc10000)
  from space 314048K,   0% used [0x00007ef1edc10000, 0x00007ef1edd4c028, 0x00007ef200ec0000)
  to   space 314048K,   0% used [0x00007ef200ec0000, 0x00007ef200ec0000, 0x00007ef214170000)
 tenured generation   total 6281988K, used 6281839K [0x00007ef6a9b50000, 0x00007ef829211000, 0x00007f0154600000)
   the space 6281988K,  99% used [0x00007ef6a9b50000, 0x00007ef8291ebcb0, 0x00007ef8291ebe00, 0x00007ef829211000)
 Metaspace       used 24627K, capacity 25032K, committed 25344K, reserved 26624K
}
Event: 223946.960 GC heap before
{Heap before GC invocations=198405 (full 4):
 def new generation   total 2827008K, used 2514224K [0x00007ef154600000, 0x00007ef214170000, 0x00007ef6a9b50000)
  eden space 2512960K, 100% used [0x00007ef154600000, 0x00007ef1edc10000, 0x00007ef1edc10000)
  from space 314048K,   0% used [0x00007ef1edc10000, 0x00007ef1edd4c028, 0x00007ef200ec0000)
  to   space 314048K,   0% used [0x00007ef200ec0000, 0x00007ef200ec0000, 0x00007ef214170000)
 tenured generation   total 6281988K, used 6281839K [0x00007ef6a9b50000, 0x00007ef829211000, 0x00007f0154600000)
   the space 6281988K,  99% used [0x00007ef6a9b50000, 0x00007ef8291ebcb0, 0x00007ef8291ebe00, 0x00007ef829211000)
 Metaspace       used 24627K, capacity 25032K, committed 25344K, reserved 26624K
}
Event: 223946.975 GC heap after
{Heap after GC invocations=198406 (full 4):
 def new generation   total 2827008K, used 1205K [0x00007ef154600000, 0x00007ef214170000, 0x00007ef6a9b50000)
  eden space 2512960K,   0% used [0x00007ef154600000, 0x00007ef154600000, 0x00007ef1edc10000)
  from space 314048K,   0% used [0x00007ef200ec0000, 0x00007ef200fed518, 0x00007ef214170000)
  to   space 314048K,   0% used [0x00007ef1edc10000, 0x00007ef1edc10000, 0x00007ef200ec0000)
 tenured generation   total 6281988K, used 6281910K [0x00007ef6a9b50000, 0x00007ef829211000, 0x00007f0154600000)
   the space 6281988K,  99% used [0x00007ef6a9b50000, 0x00007ef8291fd938, 0x00007ef8291fda00, 0x00007ef829211000)
 Metaspace       used 24627K, capacity 25032K, committed 25344K, reserved 26624K
}
Event: 223949.508 GC heap before
{Heap before GC invocations=198406 (full 4):
 def new generation   total 2827008K, used 2514165K [0x00007ef154600000, 0x00007ef214170000, 0x00007ef6a9b50000)
  eden space 2512960K, 100% used [0x00007ef154600000, 0x00007ef1edc10000, 0x00007ef1edc10000)
  from space 314048K,   0% used [0x00007ef200ec0000, 0x00007ef200fed518, 0x00007ef214170000)
  to   space 314048K,   0% used [0x00007ef1edc10000, 0x00007ef1edc10000, 0x00007ef200ec0000)
 tenured generation   total 6281988K, used 6281910K [0x00007ef6a9b50000, 0x00007ef829211000, 0x00007f0154600000)
   the space 6281988K,  99% used [0x00007ef6a9b50000, 0x00007ef8291fd938, 0x00007ef8291fda00, 0x00007ef829211000)
 Metaspace       used 24627K, capacity 25032K, committed 25344K, reserved 26624K
}
Event: 223949.519 GC heap after
{Heap after GC invocations=198407 (full 4):
 def new generation   total 2827008K, used 1223K [0x00007ef154600000, 0x00007ef214170000, 0x00007ef6a9b50000)
  eden space 2512960K,   0% used [0x00007ef154600000, 0x00007ef154600000, 0x00007ef1edc10000)
  from space 314048K,   0% used [0x00007ef1edc10000, 0x00007ef1edd41fa8, 0x00007ef200ec0000)
  to   space 314048K,   0% used [0x00007ef200ec0000, 0x00007ef200ec0000, 0x00007ef214170000)
 tenured generation   total 6281988K, used 6281910K [0x00007ef6a9b50000, 0x00007ef829211000, 0x00007f0154600000)
   the space 6281988K,  99% used [0x00007ef6a9b50000, 0x00007ef8291fd938, 0x00007ef8291fda00, 0x00007ef829211000)
 Metaspace       used 24627K, capacity 25032K, committed 25344K, reserved 26624K
}
Event: 223952.076 GC heap before
{Heap before GC invocations=198407 (full 4):
 def new generation   total 2827008K, used 2514183K [0x00007ef154600000, 0x00007ef214170000, 0x00007ef6a9b50000)
  eden space 2512960K, 100% used [0x00007ef154600000, 0x00007ef1edc10000, 0x00007ef1edc10000)
  from space 314048K,   0% used [0x00007ef1edc10000, 0x00007ef1edd41fa8, 0x00007ef200ec0000)
  to   space 314048K,   0% used [0x00007ef200ec0000, 0x00007ef200ec0000, 0x00007ef214170000)
 tenured generation   total 6281988K, used 6281910K [0x00007ef6a9b50000, 0x00007ef829211000, 0x00007f0154600000)
   the space 6281988K,  99% used [0x00007ef6a9b50000, 0x00007ef8291fd938, 0x00007ef8291fda00, 0x00007ef829211000)
 Metaspace       used 24627K, capacity 25032K, committed 25344K, reserved 26624K
}
Event: 223952.089 GC heap after
{Heap after GC invocations=198408 (full 4):
 def new generation   total 2827008K, used 1185K [0x00007ef154600000, 0x00007ef214170000, 0x00007ef6a9b50000)
  eden space 2512960K,   0% used [0x00007ef154600000, 0x00007ef154600000, 0x00007ef1edc10000)
  from space 314048K,   0% used [0x00007ef200ec0000, 0x00007ef200fe84d8, 0x00007ef214170000)
  to   space 314048K,   0% used [0x00007ef1edc10000, 0x00007ef1edc10000, 0x00007ef200ec0000)
 tenured generation   total 6281988K, used 6281981K [0x00007ef6a9b50000, 0x00007ef829211000, 0x00007f0154600000)
   the space 6281988K,  99% used [0x00007ef6a9b50000, 0x00007ef82920f5c0, 0x00007ef82920f600, 0x00007ef829211000)
 Metaspace       used 24627K, capacity 25032K, committed 25344K, reserved 26624K
}
Event: 223952.089 GC heap before
{Heap before GC invocations=198408 (full 4):
 def new generation   total 2827008K, used 1185K [0x00007ef154600000, 0x00007ef214170000, 0x00007ef6a9b50000)
  eden space 2512960K,   0% used [0x00007ef154600000, 0x00007ef154600000, 0x00007ef1edc10000)
  from space 314048K,   0% used [0x00007ef200ec0000, 0x00007ef200fe84d8, 0x00007ef214170000)
  to   space 314048K,   0% used [0x00007ef1edc10000, 0x00007ef1edc10000, 0x00007ef200ec0000)
 tenured generation   total 6281988K, used 6281981K [0x00007ef6a9b50000, 0x00007ef829211000, 0x00007f0154600000)
   the space 6281988K,  99% used [0x00007ef6a9b50000, 0x00007ef82920f5c0, 0x00007ef82920f600, 0x00007ef829211000)
 Metaspace       used 24627K, capacity 25032K, committed 25344K, reserved 26624K
}

