# JRE version: OpenJDK Runtime Environment (13.0.7+5) (build 13.0.7+5-Ubuntu-0ubuntu120.04)
# Java VM: OpenJDK 64-Bit Server VM (13.0.7+5-Ubuntu-0ubuntu120.04, mixed mode, tiered, serial gc, linux-amd64)
Heap:
 def new generation   total 1747904K, used 0K [0x00007f3b94600000, 0x00007f3c0ae90000, 0x00007f40e9b50000)
  eden space 1553728K,   0% used [0x00007f3b94600000, 0x00007f3b94600000, 0x00007f3bf3350000)
  from space 194176K,   0% used [0x00007f3bf3350000, 0x00007f3bf3350000, 0x00007f3bff0f0000)
  to   space 194176K,   0% used [0x00007f3bff0f0000, 0x00007f3bff0f0000, 0x00007f3c0ae90000)
 tenured generation   total 3884248K, used 3716230K [0x00007f40e9b50000, 0x00007f41d6c86000, 0x00007f4b94600000)
   the space 3884248K,  95% used [0x00007f40e9b50000, 0x00007f41cc871b28, 0x00007f41cc871c00, 0x00007f41d6c86000)
 Metaspace       used 24668K, capacity 25101K, committed 25344K, reserved 26624K
GC Heap History (20 events):
Event: 147284.864 GC heap after
{Heap after GC invocations=182743 (full 3):
 def new generation   total 1747904K, used 890K [0x00007f3b94600000, 0x00007f3c0ae90000, 0x00007f40e9b50000)
  eden space 1553728K,   0% used [0x00007f3b94600000, 0x00007f3b94600000, 0x00007f3bf3350000)
  from space 194176K,   0% used [0x00007f3bff0f0000, 0x00007f3bff1ce830, 0x00007f3c0ae90000)
  to   space 194176K,   0% used [0x00007f3bf3350000, 0x00007f3bf3350000, 0x00007f3bff0f0000)
 tenured generation   total 3884056K, used 3883729K [0x00007f40e9b50000, 0x00007f41d6c56000, 0x00007f4b94600000)
   the space 3884056K,  99% used [0x00007f40e9b50000, 0x00007f41d6c04720, 0x00007f41d6c04800, 0x00007f41d6c56000)
 Metaspace       used 24668K, capacity 25101K, committed 25344K, reserved 26624K
}
Event: 147286.292 GC heap before
{Heap before GC invocations=182743 (full 3):
 def new generation   total 1747904K, used 1554618K [0x00007f3b94600000, 0x00007f3c0ae90000, 0x00007f40e9b50000)
  eden space 1553728K, 100% used [0x00007f3b94600000, 0x00007f3bf3350000, 0x00007f3bf3350000)
  from space 194176K,   0% used [0x00007f3bff0f0000, 0x00007f3bff1ce830, 0x00007f3c0ae90000)
  to   space 194176K,   0% used [0x00007f3bf3350000, 0x00007f3bf3350000, 0x00007f3bff0f0000)
 tenured generation   total 3884056K, used 3883729K [0x00007f40e9b50000, 0x00007f41d6c56000, 0x00007f4b94600000)
   the space 3884056K,  99% used [0x00007f40e9b50000, 0x00007f41d6c04720, 0x00007f41d6c04800, 0x00007f41d6c56000)
 Metaspace       used 24668K, capacity 25101K, committed 25344K, reserved 26624K
}
Event: 147286.298 GC heap after
{Heap after GC invocations=182744 (full 3):
 def new generation   total 1747904K, used 807K [0x00007f3b94600000, 0x00007f3c0ae90000, 0x00007f40e9b50000)
  eden space 1553728K,   0% used [0x00007f3b94600000, 0x00007f3b94600000, 0x00007f3bf3350000)
  from space 194176K,   0% used [0x00007f3bf3350000, 0x00007f3bf3419c00, 0x00007f3bff0f0000)
  to   space 194176K,   0% used [0x00007f3bff0f0000, 0x00007f3bff0f0000, 0x00007f3c0ae90000)
 tenured generation   total 3884056K, used 3883771K [0x00007f40e9b50000, 0x00007f41d6c56000, 0x00007f4b94600000)
   the space 3884056K,  99% used [0x00007f40e9b50000, 0x00007f41d6c0ed98, 0x00007f41d6c0ee00, 0x00007f41d6c56000)
 Metaspace       used 24668K, capacity 25101K, committed 25344K, reserved 26624K
}
Event: 147287.682 GC heap before
{Heap before GC invocations=182744 (full 3):
 def new generation   total 1747904K, used 1554535K [0x00007f3b94600000, 0x00007f3c0ae90000, 0x00007f40e9b50000)
  eden space 1553728K, 100% used [0x00007f3b94600000, 0x00007f3bf3350000, 0x00007f3bf3350000)
  from space 194176K,   0% used [0x00007f3bf3350000, 0x00007f3bf3419c00, 0x00007f3bff0f0000)
  to   space 194176K,   0% used [0x00007f3bff0f0000, 0x00007f3bff0f0000, 0x00007f3c0ae90000)
 tenured generation   total 3884056K, used 3883771K [0x00007f40e9b50000, 0x00007f41d6c56000, 0x00007f4b94600000)
   the space 3884056K,  99% used [0x00007f40e9b50000, 0x00007f41d6c0ed98, 0x00007f41d6c0ee00, 0x00007f41d6c56000)
 Metaspace       used 24668K, capacity 25101K, committed 25344K, reserved 26624K
}
Event: 147287.691 GC heap after
{Heap after GC invocations=182745 (full 3):
 def new generation   total 1747904K, used 729K [0x00007f3b94600000, 0x00007f3c0ae90000, 0x00007f40e9b50000)
  eden space 1553728K,   0% used [0x00007f3b94600000, 0x00007f3b94600000, 0x00007f3bf3350000)
  from space 194176K,   0% used [0x00007f3bff0f0000, 0x00007f3bff1a6528, 0x00007f3c0ae90000)
  to   space 194176K,   0% used [0x00007f3bf3350000, 0x00007f3bf3350000, 0x00007f3bff0f0000)
 tenured generation   total 3884056K, used 3883813K [0x00007f40e9b50000, 0x00007f41d6c56000, 0x00007f4b94600000)
   the space 3884056K,  99% used [0x00007f40e9b50000, 0x00007f41d6c19410, 0x00007f41d6c19600, 0x00007f41d6c56000)
 Metaspace       used 24668K, capacity 25101K, committed 25344K, reserved 26624K
}
Event: 147289.100 GC heap before
{Heap before GC invocations=182745 (full 3):
 def new generation   total 1747904K, used 1554457K [0x00007f3b94600000, 0x00007f3c0ae90000, 0x00007f40e9b50000)
  eden space 1553728K, 100% used [0x00007f3b94600000, 0x00007f3bf3350000, 0x00007f3bf3350000)
  from space 194176K,   0% used [0x00007f3bff0f0000, 0x00007f3bff1a6528, 0x00007f3c0ae90000)
  to   space 194176K,   0% used [0x00007f3bf3350000, 0x00007f3bf3350000, 0x00007f3bff0f0000)
 tenured generation   total 3884056K, used 3883813K [0x00007f40e9b50000, 0x00007f41d6c56000, 0x00007f4b94600000)
   the space 3884056K,  99% used [0x00007f40e9b50000, 0x00007f41d6c19410, 0x00007f41d6c19600, 0x00007f41d6c56000)
 Metaspace       used 24668K, capacity 25101K, committed 25344K, reserved 26624K
}
Event: 147289.104 GC heap after
{Heap after GC invocations=182746 (full 3):
 def new generation   total 1747904K, used 678K [0x00007f3b94600000, 0x00007f3c0ae90000, 0x00007f40e9b50000)
  eden space 1553728K,   0% used [0x00007f3b94600000, 0x00007f3b94600000, 0x00007f3bf3350000)
  from space 194176K,   0% used [0x00007f3bf3350000, 0x00007f3bf33f99d0, 0x00007f3bff0f0000)
  to   space 194176K,   0% used [0x00007f3bff0f0000, 0x00007f3bff0f0000, 0x00007f3c0ae90000)
 tenured generation   total 3884056K, used 3883813K [0x00007f40e9b50000, 0x00007f41d6c56000, 0x00007f4b94600000)
   the space 3884056K,  99% used [0x00007f40e9b50000, 0x00007f41d6c19410, 0x00007f41d6c19600, 0x00007f41d6c56000)
 Metaspace       used 24668K, capacity 25101K, committed 25344K, reserved 26624K
}
Event: 147290.500 GC heap before
{Heap before GC invocations=182746 (full 3):
 def new generation   total 1747904K, used 1554406K [0x00007f3b94600000, 0x00007f3c0ae90000, 0x00007f40e9b50000)
  eden space 1553728K, 100% used [0x00007f3b94600000, 0x00007f3bf3350000, 0x00007f3bf3350000)
  from space 194176K,   0% used [0x00007f3bf3350000, 0x00007f3bf33f99d0, 0x00007f3bff0f0000)
  to   space 194176K,   0% used [0x00007f3bff0f0000, 0x00007f3bff0f0000, 0x00007f3c0ae90000)
 tenured generation   total 3884056K, used 3883813K [0x00007f40e9b50000, 0x00007f41d6c56000, 0x00007f4b94600000)
   the space 3884056K,  99% used [0x00007f40e9b50000, 0x00007f41d6c19410, 0x00007f41d6c19600, 0x00007f41d6c56000)
 Metaspace       used 24668K, capacity 25101K, committed 25344K, reserved 26624K
}
Event: 147290.508 GC heap after
{Heap after GC invocations=182747 (full 3):
 def new generation   total 1747904K, used 1245K [0x00007f3b94600000, 0x00007f3c0ae90000, 0x00007f40e9b50000)
  eden space 1553728K,   0% used [0x00007f3b94600000, 0x00007f3b94600000, 0x00007f3bf3350000)
  from space 194176K,   0% used [0x00007f3bff0f0000, 0x00007f3bff227500, 0x00007f3c0ae90000)
  to   space 194176K,   0% used [0x00007f3bf3350000, 0x00007f3bf3350000, 0x00007f3bff0f0000)
 tenured generation   total 3884056K, used 3883854K [0x00007f40e9b50000, 0x00007f41d6c56000, 0x00007f4b94600000)
   the space 3884056K,  99% used [0x00007f40e9b50000, 0x00007f41d6c23a88, 0x00007f41d6c23c00, 0x00007f41d6c56000)
 Metaspace       used 24668K, capacity 25101K, committed 25344K, reserved 26624K
}
Event: 147291.878 GC heap before
{Heap before GC invocations=182747 (full 3):
 def new generation   total 1747904K, used 1554973K [0x00007f3b94600000, 0x00007f3c0ae90000, 0x00007f40e9b50000)
  eden space 1553728K, 100% used [0x00007f3b94600000, 0x00007f3bf3350000, 0x00007f3bf3350000)
  from space 194176K,   0% used [0x00007f3bff0f0000, 0x00007f3bff227500, 0x00007f3c0ae90000)
  to   space 194176K,   0% used [0x00007f3bf3350000, 0x00007f3bf3350000, 0x00007f3bff0f0000)
 tenured generation   total 3884056K, used 3883854K [0x00007f40e9b50000, 0x00007f41d6c56000, 0x00007f4b94600000)
   the space 3884056K,  99% used [0x00007f40e9b50000, 0x00007f41d6c23a88, 0x00007f41d6c23c00, 0x00007f41d6c56000)
 Metaspace       used 24668K, capacity 25101K, committed 25344K, reserved 26624K
}
Event: 147291.886 GC heap after
{Heap after GC invocations=182748 (full 3):
 def new generation   total 1747904K, used 1168K [0x00007f3b94600000, 0x00007f3c0ae90000, 0x00007f40e9b50000)
  eden space 1553728K,   0% used [0x00007f3b94600000, 0x00007f3b94600000, 0x00007f3bf3350000)
  from space 194176K,   0% used [0x00007f3bf3350000, 0x00007f3bf3474240, 0x00007f3bff0f0000)
  to   space 194176K,   0% used [0x00007f3bff0f0000, 0x00007f3bff0f0000, 0x00007f3c0ae90000)
 tenured generation   total 3884056K, used 3883896K [0x00007f40e9b50000, 0x00007f41d6c56000, 0x00007f4b94600000)
   the space 3884056K,  99% used [0x00007f40e9b50000, 0x00007f41d6c2e100, 0x00007f41d6c2e200, 0x00007f41d6c56000)
 Metaspace       used 24668K, capacity 25101K, committed 25344K, reserved 26624K
}
Event: 147293.298 GC heap before
{Heap before GC invocations=182748 (full 3):
 def new generation   total 1747904K, used 1554896K [0x00007f3b94600000, 0x00007f3c0ae90000, 0x00007f40e9b50000)
  eden space 1553728K, 100% used [0x00007f3b94600000, 0x00007f3bf3350000, 0x00007f3bf3350000)
  from space 194176K,   0% used [0x00007f3bf3350000, 0x00007f3bf3474240, 0x00007f3bff0f0000)
  to   space 194176K,   0% used [0x00007f3bff0f0000, 0x00007f3bff0f0000, 0x00007f3c0ae90000)
 tenured generation   total 3884056K, used 3883896K [0x00007f40e9b50000, 0x00007f41d6c56000, 0x00007f4b94600000)
   the space 3884056K,  99% used [0x00007f40e9b50000, 0x00007f41d6c2e100, 0x00007f41d6c2e200, 0x00007f41d6c56000)
 Metaspace       used 24668K, capacity 25101K, committed 25344K, reserved 26624K
}
Event: 147293.306 GC heap after
{Heap after GC invocations=182749 (full 3):
 def new generation   total 1747904K, used 1133K [0x00007f3b94600000, 0x00007f3c0ae90000, 0x00007f40e9b50000)
  eden space 1553728K,   0% used [0x00007f3b94600000, 0x00007f3b94600000, 0x00007f3bf3350000)
  from space 194176K,   0% used [0x00007f3bff0f0000, 0x00007f3bff20b718, 0x00007f3c0ae90000)
  to   space 194176K,   0% used [0x00007f3bf3350000, 0x00007f3bf3350000, 0x00007f3bff0f0000)
 tenured generation   total 3884056K, used 3883937K [0x00007f40e9b50000, 0x00007f41d6c56000, 0x00007f4b94600000)
   the space 3884056K,  99% used [0x00007f40e9b50000, 0x00007f41d6c38778, 0x00007f41d6c38800, 0x00007f41d6c56000)
 Metaspace       used 24668K, capacity 25101K, committed 25344K, reserved 26624K
}
Event: 147294.683 GC heap before
{Heap before GC invocations=182749 (full 3):
 def new generation   total 1747904K, used 1554861K [0x00007f3b94600000, 0x00007f3c0ae90000, 0x00007f40e9b50000)
  eden space 1553728K, 100% used [0x00007f3b94600000, 0x00007f3bf3350000, 0x00007f3bf3350000)
  from space 194176K,   0% used [0x00007f3bff0f0000, 0x00007f3bff20b718, 0x00007f3c0ae90000)
  to   space 194176K,   0% used [0x00007f3bf3350000, 0x00007f3bf3350000, 0x00007f3bff0f0000)
 tenured generation   total 3884056K, used 3883937K [0x00007f40e9b50000, 0x00007f41d6c56000, 0x00007f4b94600000)
   the space 3884056K,  99% used [0x00007f40e9b50000, 0x00007f41d6c38778, 0x00007f41d6c38800, 0x00007f41d6c56000)
 Metaspace       used 24668K, capacity 25101K, committed 25344K, reserved 26624K
}
Event: 147294.690 GC heap after
{Heap after GC invocations=182750 (full 3):
 def new generation   total 1747904K, used 998K [0x00007f3b94600000, 0x00007f3c0ae90000, 0x00007f40e9b50000)
  eden space 1553728K,   0% used [0x00007f3b94600000, 0x00007f3b94600000, 0x00007f3bf3350000)
  from space 194176K,   0% used [0x00007f3bf3350000, 0x00007f3bf3449a58, 0x00007f3bff0f0000)
  to   space 194176K,   0% used [0x00007f3bff0f0000, 0x00007f3bff0f0000, 0x00007f3c0ae90000)
 tenured generation   total 3884056K, used 3883979K [0x00007f40e9b50000, 0x00007f41d6c56000, 0x00007f4b94600000)
   the space 3884056K,  99% used [0x00007f40e9b50000, 0x00007f41d6c42df0, 0x00007f41d6c42e00, 0x00007f41d6c56000)
 Metaspace       used 24668K, capacity 25101K, committed 25344K, reserved 26624K
}
Event: 147296.071 GC heap before
{Heap before GC invocations=182750 (full 3):
 def new generation   total 1747904K, used 1554726K [0x00007f3b94600000, 0x00007f3c0ae90000, 0x00007f40e9b50000)
  eden space 1553728K, 100% used [0x00007f3b94600000, 0x00007f3bf3350000, 0x00007f3bf3350000)
  from space 194176K,   0% used [0x00007f3bf3350000, 0x00007f3bf3449a58, 0x00007f3bff0f0000)
  to   space 194176K,   0% used [0x00007f3bff0f0000, 0x00007f3bff0f0000, 0x00007f3c0ae90000)
 tenured generation   total 3884056K, used 3883979K [0x00007f40e9b50000, 0x00007f41d6c56000, 0x00007f4b94600000)
   the space 3884056K,  99% used [0x00007f40e9b50000, 0x00007f41d6c42df0, 0x00007f41d6c42e00, 0x00007f41d6c56000)
 Metaspace       used 24668K, capacity 25101K, committed 25344K, reserved 26624K
}
Event: 147296.079 GC heap after
{Heap after GC invocations=182751 (full 3):
 def new generation   total 1747904K, used 894K [0x00007f3b94600000, 0x00007f3c0ae90000, 0x00007f40e9b50000)
  eden space 1553728K,   0% used [0x00007f3b94600000, 0x00007f3b94600000, 0x00007f3bf3350000)
  from space 194176K,   0% used [0x00007f3bff0f0000, 0x00007f3bff1cf820, 0x00007f3c0ae90000)
  to   space 194176K,   0% used [0x00007f3bf3350000, 0x00007f3bf3350000, 0x00007f3bff0f0000)
 tenured generation   total 3884056K, used 3884021K [0x00007f40e9b50000, 0x00007f41d6c56000, 0x00007f4b94600000)
   the space 3884056K,  99% used [0x00007f40e9b50000, 0x00007f41d6c4d468, 0x00007f41d6c4d600, 0x00007f41d6c56000)
 Metaspace       used 24668K, capacity 25101K, committed 25344K, reserved 26624K
}
Event: 147297.474 GC heap before
{Heap before GC invocations=182751 (full 3):
 def new generation   total 1747904K, used 1554622K [0x00007f3b94600000, 0x00007f3c0ae90000, 0x00007f40e9b50000)
  eden space 1553728K, 100% used [0x00007f3b94600000, 0x00007f3bf3350000, 0x00007f3bf3350000)
  from space 194176K,   0% used [0x00007f3bff0f0000, 0x00007f3bff1cf820, 0x00007f3c0ae90000)
  to   space 194176K,   0% used [0x00007f3bf3350000, 0x00007f3bf3350000, 0x00007f3bff0f0000)
 tenured generation   total 3884056K, used 3884021K [0x00007f40e9b50000, 0x00007f41d6c56000, 0x00007f4b94600000)
   the space 3884056K,  99% used [0x00007f40e9b50000, 0x00007f41d6c4d468, 0x00007f41d6c4d600, 0x00007f41d6c56000)
 Metaspace       used 24668K, capacity 25101K, committed 25344K, reserved 26624K
}
Event: 147297.482 GC heap after
{Heap after GC invocations=182752 (full 3):
 def new generation   total 1747904K, used 799K [0x00007f3b94600000, 0x00007f3c0ae90000, 0x00007f40e9b50000)
  eden space 1553728K,   0% used [0x00007f3b94600000, 0x00007f3b94600000, 0x00007f3bf3350000)
  from space 194176K,   0% used [0x00007f3bf3350000, 0x00007f3bf3417de8, 0x00007f3bff0f0000)
  to   space 194176K,   0% used [0x00007f3bff0f0000, 0x00007f3bff0f0000, 0x00007f3c0ae90000)
 tenured generation   total 3884248K, used 3884062K [0x00007f40e9b50000, 0x00007f41d6c86000, 0x00007f4b94600000)
   the space 3884248K,  99% used [0x00007f40e9b50000, 0x00007f41d6c57ae0, 0x00007f41d6c57c00, 0x00007f41d6c86000)
 Metaspace       used 24668K, capacity 25101K, committed 25344K, reserved 26624K
}
Event: 147297.482 GC heap before
{Heap before GC invocations=182752 (full 3):
 def new generation   total 1747904K, used 799K [0x00007f3b94600000, 0x00007f3c0ae90000, 0x00007f40e9b50000)
  eden space 1553728K,   0% used [0x00007f3b94600000, 0x00007f3b94600000, 0x00007f3bf3350000)
  from space 194176K,   0% used [0x00007f3bf3350000, 0x00007f3bf3417de8, 0x00007f3bff0f0000)
  to   space 194176K,   0% used [0x00007f3bff0f0000, 0x00007f3bff0f0000, 0x00007f3c0ae90000)
 tenured generation   total 3884248K, used 3884062K [0x00007f40e9b50000, 0x00007f41d6c86000, 0x00007f4b94600000)
   the space 3884248K,  99% used [0x00007f40e9b50000, 0x00007f41d6c57ae0, 0x00007f41d6c57c00, 0x00007f41d6c86000)
 Metaspace       used 24668K, capacity 25101K, committed 25344K, reserved 26624K
}

