# JRE version: OpenJDK Runtime Environment (13.0.7+5) (build 13.0.7+5-Ubuntu-0ubuntu120.04)
# Java VM: OpenJDK 64-Bit Server VM (13.0.7+5-Ubuntu-0ubuntu120.04, mixed mode, tiered, serial gc, linux-amd64)
Heap:
 def new generation   total 1748160K, used 0K [0x00007eede4600000, 0x00007eee5aed0000, 0x00007ef339b50000)
  eden space 1553984K,   0% used [0x00007eede4600000, 0x00007eede4600000, 0x00007eee43390000)
  from space 194176K,   0% used [0x00007eee4f130000, 0x00007eee4f130000, 0x00007eee5aed0000)
  to   space 194176K,   0% used [0x00007eee43390000, 0x00007eee43390000, 0x00007eee4f130000)
 tenured generation   total 3885164K, used 3845594K [0x00007ef339b50000, 0x00007ef426d6b000, 0x00007efde4600000)
   the space 3885164K,  98% used [0x00007ef339b50000, 0x00007ef4246c6958, 0x00007ef4246c6a00, 0x00007ef426d6b000)
 Metaspace       used 24875K, capacity 25302K, committed 25344K, reserved 26624K
GC Heap History (20 events):
Event: 10896.610 GC heap after
{Heap after GC invocations=13005 (full 3):
 def new generation   total 1748160K, used 7861K [0x00007eede4600000, 0x00007eee5aed0000, 0x00007ef339b50000)
  eden space 1553984K,   0% used [0x00007eede4600000, 0x00007eede4600000, 0x00007eee43390000)
  from space 194176K,   4% used [0x00007eee43390000, 0x00007eee43b3d6d8, 0x00007eee4f130000)
  to   space 194176K,   0% used [0x00007eee4f130000, 0x00007eee4f130000, 0x00007eee5aed0000)
 tenured generation   total 3884588K, used 3880596K [0x00007ef339b50000, 0x00007ef426cdb000, 0x00007efde4600000)
   the space 3884588K,  99% used [0x00007ef339b50000, 0x00007ef4268f51e0, 0x00007ef4268f5200, 0x00007ef426cdb000)
 Metaspace       used 24875K, capacity 25302K, committed 25344K, reserved 26624K
}
Event: 10897.992 GC heap before
{Heap before GC invocations=13005 (full 3):
 def new generation   total 1748160K, used 1561845K [0x00007eede4600000, 0x00007eee5aed0000, 0x00007ef339b50000)
  eden space 1553984K, 100% used [0x00007eede4600000, 0x00007eee43390000, 0x00007eee43390000)
  from space 194176K,   4% used [0x00007eee43390000, 0x00007eee43b3d6d8, 0x00007eee4f130000)
  to   space 194176K,   0% used [0x00007eee4f130000, 0x00007eee4f130000, 0x00007eee5aed0000)
 tenured generation   total 3884588K, used 3880596K [0x00007ef339b50000, 0x00007ef426cdb000, 0x00007efde4600000)
   the space 3884588K,  99% used [0x00007ef339b50000, 0x00007ef4268f51e0, 0x00007ef4268f5200, 0x00007ef426cdb000)
 Metaspace       used 24875K, capacity 25302K, committed 25344K, reserved 26624K
}
Event: 10898.008 GC heap after
{Heap after GC invocations=13006 (full 3):
 def new generation   total 1748160K, used 7863K [0x00007eede4600000, 0x00007eee5aed0000, 0x00007ef339b50000)
  eden space 1553984K,   0% used [0x00007eede4600000, 0x00007eede4600000, 0x00007eee43390000)
  from space 194176K,   4% used [0x00007eee4f130000, 0x00007eee4f8ddd28, 0x00007eee5aed0000)
  to   space 194176K,   0% used [0x00007eee43390000, 0x00007eee43390000, 0x00007eee4f130000)
 tenured generation   total 3884588K, used 3881146K [0x00007ef339b50000, 0x00007ef426cdb000, 0x00007efde4600000)
   the space 3884588K,  99% used [0x00007ef339b50000, 0x00007ef42697eb98, 0x00007ef42697ec00, 0x00007ef426cdb000)
 Metaspace       used 24875K, capacity 25302K, committed 25344K, reserved 26624K
}
Event: 10899.404 GC heap before
{Heap before GC invocations=13006 (full 3):
 def new generation   total 1748160K, used 1561847K [0x00007eede4600000, 0x00007eee5aed0000, 0x00007ef339b50000)
  eden space 1553984K, 100% used [0x00007eede4600000, 0x00007eee43390000, 0x00007eee43390000)
  from space 194176K,   4% used [0x00007eee4f130000, 0x00007eee4f8ddd28, 0x00007eee5aed0000)
  to   space 194176K,   0% used [0x00007eee43390000, 0x00007eee43390000, 0x00007eee4f130000)
 tenured generation   total 3884588K, used 3881146K [0x00007ef339b50000, 0x00007ef426cdb000, 0x00007efde4600000)
   the space 3884588K,  99% used [0x00007ef339b50000, 0x00007ef42697eb98, 0x00007ef42697ec00, 0x00007ef426cdb000)
 Metaspace       used 24875K, capacity 25302K, committed 25344K, reserved 26624K
}
Event: 10899.420 GC heap after
{Heap after GC invocations=13007 (full 3):
 def new generation   total 1748160K, used 7846K [0x00007eede4600000, 0x00007eee5aed0000, 0x00007ef339b50000)
  eden space 1553984K,   0% used [0x00007eede4600000, 0x00007eede4600000, 0x00007eee43390000)
  from space 194176K,   4% used [0x00007eee43390000, 0x00007eee43b39b28, 0x00007eee4f130000)
  to   space 194176K,   0% used [0x00007eee4f130000, 0x00007eee4f130000, 0x00007eee5aed0000)
 tenured generation   total 3884588K, used 3881697K [0x00007ef339b50000, 0x00007ef426cdb000, 0x00007efde4600000)
   the space 3884588K,  99% used [0x00007ef339b50000, 0x00007ef426a08550, 0x00007ef426a08600, 0x00007ef426cdb000)
 Metaspace       used 24875K, capacity 25302K, committed 25344K, reserved 26624K
}
Event: 10900.894 GC heap before
{Heap before GC invocations=13007 (full 3):
 def new generation   total 1748160K, used 1561830K [0x00007eede4600000, 0x00007eee5aed0000, 0x00007ef339b50000)
  eden space 1553984K, 100% used [0x00007eede4600000, 0x00007eee43390000, 0x00007eee43390000)
  from space 194176K,   4% used [0x00007eee43390000, 0x00007eee43b39b28, 0x00007eee4f130000)
  to   space 194176K,   0% used [0x00007eee4f130000, 0x00007eee4f130000, 0x00007eee5aed0000)
 tenured generation   total 3884588K, used 3881697K [0x00007ef339b50000, 0x00007ef426cdb000, 0x00007efde4600000)
   the space 3884588K,  99% used [0x00007ef339b50000, 0x00007ef426a08550, 0x00007ef426a08600, 0x00007ef426cdb000)
 Metaspace       used 24875K, capacity 25302K, committed 25344K, reserved 26624K
}
Event: 10900.910 GC heap after
{Heap after GC invocations=13008 (full 3):
 def new generation   total 1748160K, used 7863K [0x00007eede4600000, 0x00007eee5aed0000, 0x00007ef339b50000)
  eden space 1553984K,   0% used [0x00007eede4600000, 0x00007eede4600000, 0x00007eee43390000)
  from space 194176K,   4% used [0x00007eee4f130000, 0x00007eee4f8ddf88, 0x00007eee5aed0000)
  to   space 194176K,   0% used [0x00007eee43390000, 0x00007eee43390000, 0x00007eee4f130000)
 tenured generation   total 3884588K, used 3882256K [0x00007ef339b50000, 0x00007ef426cdb000, 0x00007efde4600000)
   the space 3884588K,  99% used [0x00007ef339b50000, 0x00007ef426a94298, 0x00007ef426a94400, 0x00007ef426cdb000)
 Metaspace       used 24875K, capacity 25302K, committed 25344K, reserved 26624K
}
Event: 10902.279 GC heap before
{Heap before GC invocations=13008 (full 3):
 def new generation   total 1748160K, used 1561847K [0x00007eede4600000, 0x00007eee5aed0000, 0x00007ef339b50000)
  eden space 1553984K, 100% used [0x00007eede4600000, 0x00007eee43390000, 0x00007eee43390000)
  from space 194176K,   4% used [0x00007eee4f130000, 0x00007eee4f8ddf88, 0x00007eee5aed0000)
  to   space 194176K,   0% used [0x00007eee43390000, 0x00007eee43390000, 0x00007eee4f130000)
 tenured generation   total 3884588K, used 3882256K [0x00007ef339b50000, 0x00007ef426cdb000, 0x00007efde4600000)
   the space 3884588K,  99% used [0x00007ef339b50000, 0x00007ef426a94298, 0x00007ef426a94400, 0x00007ef426cdb000)
 Metaspace       used 24875K, capacity 25302K, committed 25344K, reserved 26624K
}
Event: 10902.296 GC heap after
{Heap after GC invocations=13009 (full 3):
 def new generation   total 1748160K, used 8232K [0x00007eede4600000, 0x00007eee5aed0000, 0x00007ef339b50000)
  eden space 1553984K,   0% used [0x00007eede4600000, 0x00007eede4600000, 0x00007eee43390000)
  from space 194176K,   4% used [0x00007eee43390000, 0x00007eee43b9a248, 0x00007eee4f130000)
  to   space 194176K,   0% used [0x00007eee4f130000, 0x00007eee4f130000, 0x00007eee5aed0000)
 tenured generation   total 3884588K, used 3882393K [0x00007ef339b50000, 0x00007ef426cdb000, 0x00007efde4600000)
   the space 3884588K,  99% used [0x00007ef339b50000, 0x00007ef426ab67a0, 0x00007ef426ab6800, 0x00007ef426cdb000)
 Metaspace       used 24875K, capacity 25302K, committed 25344K, reserved 26624K
}
Event: 10903.695 GC heap before
{Heap before GC invocations=13009 (full 3):
 def new generation   total 1748160K, used 1562216K [0x00007eede4600000, 0x00007eee5aed0000, 0x00007ef339b50000)
  eden space 1553984K, 100% used [0x00007eede4600000, 0x00007eee43390000, 0x00007eee43390000)
  from space 194176K,   4% used [0x00007eee43390000, 0x00007eee43b9a248, 0x00007eee4f130000)
  to   space 194176K,   0% used [0x00007eee4f130000, 0x00007eee4f130000, 0x00007eee5aed0000)
 tenured generation   total 3884588K, used 3882393K [0x00007ef339b50000, 0x00007ef426cdb000, 0x00007efde4600000)
   the space 3884588K,  99% used [0x00007ef339b50000, 0x00007ef426ab67a0, 0x00007ef426ab6800, 0x00007ef426cdb000)
 Metaspace       used 24875K, capacity 25302K, committed 25344K, reserved 26624K
}
Event: 10903.712 GC heap after
{Heap after GC invocations=13010 (full 3):
 def new generation   total 1748160K, used 8230K [0x00007eede4600000, 0x00007eee5aed0000, 0x00007ef339b50000)
  eden space 1553984K,   0% used [0x00007eede4600000, 0x00007eede4600000, 0x00007eee43390000)
  from space 194176K,   4% used [0x00007eee4f130000, 0x00007eee4f939af8, 0x00007eee5aed0000)
  to   space 194176K,   0% used [0x00007eee43390000, 0x00007eee43390000, 0x00007eee4f130000)
 tenured generation   total 3884588K, used 3882944K [0x00007ef339b50000, 0x00007ef426cdb000, 0x00007efde4600000)
   the space 3884588K,  99% used [0x00007ef339b50000, 0x00007ef426b40158, 0x00007ef426b40200, 0x00007ef426cdb000)
 Metaspace       used 24875K, capacity 25302K, committed 25344K, reserved 26624K
}
Event: 10905.147 GC heap before
{Heap before GC invocations=13010 (full 3):
 def new generation   total 1748160K, used 1562214K [0x00007eede4600000, 0x00007eee5aed0000, 0x00007ef339b50000)
  eden space 1553984K, 100% used [0x00007eede4600000, 0x00007eee43390000, 0x00007eee43390000)
  from space 194176K,   4% used [0x00007eee4f130000, 0x00007eee4f939af8, 0x00007eee5aed0000)
  to   space 194176K,   0% used [0x00007eee43390000, 0x00007eee43390000, 0x00007eee4f130000)
 tenured generation   total 3884588K, used 3882944K [0x00007ef339b50000, 0x00007ef426cdb000, 0x00007efde4600000)
   the space 3884588K,  99% used [0x00007ef339b50000, 0x00007ef426b40158, 0x00007ef426b40200, 0x00007ef426cdb000)
 Metaspace       used 24875K, capacity 25302K, committed 25344K, reserved 26624K
}
Event: 10905.164 GC heap after
{Heap after GC invocations=13011 (full 3):
 def new generation   total 1748160K, used 8229K [0x00007eede4600000, 0x00007eee5aed0000, 0x00007ef339b50000)
  eden space 1553984K,   0% used [0x00007eede4600000, 0x00007eede4600000, 0x00007eee43390000)
  from space 194176K,   4% used [0x00007eee43390000, 0x00007eee43b99580, 0x00007eee4f130000)
  to   space 194176K,   0% used [0x00007eee4f130000, 0x00007eee4f130000, 0x00007eee5aed0000)
 tenured generation   total 3884588K, used 3883494K [0x00007ef339b50000, 0x00007ef426cdb000, 0x00007efde4600000)
   the space 3884588K,  99% used [0x00007ef339b50000, 0x00007ef426bc9b10, 0x00007ef426bc9c00, 0x00007ef426cdb000)
 Metaspace       used 24875K, capacity 25302K, committed 25344K, reserved 26624K
}
Event: 10906.498 GC heap before
{Heap before GC invocations=13011 (full 3):
 def new generation   total 1748160K, used 1562213K [0x00007eede4600000, 0x00007eee5aed0000, 0x00007ef339b50000)
  eden space 1553984K, 100% used [0x00007eede4600000, 0x00007eee43390000, 0x00007eee43390000)
  from space 194176K,   4% used [0x00007eee43390000, 0x00007eee43b99580, 0x00007eee4f130000)
  to   space 194176K,   0% used [0x00007eee4f130000, 0x00007eee4f130000, 0x00007eee5aed0000)
 tenured generation   total 3884588K, used 3883494K [0x00007ef339b50000, 0x00007ef426cdb000, 0x00007efde4600000)
   the space 3884588K,  99% used [0x00007ef339b50000, 0x00007ef426bc9b10, 0x00007ef426bc9c00, 0x00007ef426cdb000)
 Metaspace       used 24875K, capacity 25302K, committed 25344K, reserved 26624K
}
Event: 10906.518 GC heap after
{Heap after GC invocations=13012 (full 3):
 def new generation   total 1748160K, used 8244K [0x00007eede4600000, 0x00007eee5aed0000, 0x00007ef339b50000)
  eden space 1553984K,   0% used [0x00007eede4600000, 0x00007eede4600000, 0x00007eee43390000)
  from space 194176K,   4% used [0x00007eee4f130000, 0x00007eee4f93d378, 0x00007eee5aed0000)
  to   space 194176K,   0% used [0x00007eee43390000, 0x00007eee43390000, 0x00007eee4f130000)
 tenured generation   total 3884588K, used 3884045K [0x00007ef339b50000, 0x00007ef426cdb000, 0x00007efde4600000)
   the space 3884588K,  99% used [0x00007ef339b50000, 0x00007ef426c534c8, 0x00007ef426c53600, 0x00007ef426cdb000)
 Metaspace       used 24875K, capacity 25302K, committed 25344K, reserved 26624K
}
Event: 10907.936 GC heap before
{Heap before GC invocations=13012 (full 3):
 def new generation   total 1748160K, used 1562228K [0x00007eede4600000, 0x00007eee5aed0000, 0x00007ef339b50000)
  eden space 1553984K, 100% used [0x00007eede4600000, 0x00007eee43390000, 0x00007eee43390000)
  from space 194176K,   4% used [0x00007eee4f130000, 0x00007eee4f93d378, 0x00007eee5aed0000)
  to   space 194176K,   0% used [0x00007eee43390000, 0x00007eee43390000, 0x00007eee4f130000)
 tenured generation   total 3884588K, used 3884045K [0x00007ef339b50000, 0x00007ef426cdb000, 0x00007efde4600000)
   the space 3884588K,  99% used [0x00007ef339b50000, 0x00007ef426c534c8, 0x00007ef426c53600, 0x00007ef426cdb000)
 Metaspace       used 24875K, capacity 25302K, committed 25344K, reserved 26624K
}
Event: 10907.953 GC heap after
{Heap after GC invocations=13013 (full 3):
 def new generation   total 1748160K, used 8262K [0x00007eede4600000, 0x00007eee5aed0000, 0x00007ef339b50000)
  eden space 1553984K,   0% used [0x00007eede4600000, 0x00007eede4600000, 0x00007eee43390000)
  from space 194176K,   4% used [0x00007eee43390000, 0x00007eee43ba1918, 0x00007eee4f130000)
  to   space 194176K,   0% used [0x00007eee4f130000, 0x00007eee4f130000, 0x00007eee5aed0000)
 tenured generation   total 3884588K, used 3884569K [0x00007ef339b50000, 0x00007ef426cdb000, 0x00007efde4600000)
   the space 3884588K,  99% used [0x00007ef339b50000, 0x00007ef426cd6758, 0x00007ef426cd6800, 0x00007ef426cdb000)
 Metaspace       used 24875K, capacity 25302K, committed 25344K, reserved 26624K
}
Event: 10909.394 GC heap before
{Heap before GC invocations=13013 (full 3):
 def new generation   total 1748160K, used 1562246K [0x00007eede4600000, 0x00007eee5aed0000, 0x00007ef339b50000)
  eden space 1553984K, 100% used [0x00007eede4600000, 0x00007eee43390000, 0x00007eee43390000)
  from space 194176K,   4% used [0x00007eee43390000, 0x00007eee43ba1918, 0x00007eee4f130000)
  to   space 194176K,   0% used [0x00007eee4f130000, 0x00007eee4f130000, 0x00007eee5aed0000)
 tenured generation   total 3884588K, used 3884569K [0x00007ef339b50000, 0x00007ef426cdb000, 0x00007efde4600000)
   the space 3884588K,  99% used [0x00007ef339b50000, 0x00007ef426cd6758, 0x00007ef426cd6800, 0x00007ef426cdb000)
 Metaspace       used 24875K, capacity 25302K, committed 25344K, reserved 26624K
}
Event: 10909.412 GC heap after
{Heap after GC invocations=13014 (full 3):
 def new generation   total 1748160K, used 8266K [0x00007eede4600000, 0x00007eee5aed0000, 0x00007ef339b50000)
  eden space 1553984K,   0% used [0x00007eede4600000, 0x00007eede4600000, 0x00007eee43390000)
  from space 194176K,   4% used [0x00007eee4f130000, 0x00007eee4f942b08, 0x00007eee5aed0000)
  to   space 194176K,   0% used [0x00007eee43390000, 0x00007eee43390000, 0x00007eee4f130000)
 tenured generation   total 3885164K, used 3885119K [0x00007ef339b50000, 0x00007ef426d6b000, 0x00007efde4600000)
   the space 3885164K,  99% used [0x00007ef339b50000, 0x00007ef426d5ff60, 0x00007ef426d60000, 0x00007ef426d6b000)
 Metaspace       used 24875K, capacity 25302K, committed 25344K, reserved 26624K
}
Event: 10909.412 GC heap before
{Heap before GC invocations=13014 (full 3):
 def new generation   total 1748160K, used 8266K [0x00007eede4600000, 0x00007eee5aed0000, 0x00007ef339b50000)
  eden space 1553984K,   0% used [0x00007eede4600000, 0x00007eede4600000, 0x00007eee43390000)
  from space 194176K,   4% used [0x00007eee4f130000, 0x00007eee4f942b08, 0x00007eee5aed0000)
  to   space 194176K,   0% used [0x00007eee43390000, 0x00007eee43390000, 0x00007eee4f130000)
 tenured generation   total 3885164K, used 3885119K [0x00007ef339b50000, 0x00007ef426d6b000, 0x00007efde4600000)
   the space 3885164K,  99% used [0x00007ef339b50000, 0x00007ef426d5ff60, 0x00007ef426d60000, 0x00007ef426d6b000)
 Metaspace       used 24875K, capacity 25302K, committed 25344K, reserved 26624K
}

