# JRE version: OpenJDK Runtime Environment (13.0.7+5) (build 13.0.7+5-Ubuntu-0ubuntu120.04)
# Java VM: OpenJDK 64-Bit Server VM (13.0.7+5-Ubuntu-0ubuntu120.04, mixed mode, tiered, serial gc, linux-amd64)
Heap:
 def new generation   total 1048832K, used 1498K [0x00007f5594600000, 0x00007f55db800000, 0x00007f5ae9b50000)
  eden space 932352K,   0% used [0x00007f5594600000, 0x00007f5594776af0, 0x00007f55cd480000)
  from space 116480K,   0% used [0x00007f55cd480000, 0x00007f55cd480000, 0x00007f55d4640000)
  to   space 116480K,   0% used [0x00007f55d4640000, 0x00007f55d4640000, 0x00007f55db800000)
 tenured generation   total 2330752K, used 2330751K [0x00007f5ae9b50000, 0x00007f5b77f70000, 0x00007f6594600000)
   the space 2330752K,  99% used [0x00007f5ae9b50000, 0x00007f5b77f6ff08, 0x00007f5b77f70000, 0x00007f5b77f70000)
 Metaspace       used 24817K, capacity 25234K, committed 25344K, reserved 26624K
GC Heap History (20 events):
Event: 19776.060 GC heap after
{Heap after GC invocations=30061 (full 2):
 def new generation   total 1048832K, used 1711K [0x00007f5594600000, 0x00007f55db800000, 0x00007f5ae9b50000)
  eden space 932352K,   0% used [0x00007f5594600000, 0x00007f5594600000, 0x00007f55cd480000)
  from space 116480K,   1% used [0x00007f55d4640000, 0x00007f55d47ebe08, 0x00007f55db800000)
  to   space 116480K,   0% used [0x00007f55cd480000, 0x00007f55cd480000, 0x00007f55d4640000)
 tenured generation   total 2330560K, used 2329669K [0x00007f5ae9b50000, 0x00007f5b77f40000, 0x00007f6594600000)
   the space 2330560K,  99% used [0x00007f5ae9b50000, 0x00007f5b77e61748, 0x00007f5b77e61800, 0x00007f5b77f40000)
 Metaspace       used 24817K, capacity 25234K, committed 25344K, reserved 26624K
}
Event: 19776.981 GC heap before
{Heap before GC invocations=30061 (full 2):
 def new generation   total 1048832K, used 934063K [0x00007f5594600000, 0x00007f55db800000, 0x00007f5ae9b50000)
  eden space 932352K, 100% used [0x00007f5594600000, 0x00007f55cd480000, 0x00007f55cd480000)
  from space 116480K,   1% used [0x00007f55d4640000, 0x00007f55d47ebe08, 0x00007f55db800000)
  to   space 116480K,   0% used [0x00007f55cd480000, 0x00007f55cd480000, 0x00007f55d4640000)
 tenured generation   total 2330560K, used 2329669K [0x00007f5ae9b50000, 0x00007f5b77f40000, 0x00007f6594600000)
   the space 2330560K,  99% used [0x00007f5ae9b50000, 0x00007f5b77e61748, 0x00007f5b77e61800, 0x00007f5b77f40000)
 Metaspace       used 24817K, capacity 25234K, committed 25344K, reserved 26624K
}
Event: 19776.989 GC heap after
{Heap after GC invocations=30062 (full 2):
 def new generation   total 1048832K, used 1695K [0x00007f5594600000, 0x00007f55db800000, 0x00007f5ae9b50000)
  eden space 932352K,   0% used [0x00007f5594600000, 0x00007f5594600000, 0x00007f55cd480000)
  from space 116480K,   1% used [0x00007f55cd480000, 0x00007f55cd627ed0, 0x00007f55d4640000)
  to   space 116480K,   0% used [0x00007f55d4640000, 0x00007f55d4640000, 0x00007f55db800000)
 tenured generation   total 2330560K, used 2329761K [0x00007f5ae9b50000, 0x00007f5b77f40000, 0x00007f6594600000)
   the space 2330560K,  99% used [0x00007f5ae9b50000, 0x00007f5b77e786f8, 0x00007f5b77e78800, 0x00007f5b77f40000)
 Metaspace       used 24817K, capacity 25234K, committed 25344K, reserved 26624K
}
Event: 19777.925 GC heap before
{Heap before GC invocations=30062 (full 2):
 def new generation   total 1048832K, used 934047K [0x00007f5594600000, 0x00007f55db800000, 0x00007f5ae9b50000)
  eden space 932352K, 100% used [0x00007f5594600000, 0x00007f55cd480000, 0x00007f55cd480000)
  from space 116480K,   1% used [0x00007f55cd480000, 0x00007f55cd627ed0, 0x00007f55d4640000)
  to   space 116480K,   0% used [0x00007f55d4640000, 0x00007f55d4640000, 0x00007f55db800000)
 tenured generation   total 2330560K, used 2329761K [0x00007f5ae9b50000, 0x00007f5b77f40000, 0x00007f6594600000)
   the space 2330560K,  99% used [0x00007f5ae9b50000, 0x00007f5b77e786f8, 0x00007f5b77e78800, 0x00007f5b77f40000)
 Metaspace       used 24817K, capacity 25234K, committed 25344K, reserved 26624K
}
Event: 19777.933 GC heap after
{Heap after GC invocations=30063 (full 2):
 def new generation   total 1048832K, used 1767K [0x00007f5594600000, 0x00007f55db800000, 0x00007f5ae9b50000)
  eden space 932352K,   0% used [0x00007f5594600000, 0x00007f5594600000, 0x00007f55cd480000)
  from space 116480K,   1% used [0x00007f55d4640000, 0x00007f55d47f9e58, 0x00007f55db800000)
  to   space 116480K,   0% used [0x00007f55cd480000, 0x00007f55cd480000, 0x00007f55d4640000)
 tenured generation   total 2330560K, used 2329853K [0x00007f5ae9b50000, 0x00007f5b77f40000, 0x00007f6594600000)
   the space 2330560K,  99% used [0x00007f5ae9b50000, 0x00007f5b77e8f6a8, 0x00007f5b77e8f800, 0x00007f5b77f40000)
 Metaspace       used 24817K, capacity 25234K, committed 25344K, reserved 26624K
}
Event: 19778.861 GC heap before
{Heap before GC invocations=30063 (full 2):
 def new generation   total 1048832K, used 934119K [0x00007f5594600000, 0x00007f55db800000, 0x00007f5ae9b50000)
  eden space 932352K, 100% used [0x00007f5594600000, 0x00007f55cd480000, 0x00007f55cd480000)
  from space 116480K,   1% used [0x00007f55d4640000, 0x00007f55d47f9e58, 0x00007f55db800000)
  to   space 116480K,   0% used [0x00007f55cd480000, 0x00007f55cd480000, 0x00007f55d4640000)
 tenured generation   total 2330560K, used 2329853K [0x00007f5ae9b50000, 0x00007f5b77f40000, 0x00007f6594600000)
   the space 2330560K,  99% used [0x00007f5ae9b50000, 0x00007f5b77e8f6a8, 0x00007f5b77e8f800, 0x00007f5b77f40000)
 Metaspace       used 24817K, capacity 25234K, committed 25344K, reserved 26624K
}
Event: 19778.870 GC heap after
{Heap after GC invocations=30064 (full 2):
 def new generation   total 1048832K, used 1667K [0x00007f5594600000, 0x00007f55db800000, 0x00007f5ae9b50000)
  eden space 932352K,   0% used [0x00007f5594600000, 0x00007f5594600000, 0x00007f55cd480000)
  from space 116480K,   1% used [0x00007f55cd480000, 0x00007f55cd620f38, 0x00007f55d4640000)
  to   space 116480K,   0% used [0x00007f55d4640000, 0x00007f55d4640000, 0x00007f55db800000)
 tenured generation   total 2330560K, used 2329976K [0x00007f5ae9b50000, 0x00007f5b77f40000, 0x00007f6594600000)
   the space 2330560K,  99% used [0x00007f5ae9b50000, 0x00007f5b77eae0e8, 0x00007f5b77eae200, 0x00007f5b77f40000)
 Metaspace       used 24817K, capacity 25234K, committed 25344K, reserved 26624K
}
Event: 19779.789 GC heap before
{Heap before GC invocations=30064 (full 2):
 def new generation   total 1048832K, used 934019K [0x00007f5594600000, 0x00007f55db800000, 0x00007f5ae9b50000)
  eden space 932352K, 100% used [0x00007f5594600000, 0x00007f55cd480000, 0x00007f55cd480000)
  from space 116480K,   1% used [0x00007f55cd480000, 0x00007f55cd620f38, 0x00007f55d4640000)
  to   space 116480K,   0% used [0x00007f55d4640000, 0x00007f55d4640000, 0x00007f55db800000)
 tenured generation   total 2330560K, used 2329976K [0x00007f5ae9b50000, 0x00007f5b77f40000, 0x00007f6594600000)
   the space 2330560K,  99% used [0x00007f5ae9b50000, 0x00007f5b77eae0e8, 0x00007f5b77eae200, 0x00007f5b77f40000)
 Metaspace       used 24817K, capacity 25234K, committed 25344K, reserved 26624K
}
Event: 19779.797 GC heap after
{Heap after GC invocations=30065 (full 2):
 def new generation   total 1048832K, used 1744K [0x00007f5594600000, 0x00007f55db800000, 0x00007f5ae9b50000)
  eden space 932352K,   0% used [0x00007f5594600000, 0x00007f5594600000, 0x00007f55cd480000)
  from space 116480K,   1% used [0x00007f55d4640000, 0x00007f55d47f42a0, 0x00007f55db800000)
  to   space 116480K,   0% used [0x00007f55cd480000, 0x00007f55cd480000, 0x00007f55d4640000)
 tenured generation   total 2330560K, used 2330068K [0x00007f5ae9b50000, 0x00007f5b77f40000, 0x00007f6594600000)
   the space 2330560K,  99% used [0x00007f5ae9b50000, 0x00007f5b77ec5098, 0x00007f5b77ec5200, 0x00007f5b77f40000)
 Metaspace       used 24817K, capacity 25234K, committed 25344K, reserved 26624K
}
Event: 19780.682 GC heap before
{Heap before GC invocations=30065 (full 2):
 def new generation   total 1048832K, used 934096K [0x00007f5594600000, 0x00007f55db800000, 0x00007f5ae9b50000)
  eden space 932352K, 100% used [0x00007f5594600000, 0x00007f55cd480000, 0x00007f55cd480000)
  from space 116480K,   1% used [0x00007f55d4640000, 0x00007f55d47f42a0, 0x00007f55db800000)
  to   space 116480K,   0% used [0x00007f55cd480000, 0x00007f55cd480000, 0x00007f55d4640000)
 tenured generation   total 2330560K, used 2330068K [0x00007f5ae9b50000, 0x00007f5b77f40000, 0x00007f6594600000)
   the space 2330560K,  99% used [0x00007f5ae9b50000, 0x00007f5b77ec5098, 0x00007f5b77ec5200, 0x00007f5b77f40000)
 Metaspace       used 24817K, capacity 25234K, committed 25344K, reserved 26624K
}
Event: 19780.689 GC heap after
{Heap after GC invocations=30066 (full 2):
 def new generation   total 1048832K, used 1691K [0x00007f5594600000, 0x00007f55db800000, 0x00007f5ae9b50000)
  eden space 932352K,   0% used [0x00007f5594600000, 0x00007f5594600000, 0x00007f55cd480000)
  from space 116480K,   1% used [0x00007f55cd480000, 0x00007f55cd626fc8, 0x00007f55d4640000)
  to   space 116480K,   0% used [0x00007f55d4640000, 0x00007f55d4640000, 0x00007f55db800000)
 tenured generation   total 2330560K, used 2330190K [0x00007f5ae9b50000, 0x00007f5b77f40000, 0x00007f6594600000)
   the space 2330560K,  99% used [0x00007f5ae9b50000, 0x00007f5b77ee3ad8, 0x00007f5b77ee3c00, 0x00007f5b77f40000)
 Metaspace       used 24817K, capacity 25234K, committed 25344K, reserved 26624K
}
Event: 19781.598 GC heap before
{Heap before GC invocations=30066 (full 2):
 def new generation   total 1048832K, used 934043K [0x00007f5594600000, 0x00007f55db800000, 0x00007f5ae9b50000)
  eden space 932352K, 100% used [0x00007f5594600000, 0x00007f55cd480000, 0x00007f55cd480000)
  from space 116480K,   1% used [0x00007f55cd480000, 0x00007f55cd626fc8, 0x00007f55d4640000)
  to   space 116480K,   0% used [0x00007f55d4640000, 0x00007f55d4640000, 0x00007f55db800000)
 tenured generation   total 2330560K, used 2330190K [0x00007f5ae9b50000, 0x00007f5b77f40000, 0x00007f6594600000)
   the space 2330560K,  99% used [0x00007f5ae9b50000, 0x00007f5b77ee3ad8, 0x00007f5b77ee3c00, 0x00007f5b77f40000)
 Metaspace       used 24817K, capacity 25234K, committed 25344K, reserved 26624K
}
Event: 19781.606 GC heap after
{Heap after GC invocations=30067 (full 2):
 def new generation   total 1048832K, used 1706K [0x00007f5594600000, 0x00007f55db800000, 0x00007f5ae9b50000)
  eden space 932352K,   0% used [0x00007f5594600000, 0x00007f5594600000, 0x00007f55cd480000)
  from space 116480K,   1% used [0x00007f55d4640000, 0x00007f55d47ea810, 0x00007f55db800000)
  to   space 116480K,   0% used [0x00007f55cd480000, 0x00007f55cd480000, 0x00007f55d4640000)
 tenured generation   total 2330560K, used 2330282K [0x00007f5ae9b50000, 0x00007f5b77f40000, 0x00007f6594600000)
   the space 2330560K,  99% used [0x00007f5ae9b50000, 0x00007f5b77efaa88, 0x00007f5b77efac00, 0x00007f5b77f40000)
 Metaspace       used 24817K, capacity 25234K, committed 25344K, reserved 26624K
}
Event: 19782.526 GC heap before
{Heap before GC invocations=30067 (full 2):
 def new generation   total 1048832K, used 934058K [0x00007f5594600000, 0x00007f55db800000, 0x00007f5ae9b50000)
  eden space 932352K, 100% used [0x00007f5594600000, 0x00007f55cd480000, 0x00007f55cd480000)
  from space 116480K,   1% used [0x00007f55d4640000, 0x00007f55d47ea810, 0x00007f55db800000)
  to   space 116480K,   0% used [0x00007f55cd480000, 0x00007f55cd480000, 0x00007f55d4640000)
 tenured generation   total 2330560K, used 2330282K [0x00007f5ae9b50000, 0x00007f5b77f40000, 0x00007f6594600000)
   the space 2330560K,  99% used [0x00007f5ae9b50000, 0x00007f5b77efaa88, 0x00007f5b77efac00, 0x00007f5b77f40000)
 Metaspace       used 24817K, capacity 25234K, committed 25344K, reserved 26624K
}
Event: 19782.534 GC heap after
{Heap after GC invocations=30068 (full 2):
 def new generation   total 1048832K, used 1650K [0x00007f5594600000, 0x00007f55db800000, 0x00007f5ae9b50000)
  eden space 932352K,   0% used [0x00007f5594600000, 0x00007f5594600000, 0x00007f55cd480000)
  from space 116480K,   1% used [0x00007f55cd480000, 0x00007f55cd61cbe8, 0x00007f55d4640000)
  to   space 116480K,   0% used [0x00007f55d4640000, 0x00007f55d4640000, 0x00007f55db800000)
 tenured generation   total 2330560K, used 2330405K [0x00007f5ae9b50000, 0x00007f5b77f40000, 0x00007f6594600000)
   the space 2330560K,  99% used [0x00007f5ae9b50000, 0x00007f5b77f194c8, 0x00007f5b77f19600, 0x00007f5b77f40000)
 Metaspace       used 24817K, capacity 25234K, committed 25344K, reserved 26624K
}
Event: 19783.474 GC heap before
{Heap before GC invocations=30068 (full 2):
 def new generation   total 1048832K, used 934002K [0x00007f5594600000, 0x00007f55db800000, 0x00007f5ae9b50000)
  eden space 932352K, 100% used [0x00007f5594600000, 0x00007f55cd480000, 0x00007f55cd480000)
  from space 116480K,   1% used [0x00007f55cd480000, 0x00007f55cd61cbe8, 0x00007f55d4640000)
  to   space 116480K,   0% used [0x00007f55d4640000, 0x00007f55d4640000, 0x00007f55db800000)
 tenured generation   total 2330560K, used 2330405K [0x00007f5ae9b50000, 0x00007f5b77f40000, 0x00007f6594600000)
   the space 2330560K,  99% used [0x00007f5ae9b50000, 0x00007f5b77f194c8, 0x00007f5b77f19600, 0x00007f5b77f40000)
 Metaspace       used 24817K, capacity 25234K, committed 25344K, reserved 26624K
}
Event: 19783.482 GC heap after
{Heap after GC invocations=30069 (full 2):
 def new generation   total 1048832K, used 1709K [0x00007f5594600000, 0x00007f55db800000, 0x00007f5ae9b50000)
  eden space 932352K,   0% used [0x00007f5594600000, 0x00007f5594600000, 0x00007f55cd480000)
  from space 116480K,   1% used [0x00007f55d4640000, 0x00007f55d47eb5c8, 0x00007f55db800000)
  to   space 116480K,   0% used [0x00007f55cd480000, 0x00007f55cd480000, 0x00007f55d4640000)
 tenured generation   total 2330560K, used 2330497K [0x00007f5ae9b50000, 0x00007f5b77f40000, 0x00007f6594600000)
   the space 2330560K,  99% used [0x00007f5ae9b50000, 0x00007f5b77f30478, 0x00007f5b77f30600, 0x00007f5b77f40000)
 Metaspace       used 24817K, capacity 25234K, committed 25344K, reserved 26624K
}
Event: 19784.398 GC heap before
{Heap before GC invocations=30069 (full 2):
 def new generation   total 1048832K, used 934061K [0x00007f5594600000, 0x00007f55db800000, 0x00007f5ae9b50000)
  eden space 932352K, 100% used [0x00007f5594600000, 0x00007f55cd480000, 0x00007f55cd480000)
  from space 116480K,   1% used [0x00007f55d4640000, 0x00007f55d47eb5c8, 0x00007f55db800000)
  to   space 116480K,   0% used [0x00007f55cd480000, 0x00007f55cd480000, 0x00007f55d4640000)
 tenured generation   total 2330560K, used 2330497K [0x00007f5ae9b50000, 0x00007f5b77f40000, 0x00007f6594600000)
   the space 2330560K,  99% used [0x00007f5ae9b50000, 0x00007f5b77f30478, 0x00007f5b77f30600, 0x00007f5b77f40000)
 Metaspace       used 24817K, capacity 25234K, committed 25344K, reserved 26624K
}
Event: 19784.405 GC heap after
{Heap after GC invocations=30070 (full 2):
 def new generation   total 1048832K, used 1630K [0x00007f5594600000, 0x00007f55db800000, 0x00007f5ae9b50000)
  eden space 932352K,   0% used [0x00007f5594600000, 0x00007f5594600000, 0x00007f55cd480000)
  from space 116480K,   1% used [0x00007f55cd480000, 0x00007f55cd617b40, 0x00007f55d4640000)
  to   space 116480K,   0% used [0x00007f55d4640000, 0x00007f55d4640000, 0x00007f55db800000)
 tenured generation   total 2330752K, used 2330619K [0x00007f5ae9b50000, 0x00007f5b77f70000, 0x00007f6594600000)
   the space 2330752K,  99% used [0x00007f5ae9b50000, 0x00007f5b77f4eeb8, 0x00007f5b77f4f000, 0x00007f5b77f70000)
 Metaspace       used 24817K, capacity 25234K, committed 25344K, reserved 26624K
}
Event: 19784.405 GC heap before
{Heap before GC invocations=30070 (full 2):
 def new generation   total 1048832K, used 1630K [0x00007f5594600000, 0x00007f55db800000, 0x00007f5ae9b50000)
  eden space 932352K,   0% used [0x00007f5594600000, 0x00007f5594600000, 0x00007f55cd480000)
  from space 116480K,   1% used [0x00007f55cd480000, 0x00007f55cd617b40, 0x00007f55d4640000)
  to   space 116480K,   0% used [0x00007f55d4640000, 0x00007f55d4640000, 0x00007f55db800000)
 tenured generation   total 2330752K, used 2330619K [0x00007f5ae9b50000, 0x00007f5b77f70000, 0x00007f6594600000)
   the space 2330752K,  99% used [0x00007f5ae9b50000, 0x00007f5b77f4eeb8, 0x00007f5b77f4f000, 0x00007f5b77f70000)
 Metaspace       used 24817K, capacity 25234K, committed 25344K, reserved 26624K
}

