# JRE version: OpenJDK Runtime Environment (13.0.7+5) (build 13.0.7+5-Ubuntu-0ubuntu120.04)
# Java VM: OpenJDK 64-Bit Server VM (13.0.7+5-Ubuntu-0ubuntu120.04, mixed mode, tiered, serial gc, linux-amd64)
Heap:
 def new generation   total 2817536K, used 2463K [0x00007efbb8600000, 0x00007efc77730000, 0x00007f010db50000)
  eden space 2504512K,   0% used [0x00007efbb8600000, 0x00007efbb8867d08, 0x00007efc513d0000)
  from space 313024K,   0% used [0x00007efc513d0000, 0x00007efc513d0000, 0x00007efc64580000)
  to   space 313024K,   0% used [0x00007efc64580000, 0x00007efc64580000, 0x00007efc77730000)
 tenured generation   total 6261268K, used 6261267K [0x00007f010db50000, 0x00007f028bdd5000, 0x00007f0bb8600000)
   the space 6261268K,  99% used [0x00007f010db50000, 0x00007f028bdd4fe8, 0x00007f028bdd5000, 0x00007f028bdd5000)
 Metaspace       used 24859K, capacity 25340K, committed 25600K, reserved 26624K
GC Heap History (20 events):
Event: 157162.380 GC heap after
{Heap after GC invocations=144998 (full 4):
 def new generation   total 2817536K, used 2284K [0x00007efbb8600000, 0x00007efc77730000, 0x00007f010db50000)
  eden space 2504512K,   0% used [0x00007efbb8600000, 0x00007efbb8600000, 0x00007efc513d0000)
  from space 313024K,   0% used [0x00007efc64580000, 0x00007efc647bb070, 0x00007efc77730000)
  to   space 313024K,   0% used [0x00007efc513d0000, 0x00007efc513d0000, 0x00007efc64580000)
 tenured generation   total 6261076K, used 6259874K [0x00007f010db50000, 0x00007f028bda5000, 0x00007f0bb8600000)
   the space 6261076K,  99% used [0x00007f010db50000, 0x00007f028bc788a8, 0x00007f028bc78a00, 0x00007f028bda5000)
 Metaspace       used 24859K, capacity 25340K, committed 25600K, reserved 26624K
}
Event: 157164.520 GC heap before
{Heap before GC invocations=144998 (full 4):
 def new generation   total 2817536K, used 2506796K [0x00007efbb8600000, 0x00007efc77730000, 0x00007f010db50000)
  eden space 2504512K, 100% used [0x00007efbb8600000, 0x00007efc513d0000, 0x00007efc513d0000)
  from space 313024K,   0% used [0x00007efc64580000, 0x00007efc647bb070, 0x00007efc77730000)
  to   space 313024K,   0% used [0x00007efc513d0000, 0x00007efc513d0000, 0x00007efc64580000)
 tenured generation   total 6261076K, used 6259874K [0x00007f010db50000, 0x00007f028bda5000, 0x00007f0bb8600000)
   the space 6261076K,  99% used [0x00007f010db50000, 0x00007f028bc788a8, 0x00007f028bc78a00, 0x00007f028bda5000)
 Metaspace       used 24859K, capacity 25340K, committed 25600K, reserved 26624K
}
Event: 157164.532 GC heap after
{Heap after GC invocations=144999 (full 4):
 def new generation   total 2817536K, used 2378K [0x00007efbb8600000, 0x00007efc77730000, 0x00007f010db50000)
  eden space 2504512K,   0% used [0x00007efbb8600000, 0x00007efbb8600000, 0x00007efc513d0000)
  from space 313024K,   0% used [0x00007efc513d0000, 0x00007efc51622af8, 0x00007efc64580000)
  to   space 313024K,   0% used [0x00007efc64580000, 0x00007efc64580000, 0x00007efc77730000)
 tenured generation   total 6261076K, used 6260014K [0x00007f010db50000, 0x00007f028bda5000, 0x00007f0bb8600000)
   the space 6261076K,  99% used [0x00007f010db50000, 0x00007f028bc9bab0, 0x00007f028bc9bc00, 0x00007f028bda5000)
 Metaspace       used 24859K, capacity 25340K, committed 25600K, reserved 26624K
}
Event: 157166.650 GC heap before
{Heap before GC invocations=144999 (full 4):
 def new generation   total 2817536K, used 2506890K [0x00007efbb8600000, 0x00007efc77730000, 0x00007f010db50000)
  eden space 2504512K, 100% used [0x00007efbb8600000, 0x00007efc513d0000, 0x00007efc513d0000)
  from space 313024K,   0% used [0x00007efc513d0000, 0x00007efc51622af8, 0x00007efc64580000)
  to   space 313024K,   0% used [0x00007efc64580000, 0x00007efc64580000, 0x00007efc77730000)
 tenured generation   total 6261076K, used 6260014K [0x00007f010db50000, 0x00007f028bda5000, 0x00007f0bb8600000)
   the space 6261076K,  99% used [0x00007f010db50000, 0x00007f028bc9bab0, 0x00007f028bc9bc00, 0x00007f028bda5000)
 Metaspace       used 24859K, capacity 25340K, committed 25600K, reserved 26624K
}
Event: 157166.664 GC heap after
{Heap after GC invocations=145000 (full 4):
 def new generation   total 2817536K, used 2470K [0x00007efbb8600000, 0x00007efc77730000, 0x00007f010db50000)
  eden space 2504512K,   0% used [0x00007efbb8600000, 0x00007efbb8600000, 0x00007efc513d0000)
  from space 313024K,   0% used [0x00007efc64580000, 0x00007efc647e9a10, 0x00007efc77730000)
  to   space 313024K,   0% used [0x00007efc513d0000, 0x00007efc513d0000, 0x00007efc64580000)
 tenured generation   total 6261076K, used 6260183K [0x00007f010db50000, 0x00007f028bda5000, 0x00007f0bb8600000)
   the space 6261076K,  99% used [0x00007f010db50000, 0x00007f028bcc5d20, 0x00007f028bcc5e00, 0x00007f028bda5000)
 Metaspace       used 24859K, capacity 25340K, committed 25600K, reserved 26624K
}
Event: 157168.831 GC heap before
{Heap before GC invocations=145000 (full 4):
 def new generation   total 2817536K, used 2506982K [0x00007efbb8600000, 0x00007efc77730000, 0x00007f010db50000)
  eden space 2504512K, 100% used [0x00007efbb8600000, 0x00007efc513d0000, 0x00007efc513d0000)
  from space 313024K,   0% used [0x00007efc64580000, 0x00007efc647e9a10, 0x00007efc77730000)
  to   space 313024K,   0% used [0x00007efc513d0000, 0x00007efc513d0000, 0x00007efc64580000)
 tenured generation   total 6261076K, used 6260183K [0x00007f010db50000, 0x00007f028bda5000, 0x00007f0bb8600000)
   the space 6261076K,  99% used [0x00007f010db50000, 0x00007f028bcc5d20, 0x00007f028bcc5e00, 0x00007f028bda5000)
 Metaspace       used 24859K, capacity 25340K, committed 25600K, reserved 26624K
}
Event: 157168.844 GC heap after
{Heap after GC invocations=145001 (full 4):
 def new generation   total 2817536K, used 2574K [0x00007efbb8600000, 0x00007efc77730000, 0x00007f010db50000)
  eden space 2504512K,   0% used [0x00007efbb8600000, 0x00007efbb8600000, 0x00007efc513d0000)
  from space 313024K,   0% used [0x00007efc513d0000, 0x00007efc51653858, 0x00007efc64580000)
  to   space 313024K,   0% used [0x00007efc64580000, 0x00007efc64580000, 0x00007efc77730000)
 tenured generation   total 6261076K, used 6260323K [0x00007f010db50000, 0x00007f028bda5000, 0x00007f0bb8600000)
   the space 6261076K,  99% used [0x00007f010db50000, 0x00007f028bce8f28, 0x00007f028bce9000, 0x00007f028bda5000)
 Metaspace       used 24859K, capacity 25340K, committed 25600K, reserved 26624K
}
Event: 157171.024 GC heap before
{Heap before GC invocations=145001 (full 4):
 def new generation   total 2817536K, used 2507086K [0x00007efbb8600000, 0x00007efc77730000, 0x00007f010db50000)
  eden space 2504512K, 100% used [0x00007efbb8600000, 0x00007efc513d0000, 0x00007efc513d0000)
  from space 313024K,   0% used [0x00007efc513d0000, 0x00007efc51653858, 0x00007efc64580000)
  to   space 313024K,   0% used [0x00007efc64580000, 0x00007efc64580000, 0x00007efc77730000)
 tenured generation   total 6261076K, used 6260323K [0x00007f010db50000, 0x00007f028bda5000, 0x00007f0bb8600000)
   the space 6261076K,  99% used [0x00007f010db50000, 0x00007f028bce8f28, 0x00007f028bce9000, 0x00007f028bda5000)
 Metaspace       used 24859K, capacity 25340K, committed 25600K, reserved 26624K
}
Event: 157171.037 GC heap after
{Heap after GC invocations=145002 (full 4):
 def new generation   total 2817536K, used 2378K [0x00007efbb8600000, 0x00007efc77730000, 0x00007f010db50000)
  eden space 2504512K,   0% used [0x00007efbb8600000, 0x00007efbb8600000, 0x00007efc513d0000)
  from space 313024K,   0% used [0x00007efc64580000, 0x00007efc647d2a18, 0x00007efc77730000)
  to   space 313024K,   0% used [0x00007efc513d0000, 0x00007efc513d0000, 0x00007efc64580000)
 tenured generation   total 6261076K, used 6260464K [0x00007f010db50000, 0x00007f028bda5000, 0x00007f0bb8600000)
   the space 6261076K,  99% used [0x00007f010db50000, 0x00007f028bd0c130, 0x00007f028bd0c200, 0x00007f028bda5000)
 Metaspace       used 24859K, capacity 25340K, committed 25600K, reserved 26624K
}
Event: 157173.158 GC heap before
{Heap before GC invocations=145002 (full 4):
 def new generation   total 2817536K, used 2506890K [0x00007efbb8600000, 0x00007efc77730000, 0x00007f010db50000)
  eden space 2504512K, 100% used [0x00007efbb8600000, 0x00007efc513d0000, 0x00007efc513d0000)
  from space 313024K,   0% used [0x00007efc64580000, 0x00007efc647d2a18, 0x00007efc77730000)
  to   space 313024K,   0% used [0x00007efc513d0000, 0x00007efc513d0000, 0x00007efc64580000)
 tenured generation   total 6261076K, used 6260464K [0x00007f010db50000, 0x00007f028bda5000, 0x00007f0bb8600000)
   the space 6261076K,  99% used [0x00007f010db50000, 0x00007f028bd0c130, 0x00007f028bd0c200, 0x00007f028bda5000)
 Metaspace       used 24859K, capacity 25340K, committed 25600K, reserved 26624K
}
Event: 157173.171 GC heap after
{Heap after GC invocations=145003 (full 4):
 def new generation   total 2817536K, used 2475K [0x00007efbb8600000, 0x00007efc77730000, 0x00007f010db50000)
  eden space 2504512K,   0% used [0x00007efbb8600000, 0x00007efbb8600000, 0x00007efc513d0000)
  from space 313024K,   0% used [0x00007efc513d0000, 0x00007efc5163adc8, 0x00007efc64580000)
  to   space 313024K,   0% used [0x00007efc64580000, 0x00007efc64580000, 0x00007efc77730000)
 tenured generation   total 6261076K, used 6260604K [0x00007f010db50000, 0x00007f028bda5000, 0x00007f0bb8600000)
   the space 6261076K,  99% used [0x00007f010db50000, 0x00007f028bd2f338, 0x00007f028bd2f400, 0x00007f028bda5000)
 Metaspace       used 24859K, capacity 25340K, committed 25600K, reserved 26624K
}
Event: 157175.326 GC heap before
{Heap before GC invocations=145003 (full 4):
 def new generation   total 2817536K, used 2506987K [0x00007efbb8600000, 0x00007efc77730000, 0x00007f010db50000)
  eden space 2504512K, 100% used [0x00007efbb8600000, 0x00007efc513d0000, 0x00007efc513d0000)
  from space 313024K,   0% used [0x00007efc513d0000, 0x00007efc5163adc8, 0x00007efc64580000)
  to   space 313024K,   0% used [0x00007efc64580000, 0x00007efc64580000, 0x00007efc77730000)
 tenured generation   total 6261076K, used 6260604K [0x00007f010db50000, 0x00007f028bda5000, 0x00007f0bb8600000)
   the space 6261076K,  99% used [0x00007f010db50000, 0x00007f028bd2f338, 0x00007f028bd2f400, 0x00007f028bda5000)
 Metaspace       used 24859K, capacity 25340K, committed 25600K, reserved 26624K
}
Event: 157175.338 GC heap after
{Heap after GC invocations=145004 (full 4):
 def new generation   total 2817536K, used 2549K [0x00007efbb8600000, 0x00007efc77730000, 0x00007f010db50000)
  eden space 2504512K,   0% used [0x00007efbb8600000, 0x00007efbb8600000, 0x00007efc513d0000)
  from space 313024K,   0% used [0x00007efc64580000, 0x00007efc647fd5f8, 0x00007efc77730000)
  to   space 313024K,   0% used [0x00007efc513d0000, 0x00007efc513d0000, 0x00007efc64580000)
 tenured generation   total 6261076K, used 6260773K [0x00007f010db50000, 0x00007f028bda5000, 0x00007f0bb8600000)
   the space 6261076K,  99% used [0x00007f010db50000, 0x00007f028bd595a8, 0x00007f028bd59600, 0x00007f028bda5000)
 Metaspace       used 24859K, capacity 25340K, committed 25600K, reserved 26624K
}
Event: 157177.408 GC heap before
{Heap before GC invocations=145004 (full 4):
 def new generation   total 2817536K, used 2507061K [0x00007efbb8600000, 0x00007efc77730000, 0x00007f010db50000)
  eden space 2504512K, 100% used [0x00007efbb8600000, 0x00007efc513d0000, 0x00007efc513d0000)
  from space 313024K,   0% used [0x00007efc64580000, 0x00007efc647fd5f8, 0x00007efc77730000)
  to   space 313024K,   0% used [0x00007efc513d0000, 0x00007efc513d0000, 0x00007efc64580000)
 tenured generation   total 6261076K, used 6260773K [0x00007f010db50000, 0x00007f028bda5000, 0x00007f0bb8600000)
   the space 6261076K,  99% used [0x00007f010db50000, 0x00007f028bd595a8, 0x00007f028bd59600, 0x00007f028bda5000)
 Metaspace       used 24859K, capacity 25340K, committed 25600K, reserved 26624K
}
Event: 157177.420 GC heap after
{Heap after GC invocations=145005 (full 4):
 def new generation   total 2817536K, used 2330K [0x00007efbb8600000, 0x00007efc77730000, 0x00007f010db50000)
  eden space 2504512K,   0% used [0x00007efbb8600000, 0x00007efbb8600000, 0x00007efc513d0000)
  from space 313024K,   0% used [0x00007efc513d0000, 0x00007efc516168e0, 0x00007efc64580000)
  to   space 313024K,   0% used [0x00007efc64580000, 0x00007efc64580000, 0x00007efc77730000)
 tenured generation   total 6261076K, used 6260913K [0x00007f010db50000, 0x00007f028bda5000, 0x00007f0bb8600000)
   the space 6261076K,  99% used [0x00007f010db50000, 0x00007f028bd7c7b0, 0x00007f028bd7c800, 0x00007f028bda5000)
 Metaspace       used 24859K, capacity 25340K, committed 25600K, reserved 26624K
}
Event: 157179.572 GC heap before
{Heap before GC invocations=145005 (full 4):
 def new generation   total 2817536K, used 2506842K [0x00007efbb8600000, 0x00007efc77730000, 0x00007f010db50000)
  eden space 2504512K, 100% used [0x00007efbb8600000, 0x00007efc513d0000, 0x00007efc513d0000)
  from space 313024K,   0% used [0x00007efc513d0000, 0x00007efc516168e0, 0x00007efc64580000)
  to   space 313024K,   0% used [0x00007efc64580000, 0x00007efc64580000, 0x00007efc77730000)
 tenured generation   total 6261076K, used 6260913K [0x00007f010db50000, 0x00007f028bda5000, 0x00007f0bb8600000)
   the space 6261076K,  99% used [0x00007f010db50000, 0x00007f028bd7c7b0, 0x00007f028bd7c800, 0x00007f028bda5000)
 Metaspace       used 24859K, capacity 25340K, committed 25600K, reserved 26624K
}
Event: 157179.584 GC heap after
{Heap after GC invocations=145006 (full 4):
 def new generation   total 2817536K, used 2426K [0x00007efbb8600000, 0x00007efc77730000, 0x00007f010db50000)
  eden space 2504512K,   0% used [0x00007efbb8600000, 0x00007efbb8600000, 0x00007efc513d0000)
  from space 313024K,   0% used [0x00007efc64580000, 0x00007efc647de838, 0x00007efc77730000)
  to   space 313024K,   0% used [0x00007efc513d0000, 0x00007efc513d0000, 0x00007efc64580000)
 tenured generation   total 6261076K, used 6261054K [0x00007f010db50000, 0x00007f028bda5000, 0x00007f0bb8600000)
   the space 6261076K,  99% used [0x00007f010db50000, 0x00007f028bd9f9b8, 0x00007f028bd9fa00, 0x00007f028bda5000)
 Metaspace       used 24859K, capacity 25340K, committed 25600K, reserved 26624K
}
Event: 157181.710 GC heap before
{Heap before GC invocations=145006 (full 4):
 def new generation   total 2817536K, used 2506938K [0x00007efbb8600000, 0x00007efc77730000, 0x00007f010db50000)
  eden space 2504512K, 100% used [0x00007efbb8600000, 0x00007efc513d0000, 0x00007efc513d0000)
  from space 313024K,   0% used [0x00007efc64580000, 0x00007efc647de838, 0x00007efc77730000)
  to   space 313024K,   0% used [0x00007efc513d0000, 0x00007efc513d0000, 0x00007efc64580000)
 tenured generation   total 6261076K, used 6261054K [0x00007f010db50000, 0x00007f028bda5000, 0x00007f0bb8600000)
   the space 6261076K,  99% used [0x00007f010db50000, 0x00007f028bd9f9b8, 0x00007f028bd9fa00, 0x00007f028bda5000)
 Metaspace       used 24859K, capacity 25340K, committed 25600K, reserved 26624K
}
Event: 157181.721 GC heap after
{Heap after GC invocations=145007 (full 4):
 def new generation   total 2817536K, used 2508K [0x00007efbb8600000, 0x00007efc77730000, 0x00007f010db50000)
  eden space 2504512K,   0% used [0x00007efbb8600000, 0x00007efbb8600000, 0x00007efc513d0000)
  from space 313024K,   0% used [0x00007efc513d0000, 0x00007efc516430c8, 0x00007efc64580000)
  to   space 313024K,   0% used [0x00007efc64580000, 0x00007efc64580000, 0x00007efc77730000)
 tenured generation   total 6261268K, used 6261223K [0x00007f010db50000, 0x00007f028bdd5000, 0x00007f0bb8600000)
   the space 6261268K,  99% used [0x00007f010db50000, 0x00007f028bdc9c28, 0x00007f028bdc9e00, 0x00007f028bdd5000)
 Metaspace       used 24859K, capacity 25340K, committed 25600K, reserved 26624K
}
Event: 157181.721 GC heap before
{Heap before GC invocations=145007 (full 4):
 def new generation   total 2817536K, used 2508K [0x00007efbb8600000, 0x00007efc77730000, 0x00007f010db50000)
  eden space 2504512K,   0% used [0x00007efbb8600000, 0x00007efbb8600000, 0x00007efc513d0000)
  from space 313024K,   0% used [0x00007efc513d0000, 0x00007efc516430c8, 0x00007efc64580000)
  to   space 313024K,   0% used [0x00007efc64580000, 0x00007efc64580000, 0x00007efc77730000)
 tenured generation   total 6261268K, used 6261223K [0x00007f010db50000, 0x00007f028bdd5000, 0x00007f0bb8600000)
   the space 6261268K,  99% used [0x00007f010db50000, 0x00007f028bdc9c28, 0x00007f028bdc9e00, 0x00007f028bdd5000)
 Metaspace       used 24859K, capacity 25340K, committed 25600K, reserved 26624K
}

