# JRE version: OpenJDK Runtime Environment (13.0.7+5) (build 13.0.7+5-Ubuntu-0ubuntu120.04)
# Java VM: OpenJDK 64-Bit Server VM (13.0.7+5-Ubuntu-0ubuntu120.04, mixed mode, tiered, serial gc, linux-amd64)
Heap:
 def new generation   total 1748224K, used 0K [0x00007f79bc600000, 0x00007f7a32ef0000, 0x00007f7f11b50000)
  eden space 1553984K,   0% used [0x00007f79bc600000, 0x00007f79bc600000, 0x00007f7a1b390000)
  from space 194240K,   0% used [0x00007f7a27140000, 0x00007f7a27140000, 0x00007f7a32ef0000)
  to   space 194240K,   0% used [0x00007f7a1b390000, 0x00007f7a1b390000, 0x00007f7a27140000)
 tenured generation   total 3885292K, used 3864849K [0x00007f7f11b50000, 0x00007f7ffed8b000, 0x00007f89bc600000)
   the space 3885292K,  99% used [0x00007f7f11b50000, 0x00007f7ffd994608, 0x00007f7ffd994800, 0x00007f7ffed8b000)
 Metaspace       used 24787K, capacity 25222K, committed 25344K, reserved 26624K
GC Heap History (20 events):
Event: 7069.800 GC heap after
{Heap after GC invocations=13934 (full 3):
 def new generation   total 1748224K, used 7460K [0x00007f79bc600000, 0x00007f7a32ef0000, 0x00007f7f11b50000)
  eden space 1553984K,   0% used [0x00007f79bc600000, 0x00007f79bc600000, 0x00007f7a1b390000)
  from space 194240K,   3% used [0x00007f7a1b390000, 0x00007f7a1bad90f0, 0x00007f7a27140000)
  to   space 194240K,   0% used [0x00007f7a27140000, 0x00007f7a27140000, 0x00007f7a32ef0000)
 tenured generation   total 3884908K, used 3880692K [0x00007f7f11b50000, 0x00007f7ffed2b000, 0x00007f89bc600000)
   the space 3884908K,  99% used [0x00007f7f11b50000, 0x00007f7ffe90d070, 0x00007f7ffe90d200, 0x00007f7ffed2b000)
 Metaspace       used 24787K, capacity 25222K, committed 25344K, reserved 26624K
}
Event: 7070.728 GC heap before
{Heap before GC invocations=13934 (full 3):
 def new generation   total 1748224K, used 1561444K [0x00007f79bc600000, 0x00007f7a32ef0000, 0x00007f7f11b50000)
  eden space 1553984K, 100% used [0x00007f79bc600000, 0x00007f7a1b390000, 0x00007f7a1b390000)
  from space 194240K,   3% used [0x00007f7a1b390000, 0x00007f7a1bad90f0, 0x00007f7a27140000)
  to   space 194240K,   0% used [0x00007f7a27140000, 0x00007f7a27140000, 0x00007f7a32ef0000)
 tenured generation   total 3884908K, used 3880692K [0x00007f7f11b50000, 0x00007f7ffed2b000, 0x00007f89bc600000)
   the space 3884908K,  99% used [0x00007f7f11b50000, 0x00007f7ffe90d070, 0x00007f7ffe90d200, 0x00007f7ffed2b000)
 Metaspace       used 24787K, capacity 25222K, committed 25344K, reserved 26624K
}
Event: 7070.737 GC heap after
{Heap after GC invocations=13935 (full 3):
 def new generation   total 1748224K, used 7462K [0x00007f79bc600000, 0x00007f7a32ef0000, 0x00007f7f11b50000)
  eden space 1553984K,   0% used [0x00007f79bc600000, 0x00007f79bc600000, 0x00007f7a1b390000)
  from space 194240K,   3% used [0x00007f7a27140000, 0x00007f7a27889b58, 0x00007f7a32ef0000)
  to   space 194240K,   0% used [0x00007f7a1b390000, 0x00007f7a1b390000, 0x00007f7a27140000)
 tenured generation   total 3884908K, used 3881175K [0x00007f7f11b50000, 0x00007f7ffed2b000, 0x00007f89bc600000)
   the space 3884908K,  99% used [0x00007f7f11b50000, 0x00007f7ffe985eb8, 0x00007f7ffe986000, 0x00007f7ffed2b000)
 Metaspace       used 24787K, capacity 25222K, committed 25344K, reserved 26624K
}
Event: 7071.650 GC heap before
{Heap before GC invocations=13935 (full 3):
 def new generation   total 1748224K, used 1561446K [0x00007f79bc600000, 0x00007f7a32ef0000, 0x00007f7f11b50000)
  eden space 1553984K, 100% used [0x00007f79bc600000, 0x00007f7a1b390000, 0x00007f7a1b390000)
  from space 194240K,   3% used [0x00007f7a27140000, 0x00007f7a27889b58, 0x00007f7a32ef0000)
  to   space 194240K,   0% used [0x00007f7a1b390000, 0x00007f7a1b390000, 0x00007f7a27140000)
 tenured generation   total 3884908K, used 3881175K [0x00007f7f11b50000, 0x00007f7ffed2b000, 0x00007f89bc600000)
   the space 3884908K,  99% used [0x00007f7f11b50000, 0x00007f7ffe985eb8, 0x00007f7ffe986000, 0x00007f7ffed2b000)
 Metaspace       used 24787K, capacity 25222K, committed 25344K, reserved 26624K
}
Event: 7071.659 GC heap after
{Heap after GC invocations=13936 (full 3):
 def new generation   total 1748224K, used 7459K [0x00007f79bc600000, 0x00007f7a32ef0000, 0x00007f7f11b50000)
  eden space 1553984K,   0% used [0x00007f79bc600000, 0x00007f79bc600000, 0x00007f7a1b390000)
  from space 194240K,   3% used [0x00007f7a1b390000, 0x00007f7a1bad8ef8, 0x00007f7a27140000)
  to   space 194240K,   0% used [0x00007f7a27140000, 0x00007f7a27140000, 0x00007f7a32ef0000)
 tenured generation   total 3884908K, used 3881687K [0x00007f7f11b50000, 0x00007f7ffed2b000, 0x00007f89bc600000)
   the space 3884908K,  99% used [0x00007f7f11b50000, 0x00007f7ffea05ec8, 0x00007f7ffea06000, 0x00007f7ffed2b000)
 Metaspace       used 24787K, capacity 25222K, committed 25344K, reserved 26624K
}
Event: 7072.570 GC heap before
{Heap before GC invocations=13936 (full 3):
 def new generation   total 1748224K, used 1561443K [0x00007f79bc600000, 0x00007f7a32ef0000, 0x00007f7f11b50000)
  eden space 1553984K, 100% used [0x00007f79bc600000, 0x00007f7a1b390000, 0x00007f7a1b390000)
  from space 194240K,   3% used [0x00007f7a1b390000, 0x00007f7a1bad8ef8, 0x00007f7a27140000)
  to   space 194240K,   0% used [0x00007f7a27140000, 0x00007f7a27140000, 0x00007f7a32ef0000)
 tenured generation   total 3884908K, used 3881687K [0x00007f7f11b50000, 0x00007f7ffed2b000, 0x00007f89bc600000)
   the space 3884908K,  99% used [0x00007f7f11b50000, 0x00007f7ffea05ec8, 0x00007f7ffea06000, 0x00007f7ffed2b000)
 Metaspace       used 24787K, capacity 25222K, committed 25344K, reserved 26624K
}
Event: 7072.580 GC heap after
{Heap after GC invocations=13937 (full 3):
 def new generation   total 1748224K, used 7447K [0x00007f79bc600000, 0x00007f7a32ef0000, 0x00007f7f11b50000)
  eden space 1553984K,   0% used [0x00007f79bc600000, 0x00007f79bc600000, 0x00007f7a1b390000)
  from space 194240K,   3% used [0x00007f7a27140000, 0x00007f7a27885e50, 0x00007f7a32ef0000)
  to   space 194240K,   0% used [0x00007f7a1b390000, 0x00007f7a1b390000, 0x00007f7a27140000)
 tenured generation   total 3884908K, used 3882204K [0x00007f7f11b50000, 0x00007f7ffed2b000, 0x00007f89bc600000)
   the space 3884908K,  99% used [0x00007f7f11b50000, 0x00007f7ffea87018, 0x00007f7ffea87200, 0x00007f7ffed2b000)
 Metaspace       used 24787K, capacity 25222K, committed 25344K, reserved 26624K
}
Event: 7073.522 GC heap before
{Heap before GC invocations=13937 (full 3):
 def new generation   total 1748224K, used 1561431K [0x00007f79bc600000, 0x00007f7a32ef0000, 0x00007f7f11b50000)
  eden space 1553984K, 100% used [0x00007f79bc600000, 0x00007f7a1b390000, 0x00007f7a1b390000)
  from space 194240K,   3% used [0x00007f7a27140000, 0x00007f7a27885e50, 0x00007f7a32ef0000)
  to   space 194240K,   0% used [0x00007f7a1b390000, 0x00007f7a1b390000, 0x00007f7a27140000)
 tenured generation   total 3884908K, used 3882204K [0x00007f7f11b50000, 0x00007f7ffed2b000, 0x00007f89bc600000)
   the space 3884908K,  99% used [0x00007f7f11b50000, 0x00007f7ffea87018, 0x00007f7ffea87200, 0x00007f7ffed2b000)
 Metaspace       used 24787K, capacity 25222K, committed 25344K, reserved 26624K
}
Event: 7073.531 GC heap after
{Heap after GC invocations=13938 (full 3):
 def new generation   total 1748224K, used 7462K [0x00007f79bc600000, 0x00007f7a32ef0000, 0x00007f7f11b50000)
  eden space 1553984K,   0% used [0x00007f79bc600000, 0x00007f79bc600000, 0x00007f7a1b390000)
  from space 194240K,   3% used [0x00007f7a1b390000, 0x00007f7a1bad9ad0, 0x00007f7a27140000)
  to   space 194240K,   0% used [0x00007f7a27140000, 0x00007f7a27140000, 0x00007f7a32ef0000)
 tenured generation   total 3884908K, used 3882687K [0x00007f7f11b50000, 0x00007f7ffed2b000, 0x00007f89bc600000)
   the space 3884908K,  99% used [0x00007f7f11b50000, 0x00007f7ffeaffe60, 0x00007f7ffeb00000, 0x00007f7ffed2b000)
 Metaspace       used 24787K, capacity 25222K, committed 25344K, reserved 26624K
}
Event: 7074.445 GC heap before
{Heap before GC invocations=13938 (full 3):
 def new generation   total 1748224K, used 1561446K [0x00007f79bc600000, 0x00007f7a32ef0000, 0x00007f7f11b50000)
  eden space 1553984K, 100% used [0x00007f79bc600000, 0x00007f7a1b390000, 0x00007f7a1b390000)
  from space 194240K,   3% used [0x00007f7a1b390000, 0x00007f7a1bad9ad0, 0x00007f7a27140000)
  to   space 194240K,   0% used [0x00007f7a27140000, 0x00007f7a27140000, 0x00007f7a32ef0000)
 tenured generation   total 3884908K, used 3882687K [0x00007f7f11b50000, 0x00007f7ffed2b000, 0x00007f89bc600000)
   the space 3884908K,  99% used [0x00007f7f11b50000, 0x00007f7ffeaffe60, 0x00007f7ffeb00000, 0x00007f7ffed2b000)
 Metaspace       used 24787K, capacity 25222K, committed 25344K, reserved 26624K
}
Event: 7074.455 GC heap after
{Heap after GC invocations=13939 (full 3):
 def new generation   total 1748224K, used 7461K [0x00007f79bc600000, 0x00007f7a32ef0000, 0x00007f7f11b50000)
  eden space 1553984K,   0% used [0x00007f79bc600000, 0x00007f79bc600000, 0x00007f7a1b390000)
  from space 194240K,   3% used [0x00007f7a27140000, 0x00007f7a278897d8, 0x00007f7a32ef0000)
  to   space 194240K,   0% used [0x00007f7a1b390000, 0x00007f7a1b390000, 0x00007f7a27140000)
 tenured generation   total 3884908K, used 3883199K [0x00007f7f11b50000, 0x00007f7ffed2b000, 0x00007f89bc600000)
   the space 3884908K,  99% used [0x00007f7f11b50000, 0x00007f7ffeb7fe70, 0x00007f7ffeb80000, 0x00007f7ffed2b000)
 Metaspace       used 24787K, capacity 25222K, committed 25344K, reserved 26624K
}
Event: 7075.376 GC heap before
{Heap before GC invocations=13939 (full 3):
 def new generation   total 1748224K, used 1561445K [0x00007f79bc600000, 0x00007f7a32ef0000, 0x00007f7f11b50000)
  eden space 1553984K, 100% used [0x00007f79bc600000, 0x00007f7a1b390000, 0x00007f7a1b390000)
  from space 194240K,   3% used [0x00007f7a27140000, 0x00007f7a278897d8, 0x00007f7a32ef0000)
  to   space 194240K,   0% used [0x00007f7a1b390000, 0x00007f7a1b390000, 0x00007f7a27140000)
 tenured generation   total 3884908K, used 3883199K [0x00007f7f11b50000, 0x00007f7ffed2b000, 0x00007f89bc600000)
   the space 3884908K,  99% used [0x00007f7f11b50000, 0x00007f7ffeb7fe70, 0x00007f7ffeb80000, 0x00007f7ffed2b000)
 Metaspace       used 24787K, capacity 25222K, committed 25344K, reserved 26624K
}
Event: 7075.386 GC heap after
{Heap after GC invocations=13940 (full 3):
 def new generation   total 1748224K, used 7469K [0x00007f79bc600000, 0x00007f7a32ef0000, 0x00007f7f11b50000)
  eden space 1553984K,   0% used [0x00007f79bc600000, 0x00007f79bc600000, 0x00007f7a1b390000)
  from space 194240K,   3% used [0x00007f7a1b390000, 0x00007f7a1badb510, 0x00007f7a27140000)
  to   space 194240K,   0% used [0x00007f7a27140000, 0x00007f7a27140000, 0x00007f7a32ef0000)
 tenured generation   total 3884908K, used 3883683K [0x00007f7f11b50000, 0x00007f7ffed2b000, 0x00007f89bc600000)
   the space 3884908K,  99% used [0x00007f7f11b50000, 0x00007f7ffebf8cb8, 0x00007f7ffebf8e00, 0x00007f7ffed2b000)
 Metaspace       used 24787K, capacity 25222K, committed 25344K, reserved 26624K
}
Event: 7076.310 GC heap before
{Heap before GC invocations=13940 (full 3):
 def new generation   total 1748224K, used 1561453K [0x00007f79bc600000, 0x00007f7a32ef0000, 0x00007f7f11b50000)
  eden space 1553984K, 100% used [0x00007f79bc600000, 0x00007f7a1b390000, 0x00007f7a1b390000)
  from space 194240K,   3% used [0x00007f7a1b390000, 0x00007f7a1badb510, 0x00007f7a27140000)
  to   space 194240K,   0% used [0x00007f7a27140000, 0x00007f7a27140000, 0x00007f7a32ef0000)
 tenured generation   total 3884908K, used 3883683K [0x00007f7f11b50000, 0x00007f7ffed2b000, 0x00007f89bc600000)
   the space 3884908K,  99% used [0x00007f7f11b50000, 0x00007f7ffebf8cb8, 0x00007f7ffebf8e00, 0x00007f7ffed2b000)
 Metaspace       used 24787K, capacity 25222K, committed 25344K, reserved 26624K
}
Event: 7076.321 GC heap after
{Heap after GC invocations=13941 (full 3):
 def new generation   total 1748224K, used 7468K [0x00007f79bc600000, 0x00007f7a32ef0000, 0x00007f7f11b50000)
  eden space 1553984K,   0% used [0x00007f79bc600000, 0x00007f79bc600000, 0x00007f7a1b390000)
  from space 194240K,   3% used [0x00007f7a27140000, 0x00007f7a2788b320, 0x00007f7a32ef0000)
  to   space 194240K,   0% used [0x00007f7a1b390000, 0x00007f7a1b390000, 0x00007f7a27140000)
 tenured generation   total 3884908K, used 3884195K [0x00007f7f11b50000, 0x00007f7ffed2b000, 0x00007f89bc600000)
   the space 3884908K,  99% used [0x00007f7f11b50000, 0x00007f7ffec78cc8, 0x00007f7ffec78e00, 0x00007f7ffed2b000)
 Metaspace       used 24787K, capacity 25222K, committed 25344K, reserved 26624K
}
Event: 7077.240 GC heap before
{Heap before GC invocations=13941 (full 3):
 def new generation   total 1748224K, used 1561452K [0x00007f79bc600000, 0x00007f7a32ef0000, 0x00007f7f11b50000)
  eden space 1553984K, 100% used [0x00007f79bc600000, 0x00007f7a1b390000, 0x00007f7a1b390000)
  from space 194240K,   3% used [0x00007f7a27140000, 0x00007f7a2788b320, 0x00007f7a32ef0000)
  to   space 194240K,   0% used [0x00007f7a1b390000, 0x00007f7a1b390000, 0x00007f7a27140000)
 tenured generation   total 3884908K, used 3884195K [0x00007f7f11b50000, 0x00007f7ffed2b000, 0x00007f89bc600000)
   the space 3884908K,  99% used [0x00007f7f11b50000, 0x00007f7ffec78cc8, 0x00007f7ffec78e00, 0x00007f7ffed2b000)
 Metaspace       used 24787K, capacity 25222K, committed 25344K, reserved 26624K
}
Event: 7077.249 GC heap after
{Heap after GC invocations=13942 (full 3):
 def new generation   total 1748224K, used 7449K [0x00007f79bc600000, 0x00007f7a32ef0000, 0x00007f7f11b50000)
  eden space 1553984K,   0% used [0x00007f79bc600000, 0x00007f79bc600000, 0x00007f7a1b390000)
  from space 194240K,   3% used [0x00007f7a1b390000, 0x00007f7a1bad6630, 0x00007f7a27140000)
  to   space 194240K,   0% used [0x00007f7a27140000, 0x00007f7a27140000, 0x00007f7a32ef0000)
 tenured generation   total 3884908K, used 3884707K [0x00007f7f11b50000, 0x00007f7ffed2b000, 0x00007f89bc600000)
   the space 3884908K,  99% used [0x00007f7f11b50000, 0x00007f7ffecf8cd8, 0x00007f7ffecf8e00, 0x00007f7ffed2b000)
 Metaspace       used 24787K, capacity 25222K, committed 25344K, reserved 26624K
}
Event: 7078.161 GC heap before
{Heap before GC invocations=13942 (full 3):
 def new generation   total 1748224K, used 1561433K [0x00007f79bc600000, 0x00007f7a32ef0000, 0x00007f7f11b50000)
  eden space 1553984K, 100% used [0x00007f79bc600000, 0x00007f7a1b390000, 0x00007f7a1b390000)
  from space 194240K,   3% used [0x00007f7a1b390000, 0x00007f7a1bad6630, 0x00007f7a27140000)
  to   space 194240K,   0% used [0x00007f7a27140000, 0x00007f7a27140000, 0x00007f7a32ef0000)
 tenured generation   total 3884908K, used 3884707K [0x00007f7f11b50000, 0x00007f7ffed2b000, 0x00007f89bc600000)
   the space 3884908K,  99% used [0x00007f7f11b50000, 0x00007f7ffecf8cd8, 0x00007f7ffecf8e00, 0x00007f7ffed2b000)
 Metaspace       used 24787K, capacity 25222K, committed 25344K, reserved 26624K
}
Event: 7078.173 GC heap after
{Heap after GC invocations=13943 (full 3):
 def new generation   total 1748224K, used 7468K [0x00007f79bc600000, 0x00007f7a32ef0000, 0x00007f7f11b50000)
  eden space 1553984K,   0% used [0x00007f79bc600000, 0x00007f79bc600000, 0x00007f7a1b390000)
  from space 194240K,   3% used [0x00007f7a27140000, 0x00007f7a2788b178, 0x00007f7a32ef0000)
  to   space 194240K,   0% used [0x00007f7a1b390000, 0x00007f7a1b390000, 0x00007f7a27140000)
 tenured generation   total 3885292K, used 3885190K [0x00007f7f11b50000, 0x00007f7ffed8b000, 0x00007f89bc600000)
   the space 3885292K,  99% used [0x00007f7f11b50000, 0x00007f7ffed71b20, 0x00007f7ffed71c00, 0x00007f7ffed8b000)
 Metaspace       used 24787K, capacity 25222K, committed 25344K, reserved 26624K
}
Event: 7078.173 GC heap before
{Heap before GC invocations=13943 (full 3):
 def new generation   total 1748224K, used 7468K [0x00007f79bc600000, 0x00007f7a32ef0000, 0x00007f7f11b50000)
  eden space 1553984K,   0% used [0x00007f79bc600000, 0x00007f79bc600000, 0x00007f7a1b390000)
  from space 194240K,   3% used [0x00007f7a27140000, 0x00007f7a2788b178, 0x00007f7a32ef0000)
  to   space 194240K,   0% used [0x00007f7a1b390000, 0x00007f7a1b390000, 0x00007f7a27140000)
 tenured generation   total 3885292K, used 3885190K [0x00007f7f11b50000, 0x00007f7ffed8b000, 0x00007f89bc600000)
   the space 3885292K,  99% used [0x00007f7f11b50000, 0x00007f7ffed71b20, 0x00007f7ffed71c00, 0x00007f7ffed8b000)
 Metaspace       used 24787K, capacity 25222K, committed 25344K, reserved 26624K
}

