# JRE version: OpenJDK Runtime Environment (13.0.7+5) (build 13.0.7+5-Ubuntu-0ubuntu120.04)
# Java VM: OpenJDK 64-Bit Server VM (13.0.7+5-Ubuntu-0ubuntu120.04, mixed mode, tiered, serial gc, linux-amd64)
Heap:
 def new generation   total 1048832K, used 752K [0x00007f60f8600000, 0x00007f613f800000, 0x00007f664db50000)
  eden space 932352K,   0% used [0x00007f60f8600000, 0x00007f60f86bc038, 0x00007f6131480000)
  from space 116480K,   0% used [0x00007f6138640000, 0x00007f6138640000, 0x00007f613f800000)
  to   space 116480K,   0% used [0x00007f6131480000, 0x00007f6131480000, 0x00007f6138640000)
 tenured generation   total 2330752K, used 2330751K [0x00007f664db50000, 0x00007f66dbf70000, 0x00007f70f8600000)
   the space 2330752K,  99% used [0x00007f664db50000, 0x00007f66dbf6ffe8, 0x00007f66dbf70000, 0x00007f66dbf70000)
 Metaspace       used 24826K, capacity 25320K, committed 25600K, reserved 26624K
GC Heap History (20 events):
Event: 37591.651 GC heap after
{Heap after GC invocations=64973 (full 2):
 def new generation   total 1048832K, used 869K [0x00007f60f8600000, 0x00007f613f800000, 0x00007f664db50000)
  eden space 932352K,   0% used [0x00007f60f8600000, 0x00007f60f8600000, 0x00007f6131480000)
  from space 116480K,   0% used [0x00007f6131480000, 0x00007f6131559710, 0x00007f6138640000)
  to   space 116480K,   0% used [0x00007f6138640000, 0x00007f6138640000, 0x00007f613f800000)
 tenured generation   total 2330560K, used 2330136K [0x00007f664db50000, 0x00007f66dbf40000, 0x00007f70f8600000)
   the space 2330560K,  99% used [0x00007f664db50000, 0x00007f66dbed62f0, 0x00007f66dbed6400, 0x00007f66dbf40000)
 Metaspace       used 24826K, capacity 25320K, committed 25600K, reserved 26624K
}
Event: 37592.403 GC heap before
{Heap before GC invocations=64973 (full 2):
 def new generation   total 1048832K, used 933221K [0x00007f60f8600000, 0x00007f613f800000, 0x00007f664db50000)
  eden space 932352K, 100% used [0x00007f60f8600000, 0x00007f6131480000, 0x00007f6131480000)
  from space 116480K,   0% used [0x00007f6131480000, 0x00007f6131559710, 0x00007f6138640000)
  to   space 116480K,   0% used [0x00007f6138640000, 0x00007f6138640000, 0x00007f613f800000)
 tenured generation   total 2330560K, used 2330136K [0x00007f664db50000, 0x00007f66dbf40000, 0x00007f70f8600000)
   the space 2330560K,  99% used [0x00007f664db50000, 0x00007f66dbed62f0, 0x00007f66dbed6400, 0x00007f66dbf40000)
 Metaspace       used 24826K, capacity 25320K, committed 25600K, reserved 26624K
}
Event: 37592.412 GC heap after
{Heap after GC invocations=64974 (full 2):
 def new generation   total 1048832K, used 956K [0x00007f60f8600000, 0x00007f613f800000, 0x00007f664db50000)
  eden space 932352K,   0% used [0x00007f60f8600000, 0x00007f60f8600000, 0x00007f6131480000)
  from space 116480K,   0% used [0x00007f6138640000, 0x00007f613872f060, 0x00007f613f800000)
  to   space 116480K,   0% used [0x00007f6131480000, 0x00007f6131480000, 0x00007f6138640000)
 tenured generation   total 2330560K, used 2330172K [0x00007f664db50000, 0x00007f66dbf40000, 0x00007f70f8600000)
   the space 2330560K,  99% used [0x00007f664db50000, 0x00007f66dbedf1c0, 0x00007f66dbedf200, 0x00007f66dbf40000)
 Metaspace       used 24826K, capacity 25320K, committed 25600K, reserved 26624K
}
Event: 37593.199 GC heap before
{Heap before GC invocations=64974 (full 2):
 def new generation   total 1048832K, used 933308K [0x00007f60f8600000, 0x00007f613f800000, 0x00007f664db50000)
  eden space 932352K, 100% used [0x00007f60f8600000, 0x00007f6131480000, 0x00007f6131480000)
  from space 116480K,   0% used [0x00007f6138640000, 0x00007f613872f060, 0x00007f613f800000)
  to   space 116480K,   0% used [0x00007f6131480000, 0x00007f6131480000, 0x00007f6138640000)
 tenured generation   total 2330560K, used 2330172K [0x00007f664db50000, 0x00007f66dbf40000, 0x00007f70f8600000)
   the space 2330560K,  99% used [0x00007f664db50000, 0x00007f66dbedf1c0, 0x00007f66dbedf200, 0x00007f66dbf40000)
 Metaspace       used 24826K, capacity 25320K, committed 25600K, reserved 26624K
}
Event: 37593.203 GC heap after
{Heap after GC invocations=64975 (full 2):
 def new generation   total 1048832K, used 885K [0x00007f60f8600000, 0x00007f613f800000, 0x00007f664db50000)
  eden space 932352K,   0% used [0x00007f60f8600000, 0x00007f60f8600000, 0x00007f6131480000)
  from space 116480K,   0% used [0x00007f6131480000, 0x00007f613155d6d0, 0x00007f6138640000)
  to   space 116480K,   0% used [0x00007f6138640000, 0x00007f6138640000, 0x00007f613f800000)
 tenured generation   total 2330560K, used 2330208K [0x00007f664db50000, 0x00007f66dbf40000, 0x00007f70f8600000)
   the space 2330560K,  99% used [0x00007f664db50000, 0x00007f66dbee8090, 0x00007f66dbee8200, 0x00007f66dbf40000)
 Metaspace       used 24826K, capacity 25320K, committed 25600K, reserved 26624K
}
Event: 37593.966 GC heap before
{Heap before GC invocations=64975 (full 2):
 def new generation   total 1048832K, used 933237K [0x00007f60f8600000, 0x00007f613f800000, 0x00007f664db50000)
  eden space 932352K, 100% used [0x00007f60f8600000, 0x00007f6131480000, 0x00007f6131480000)
  from space 116480K,   0% used [0x00007f6131480000, 0x00007f613155d6d0, 0x00007f6138640000)
  to   space 116480K,   0% used [0x00007f6138640000, 0x00007f6138640000, 0x00007f613f800000)
 tenured generation   total 2330560K, used 2330208K [0x00007f664db50000, 0x00007f66dbf40000, 0x00007f70f8600000)
   the space 2330560K,  99% used [0x00007f664db50000, 0x00007f66dbee8090, 0x00007f66dbee8200, 0x00007f66dbf40000)
 Metaspace       used 24826K, capacity 25320K, committed 25600K, reserved 26624K
}
Event: 37593.972 GC heap after
{Heap after GC invocations=64976 (full 2):
 def new generation   total 1048832K, used 892K [0x00007f60f8600000, 0x00007f613f800000, 0x00007f664db50000)
  eden space 932352K,   0% used [0x00007f60f8600000, 0x00007f60f8600000, 0x00007f6131480000)
  from space 116480K,   0% used [0x00007f6138640000, 0x00007f613871f3a0, 0x00007f613f800000)
  to   space 116480K,   0% used [0x00007f6131480000, 0x00007f6131480000, 0x00007f6138640000)
 tenured generation   total 2330560K, used 2330279K [0x00007f664db50000, 0x00007f66dbf40000, 0x00007f70f8600000)
   the space 2330560K,  99% used [0x00007f664db50000, 0x00007f66dbef9e30, 0x00007f66dbefa000, 0x00007f66dbf40000)
 Metaspace       used 24826K, capacity 25320K, committed 25600K, reserved 26624K
}
Event: 37594.702 GC heap before
{Heap before GC invocations=64976 (full 2):
 def new generation   total 1048832K, used 933244K [0x00007f60f8600000, 0x00007f613f800000, 0x00007f664db50000)
  eden space 932352K, 100% used [0x00007f60f8600000, 0x00007f6131480000, 0x00007f6131480000)
  from space 116480K,   0% used [0x00007f6138640000, 0x00007f613871f3a0, 0x00007f613f800000)
  to   space 116480K,   0% used [0x00007f6131480000, 0x00007f6131480000, 0x00007f6138640000)
 tenured generation   total 2330560K, used 2330279K [0x00007f664db50000, 0x00007f66dbf40000, 0x00007f70f8600000)
   the space 2330560K,  99% used [0x00007f664db50000, 0x00007f66dbef9e30, 0x00007f66dbefa000, 0x00007f66dbf40000)
 Metaspace       used 24826K, capacity 25320K, committed 25600K, reserved 26624K
}
Event: 37594.707 GC heap after
{Heap after GC invocations=64977 (full 2):
 def new generation   total 1048832K, used 800K [0x00007f60f8600000, 0x00007f613f800000, 0x00007f664db50000)
  eden space 932352K,   0% used [0x00007f60f8600000, 0x00007f60f8600000, 0x00007f6131480000)
  from space 116480K,   0% used [0x00007f6131480000, 0x00007f6131548358, 0x00007f6138640000)
  to   space 116480K,   0% used [0x00007f6138640000, 0x00007f6138640000, 0x00007f613f800000)
 tenured generation   total 2330560K, used 2330315K [0x00007f664db50000, 0x00007f66dbf40000, 0x00007f70f8600000)
   the space 2330560K,  99% used [0x00007f664db50000, 0x00007f66dbf02d00, 0x00007f66dbf02e00, 0x00007f66dbf40000)
 Metaspace       used 24826K, capacity 25320K, committed 25600K, reserved 26624K
}
Event: 37595.497 GC heap before
{Heap before GC invocations=64977 (full 2):
 def new generation   total 1048832K, used 933152K [0x00007f60f8600000, 0x00007f613f800000, 0x00007f664db50000)
  eden space 932352K, 100% used [0x00007f60f8600000, 0x00007f6131480000, 0x00007f6131480000)
  from space 116480K,   0% used [0x00007f6131480000, 0x00007f6131548358, 0x00007f6138640000)
  to   space 116480K,   0% used [0x00007f6138640000, 0x00007f6138640000, 0x00007f613f800000)
 tenured generation   total 2330560K, used 2330315K [0x00007f664db50000, 0x00007f66dbf40000, 0x00007f70f8600000)
   the space 2330560K,  99% used [0x00007f664db50000, 0x00007f66dbf02d00, 0x00007f66dbf02e00, 0x00007f66dbf40000)
 Metaspace       used 24826K, capacity 25320K, committed 25600K, reserved 26624K
}
Event: 37595.504 GC heap after
{Heap after GC invocations=64978 (full 2):
 def new generation   total 1048832K, used 880K [0x00007f60f8600000, 0x00007f613f800000, 0x00007f664db50000)
  eden space 932352K,   0% used [0x00007f60f8600000, 0x00007f60f8600000, 0x00007f6131480000)
  from space 116480K,   0% used [0x00007f6138640000, 0x00007f613871c370, 0x00007f613f800000)
  to   space 116480K,   0% used [0x00007f6131480000, 0x00007f6131480000, 0x00007f6138640000)
 tenured generation   total 2330560K, used 2330350K [0x00007f664db50000, 0x00007f66dbf40000, 0x00007f70f8600000)
   the space 2330560K,  99% used [0x00007f664db50000, 0x00007f66dbf0bbd0, 0x00007f66dbf0bc00, 0x00007f66dbf40000)
 Metaspace       used 24826K, capacity 25320K, committed 25600K, reserved 26624K
}
Event: 37596.316 GC heap before
{Heap before GC invocations=64978 (full 2):
 def new generation   total 1048832K, used 933232K [0x00007f60f8600000, 0x00007f613f800000, 0x00007f664db50000)
  eden space 932352K, 100% used [0x00007f60f8600000, 0x00007f6131480000, 0x00007f6131480000)
  from space 116480K,   0% used [0x00007f6138640000, 0x00007f613871c370, 0x00007f613f800000)
  to   space 116480K,   0% used [0x00007f6131480000, 0x00007f6131480000, 0x00007f6138640000)
 tenured generation   total 2330560K, used 2330350K [0x00007f664db50000, 0x00007f66dbf40000, 0x00007f70f8600000)
   the space 2330560K,  99% used [0x00007f664db50000, 0x00007f66dbf0bbd0, 0x00007f66dbf0bc00, 0x00007f66dbf40000)
 Metaspace       used 24826K, capacity 25320K, committed 25600K, reserved 26624K
}
Event: 37596.322 GC heap after
{Heap after GC invocations=64979 (full 2):
 def new generation   total 1048832K, used 916K [0x00007f60f8600000, 0x00007f613f800000, 0x00007f664db50000)
  eden space 932352K,   0% used [0x00007f60f8600000, 0x00007f60f8600000, 0x00007f6131480000)
  from space 116480K,   0% used [0x00007f6131480000, 0x00007f6131565278, 0x00007f6138640000)
  to   space 116480K,   0% used [0x00007f6138640000, 0x00007f6138640000, 0x00007f613f800000)
 tenured generation   total 2330560K, used 2330422K [0x00007f664db50000, 0x00007f66dbf40000, 0x00007f70f8600000)
   the space 2330560K,  99% used [0x00007f664db50000, 0x00007f66dbf1d970, 0x00007f66dbf1da00, 0x00007f66dbf40000)
 Metaspace       used 24826K, capacity 25320K, committed 25600K, reserved 26624K
}
Event: 37597.151 GC heap before
{Heap before GC invocations=64979 (full 2):
 def new generation   total 1048832K, used 933268K [0x00007f60f8600000, 0x00007f613f800000, 0x00007f664db50000)
  eden space 932352K, 100% used [0x00007f60f8600000, 0x00007f6131480000, 0x00007f6131480000)
  from space 116480K,   0% used [0x00007f6131480000, 0x00007f6131565278, 0x00007f6138640000)
  to   space 116480K,   0% used [0x00007f6138640000, 0x00007f6138640000, 0x00007f613f800000)
 tenured generation   total 2330560K, used 2330422K [0x00007f664db50000, 0x00007f66dbf40000, 0x00007f70f8600000)
   the space 2330560K,  99% used [0x00007f664db50000, 0x00007f66dbf1d970, 0x00007f66dbf1da00, 0x00007f66dbf40000)
 Metaspace       used 24826K, capacity 25320K, committed 25600K, reserved 26624K
}
Event: 37597.158 GC heap after
{Heap after GC invocations=64980 (full 2):
 def new generation   total 1048832K, used 816K [0x00007f60f8600000, 0x00007f613f800000, 0x00007f664db50000)
  eden space 932352K,   0% used [0x00007f60f8600000, 0x00007f60f8600000, 0x00007f6131480000)
  from space 116480K,   0% used [0x00007f6138640000, 0x00007f613870c3d0, 0x00007f613f800000)
  to   space 116480K,   0% used [0x00007f6131480000, 0x00007f6131480000, 0x00007f6138640000)
 tenured generation   total 2330560K, used 2330458K [0x00007f664db50000, 0x00007f66dbf40000, 0x00007f70f8600000)
   the space 2330560K,  99% used [0x00007f664db50000, 0x00007f66dbf26840, 0x00007f66dbf26a00, 0x00007f66dbf40000)
 Metaspace       used 24826K, capacity 25320K, committed 25600K, reserved 26624K
}
Event: 37597.950 GC heap before
{Heap before GC invocations=64980 (full 2):
 def new generation   total 1048832K, used 933168K [0x00007f60f8600000, 0x00007f613f800000, 0x00007f664db50000)
  eden space 932352K, 100% used [0x00007f60f8600000, 0x00007f6131480000, 0x00007f6131480000)
  from space 116480K,   0% used [0x00007f6138640000, 0x00007f613870c3d0, 0x00007f613f800000)
  to   space 116480K,   0% used [0x00007f6131480000, 0x00007f6131480000, 0x00007f6138640000)
 tenured generation   total 2330560K, used 2330458K [0x00007f664db50000, 0x00007f66dbf40000, 0x00007f70f8600000)
   the space 2330560K,  99% used [0x00007f664db50000, 0x00007f66dbf26840, 0x00007f66dbf26a00, 0x00007f66dbf40000)
 Metaspace       used 24826K, capacity 25320K, committed 25600K, reserved 26624K
}
Event: 37597.954 GC heap after
{Heap after GC invocations=64981 (full 2):
 def new generation   total 1048832K, used 901K [0x00007f60f8600000, 0x00007f613f800000, 0x00007f664db50000)
  eden space 932352K,   0% used [0x00007f60f8600000, 0x00007f60f8600000, 0x00007f6131480000)
  from space 116480K,   0% used [0x00007f6131480000, 0x00007f6131561740, 0x00007f6138640000)
  to   space 116480K,   0% used [0x00007f6138640000, 0x00007f6138640000, 0x00007f613f800000)
 tenured generation   total 2330560K, used 2330493K [0x00007f664db50000, 0x00007f66dbf40000, 0x00007f70f8600000)
   the space 2330560K,  99% used [0x00007f664db50000, 0x00007f66dbf2f710, 0x00007f66dbf2f800, 0x00007f66dbf40000)
 Metaspace       used 24826K, capacity 25320K, committed 25600K, reserved 26624K
}
Event: 37598.802 GC heap before
{Heap before GC invocations=64981 (full 2):
 def new generation   total 1048832K, used 933253K [0x00007f60f8600000, 0x00007f613f800000, 0x00007f664db50000)
  eden space 932352K, 100% used [0x00007f60f8600000, 0x00007f6131480000, 0x00007f6131480000)
  from space 116480K,   0% used [0x00007f6131480000, 0x00007f6131561740, 0x00007f6138640000)
  to   space 116480K,   0% used [0x00007f6138640000, 0x00007f6138640000, 0x00007f613f800000)
 tenured generation   total 2330560K, used 2330493K [0x00007f664db50000, 0x00007f66dbf40000, 0x00007f70f8600000)
   the space 2330560K,  99% used [0x00007f664db50000, 0x00007f66dbf2f710, 0x00007f66dbf2f800, 0x00007f66dbf40000)
 Metaspace       used 24826K, capacity 25320K, committed 25600K, reserved 26624K
}
Event: 37598.811 GC heap after
{Heap after GC invocations=64982 (full 2):
 def new generation   total 1048832K, used 938K [0x00007f60f8600000, 0x00007f613f800000, 0x00007f664db50000)
  eden space 932352K,   0% used [0x00007f60f8600000, 0x00007f60f8600000, 0x00007f6131480000)
  from space 116480K,   0% used [0x00007f6138640000, 0x00007f613872ab70, 0x00007f613f800000)
  to   space 116480K,   0% used [0x00007f6131480000, 0x00007f6131480000, 0x00007f6138640000)
 tenured generation   total 2330752K, used 2330565K [0x00007f664db50000, 0x00007f66dbf70000, 0x00007f70f8600000)
   the space 2330752K,  99% used [0x00007f664db50000, 0x00007f66dbf414b0, 0x00007f66dbf41600, 0x00007f66dbf70000)
 Metaspace       used 24826K, capacity 25320K, committed 25600K, reserved 26624K
}
Event: 37598.811 GC heap before
{Heap before GC invocations=64982 (full 2):
 def new generation   total 1048832K, used 938K [0x00007f60f8600000, 0x00007f613f800000, 0x00007f664db50000)
  eden space 932352K,   0% used [0x00007f60f8600000, 0x00007f60f8600000, 0x00007f6131480000)
  from space 116480K,   0% used [0x00007f6138640000, 0x00007f613872ab70, 0x00007f613f800000)
  to   space 116480K,   0% used [0x00007f6131480000, 0x00007f6131480000, 0x00007f6138640000)
 tenured generation   total 2330752K, used 2330565K [0x00007f664db50000, 0x00007f66dbf70000, 0x00007f70f8600000)
   the space 2330752K,  99% used [0x00007f664db50000, 0x00007f66dbf414b0, 0x00007f66dbf41600, 0x00007f66dbf70000)
 Metaspace       used 24826K, capacity 25320K, committed 25600K, reserved 26624K
}

