# JRE version: OpenJDK Runtime Environment (13.0.7+5) (build 13.0.7+5-Ubuntu-0ubuntu120.04)
# Java VM: OpenJDK 64-Bit Server VM (13.0.7+5-Ubuntu-0ubuntu120.04, mixed mode, tiered, serial gc, linux-amd64)
Heap:
 def new generation   total 1048704K, used 542K [0x00007fdde8600000, 0x00007fde2f7e0000, 0x00007fe33db50000)
  eden space 932224K,   0% used [0x00007fdde8600000, 0x00007fdde8687a78, 0x00007fde21460000)
  from space 116480K,   0% used [0x00007fde21460000, 0x00007fde21460000, 0x00007fde28620000)
  to   space 116480K,   0% used [0x00007fde28620000, 0x00007fde28620000, 0x00007fde2f7e0000)
 tenured generation   total 2330432K, used 2330431K [0x00007fe33db50000, 0x00007fe3cbf20000, 0x00007fede8600000)
   the space 2330432K,  99% used [0x00007fe33db50000, 0x00007fe3cbf1ffd0, 0x00007fe3cbf20000, 0x00007fe3cbf20000)
 Metaspace       used 24772K, capacity 25232K, committed 25344K, reserved 26624K
GC Heap History (20 events):
Event: 44421.381 GC heap after
{Heap after GC invocations=93671 (full 2):
 def new generation   total 1048704K, used 1056K [0x00007fdde8600000, 0x00007fde2f7e0000, 0x00007fe33db50000)
  eden space 932224K,   0% used [0x00007fdde8600000, 0x00007fdde8600000, 0x00007fde21460000)
  from space 116480K,   0% used [0x00007fde28620000, 0x00007fde28728050, 0x00007fde2f7e0000)
  to   space 116480K,   0% used [0x00007fde21460000, 0x00007fde21460000, 0x00007fde28620000)
 tenured generation   total 2330240K, used 2329930K [0x00007fe33db50000, 0x00007fe3cbef0000, 0x00007fede8600000)
   the space 2330240K,  99% used [0x00007fe33db50000, 0x00007fe3cbea2ac0, 0x00007fe3cbea2c00, 0x00007fe3cbef0000)
 Metaspace       used 24772K, capacity 25232K, committed 25344K, reserved 26624K
}
Event: 44422.013 GC heap before
{Heap before GC invocations=93671 (full 2):
 def new generation   total 1048704K, used 933280K [0x00007fdde8600000, 0x00007fde2f7e0000, 0x00007fe33db50000)
  eden space 932224K, 100% used [0x00007fdde8600000, 0x00007fde21460000, 0x00007fde21460000)
  from space 116480K,   0% used [0x00007fde28620000, 0x00007fde28728050, 0x00007fde2f7e0000)
  to   space 116480K,   0% used [0x00007fde21460000, 0x00007fde21460000, 0x00007fde28620000)
 tenured generation   total 2330240K, used 2329930K [0x00007fe33db50000, 0x00007fe3cbef0000, 0x00007fede8600000)
   the space 2330240K,  99% used [0x00007fe33db50000, 0x00007fe3cbea2ac0, 0x00007fe3cbea2c00, 0x00007fe3cbef0000)
 Metaspace       used 24772K, capacity 25232K, committed 25344K, reserved 26624K
}
Event: 44422.016 GC heap after
{Heap after GC invocations=93672 (full 2):
 def new generation   total 1048704K, used 1354K [0x00007fdde8600000, 0x00007fde2f7e0000, 0x00007fe33db50000)
  eden space 932224K,   0% used [0x00007fdde8600000, 0x00007fdde8600000, 0x00007fde21460000)
  from space 116480K,   1% used [0x00007fde21460000, 0x00007fde215b2838, 0x00007fde28620000)
  to   space 116480K,   0% used [0x00007fde28620000, 0x00007fde28620000, 0x00007fde2f7e0000)
 tenured generation   total 2330240K, used 2329978K [0x00007fe33db50000, 0x00007fe3cbef0000, 0x00007fede8600000)
   the space 2330240K,  99% used [0x00007fe33db50000, 0x00007fe3cbeaebb0, 0x00007fe3cbeaec00, 0x00007fe3cbef0000)
 Metaspace       used 24772K, capacity 25232K, committed 25344K, reserved 26624K
}
Event: 44422.663 GC heap before
{Heap before GC invocations=93672 (full 2):
 def new generation   total 1048704K, used 933578K [0x00007fdde8600000, 0x00007fde2f7e0000, 0x00007fe33db50000)
  eden space 932224K, 100% used [0x00007fdde8600000, 0x00007fde21460000, 0x00007fde21460000)
  from space 116480K,   1% used [0x00007fde21460000, 0x00007fde215b2838, 0x00007fde28620000)
  to   space 116480K,   0% used [0x00007fde28620000, 0x00007fde28620000, 0x00007fde2f7e0000)
 tenured generation   total 2330240K, used 2329978K [0x00007fe33db50000, 0x00007fe3cbef0000, 0x00007fede8600000)
   the space 2330240K,  99% used [0x00007fe33db50000, 0x00007fe3cbeaebb0, 0x00007fe3cbeaec00, 0x00007fe3cbef0000)
 Metaspace       used 24772K, capacity 25232K, committed 25344K, reserved 26624K
}
Event: 44422.666 GC heap after
{Heap after GC invocations=93673 (full 2):
 def new generation   total 1048704K, used 748K [0x00007fdde8600000, 0x00007fde2f7e0000, 0x00007fe33db50000)
  eden space 932224K,   0% used [0x00007fdde8600000, 0x00007fdde8600000, 0x00007fde21460000)
  from space 116480K,   0% used [0x00007fde28620000, 0x00007fde286db040, 0x00007fde2f7e0000)
  to   space 116480K,   0% used [0x00007fde21460000, 0x00007fde21460000, 0x00007fde28620000)
 tenured generation   total 2330240K, used 2330027K [0x00007fe33db50000, 0x00007fe3cbef0000, 0x00007fede8600000)
   the space 2330240K,  99% used [0x00007fe33db50000, 0x00007fe3cbebaca0, 0x00007fe3cbebae00, 0x00007fe3cbef0000)
 Metaspace       used 24772K, capacity 25232K, committed 25344K, reserved 26624K
}
Event: 44423.309 GC heap before
{Heap before GC invocations=93673 (full 2):
 def new generation   total 1048704K, used 932972K [0x00007fdde8600000, 0x00007fde2f7e0000, 0x00007fe33db50000)
  eden space 932224K, 100% used [0x00007fdde8600000, 0x00007fde21460000, 0x00007fde21460000)
  from space 116480K,   0% used [0x00007fde28620000, 0x00007fde286db040, 0x00007fde2f7e0000)
  to   space 116480K,   0% used [0x00007fde21460000, 0x00007fde21460000, 0x00007fde28620000)
 tenured generation   total 2330240K, used 2330027K [0x00007fe33db50000, 0x00007fe3cbef0000, 0x00007fede8600000)
   the space 2330240K,  99% used [0x00007fe33db50000, 0x00007fe3cbebaca0, 0x00007fe3cbebae00, 0x00007fe3cbef0000)
 Metaspace       used 24772K, capacity 25232K, committed 25344K, reserved 26624K
}
Event: 44423.312 GC heap after
{Heap after GC invocations=93674 (full 2):
 def new generation   total 1048704K, used 693K [0x00007fdde8600000, 0x00007fde2f7e0000, 0x00007fe33db50000)
  eden space 932224K,   0% used [0x00007fdde8600000, 0x00007fdde8600000, 0x00007fde21460000)
  from space 116480K,   0% used [0x00007fde21460000, 0x00007fde2150d5f0, 0x00007fde28620000)
  to   space 116480K,   0% used [0x00007fde28620000, 0x00007fde28620000, 0x00007fde2f7e0000)
 tenured generation   total 2330240K, used 2330027K [0x00007fe33db50000, 0x00007fe3cbef0000, 0x00007fede8600000)
   the space 2330240K,  99% used [0x00007fe33db50000, 0x00007fe3cbebaca0, 0x00007fe3cbebae00, 0x00007fe3cbef0000)
 Metaspace       used 24772K, capacity 25232K, committed 25344K, reserved 26624K
}
Event: 44423.951 GC heap before
{Heap before GC invocations=93674 (full 2):
 def new generation   total 1048704K, used 932917K [0x00007fdde8600000, 0x00007fde2f7e0000, 0x00007fe33db50000)
  eden space 932224K, 100% used [0x00007fdde8600000, 0x00007fde21460000, 0x00007fde21460000)
  from space 116480K,   0% used [0x00007fde21460000, 0x00007fde2150d5f0, 0x00007fde28620000)
  to   space 116480K,   0% used [0x00007fde28620000, 0x00007fde28620000, 0x00007fde2f7e0000)
 tenured generation   total 2330240K, used 2330027K [0x00007fe33db50000, 0x00007fe3cbef0000, 0x00007fede8600000)
   the space 2330240K,  99% used [0x00007fe33db50000, 0x00007fe3cbebaca0, 0x00007fe3cbebae00, 0x00007fe3cbef0000)
 Metaspace       used 24772K, capacity 25232K, committed 25344K, reserved 26624K
}
Event: 44423.954 GC heap after
{Heap after GC invocations=93675 (full 2):
 def new generation   total 1048704K, used 618K [0x00007fdde8600000, 0x00007fde2f7e0000, 0x00007fe33db50000)
  eden space 932224K,   0% used [0x00007fdde8600000, 0x00007fdde8600000, 0x00007fde21460000)
  from space 116480K,   0% used [0x00007fde28620000, 0x00007fde286baad0, 0x00007fde2f7e0000)
  to   space 116480K,   0% used [0x00007fde21460000, 0x00007fde21460000, 0x00007fde28620000)
 tenured generation   total 2330240K, used 2330075K [0x00007fe33db50000, 0x00007fe3cbef0000, 0x00007fede8600000)
   the space 2330240K,  99% used [0x00007fe33db50000, 0x00007fe3cbec6d90, 0x00007fe3cbec6e00, 0x00007fe3cbef0000)
 Metaspace       used 24772K, capacity 25232K, committed 25344K, reserved 26624K
}
Event: 44424.590 GC heap before
{Heap before GC invocations=93675 (full 2):
 def new generation   total 1048704K, used 932842K [0x00007fdde8600000, 0x00007fde2f7e0000, 0x00007fe33db50000)
  eden space 932224K, 100% used [0x00007fdde8600000, 0x00007fde21460000, 0x00007fde21460000)
  from space 116480K,   0% used [0x00007fde28620000, 0x00007fde286baad0, 0x00007fde2f7e0000)
  to   space 116480K,   0% used [0x00007fde21460000, 0x00007fde21460000, 0x00007fde28620000)
 tenured generation   total 2330240K, used 2330075K [0x00007fe33db50000, 0x00007fe3cbef0000, 0x00007fede8600000)
   the space 2330240K,  99% used [0x00007fe33db50000, 0x00007fe3cbec6d90, 0x00007fe3cbec6e00, 0x00007fe3cbef0000)
 Metaspace       used 24772K, capacity 25232K, committed 25344K, reserved 26624K
}
Event: 44424.593 GC heap after
{Heap after GC invocations=93676 (full 2):
 def new generation   total 1048704K, used 780K [0x00007fdde8600000, 0x00007fde2f7e0000, 0x00007fe33db50000)
  eden space 932224K,   0% used [0x00007fdde8600000, 0x00007fdde8600000, 0x00007fde21460000)
  from space 116480K,   0% used [0x00007fde21460000, 0x00007fde215231c8, 0x00007fde28620000)
  to   space 116480K,   0% used [0x00007fde28620000, 0x00007fde28620000, 0x00007fde2f7e0000)
 tenured generation   total 2330240K, used 2330123K [0x00007fe33db50000, 0x00007fe3cbef0000, 0x00007fede8600000)
   the space 2330240K,  99% used [0x00007fe33db50000, 0x00007fe3cbed2e80, 0x00007fe3cbed3000, 0x00007fe3cbef0000)
 Metaspace       used 24772K, capacity 25232K, committed 25344K, reserved 26624K
}
Event: 44425.229 GC heap before
{Heap before GC invocations=93676 (full 2):
 def new generation   total 1048704K, used 933004K [0x00007fdde8600000, 0x00007fde2f7e0000, 0x00007fe33db50000)
  eden space 932224K, 100% used [0x00007fdde8600000, 0x00007fde21460000, 0x00007fde21460000)
  from space 116480K,   0% used [0x00007fde21460000, 0x00007fde215231c8, 0x00007fde28620000)
  to   space 116480K,   0% used [0x00007fde28620000, 0x00007fde28620000, 0x00007fde2f7e0000)
 tenured generation   total 2330240K, used 2330123K [0x00007fe33db50000, 0x00007fe3cbef0000, 0x00007fede8600000)
   the space 2330240K,  99% used [0x00007fe33db50000, 0x00007fe3cbed2e80, 0x00007fe3cbed3000, 0x00007fe3cbef0000)
 Metaspace       used 24772K, capacity 25232K, committed 25344K, reserved 26624K
}
Event: 44425.232 GC heap after
{Heap after GC invocations=93677 (full 2):
 def new generation   total 1048704K, used 1065K [0x00007fdde8600000, 0x00007fde2f7e0000, 0x00007fe33db50000)
  eden space 932224K,   0% used [0x00007fdde8600000, 0x00007fdde8600000, 0x00007fde21460000)
  from space 116480K,   0% used [0x00007fde28620000, 0x00007fde2872a7b8, 0x00007fde2f7e0000)
  to   space 116480K,   0% used [0x00007fde21460000, 0x00007fde21460000, 0x00007fde28620000)
 tenured generation   total 2330240K, used 2330171K [0x00007fe33db50000, 0x00007fe3cbef0000, 0x00007fede8600000)
   the space 2330240K,  99% used [0x00007fe33db50000, 0x00007fe3cbedef70, 0x00007fe3cbedf000, 0x00007fe3cbef0000)
 Metaspace       used 24772K, capacity 25232K, committed 25344K, reserved 26624K
}
Event: 44425.879 GC heap before
{Heap before GC invocations=93677 (full 2):
 def new generation   total 1048704K, used 933289K [0x00007fdde8600000, 0x00007fde2f7e0000, 0x00007fe33db50000)
  eden space 932224K, 100% used [0x00007fdde8600000, 0x00007fde21460000, 0x00007fde21460000)
  from space 116480K,   0% used [0x00007fde28620000, 0x00007fde2872a7b8, 0x00007fde2f7e0000)
  to   space 116480K,   0% used [0x00007fde21460000, 0x00007fde21460000, 0x00007fde28620000)
 tenured generation   total 2330240K, used 2330171K [0x00007fe33db50000, 0x00007fe3cbef0000, 0x00007fede8600000)
   the space 2330240K,  99% used [0x00007fe33db50000, 0x00007fe3cbedef70, 0x00007fe3cbedf000, 0x00007fe3cbef0000)
 Metaspace       used 24772K, capacity 25232K, committed 25344K, reserved 26624K
}
Event: 44425.882 GC heap after
{Heap after GC invocations=93678 (full 2):
 def new generation   total 1048704K, used 659K [0x00007fdde8600000, 0x00007fde2f7e0000, 0x00007fe33db50000)
  eden space 932224K,   0% used [0x00007fdde8600000, 0x00007fdde8600000, 0x00007fde21460000)
  from space 116480K,   0% used [0x00007fde21460000, 0x00007fde21504d10, 0x00007fde28620000)
  to   space 116480K,   0% used [0x00007fde28620000, 0x00007fde28620000, 0x00007fde2f7e0000)
 tenured generation   total 2330240K, used 2330171K [0x00007fe33db50000, 0x00007fe3cbef0000, 0x00007fede8600000)
   the space 2330240K,  99% used [0x00007fe33db50000, 0x00007fe3cbedef70, 0x00007fe3cbedf000, 0x00007fe3cbef0000)
 Metaspace       used 24772K, capacity 25232K, committed 25344K, reserved 26624K
}
Event: 44426.532 GC heap before
{Heap before GC invocations=93678 (full 2):
 def new generation   total 1048704K, used 932883K [0x00007fdde8600000, 0x00007fde2f7e0000, 0x00007fe33db50000)
  eden space 932224K, 100% used [0x00007fdde8600000, 0x00007fde21460000, 0x00007fde21460000)
  from space 116480K,   0% used [0x00007fde21460000, 0x00007fde21504d10, 0x00007fde28620000)
  to   space 116480K,   0% used [0x00007fde28620000, 0x00007fde28620000, 0x00007fde2f7e0000)
 tenured generation   total 2330240K, used 2330171K [0x00007fe33db50000, 0x00007fe3cbef0000, 0x00007fede8600000)
   the space 2330240K,  99% used [0x00007fe33db50000, 0x00007fe3cbedef70, 0x00007fe3cbedf000, 0x00007fe3cbef0000)
 Metaspace       used 24772K, capacity 25232K, committed 25344K, reserved 26624K
}
Event: 44426.536 GC heap after
{Heap after GC invocations=93679 (full 2):
 def new generation   total 1048704K, used 831K [0x00007fdde8600000, 0x00007fde2f7e0000, 0x00007fe33db50000)
  eden space 932224K,   0% used [0x00007fdde8600000, 0x00007fdde8600000, 0x00007fde21460000)
  from space 116480K,   0% used [0x00007fde28620000, 0x00007fde286efc30, 0x00007fde2f7e0000)
  to   space 116480K,   0% used [0x00007fde21460000, 0x00007fde21460000, 0x00007fde28620000)
 tenured generation   total 2330240K, used 2330220K [0x00007fe33db50000, 0x00007fe3cbef0000, 0x00007fede8600000)
   the space 2330240K,  99% used [0x00007fe33db50000, 0x00007fe3cbeeb060, 0x00007fe3cbeeb200, 0x00007fe3cbef0000)
 Metaspace       used 24772K, capacity 25232K, committed 25344K, reserved 26624K
}
Event: 44427.174 GC heap before
{Heap before GC invocations=93679 (full 2):
 def new generation   total 1048704K, used 933055K [0x00007fdde8600000, 0x00007fde2f7e0000, 0x00007fe33db50000)
  eden space 932224K, 100% used [0x00007fdde8600000, 0x00007fde21460000, 0x00007fde21460000)
  from space 116480K,   0% used [0x00007fde28620000, 0x00007fde286efc30, 0x00007fde2f7e0000)
  to   space 116480K,   0% used [0x00007fde21460000, 0x00007fde21460000, 0x00007fde28620000)
 tenured generation   total 2330240K, used 2330220K [0x00007fe33db50000, 0x00007fe3cbef0000, 0x00007fede8600000)
   the space 2330240K,  99% used [0x00007fe33db50000, 0x00007fe3cbeeb060, 0x00007fe3cbeeb200, 0x00007fe3cbef0000)
 Metaspace       used 24772K, capacity 25232K, committed 25344K, reserved 26624K
}
Event: 44427.181 GC heap after
{Heap after GC invocations=93680 (full 2):
 def new generation   total 1048704K, used 706K [0x00007fdde8600000, 0x00007fde2f7e0000, 0x00007fe33db50000)
  eden space 932224K,   0% used [0x00007fdde8600000, 0x00007fdde8600000, 0x00007fde21460000)
  from space 116480K,   0% used [0x00007fde21460000, 0x00007fde215108f8, 0x00007fde28620000)
  to   space 116480K,   0% used [0x00007fde28620000, 0x00007fde28620000, 0x00007fde2f7e0000)
 tenured generation   total 2330432K, used 2330268K [0x00007fe33db50000, 0x00007fe3cbf20000, 0x00007fede8600000)
   the space 2330432K,  99% used [0x00007fe33db50000, 0x00007fe3cbef7150, 0x00007fe3cbef7200, 0x00007fe3cbf20000)
 Metaspace       used 24772K, capacity 25232K, committed 25344K, reserved 26624K
}
Event: 44427.181 GC heap before
{Heap before GC invocations=93680 (full 2):
 def new generation   total 1048704K, used 706K [0x00007fdde8600000, 0x00007fde2f7e0000, 0x00007fe33db50000)
  eden space 932224K,   0% used [0x00007fdde8600000, 0x00007fdde8600000, 0x00007fde21460000)
  from space 116480K,   0% used [0x00007fde21460000, 0x00007fde215108f8, 0x00007fde28620000)
  to   space 116480K,   0% used [0x00007fde28620000, 0x00007fde28620000, 0x00007fde2f7e0000)
 tenured generation   total 2330432K, used 2330268K [0x00007fe33db50000, 0x00007fe3cbf20000, 0x00007fede8600000)
   the space 2330432K,  99% used [0x00007fe33db50000, 0x00007fe3cbef7150, 0x00007fe3cbef7200, 0x00007fe3cbf20000)
 Metaspace       used 24772K, capacity 25232K, committed 25344K, reserved 26624K
}

