# JRE version: OpenJDK Runtime Environment (13.0.7+5) (build 13.0.7+5-Ubuntu-0ubuntu120.04)
# Java VM: OpenJDK 64-Bit Server VM (13.0.7+5-Ubuntu-0ubuntu120.04, mixed mode, tiered, serial gc, linux-amd64)
Heap:
 def new generation   total 1048832K, used 1419K [0x00007fdeec600000, 0x00007fdf33800000, 0x00007fe441b50000)
  eden space 932352K,   0% used [0x00007fdeec600000, 0x00007fdeec762f60, 0x00007fdf25480000)
  from space 116480K,   0% used [0x00007fdf2c640000, 0x00007fdf2c640000, 0x00007fdf33800000)
  to   space 116480K,   0% used [0x00007fdf25480000, 0x00007fdf25480000, 0x00007fdf2c640000)
 tenured generation   total 2330752K, used 2330751K [0x00007fe441b50000, 0x00007fe4cff70000, 0x00007feeec600000)
   the space 2330752K,  99% used [0x00007fe441b50000, 0x00007fe4cff6fff0, 0x00007fe4cff70000, 0x00007fe4cff70000)
 Metaspace       used 24841K, capacity 25300K, committed 25600K, reserved 26624K
GC Heap History (20 events):
Event: 15004.583 GC heap after
{Heap after GC invocations=34242 (full 2):
 def new generation   total 1048832K, used 1533K [0x00007fdeec600000, 0x00007fdf33800000, 0x00007fe441b50000)
  eden space 932352K,   0% used [0x00007fdeec600000, 0x00007fdeec600000, 0x00007fdf25480000)
  from space 116480K,   1% used [0x00007fdf25480000, 0x00007fdf255ff500, 0x00007fdf2c640000)
  to   space 116480K,   0% used [0x00007fdf2c640000, 0x00007fdf2c640000, 0x00007fdf33800000)
 tenured generation   total 2330560K, used 2329807K [0x00007fe441b50000, 0x00007fe4cff40000, 0x00007feeec600000)
   the space 2330560K,  99% used [0x00007fe441b50000, 0x00007fe4cfe83de0, 0x00007fe4cfe83e00, 0x00007fe4cff40000)
 Metaspace       used 24841K, capacity 25300K, committed 25600K, reserved 26624K
}
Event: 15005.176 GC heap before
{Heap before GC invocations=34242 (full 2):
 def new generation   total 1048832K, used 933885K [0x00007fdeec600000, 0x00007fdf33800000, 0x00007fe441b50000)
  eden space 932352K, 100% used [0x00007fdeec600000, 0x00007fdf25480000, 0x00007fdf25480000)
  from space 116480K,   1% used [0x00007fdf25480000, 0x00007fdf255ff500, 0x00007fdf2c640000)
  to   space 116480K,   0% used [0x00007fdf2c640000, 0x00007fdf2c640000, 0x00007fdf33800000)
 tenured generation   total 2330560K, used 2329807K [0x00007fe441b50000, 0x00007fe4cff40000, 0x00007feeec600000)
   the space 2330560K,  99% used [0x00007fe441b50000, 0x00007fe4cfe83de0, 0x00007fe4cfe83e00, 0x00007fe4cff40000)
 Metaspace       used 24841K, capacity 25300K, committed 25600K, reserved 26624K
}
Event: 15005.179 GC heap after
{Heap after GC invocations=34243 (full 2):
 def new generation   total 1048832K, used 1471K [0x00007fdeec600000, 0x00007fdf33800000, 0x00007fe441b50000)
  eden space 932352K,   0% used [0x00007fdeec600000, 0x00007fdeec600000, 0x00007fdf25480000)
  from space 116480K,   1% used [0x00007fdf2c640000, 0x00007fdf2c7aff08, 0x00007fdf33800000)
  to   space 116480K,   0% used [0x00007fdf25480000, 0x00007fdf25480000, 0x00007fdf2c640000)
 tenured generation   total 2330560K, used 2329891K [0x00007fe441b50000, 0x00007fe4cff40000, 0x00007feeec600000)
   the space 2330560K,  99% used [0x00007fe441b50000, 0x00007fe4cfe98e70, 0x00007fe4cfe99000, 0x00007fe4cff40000)
 Metaspace       used 24841K, capacity 25300K, committed 25600K, reserved 26624K
}
Event: 15005.769 GC heap before
{Heap before GC invocations=34243 (full 2):
 def new generation   total 1048832K, used 933823K [0x00007fdeec600000, 0x00007fdf33800000, 0x00007fe441b50000)
  eden space 932352K, 100% used [0x00007fdeec600000, 0x00007fdf25480000, 0x00007fdf25480000)
  from space 116480K,   1% used [0x00007fdf2c640000, 0x00007fdf2c7aff08, 0x00007fdf33800000)
  to   space 116480K,   0% used [0x00007fdf25480000, 0x00007fdf25480000, 0x00007fdf2c640000)
 tenured generation   total 2330560K, used 2329891K [0x00007fe441b50000, 0x00007fe4cff40000, 0x00007feeec600000)
   the space 2330560K,  99% used [0x00007fe441b50000, 0x00007fe4cfe98e70, 0x00007fe4cfe99000, 0x00007fe4cff40000)
 Metaspace       used 24841K, capacity 25300K, committed 25600K, reserved 26624K
}
Event: 15005.773 GC heap after
{Heap after GC invocations=34244 (full 2):
 def new generation   total 1048832K, used 1519K [0x00007fdeec600000, 0x00007fdf33800000, 0x00007fe441b50000)
  eden space 932352K,   0% used [0x00007fdeec600000, 0x00007fdeec600000, 0x00007fdf25480000)
  from space 116480K,   1% used [0x00007fdf25480000, 0x00007fdf255fbd58, 0x00007fdf2c640000)
  to   space 116480K,   0% used [0x00007fdf2c640000, 0x00007fdf2c640000, 0x00007fdf33800000)
 tenured generation   total 2330560K, used 2329975K [0x00007fe441b50000, 0x00007fe4cff40000, 0x00007feeec600000)
   the space 2330560K,  99% used [0x00007fe441b50000, 0x00007fe4cfeadf00, 0x00007fe4cfeae000, 0x00007fe4cff40000)
 Metaspace       used 24841K, capacity 25300K, committed 25600K, reserved 26624K
}
Event: 15006.385 GC heap before
{Heap before GC invocations=34244 (full 2):
 def new generation   total 1048832K, used 933871K [0x00007fdeec600000, 0x00007fdf33800000, 0x00007fe441b50000)
  eden space 932352K, 100% used [0x00007fdeec600000, 0x00007fdf25480000, 0x00007fdf25480000)
  from space 116480K,   1% used [0x00007fdf25480000, 0x00007fdf255fbd58, 0x00007fdf2c640000)
  to   space 116480K,   0% used [0x00007fdf2c640000, 0x00007fdf2c640000, 0x00007fdf33800000)
 tenured generation   total 2330560K, used 2329975K [0x00007fe441b50000, 0x00007fe4cff40000, 0x00007feeec600000)
   the space 2330560K,  99% used [0x00007fe441b50000, 0x00007fe4cfeadf00, 0x00007fe4cfeae000, 0x00007fe4cff40000)
 Metaspace       used 24841K, capacity 25300K, committed 25600K, reserved 26624K
}
Event: 15006.390 GC heap after
{Heap after GC invocations=34245 (full 2):
 def new generation   total 1048832K, used 1540K [0x00007fdeec600000, 0x00007fdf33800000, 0x00007fe441b50000)
  eden space 932352K,   0% used [0x00007fdeec600000, 0x00007fdeec600000, 0x00007fdf25480000)
  from space 116480K,   1% used [0x00007fdf2c640000, 0x00007fdf2c7c1198, 0x00007fdf33800000)
  to   space 116480K,   0% used [0x00007fdf25480000, 0x00007fdf25480000, 0x00007fdf2c640000)
 tenured generation   total 2330560K, used 2330087K [0x00007fe441b50000, 0x00007fe4cff40000, 0x00007feeec600000)
   the space 2330560K,  99% used [0x00007fe441b50000, 0x00007fe4cfec9fc0, 0x00007fe4cfeca000, 0x00007fe4cff40000)
 Metaspace       used 24841K, capacity 25300K, committed 25600K, reserved 26624K
}
Event: 15006.996 GC heap before
{Heap before GC invocations=34245 (full 2):
 def new generation   total 1048832K, used 933892K [0x00007fdeec600000, 0x00007fdf33800000, 0x00007fe441b50000)
  eden space 932352K, 100% used [0x00007fdeec600000, 0x00007fdf25480000, 0x00007fdf25480000)
  from space 116480K,   1% used [0x00007fdf2c640000, 0x00007fdf2c7c1198, 0x00007fdf33800000)
  to   space 116480K,   0% used [0x00007fdf25480000, 0x00007fdf25480000, 0x00007fdf2c640000)
 tenured generation   total 2330560K, used 2330087K [0x00007fe441b50000, 0x00007fe4cff40000, 0x00007feeec600000)
   the space 2330560K,  99% used [0x00007fe441b50000, 0x00007fe4cfec9fc0, 0x00007fe4cfeca000, 0x00007fe4cff40000)
 Metaspace       used 24841K, capacity 25300K, committed 25600K, reserved 26624K
}
Event: 15006.999 GC heap after
{Heap after GC invocations=34246 (full 2):
 def new generation   total 1048832K, used 1440K [0x00007fdeec600000, 0x00007fdf33800000, 0x00007fe441b50000)
  eden space 932352K,   0% used [0x00007fdeec600000, 0x00007fdeec600000, 0x00007fdf25480000)
  from space 116480K,   1% used [0x00007fdf25480000, 0x00007fdf255e8248, 0x00007fdf2c640000)
  to   space 116480K,   0% used [0x00007fdf2c640000, 0x00007fdf2c640000, 0x00007fdf33800000)
 tenured generation   total 2330560K, used 2330172K [0x00007fe441b50000, 0x00007fe4cff40000, 0x00007feeec600000)
   the space 2330560K,  99% used [0x00007fe441b50000, 0x00007fe4cfedf050, 0x00007fe4cfedf200, 0x00007fe4cff40000)
 Metaspace       used 24841K, capacity 25300K, committed 25600K, reserved 26624K
}
Event: 15007.587 GC heap before
{Heap before GC invocations=34246 (full 2):
 def new generation   total 1048832K, used 933792K [0x00007fdeec600000, 0x00007fdf33800000, 0x00007fe441b50000)
  eden space 932352K, 100% used [0x00007fdeec600000, 0x00007fdf25480000, 0x00007fdf25480000)
  from space 116480K,   1% used [0x00007fdf25480000, 0x00007fdf255e8248, 0x00007fdf2c640000)
  to   space 116480K,   0% used [0x00007fdf2c640000, 0x00007fdf2c640000, 0x00007fdf33800000)
 tenured generation   total 2330560K, used 2330172K [0x00007fe441b50000, 0x00007fe4cff40000, 0x00007feeec600000)
   the space 2330560K,  99% used [0x00007fe441b50000, 0x00007fe4cfedf050, 0x00007fe4cfedf200, 0x00007fe4cff40000)
 Metaspace       used 24841K, capacity 25300K, committed 25600K, reserved 26624K
}
Event: 15007.592 GC heap after
{Heap after GC invocations=34247 (full 2):
 def new generation   total 1048832K, used 1500K [0x00007fdeec600000, 0x00007fdf33800000, 0x00007fe441b50000)
  eden space 932352K,   0% used [0x00007fdeec600000, 0x00007fdeec600000, 0x00007fdf25480000)
  from space 116480K,   1% used [0x00007fdf2c640000, 0x00007fdf2c7b7390, 0x00007fdf33800000)
  to   space 116480K,   0% used [0x00007fdf25480000, 0x00007fdf25480000, 0x00007fdf2c640000)
 tenured generation   total 2330560K, used 2330256K [0x00007fe441b50000, 0x00007fe4cff40000, 0x00007feeec600000)
   the space 2330560K,  99% used [0x00007fe441b50000, 0x00007fe4cfef40e0, 0x00007fe4cfef4200, 0x00007fe4cff40000)
 Metaspace       used 24841K, capacity 25300K, committed 25600K, reserved 26624K
}
Event: 15008.184 GC heap before
{Heap before GC invocations=34247 (full 2):
 def new generation   total 1048832K, used 933852K [0x00007fdeec600000, 0x00007fdf33800000, 0x00007fe441b50000)
  eden space 932352K, 100% used [0x00007fdeec600000, 0x00007fdf25480000, 0x00007fdf25480000)
  from space 116480K,   1% used [0x00007fdf2c640000, 0x00007fdf2c7b7390, 0x00007fdf33800000)
  to   space 116480K,   0% used [0x00007fdf25480000, 0x00007fdf25480000, 0x00007fdf2c640000)
 tenured generation   total 2330560K, used 2330256K [0x00007fe441b50000, 0x00007fe4cff40000, 0x00007feeec600000)
   the space 2330560K,  99% used [0x00007fe441b50000, 0x00007fe4cfef40e0, 0x00007fe4cfef4200, 0x00007fe4cff40000)
 Metaspace       used 24841K, capacity 25300K, committed 25600K, reserved 26624K
}
Event: 15008.188 GC heap after
{Heap after GC invocations=34248 (full 2):
 def new generation   total 1048832K, used 1513K [0x00007fdeec600000, 0x00007fdf33800000, 0x00007fe441b50000)
  eden space 932352K,   0% used [0x00007fdeec600000, 0x00007fdeec600000, 0x00007fdf25480000)
  from space 116480K,   1% used [0x00007fdf25480000, 0x00007fdf255fa490, 0x00007fdf2c640000)
  to   space 116480K,   0% used [0x00007fdf2c640000, 0x00007fdf2c640000, 0x00007fdf33800000)
 tenured generation   total 2330560K, used 2330368K [0x00007fe441b50000, 0x00007fe4cff40000, 0x00007feeec600000)
   the space 2330560K,  99% used [0x00007fe441b50000, 0x00007fe4cff101a0, 0x00007fe4cff10200, 0x00007fe4cff40000)
 Metaspace       used 24841K, capacity 25300K, committed 25600K, reserved 26624K
}
Event: 15008.787 GC heap before
{Heap before GC invocations=34248 (full 2):
 def new generation   total 1048832K, used 933865K [0x00007fdeec600000, 0x00007fdf33800000, 0x00007fe441b50000)
  eden space 932352K, 100% used [0x00007fdeec600000, 0x00007fdf25480000, 0x00007fdf25480000)
  from space 116480K,   1% used [0x00007fdf25480000, 0x00007fdf255fa490, 0x00007fdf2c640000)
  to   space 116480K,   0% used [0x00007fdf2c640000, 0x00007fdf2c640000, 0x00007fdf33800000)
 tenured generation   total 2330560K, used 2330368K [0x00007fe441b50000, 0x00007fe4cff40000, 0x00007feeec600000)
   the space 2330560K,  99% used [0x00007fe441b50000, 0x00007fe4cff101a0, 0x00007fe4cff10200, 0x00007fe4cff40000)
 Metaspace       used 24841K, capacity 25300K, committed 25600K, reserved 26624K
}
Event: 15008.791 GC heap after
{Heap after GC invocations=34249 (full 2):
 def new generation   total 1048832K, used 1444K [0x00007fdeec600000, 0x00007fdf33800000, 0x00007fe441b50000)
  eden space 932352K,   0% used [0x00007fdeec600000, 0x00007fdeec600000, 0x00007fdf25480000)
  from space 116480K,   1% used [0x00007fdf2c640000, 0x00007fdf2c7a9378, 0x00007fdf33800000)
  to   space 116480K,   0% used [0x00007fdf25480000, 0x00007fdf25480000, 0x00007fdf2c640000)
 tenured generation   total 2330560K, used 2330452K [0x00007fe441b50000, 0x00007fe4cff40000, 0x00007feeec600000)
   the space 2330560K,  99% used [0x00007fe441b50000, 0x00007fe4cff25230, 0x00007fe4cff25400, 0x00007fe4cff40000)
 Metaspace       used 24841K, capacity 25300K, committed 25600K, reserved 26624K
}
Event: 15009.398 GC heap before
{Heap before GC invocations=34249 (full 2):
 def new generation   total 1048832K, used 933796K [0x00007fdeec600000, 0x00007fdf33800000, 0x00007fe441b50000)
  eden space 932352K, 100% used [0x00007fdeec600000, 0x00007fdf25480000, 0x00007fdf25480000)
  from space 116480K,   1% used [0x00007fdf2c640000, 0x00007fdf2c7a9378, 0x00007fdf33800000)
  to   space 116480K,   0% used [0x00007fdf25480000, 0x00007fdf25480000, 0x00007fdf2c640000)
 tenured generation   total 2330560K, used 2330452K [0x00007fe441b50000, 0x00007fe4cff40000, 0x00007feeec600000)
   the space 2330560K,  99% used [0x00007fe441b50000, 0x00007fe4cff25230, 0x00007fe4cff25400, 0x00007fe4cff40000)
 Metaspace       used 24841K, capacity 25300K, committed 25600K, reserved 26624K
}
Event: 15009.402 GC heap after
{Heap after GC invocations=34250 (full 2):
 def new generation   total 1048832K, used 1481K [0x00007fdeec600000, 0x00007fdf33800000, 0x00007fe441b50000)
  eden space 932352K,   0% used [0x00007fdeec600000, 0x00007fdeec600000, 0x00007fdf25480000)
  from space 116480K,   1% used [0x00007fdf25480000, 0x00007fdf255f25b0, 0x00007fdf2c640000)
  to   space 116480K,   0% used [0x00007fdf2c640000, 0x00007fdf2c640000, 0x00007fdf33800000)
 tenured generation   total 2330560K, used 2330536K [0x00007fe441b50000, 0x00007fe4cff40000, 0x00007feeec600000)
   the space 2330560K,  99% used [0x00007fe441b50000, 0x00007fe4cff3a2c0, 0x00007fe4cff3a400, 0x00007fe4cff40000)
 Metaspace       used 24841K, capacity 25300K, committed 25600K, reserved 26624K
}
Event: 15010.002 GC heap before
{Heap before GC invocations=34250 (full 2):
 def new generation   total 1048832K, used 933833K [0x00007fdeec600000, 0x00007fdf33800000, 0x00007fe441b50000)
  eden space 932352K, 100% used [0x00007fdeec600000, 0x00007fdf25480000, 0x00007fdf25480000)
  from space 116480K,   1% used [0x00007fdf25480000, 0x00007fdf255f25b0, 0x00007fdf2c640000)
  to   space 116480K,   0% used [0x00007fdf2c640000, 0x00007fdf2c640000, 0x00007fdf33800000)
 tenured generation   total 2330560K, used 2330536K [0x00007fe441b50000, 0x00007fe4cff40000, 0x00007feeec600000)
   the space 2330560K,  99% used [0x00007fe441b50000, 0x00007fe4cff3a2c0, 0x00007fe4cff3a400, 0x00007fe4cff40000)
 Metaspace       used 24841K, capacity 25300K, committed 25600K, reserved 26624K
}
Event: 15010.008 GC heap after
{Heap after GC invocations=34251 (full 2):
 def new generation   total 1048832K, used 1522K [0x00007fdeec600000, 0x00007fdf33800000, 0x00007fe441b50000)
  eden space 932352K,   0% used [0x00007fdeec600000, 0x00007fdeec600000, 0x00007fdf25480000)
  from space 116480K,   1% used [0x00007fdf2c640000, 0x00007fdf2c7bcbd0, 0x00007fdf33800000)
  to   space 116480K,   0% used [0x00007fdf25480000, 0x00007fdf25480000, 0x00007fdf2c640000)
 tenured generation   total 2330752K, used 2330648K [0x00007fe441b50000, 0x00007fe4cff70000, 0x00007feeec600000)
   the space 2330752K,  99% used [0x00007fe441b50000, 0x00007fe4cff56380, 0x00007fe4cff56400, 0x00007fe4cff70000)
 Metaspace       used 24841K, capacity 25300K, committed 25600K, reserved 26624K
}
Event: 15010.008 GC heap before
{Heap before GC invocations=34251 (full 2):
 def new generation   total 1048832K, used 1522K [0x00007fdeec600000, 0x00007fdf33800000, 0x00007fe441b50000)
  eden space 932352K,   0% used [0x00007fdeec600000, 0x00007fdeec600000, 0x00007fdf25480000)
  from space 116480K,   1% used [0x00007fdf2c640000, 0x00007fdf2c7bcbd0, 0x00007fdf33800000)
  to   space 116480K,   0% used [0x00007fdf25480000, 0x00007fdf25480000, 0x00007fdf2c640000)
 tenured generation   total 2330752K, used 2330648K [0x00007fe441b50000, 0x00007fe4cff70000, 0x00007feeec600000)
   the space 2330752K,  99% used [0x00007fe441b50000, 0x00007fe4cff56380, 0x00007fe4cff56400, 0x00007fe4cff70000)
 Metaspace       used 24841K, capacity 25300K, committed 25600K, reserved 26624K
}

