# JRE version: OpenJDK Runtime Environment (13.0.7+5) (build 13.0.7+5-Ubuntu-0ubuntu120.04)
# Java VM: OpenJDK 64-Bit Server VM (13.0.7+5-Ubuntu-0ubuntu120.04, mixed mode, tiered, serial gc, linux-amd64)
Heap:
 def new generation   total 2884992K, used 15879K [0x00007ef970600000, 0x00007efa34060000, 0x00007efec5b50000)
  eden space 2564480K,   0% used [0x00007ef970600000, 0x00007ef971581c98, 0x00007efa0ce60000)
  from space 320512K,   0% used [0x00007efa20760000, 0x00007efa20760000, 0x00007efa34060000)
  to   space 320512K,   0% used [0x00007efa0ce60000, 0x00007efa0ce60000, 0x00007efa20760000)
 tenured generation   total 6411736K, used 6411736K [0x00007efec5b50000, 0x00007f004d0c6000, 0x00007f0970600000)
   the space 6411736K, 100% used [0x00007efec5b50000, 0x00007f004d0c6000, 0x00007f004d0c6000, 0x00007f004d0c6000)
 Metaspace       used 24985K, capacity 25427K, committed 25600K, reserved 26624K
GC Heap History (20 events):
Event: 25739.078 GC heap after
{Heap after GC invocations=25124 (full 4):
 def new generation   total 2884992K, used 15941K [0x00007ef970600000, 0x00007efa34060000, 0x00007efec5b50000)
  eden space 2564480K,   0% used [0x00007ef970600000, 0x00007ef970600000, 0x00007efa0ce60000)
  from space 320512K,   4% used [0x00007efa0ce60000, 0x00007efa0ddf1488, 0x00007efa20760000)
  to   space 320512K,   0% used [0x00007efa20760000, 0x00007efa20760000, 0x00007efa34060000)
 tenured generation   total 6410968K, used 6402194K [0x00007efec5b50000, 0x00007f004d006000, 0x00007f0970600000)
   the space 6410968K,  99% used [0x00007efec5b50000, 0x00007f004c774a70, 0x00007f004c774c00, 0x00007f004d006000)
 Metaspace       used 24985K, capacity 25427K, committed 25600K, reserved 26624K
}
Event: 25741.548 GC heap before
{Heap before GC invocations=25124 (full 4):
 def new generation   total 2884992K, used 2580421K [0x00007ef970600000, 0x00007efa34060000, 0x00007efec5b50000)
  eden space 2564480K, 100% used [0x00007ef970600000, 0x00007efa0ce60000, 0x00007efa0ce60000)
  from space 320512K,   4% used [0x00007efa0ce60000, 0x00007efa0ddf1488, 0x00007efa20760000)
  to   space 320512K,   0% used [0x00007efa20760000, 0x00007efa20760000, 0x00007efa34060000)
 tenured generation   total 6410968K, used 6402194K [0x00007efec5b50000, 0x00007f004d006000, 0x00007f0970600000)
   the space 6410968K,  99% used [0x00007efec5b50000, 0x00007f004c774a70, 0x00007f004c774c00, 0x00007f004d006000)
 Metaspace       used 24985K, capacity 25427K, committed 25600K, reserved 26624K
}
Event: 25741.588 GC heap after
{Heap after GC invocations=25125 (full 4):
 def new generation   total 2884992K, used 15955K [0x00007ef970600000, 0x00007efa34060000, 0x00007efec5b50000)
  eden space 2564480K,   0% used [0x00007ef970600000, 0x00007ef970600000, 0x00007efa0ce60000)
  from space 320512K,   4% used [0x00007efa20760000, 0x00007efa216f4c38, 0x00007efa34060000)
  to   space 320512K,   0% used [0x00007efa0ce60000, 0x00007efa0ce60000, 0x00007efa20760000)
 tenured generation   total 6410968K, used 6403252K [0x00007efec5b50000, 0x00007f004d006000, 0x00007f0970600000)
   the space 6410968K,  99% used [0x00007efec5b50000, 0x00007f004c87d390, 0x00007f004c87d400, 0x00007f004d006000)
 Metaspace       used 24985K, capacity 25427K, committed 25600K, reserved 26624K
}
Event: 25743.974 GC heap before
{Heap before GC invocations=25125 (full 4):
 def new generation   total 2884992K, used 2580435K [0x00007ef970600000, 0x00007efa34060000, 0x00007efec5b50000)
  eden space 2564480K, 100% used [0x00007ef970600000, 0x00007efa0ce60000, 0x00007efa0ce60000)
  from space 320512K,   4% used [0x00007efa20760000, 0x00007efa216f4c38, 0x00007efa34060000)
  to   space 320512K,   0% used [0x00007efa0ce60000, 0x00007efa0ce60000, 0x00007efa20760000)
 tenured generation   total 6410968K, used 6403252K [0x00007efec5b50000, 0x00007f004d006000, 0x00007f0970600000)
   the space 6410968K,  99% used [0x00007efec5b50000, 0x00007f004c87d390, 0x00007f004c87d400, 0x00007f004d006000)
 Metaspace       used 24985K, capacity 25427K, committed 25600K, reserved 26624K
}
Event: 25744.015 GC heap after
{Heap after GC invocations=25126 (full 4):
 def new generation   total 2884992K, used 15838K [0x00007ef970600000, 0x00007efa34060000, 0x00007efec5b50000)
  eden space 2564480K,   0% used [0x00007ef970600000, 0x00007ef970600000, 0x00007efa0ce60000)
  from space 320512K,   4% used [0x00007efa0ce60000, 0x00007efa0ddd7a40, 0x00007efa20760000)
  to   space 320512K,   0% used [0x00007efa20760000, 0x00007efa20760000, 0x00007efa34060000)
 tenured generation   total 6410968K, used 6404311K [0x00007efec5b50000, 0x00007f004d006000, 0x00007f0970600000)
   the space 6410968K,  99% used [0x00007efec5b50000, 0x00007f004c985cb0, 0x00007f004c985e00, 0x00007f004d006000)
 Metaspace       used 24985K, capacity 25427K, committed 25600K, reserved 26624K
}
Event: 25746.436 GC heap before
{Heap before GC invocations=25126 (full 4):
 def new generation   total 2884992K, used 2580318K [0x00007ef970600000, 0x00007efa34060000, 0x00007efec5b50000)
  eden space 2564480K, 100% used [0x00007ef970600000, 0x00007efa0ce60000, 0x00007efa0ce60000)
  from space 320512K,   4% used [0x00007efa0ce60000, 0x00007efa0ddd7a40, 0x00007efa20760000)
  to   space 320512K,   0% used [0x00007efa20760000, 0x00007efa20760000, 0x00007efa34060000)
 tenured generation   total 6410968K, used 6404311K [0x00007efec5b50000, 0x00007f004d006000, 0x00007f0970600000)
   the space 6410968K,  99% used [0x00007efec5b50000, 0x00007f004c985cb0, 0x00007f004c985e00, 0x00007f004d006000)
 Metaspace       used 24985K, capacity 25427K, committed 25600K, reserved 26624K
}
Event: 25746.479 GC heap after
{Heap after GC invocations=25127 (full 4):
 def new generation   total 2884992K, used 15831K [0x00007ef970600000, 0x00007efa34060000, 0x00007efec5b50000)
  eden space 2564480K,   0% used [0x00007ef970600000, 0x00007ef970600000, 0x00007efa0ce60000)
  from space 320512K,   4% used [0x00007efa20760000, 0x00007efa216d5f50, 0x00007efa34060000)
  to   space 320512K,   0% used [0x00007efa0ce60000, 0x00007efa0ce60000, 0x00007efa20760000)
 tenured generation   total 6410968K, used 6405389K [0x00007efec5b50000, 0x00007f004d006000, 0x00007f0970600000)
   the space 6410968K,  99% used [0x00007efec5b50000, 0x00007f004ca93738, 0x00007f004ca93800, 0x00007f004d006000)
 Metaspace       used 24985K, capacity 25427K, committed 25600K, reserved 26624K
}
Event: 25748.902 GC heap before
{Heap before GC invocations=25127 (full 4):
 def new generation   total 2884992K, used 2580311K [0x00007ef970600000, 0x00007efa34060000, 0x00007efec5b50000)
  eden space 2564480K, 100% used [0x00007ef970600000, 0x00007efa0ce60000, 0x00007efa0ce60000)
  from space 320512K,   4% used [0x00007efa20760000, 0x00007efa216d5f50, 0x00007efa34060000)
  to   space 320512K,   0% used [0x00007efa0ce60000, 0x00007efa0ce60000, 0x00007efa20760000)
 tenured generation   total 6410968K, used 6405389K [0x00007efec5b50000, 0x00007f004d006000, 0x00007f0970600000)
   the space 6410968K,  99% used [0x00007efec5b50000, 0x00007f004ca93738, 0x00007f004ca93800, 0x00007f004d006000)
 Metaspace       used 24985K, capacity 25427K, committed 25600K, reserved 26624K
}
Event: 25748.942 GC heap after
{Heap after GC invocations=25128 (full 4):
 def new generation   total 2884992K, used 15834K [0x00007ef970600000, 0x00007efa34060000, 0x00007efec5b50000)
  eden space 2564480K,   0% used [0x00007ef970600000, 0x00007ef970600000, 0x00007efa0ce60000)
  from space 320512K,   4% used [0x00007efa0ce60000, 0x00007efa0ddd6888, 0x00007efa20760000)
  to   space 320512K,   0% used [0x00007efa20760000, 0x00007efa20760000, 0x00007efa34060000)
 tenured generation   total 6410968K, used 6406448K [0x00007efec5b50000, 0x00007f004d006000, 0x00007f0970600000)
   the space 6410968K,  99% used [0x00007efec5b50000, 0x00007f004cb9c058, 0x00007f004cb9c200, 0x00007f004d006000)
 Metaspace       used 24985K, capacity 25427K, committed 25600K, reserved 26624K
}
Event: 25751.421 GC heap before
{Heap before GC invocations=25128 (full 4):
 def new generation   total 2884992K, used 2580314K [0x00007ef970600000, 0x00007efa34060000, 0x00007efec5b50000)
  eden space 2564480K, 100% used [0x00007ef970600000, 0x00007efa0ce60000, 0x00007efa0ce60000)
  from space 320512K,   4% used [0x00007efa0ce60000, 0x00007efa0ddd6888, 0x00007efa20760000)
  to   space 320512K,   0% used [0x00007efa20760000, 0x00007efa20760000, 0x00007efa34060000)
 tenured generation   total 6410968K, used 6406448K [0x00007efec5b50000, 0x00007f004d006000, 0x00007f0970600000)
   the space 6410968K,  99% used [0x00007efec5b50000, 0x00007f004cb9c058, 0x00007f004cb9c200, 0x00007f004d006000)
 Metaspace       used 24985K, capacity 25427K, committed 25600K, reserved 26624K
}
Event: 25751.463 GC heap after
{Heap after GC invocations=25129 (full 4):
 def new generation   total 2884992K, used 15831K [0x00007ef970600000, 0x00007efa34060000, 0x00007efec5b50000)
  eden space 2564480K,   0% used [0x00007ef970600000, 0x00007ef970600000, 0x00007efa0ce60000)
  from space 320512K,   4% used [0x00007efa20760000, 0x00007efa216d5ec0, 0x00007efa34060000)
  to   space 320512K,   0% used [0x00007efa0ce60000, 0x00007efa0ce60000, 0x00007efa20760000)
 tenured generation   total 6410968K, used 6407510K [0x00007efec5b50000, 0x00007f004d006000, 0x00007f0970600000)
   the space 6410968K,  99% used [0x00007efec5b50000, 0x00007f004cca5bd8, 0x00007f004cca5c00, 0x00007f004d006000)
 Metaspace       used 24985K, capacity 25427K, committed 25600K, reserved 26624K
}
Event: 25753.904 GC heap before
{Heap before GC invocations=25129 (full 4):
 def new generation   total 2884992K, used 2580311K [0x00007ef970600000, 0x00007efa34060000, 0x00007efec5b50000)
  eden space 2564480K, 100% used [0x00007ef970600000, 0x00007efa0ce60000, 0x00007efa0ce60000)
  from space 320512K,   4% used [0x00007efa20760000, 0x00007efa216d5ec0, 0x00007efa34060000)
  to   space 320512K,   0% used [0x00007efa0ce60000, 0x00007efa0ce60000, 0x00007efa20760000)
 tenured generation   total 6410968K, used 6407510K [0x00007efec5b50000, 0x00007f004d006000, 0x00007f0970600000)
   the space 6410968K,  99% used [0x00007efec5b50000, 0x00007f004cca5bd8, 0x00007f004cca5c00, 0x00007f004d006000)
 Metaspace       used 24985K, capacity 25427K, committed 25600K, reserved 26624K
}
Event: 25753.945 GC heap after
{Heap after GC invocations=25130 (full 4):
 def new generation   total 2884992K, used 15838K [0x00007ef970600000, 0x00007efa34060000, 0x00007efec5b50000)
  eden space 2564480K,   0% used [0x00007ef970600000, 0x00007ef970600000, 0x00007efa0ce60000)
  from space 320512K,   4% used [0x00007efa0ce60000, 0x00007efa0ddd7b20, 0x00007efa20760000)
  to   space 320512K,   0% used [0x00007efa20760000, 0x00007efa20760000, 0x00007efa34060000)
 tenured generation   total 6410968K, used 6408589K [0x00007efec5b50000, 0x00007f004d006000, 0x00007f0970600000)
   the space 6410968K,  99% used [0x00007efec5b50000, 0x00007f004cdb3540, 0x00007f004cdb3600, 0x00007f004d006000)
 Metaspace       used 24985K, capacity 25427K, committed 25600K, reserved 26624K
}
Event: 25756.393 GC heap before
{Heap before GC invocations=25130 (full 4):
 def new generation   total 2884992K, used 2580318K [0x00007ef970600000, 0x00007efa34060000, 0x00007efec5b50000)
  eden space 2564480K, 100% used [0x00007ef970600000, 0x00007efa0ce60000, 0x00007efa0ce60000)
  from space 320512K,   4% used [0x00007efa0ce60000, 0x00007efa0ddd7b20, 0x00007efa20760000)
  to   space 320512K,   0% used [0x00007efa20760000, 0x00007efa20760000, 0x00007efa34060000)
 tenured generation   total 6410968K, used 6408589K [0x00007efec5b50000, 0x00007f004d006000, 0x00007f0970600000)
   the space 6410968K,  99% used [0x00007efec5b50000, 0x00007f004cdb3540, 0x00007f004cdb3600, 0x00007f004d006000)
 Metaspace       used 24985K, capacity 25427K, committed 25600K, reserved 26624K
}
Event: 25756.430 GC heap after
{Heap after GC invocations=25131 (full 4):
 def new generation   total 2884992K, used 15938K [0x00007ef970600000, 0x00007efa34060000, 0x00007efec5b50000)
  eden space 2564480K,   0% used [0x00007ef970600000, 0x00007ef970600000, 0x00007efa0ce60000)
  from space 320512K,   4% used [0x00007efa20760000, 0x00007efa216f0ab0, 0x00007efa34060000)
  to   space 320512K,   0% used [0x00007efa0ce60000, 0x00007efa0ce60000, 0x00007efa20760000)
 tenured generation   total 6410968K, used 6409546K [0x00007efec5b50000, 0x00007f004d006000, 0x00007f0970600000)
   the space 6410968K,  99% used [0x00007efec5b50000, 0x00007f004cea2878, 0x00007f004cea2a00, 0x00007f004d006000)
 Metaspace       used 24985K, capacity 25427K, committed 25600K, reserved 26624K
}
Event: 25758.883 GC heap before
{Heap before GC invocations=25131 (full 4):
 def new generation   total 2884992K, used 2580418K [0x00007ef970600000, 0x00007efa34060000, 0x00007efec5b50000)
  eden space 2564480K, 100% used [0x00007ef970600000, 0x00007efa0ce60000, 0x00007efa0ce60000)
  from space 320512K,   4% used [0x00007efa20760000, 0x00007efa216f0ab0, 0x00007efa34060000)
  to   space 320512K,   0% used [0x00007efa0ce60000, 0x00007efa0ce60000, 0x00007efa20760000)
 tenured generation   total 6410968K, used 6409546K [0x00007efec5b50000, 0x00007f004d006000, 0x00007f0970600000)
   the space 6410968K,  99% used [0x00007efec5b50000, 0x00007f004cea2878, 0x00007f004cea2a00, 0x00007f004d006000)
 Metaspace       used 24985K, capacity 25427K, committed 25600K, reserved 26624K
}
Event: 25758.921 GC heap after
{Heap after GC invocations=25132 (full 4):
 def new generation   total 2884992K, used 15945K [0x00007ef970600000, 0x00007efa34060000, 0x00007efec5b50000)
  eden space 2564480K,   0% used [0x00007ef970600000, 0x00007ef970600000, 0x00007efa0ce60000)
  from space 320512K,   4% used [0x00007efa0ce60000, 0x00007efa0ddf2708, 0x00007efa20760000)
  to   space 320512K,   0% used [0x00007efa20760000, 0x00007efa20760000, 0x00007efa34060000)
 tenured generation   total 6410968K, used 6410603K [0x00007efec5b50000, 0x00007f004d006000, 0x00007f0970600000)
   the space 6410968K,  99% used [0x00007efec5b50000, 0x00007f004cfaaf98, 0x00007f004cfab000, 0x00007f004d006000)
 Metaspace       used 24985K, capacity 25427K, committed 25600K, reserved 26624K
}
Event: 25761.351 GC heap before
{Heap before GC invocations=25132 (full 4):
 def new generation   total 2884992K, used 2580425K [0x00007ef970600000, 0x00007efa34060000, 0x00007efec5b50000)
  eden space 2564480K, 100% used [0x00007ef970600000, 0x00007efa0ce60000, 0x00007efa0ce60000)
  from space 320512K,   4% used [0x00007efa0ce60000, 0x00007efa0ddf2708, 0x00007efa20760000)
  to   space 320512K,   0% used [0x00007efa20760000, 0x00007efa20760000, 0x00007efa34060000)
 tenured generation   total 6410968K, used 6410603K [0x00007efec5b50000, 0x00007f004d006000, 0x00007f0970600000)
   the space 6410968K,  99% used [0x00007efec5b50000, 0x00007f004cfaaf98, 0x00007f004cfab000, 0x00007f004d006000)
 Metaspace       used 24985K, capacity 25427K, committed 25600K, reserved 26624K
}
Event: 25761.395 GC heap after
{Heap after GC invocations=25133 (full 4):
 def new generation   total 2884992K, used 15952K [0x00007ef970600000, 0x00007efa34060000, 0x00007efec5b50000)
  eden space 2564480K,   0% used [0x00007ef970600000, 0x00007ef970600000, 0x00007efa0ce60000)
  from space 320512K,   4% used [0x00007efa20760000, 0x00007efa216f43e0, 0x00007efa34060000)
  to   space 320512K,   0% used [0x00007efa0ce60000, 0x00007efa0ce60000, 0x00007efa20760000)
 tenured generation   total 6411736K, used 6411662K [0x00007efec5b50000, 0x00007f004d0c6000, 0x00007f0970600000)
   the space 6411736K,  99% used [0x00007efec5b50000, 0x00007f004d0b38b8, 0x00007f004d0b3a00, 0x00007f004d0c6000)
 Metaspace       used 24985K, capacity 25427K, committed 25600K, reserved 26624K
}
Event: 25761.395 GC heap before
{Heap before GC invocations=25133 (full 4):
 def new generation   total 2884992K, used 15952K [0x00007ef970600000, 0x00007efa34060000, 0x00007efec5b50000)
  eden space 2564480K,   0% used [0x00007ef970600000, 0x00007ef970600000, 0x00007efa0ce60000)
  from space 320512K,   4% used [0x00007efa20760000, 0x00007efa216f43e0, 0x00007efa34060000)
  to   space 320512K,   0% used [0x00007efa0ce60000, 0x00007efa0ce60000, 0x00007efa20760000)
 tenured generation   total 6411736K, used 6411662K [0x00007efec5b50000, 0x00007f004d0c6000, 0x00007f0970600000)
   the space 6411736K,  99% used [0x00007efec5b50000, 0x00007f004d0b38b8, 0x00007f004d0b3a00, 0x00007f004d0c6000)
 Metaspace       used 24985K, capacity 25427K, committed 25600K, reserved 26624K
}

