# JRE version: OpenJDK Runtime Environment (13.0.7+5) (build 13.0.7+5-Ubuntu-0ubuntu120.04)
# Java VM: OpenJDK 64-Bit Server VM (13.0.7+5-Ubuntu-0ubuntu120.04, mixed mode, tiered, serial gc, linux-amd64)
Heap:
 def new generation   total 2890048K, used 3025K [0x00007f5e38600000, 0x00007f5efc5e0000, 0x00007f638db50000)
  eden space 2568960K,   0% used [0x00007f5e38600000, 0x00007f5e388f4470, 0x00007f5ed52c0000)
  from space 321088K,   0% used [0x00007f5ee8c50000, 0x00007f5ee8c50000, 0x00007f5efc5e0000)
  to   space 321088K,   0% used [0x00007f5ed52c0000, 0x00007f5ed52c0000, 0x00007f5ee8c50000)
 tenured generation   total 6422524K, used 6422523K [0x00007f638db50000, 0x00007f6515b4f000, 0x00007f6e38600000)
   the space 6422524K,  99% used [0x00007f638db50000, 0x00007f6515b4efa0, 0x00007f6515b4f000, 0x00007f6515b4f000)
 Metaspace       used 25078K, capacity 25565K, committed 25600K, reserved 26624K
GC Heap History (20 events):
Event: 22726.303 GC heap after
{Heap after GC invocations=29217 (full 4):
 def new generation   total 2890048K, used 3281K [0x00007f5e38600000, 0x00007f5efc5e0000, 0x00007f638db50000)
  eden space 2568960K,   0% used [0x00007f5e38600000, 0x00007f5e38600000, 0x00007f5ed52c0000)
  from space 321088K,   1% used [0x00007f5ed52c0000, 0x00007f5ed55f45b0, 0x00007f5ee8c50000)
  to   space 321088K,   0% used [0x00007f5ee8c50000, 0x00007f5ee8c50000, 0x00007f5efc5e0000)
 tenured generation   total 6422140K, used 6420494K [0x00007f638db50000, 0x00007f6515aef000, 0x00007f6e38600000)
   the space 6422140K,  99% used [0x00007f638db50000, 0x00007f65159538e0, 0x00007f6515953a00, 0x00007f6515aef000)
 Metaspace       used 25078K, capacity 25565K, committed 25600K, reserved 26624K
}
Event: 22727.895 GC heap before
{Heap before GC invocations=29217 (full 4):
 def new generation   total 2890048K, used 2572241K [0x00007f5e38600000, 0x00007f5efc5e0000, 0x00007f638db50000)
  eden space 2568960K, 100% used [0x00007f5e38600000, 0x00007f5ed52c0000, 0x00007f5ed52c0000)
  from space 321088K,   1% used [0x00007f5ed52c0000, 0x00007f5ed55f45b0, 0x00007f5ee8c50000)
  to   space 321088K,   0% used [0x00007f5ee8c50000, 0x00007f5ee8c50000, 0x00007f5efc5e0000)
 tenured generation   total 6422140K, used 6420494K [0x00007f638db50000, 0x00007f6515aef000, 0x00007f6e38600000)
   the space 6422140K,  99% used [0x00007f638db50000, 0x00007f65159538e0, 0x00007f6515953a00, 0x00007f6515aef000)
 Metaspace       used 25078K, capacity 25565K, committed 25600K, reserved 26624K
}
Event: 22727.902 GC heap after
{Heap after GC invocations=29218 (full 4):
 def new generation   total 2890048K, used 3253K [0x00007f5e38600000, 0x00007f5efc5e0000, 0x00007f638db50000)
  eden space 2568960K,   0% used [0x00007f5e38600000, 0x00007f5e38600000, 0x00007f5ed52c0000)
  from space 321088K,   1% used [0x00007f5ee8c50000, 0x00007f5ee8f7d668, 0x00007f5efc5e0000)
  to   space 321088K,   0% used [0x00007f5ed52c0000, 0x00007f5ed52c0000, 0x00007f5ee8c50000)
 tenured generation   total 6422140K, used 6420680K [0x00007f638db50000, 0x00007f6515aef000, 0x00007f6e38600000)
   the space 6422140K,  99% used [0x00007f638db50000, 0x00007f65159823e8, 0x00007f6515982400, 0x00007f6515aef000)
 Metaspace       used 25078K, capacity 25565K, committed 25600K, reserved 26624K
}
Event: 22729.491 GC heap before
{Heap before GC invocations=29218 (full 4):
 def new generation   total 2890048K, used 2572213K [0x00007f5e38600000, 0x00007f5efc5e0000, 0x00007f638db50000)
  eden space 2568960K, 100% used [0x00007f5e38600000, 0x00007f5ed52c0000, 0x00007f5ed52c0000)
  from space 321088K,   1% used [0x00007f5ee8c50000, 0x00007f5ee8f7d668, 0x00007f5efc5e0000)
  to   space 321088K,   0% used [0x00007f5ed52c0000, 0x00007f5ed52c0000, 0x00007f5ee8c50000)
 tenured generation   total 6422140K, used 6420680K [0x00007f638db50000, 0x00007f6515aef000, 0x00007f6e38600000)
   the space 6422140K,  99% used [0x00007f638db50000, 0x00007f65159823e8, 0x00007f6515982400, 0x00007f6515aef000)
 Metaspace       used 25078K, capacity 25565K, committed 25600K, reserved 26624K
}
Event: 22729.497 GC heap after
{Heap after GC invocations=29219 (full 4):
 def new generation   total 2890048K, used 3216K [0x00007f5e38600000, 0x00007f5efc5e0000, 0x00007f638db50000)
  eden space 2568960K,   0% used [0x00007f5e38600000, 0x00007f5e38600000, 0x00007f5ed52c0000)
  from space 321088K,   1% used [0x00007f5ed52c0000, 0x00007f5ed55e43e8, 0x00007f5ee8c50000)
  to   space 321088K,   0% used [0x00007f5ee8c50000, 0x00007f5ee8c50000, 0x00007f5efc5e0000)
 tenured generation   total 6422140K, used 6420894K [0x00007f638db50000, 0x00007f6515aef000, 0x00007f6e38600000)
   the space 6422140K,  99% used [0x00007f638db50000, 0x00007f65159b79a8, 0x00007f65159b7a00, 0x00007f6515aef000)
 Metaspace       used 25078K, capacity 25565K, committed 25600K, reserved 26624K
}
Event: 22731.072 GC heap before
{Heap before GC invocations=29219 (full 4):
 def new generation   total 2890048K, used 2572176K [0x00007f5e38600000, 0x00007f5efc5e0000, 0x00007f638db50000)
  eden space 2568960K, 100% used [0x00007f5e38600000, 0x00007f5ed52c0000, 0x00007f5ed52c0000)
  from space 321088K,   1% used [0x00007f5ed52c0000, 0x00007f5ed55e43e8, 0x00007f5ee8c50000)
  to   space 321088K,   0% used [0x00007f5ee8c50000, 0x00007f5ee8c50000, 0x00007f5efc5e0000)
 tenured generation   total 6422140K, used 6420894K [0x00007f638db50000, 0x00007f6515aef000, 0x00007f6e38600000)
   the space 6422140K,  99% used [0x00007f638db50000, 0x00007f65159b79a8, 0x00007f65159b7a00, 0x00007f6515aef000)
 Metaspace       used 25078K, capacity 25565K, committed 25600K, reserved 26624K
}
Event: 22731.078 GC heap after
{Heap after GC invocations=29220 (full 4):
 def new generation   total 2890048K, used 3157K [0x00007f5e38600000, 0x00007f5efc5e0000, 0x00007f638db50000)
  eden space 2568960K,   0% used [0x00007f5e38600000, 0x00007f5e38600000, 0x00007f5ed52c0000)
  from space 321088K,   0% used [0x00007f5ee8c50000, 0x00007f5ee8f654a0, 0x00007f5efc5e0000)
  to   space 321088K,   0% used [0x00007f5ed52c0000, 0x00007f5ed52c0000, 0x00007f5ee8c50000)
 tenured generation   total 6422140K, used 6421107K [0x00007f638db50000, 0x00007f6515aef000, 0x00007f6e38600000)
   the space 6422140K,  99% used [0x00007f638db50000, 0x00007f65159ecf68, 0x00007f65159ed000, 0x00007f6515aef000)
 Metaspace       used 25078K, capacity 25565K, committed 25600K, reserved 26624K
}
Event: 22732.648 GC heap before
{Heap before GC invocations=29220 (full 4):
 def new generation   total 2890048K, used 2572117K [0x00007f5e38600000, 0x00007f5efc5e0000, 0x00007f638db50000)
  eden space 2568960K, 100% used [0x00007f5e38600000, 0x00007f5ed52c0000, 0x00007f5ed52c0000)
  from space 321088K,   0% used [0x00007f5ee8c50000, 0x00007f5ee8f654a0, 0x00007f5efc5e0000)
  to   space 321088K,   0% used [0x00007f5ed52c0000, 0x00007f5ed52c0000, 0x00007f5ee8c50000)
 tenured generation   total 6422140K, used 6421107K [0x00007f638db50000, 0x00007f6515aef000, 0x00007f6e38600000)
   the space 6422140K,  99% used [0x00007f638db50000, 0x00007f65159ecf68, 0x00007f65159ed000, 0x00007f6515aef000)
 Metaspace       used 25078K, capacity 25565K, committed 25600K, reserved 26624K
}
Event: 22732.655 GC heap after
{Heap after GC invocations=29221 (full 4):
 def new generation   total 2890048K, used 3269K [0x00007f5e38600000, 0x00007f5efc5e0000, 0x00007f638db50000)
  eden space 2568960K,   0% used [0x00007f5e38600000, 0x00007f5e38600000, 0x00007f5ed52c0000)
  from space 321088K,   1% used [0x00007f5ed52c0000, 0x00007f5ed55f17d8, 0x00007f5ee8c50000)
  to   space 321088K,   0% used [0x00007f5ee8c50000, 0x00007f5ee8c50000, 0x00007f5efc5e0000)
 tenured generation   total 6422140K, used 6421321K [0x00007f638db50000, 0x00007f6515aef000, 0x00007f6e38600000)
   the space 6422140K,  99% used [0x00007f638db50000, 0x00007f6515a22528, 0x00007f6515a22600, 0x00007f6515aef000)
 Metaspace       used 25078K, capacity 25565K, committed 25600K, reserved 26624K
}
Event: 22734.228 GC heap before
{Heap before GC invocations=29221 (full 4):
 def new generation   total 2890048K, used 2572229K [0x00007f5e38600000, 0x00007f5efc5e0000, 0x00007f638db50000)
  eden space 2568960K, 100% used [0x00007f5e38600000, 0x00007f5ed52c0000, 0x00007f5ed52c0000)
  from space 321088K,   1% used [0x00007f5ed52c0000, 0x00007f5ed55f17d8, 0x00007f5ee8c50000)
  to   space 321088K,   0% used [0x00007f5ee8c50000, 0x00007f5ee8c50000, 0x00007f5efc5e0000)
 tenured generation   total 6422140K, used 6421321K [0x00007f638db50000, 0x00007f6515aef000, 0x00007f6e38600000)
   the space 6422140K,  99% used [0x00007f638db50000, 0x00007f6515a22528, 0x00007f6515a22600, 0x00007f6515aef000)
 Metaspace       used 25078K, capacity 25565K, committed 25600K, reserved 26624K
}
Event: 22734.238 GC heap after
{Heap after GC invocations=29222 (full 4):
 def new generation   total 2890048K, used 3226K [0x00007f5e38600000, 0x00007f5efc5e0000, 0x00007f638db50000)
  eden space 2568960K,   0% used [0x00007f5e38600000, 0x00007f5e38600000, 0x00007f5ed52c0000)
  from space 321088K,   1% used [0x00007f5ee8c50000, 0x00007f5ee8f769c0, 0x00007f5efc5e0000)
  to   space 321088K,   0% used [0x00007f5ed52c0000, 0x00007f5ed52c0000, 0x00007f5ee8c50000)
 tenured generation   total 6422140K, used 6421508K [0x00007f638db50000, 0x00007f6515aef000, 0x00007f6e38600000)
   the space 6422140K,  99% used [0x00007f638db50000, 0x00007f6515a51030, 0x00007f6515a51200, 0x00007f6515aef000)
 Metaspace       used 25078K, capacity 25565K, committed 25600K, reserved 26624K
}
Event: 22735.810 GC heap before
{Heap before GC invocations=29222 (full 4):
 def new generation   total 2890048K, used 2572186K [0x00007f5e38600000, 0x00007f5efc5e0000, 0x00007f638db50000)
  eden space 2568960K, 100% used [0x00007f5e38600000, 0x00007f5ed52c0000, 0x00007f5ed52c0000)
  from space 321088K,   1% used [0x00007f5ee8c50000, 0x00007f5ee8f769c0, 0x00007f5efc5e0000)
  to   space 321088K,   0% used [0x00007f5ed52c0000, 0x00007f5ed52c0000, 0x00007f5ee8c50000)
 tenured generation   total 6422140K, used 6421508K [0x00007f638db50000, 0x00007f6515aef000, 0x00007f6e38600000)
   the space 6422140K,  99% used [0x00007f638db50000, 0x00007f6515a51030, 0x00007f6515a51200, 0x00007f6515aef000)
 Metaspace       used 25078K, capacity 25565K, committed 25600K, reserved 26624K
}
Event: 22735.817 GC heap after
{Heap after GC invocations=29223 (full 4):
 def new generation   total 2890048K, used 3175K [0x00007f5e38600000, 0x00007f5efc5e0000, 0x00007f638db50000)
  eden space 2568960K,   0% used [0x00007f5e38600000, 0x00007f5e38600000, 0x00007f5ed52c0000)
  from space 321088K,   0% used [0x00007f5ed52c0000, 0x00007f5ed55d9f90, 0x00007f5ee8c50000)
  to   space 321088K,   0% used [0x00007f5ee8c50000, 0x00007f5ee8c50000, 0x00007f5efc5e0000)
 tenured generation   total 6422140K, used 6421721K [0x00007f638db50000, 0x00007f6515aef000, 0x00007f6e38600000)
   the space 6422140K,  99% used [0x00007f638db50000, 0x00007f6515a865f0, 0x00007f6515a86600, 0x00007f6515aef000)
 Metaspace       used 25078K, capacity 25565K, committed 25600K, reserved 26624K
}
Event: 22737.389 GC heap before
{Heap before GC invocations=29223 (full 4):
 def new generation   total 2890048K, used 2572135K [0x00007f5e38600000, 0x00007f5efc5e0000, 0x00007f638db50000)
  eden space 2568960K, 100% used [0x00007f5e38600000, 0x00007f5ed52c0000, 0x00007f5ed52c0000)
  from space 321088K,   0% used [0x00007f5ed52c0000, 0x00007f5ed55d9f90, 0x00007f5ee8c50000)
  to   space 321088K,   0% used [0x00007f5ee8c50000, 0x00007f5ee8c50000, 0x00007f5efc5e0000)
 tenured generation   total 6422140K, used 6421721K [0x00007f638db50000, 0x00007f6515aef000, 0x00007f6e38600000)
   the space 6422140K,  99% used [0x00007f638db50000, 0x00007f6515a865f0, 0x00007f6515a86600, 0x00007f6515aef000)
 Metaspace       used 25078K, capacity 25565K, committed 25600K, reserved 26624K
}
Event: 22737.397 GC heap after
{Heap after GC invocations=29224 (full 4):
 def new generation   total 2890048K, used 3300K [0x00007f5e38600000, 0x00007f5efc5e0000, 0x00007f638db50000)
  eden space 2568960K,   0% used [0x00007f5e38600000, 0x00007f5e38600000, 0x00007f5ed52c0000)
  from space 321088K,   1% used [0x00007f5ee8c50000, 0x00007f5ee8f892a8, 0x00007f5efc5e0000)
  to   space 321088K,   0% used [0x00007f5ed52c0000, 0x00007f5ed52c0000, 0x00007f5ee8c50000)
 tenured generation   total 6422140K, used 6421934K [0x00007f638db50000, 0x00007f6515aef000, 0x00007f6e38600000)
   the space 6422140K,  99% used [0x00007f638db50000, 0x00007f6515abbbb0, 0x00007f6515abbc00, 0x00007f6515aef000)
 Metaspace       used 25078K, capacity 25565K, committed 25600K, reserved 26624K
}
Event: 22739.002 GC heap before
{Heap before GC invocations=29224 (full 4):
 def new generation   total 2890048K, used 2572260K [0x00007f5e38600000, 0x00007f5efc5e0000, 0x00007f638db50000)
  eden space 2568960K, 100% used [0x00007f5e38600000, 0x00007f5ed52c0000, 0x00007f5ed52c0000)
  from space 321088K,   1% used [0x00007f5ee8c50000, 0x00007f5ee8f892a8, 0x00007f5efc5e0000)
  to   space 321088K,   0% used [0x00007f5ed52c0000, 0x00007f5ed52c0000, 0x00007f5ee8c50000)
 tenured generation   total 6422140K, used 6421934K [0x00007f638db50000, 0x00007f6515aef000, 0x00007f6e38600000)
   the space 6422140K,  99% used [0x00007f638db50000, 0x00007f6515abbbb0, 0x00007f6515abbc00, 0x00007f6515aef000)
 Metaspace       used 25078K, capacity 25565K, committed 25600K, reserved 26624K
}
Event: 22739.008 GC heap after
{Heap after GC invocations=29225 (full 4):
 def new generation   total 2890048K, used 3260K [0x00007f5e38600000, 0x00007f5efc5e0000, 0x00007f638db50000)
  eden space 2568960K,   0% used [0x00007f5e38600000, 0x00007f5e38600000, 0x00007f5ed52c0000)
  from space 321088K,   1% used [0x00007f5ed52c0000, 0x00007f5ed55ef090, 0x00007f5ee8c50000)
  to   space 321088K,   0% used [0x00007f5ee8c50000, 0x00007f5ee8c50000, 0x00007f5efc5e0000)
 tenured generation   total 6422140K, used 6422121K [0x00007f638db50000, 0x00007f6515aef000, 0x00007f6e38600000)
   the space 6422140K,  99% used [0x00007f638db50000, 0x00007f6515aea6b8, 0x00007f6515aea800, 0x00007f6515aef000)
 Metaspace       used 25078K, capacity 25565K, committed 25600K, reserved 26624K
}
Event: 22740.651 GC heap before
{Heap before GC invocations=29225 (full 4):
 def new generation   total 2890048K, used 2572220K [0x00007f5e38600000, 0x00007f5efc5e0000, 0x00007f638db50000)
  eden space 2568960K, 100% used [0x00007f5e38600000, 0x00007f5ed52c0000, 0x00007f5ed52c0000)
  from space 321088K,   1% used [0x00007f5ed52c0000, 0x00007f5ed55ef090, 0x00007f5ee8c50000)
  to   space 321088K,   0% used [0x00007f5ee8c50000, 0x00007f5ee8c50000, 0x00007f5efc5e0000)
 tenured generation   total 6422140K, used 6422121K [0x00007f638db50000, 0x00007f6515aef000, 0x00007f6e38600000)
   the space 6422140K,  99% used [0x00007f638db50000, 0x00007f6515aea6b8, 0x00007f6515aea800, 0x00007f6515aef000)
 Metaspace       used 25078K, capacity 25565K, committed 25600K, reserved 26624K
}
Event: 22740.660 GC heap after
{Heap after GC invocations=29226 (full 4):
 def new generation   total 2890048K, used 3213K [0x00007f5e38600000, 0x00007f5efc5e0000, 0x00007f638db50000)
  eden space 2568960K,   0% used [0x00007f5e38600000, 0x00007f5e38600000, 0x00007f5ed52c0000)
  from space 321088K,   1% used [0x00007f5ee8c50000, 0x00007f5ee8f73798, 0x00007f5efc5e0000)
  to   space 321088K,   0% used [0x00007f5ed52c0000, 0x00007f5ed52c0000, 0x00007f5ee8c50000)
 tenured generation   total 6422524K, used 6422335K [0x00007f638db50000, 0x00007f6515b4f000, 0x00007f6e38600000)
   the space 6422524K,  99% used [0x00007f638db50000, 0x00007f6515b1fc78, 0x00007f6515b1fe00, 0x00007f6515b4f000)
 Metaspace       used 25078K, capacity 25565K, committed 25600K, reserved 26624K
}
Event: 22740.660 GC heap before
{Heap before GC invocations=29226 (full 4):
 def new generation   total 2890048K, used 3213K [0x00007f5e38600000, 0x00007f5efc5e0000, 0x00007f638db50000)
  eden space 2568960K,   0% used [0x00007f5e38600000, 0x00007f5e38600000, 0x00007f5ed52c0000)
  from space 321088K,   1% used [0x00007f5ee8c50000, 0x00007f5ee8f73798, 0x00007f5efc5e0000)
  to   space 321088K,   0% used [0x00007f5ed52c0000, 0x00007f5ed52c0000, 0x00007f5ee8c50000)
 tenured generation   total 6422524K, used 6422335K [0x00007f638db50000, 0x00007f6515b4f000, 0x00007f6e38600000)
   the space 6422524K,  99% used [0x00007f638db50000, 0x00007f6515b1fc78, 0x00007f6515b1fe00, 0x00007f6515b4f000)
 Metaspace       used 25078K, capacity 25565K, committed 25600K, reserved 26624K
}

