# JRE version: OpenJDK Runtime Environment (13.0.7+5) (build 13.0.7+5-Ubuntu-0ubuntu120.04)
# Java VM: OpenJDK 64-Bit Server VM (13.0.7+5-Ubuntu-0ubuntu120.04, mixed mode, tiered, serial gc, linux-amd64)
Heap:
 def new generation   total 629248K, used 800K [0x00007fa1e0600000, 0x00007fa20b0c0000, 0x00007fa735b50000)
  eden space 559360K,   0% used [0x00007fa1e0600000, 0x00007fa1e06c8120, 0x00007fa202840000)
  from space 69888K,   0% used [0x00007fa202840000, 0x00007fa202840000, 0x00007fa206c80000)
  to   space 69888K,   0% used [0x00007fa206c80000, 0x00007fa206c80000, 0x00007fa20b0c0000)
 tenured generation   total 1398144K, used 1398140K [0x00007fa735b50000, 0x00007fa78b0b0000, 0x00007fb1e0600000)
   the space 1398144K,  99% used [0x00007fa735b50000, 0x00007fa78b0af378, 0x00007fa78b0af400, 0x00007fa78b0b0000)
 Metaspace       used 24799K, capacity 25245K, committed 25344K, reserved 26624K
GC Heap History (20 events):
Event: 9369.992 GC heap after
{Heap after GC invocations=27962 (full 1):
 def new generation   total 629248K, used 874K [0x00007fa1e0600000, 0x00007fa20b0c0000, 0x00007fa735b50000)
  eden space 559360K,   0% used [0x00007fa1e0600000, 0x00007fa1e0600000, 0x00007fa202840000)
  from space 69888K,   1% used [0x00007fa206c80000, 0x00007fa206d5a8c0, 0x00007fa20b0c0000)
  to   space 69888K,   0% used [0x00007fa202840000, 0x00007fa202840000, 0x00007fa206c80000)
 tenured generation   total 1398144K, used 1397698K [0x00007fa735b50000, 0x00007fa78b0b0000, 0x00007fb1e0600000)
   the space 1398144K,  99% used [0x00007fa735b50000, 0x00007fa78b040b88, 0x00007fa78b040c00, 0x00007fa78b0b0000)
 Metaspace       used 24799K, capacity 25245K, committed 25344K, reserved 26624K
}
Event: 9370.272 GC heap before
{Heap before GC invocations=27962 (full 1):
 def new generation   total 629248K, used 560234K [0x00007fa1e0600000, 0x00007fa20b0c0000, 0x00007fa735b50000)
  eden space 559360K, 100% used [0x00007fa1e0600000, 0x00007fa202840000, 0x00007fa202840000)
  from space 69888K,   1% used [0x00007fa206c80000, 0x00007fa206d5a8c0, 0x00007fa20b0c0000)
  to   space 69888K,   0% used [0x00007fa202840000, 0x00007fa202840000, 0x00007fa206c80000)
 tenured generation   total 1398144K, used 1397698K [0x00007fa735b50000, 0x00007fa78b0b0000, 0x00007fb1e0600000)
   the space 1398144K,  99% used [0x00007fa735b50000, 0x00007fa78b040b88, 0x00007fa78b040c00, 0x00007fa78b0b0000)
 Metaspace       used 24799K, capacity 25245K, committed 25344K, reserved 26624K
}
Event: 9370.274 GC heap after
{Heap after GC invocations=27963 (full 1):
 def new generation   total 629248K, used 945K [0x00007fa1e0600000, 0x00007fa20b0c0000, 0x00007fa735b50000)
  eden space 559360K,   0% used [0x00007fa1e0600000, 0x00007fa1e0600000, 0x00007fa202840000)
  from space 69888K,   1% used [0x00007fa202840000, 0x00007fa20292c510, 0x00007fa206c80000)
  to   space 69888K,   0% used [0x00007fa206c80000, 0x00007fa206c80000, 0x00007fa20b0c0000)
 tenured generation   total 1398144K, used 1397732K [0x00007fa735b50000, 0x00007fa78b0b0000, 0x00007fb1e0600000)
   the space 1398144K,  99% used [0x00007fa735b50000, 0x00007fa78b049218, 0x00007fa78b049400, 0x00007fa78b0b0000)
 Metaspace       used 24799K, capacity 25245K, committed 25344K, reserved 26624K
}
Event: 9370.536 GC heap before
{Heap before GC invocations=27963 (full 1):
 def new generation   total 629248K, used 560305K [0x00007fa1e0600000, 0x00007fa20b0c0000, 0x00007fa735b50000)
  eden space 559360K, 100% used [0x00007fa1e0600000, 0x00007fa202840000, 0x00007fa202840000)
  from space 69888K,   1% used [0x00007fa202840000, 0x00007fa20292c510, 0x00007fa206c80000)
  to   space 69888K,   0% used [0x00007fa206c80000, 0x00007fa206c80000, 0x00007fa20b0c0000)
 tenured generation   total 1398144K, used 1397732K [0x00007fa735b50000, 0x00007fa78b0b0000, 0x00007fb1e0600000)
   the space 1398144K,  99% used [0x00007fa735b50000, 0x00007fa78b049218, 0x00007fa78b049400, 0x00007fa78b0b0000)
 Metaspace       used 24799K, capacity 25245K, committed 25344K, reserved 26624K
}
Event: 9370.538 GC heap after
{Heap after GC invocations=27964 (full 1):
 def new generation   total 629248K, used 879K [0x00007fa1e0600000, 0x00007fa20b0c0000, 0x00007fa735b50000)
  eden space 559360K,   0% used [0x00007fa1e0600000, 0x00007fa1e0600000, 0x00007fa202840000)
  from space 69888K,   1% used [0x00007fa206c80000, 0x00007fa206d5bc28, 0x00007fa20b0c0000)
  to   space 69888K,   0% used [0x00007fa202840000, 0x00007fa202840000, 0x00007fa206c80000)
 tenured generation   total 1398144K, used 1397799K [0x00007fa735b50000, 0x00007fa78b0b0000, 0x00007fb1e0600000)
   the space 1398144K,  99% used [0x00007fa735b50000, 0x00007fa78b059f38, 0x00007fa78b05a000, 0x00007fa78b0b0000)
 Metaspace       used 24799K, capacity 25245K, committed 25344K, reserved 26624K
}
Event: 9370.806 GC heap before
{Heap before GC invocations=27964 (full 1):
 def new generation   total 629248K, used 560239K [0x00007fa1e0600000, 0x00007fa20b0c0000, 0x00007fa735b50000)
  eden space 559360K, 100% used [0x00007fa1e0600000, 0x00007fa202840000, 0x00007fa202840000)
  from space 69888K,   1% used [0x00007fa206c80000, 0x00007fa206d5bc28, 0x00007fa20b0c0000)
  to   space 69888K,   0% used [0x00007fa202840000, 0x00007fa202840000, 0x00007fa206c80000)
 tenured generation   total 1398144K, used 1397799K [0x00007fa735b50000, 0x00007fa78b0b0000, 0x00007fb1e0600000)
   the space 1398144K,  99% used [0x00007fa735b50000, 0x00007fa78b059f38, 0x00007fa78b05a000, 0x00007fa78b0b0000)
 Metaspace       used 24799K, capacity 25245K, committed 25344K, reserved 26624K
}
Event: 9370.808 GC heap after
{Heap after GC invocations=27965 (full 1):
 def new generation   total 629248K, used 847K [0x00007fa1e0600000, 0x00007fa20b0c0000, 0x00007fa735b50000)
  eden space 559360K,   0% used [0x00007fa1e0600000, 0x00007fa1e0600000, 0x00007fa202840000)
  from space 69888K,   1% used [0x00007fa202840000, 0x00007fa202913ef8, 0x00007fa206c80000)
  to   space 69888K,   0% used [0x00007fa206c80000, 0x00007fa206c80000, 0x00007fa20b0c0000)
 tenured generation   total 1398144K, used 1397833K [0x00007fa735b50000, 0x00007fa78b0b0000, 0x00007fb1e0600000)
   the space 1398144K,  99% used [0x00007fa735b50000, 0x00007fa78b0625c8, 0x00007fa78b062600, 0x00007fa78b0b0000)
 Metaspace       used 24799K, capacity 25245K, committed 25344K, reserved 26624K
}
Event: 9371.121 GC heap before
{Heap before GC invocations=27965 (full 1):
 def new generation   total 629248K, used 560207K [0x00007fa1e0600000, 0x00007fa20b0c0000, 0x00007fa735b50000)
  eden space 559360K, 100% used [0x00007fa1e0600000, 0x00007fa202840000, 0x00007fa202840000)
  from space 69888K,   1% used [0x00007fa202840000, 0x00007fa202913ef8, 0x00007fa206c80000)
  to   space 69888K,   0% used [0x00007fa206c80000, 0x00007fa206c80000, 0x00007fa20b0c0000)
 tenured generation   total 1398144K, used 1397833K [0x00007fa735b50000, 0x00007fa78b0b0000, 0x00007fb1e0600000)
   the space 1398144K,  99% used [0x00007fa735b50000, 0x00007fa78b0625c8, 0x00007fa78b062600, 0x00007fa78b0b0000)
 Metaspace       used 24799K, capacity 25245K, committed 25344K, reserved 26624K
}
Event: 9371.124 GC heap after
{Heap after GC invocations=27966 (full 1):
 def new generation   total 629248K, used 1056K [0x00007fa1e0600000, 0x00007fa20b0c0000, 0x00007fa735b50000)
  eden space 559360K,   0% used [0x00007fa1e0600000, 0x00007fa1e0600000, 0x00007fa202840000)
  from space 69888K,   1% used [0x00007fa206c80000, 0x00007fa206d88138, 0x00007fa20b0c0000)
  to   space 69888K,   0% used [0x00007fa202840000, 0x00007fa202840000, 0x00007fa206c80000)
 tenured generation   total 1398144K, used 1397867K [0x00007fa735b50000, 0x00007fa78b0b0000, 0x00007fb1e0600000)
   the space 1398144K,  99% used [0x00007fa735b50000, 0x00007fa78b06ac58, 0x00007fa78b06ae00, 0x00007fa78b0b0000)
 Metaspace       used 24799K, capacity 25245K, committed 25344K, reserved 26624K
}
Event: 9371.461 GC heap before
{Heap before GC invocations=27966 (full 1):
 def new generation   total 629248K, used 560416K [0x00007fa1e0600000, 0x00007fa20b0c0000, 0x00007fa735b50000)
  eden space 559360K, 100% used [0x00007fa1e0600000, 0x00007fa202840000, 0x00007fa202840000)
  from space 69888K,   1% used [0x00007fa206c80000, 0x00007fa206d88138, 0x00007fa20b0c0000)
  to   space 69888K,   0% used [0x00007fa202840000, 0x00007fa202840000, 0x00007fa206c80000)
 tenured generation   total 1398144K, used 1397867K [0x00007fa735b50000, 0x00007fa78b0b0000, 0x00007fb1e0600000)
   the space 1398144K,  99% used [0x00007fa735b50000, 0x00007fa78b06ac58, 0x00007fa78b06ae00, 0x00007fa78b0b0000)
 Metaspace       used 24799K, capacity 25245K, committed 25344K, reserved 26624K
}
Event: 9371.464 GC heap after
{Heap after GC invocations=27967 (full 1):
 def new generation   total 629248K, used 973K [0x00007fa1e0600000, 0x00007fa20b0c0000, 0x00007fa735b50000)
  eden space 559360K,   0% used [0x00007fa1e0600000, 0x00007fa1e0600000, 0x00007fa202840000)
  from space 69888K,   1% used [0x00007fa202840000, 0x00007fa2029336f0, 0x00007fa206c80000)
  to   space 69888K,   0% used [0x00007fa206c80000, 0x00007fa206c80000, 0x00007fa20b0c0000)
 tenured generation   total 1398144K, used 1397934K [0x00007fa735b50000, 0x00007fa78b0b0000, 0x00007fb1e0600000)
   the space 1398144K,  99% used [0x00007fa735b50000, 0x00007fa78b07b978, 0x00007fa78b07ba00, 0x00007fa78b0b0000)
 Metaspace       used 24799K, capacity 25245K, committed 25344K, reserved 26624K
}
Event: 9371.815 GC heap before
{Heap before GC invocations=27967 (full 1):
 def new generation   total 629248K, used 560333K [0x00007fa1e0600000, 0x00007fa20b0c0000, 0x00007fa735b50000)
  eden space 559360K, 100% used [0x00007fa1e0600000, 0x00007fa202840000, 0x00007fa202840000)
  from space 69888K,   1% used [0x00007fa202840000, 0x00007fa2029336f0, 0x00007fa206c80000)
  to   space 69888K,   0% used [0x00007fa206c80000, 0x00007fa206c80000, 0x00007fa20b0c0000)
 tenured generation   total 1398144K, used 1397934K [0x00007fa735b50000, 0x00007fa78b0b0000, 0x00007fb1e0600000)
   the space 1398144K,  99% used [0x00007fa735b50000, 0x00007fa78b07b978, 0x00007fa78b07ba00, 0x00007fa78b0b0000)
 Metaspace       used 24799K, capacity 25245K, committed 25344K, reserved 26624K
}
Event: 9371.818 GC heap after
{Heap after GC invocations=27968 (full 1):
 def new generation   total 629248K, used 1095K [0x00007fa1e0600000, 0x00007fa20b0c0000, 0x00007fa735b50000)
  eden space 559360K,   0% used [0x00007fa1e0600000, 0x00007fa1e0600000, 0x00007fa202840000)
  from space 69888K,   1% used [0x00007fa206c80000, 0x00007fa206d91dd8, 0x00007fa20b0c0000)
  to   space 69888K,   0% used [0x00007fa202840000, 0x00007fa202840000, 0x00007fa206c80000)
 tenured generation   total 1398144K, used 1397968K [0x00007fa735b50000, 0x00007fa78b0b0000, 0x00007fb1e0600000)
   the space 1398144K,  99% used [0x00007fa735b50000, 0x00007fa78b084008, 0x00007fa78b084200, 0x00007fa78b0b0000)
 Metaspace       used 24799K, capacity 25245K, committed 25344K, reserved 26624K
}
Event: 9372.152 GC heap before
{Heap before GC invocations=27968 (full 1):
 def new generation   total 629248K, used 560455K [0x00007fa1e0600000, 0x00007fa20b0c0000, 0x00007fa735b50000)
  eden space 559360K, 100% used [0x00007fa1e0600000, 0x00007fa202840000, 0x00007fa202840000)
  from space 69888K,   1% used [0x00007fa206c80000, 0x00007fa206d91dd8, 0x00007fa20b0c0000)
  to   space 69888K,   0% used [0x00007fa202840000, 0x00007fa202840000, 0x00007fa206c80000)
 tenured generation   total 1398144K, used 1397968K [0x00007fa735b50000, 0x00007fa78b0b0000, 0x00007fb1e0600000)
   the space 1398144K,  99% used [0x00007fa735b50000, 0x00007fa78b084008, 0x00007fa78b084200, 0x00007fa78b0b0000)
 Metaspace       used 24799K, capacity 25245K, committed 25344K, reserved 26624K
}
Event: 9372.155 GC heap after
{Heap after GC invocations=27969 (full 1):
 def new generation   total 629248K, used 978K [0x00007fa1e0600000, 0x00007fa20b0c0000, 0x00007fa735b50000)
  eden space 559360K,   0% used [0x00007fa1e0600000, 0x00007fa1e0600000, 0x00007fa202840000)
  from space 69888K,   1% used [0x00007fa202840000, 0x00007fa202934b60, 0x00007fa206c80000)
  to   space 69888K,   0% used [0x00007fa206c80000, 0x00007fa206c80000, 0x00007fa20b0c0000)
 tenured generation   total 1398144K, used 1398035K [0x00007fa735b50000, 0x00007fa78b0b0000, 0x00007fb1e0600000)
   the space 1398144K,  99% used [0x00007fa735b50000, 0x00007fa78b094d28, 0x00007fa78b094e00, 0x00007fa78b0b0000)
 Metaspace       used 24799K, capacity 25245K, committed 25344K, reserved 26624K
}
Event: 9372.492 GC heap before
{Heap before GC invocations=27969 (full 1):
 def new generation   total 629248K, used 560338K [0x00007fa1e0600000, 0x00007fa20b0c0000, 0x00007fa735b50000)
  eden space 559360K, 100% used [0x00007fa1e0600000, 0x00007fa202840000, 0x00007fa202840000)
  from space 69888K,   1% used [0x00007fa202840000, 0x00007fa202934b60, 0x00007fa206c80000)
  to   space 69888K,   0% used [0x00007fa206c80000, 0x00007fa206c80000, 0x00007fa20b0c0000)
 tenured generation   total 1398144K, used 1398035K [0x00007fa735b50000, 0x00007fa78b0b0000, 0x00007fb1e0600000)
   the space 1398144K,  99% used [0x00007fa735b50000, 0x00007fa78b094d28, 0x00007fa78b094e00, 0x00007fa78b0b0000)
 Metaspace       used 24799K, capacity 25245K, committed 25344K, reserved 26624K
}
Event: 9372.494 GC heap after
{Heap after GC invocations=27970 (full 1):
 def new generation   total 629248K, used 1018K [0x00007fa1e0600000, 0x00007fa20b0c0000, 0x00007fa735b50000)
  eden space 559360K,   0% used [0x00007fa1e0600000, 0x00007fa1e0600000, 0x00007fa202840000)
  from space 69888K,   1% used [0x00007fa206c80000, 0x00007fa206d7eb78, 0x00007fa20b0c0000)
  to   space 69888K,   0% used [0x00007fa202840000, 0x00007fa202840000, 0x00007fa206c80000)
 tenured generation   total 1398144K, used 1398068K [0x00007fa735b50000, 0x00007fa78b0b0000, 0x00007fb1e0600000)
   the space 1398144K,  99% used [0x00007fa735b50000, 0x00007fa78b09d3b8, 0x00007fa78b09d400, 0x00007fa78b0b0000)
 Metaspace       used 24799K, capacity 25245K, committed 25344K, reserved 26624K
}
Event: 9372.822 GC heap before
{Heap before GC invocations=27970 (full 1):
 def new generation   total 629248K, used 560378K [0x00007fa1e0600000, 0x00007fa20b0c0000, 0x00007fa735b50000)
  eden space 559360K, 100% used [0x00007fa1e0600000, 0x00007fa202840000, 0x00007fa202840000)
  from space 69888K,   1% used [0x00007fa206c80000, 0x00007fa206d7eb78, 0x00007fa20b0c0000)
  to   space 69888K,   0% used [0x00007fa202840000, 0x00007fa202840000, 0x00007fa206c80000)
 tenured generation   total 1398144K, used 1398068K [0x00007fa735b50000, 0x00007fa78b0b0000, 0x00007fb1e0600000)
   the space 1398144K,  99% used [0x00007fa735b50000, 0x00007fa78b09d3b8, 0x00007fa78b09d400, 0x00007fa78b0b0000)
 Metaspace       used 24799K, capacity 25245K, committed 25344K, reserved 26624K
}
Event: 9372.824 GC heap after
{Heap after GC invocations=27971 (full 1):
 def new generation   total 629248K, used 960K [0x00007fa1e0600000, 0x00007fa20b0c0000, 0x00007fa735b50000)
  eden space 559360K,   0% used [0x00007fa1e0600000, 0x00007fa1e0600000, 0x00007fa202840000)
  from space 69888K,   1% used [0x00007fa202840000, 0x00007fa2029301b8, 0x00007fa206c80000)
  to   space 69888K,   0% used [0x00007fa206c80000, 0x00007fa206c80000, 0x00007fa20b0c0000)
 tenured generation   total 1398144K, used 1398136K [0x00007fa735b50000, 0x00007fa78b0b0000, 0x00007fb1e0600000)
   the space 1398144K,  99% used [0x00007fa735b50000, 0x00007fa78b0ae0d8, 0x00007fa78b0ae200, 0x00007fa78b0b0000)
 Metaspace       used 24799K, capacity 25245K, committed 25344K, reserved 26624K
}
Event: 9372.824 GC heap before
{Heap before GC invocations=27971 (full 1):
 def new generation   total 629248K, used 960K [0x00007fa1e0600000, 0x00007fa20b0c0000, 0x00007fa735b50000)
  eden space 559360K,   0% used [0x00007fa1e0600000, 0x00007fa1e0600000, 0x00007fa202840000)
  from space 69888K,   1% used [0x00007fa202840000, 0x00007fa2029301b8, 0x00007fa206c80000)
  to   space 69888K,   0% used [0x00007fa206c80000, 0x00007fa206c80000, 0x00007fa20b0c0000)
 tenured generation   total 1398144K, used 1398136K [0x00007fa735b50000, 0x00007fa78b0b0000, 0x00007fb1e0600000)
   the space 1398144K,  99% used [0x00007fa735b50000, 0x00007fa78b0ae0d8, 0x00007fa78b0ae200, 0x00007fa78b0b0000)
 Metaspace       used 24799K, capacity 25245K, committed 25344K, reserved 26624K
}

