# JRE version: OpenJDK Runtime Environment (13.0.7+5) (build 13.0.7+5-Ubuntu-0ubuntu120.04)
# Java VM: OpenJDK 64-Bit Server VM (13.0.7+5-Ubuntu-0ubuntu120.04, mixed mode, tiered, serial gc, linux-amd64)
Heap:
 def new generation   total 629248K, used 2358K [0x00007fbf74400000, 0x00007fbf9eec0000, 0x00007fc4c9950000)
  eden space 559360K,   0% used [0x00007fbf74400000, 0x00007fbf7464db08, 0x00007fbf96640000)
  from space 69888K,   0% used [0x00007fbf9aa80000, 0x00007fbf9aa80000, 0x00007fbf9eec0000)
  to   space 69888K,   0% used [0x00007fbf96640000, 0x00007fbf96640000, 0x00007fbf9aa80000)
 tenured generation   total 1398336K, used 1398335K [0x00007fc4c9950000, 0x00007fc51eee0000, 0x00007fcf74400000)
   the space 1398336K,  99% used [0x00007fc4c9950000, 0x00007fc51eedffe8, 0x00007fc51eee0000, 0x00007fc51eee0000)
 Metaspace       used 24863K, capacity 25296K, committed 25344K, reserved 26624K
GC Heap History (20 events):
Event: 4005.153 GC heap after
{Heap after GC invocations=8297 (full 1):
 def new generation   total 629248K, used 2532K [0x00007fbf74400000, 0x00007fbf9eec0000, 0x00007fc4c9950000)
  eden space 559360K,   0% used [0x00007fbf74400000, 0x00007fbf74400000, 0x00007fbf96640000)
  from space 69888K,   3% used [0x00007fbf96640000, 0x00007fbf968b9328, 0x00007fbf9aa80000)
  to   space 69888K,   0% used [0x00007fbf9aa80000, 0x00007fbf9aa80000, 0x00007fbf9eec0000)
 tenured generation   total 1398144K, used 1396683K [0x00007fc4c9950000, 0x00007fc51eeb0000, 0x00007fcf74400000)
   the space 1398144K,  99% used [0x00007fc4c9950000, 0x00007fc51ed42e90, 0x00007fc51ed43000, 0x00007fc51eeb0000)
 Metaspace       used 24863K, capacity 25296K, committed 25344K, reserved 26624K
}
Event: 4005.615 GC heap before
{Heap before GC invocations=8297 (full 1):
 def new generation   total 629248K, used 561892K [0x00007fbf74400000, 0x00007fbf9eec0000, 0x00007fc4c9950000)
  eden space 559360K, 100% used [0x00007fbf74400000, 0x00007fbf96640000, 0x00007fbf96640000)
  from space 69888K,   3% used [0x00007fbf96640000, 0x00007fbf968b9328, 0x00007fbf9aa80000)
  to   space 69888K,   0% used [0x00007fbf9aa80000, 0x00007fbf9aa80000, 0x00007fbf9eec0000)
 tenured generation   total 1398144K, used 1396683K [0x00007fc4c9950000, 0x00007fc51eeb0000, 0x00007fcf74400000)
   the space 1398144K,  99% used [0x00007fc4c9950000, 0x00007fc51ed42e90, 0x00007fc51ed43000, 0x00007fc51eeb0000)
 Metaspace       used 24863K, capacity 25296K, committed 25344K, reserved 26624K
}
Event: 4005.622 GC heap after
{Heap after GC invocations=8298 (full 1):
 def new generation   total 629248K, used 2546K [0x00007fbf74400000, 0x00007fbf9eec0000, 0x00007fc4c9950000)
  eden space 559360K,   0% used [0x00007fbf74400000, 0x00007fbf74400000, 0x00007fbf96640000)
  from space 69888K,   3% used [0x00007fbf9aa80000, 0x00007fbf9acfcbc0, 0x00007fbf9eec0000)
  to   space 69888K,   0% used [0x00007fbf96640000, 0x00007fbf96640000, 0x00007fbf9aa80000)
 tenured generation   total 1398144K, used 1396854K [0x00007fc4c9950000, 0x00007fc51eeb0000, 0x00007fcf74400000)
   the space 1398144K,  99% used [0x00007fc4c9950000, 0x00007fc51ed6db40, 0x00007fc51ed6dc00, 0x00007fc51eeb0000)
 Metaspace       used 24863K, capacity 25296K, committed 25344K, reserved 26624K
}
Event: 4006.096 GC heap before
{Heap before GC invocations=8298 (full 1):
 def new generation   total 629248K, used 561906K [0x00007fbf74400000, 0x00007fbf9eec0000, 0x00007fc4c9950000)
  eden space 559360K, 100% used [0x00007fbf74400000, 0x00007fbf96640000, 0x00007fbf96640000)
  from space 69888K,   3% used [0x00007fbf9aa80000, 0x00007fbf9acfcbc0, 0x00007fbf9eec0000)
  to   space 69888K,   0% used [0x00007fbf96640000, 0x00007fbf96640000, 0x00007fbf9aa80000)
 tenured generation   total 1398144K, used 1396854K [0x00007fc4c9950000, 0x00007fc51eeb0000, 0x00007fcf74400000)
   the space 1398144K,  99% used [0x00007fc4c9950000, 0x00007fc51ed6db40, 0x00007fc51ed6dc00, 0x00007fc51eeb0000)
 Metaspace       used 24863K, capacity 25296K, committed 25344K, reserved 26624K
}
Event: 4006.102 GC heap after
{Heap after GC invocations=8299 (full 1):
 def new generation   total 629248K, used 2545K [0x00007fbf74400000, 0x00007fbf9eec0000, 0x00007fc4c9950000)
  eden space 559360K,   0% used [0x00007fbf74400000, 0x00007fbf74400000, 0x00007fbf96640000)
  from space 69888K,   3% used [0x00007fbf96640000, 0x00007fbf968bc400, 0x00007fbf9aa80000)
  to   space 69888K,   0% used [0x00007fbf9aa80000, 0x00007fbf9aa80000, 0x00007fbf9eec0000)
 tenured generation   total 1398144K, used 1397025K [0x00007fc4c9950000, 0x00007fc51eeb0000, 0x00007fcf74400000)
   the space 1398144K,  99% used [0x00007fc4c9950000, 0x00007fc51ed987f0, 0x00007fc51ed98800, 0x00007fc51eeb0000)
 Metaspace       used 24863K, capacity 25296K, committed 25344K, reserved 26624K
}
Event: 4006.579 GC heap before
{Heap before GC invocations=8299 (full 1):
 def new generation   total 629248K, used 561905K [0x00007fbf74400000, 0x00007fbf9eec0000, 0x00007fc4c9950000)
  eden space 559360K, 100% used [0x00007fbf74400000, 0x00007fbf96640000, 0x00007fbf96640000)
  from space 69888K,   3% used [0x00007fbf96640000, 0x00007fbf968bc400, 0x00007fbf9aa80000)
  to   space 69888K,   0% used [0x00007fbf9aa80000, 0x00007fbf9aa80000, 0x00007fbf9eec0000)
 tenured generation   total 1398144K, used 1397025K [0x00007fc4c9950000, 0x00007fc51eeb0000, 0x00007fcf74400000)
   the space 1398144K,  99% used [0x00007fc4c9950000, 0x00007fc51ed987f0, 0x00007fc51ed98800, 0x00007fc51eeb0000)
 Metaspace       used 24863K, capacity 25296K, committed 25344K, reserved 26624K
}
Event: 4006.586 GC heap after
{Heap after GC invocations=8300 (full 1):
 def new generation   total 629248K, used 2529K [0x00007fbf74400000, 0x00007fbf9eec0000, 0x00007fc4c9950000)
  eden space 559360K,   0% used [0x00007fbf74400000, 0x00007fbf74400000, 0x00007fbf96640000)
  from space 69888K,   3% used [0x00007fbf9aa80000, 0x00007fbf9acf8418, 0x00007fbf9eec0000)
  to   space 69888K,   0% used [0x00007fbf96640000, 0x00007fbf96640000, 0x00007fbf9aa80000)
 tenured generation   total 1398144K, used 1397197K [0x00007fc4c9950000, 0x00007fc51eeb0000, 0x00007fcf74400000)
   the space 1398144K,  99% used [0x00007fc4c9950000, 0x00007fc51edc34a0, 0x00007fc51edc3600, 0x00007fc51eeb0000)
 Metaspace       used 24863K, capacity 25296K, committed 25344K, reserved 26624K
}
Event: 4007.060 GC heap before
{Heap before GC invocations=8300 (full 1):
 def new generation   total 629248K, used 561889K [0x00007fbf74400000, 0x00007fbf9eec0000, 0x00007fc4c9950000)
  eden space 559360K, 100% used [0x00007fbf74400000, 0x00007fbf96640000, 0x00007fbf96640000)
  from space 69888K,   3% used [0x00007fbf9aa80000, 0x00007fbf9acf8418, 0x00007fbf9eec0000)
  to   space 69888K,   0% used [0x00007fbf96640000, 0x00007fbf96640000, 0x00007fbf9aa80000)
 tenured generation   total 1398144K, used 1397197K [0x00007fc4c9950000, 0x00007fc51eeb0000, 0x00007fcf74400000)
   the space 1398144K,  99% used [0x00007fc4c9950000, 0x00007fc51edc34a0, 0x00007fc51edc3600, 0x00007fc51eeb0000)
 Metaspace       used 24863K, capacity 25296K, committed 25344K, reserved 26624K
}
Event: 4007.067 GC heap after
{Heap after GC invocations=8301 (full 1):
 def new generation   total 629248K, used 2539K [0x00007fbf74400000, 0x00007fbf9eec0000, 0x00007fc4c9950000)
  eden space 559360K,   0% used [0x00007fbf74400000, 0x00007fbf74400000, 0x00007fbf96640000)
  from space 69888K,   3% used [0x00007fbf96640000, 0x00007fbf968bae68, 0x00007fbf9aa80000)
  to   space 69888K,   0% used [0x00007fbf9aa80000, 0x00007fbf9aa80000, 0x00007fbf9eec0000)
 tenured generation   total 1398144K, used 1397343K [0x00007fc4c9950000, 0x00007fc51eeb0000, 0x00007fcf74400000)
   the space 1398144K,  99% used [0x00007fc4c9950000, 0x00007fc51ede7f80, 0x00007fc51ede8000, 0x00007fc51eeb0000)
 Metaspace       used 24863K, capacity 25296K, committed 25344K, reserved 26624K
}
Event: 4007.550 GC heap before
{Heap before GC invocations=8301 (full 1):
 def new generation   total 629248K, used 561899K [0x00007fbf74400000, 0x00007fbf9eec0000, 0x00007fc4c9950000)
  eden space 559360K, 100% used [0x00007fbf74400000, 0x00007fbf96640000, 0x00007fbf96640000)
  from space 69888K,   3% used [0x00007fbf96640000, 0x00007fbf968bae68, 0x00007fbf9aa80000)
  to   space 69888K,   0% used [0x00007fbf9aa80000, 0x00007fbf9aa80000, 0x00007fbf9eec0000)
 tenured generation   total 1398144K, used 1397343K [0x00007fc4c9950000, 0x00007fc51eeb0000, 0x00007fcf74400000)
   the space 1398144K,  99% used [0x00007fc4c9950000, 0x00007fc51ede7f80, 0x00007fc51ede8000, 0x00007fc51eeb0000)
 Metaspace       used 24863K, capacity 25296K, committed 25344K, reserved 26624K
}
Event: 4007.555 GC heap after
{Heap after GC invocations=8302 (full 1):
 def new generation   total 629248K, used 2525K [0x00007fbf74400000, 0x00007fbf9eec0000, 0x00007fc4c9950000)
  eden space 559360K,   0% used [0x00007fbf74400000, 0x00007fbf74400000, 0x00007fbf96640000)
  from space 69888K,   3% used [0x00007fbf9aa80000, 0x00007fbf9acf7778, 0x00007fbf9eec0000)
  to   space 69888K,   0% used [0x00007fbf96640000, 0x00007fbf96640000, 0x00007fbf9aa80000)
 tenured generation   total 1398144K, used 1397515K [0x00007fc4c9950000, 0x00007fc51eeb0000, 0x00007fcf74400000)
   the space 1398144K,  99% used [0x00007fc4c9950000, 0x00007fc51ee12c30, 0x00007fc51ee12e00, 0x00007fc51eeb0000)
 Metaspace       used 24863K, capacity 25296K, committed 25344K, reserved 26624K
}
Event: 4008.037 GC heap before
{Heap before GC invocations=8302 (full 1):
 def new generation   total 629248K, used 561885K [0x00007fbf74400000, 0x00007fbf9eec0000, 0x00007fc4c9950000)
  eden space 559360K, 100% used [0x00007fbf74400000, 0x00007fbf96640000, 0x00007fbf96640000)
  from space 69888K,   3% used [0x00007fbf9aa80000, 0x00007fbf9acf7778, 0x00007fbf9eec0000)
  to   space 69888K,   0% used [0x00007fbf96640000, 0x00007fbf96640000, 0x00007fbf9aa80000)
 tenured generation   total 1398144K, used 1397515K [0x00007fc4c9950000, 0x00007fc51eeb0000, 0x00007fcf74400000)
   the space 1398144K,  99% used [0x00007fc4c9950000, 0x00007fc51ee12c30, 0x00007fc51ee12e00, 0x00007fc51eeb0000)
 Metaspace       used 24863K, capacity 25296K, committed 25344K, reserved 26624K
}
Event: 4008.043 GC heap after
{Heap after GC invocations=8303 (full 1):
 def new generation   total 629248K, used 2546K [0x00007fbf74400000, 0x00007fbf9eec0000, 0x00007fc4c9950000)
  eden space 559360K,   0% used [0x00007fbf74400000, 0x00007fbf74400000, 0x00007fbf96640000)
  from space 69888K,   3% used [0x00007fbf96640000, 0x00007fbf968bc940, 0x00007fbf9aa80000)
  to   space 69888K,   0% used [0x00007fbf9aa80000, 0x00007fbf9aa80000, 0x00007fbf9eec0000)
 tenured generation   total 1398144K, used 1397686K [0x00007fc4c9950000, 0x00007fc51eeb0000, 0x00007fcf74400000)
   the space 1398144K,  99% used [0x00007fc4c9950000, 0x00007fc51ee3d8e0, 0x00007fc51ee3da00, 0x00007fc51eeb0000)
 Metaspace       used 24863K, capacity 25296K, committed 25344K, reserved 26624K
}
Event: 4008.522 GC heap before
{Heap before GC invocations=8303 (full 1):
 def new generation   total 629248K, used 561906K [0x00007fbf74400000, 0x00007fbf9eec0000, 0x00007fc4c9950000)
  eden space 559360K, 100% used [0x00007fbf74400000, 0x00007fbf96640000, 0x00007fbf96640000)
  from space 69888K,   3% used [0x00007fbf96640000, 0x00007fbf968bc940, 0x00007fbf9aa80000)
  to   space 69888K,   0% used [0x00007fbf9aa80000, 0x00007fbf9aa80000, 0x00007fbf9eec0000)
 tenured generation   total 1398144K, used 1397686K [0x00007fc4c9950000, 0x00007fc51eeb0000, 0x00007fcf74400000)
   the space 1398144K,  99% used [0x00007fc4c9950000, 0x00007fc51ee3d8e0, 0x00007fc51ee3da00, 0x00007fc51eeb0000)
 Metaspace       used 24863K, capacity 25296K, committed 25344K, reserved 26624K
}
Event: 4008.528 GC heap after
{Heap after GC invocations=8304 (full 1):
 def new generation   total 629248K, used 2537K [0x00007fbf74400000, 0x00007fbf9eec0000, 0x00007fc4c9950000)
  eden space 559360K,   0% used [0x00007fbf74400000, 0x00007fbf74400000, 0x00007fbf96640000)
  from space 69888K,   3% used [0x00007fbf9aa80000, 0x00007fbf9acfa690, 0x00007fbf9eec0000)
  to   space 69888K,   0% used [0x00007fbf96640000, 0x00007fbf96640000, 0x00007fbf9aa80000)
 tenured generation   total 1398144K, used 1397857K [0x00007fc4c9950000, 0x00007fc51eeb0000, 0x00007fcf74400000)
   the space 1398144K,  99% used [0x00007fc4c9950000, 0x00007fc51ee68590, 0x00007fc51ee68600, 0x00007fc51eeb0000)
 Metaspace       used 24863K, capacity 25296K, committed 25344K, reserved 26624K
}
Event: 4009.011 GC heap before
{Heap before GC invocations=8304 (full 1):
 def new generation   total 629248K, used 561897K [0x00007fbf74400000, 0x00007fbf9eec0000, 0x00007fc4c9950000)
  eden space 559360K, 100% used [0x00007fbf74400000, 0x00007fbf96640000, 0x00007fbf96640000)
  from space 69888K,   3% used [0x00007fbf9aa80000, 0x00007fbf9acfa690, 0x00007fbf9eec0000)
  to   space 69888K,   0% used [0x00007fbf96640000, 0x00007fbf96640000, 0x00007fbf9aa80000)
 tenured generation   total 1398144K, used 1397857K [0x00007fc4c9950000, 0x00007fc51eeb0000, 0x00007fcf74400000)
   the space 1398144K,  99% used [0x00007fc4c9950000, 0x00007fc51ee68590, 0x00007fc51ee68600, 0x00007fc51eeb0000)
 Metaspace       used 24863K, capacity 25296K, committed 25344K, reserved 26624K
}
Event: 4009.017 GC heap after
{Heap after GC invocations=8305 (full 1):
 def new generation   total 629248K, used 2569K [0x00007fbf74400000, 0x00007fbf9eec0000, 0x00007fc4c9950000)
  eden space 559360K,   0% used [0x00007fbf74400000, 0x00007fbf74400000, 0x00007fbf96640000)
  from space 69888K,   3% used [0x00007fbf96640000, 0x00007fbf968c2538, 0x00007fbf9aa80000)
  to   space 69888K,   0% used [0x00007fbf9aa80000, 0x00007fbf9aa80000, 0x00007fbf9eec0000)
 tenured generation   total 1398144K, used 1398004K [0x00007fc4c9950000, 0x00007fc51eeb0000, 0x00007fcf74400000)
   the space 1398144K,  99% used [0x00007fc4c9950000, 0x00007fc51ee8d070, 0x00007fc51ee8d200, 0x00007fc51eeb0000)
 Metaspace       used 24863K, capacity 25296K, committed 25344K, reserved 26624K
}
Event: 4009.563 GC heap before
{Heap before GC invocations=8305 (full 1):
 def new generation   total 629248K, used 561929K [0x00007fbf74400000, 0x00007fbf9eec0000, 0x00007fc4c9950000)
  eden space 559360K, 100% used [0x00007fbf74400000, 0x00007fbf96640000, 0x00007fbf96640000)
  from space 69888K,   3% used [0x00007fbf96640000, 0x00007fbf968c2538, 0x00007fbf9aa80000)
  to   space 69888K,   0% used [0x00007fbf9aa80000, 0x00007fbf9aa80000, 0x00007fbf9eec0000)
 tenured generation   total 1398144K, used 1398004K [0x00007fc4c9950000, 0x00007fc51eeb0000, 0x00007fcf74400000)
   the space 1398144K,  99% used [0x00007fc4c9950000, 0x00007fc51ee8d070, 0x00007fc51ee8d200, 0x00007fc51eeb0000)
 Metaspace       used 24863K, capacity 25296K, committed 25344K, reserved 26624K
}
Event: 4009.569 GC heap after
{Heap after GC invocations=8306 (full 1):
 def new generation   total 629248K, used 2515K [0x00007fbf74400000, 0x00007fbf9eec0000, 0x00007fc4c9950000)
  eden space 559360K,   0% used [0x00007fbf74400000, 0x00007fbf74400000, 0x00007fbf96640000)
  from space 69888K,   3% used [0x00007fbf9aa80000, 0x00007fbf9acf4c90, 0x00007fbf9eec0000)
  to   space 69888K,   0% used [0x00007fbf96640000, 0x00007fbf96640000, 0x00007fbf9aa80000)
 tenured generation   total 1398336K, used 1398179K [0x00007fc4c9950000, 0x00007fc51eee0000, 0x00007fcf74400000)
   the space 1398336K,  99% used [0x00007fc4c9950000, 0x00007fc51eeb8e60, 0x00007fc51eeb9000, 0x00007fc51eee0000)
 Metaspace       used 24863K, capacity 25296K, committed 25344K, reserved 26624K
}
Event: 4009.569 GC heap before
{Heap before GC invocations=8306 (full 1):
 def new generation   total 629248K, used 2515K [0x00007fbf74400000, 0x00007fbf9eec0000, 0x00007fc4c9950000)
  eden space 559360K,   0% used [0x00007fbf74400000, 0x00007fbf74400000, 0x00007fbf96640000)
  from space 69888K,   3% used [0x00007fbf9aa80000, 0x00007fbf9acf4c90, 0x00007fbf9eec0000)
  to   space 69888K,   0% used [0x00007fbf96640000, 0x00007fbf96640000, 0x00007fbf9aa80000)
 tenured generation   total 1398336K, used 1398179K [0x00007fc4c9950000, 0x00007fc51eee0000, 0x00007fcf74400000)
   the space 1398336K,  99% used [0x00007fc4c9950000, 0x00007fc51eeb8e60, 0x00007fc51eeb9000, 0x00007fc51eee0000)
 Metaspace       used 24863K, capacity 25296K, committed 25344K, reserved 26624K
}

