# JRE version: OpenJDK Runtime Environment (13.0.7+5) (build 13.0.7+5-Ubuntu-0ubuntu120.04)
# Java VM: OpenJDK 64-Bit Server VM (13.0.7+5-Ubuntu-0ubuntu120.04, mixed mode, tiered, serial gc, linux-amd64)
Heap:
 def new generation   total 629248K, used 3203K [0x00007fcfd8600000, 0x00007fd0030c0000, 0x00007fd52db50000)
  eden space 559360K,   0% used [0x00007fcfd8600000, 0x00007fcfd8920d60, 0x00007fcffa840000)
  from space 69888K,   0% used [0x00007fcffa840000, 0x00007fcffa840000, 0x00007fcffec80000)
  to   space 69888K,   0% used [0x00007fcffec80000, 0x00007fcffec80000, 0x00007fd0030c0000)
 tenured generation   total 1398336K, used 1398335K [0x00007fd52db50000, 0x00007fd5830e0000, 0x00007fdfd8600000)
   the space 1398336K,  99% used [0x00007fd52db50000, 0x00007fd5830dfff0, 0x00007fd5830e0000, 0x00007fd5830e0000)
 Metaspace       used 24808K, capacity 25256K, committed 25344K, reserved 26624K
GC Heap History (20 events):
Event: 2974.166 GC heap after
{Heap after GC invocations=6156 (full 1):
 def new generation   total 629248K, used 3453K [0x00007fcfd8600000, 0x00007fd0030c0000, 0x00007fd52db50000)
  eden space 559360K,   0% used [0x00007fcfd8600000, 0x00007fcfd8600000, 0x00007fcffa840000)
  from space 69888K,   4% used [0x00007fcffec80000, 0x00007fcffefdf798, 0x00007fd0030c0000)
  to   space 69888K,   0% used [0x00007fcffa840000, 0x00007fcffa840000, 0x00007fcffec80000)
 tenured generation   total 1398144K, used 1396197K [0x00007fd52db50000, 0x00007fd5830b0000, 0x00007fdfd8600000)
   the space 1398144K,  99% used [0x00007fd52db50000, 0x00007fd582ec97f8, 0x00007fd582ec9800, 0x00007fd5830b0000)
 Metaspace       used 24808K, capacity 25256K, committed 25344K, reserved 26624K
}
Event: 2974.661 GC heap before
{Heap before GC invocations=6156 (full 1):
 def new generation   total 629248K, used 562813K [0x00007fcfd8600000, 0x00007fd0030c0000, 0x00007fd52db50000)
  eden space 559360K, 100% used [0x00007fcfd8600000, 0x00007fcffa840000, 0x00007fcffa840000)
  from space 69888K,   4% used [0x00007fcffec80000, 0x00007fcffefdf798, 0x00007fd0030c0000)
  to   space 69888K,   0% used [0x00007fcffa840000, 0x00007fcffa840000, 0x00007fcffec80000)
 tenured generation   total 1398144K, used 1396197K [0x00007fd52db50000, 0x00007fd5830b0000, 0x00007fdfd8600000)
   the space 1398144K,  99% used [0x00007fd52db50000, 0x00007fd582ec97f8, 0x00007fd582ec9800, 0x00007fd5830b0000)
 Metaspace       used 24808K, capacity 25256K, committed 25344K, reserved 26624K
}
Event: 2974.668 GC heap after
{Heap after GC invocations=6157 (full 1):
 def new generation   total 629248K, used 3440K [0x00007fcfd8600000, 0x00007fd0030c0000, 0x00007fd52db50000)
  eden space 559360K,   0% used [0x00007fcfd8600000, 0x00007fcfd8600000, 0x00007fcffa840000)
  from space 69888K,   4% used [0x00007fcffa840000, 0x00007fcffab9c020, 0x00007fcffec80000)
  to   space 69888K,   0% used [0x00007fcffec80000, 0x00007fcffec80000, 0x00007fd0030c0000)
 tenured generation   total 1398144K, used 1396421K [0x00007fd52db50000, 0x00007fd5830b0000, 0x00007fdfd8600000)
   the space 1398144K,  99% used [0x00007fd52db50000, 0x00007fd582f01718, 0x00007fd582f01800, 0x00007fd5830b0000)
 Metaspace       used 24808K, capacity 25256K, committed 25344K, reserved 26624K
}
Event: 2975.141 GC heap before
{Heap before GC invocations=6157 (full 1):
 def new generation   total 629248K, used 562800K [0x00007fcfd8600000, 0x00007fd0030c0000, 0x00007fd52db50000)
  eden space 559360K, 100% used [0x00007fcfd8600000, 0x00007fcffa840000, 0x00007fcffa840000)
  from space 69888K,   4% used [0x00007fcffa840000, 0x00007fcffab9c020, 0x00007fcffec80000)
  to   space 69888K,   0% used [0x00007fcffec80000, 0x00007fcffec80000, 0x00007fd0030c0000)
 tenured generation   total 1398144K, used 1396421K [0x00007fd52db50000, 0x00007fd5830b0000, 0x00007fdfd8600000)
   the space 1398144K,  99% used [0x00007fd52db50000, 0x00007fd582f01718, 0x00007fd582f01800, 0x00007fd5830b0000)
 Metaspace       used 24808K, capacity 25256K, committed 25344K, reserved 26624K
}
Event: 2975.148 GC heap after
{Heap after GC invocations=6158 (full 1):
 def new generation   total 629248K, used 3438K [0x00007fcfd8600000, 0x00007fd0030c0000, 0x00007fd52db50000)
  eden space 559360K,   0% used [0x00007fcfd8600000, 0x00007fcfd8600000, 0x00007fcffa840000)
  from space 69888K,   4% used [0x00007fcffec80000, 0x00007fcffefdb938, 0x00007fd0030c0000)
  to   space 69888K,   0% used [0x00007fcffa840000, 0x00007fcffa840000, 0x00007fcffec80000)
 tenured generation   total 1398144K, used 1396645K [0x00007fd52db50000, 0x00007fd5830b0000, 0x00007fdfd8600000)
   the space 1398144K,  99% used [0x00007fd52db50000, 0x00007fd582f39758, 0x00007fd582f39800, 0x00007fd5830b0000)
 Metaspace       used 24808K, capacity 25256K, committed 25344K, reserved 26624K
}
Event: 2975.630 GC heap before
{Heap before GC invocations=6158 (full 1):
 def new generation   total 629248K, used 562798K [0x00007fcfd8600000, 0x00007fd0030c0000, 0x00007fd52db50000)
  eden space 559360K, 100% used [0x00007fcfd8600000, 0x00007fcffa840000, 0x00007fcffa840000)
  from space 69888K,   4% used [0x00007fcffec80000, 0x00007fcffefdb938, 0x00007fd0030c0000)
  to   space 69888K,   0% used [0x00007fcffa840000, 0x00007fcffa840000, 0x00007fcffec80000)
 tenured generation   total 1398144K, used 1396645K [0x00007fd52db50000, 0x00007fd5830b0000, 0x00007fdfd8600000)
   the space 1398144K,  99% used [0x00007fd52db50000, 0x00007fd582f39758, 0x00007fd582f39800, 0x00007fd5830b0000)
 Metaspace       used 24808K, capacity 25256K, committed 25344K, reserved 26624K
}
Event: 2975.637 GC heap after
{Heap after GC invocations=6159 (full 1):
 def new generation   total 629248K, used 3461K [0x00007fcfd8600000, 0x00007fd0030c0000, 0x00007fd52db50000)
  eden space 559360K,   0% used [0x00007fcfd8600000, 0x00007fcfd8600000, 0x00007fcffa840000)
  from space 69888K,   4% used [0x00007fcffa840000, 0x00007fcffaba16c8, 0x00007fcffec80000)
  to   space 69888K,   0% used [0x00007fcffec80000, 0x00007fcffec80000, 0x00007fd0030c0000)
 tenured generation   total 1398144K, used 1396869K [0x00007fd52db50000, 0x00007fd5830b0000, 0x00007fdfd8600000)
   the space 1398144K,  99% used [0x00007fd52db50000, 0x00007fd582f71798, 0x00007fd582f71800, 0x00007fd5830b0000)
 Metaspace       used 24808K, capacity 25256K, committed 25344K, reserved 26624K
}
Event: 2976.104 GC heap before
{Heap before GC invocations=6159 (full 1):
 def new generation   total 629248K, used 562821K [0x00007fcfd8600000, 0x00007fd0030c0000, 0x00007fd52db50000)
  eden space 559360K, 100% used [0x00007fcfd8600000, 0x00007fcffa840000, 0x00007fcffa840000)
  from space 69888K,   4% used [0x00007fcffa840000, 0x00007fcffaba16c8, 0x00007fcffec80000)
  to   space 69888K,   0% used [0x00007fcffec80000, 0x00007fcffec80000, 0x00007fd0030c0000)
 tenured generation   total 1398144K, used 1396869K [0x00007fd52db50000, 0x00007fd5830b0000, 0x00007fdfd8600000)
   the space 1398144K,  99% used [0x00007fd52db50000, 0x00007fd582f71798, 0x00007fd582f71800, 0x00007fd5830b0000)
 Metaspace       used 24808K, capacity 25256K, committed 25344K, reserved 26624K
}
Event: 2976.112 GC heap after
{Heap after GC invocations=6160 (full 1):
 def new generation   total 629248K, used 3440K [0x00007fcfd8600000, 0x00007fd0030c0000, 0x00007fd52db50000)
  eden space 559360K,   0% used [0x00007fcfd8600000, 0x00007fcfd8600000, 0x00007fcffa840000)
  from space 69888K,   4% used [0x00007fcffec80000, 0x00007fcffefdc2d8, 0x00007fd0030c0000)
  to   space 69888K,   0% used [0x00007fcffa840000, 0x00007fcffa840000, 0x00007fcffec80000)
 tenured generation   total 1398144K, used 1397093K [0x00007fd52db50000, 0x00007fd5830b0000, 0x00007fdfd8600000)
   the space 1398144K,  99% used [0x00007fd52db50000, 0x00007fd582fa97d8, 0x00007fd582fa9800, 0x00007fd5830b0000)
 Metaspace       used 24808K, capacity 25256K, committed 25344K, reserved 26624K
}
Event: 2976.587 GC heap before
{Heap before GC invocations=6160 (full 1):
 def new generation   total 629248K, used 562800K [0x00007fcfd8600000, 0x00007fd0030c0000, 0x00007fd52db50000)
  eden space 559360K, 100% used [0x00007fcfd8600000, 0x00007fcffa840000, 0x00007fcffa840000)
  from space 69888K,   4% used [0x00007fcffec80000, 0x00007fcffefdc2d8, 0x00007fd0030c0000)
  to   space 69888K,   0% used [0x00007fcffa840000, 0x00007fcffa840000, 0x00007fcffec80000)
 tenured generation   total 1398144K, used 1397093K [0x00007fd52db50000, 0x00007fd5830b0000, 0x00007fdfd8600000)
   the space 1398144K,  99% used [0x00007fd52db50000, 0x00007fd582fa97d8, 0x00007fd582fa9800, 0x00007fd5830b0000)
 Metaspace       used 24808K, capacity 25256K, committed 25344K, reserved 26624K
}
Event: 2976.593 GC heap after
{Heap after GC invocations=6161 (full 1):
 def new generation   total 629248K, used 3437K [0x00007fcfd8600000, 0x00007fd0030c0000, 0x00007fd52db50000)
  eden space 559360K,   0% used [0x00007fcfd8600000, 0x00007fcfd8600000, 0x00007fcffa840000)
  from space 69888K,   4% used [0x00007fcffa840000, 0x00007fcffab9b7d8, 0x00007fcffec80000)
  to   space 69888K,   0% used [0x00007fcffec80000, 0x00007fcffec80000, 0x00007fd0030c0000)
 tenured generation   total 1398144K, used 1397318K [0x00007fd52db50000, 0x00007fd5830b0000, 0x00007fdfd8600000)
   the space 1398144K,  99% used [0x00007fd52db50000, 0x00007fd582fe1818, 0x00007fd582fe1a00, 0x00007fd5830b0000)
 Metaspace       used 24808K, capacity 25256K, committed 25344K, reserved 26624K
}
Event: 2977.013 GC heap before
{Heap before GC invocations=6161 (full 1):
 def new generation   total 629248K, used 562797K [0x00007fcfd8600000, 0x00007fd0030c0000, 0x00007fd52db50000)
  eden space 559360K, 100% used [0x00007fcfd8600000, 0x00007fcffa840000, 0x00007fcffa840000)
  from space 69888K,   4% used [0x00007fcffa840000, 0x00007fcffab9b7d8, 0x00007fcffec80000)
  to   space 69888K,   0% used [0x00007fcffec80000, 0x00007fcffec80000, 0x00007fd0030c0000)
 tenured generation   total 1398144K, used 1397318K [0x00007fd52db50000, 0x00007fd5830b0000, 0x00007fdfd8600000)
   the space 1398144K,  99% used [0x00007fd52db50000, 0x00007fd582fe1818, 0x00007fd582fe1a00, 0x00007fd5830b0000)
 Metaspace       used 24808K, capacity 25256K, committed 25344K, reserved 26624K
}
Event: 2977.020 GC heap after
{Heap after GC invocations=6162 (full 1):
 def new generation   total 629248K, used 3421K [0x00007fcfd8600000, 0x00007fd0030c0000, 0x00007fd52db50000)
  eden space 559360K,   0% used [0x00007fcfd8600000, 0x00007fcfd8600000, 0x00007fcffa840000)
  from space 69888K,   4% used [0x00007fcffec80000, 0x00007fcffefd7788, 0x00007fd0030c0000)
  to   space 69888K,   0% used [0x00007fcffa840000, 0x00007fcffa840000, 0x00007fcffec80000)
 tenured generation   total 1398144K, used 1397542K [0x00007fd52db50000, 0x00007fd5830b0000, 0x00007fdfd8600000)
   the space 1398144K,  99% used [0x00007fd52db50000, 0x00007fd583019858, 0x00007fd583019a00, 0x00007fd5830b0000)
 Metaspace       used 24808K, capacity 25256K, committed 25344K, reserved 26624K
}
Event: 2977.490 GC heap before
{Heap before GC invocations=6162 (full 1):
 def new generation   total 629248K, used 562781K [0x00007fcfd8600000, 0x00007fd0030c0000, 0x00007fd52db50000)
  eden space 559360K, 100% used [0x00007fcfd8600000, 0x00007fcffa840000, 0x00007fcffa840000)
  from space 69888K,   4% used [0x00007fcffec80000, 0x00007fcffefd7788, 0x00007fd0030c0000)
  to   space 69888K,   0% used [0x00007fcffa840000, 0x00007fcffa840000, 0x00007fcffec80000)
 tenured generation   total 1398144K, used 1397542K [0x00007fd52db50000, 0x00007fd5830b0000, 0x00007fdfd8600000)
   the space 1398144K,  99% used [0x00007fd52db50000, 0x00007fd583019858, 0x00007fd583019a00, 0x00007fd5830b0000)
 Metaspace       used 24808K, capacity 25256K, committed 25344K, reserved 26624K
}
Event: 2977.496 GC heap after
{Heap after GC invocations=6163 (full 1):
 def new generation   total 629248K, used 3392K [0x00007fcfd8600000, 0x00007fd0030c0000, 0x00007fd52db50000)
  eden space 559360K,   0% used [0x00007fcfd8600000, 0x00007fcfd8600000, 0x00007fcffa840000)
  from space 69888K,   4% used [0x00007fcffa840000, 0x00007fcffab902d8, 0x00007fcffec80000)
  to   space 69888K,   0% used [0x00007fcffec80000, 0x00007fcffec80000, 0x00007fd0030c0000)
 tenured generation   total 1398144K, used 1397770K [0x00007fd52db50000, 0x00007fd5830b0000, 0x00007fdfd8600000)
   the space 1398144K,  99% used [0x00007fd52db50000, 0x00007fd5830529d8, 0x00007fd583052a00, 0x00007fd5830b0000)
 Metaspace       used 24808K, capacity 25256K, committed 25344K, reserved 26624K
}
Event: 2977.964 GC heap before
{Heap before GC invocations=6163 (full 1):
 def new generation   total 629248K, used 562752K [0x00007fcfd8600000, 0x00007fd0030c0000, 0x00007fd52db50000)
  eden space 559360K, 100% used [0x00007fcfd8600000, 0x00007fcffa840000, 0x00007fcffa840000)
  from space 69888K,   4% used [0x00007fcffa840000, 0x00007fcffab902d8, 0x00007fcffec80000)
  to   space 69888K,   0% used [0x00007fcffec80000, 0x00007fcffec80000, 0x00007fd0030c0000)
 tenured generation   total 1398144K, used 1397770K [0x00007fd52db50000, 0x00007fd5830b0000, 0x00007fdfd8600000)
   the space 1398144K,  99% used [0x00007fd52db50000, 0x00007fd5830529d8, 0x00007fd583052a00, 0x00007fd5830b0000)
 Metaspace       used 24808K, capacity 25256K, committed 25344K, reserved 26624K
}
Event: 2977.972 GC heap after
{Heap after GC invocations=6164 (full 1):
 def new generation   total 629248K, used 3393K [0x00007fcfd8600000, 0x00007fd0030c0000, 0x00007fd52db50000)
  eden space 559360K,   0% used [0x00007fcfd8600000, 0x00007fcfd8600000, 0x00007fcffa840000)
  from space 69888K,   4% used [0x00007fcffec80000, 0x00007fcffefd0480, 0x00007fd0030c0000)
  to   space 69888K,   0% used [0x00007fcffa840000, 0x00007fcffa840000, 0x00007fcffec80000)
 tenured generation   total 1398144K, used 1397994K [0x00007fd52db50000, 0x00007fd5830b0000, 0x00007fdfd8600000)
   the space 1398144K,  99% used [0x00007fd52db50000, 0x00007fd58308aa18, 0x00007fd58308ac00, 0x00007fd5830b0000)
 Metaspace       used 24808K, capacity 25256K, committed 25344K, reserved 26624K
}
Event: 2978.444 GC heap before
{Heap before GC invocations=6164 (full 1):
 def new generation   total 629248K, used 562753K [0x00007fcfd8600000, 0x00007fd0030c0000, 0x00007fd52db50000)
  eden space 559360K, 100% used [0x00007fcfd8600000, 0x00007fcffa840000, 0x00007fcffa840000)
  from space 69888K,   4% used [0x00007fcffec80000, 0x00007fcffefd0480, 0x00007fd0030c0000)
  to   space 69888K,   0% used [0x00007fcffa840000, 0x00007fcffa840000, 0x00007fcffec80000)
 tenured generation   total 1398144K, used 1397994K [0x00007fd52db50000, 0x00007fd5830b0000, 0x00007fdfd8600000)
   the space 1398144K,  99% used [0x00007fd52db50000, 0x00007fd58308aa18, 0x00007fd58308ac00, 0x00007fd5830b0000)
 Metaspace       used 24808K, capacity 25256K, committed 25344K, reserved 26624K
}
Event: 2978.453 GC heap after
{Heap after GC invocations=6165 (full 1):
 def new generation   total 629248K, used 3387K [0x00007fcfd8600000, 0x00007fd0030c0000, 0x00007fd52db50000)
  eden space 559360K,   0% used [0x00007fcfd8600000, 0x00007fcfd8600000, 0x00007fcffa840000)
  from space 69888K,   4% used [0x00007fcffa840000, 0x00007fcffab8ef08, 0x00007fcffec80000)
  to   space 69888K,   0% used [0x00007fcffec80000, 0x00007fcffec80000, 0x00007fd0030c0000)
 tenured generation   total 1398336K, used 1398218K [0x00007fd52db50000, 0x00007fd5830e0000, 0x00007fdfd8600000)
   the space 1398336K,  99% used [0x00007fd52db50000, 0x00007fd5830c2a58, 0x00007fd5830c2c00, 0x00007fd5830e0000)
 Metaspace       used 24808K, capacity 25256K, committed 25344K, reserved 26624K
}
Event: 2978.453 GC heap before
{Heap before GC invocations=6165 (full 1):
 def new generation   total 629248K, used 3387K [0x00007fcfd8600000, 0x00007fd0030c0000, 0x00007fd52db50000)
  eden space 559360K,   0% used [0x00007fcfd8600000, 0x00007fcfd8600000, 0x00007fcffa840000)
  from space 69888K,   4% used [0x00007fcffa840000, 0x00007fcffab8ef08, 0x00007fcffec80000)
  to   space 69888K,   0% used [0x00007fcffec80000, 0x00007fcffec80000, 0x00007fd0030c0000)
 tenured generation   total 1398336K, used 1398218K [0x00007fd52db50000, 0x00007fd5830e0000, 0x00007fdfd8600000)
   the space 1398336K,  99% used [0x00007fd52db50000, 0x00007fd5830c2a58, 0x00007fd5830c2c00, 0x00007fd5830e0000)
 Metaspace       used 24808K, capacity 25256K, committed 25344K, reserved 26624K
}

