# JRE version: OpenJDK Runtime Environment (13.0.7+5) (build 13.0.7+5-Ubuntu-0ubuntu120.04)
# Java VM: OpenJDK 64-Bit Server VM (13.0.7+5-Ubuntu-0ubuntu120.04, mixed mode, tiered, serial gc, linux-amd64)
Heap:
 def new generation   total 1748160K, used 0K [0x00007f2c88600000, 0x00007f2cfeed0000, 0x00007f31ddb50000)
  eden space 1553984K,   0% used [0x00007f2c88600000, 0x00007f2c88600000, 0x00007f2ce7390000)
  from space 194176K,   0% used [0x00007f2ce7390000, 0x00007f2ce7390000, 0x00007f2cf3130000)
  to   space 194176K,   0% used [0x00007f2cf3130000, 0x00007f2cf3130000, 0x00007f2cfeed0000)
 tenured generation   total 3884780K, used 3821723K [0x00007f31ddb50000, 0x00007f32cad0b000, 0x00007f3c88600000)
   the space 3884780K,  98% used [0x00007f31ddb50000, 0x00007f32c6f76d70, 0x00007f32c6f76e00, 0x00007f32cad0b000)
 Metaspace       used 24888K, capacity 25363K, committed 25600K, reserved 26624K
GC Heap History (20 events):
Event: 43744.109 GC heap after
{Heap after GC invocations=51462 (full 3):
 def new generation   total 1748160K, used 2165K [0x00007f2c88600000, 0x00007f2cfeed0000, 0x00007f31ddb50000)
  eden space 1553984K,   0% used [0x00007f2c88600000, 0x00007f2c88600000, 0x00007f2ce7390000)
  from space 194176K,   1% used [0x00007f2cf3130000, 0x00007f2cf334d7f0, 0x00007f2cfeed0000)
  to   space 194176K,   0% used [0x00007f2ce7390000, 0x00007f2ce7390000, 0x00007f2cf3130000)
 tenured generation   total 3884588K, used 3883393K [0x00007f31ddb50000, 0x00007f32cacdb000, 0x00007f3c88600000)
   the space 3884588K,  99% used [0x00007f31ddb50000, 0x00007f32cabb0550, 0x00007f32cabb0600, 0x00007f32cacdb000)
 Metaspace       used 24888K, capacity 25363K, committed 25600K, reserved 26624K
}
Event: 43745.694 GC heap before
{Heap before GC invocations=51462 (full 3):
 def new generation   total 1748160K, used 1556149K [0x00007f2c88600000, 0x00007f2cfeed0000, 0x00007f31ddb50000)
  eden space 1553984K, 100% used [0x00007f2c88600000, 0x00007f2ce7390000, 0x00007f2ce7390000)
  from space 194176K,   1% used [0x00007f2cf3130000, 0x00007f2cf334d7f0, 0x00007f2cfeed0000)
  to   space 194176K,   0% used [0x00007f2ce7390000, 0x00007f2ce7390000, 0x00007f2cf3130000)
 tenured generation   total 3884588K, used 3883393K [0x00007f31ddb50000, 0x00007f32cacdb000, 0x00007f3c88600000)
   the space 3884588K,  99% used [0x00007f31ddb50000, 0x00007f32cabb0550, 0x00007f32cabb0600, 0x00007f32cacdb000)
 Metaspace       used 24888K, capacity 25363K, committed 25600K, reserved 26624K
}
Event: 43745.705 GC heap after
{Heap after GC invocations=51463 (full 3):
 def new generation   total 1748160K, used 2046K [0x00007f2c88600000, 0x00007f2cfeed0000, 0x00007f31ddb50000)
  eden space 1553984K,   0% used [0x00007f2c88600000, 0x00007f2c88600000, 0x00007f2ce7390000)
  from space 194176K,   1% used [0x00007f2ce7390000, 0x00007f2ce758fa70, 0x00007f2cf3130000)
  to   space 194176K,   0% used [0x00007f2cf3130000, 0x00007f2cf3130000, 0x00007f2cfeed0000)
 tenured generation   total 3884588K, used 3883548K [0x00007f31ddb50000, 0x00007f32cacdb000, 0x00007f3c88600000)
   the space 3884588K,  99% used [0x00007f31ddb50000, 0x00007f32cabd73a8, 0x00007f32cabd7400, 0x00007f32cacdb000)
 Metaspace       used 24888K, capacity 25363K, committed 25600K, reserved 26624K
}
Event: 43747.229 GC heap before
{Heap before GC invocations=51463 (full 3):
 def new generation   total 1748160K, used 1556030K [0x00007f2c88600000, 0x00007f2cfeed0000, 0x00007f31ddb50000)
  eden space 1553984K, 100% used [0x00007f2c88600000, 0x00007f2ce7390000, 0x00007f2ce7390000)
  from space 194176K,   1% used [0x00007f2ce7390000, 0x00007f2ce758fa70, 0x00007f2cf3130000)
  to   space 194176K,   0% used [0x00007f2cf3130000, 0x00007f2cf3130000, 0x00007f2cfeed0000)
 tenured generation   total 3884588K, used 3883548K [0x00007f31ddb50000, 0x00007f32cacdb000, 0x00007f3c88600000)
   the space 3884588K,  99% used [0x00007f31ddb50000, 0x00007f32cabd73a8, 0x00007f32cabd7400, 0x00007f32cacdb000)
 Metaspace       used 24888K, capacity 25363K, committed 25600K, reserved 26624K
}
Event: 43747.238 GC heap after
{Heap after GC invocations=51464 (full 3):
 def new generation   total 1748160K, used 2138K [0x00007f2c88600000, 0x00007f2cfeed0000, 0x00007f31ddb50000)
  eden space 1553984K,   0% used [0x00007f2c88600000, 0x00007f2c88600000, 0x00007f2ce7390000)
  from space 194176K,   1% used [0x00007f2cf3130000, 0x00007f2cf3346aa0, 0x00007f2cfeed0000)
  to   space 194176K,   0% used [0x00007f2ce7390000, 0x00007f2ce7390000, 0x00007f2cf3130000)
 tenured generation   total 3884588K, used 3883673K [0x00007f31ddb50000, 0x00007f32cacdb000, 0x00007f3c88600000)
   the space 3884588K,  99% used [0x00007f31ddb50000, 0x00007f32cabf6588, 0x00007f32cabf6600, 0x00007f32cacdb000)
 Metaspace       used 24888K, capacity 25363K, committed 25600K, reserved 26624K
}
Event: 43748.816 GC heap before
{Heap before GC invocations=51464 (full 3):
 def new generation   total 1748160K, used 1556122K [0x00007f2c88600000, 0x00007f2cfeed0000, 0x00007f31ddb50000)
  eden space 1553984K, 100% used [0x00007f2c88600000, 0x00007f2ce7390000, 0x00007f2ce7390000)
  from space 194176K,   1% used [0x00007f2cf3130000, 0x00007f2cf3346aa0, 0x00007f2cfeed0000)
  to   space 194176K,   0% used [0x00007f2ce7390000, 0x00007f2ce7390000, 0x00007f2cf3130000)
 tenured generation   total 3884588K, used 3883673K [0x00007f31ddb50000, 0x00007f32cacdb000, 0x00007f3c88600000)
   the space 3884588K,  99% used [0x00007f31ddb50000, 0x00007f32cabf6588, 0x00007f32cabf6600, 0x00007f32cacdb000)
 Metaspace       used 24888K, capacity 25363K, committed 25600K, reserved 26624K
}
Event: 43748.828 GC heap after
{Heap after GC invocations=51465 (full 3):
 def new generation   total 1748160K, used 2132K [0x00007f2c88600000, 0x00007f2cfeed0000, 0x00007f31ddb50000)
  eden space 1553984K,   0% used [0x00007f2c88600000, 0x00007f2c88600000, 0x00007f2ce7390000)
  from space 194176K,   1% used [0x00007f2ce7390000, 0x00007f2ce75a5338, 0x00007f2cf3130000)
  to   space 194176K,   0% used [0x00007f2cf3130000, 0x00007f2cf3130000, 0x00007f2cfeed0000)
 tenured generation   total 3884588K, used 3883797K [0x00007f31ddb50000, 0x00007f32cacdb000, 0x00007f3c88600000)
   the space 3884588K,  99% used [0x00007f31ddb50000, 0x00007f32cac15768, 0x00007f32cac15800, 0x00007f32cacdb000)
 Metaspace       used 24888K, capacity 25363K, committed 25600K, reserved 26624K
}
Event: 43750.319 GC heap before
{Heap before GC invocations=51465 (full 3):
 def new generation   total 1748160K, used 1556116K [0x00007f2c88600000, 0x00007f2cfeed0000, 0x00007f31ddb50000)
  eden space 1553984K, 100% used [0x00007f2c88600000, 0x00007f2ce7390000, 0x00007f2ce7390000)
  from space 194176K,   1% used [0x00007f2ce7390000, 0x00007f2ce75a5338, 0x00007f2cf3130000)
  to   space 194176K,   0% used [0x00007f2cf3130000, 0x00007f2cf3130000, 0x00007f2cfeed0000)
 tenured generation   total 3884588K, used 3883797K [0x00007f31ddb50000, 0x00007f32cacdb000, 0x00007f3c88600000)
   the space 3884588K,  99% used [0x00007f31ddb50000, 0x00007f32cac15768, 0x00007f32cac15800, 0x00007f32cacdb000)
 Metaspace       used 24888K, capacity 25363K, committed 25600K, reserved 26624K
}
Event: 43750.331 GC heap after
{Heap after GC invocations=51466 (full 3):
 def new generation   total 1748160K, used 2186K [0x00007f2c88600000, 0x00007f2cfeed0000, 0x00007f31ddb50000)
  eden space 1553984K,   0% used [0x00007f2c88600000, 0x00007f2c88600000, 0x00007f2ce7390000)
  from space 194176K,   1% used [0x00007f2cf3130000, 0x00007f2cf3352a88, 0x00007f2cfeed0000)
  to   space 194176K,   0% used [0x00007f2ce7390000, 0x00007f2ce7390000, 0x00007f2cf3130000)
 tenured generation   total 3884588K, used 3883922K [0x00007f31ddb50000, 0x00007f32cacdb000, 0x00007f3c88600000)
   the space 3884588K,  99% used [0x00007f31ddb50000, 0x00007f32cac34948, 0x00007f32cac34a00, 0x00007f32cacdb000)
 Metaspace       used 24888K, capacity 25363K, committed 25600K, reserved 26624K
}
Event: 43751.848 GC heap before
{Heap before GC invocations=51466 (full 3):
 def new generation   total 1748160K, used 1556170K [0x00007f2c88600000, 0x00007f2cfeed0000, 0x00007f31ddb50000)
  eden space 1553984K, 100% used [0x00007f2c88600000, 0x00007f2ce7390000, 0x00007f2ce7390000)
  from space 194176K,   1% used [0x00007f2cf3130000, 0x00007f2cf3352a88, 0x00007f2cfeed0000)
  to   space 194176K,   0% used [0x00007f2ce7390000, 0x00007f2ce7390000, 0x00007f2cf3130000)
 tenured generation   total 3884588K, used 3883922K [0x00007f31ddb50000, 0x00007f32cacdb000, 0x00007f3c88600000)
   the space 3884588K,  99% used [0x00007f31ddb50000, 0x00007f32cac34948, 0x00007f32cac34a00, 0x00007f32cacdb000)
 Metaspace       used 24888K, capacity 25363K, committed 25600K, reserved 26624K
}
Event: 43751.859 GC heap after
{Heap after GC invocations=51467 (full 3):
 def new generation   total 1748160K, used 2044K [0x00007f2c88600000, 0x00007f2cfeed0000, 0x00007f31ddb50000)
  eden space 1553984K,   0% used [0x00007f2c88600000, 0x00007f2c88600000, 0x00007f2ce7390000)
  from space 194176K,   1% used [0x00007f2ce7390000, 0x00007f2ce758f380, 0x00007f2cf3130000)
  to   space 194176K,   0% used [0x00007f2cf3130000, 0x00007f2cf3130000, 0x00007f2cfeed0000)
 tenured generation   total 3884588K, used 3884077K [0x00007f31ddb50000, 0x00007f32cacdb000, 0x00007f3c88600000)
   the space 3884588K,  99% used [0x00007f31ddb50000, 0x00007f32cac5b7a0, 0x00007f32cac5b800, 0x00007f32cacdb000)
 Metaspace       used 24888K, capacity 25363K, committed 25600K, reserved 26624K
}
Event: 43753.378 GC heap before
{Heap before GC invocations=51467 (full 3):
 def new generation   total 1748160K, used 1556028K [0x00007f2c88600000, 0x00007f2cfeed0000, 0x00007f31ddb50000)
  eden space 1553984K, 100% used [0x00007f2c88600000, 0x00007f2ce7390000, 0x00007f2ce7390000)
  from space 194176K,   1% used [0x00007f2ce7390000, 0x00007f2ce758f380, 0x00007f2cf3130000)
  to   space 194176K,   0% used [0x00007f2cf3130000, 0x00007f2cf3130000, 0x00007f2cfeed0000)
 tenured generation   total 3884588K, used 3884077K [0x00007f31ddb50000, 0x00007f32cacdb000, 0x00007f3c88600000)
   the space 3884588K,  99% used [0x00007f31ddb50000, 0x00007f32cac5b7a0, 0x00007f32cac5b800, 0x00007f32cacdb000)
 Metaspace       used 24888K, capacity 25363K, committed 25600K, reserved 26624K
}
Event: 43753.389 GC heap after
{Heap after GC invocations=51468 (full 3):
 def new generation   total 1748160K, used 2099K [0x00007f2c88600000, 0x00007f2cfeed0000, 0x00007f31ddb50000)
  eden space 1553984K,   0% used [0x00007f2c88600000, 0x00007f2c88600000, 0x00007f2ce7390000)
  from space 194176K,   1% used [0x00007f2cf3130000, 0x00007f2cf333cda0, 0x00007f2cfeed0000)
  to   space 194176K,   0% used [0x00007f2ce7390000, 0x00007f2ce7390000, 0x00007f2cf3130000)
 tenured generation   total 3884588K, used 3884202K [0x00007f31ddb50000, 0x00007f32cacdb000, 0x00007f3c88600000)
   the space 3884588K,  99% used [0x00007f31ddb50000, 0x00007f32cac7a980, 0x00007f32cac7aa00, 0x00007f32cacdb000)
 Metaspace       used 24888K, capacity 25363K, committed 25600K, reserved 26624K
}
Event: 43754.872 GC heap before
{Heap before GC invocations=51468 (full 3):
 def new generation   total 1748160K, used 1556083K [0x00007f2c88600000, 0x00007f2cfeed0000, 0x00007f31ddb50000)
  eden space 1553984K, 100% used [0x00007f2c88600000, 0x00007f2ce7390000, 0x00007f2ce7390000)
  from space 194176K,   1% used [0x00007f2cf3130000, 0x00007f2cf333cda0, 0x00007f2cfeed0000)
  to   space 194176K,   0% used [0x00007f2ce7390000, 0x00007f2ce7390000, 0x00007f2cf3130000)
 tenured generation   total 3884588K, used 3884202K [0x00007f31ddb50000, 0x00007f32cacdb000, 0x00007f3c88600000)
   the space 3884588K,  99% used [0x00007f31ddb50000, 0x00007f32cac7a980, 0x00007f32cac7aa00, 0x00007f32cacdb000)
 Metaspace       used 24888K, capacity 25363K, committed 25600K, reserved 26624K
}
Event: 43754.882 GC heap after
{Heap after GC invocations=51469 (full 3):
 def new generation   total 1748160K, used 2202K [0x00007f2c88600000, 0x00007f2cfeed0000, 0x00007f31ddb50000)
  eden space 1553984K,   0% used [0x00007f2c88600000, 0x00007f2c88600000, 0x00007f2ce7390000)
  from space 194176K,   1% used [0x00007f2ce7390000, 0x00007f2ce75b69b0, 0x00007f2cf3130000)
  to   space 194176K,   0% used [0x00007f2cf3130000, 0x00007f2cf3130000, 0x00007f2cfeed0000)
 tenured generation   total 3884588K, used 3884326K [0x00007f31ddb50000, 0x00007f32cacdb000, 0x00007f3c88600000)
   the space 3884588K,  99% used [0x00007f31ddb50000, 0x00007f32cac99b60, 0x00007f32cac99c00, 0x00007f32cacdb000)
 Metaspace       used 24888K, capacity 25363K, committed 25600K, reserved 26624K
}
Event: 43756.415 GC heap before
{Heap before GC invocations=51469 (full 3):
 def new generation   total 1748160K, used 1556186K [0x00007f2c88600000, 0x00007f2cfeed0000, 0x00007f31ddb50000)
  eden space 1553984K, 100% used [0x00007f2c88600000, 0x00007f2ce7390000, 0x00007f2ce7390000)
  from space 194176K,   1% used [0x00007f2ce7390000, 0x00007f2ce75b69b0, 0x00007f2cf3130000)
  to   space 194176K,   0% used [0x00007f2cf3130000, 0x00007f2cf3130000, 0x00007f2cfeed0000)
 tenured generation   total 3884588K, used 3884326K [0x00007f31ddb50000, 0x00007f32cacdb000, 0x00007f3c88600000)
   the space 3884588K,  99% used [0x00007f31ddb50000, 0x00007f32cac99b60, 0x00007f32cac99c00, 0x00007f32cacdb000)
 Metaspace       used 24888K, capacity 25363K, committed 25600K, reserved 26624K
}
Event: 43756.423 GC heap after
{Heap after GC invocations=51470 (full 3):
 def new generation   total 1748160K, used 2200K [0x00007f2c88600000, 0x00007f2cfeed0000, 0x00007f31ddb50000)
  eden space 1553984K,   0% used [0x00007f2c88600000, 0x00007f2c88600000, 0x00007f2ce7390000)
  from space 194176K,   1% used [0x00007f2cf3130000, 0x00007f2cf33561b8, 0x00007f2cfeed0000)
  to   space 194176K,   0% used [0x00007f2ce7390000, 0x00007f2ce7390000, 0x00007f2cf3130000)
 tenured generation   total 3884588K, used 3884451K [0x00007f31ddb50000, 0x00007f32cacdb000, 0x00007f3c88600000)
   the space 3884588K,  99% used [0x00007f31ddb50000, 0x00007f32cacb8d40, 0x00007f32cacb8e00, 0x00007f32cacdb000)
 Metaspace       used 24888K, capacity 25363K, committed 25600K, reserved 26624K
}
Event: 43757.924 GC heap before
{Heap before GC invocations=51470 (full 3):
 def new generation   total 1748160K, used 1556184K [0x00007f2c88600000, 0x00007f2cfeed0000, 0x00007f31ddb50000)
  eden space 1553984K, 100% used [0x00007f2c88600000, 0x00007f2ce7390000, 0x00007f2ce7390000)
  from space 194176K,   1% used [0x00007f2cf3130000, 0x00007f2cf33561b8, 0x00007f2cfeed0000)
  to   space 194176K,   0% used [0x00007f2ce7390000, 0x00007f2ce7390000, 0x00007f2cf3130000)
 tenured generation   total 3884588K, used 3884451K [0x00007f31ddb50000, 0x00007f32cacdb000, 0x00007f3c88600000)
   the space 3884588K,  99% used [0x00007f31ddb50000, 0x00007f32cacb8d40, 0x00007f32cacb8e00, 0x00007f32cacdb000)
 Metaspace       used 24888K, capacity 25363K, committed 25600K, reserved 26624K
}
Event: 43757.936 GC heap after
{Heap after GC invocations=51471 (full 3):
 def new generation   total 1748160K, used 2060K [0x00007f2c88600000, 0x00007f2cfeed0000, 0x00007f31ddb50000)
  eden space 1553984K,   0% used [0x00007f2c88600000, 0x00007f2c88600000, 0x00007f2ce7390000)
  from space 194176K,   1% used [0x00007f2ce7390000, 0x00007f2ce75931a0, 0x00007f2cf3130000)
  to   space 194176K,   0% used [0x00007f2cf3130000, 0x00007f2cf3130000, 0x00007f2cfeed0000)
 tenured generation   total 3884780K, used 3884606K [0x00007f31ddb50000, 0x00007f32cad0b000, 0x00007f3c88600000)
   the space 3884780K,  99% used [0x00007f31ddb50000, 0x00007f32cacdfb98, 0x00007f32cacdfc00, 0x00007f32cad0b000)
 Metaspace       used 24888K, capacity 25363K, committed 25600K, reserved 26624K
}
Event: 43757.936 GC heap before
{Heap before GC invocations=51471 (full 3):
 def new generation   total 1748160K, used 2060K [0x00007f2c88600000, 0x00007f2cfeed0000, 0x00007f31ddb50000)
  eden space 1553984K,   0% used [0x00007f2c88600000, 0x00007f2c88600000, 0x00007f2ce7390000)
  from space 194176K,   1% used [0x00007f2ce7390000, 0x00007f2ce75931a0, 0x00007f2cf3130000)
  to   space 194176K,   0% used [0x00007f2cf3130000, 0x00007f2cf3130000, 0x00007f2cfeed0000)
 tenured generation   total 3884780K, used 3884606K [0x00007f31ddb50000, 0x00007f32cad0b000, 0x00007f3c88600000)
   the space 3884780K,  99% used [0x00007f31ddb50000, 0x00007f32cacdfb98, 0x00007f32cacdfc00, 0x00007f32cad0b000)
 Metaspace       used 24888K, capacity 25363K, committed 25600K, reserved 26624K
}

