# JRE version: OpenJDK Runtime Environment (13.0.7+5) (build 13.0.7+5-Ubuntu-0ubuntu120.04)
# Java VM: OpenJDK 64-Bit Server VM (13.0.7+5-Ubuntu-0ubuntu120.04, mixed mode, tiered, serial gc, linux-amd64)
Heap:
 def new generation   total 2870592K, used 8192K [0x00007f8b30600000, 0x00007f8bf30c0000, 0x00007f9085b50000)
  eden space 2551680K,   0% used [0x00007f8b30600000, 0x00007f8b30e00358, 0x00007f8bcc1e0000)
  from space 318912K,   0% used [0x00007f8bcc1e0000, 0x00007f8bcc1e0000, 0x00007f8bdf950000)
  to   space 318912K,   0% used [0x00007f8bdf950000, 0x00007f8bdf950000, 0x00007f8bf30c0000)
 tenured generation   total 6379372K, used 6379371K [0x00007f9085b50000, 0x00007f920b12b000, 0x00007f9b30600000)
   the space 6379372K,  99% used [0x00007f9085b50000, 0x00007f920b12afb0, 0x00007f920b12b000, 0x00007f920b12b000)
 Metaspace       used 25067K, capacity 25500K, committed 25600K, reserved 26624K
GC Heap History (20 events):
Event: 42627.109 GC heap after
{Heap after GC invocations=40813 (full 4):
 def new generation   total 2870592K, used 8495K [0x00007f8b30600000, 0x00007f8bf30c0000, 0x00007f9085b50000)
  eden space 2551680K,   0% used [0x00007f8b30600000, 0x00007f8b30600000, 0x00007f8bcc1e0000)
  from space 318912K,   2% used [0x00007f8bdf950000, 0x00007f8be019bc90, 0x00007f8bf30c0000)
  to   space 318912K,   0% used [0x00007f8bcc1e0000, 0x00007f8bcc1e0000, 0x00007f8bdf950000)
 tenured generation   total 6378988K, used 6374105K [0x00007f9085b50000, 0x00007f920b0cb000, 0x00007f9b30600000)
   the space 6378988K,  99% used [0x00007f9085b50000, 0x00007f920ac06640, 0x00007f920ac06800, 0x00007f920b0cb000)
 Metaspace       used 25067K, capacity 25500K, committed 25600K, reserved 26624K
}
Event: 42629.503 GC heap before
{Heap before GC invocations=40813 (full 4):
 def new generation   total 2870592K, used 2560175K [0x00007f8b30600000, 0x00007f8bf30c0000, 0x00007f9085b50000)
  eden space 2551680K, 100% used [0x00007f8b30600000, 0x00007f8bcc1e0000, 0x00007f8bcc1e0000)
  from space 318912K,   2% used [0x00007f8bdf950000, 0x00007f8be019bc90, 0x00007f8bf30c0000)
  to   space 318912K,   0% used [0x00007f8bcc1e0000, 0x00007f8bcc1e0000, 0x00007f8bdf950000)
 tenured generation   total 6378988K, used 6374105K [0x00007f9085b50000, 0x00007f920b0cb000, 0x00007f9b30600000)
   the space 6378988K,  99% used [0x00007f9085b50000, 0x00007f920ac06640, 0x00007f920ac06800, 0x00007f920b0cb000)
 Metaspace       used 25067K, capacity 25500K, committed 25600K, reserved 26624K
}
Event: 42629.528 GC heap after
{Heap after GC invocations=40814 (full 4):
 def new generation   total 2870592K, used 8495K [0x00007f8b30600000, 0x00007f8bf30c0000, 0x00007f9085b50000)
  eden space 2551680K,   0% used [0x00007f8b30600000, 0x00007f8b30600000, 0x00007f8bcc1e0000)
  from space 318912K,   2% used [0x00007f8bcc1e0000, 0x00007f8bcca2bfc8, 0x00007f8bdf950000)
  to   space 318912K,   0% used [0x00007f8bdf950000, 0x00007f8bdf950000, 0x00007f8bf30c0000)
 tenured generation   total 6378988K, used 6374671K [0x00007f9085b50000, 0x00007f920b0cb000, 0x00007f9b30600000)
   the space 6378988K,  99% used [0x00007f9085b50000, 0x00007f920ac93c20, 0x00007f920ac93e00, 0x00007f920b0cb000)
 Metaspace       used 25067K, capacity 25500K, committed 25600K, reserved 26624K
}
Event: 42631.941 GC heap before
{Heap before GC invocations=40814 (full 4):
 def new generation   total 2870592K, used 2560175K [0x00007f8b30600000, 0x00007f8bf30c0000, 0x00007f9085b50000)
  eden space 2551680K, 100% used [0x00007f8b30600000, 0x00007f8bcc1e0000, 0x00007f8bcc1e0000)
  from space 318912K,   2% used [0x00007f8bcc1e0000, 0x00007f8bcca2bfc8, 0x00007f8bdf950000)
  to   space 318912K,   0% used [0x00007f8bdf950000, 0x00007f8bdf950000, 0x00007f8bf30c0000)
 tenured generation   total 6378988K, used 6374671K [0x00007f9085b50000, 0x00007f920b0cb000, 0x00007f9b30600000)
   the space 6378988K,  99% used [0x00007f9085b50000, 0x00007f920ac93c20, 0x00007f920ac93e00, 0x00007f920b0cb000)
 Metaspace       used 25067K, capacity 25500K, committed 25600K, reserved 26624K
}
Event: 42631.965 GC heap after
{Heap after GC invocations=40815 (full 4):
 def new generation   total 2870592K, used 8500K [0x00007f8b30600000, 0x00007f8bf30c0000, 0x00007f9085b50000)
  eden space 2551680K,   0% used [0x00007f8b30600000, 0x00007f8b30600000, 0x00007f8bcc1e0000)
  from space 318912K,   2% used [0x00007f8bdf950000, 0x00007f8be019d1c0, 0x00007f8bf30c0000)
  to   space 318912K,   0% used [0x00007f8bcc1e0000, 0x00007f8bcc1e0000, 0x00007f8bdf950000)
 tenured generation   total 6378988K, used 6375220K [0x00007f9085b50000, 0x00007f920b0cb000, 0x00007f9b30600000)
   the space 6378988K,  99% used [0x00007f9085b50000, 0x00007f920ad1d278, 0x00007f920ad1d400, 0x00007f920b0cb000)
 Metaspace       used 25067K, capacity 25500K, committed 25600K, reserved 26624K
}
Event: 42634.359 GC heap before
{Heap before GC invocations=40815 (full 4):
 def new generation   total 2870592K, used 2560180K [0x00007f8b30600000, 0x00007f8bf30c0000, 0x00007f9085b50000)
  eden space 2551680K, 100% used [0x00007f8b30600000, 0x00007f8bcc1e0000, 0x00007f8bcc1e0000)
  from space 318912K,   2% used [0x00007f8bdf950000, 0x00007f8be019d1c0, 0x00007f8bf30c0000)
  to   space 318912K,   0% used [0x00007f8bcc1e0000, 0x00007f8bcc1e0000, 0x00007f8bdf950000)
 tenured generation   total 6378988K, used 6375220K [0x00007f9085b50000, 0x00007f920b0cb000, 0x00007f9b30600000)
   the space 6378988K,  99% used [0x00007f9085b50000, 0x00007f920ad1d278, 0x00007f920ad1d400, 0x00007f920b0cb000)
 Metaspace       used 25067K, capacity 25500K, committed 25600K, reserved 26624K
}
Event: 42634.385 GC heap after
{Heap after GC invocations=40816 (full 4):
 def new generation   total 2870592K, used 8496K [0x00007f8b30600000, 0x00007f8bf30c0000, 0x00007f9085b50000)
  eden space 2551680K,   0% used [0x00007f8b30600000, 0x00007f8b30600000, 0x00007f8bcc1e0000)
  from space 318912K,   2% used [0x00007f8bcc1e0000, 0x00007f8bcca2c218, 0x00007f8bdf950000)
  to   space 318912K,   0% used [0x00007f8bdf950000, 0x00007f8bdf950000, 0x00007f8bf30c0000)
 tenured generation   total 6378988K, used 6375786K [0x00007f9085b50000, 0x00007f920b0cb000, 0x00007f9b30600000)
   the space 6378988K,  99% used [0x00007f9085b50000, 0x00007f920adaa858, 0x00007f920adaaa00, 0x00007f920b0cb000)
 Metaspace       used 25067K, capacity 25500K, committed 25600K, reserved 26624K
}
Event: 42636.786 GC heap before
{Heap before GC invocations=40816 (full 4):
 def new generation   total 2870592K, used 2560176K [0x00007f8b30600000, 0x00007f8bf30c0000, 0x00007f9085b50000)
  eden space 2551680K, 100% used [0x00007f8b30600000, 0x00007f8bcc1e0000, 0x00007f8bcc1e0000)
  from space 318912K,   2% used [0x00007f8bcc1e0000, 0x00007f8bcca2c218, 0x00007f8bdf950000)
  to   space 318912K,   0% used [0x00007f8bdf950000, 0x00007f8bdf950000, 0x00007f8bf30c0000)
 tenured generation   total 6378988K, used 6375786K [0x00007f9085b50000, 0x00007f920b0cb000, 0x00007f9b30600000)
   the space 6378988K,  99% used [0x00007f9085b50000, 0x00007f920adaa858, 0x00007f920adaaa00, 0x00007f920b0cb000)
 Metaspace       used 25067K, capacity 25500K, committed 25600K, reserved 26624K
}
Event: 42636.812 GC heap after
{Heap after GC invocations=40817 (full 4):
 def new generation   total 2870592K, used 8495K [0x00007f8b30600000, 0x00007f8bf30c0000, 0x00007f9085b50000)
  eden space 2551680K,   0% used [0x00007f8b30600000, 0x00007f8b30600000, 0x00007f8bcc1e0000)
  from space 318912K,   2% used [0x00007f8bdf950000, 0x00007f8be019bd18, 0x00007f8bf30c0000)
  to   space 318912K,   0% used [0x00007f8bcc1e0000, 0x00007f8bcc1e0000, 0x00007f8bdf950000)
 tenured generation   total 6378988K, used 6376331K [0x00007f9085b50000, 0x00007f920b0cb000, 0x00007f9b30600000)
   the space 6378988K,  99% used [0x00007f9085b50000, 0x00007f920ae32d70, 0x00007f920ae32e00, 0x00007f920b0cb000)
 Metaspace       used 25067K, capacity 25500K, committed 25600K, reserved 26624K
}
Event: 42639.205 GC heap before
{Heap before GC invocations=40817 (full 4):
 def new generation   total 2870592K, used 2560175K [0x00007f8b30600000, 0x00007f8bf30c0000, 0x00007f9085b50000)
  eden space 2551680K, 100% used [0x00007f8b30600000, 0x00007f8bcc1e0000, 0x00007f8bcc1e0000)
  from space 318912K,   2% used [0x00007f8bdf950000, 0x00007f8be019bd18, 0x00007f8bf30c0000)
  to   space 318912K,   0% used [0x00007f8bcc1e0000, 0x00007f8bcc1e0000, 0x00007f8bdf950000)
 tenured generation   total 6378988K, used 6376331K [0x00007f9085b50000, 0x00007f920b0cb000, 0x00007f9b30600000)
   the space 6378988K,  99% used [0x00007f9085b50000, 0x00007f920ae32d70, 0x00007f920ae32e00, 0x00007f920b0cb000)
 Metaspace       used 25067K, capacity 25500K, committed 25600K, reserved 26624K
}
Event: 42639.228 GC heap after
{Heap after GC invocations=40818 (full 4):
 def new generation   total 2870592K, used 8496K [0x00007f8b30600000, 0x00007f8bf30c0000, 0x00007f9085b50000)
  eden space 2551680K,   0% used [0x00007f8b30600000, 0x00007f8b30600000, 0x00007f8bcc1e0000)
  from space 318912K,   2% used [0x00007f8bcc1e0000, 0x00007f8bcca2c058, 0x00007f8bdf950000)
  to   space 318912K,   0% used [0x00007f8bdf950000, 0x00007f8bdf950000, 0x00007f8bf30c0000)
 tenured generation   total 6378988K, used 6376896K [0x00007f9085b50000, 0x00007f920b0cb000, 0x00007f9b30600000)
   the space 6378988K,  99% used [0x00007f9085b50000, 0x00007f920aec0350, 0x00007f920aec0400, 0x00007f920b0cb000)
 Metaspace       used 25067K, capacity 25500K, committed 25600K, reserved 26624K
}
Event: 42641.658 GC heap before
{Heap before GC invocations=40818 (full 4):
 def new generation   total 2870592K, used 2560176K [0x00007f8b30600000, 0x00007f8bf30c0000, 0x00007f9085b50000)
  eden space 2551680K, 100% used [0x00007f8b30600000, 0x00007f8bcc1e0000, 0x00007f8bcc1e0000)
  from space 318912K,   2% used [0x00007f8bcc1e0000, 0x00007f8bcca2c058, 0x00007f8bdf950000)
  to   space 318912K,   0% used [0x00007f8bdf950000, 0x00007f8bdf950000, 0x00007f8bf30c0000)
 tenured generation   total 6378988K, used 6376896K [0x00007f9085b50000, 0x00007f920b0cb000, 0x00007f9b30600000)
   the space 6378988K,  99% used [0x00007f9085b50000, 0x00007f920aec0350, 0x00007f920aec0400, 0x00007f920b0cb000)
 Metaspace       used 25067K, capacity 25500K, committed 25600K, reserved 26624K
}
Event: 42641.683 GC heap after
{Heap after GC invocations=40819 (full 4):
 def new generation   total 2870592K, used 8495K [0x00007f8b30600000, 0x00007f8bf30c0000, 0x00007f9085b50000)
  eden space 2551680K,   0% used [0x00007f8b30600000, 0x00007f8b30600000, 0x00007f8bcc1e0000)
  from space 318912K,   2% used [0x00007f8bdf950000, 0x00007f8be019bf98, 0x00007f8bf30c0000)
  to   space 318912K,   0% used [0x00007f8bcc1e0000, 0x00007f8bcc1e0000, 0x00007f8bdf950000)
 tenured generation   total 6378988K, used 6377442K [0x00007f9085b50000, 0x00007f920b0cb000, 0x00007f9b30600000)
   the space 6378988K,  99% used [0x00007f9085b50000, 0x00007f920af48868, 0x00007f920af48a00, 0x00007f920b0cb000)
 Metaspace       used 25067K, capacity 25500K, committed 25600K, reserved 26624K
}
Event: 42644.238 GC heap before
{Heap before GC invocations=40819 (full 4):
 def new generation   total 2870592K, used 2560175K [0x00007f8b30600000, 0x00007f8bf30c0000, 0x00007f9085b50000)
  eden space 2551680K, 100% used [0x00007f8b30600000, 0x00007f8bcc1e0000, 0x00007f8bcc1e0000)
  from space 318912K,   2% used [0x00007f8bdf950000, 0x00007f8be019bf98, 0x00007f8bf30c0000)
  to   space 318912K,   0% used [0x00007f8bcc1e0000, 0x00007f8bcc1e0000, 0x00007f8bdf950000)
 tenured generation   total 6378988K, used 6377442K [0x00007f9085b50000, 0x00007f920b0cb000, 0x00007f9b30600000)
   the space 6378988K,  99% used [0x00007f9085b50000, 0x00007f920af48868, 0x00007f920af48a00, 0x00007f920b0cb000)
 Metaspace       used 25067K, capacity 25500K, committed 25600K, reserved 26624K
}
Event: 42644.258 GC heap after
{Heap after GC invocations=40820 (full 4):
 def new generation   total 2870592K, used 8360K [0x00007f8b30600000, 0x00007f8bf30c0000, 0x00007f9085b50000)
  eden space 2551680K,   0% used [0x00007f8b30600000, 0x00007f8b30600000, 0x00007f8bcc1e0000)
  from space 318912K,   2% used [0x00007f8bcc1e0000, 0x00007f8bcca0a0c8, 0x00007f8bdf950000)
  to   space 318912K,   0% used [0x00007f8bdf950000, 0x00007f8bdf950000, 0x00007f8bf30c0000)
 tenured generation   total 6378988K, used 6378095K [0x00007f9085b50000, 0x00007f920b0cb000, 0x00007f9b30600000)
   the space 6378988K,  99% used [0x00007f9085b50000, 0x00007f920afebf08, 0x00007f920afec000, 0x00007f920b0cb000)
 Metaspace       used 25067K, capacity 25500K, committed 25600K, reserved 26624K
}
Event: 42646.783 GC heap before
{Heap before GC invocations=40820 (full 4):
 def new generation   total 2870592K, used 2560040K [0x00007f8b30600000, 0x00007f8bf30c0000, 0x00007f9085b50000)
  eden space 2551680K, 100% used [0x00007f8b30600000, 0x00007f8bcc1e0000, 0x00007f8bcc1e0000)
  from space 318912K,   2% used [0x00007f8bcc1e0000, 0x00007f8bcca0a0c8, 0x00007f8bdf950000)
  to   space 318912K,   0% used [0x00007f8bdf950000, 0x00007f8bdf950000, 0x00007f8bf30c0000)
 tenured generation   total 6378988K, used 6378095K [0x00007f9085b50000, 0x00007f920b0cb000, 0x00007f9b30600000)
   the space 6378988K,  99% used [0x00007f9085b50000, 0x00007f920afebf08, 0x00007f920afec000, 0x00007f920b0cb000)
 Metaspace       used 25067K, capacity 25500K, committed 25600K, reserved 26624K
}
Event: 42646.806 GC heap after
{Heap after GC invocations=40821 (full 4):
 def new generation   total 2870592K, used 8406K [0x00007f8b30600000, 0x00007f8bf30c0000, 0x00007f9085b50000)
  eden space 2551680K,   0% used [0x00007f8b30600000, 0x00007f8b30600000, 0x00007f8bcc1e0000)
  from space 318912K,   2% used [0x00007f8bdf950000, 0x00007f8be0185a10, 0x00007f8bf30c0000)
  to   space 318912K,   0% used [0x00007f8bcc1e0000, 0x00007f8bcc1e0000, 0x00007f8bdf950000)
 tenured generation   total 6378988K, used 6378641K [0x00007f9085b50000, 0x00007f920b0cb000, 0x00007f9b30600000)
   the space 6378988K,  99% used [0x00007f9085b50000, 0x00007f920b074420, 0x00007f920b074600, 0x00007f920b0cb000)
 Metaspace       used 25067K, capacity 25500K, committed 25600K, reserved 26624K
}
Event: 42649.313 GC heap before
{Heap before GC invocations=40821 (full 4):
 def new generation   total 2870592K, used 2560086K [0x00007f8b30600000, 0x00007f8bf30c0000, 0x00007f9085b50000)
  eden space 2551680K, 100% used [0x00007f8b30600000, 0x00007f8bcc1e0000, 0x00007f8bcc1e0000)
  from space 318912K,   2% used [0x00007f8bdf950000, 0x00007f8be0185a10, 0x00007f8bf30c0000)
  to   space 318912K,   0% used [0x00007f8bcc1e0000, 0x00007f8bcc1e0000, 0x00007f8bdf950000)
 tenured generation   total 6378988K, used 6378641K [0x00007f9085b50000, 0x00007f920b0cb000, 0x00007f9b30600000)
   the space 6378988K,  99% used [0x00007f9085b50000, 0x00007f920b074420, 0x00007f920b074600, 0x00007f920b0cb000)
 Metaspace       used 25067K, capacity 25500K, committed 25600K, reserved 26624K
}
Event: 42649.339 GC heap after
{Heap after GC invocations=40822 (full 4):
 def new generation   total 2870592K, used 8358K [0x00007f8b30600000, 0x00007f8bf30c0000, 0x00007f9085b50000)
  eden space 2551680K,   0% used [0x00007f8b30600000, 0x00007f8b30600000, 0x00007f8bcc1e0000)
  from space 318912K,   2% used [0x00007f8bcc1e0000, 0x00007f8bcca09908, 0x00007f8bdf950000)
  to   space 318912K,   0% used [0x00007f8bdf950000, 0x00007f8bdf950000, 0x00007f8bf30c0000)
 tenured generation   total 6379372K, used 6379206K [0x00007f9085b50000, 0x00007f920b12b000, 0x00007f9b30600000)
   the space 6379372K,  99% used [0x00007f9085b50000, 0x00007f920b101a00, 0x00007f920b101a00, 0x00007f920b12b000)
 Metaspace       used 25067K, capacity 25500K, committed 25600K, reserved 26624K
}
Event: 42649.339 GC heap before
{Heap before GC invocations=40822 (full 4):
 def new generation   total 2870592K, used 8358K [0x00007f8b30600000, 0x00007f8bf30c0000, 0x00007f9085b50000)
  eden space 2551680K,   0% used [0x00007f8b30600000, 0x00007f8b30600000, 0x00007f8bcc1e0000)
  from space 318912K,   2% used [0x00007f8bcc1e0000, 0x00007f8bcca09908, 0x00007f8bdf950000)
  to   space 318912K,   0% used [0x00007f8bdf950000, 0x00007f8bdf950000, 0x00007f8bf30c0000)
 tenured generation   total 6379372K, used 6379206K [0x00007f9085b50000, 0x00007f920b12b000, 0x00007f9b30600000)
   the space 6379372K,  99% used [0x00007f9085b50000, 0x00007f920b101a00, 0x00007f920b101a00, 0x00007f920b12b000)
 Metaspace       used 25067K, capacity 25500K, committed 25600K, reserved 26624K
}

