# JRE version: OpenJDK Runtime Environment (13.0.7+5) (build 13.0.7+5-Ubuntu-0ubuntu120.04)
# Java VM: OpenJDK 64-Bit Server VM (13.0.7+5-Ubuntu-0ubuntu120.04, mixed mode, tiered, serial gc, linux-amd64)
Heap:
 def new generation   total 1048832K, used 633K [0x00007f6afc600000, 0x00007f6b43800000, 0x00007f7051b50000)
  eden space 932352K,   0% used [0x00007f6afc600000, 0x00007f6afc69e590, 0x00007f6b35480000)
  from space 116480K,   0% used [0x00007f6b3c640000, 0x00007f6b3c640000, 0x00007f6b43800000)
  to   space 116480K,   0% used [0x00007f6b35480000, 0x00007f6b35480000, 0x00007f6b3c640000)
 tenured generation   total 2330752K, used 2330751K [0x00007f7051b50000, 0x00007f70dff70000, 0x00007f7afc600000)
   the space 2330752K,  99% used [0x00007f7051b50000, 0x00007f70dff6ffc8, 0x00007f70dff70000, 0x00007f70dff70000)
 Metaspace       used 24818K, capacity 25244K, committed 25344K, reserved 26624K
GC Heap History (20 events):
Event: 47068.568 GC heap after
{Heap after GC invocations=78105 (full 2):
 def new generation   total 1048832K, used 909K [0x00007f6afc600000, 0x00007f6b43800000, 0x00007f7051b50000)
  eden space 932352K,   0% used [0x00007f6afc600000, 0x00007f6afc600000, 0x00007f6b35480000)
  from space 116480K,   0% used [0x00007f6b35480000, 0x00007f6b35563770, 0x00007f6b3c640000)
  to   space 116480K,   0% used [0x00007f6b3c640000, 0x00007f6b3c640000, 0x00007f6b43800000)
 tenured generation   total 2330560K, used 2330207K [0x00007f7051b50000, 0x00007f70dff40000, 0x00007f7afc600000)
   the space 2330560K,  99% used [0x00007f7051b50000, 0x00007f70dfee7da8, 0x00007f70dfee7e00, 0x00007f70dff40000)
 Metaspace       used 24818K, capacity 25244K, committed 25344K, reserved 26624K
}
Event: 47069.352 GC heap before
{Heap before GC invocations=78105 (full 2):
 def new generation   total 1048832K, used 933261K [0x00007f6afc600000, 0x00007f6b43800000, 0x00007f7051b50000)
  eden space 932352K, 100% used [0x00007f6afc600000, 0x00007f6b35480000, 0x00007f6b35480000)
  from space 116480K,   0% used [0x00007f6b35480000, 0x00007f6b35563770, 0x00007f6b3c640000)
  to   space 116480K,   0% used [0x00007f6b3c640000, 0x00007f6b3c640000, 0x00007f6b43800000)
 tenured generation   total 2330560K, used 2330207K [0x00007f7051b50000, 0x00007f70dff40000, 0x00007f7afc600000)
   the space 2330560K,  99% used [0x00007f7051b50000, 0x00007f70dfee7da8, 0x00007f70dfee7e00, 0x00007f70dff40000)
 Metaspace       used 24818K, capacity 25244K, committed 25344K, reserved 26624K
}
Event: 47069.358 GC heap after
{Heap after GC invocations=78106 (full 2):
 def new generation   total 1048832K, used 880K [0x00007f6afc600000, 0x00007f6b43800000, 0x00007f7051b50000)
  eden space 932352K,   0% used [0x00007f6afc600000, 0x00007f6afc600000, 0x00007f6b35480000)
  from space 116480K,   0% used [0x00007f6b3c640000, 0x00007f6b3c71c2f8, 0x00007f6b43800000)
  to   space 116480K,   0% used [0x00007f6b35480000, 0x00007f6b35480000, 0x00007f6b3c640000)
 tenured generation   total 2330560K, used 2330248K [0x00007f7051b50000, 0x00007f70dff40000, 0x00007f7afc600000)
   the space 2330560K,  99% used [0x00007f7051b50000, 0x00007f70dfef2168, 0x00007f70dfef2200, 0x00007f70dff40000)
 Metaspace       used 24818K, capacity 25244K, committed 25344K, reserved 26624K
}
Event: 47070.166 GC heap before
{Heap before GC invocations=78106 (full 2):
 def new generation   total 1048832K, used 933231K [0x00007f6afc600000, 0x00007f6b43800000, 0x00007f7051b50000)
  eden space 932352K,  99% used [0x00007f6afc600000, 0x00007f6b3547fbb8, 0x00007f6b35480000)
  from space 116480K,   0% used [0x00007f6b3c640000, 0x00007f6b3c71c2f8, 0x00007f6b43800000)
  to   space 116480K,   0% used [0x00007f6b35480000, 0x00007f6b35480000, 0x00007f6b3c640000)
 tenured generation   total 2330560K, used 2330248K [0x00007f7051b50000, 0x00007f70dff40000, 0x00007f7afc600000)
   the space 2330560K,  99% used [0x00007f7051b50000, 0x00007f70dfef2168, 0x00007f70dfef2200, 0x00007f70dff40000)
 Metaspace       used 24818K, capacity 25244K, committed 25344K, reserved 26624K
}
Event: 47070.173 GC heap after
{Heap after GC invocations=78107 (full 2):
 def new generation   total 1048832K, used 870K [0x00007f6afc600000, 0x00007f6b43800000, 0x00007f7051b50000)
  eden space 932352K,   0% used [0x00007f6afc600000, 0x00007f6afc600000, 0x00007f6b35480000)
  from space 116480K,   0% used [0x00007f6b35480000, 0x00007f6b35559820, 0x00007f6b3c640000)
  to   space 116480K,   0% used [0x00007f6b3c640000, 0x00007f6b3c640000, 0x00007f6b43800000)
 tenured generation   total 2330560K, used 2330289K [0x00007f7051b50000, 0x00007f70dff40000, 0x00007f7afc600000)
   the space 2330560K,  99% used [0x00007f7051b50000, 0x00007f70dfefc528, 0x00007f70dfefc600, 0x00007f70dff40000)
 Metaspace       used 24818K, capacity 25244K, committed 25344K, reserved 26624K
}
Event: 47070.993 GC heap before
{Heap before GC invocations=78107 (full 2):
 def new generation   total 1048832K, used 933222K [0x00007f6afc600000, 0x00007f6b43800000, 0x00007f7051b50000)
  eden space 932352K, 100% used [0x00007f6afc600000, 0x00007f6b35480000, 0x00007f6b35480000)
  from space 116480K,   0% used [0x00007f6b35480000, 0x00007f6b35559820, 0x00007f6b3c640000)
  to   space 116480K,   0% used [0x00007f6b3c640000, 0x00007f6b3c640000, 0x00007f6b43800000)
 tenured generation   total 2330560K, used 2330289K [0x00007f7051b50000, 0x00007f70dff40000, 0x00007f7afc600000)
   the space 2330560K,  99% used [0x00007f7051b50000, 0x00007f70dfefc528, 0x00007f70dfefc600, 0x00007f70dff40000)
 Metaspace       used 24818K, capacity 25244K, committed 25344K, reserved 26624K
}
Event: 47070.998 GC heap after
{Heap after GC invocations=78108 (full 2):
 def new generation   total 1048832K, used 854K [0x00007f6afc600000, 0x00007f6b43800000, 0x00007f7051b50000)
  eden space 932352K,   0% used [0x00007f6afc600000, 0x00007f6afc600000, 0x00007f6b35480000)
  from space 116480K,   0% used [0x00007f6b3c640000, 0x00007f6b3c715ba0, 0x00007f6b43800000)
  to   space 116480K,   0% used [0x00007f6b35480000, 0x00007f6b35480000, 0x00007f6b3c640000)
 tenured generation   total 2330560K, used 2330330K [0x00007f7051b50000, 0x00007f70dff40000, 0x00007f7afc600000)
   the space 2330560K,  99% used [0x00007f7051b50000, 0x00007f70dff068e8, 0x00007f70dff06a00, 0x00007f70dff40000)
 Metaspace       used 24818K, capacity 25244K, committed 25344K, reserved 26624K
}
Event: 47071.807 GC heap before
{Heap before GC invocations=78108 (full 2):
 def new generation   total 1048832K, used 933206K [0x00007f6afc600000, 0x00007f6b43800000, 0x00007f7051b50000)
  eden space 932352K, 100% used [0x00007f6afc600000, 0x00007f6b35480000, 0x00007f6b35480000)
  from space 116480K,   0% used [0x00007f6b3c640000, 0x00007f6b3c715ba0, 0x00007f6b43800000)
  to   space 116480K,   0% used [0x00007f6b35480000, 0x00007f6b35480000, 0x00007f6b3c640000)
 tenured generation   total 2330560K, used 2330330K [0x00007f7051b50000, 0x00007f70dff40000, 0x00007f7afc600000)
   the space 2330560K,  99% used [0x00007f7051b50000, 0x00007f70dff068e8, 0x00007f70dff06a00, 0x00007f70dff40000)
 Metaspace       used 24818K, capacity 25244K, committed 25344K, reserved 26624K
}
Event: 47071.813 GC heap after
{Heap after GC invocations=78109 (full 2):
 def new generation   total 1048832K, used 878K [0x00007f6afc600000, 0x00007f6b43800000, 0x00007f7051b50000)
  eden space 932352K,   0% used [0x00007f6afc600000, 0x00007f6afc600000, 0x00007f6b35480000)
  from space 116480K,   0% used [0x00007f6b35480000, 0x00007f6b3555b860, 0x00007f6b3c640000)
  to   space 116480K,   0% used [0x00007f6b3c640000, 0x00007f6b3c640000, 0x00007f6b43800000)
 tenured generation   total 2330560K, used 2330371K [0x00007f7051b50000, 0x00007f70dff40000, 0x00007f7afc600000)
   the space 2330560K,  99% used [0x00007f7051b50000, 0x00007f70dff10ca8, 0x00007f70dff10e00, 0x00007f70dff40000)
 Metaspace       used 24818K, capacity 25244K, committed 25344K, reserved 26624K
}
Event: 47072.634 GC heap before
{Heap before GC invocations=78109 (full 2):
 def new generation   total 1048832K, used 933230K [0x00007f6afc600000, 0x00007f6b43800000, 0x00007f7051b50000)
  eden space 932352K, 100% used [0x00007f6afc600000, 0x00007f6b35480000, 0x00007f6b35480000)
  from space 116480K,   0% used [0x00007f6b35480000, 0x00007f6b3555b860, 0x00007f6b3c640000)
  to   space 116480K,   0% used [0x00007f6b3c640000, 0x00007f6b3c640000, 0x00007f6b43800000)
 tenured generation   total 2330560K, used 2330371K [0x00007f7051b50000, 0x00007f70dff40000, 0x00007f7afc600000)
   the space 2330560K,  99% used [0x00007f7051b50000, 0x00007f70dff10ca8, 0x00007f70dff10e00, 0x00007f70dff40000)
 Metaspace       used 24818K, capacity 25244K, committed 25344K, reserved 26624K
}
Event: 47072.639 GC heap after
{Heap after GC invocations=78110 (full 2):
 def new generation   total 1048832K, used 845K [0x00007f6afc600000, 0x00007f6b43800000, 0x00007f7051b50000)
  eden space 932352K,   0% used [0x00007f6afc600000, 0x00007f6afc600000, 0x00007f6b35480000)
  from space 116480K,   0% used [0x00007f6b3c640000, 0x00007f6b3c713778, 0x00007f6b43800000)
  to   space 116480K,   0% used [0x00007f6b35480000, 0x00007f6b35480000, 0x00007f6b3c640000)
 tenured generation   total 2330560K, used 2330412K [0x00007f7051b50000, 0x00007f70dff40000, 0x00007f7afc600000)
   the space 2330560K,  99% used [0x00007f7051b50000, 0x00007f70dff1b068, 0x00007f70dff1b200, 0x00007f70dff40000)
 Metaspace       used 24818K, capacity 25244K, committed 25344K, reserved 26624K
}
Event: 47073.413 GC heap before
{Heap before GC invocations=78110 (full 2):
 def new generation   total 1048832K, used 933197K [0x00007f6afc600000, 0x00007f6b43800000, 0x00007f7051b50000)
  eden space 932352K, 100% used [0x00007f6afc600000, 0x00007f6b35480000, 0x00007f6b35480000)
  from space 116480K,   0% used [0x00007f6b3c640000, 0x00007f6b3c713778, 0x00007f6b43800000)
  to   space 116480K,   0% used [0x00007f6b35480000, 0x00007f6b35480000, 0x00007f6b3c640000)
 tenured generation   total 2330560K, used 2330412K [0x00007f7051b50000, 0x00007f70dff40000, 0x00007f7afc600000)
   the space 2330560K,  99% used [0x00007f7051b50000, 0x00007f70dff1b068, 0x00007f70dff1b200, 0x00007f70dff40000)
 Metaspace       used 24818K, capacity 25244K, committed 25344K, reserved 26624K
}
Event: 47073.417 GC heap after
{Heap after GC invocations=78111 (full 2):
 def new generation   total 1048832K, used 830K [0x00007f6afc600000, 0x00007f6b43800000, 0x00007f7051b50000)
  eden space 932352K,   0% used [0x00007f6afc600000, 0x00007f6afc600000, 0x00007f6b35480000)
  from space 116480K,   0% used [0x00007f6b35480000, 0x00007f6b3554f8a0, 0x00007f6b3c640000)
  to   space 116480K,   0% used [0x00007f6b3c640000, 0x00007f6b3c640000, 0x00007f6b43800000)
 tenured generation   total 2330560K, used 2330453K [0x00007f7051b50000, 0x00007f70dff40000, 0x00007f7afc600000)
   the space 2330560K,  99% used [0x00007f7051b50000, 0x00007f70dff25428, 0x00007f70dff25600, 0x00007f70dff40000)
 Metaspace       used 24818K, capacity 25244K, committed 25344K, reserved 26624K
}
Event: 47074.187 GC heap before
{Heap before GC invocations=78111 (full 2):
 def new generation   total 1048832K, used 933182K [0x00007f6afc600000, 0x00007f6b43800000, 0x00007f7051b50000)
  eden space 932352K, 100% used [0x00007f6afc600000, 0x00007f6b35480000, 0x00007f6b35480000)
  from space 116480K,   0% used [0x00007f6b35480000, 0x00007f6b3554f8a0, 0x00007f6b3c640000)
  to   space 116480K,   0% used [0x00007f6b3c640000, 0x00007f6b3c640000, 0x00007f6b43800000)
 tenured generation   total 2330560K, used 2330453K [0x00007f7051b50000, 0x00007f70dff40000, 0x00007f7afc600000)
   the space 2330560K,  99% used [0x00007f7051b50000, 0x00007f70dff25428, 0x00007f70dff25600, 0x00007f70dff40000)
 Metaspace       used 24818K, capacity 25244K, committed 25344K, reserved 26624K
}
Event: 47074.192 GC heap after
{Heap after GC invocations=78112 (full 2):
 def new generation   total 1048832K, used 819K [0x00007f6afc600000, 0x00007f6b43800000, 0x00007f7051b50000)
  eden space 932352K,   0% used [0x00007f6afc600000, 0x00007f6afc600000, 0x00007f6b35480000)
  from space 116480K,   0% used [0x00007f6b3c640000, 0x00007f6b3c70ce38, 0x00007f6b43800000)
  to   space 116480K,   0% used [0x00007f6b35480000, 0x00007f6b35480000, 0x00007f6b3c640000)
 tenured generation   total 2330560K, used 2330493K [0x00007f7051b50000, 0x00007f70dff40000, 0x00007f7afc600000)
   the space 2330560K,  99% used [0x00007f7051b50000, 0x00007f70dff2f7e8, 0x00007f70dff2f800, 0x00007f70dff40000)
 Metaspace       used 24818K, capacity 25244K, committed 25344K, reserved 26624K
}
Event: 47074.997 GC heap before
{Heap before GC invocations=78112 (full 2):
 def new generation   total 1048832K, used 933171K [0x00007f6afc600000, 0x00007f6b43800000, 0x00007f7051b50000)
  eden space 932352K, 100% used [0x00007f6afc600000, 0x00007f6b35480000, 0x00007f6b35480000)
  from space 116480K,   0% used [0x00007f6b3c640000, 0x00007f6b3c70ce38, 0x00007f6b43800000)
  to   space 116480K,   0% used [0x00007f6b35480000, 0x00007f6b35480000, 0x00007f6b3c640000)
 tenured generation   total 2330560K, used 2330493K [0x00007f7051b50000, 0x00007f70dff40000, 0x00007f7afc600000)
   the space 2330560K,  99% used [0x00007f7051b50000, 0x00007f70dff2f7e8, 0x00007f70dff2f800, 0x00007f70dff40000)
 Metaspace       used 24818K, capacity 25244K, committed 25344K, reserved 26624K
}
Event: 47075.002 GC heap after
{Heap after GC invocations=78113 (full 2):
 def new generation   total 1048832K, used 825K [0x00007f6afc600000, 0x00007f6b43800000, 0x00007f7051b50000)
  eden space 932352K,   0% used [0x00007f6afc600000, 0x00007f6afc600000, 0x00007f6b35480000)
  from space 116480K,   0% used [0x00007f6b35480000, 0x00007f6b3554e4e0, 0x00007f6b3c640000)
  to   space 116480K,   0% used [0x00007f6b3c640000, 0x00007f6b3c640000, 0x00007f6b43800000)
 tenured generation   total 2330560K, used 2330534K [0x00007f7051b50000, 0x00007f70dff40000, 0x00007f7afc600000)
   the space 2330560K,  99% used [0x00007f7051b50000, 0x00007f70dff39ba8, 0x00007f70dff39c00, 0x00007f70dff40000)
 Metaspace       used 24818K, capacity 25244K, committed 25344K, reserved 26624K
}
Event: 47075.787 GC heap before
{Heap before GC invocations=78113 (full 2):
 def new generation   total 1048832K, used 933177K [0x00007f6afc600000, 0x00007f6b43800000, 0x00007f7051b50000)
  eden space 932352K, 100% used [0x00007f6afc600000, 0x00007f6b35480000, 0x00007f6b35480000)
  from space 116480K,   0% used [0x00007f6b35480000, 0x00007f6b3554e4e0, 0x00007f6b3c640000)
  to   space 116480K,   0% used [0x00007f6b3c640000, 0x00007f6b3c640000, 0x00007f6b43800000)
 tenured generation   total 2330560K, used 2330534K [0x00007f7051b50000, 0x00007f70dff40000, 0x00007f7afc600000)
   the space 2330560K,  99% used [0x00007f7051b50000, 0x00007f70dff39ba8, 0x00007f70dff39c00, 0x00007f70dff40000)
 Metaspace       used 24818K, capacity 25244K, committed 25344K, reserved 26624K
}
Event: 47075.795 GC heap after
{Heap after GC invocations=78114 (full 2):
 def new generation   total 1048832K, used 809K [0x00007f6afc600000, 0x00007f6b43800000, 0x00007f7051b50000)
  eden space 932352K,   0% used [0x00007f6afc600000, 0x00007f6afc600000, 0x00007f6b35480000)
  from space 116480K,   0% used [0x00007f6b3c640000, 0x00007f6b3c70a5f0, 0x00007f6b43800000)
  to   space 116480K,   0% used [0x00007f6b35480000, 0x00007f6b35480000, 0x00007f6b3c640000)
 tenured generation   total 2330752K, used 2330575K [0x00007f7051b50000, 0x00007f70dff70000, 0x00007f7afc600000)
   the space 2330752K,  99% used [0x00007f7051b50000, 0x00007f70dff43f68, 0x00007f70dff44000, 0x00007f70dff70000)
 Metaspace       used 24818K, capacity 25244K, committed 25344K, reserved 26624K
}
Event: 47075.795 GC heap before
{Heap before GC invocations=78114 (full 2):
 def new generation   total 1048832K, used 809K [0x00007f6afc600000, 0x00007f6b43800000, 0x00007f7051b50000)
  eden space 932352K,   0% used [0x00007f6afc600000, 0x00007f6afc600000, 0x00007f6b35480000)
  from space 116480K,   0% used [0x00007f6b3c640000, 0x00007f6b3c70a5f0, 0x00007f6b43800000)
  to   space 116480K,   0% used [0x00007f6b35480000, 0x00007f6b35480000, 0x00007f6b3c640000)
 tenured generation   total 2330752K, used 2330575K [0x00007f7051b50000, 0x00007f70dff70000, 0x00007f7afc600000)
   the space 2330752K,  99% used [0x00007f7051b50000, 0x00007f70dff43f68, 0x00007f70dff44000, 0x00007f70dff70000)
 Metaspace       used 24818K, capacity 25244K, committed 25344K, reserved 26624K
}

