# JRE version: OpenJDK Runtime Environment (13.0.7+5) (build 13.0.7+5-Ubuntu-0ubuntu120.04)
# Java VM: OpenJDK 64-Bit Server VM (13.0.7+5-Ubuntu-0ubuntu120.04, mixed mode, tiered, serial gc, linux-amd64)
Heap:
 def new generation   total 2889408K, used 3162K [0x00007f8894600000, 0x00007f8958530000, 0x00007f8de9b50000)
  eden space 2568384K,   0% used [0x00007f8894600000, 0x00007f8894916830, 0x00007f8931230000)
  from space 321024K,   0% used [0x00007f8931230000, 0x00007f8931230000, 0x00007f8944bb0000)
  to   space 321024K,   0% used [0x00007f8944bb0000, 0x00007f8944bb0000, 0x00007f8958530000)
 tenured generation   total 6421144K, used 6421143K [0x00007f8de9b50000, 0x00007f8f719f6000, 0x00007f9894600000)
   the space 6421144K,  99% used [0x00007f8de9b50000, 0x00007f8f719f5ff8, 0x00007f8f719f6000, 0x00007f8f719f6000)
 Metaspace       used 25131K, capacity 25624K, committed 25856K, reserved 26624K
GC Heap History (20 events):
Event: 36748.277 GC heap after
{Heap after GC invocations=29165 (full 4):
 def new generation   total 2889408K, used 3360K [0x00007f8894600000, 0x00007f8958530000, 0x00007f8de9b50000)
  eden space 2568384K,   0% used [0x00007f8894600000, 0x00007f8894600000, 0x00007f8931230000)
  from space 321024K,   1% used [0x00007f8944bb0000, 0x00007f8944ef8008, 0x00007f8958530000)
  to   space 321024K,   0% used [0x00007f8931230000, 0x00007f8931230000, 0x00007f8944bb0000)
 tenured generation   total 6420760K, used 6419026K [0x00007f8de9b50000, 0x00007f8f71996000, 0x00007f9894600000)
   the space 6420760K,  99% used [0x00007f8de9b50000, 0x00007f8f717e49a0, 0x00007f8f717e4a00, 0x00007f8f71996000)
 Metaspace       used 25131K, capacity 25624K, committed 25856K, reserved 26624K
}
Event: 36750.873 GC heap before
{Heap before GC invocations=29165 (full 4):
 def new generation   total 2889408K, used 2571744K [0x00007f8894600000, 0x00007f8958530000, 0x00007f8de9b50000)
  eden space 2568384K, 100% used [0x00007f8894600000, 0x00007f8931230000, 0x00007f8931230000)
  from space 321024K,   1% used [0x00007f8944bb0000, 0x00007f8944ef8008, 0x00007f8958530000)
  to   space 321024K,   0% used [0x00007f8931230000, 0x00007f8931230000, 0x00007f8944bb0000)
 tenured generation   total 6420760K, used 6419026K [0x00007f8de9b50000, 0x00007f8f71996000, 0x00007f9894600000)
   the space 6420760K,  99% used [0x00007f8de9b50000, 0x00007f8f717e49a0, 0x00007f8f717e4a00, 0x00007f8f71996000)
 Metaspace       used 25131K, capacity 25624K, committed 25856K, reserved 26624K
}
Event: 36750.890 GC heap after
{Heap after GC invocations=29166 (full 4):
 def new generation   total 2889408K, used 3491K [0x00007f8894600000, 0x00007f8958530000, 0x00007f8de9b50000)
  eden space 2568384K,   0% used [0x00007f8894600000, 0x00007f8894600000, 0x00007f8931230000)
  from space 321024K,   1% used [0x00007f8931230000, 0x00007f8931598d38, 0x00007f8944bb0000)
  to   space 321024K,   0% used [0x00007f8944bb0000, 0x00007f8944bb0000, 0x00007f8958530000)
 tenured generation   total 6420760K, used 6419213K [0x00007f8de9b50000, 0x00007f8f71996000, 0x00007f9894600000)
   the space 6420760K,  99% used [0x00007f8de9b50000, 0x00007f8f718134a8, 0x00007f8f71813600, 0x00007f8f71996000)
 Metaspace       used 25131K, capacity 25624K, committed 25856K, reserved 26624K
}
Event: 36753.362 GC heap before
{Heap before GC invocations=29166 (full 4):
 def new generation   total 2889408K, used 2571875K [0x00007f8894600000, 0x00007f8958530000, 0x00007f8de9b50000)
  eden space 2568384K, 100% used [0x00007f8894600000, 0x00007f8931230000, 0x00007f8931230000)
  from space 321024K,   1% used [0x00007f8931230000, 0x00007f8931598d38, 0x00007f8944bb0000)
  to   space 321024K,   0% used [0x00007f8944bb0000, 0x00007f8944bb0000, 0x00007f8958530000)
 tenured generation   total 6420760K, used 6419213K [0x00007f8de9b50000, 0x00007f8f71996000, 0x00007f9894600000)
   the space 6420760K,  99% used [0x00007f8de9b50000, 0x00007f8f718134a8, 0x00007f8f71813600, 0x00007f8f71996000)
 Metaspace       used 25131K, capacity 25624K, committed 25856K, reserved 26624K
}
Event: 36753.378 GC heap after
{Heap after GC invocations=29167 (full 4):
 def new generation   total 2889408K, used 3413K [0x00007f8894600000, 0x00007f8958530000, 0x00007f8de9b50000)
  eden space 2568384K,   0% used [0x00007f8894600000, 0x00007f8894600000, 0x00007f8931230000)
  from space 321024K,   1% used [0x00007f8944bb0000, 0x00007f8944f05578, 0x00007f8958530000)
  to   space 321024K,   0% used [0x00007f8931230000, 0x00007f8931230000, 0x00007f8944bb0000)
 tenured generation   total 6420760K, used 6419426K [0x00007f8de9b50000, 0x00007f8f71996000, 0x00007f9894600000)
   the space 6420760K,  99% used [0x00007f8de9b50000, 0x00007f8f71848a68, 0x00007f8f71848c00, 0x00007f8f71996000)
 Metaspace       used 25131K, capacity 25624K, committed 25856K, reserved 26624K
}
Event: 36755.855 GC heap before
{Heap before GC invocations=29167 (full 4):
 def new generation   total 2889408K, used 2571797K [0x00007f8894600000, 0x00007f8958530000, 0x00007f8de9b50000)
  eden space 2568384K, 100% used [0x00007f8894600000, 0x00007f8931230000, 0x00007f8931230000)
  from space 321024K,   1% used [0x00007f8944bb0000, 0x00007f8944f05578, 0x00007f8958530000)
  to   space 321024K,   0% used [0x00007f8931230000, 0x00007f8931230000, 0x00007f8944bb0000)
 tenured generation   total 6420760K, used 6419426K [0x00007f8de9b50000, 0x00007f8f71996000, 0x00007f9894600000)
   the space 6420760K,  99% used [0x00007f8de9b50000, 0x00007f8f71848a68, 0x00007f8f71848c00, 0x00007f8f71996000)
 Metaspace       used 25131K, capacity 25624K, committed 25856K, reserved 26624K
}
Event: 36755.871 GC heap after
{Heap after GC invocations=29168 (full 4):
 def new generation   total 2889408K, used 3528K [0x00007f8894600000, 0x00007f8958530000, 0x00007f8de9b50000)
  eden space 2568384K,   0% used [0x00007f8894600000, 0x00007f8894600000, 0x00007f8931230000)
  from space 321024K,   1% used [0x00007f8931230000, 0x00007f89315a22b8, 0x00007f8944bb0000)
  to   space 321024K,   0% used [0x00007f8944bb0000, 0x00007f8944bb0000, 0x00007f8958530000)
 tenured generation   total 6420760K, used 6419613K [0x00007f8de9b50000, 0x00007f8f71996000, 0x00007f9894600000)
   the space 6420760K,  99% used [0x00007f8de9b50000, 0x00007f8f71877570, 0x00007f8f71877600, 0x00007f8f71996000)
 Metaspace       used 25131K, capacity 25624K, committed 25856K, reserved 26624K
}
Event: 36758.359 GC heap before
{Heap before GC invocations=29168 (full 4):
 def new generation   total 2889408K, used 2571912K [0x00007f8894600000, 0x00007f8958530000, 0x00007f8de9b50000)
  eden space 2568384K, 100% used [0x00007f8894600000, 0x00007f8931230000, 0x00007f8931230000)
  from space 321024K,   1% used [0x00007f8931230000, 0x00007f89315a22b8, 0x00007f8944bb0000)
  to   space 321024K,   0% used [0x00007f8944bb0000, 0x00007f8944bb0000, 0x00007f8958530000)
 tenured generation   total 6420760K, used 6419613K [0x00007f8de9b50000, 0x00007f8f71996000, 0x00007f9894600000)
   the space 6420760K,  99% used [0x00007f8de9b50000, 0x00007f8f71877570, 0x00007f8f71877600, 0x00007f8f71996000)
 Metaspace       used 25131K, capacity 25624K, committed 25856K, reserved 26624K
}
Event: 36758.374 GC heap after
{Heap after GC invocations=29169 (full 4):
 def new generation   total 2889408K, used 3458K [0x00007f8894600000, 0x00007f8958530000, 0x00007f8de9b50000)
  eden space 2568384K,   0% used [0x00007f8894600000, 0x00007f8894600000, 0x00007f8931230000)
  from space 321024K,   1% used [0x00007f8944bb0000, 0x00007f8944f10988, 0x00007f8958530000)
  to   space 321024K,   0% used [0x00007f8931230000, 0x00007f8931230000, 0x00007f8944bb0000)
 tenured generation   total 6420760K, used 6419826K [0x00007f8de9b50000, 0x00007f8f71996000, 0x00007f9894600000)
   the space 6420760K,  99% used [0x00007f8de9b50000, 0x00007f8f718acb30, 0x00007f8f718acc00, 0x00007f8f71996000)
 Metaspace       used 25131K, capacity 25624K, committed 25856K, reserved 26624K
}
Event: 36760.870 GC heap before
{Heap before GC invocations=29169 (full 4):
 def new generation   total 2889408K, used 2571842K [0x00007f8894600000, 0x00007f8958530000, 0x00007f8de9b50000)
  eden space 2568384K, 100% used [0x00007f8894600000, 0x00007f8931230000, 0x00007f8931230000)
  from space 321024K,   1% used [0x00007f8944bb0000, 0x00007f8944f10988, 0x00007f8958530000)
  to   space 321024K,   0% used [0x00007f8931230000, 0x00007f8931230000, 0x00007f8944bb0000)
 tenured generation   total 6420760K, used 6419826K [0x00007f8de9b50000, 0x00007f8f71996000, 0x00007f9894600000)
   the space 6420760K,  99% used [0x00007f8de9b50000, 0x00007f8f718acb30, 0x00007f8f718acc00, 0x00007f8f71996000)
 Metaspace       used 25131K, capacity 25624K, committed 25856K, reserved 26624K
}
Event: 36760.887 GC heap after
{Heap after GC invocations=29170 (full 4):
 def new generation   total 2889408K, used 3393K [0x00007f8894600000, 0x00007f8958530000, 0x00007f8de9b50000)
  eden space 2568384K,   0% used [0x00007f8894600000, 0x00007f8894600000, 0x00007f8931230000)
  from space 321024K,   1% used [0x00007f8931230000, 0x00007f89315805e0, 0x00007f8944bb0000)
  to   space 321024K,   0% used [0x00007f8944bb0000, 0x00007f8944bb0000, 0x00007f8958530000)
 tenured generation   total 6420760K, used 6420040K [0x00007f8de9b50000, 0x00007f8f71996000, 0x00007f9894600000)
   the space 6420760K,  99% used [0x00007f8de9b50000, 0x00007f8f718e20f0, 0x00007f8f718e2200, 0x00007f8f71996000)
 Metaspace       used 25131K, capacity 25624K, committed 25856K, reserved 26624K
}
Event: 36763.368 GC heap before
{Heap before GC invocations=29170 (full 4):
 def new generation   total 2889408K, used 2571777K [0x00007f8894600000, 0x00007f8958530000, 0x00007f8de9b50000)
  eden space 2568384K, 100% used [0x00007f8894600000, 0x00007f8931230000, 0x00007f8931230000)
  from space 321024K,   1% used [0x00007f8931230000, 0x00007f89315805e0, 0x00007f8944bb0000)
  to   space 321024K,   0% used [0x00007f8944bb0000, 0x00007f8944bb0000, 0x00007f8958530000)
 tenured generation   total 6420760K, used 6420040K [0x00007f8de9b50000, 0x00007f8f71996000, 0x00007f9894600000)
   the space 6420760K,  99% used [0x00007f8de9b50000, 0x00007f8f718e20f0, 0x00007f8f718e2200, 0x00007f8f71996000)
 Metaspace       used 25131K, capacity 25624K, committed 25856K, reserved 26624K
}
Event: 36763.386 GC heap after
{Heap after GC invocations=29171 (full 4):
 def new generation   total 2889408K, used 3507K [0x00007f8894600000, 0x00007f8958530000, 0x00007f8de9b50000)
  eden space 2568384K,   0% used [0x00007f8894600000, 0x00007f8894600000, 0x00007f8931230000)
  from space 321024K,   1% used [0x00007f8944bb0000, 0x00007f8944f1cd30, 0x00007f8958530000)
  to   space 321024K,   0% used [0x00007f8931230000, 0x00007f8931230000, 0x00007f8944bb0000)
 tenured generation   total 6420760K, used 6420226K [0x00007f8de9b50000, 0x00007f8f71996000, 0x00007f9894600000)
   the space 6420760K,  99% used [0x00007f8de9b50000, 0x00007f8f71910bf8, 0x00007f8f71910c00, 0x00007f8f71996000)
 Metaspace       used 25131K, capacity 25624K, committed 25856K, reserved 26624K
}
Event: 36765.867 GC heap before
{Heap before GC invocations=29171 (full 4):
 def new generation   total 2889408K, used 2571891K [0x00007f8894600000, 0x00007f8958530000, 0x00007f8de9b50000)
  eden space 2568384K, 100% used [0x00007f8894600000, 0x00007f8931230000, 0x00007f8931230000)
  from space 321024K,   1% used [0x00007f8944bb0000, 0x00007f8944f1cd30, 0x00007f8958530000)
  to   space 321024K,   0% used [0x00007f8931230000, 0x00007f8931230000, 0x00007f8944bb0000)
 tenured generation   total 6420760K, used 6420226K [0x00007f8de9b50000, 0x00007f8f71996000, 0x00007f9894600000)
   the space 6420760K,  99% used [0x00007f8de9b50000, 0x00007f8f71910bf8, 0x00007f8f71910c00, 0x00007f8f71996000)
 Metaspace       used 25131K, capacity 25624K, committed 25856K, reserved 26624K
}
Event: 36765.881 GC heap after
{Heap after GC invocations=29172 (full 4):
 def new generation   total 2889408K, used 3417K [0x00007f8894600000, 0x00007f8958530000, 0x00007f8de9b50000)
  eden space 2568384K,   0% used [0x00007f8894600000, 0x00007f8894600000, 0x00007f8931230000)
  from space 321024K,   1% used [0x00007f8931230000, 0x00007f8931586610, 0x00007f8944bb0000)
  to   space 321024K,   0% used [0x00007f8944bb0000, 0x00007f8944bb0000, 0x00007f8958530000)
 tenured generation   total 6420760K, used 6420440K [0x00007f8de9b50000, 0x00007f8f71996000, 0x00007f9894600000)
   the space 6420760K,  99% used [0x00007f8de9b50000, 0x00007f8f719461b8, 0x00007f8f71946200, 0x00007f8f71996000)
 Metaspace       used 25131K, capacity 25624K, committed 25856K, reserved 26624K
}
Event: 36768.297 GC heap before
{Heap before GC invocations=29172 (full 4):
 def new generation   total 2889408K, used 2571801K [0x00007f8894600000, 0x00007f8958530000, 0x00007f8de9b50000)
  eden space 2568384K, 100% used [0x00007f8894600000, 0x00007f8931230000, 0x00007f8931230000)
  from space 321024K,   1% used [0x00007f8931230000, 0x00007f8931586610, 0x00007f8944bb0000)
  to   space 321024K,   0% used [0x00007f8944bb0000, 0x00007f8944bb0000, 0x00007f8958530000)
 tenured generation   total 6420760K, used 6420440K [0x00007f8de9b50000, 0x00007f8f71996000, 0x00007f9894600000)
   the space 6420760K,  99% used [0x00007f8de9b50000, 0x00007f8f719461b8, 0x00007f8f71946200, 0x00007f8f71996000)
 Metaspace       used 25131K, capacity 25624K, committed 25856K, reserved 26624K
}
Event: 36768.320 GC heap after
{Heap after GC invocations=29173 (full 4):
 def new generation   total 2889408K, used 3536K [0x00007f8894600000, 0x00007f8958530000, 0x00007f8de9b50000)
  eden space 2568384K,   0% used [0x00007f8894600000, 0x00007f8894600000, 0x00007f8931230000)
  from space 321024K,   1% used [0x00007f8944bb0000, 0x00007f8944f24020, 0x00007f8958530000)
  to   space 321024K,   0% used [0x00007f8931230000, 0x00007f8931230000, 0x00007f8944bb0000)
 tenured generation   total 6420760K, used 6420627K [0x00007f8de9b50000, 0x00007f8f71996000, 0x00007f9894600000)
   the space 6420760K,  99% used [0x00007f8de9b50000, 0x00007f8f71974cc0, 0x00007f8f71974e00, 0x00007f8f71996000)
 Metaspace       used 25131K, capacity 25624K, committed 25856K, reserved 26624K
}
Event: 36770.802 GC heap before
{Heap before GC invocations=29173 (full 4):
 def new generation   total 2889408K, used 2571920K [0x00007f8894600000, 0x00007f8958530000, 0x00007f8de9b50000)
  eden space 2568384K, 100% used [0x00007f8894600000, 0x00007f8931230000, 0x00007f8931230000)
  from space 321024K,   1% used [0x00007f8944bb0000, 0x00007f8944f24020, 0x00007f8958530000)
  to   space 321024K,   0% used [0x00007f8931230000, 0x00007f8931230000, 0x00007f8944bb0000)
 tenured generation   total 6420760K, used 6420627K [0x00007f8de9b50000, 0x00007f8f71996000, 0x00007f9894600000)
   the space 6420760K,  99% used [0x00007f8de9b50000, 0x00007f8f71974cc0, 0x00007f8f71974e00, 0x00007f8f71996000)
 Metaspace       used 25131K, capacity 25624K, committed 25856K, reserved 26624K
}
Event: 36770.815 GC heap after
{Heap after GC invocations=29174 (full 4):
 def new generation   total 2889408K, used 3229K [0x00007f8894600000, 0x00007f8958530000, 0x00007f8de9b50000)
  eden space 2568384K,   0% used [0x00007f8894600000, 0x00007f8894600000, 0x00007f8931230000)
  from space 321024K,   1% used [0x00007f8931230000, 0x00007f89315575d0, 0x00007f8944bb0000)
  to   space 321024K,   0% used [0x00007f8944bb0000, 0x00007f8944bb0000, 0x00007f8958530000)
 tenured generation   total 6421144K, used 6421076K [0x00007f8de9b50000, 0x00007f8f719f6000, 0x00007f9894600000)
   the space 6421144K,  99% used [0x00007f8de9b50000, 0x00007f8f719e5258, 0x00007f8f719e5400, 0x00007f8f719f6000)
 Metaspace       used 25131K, capacity 25624K, committed 25856K, reserved 26624K
}
Event: 36770.815 GC heap before
{Heap before GC invocations=29174 (full 4):
 def new generation   total 2889408K, used 3229K [0x00007f8894600000, 0x00007f8958530000, 0x00007f8de9b50000)
  eden space 2568384K,   0% used [0x00007f8894600000, 0x00007f8894600000, 0x00007f8931230000)
  from space 321024K,   1% used [0x00007f8931230000, 0x00007f89315575d0, 0x00007f8944bb0000)
  to   space 321024K,   0% used [0x00007f8944bb0000, 0x00007f8944bb0000, 0x00007f8958530000)
 tenured generation   total 6421144K, used 6421076K [0x00007f8de9b50000, 0x00007f8f719f6000, 0x00007f9894600000)
   the space 6421144K,  99% used [0x00007f8de9b50000, 0x00007f8f719e5258, 0x00007f8f719e5400, 0x00007f8f719f6000)
 Metaspace       used 25131K, capacity 25624K, committed 25856K, reserved 26624K
}

