# JRE version: OpenJDK Runtime Environment (13.0.7+5) (build 13.0.7+5-Ubuntu-0ubuntu120.04)
# Java VM: OpenJDK 64-Bit Server VM (13.0.7+5-Ubuntu-0ubuntu120.04, mixed mode, tiered, serial gc, linux-amd64)
Heap:
 def new generation   total 2888192K, used 2978K [0x00007ef764600000, 0x00007ef8283e0000, 0x00007efcb9b50000)
  eden space 2567296K,   0% used [0x00007ef764600000, 0x00007ef7648e8ad8, 0x00007ef801120000)
  from space 320896K,   0% used [0x00007ef801120000, 0x00007ef801120000, 0x00007ef814a80000)
  to   space 320896K,   0% used [0x00007ef814a80000, 0x00007ef814a80000, 0x00007ef8283e0000)
 tenured generation   total 6418136K, used 6418135K [0x00007efcb9b50000, 0x00007efe41706000, 0x00007f0764600000)
   the space 6418136K,  99% used [0x00007efcb9b50000, 0x00007efe41705ff8, 0x00007efe41706000, 0x00007efe41706000)
 Metaspace       used 25062K, capacity 25486K, committed 25600K, reserved 26624K
GC Heap History (20 events):
Event: 25235.898 GC heap after
{Heap after GC invocations=32972 (full 4):
 def new generation   total 2888192K, used 2903K [0x00007ef764600000, 0x00007ef8283e0000, 0x00007efcb9b50000)
  eden space 2567296K,   0% used [0x00007ef764600000, 0x00007ef764600000, 0x00007ef801120000)
  from space 320896K,   0% used [0x00007ef814a80000, 0x00007ef814d55fc8, 0x00007ef8283e0000)
  to   space 320896K,   0% used [0x00007ef801120000, 0x00007ef801120000, 0x00007ef814a80000)
 tenured generation   total 6418136K, used 6416498K [0x00007efcb9b50000, 0x00007efe41706000, 0x00007f0764600000)
   the space 6418136K,  99% used [0x00007efcb9b50000, 0x00007efe4156cb70, 0x00007efe4156cc00, 0x00007efe41706000)
 Metaspace       used 25062K, capacity 25486K, committed 25600K, reserved 26624K
}
Event: 25237.478 GC heap before
{Heap before GC invocations=32972 (full 4):
 def new generation   total 2888192K, used 2570199K [0x00007ef764600000, 0x00007ef8283e0000, 0x00007efcb9b50000)
  eden space 2567296K, 100% used [0x00007ef764600000, 0x00007ef801120000, 0x00007ef801120000)
  from space 320896K,   0% used [0x00007ef814a80000, 0x00007ef814d55fc8, 0x00007ef8283e0000)
  to   space 320896K,   0% used [0x00007ef801120000, 0x00007ef801120000, 0x00007ef814a80000)
 tenured generation   total 6418136K, used 6416498K [0x00007efcb9b50000, 0x00007efe41706000, 0x00007f0764600000)
   the space 6418136K,  99% used [0x00007efcb9b50000, 0x00007efe4156cb70, 0x00007efe4156cc00, 0x00007efe41706000)
 Metaspace       used 25062K, capacity 25486K, committed 25600K, reserved 26624K
}
Event: 25237.485 GC heap after
{Heap after GC invocations=32973 (full 4):
 def new generation   total 2888192K, used 2891K [0x00007ef764600000, 0x00007ef8283e0000, 0x00007efcb9b50000)
  eden space 2567296K,   0% used [0x00007ef764600000, 0x00007ef764600000, 0x00007ef801120000)
  from space 320896K,   0% used [0x00007ef801120000, 0x00007ef8013f2d40, 0x00007ef814a80000)
  to   space 320896K,   0% used [0x00007ef814a80000, 0x00007ef814a80000, 0x00007ef8283e0000)
 tenured generation   total 6418136K, used 6416685K [0x00007efcb9b50000, 0x00007efe41706000, 0x00007f0764600000)
   the space 6418136K,  99% used [0x00007efcb9b50000, 0x00007efe4159b678, 0x00007efe4159b800, 0x00007efe41706000)
 Metaspace       used 25062K, capacity 25486K, committed 25600K, reserved 26624K
}
Event: 25239.066 GC heap before
{Heap before GC invocations=32973 (full 4):
 def new generation   total 2888192K, used 2570187K [0x00007ef764600000, 0x00007ef8283e0000, 0x00007efcb9b50000)
  eden space 2567296K, 100% used [0x00007ef764600000, 0x00007ef801120000, 0x00007ef801120000)
  from space 320896K,   0% used [0x00007ef801120000, 0x00007ef8013f2d40, 0x00007ef814a80000)
  to   space 320896K,   0% used [0x00007ef814a80000, 0x00007ef814a80000, 0x00007ef8283e0000)
 tenured generation   total 6418136K, used 6416685K [0x00007efcb9b50000, 0x00007efe41706000, 0x00007f0764600000)
   the space 6418136K,  99% used [0x00007efcb9b50000, 0x00007efe4159b678, 0x00007efe4159b800, 0x00007efe41706000)
 Metaspace       used 25062K, capacity 25486K, committed 25600K, reserved 26624K
}
Event: 25239.073 GC heap after
{Heap after GC invocations=32974 (full 4):
 def new generation   total 2888192K, used 2819K [0x00007ef764600000, 0x00007ef8283e0000, 0x00007efcb9b50000)
  eden space 2567296K,   0% used [0x00007ef764600000, 0x00007ef764600000, 0x00007ef801120000)
  from space 320896K,   0% used [0x00007ef814a80000, 0x00007ef814d40e20, 0x00007ef8283e0000)
  to   space 320896K,   0% used [0x00007ef801120000, 0x00007ef801120000, 0x00007ef814a80000)
 tenured generation   total 6418136K, used 6416872K [0x00007efcb9b50000, 0x00007efe41706000, 0x00007f0764600000)
   the space 6418136K,  99% used [0x00007efcb9b50000, 0x00007efe415ca180, 0x00007efe415ca200, 0x00007efe41706000)
 Metaspace       used 25062K, capacity 25486K, committed 25600K, reserved 26624K
}
Event: 25240.628 GC heap before
{Heap before GC invocations=32974 (full 4):
 def new generation   total 2888192K, used 2570115K [0x00007ef764600000, 0x00007ef8283e0000, 0x00007efcb9b50000)
  eden space 2567296K, 100% used [0x00007ef764600000, 0x00007ef801120000, 0x00007ef801120000)
  from space 320896K,   0% used [0x00007ef814a80000, 0x00007ef814d40e20, 0x00007ef8283e0000)
  to   space 320896K,   0% used [0x00007ef801120000, 0x00007ef801120000, 0x00007ef814a80000)
 tenured generation   total 6418136K, used 6416872K [0x00007efcb9b50000, 0x00007efe41706000, 0x00007f0764600000)
   the space 6418136K,  99% used [0x00007efcb9b50000, 0x00007efe415ca180, 0x00007efe415ca200, 0x00007efe41706000)
 Metaspace       used 25062K, capacity 25486K, committed 25600K, reserved 26624K
}
Event: 25240.634 GC heap after
{Heap after GC invocations=32975 (full 4):
 def new generation   total 2888192K, used 2791K [0x00007ef764600000, 0x00007ef8283e0000, 0x00007efcb9b50000)
  eden space 2567296K,   0% used [0x00007ef764600000, 0x00007ef764600000, 0x00007ef801120000)
  from space 320896K,   0% used [0x00007ef801120000, 0x00007ef8013d9da0, 0x00007ef814a80000)
  to   space 320896K,   0% used [0x00007ef814a80000, 0x00007ef814a80000, 0x00007ef8283e0000)
 tenured generation   total 6418136K, used 6417032K [0x00007efcb9b50000, 0x00007efe41706000, 0x00007f0764600000)
   the space 6418136K,  99% used [0x00007efcb9b50000, 0x00007efe415f21d0, 0x00007efe415f2200, 0x00007efe41706000)
 Metaspace       used 25062K, capacity 25486K, committed 25600K, reserved 26624K
}
Event: 25242.213 GC heap before
{Heap before GC invocations=32975 (full 4):
 def new generation   total 2888192K, used 2570087K [0x00007ef764600000, 0x00007ef8283e0000, 0x00007efcb9b50000)
  eden space 2567296K, 100% used [0x00007ef764600000, 0x00007ef801120000, 0x00007ef801120000)
  from space 320896K,   0% used [0x00007ef801120000, 0x00007ef8013d9da0, 0x00007ef814a80000)
  to   space 320896K,   0% used [0x00007ef814a80000, 0x00007ef814a80000, 0x00007ef8283e0000)
 tenured generation   total 6418136K, used 6417032K [0x00007efcb9b50000, 0x00007efe41706000, 0x00007f0764600000)
   the space 6418136K,  99% used [0x00007efcb9b50000, 0x00007efe415f21d0, 0x00007efe415f2200, 0x00007efe41706000)
 Metaspace       used 25062K, capacity 25486K, committed 25600K, reserved 26624K
}
Event: 25242.221 GC heap after
{Heap after GC invocations=32976 (full 4):
 def new generation   total 2888192K, used 2967K [0x00007ef764600000, 0x00007ef8283e0000, 0x00007efcb9b50000)
  eden space 2567296K,   0% used [0x00007ef764600000, 0x00007ef764600000, 0x00007ef801120000)
  from space 320896K,   0% used [0x00007ef814a80000, 0x00007ef814d65d90, 0x00007ef8283e0000)
  to   space 320896K,   0% used [0x00007ef801120000, 0x00007ef801120000, 0x00007ef814a80000)
 tenured generation   total 6418136K, used 6417219K [0x00007efcb9b50000, 0x00007efe41706000, 0x00007f0764600000)
   the space 6418136K,  99% used [0x00007efcb9b50000, 0x00007efe41620cd8, 0x00007efe41620e00, 0x00007efe41706000)
 Metaspace       used 25062K, capacity 25486K, committed 25600K, reserved 26624K
}
Event: 25243.789 GC heap before
{Heap before GC invocations=32976 (full 4):
 def new generation   total 2888192K, used 2570263K [0x00007ef764600000, 0x00007ef8283e0000, 0x00007efcb9b50000)
  eden space 2567296K, 100% used [0x00007ef764600000, 0x00007ef801120000, 0x00007ef801120000)
  from space 320896K,   0% used [0x00007ef814a80000, 0x00007ef814d65d90, 0x00007ef8283e0000)
  to   space 320896K,   0% used [0x00007ef801120000, 0x00007ef801120000, 0x00007ef814a80000)
 tenured generation   total 6418136K, used 6417219K [0x00007efcb9b50000, 0x00007efe41706000, 0x00007f0764600000)
   the space 6418136K,  99% used [0x00007efcb9b50000, 0x00007efe41620cd8, 0x00007efe41620e00, 0x00007efe41706000)
 Metaspace       used 25062K, capacity 25486K, committed 25600K, reserved 26624K
}
Event: 25243.796 GC heap after
{Heap after GC invocations=32977 (full 4):
 def new generation   total 2888192K, used 2913K [0x00007ef764600000, 0x00007ef8283e0000, 0x00007efcb9b50000)
  eden space 2567296K,   0% used [0x00007ef764600000, 0x00007ef764600000, 0x00007ef801120000)
  from space 320896K,   0% used [0x00007ef801120000, 0x00007ef8013f8460, 0x00007ef814a80000)
  to   space 320896K,   0% used [0x00007ef814a80000, 0x00007ef814a80000, 0x00007ef8283e0000)
 tenured generation   total 6418136K, used 6417405K [0x00007efcb9b50000, 0x00007efe41706000, 0x00007f0764600000)
   the space 6418136K,  99% used [0x00007efcb9b50000, 0x00007efe4164f7e0, 0x00007efe4164f800, 0x00007efe41706000)
 Metaspace       used 25062K, capacity 25486K, committed 25600K, reserved 26624K
}
Event: 25245.362 GC heap before
{Heap before GC invocations=32977 (full 4):
 def new generation   total 2888192K, used 2570209K [0x00007ef764600000, 0x00007ef8283e0000, 0x00007efcb9b50000)
  eden space 2567296K, 100% used [0x00007ef764600000, 0x00007ef801120000, 0x00007ef801120000)
  from space 320896K,   0% used [0x00007ef801120000, 0x00007ef8013f8460, 0x00007ef814a80000)
  to   space 320896K,   0% used [0x00007ef814a80000, 0x00007ef814a80000, 0x00007ef8283e0000)
 tenured generation   total 6418136K, used 6417405K [0x00007efcb9b50000, 0x00007efe41706000, 0x00007f0764600000)
   the space 6418136K,  99% used [0x00007efcb9b50000, 0x00007efe4164f7e0, 0x00007efe4164f800, 0x00007efe41706000)
 Metaspace       used 25062K, capacity 25486K, committed 25600K, reserved 26624K
}
Event: 25245.372 GC heap after
{Heap after GC invocations=32978 (full 4):
 def new generation   total 2888192K, used 2866K [0x00007ef764600000, 0x00007ef8283e0000, 0x00007efcb9b50000)
  eden space 2567296K,   0% used [0x00007ef764600000, 0x00007ef764600000, 0x00007ef801120000)
  from space 320896K,   0% used [0x00007ef814a80000, 0x00007ef814d4cb28, 0x00007ef8283e0000)
  to   space 320896K,   0% used [0x00007ef801120000, 0x00007ef801120000, 0x00007ef814a80000)
 tenured generation   total 6418136K, used 6417592K [0x00007efcb9b50000, 0x00007efe41706000, 0x00007f0764600000)
   the space 6418136K,  99% used [0x00007efcb9b50000, 0x00007efe4167e2e8, 0x00007efe4167e400, 0x00007efe41706000)
 Metaspace       used 25062K, capacity 25486K, committed 25600K, reserved 26624K
}
Event: 25246.931 GC heap before
{Heap before GC invocations=32978 (full 4):
 def new generation   total 2888192K, used 2570162K [0x00007ef764600000, 0x00007ef8283e0000, 0x00007efcb9b50000)
  eden space 2567296K, 100% used [0x00007ef764600000, 0x00007ef801120000, 0x00007ef801120000)
  from space 320896K,   0% used [0x00007ef814a80000, 0x00007ef814d4cb28, 0x00007ef8283e0000)
  to   space 320896K,   0% used [0x00007ef801120000, 0x00007ef801120000, 0x00007ef814a80000)
 tenured generation   total 6418136K, used 6417592K [0x00007efcb9b50000, 0x00007efe41706000, 0x00007f0764600000)
   the space 6418136K,  99% used [0x00007efcb9b50000, 0x00007efe4167e2e8, 0x00007efe4167e400, 0x00007efe41706000)
 Metaspace       used 25062K, capacity 25486K, committed 25600K, reserved 26624K
}
Event: 25246.937 GC heap after
{Heap after GC invocations=32979 (full 4):
 def new generation   total 2888192K, used 2852K [0x00007ef764600000, 0x00007ef8283e0000, 0x00007efcb9b50000)
  eden space 2567296K,   0% used [0x00007ef764600000, 0x00007ef764600000, 0x00007ef801120000)
  from space 320896K,   0% used [0x00007ef801120000, 0x00007ef8013e9308, 0x00007ef814a80000)
  to   space 320896K,   0% used [0x00007ef814a80000, 0x00007ef814a80000, 0x00007ef8283e0000)
 tenured generation   total 6418136K, used 6417779K [0x00007efcb9b50000, 0x00007efe41706000, 0x00007f0764600000)
   the space 6418136K,  99% used [0x00007efcb9b50000, 0x00007efe416acdf0, 0x00007efe416ace00, 0x00007efe41706000)
 Metaspace       used 25062K, capacity 25486K, committed 25600K, reserved 26624K
}
Event: 25248.493 GC heap before
{Heap before GC invocations=32979 (full 4):
 def new generation   total 2888192K, used 2570148K [0x00007ef764600000, 0x00007ef8283e0000, 0x00007efcb9b50000)
  eden space 2567296K, 100% used [0x00007ef764600000, 0x00007ef801120000, 0x00007ef801120000)
  from space 320896K,   0% used [0x00007ef801120000, 0x00007ef8013e9308, 0x00007ef814a80000)
  to   space 320896K,   0% used [0x00007ef814a80000, 0x00007ef814a80000, 0x00007ef8283e0000)
 tenured generation   total 6418136K, used 6417779K [0x00007efcb9b50000, 0x00007efe41706000, 0x00007f0764600000)
   the space 6418136K,  99% used [0x00007efcb9b50000, 0x00007efe416acdf0, 0x00007efe416ace00, 0x00007efe41706000)
 Metaspace       used 25062K, capacity 25486K, committed 25600K, reserved 26624K
}
Event: 25248.500 GC heap after
{Heap after GC invocations=32980 (full 4):
 def new generation   total 2888192K, used 2831K [0x00007ef764600000, 0x00007ef8283e0000, 0x00007efcb9b50000)
  eden space 2567296K,   0% used [0x00007ef764600000, 0x00007ef764600000, 0x00007ef801120000)
  from space 320896K,   0% used [0x00007ef814a80000, 0x00007ef814d43cb8, 0x00007ef8283e0000)
  to   space 320896K,   0% used [0x00007ef801120000, 0x00007ef801120000, 0x00007ef814a80000)
 tenured generation   total 6418136K, used 6417939K [0x00007efcb9b50000, 0x00007efe41706000, 0x00007f0764600000)
   the space 6418136K,  99% used [0x00007efcb9b50000, 0x00007efe416d4e40, 0x00007efe416d5000, 0x00007efe41706000)
 Metaspace       used 25062K, capacity 25486K, committed 25600K, reserved 26624K
}
Event: 25250.098 GC heap before
{Heap before GC invocations=32980 (full 4):
 def new generation   total 2888192K, used 2570127K [0x00007ef764600000, 0x00007ef8283e0000, 0x00007efcb9b50000)
  eden space 2567296K, 100% used [0x00007ef764600000, 0x00007ef801120000, 0x00007ef801120000)
  from space 320896K,   0% used [0x00007ef814a80000, 0x00007ef814d43cb8, 0x00007ef8283e0000)
  to   space 320896K,   0% used [0x00007ef801120000, 0x00007ef801120000, 0x00007ef814a80000)
 tenured generation   total 6418136K, used 6417939K [0x00007efcb9b50000, 0x00007efe41706000, 0x00007f0764600000)
   the space 6418136K,  99% used [0x00007efcb9b50000, 0x00007efe416d4e40, 0x00007efe416d5000, 0x00007efe41706000)
 Metaspace       used 25062K, capacity 25486K, committed 25600K, reserved 26624K
}
Event: 25250.106 GC heap after
{Heap after GC invocations=32981 (full 4):
 def new generation   total 2888192K, used 2988K [0x00007ef764600000, 0x00007ef8283e0000, 0x00007efcb9b50000)
  eden space 2567296K,   0% used [0x00007ef764600000, 0x00007ef764600000, 0x00007ef801120000)
  from space 320896K,   0% used [0x00007ef801120000, 0x00007ef80140b188, 0x00007ef814a80000)
  to   space 320896K,   0% used [0x00007ef814a80000, 0x00007ef814a80000, 0x00007ef8283e0000)
 tenured generation   total 6418136K, used 6418126K [0x00007efcb9b50000, 0x00007efe41706000, 0x00007f0764600000)
   the space 6418136K,  99% used [0x00007efcb9b50000, 0x00007efe41703948, 0x00007efe41703a00, 0x00007efe41706000)
 Metaspace       used 25062K, capacity 25486K, committed 25600K, reserved 26624K
}
Event: 25250.106 GC heap before
{Heap before GC invocations=32981 (full 4):
 def new generation   total 2888192K, used 2988K [0x00007ef764600000, 0x00007ef8283e0000, 0x00007efcb9b50000)
  eden space 2567296K,   0% used [0x00007ef764600000, 0x00007ef764600000, 0x00007ef801120000)
  from space 320896K,   0% used [0x00007ef801120000, 0x00007ef80140b188, 0x00007ef814a80000)
  to   space 320896K,   0% used [0x00007ef814a80000, 0x00007ef814a80000, 0x00007ef8283e0000)
 tenured generation   total 6418136K, used 6418126K [0x00007efcb9b50000, 0x00007efe41706000, 0x00007f0764600000)
   the space 6418136K,  99% used [0x00007efcb9b50000, 0x00007efe41703948, 0x00007efe41703a00, 0x00007efe41706000)
 Metaspace       used 25062K, capacity 25486K, committed 25600K, reserved 26624K
}

