# JRE version: OpenJDK Runtime Environment (13.0.7+5) (build 13.0.7+5-Ubuntu-0ubuntu120.04)
# Java VM: OpenJDK 64-Bit Server VM (13.0.7+5-Ubuntu-0ubuntu120.04, mixed mode, tiered, serial gc, linux-amd64)
Heap:
 def new generation   total 2888640K, used 23892K [0x00007f01b4600000, 0x00007f0278460000, 0x00007f0709b50000)
  eden space 2567680K,   0% used [0x00007f01b4600000, 0x00007f01b5d552f8, 0x00007f0251180000)
  from space 320960K,   0% used [0x00007f0251180000, 0x00007f0251180000, 0x00007f0264af0000)
  to   space 320960K,   0% used [0x00007f0264af0000, 0x00007f0264af0000, 0x00007f0278460000)
 tenured generation   total 6419680K, used 6419678K [0x00007f0709b50000, 0x00007f0891888000, 0x00007f11b4600000)
   the space 6419680K,  99% used [0x00007f0709b50000, 0x00007f0891887bc8, 0x00007f0891887c00, 0x00007f0891888000)
 Metaspace       used 25084K, capacity 25557K, committed 25600K, reserved 26624K
GC Heap History (20 events):
Event: 16207.008 GC heap after
{Heap after GC invocations=16402 (full 4):
 def new generation   total 2888640K, used 23887K [0x00007f01b4600000, 0x00007f0278460000, 0x00007f0709b50000)
  eden space 2567680K,   0% used [0x00007f01b4600000, 0x00007f01b4600000, 0x00007f0251180000)
  from space 320960K,   7% used [0x00007f0264af0000, 0x00007f0266243ec8, 0x00007f0278460000)
  to   space 320960K,   0% used [0x00007f0251180000, 0x00007f0251180000, 0x00007f0264af0000)
 tenured generation   total 6419104K, used 6405380K [0x00007f0709b50000, 0x00007f08917f8000, 0x00007f11b4600000)
   the space 6419104K,  99% used [0x00007f0709b50000, 0x00007f0890a91358, 0x00007f0890a91400, 0x00007f08917f8000)
 Metaspace       used 25084K, capacity 25557K, committed 25600K, reserved 26624K
}
Event: 16209.480 GC heap before
{Heap before GC invocations=16402 (full 4):
 def new generation   total 2888640K, used 2591567K [0x00007f01b4600000, 0x00007f0278460000, 0x00007f0709b50000)
  eden space 2567680K, 100% used [0x00007f01b4600000, 0x00007f0251180000, 0x00007f0251180000)
  from space 320960K,   7% used [0x00007f0264af0000, 0x00007f0266243ec8, 0x00007f0278460000)
  to   space 320960K,   0% used [0x00007f0251180000, 0x00007f0251180000, 0x00007f0264af0000)
 tenured generation   total 6419104K, used 6405380K [0x00007f0709b50000, 0x00007f08917f8000, 0x00007f11b4600000)
   the space 6419104K,  99% used [0x00007f0709b50000, 0x00007f0890a91358, 0x00007f0890a91400, 0x00007f08917f8000)
 Metaspace       used 25084K, capacity 25557K, committed 25600K, reserved 26624K
}
Event: 16209.530 GC heap after
{Heap after GC invocations=16403 (full 4):
 def new generation   total 2888640K, used 23877K [0x00007f01b4600000, 0x00007f0278460000, 0x00007f0709b50000)
  eden space 2567680K,   0% used [0x00007f01b4600000, 0x00007f01b4600000, 0x00007f0251180000)
  from space 320960K,   7% used [0x00007f0251180000, 0x00007f02528d16a8, 0x00007f0264af0000)
  to   space 320960K,   0% used [0x00007f0264af0000, 0x00007f0264af0000, 0x00007f0278460000)
 tenured generation   total 6419104K, used 6406981K [0x00007f0709b50000, 0x00007f08917f8000, 0x00007f11b4600000)
   the space 6419104K,  99% used [0x00007f0709b50000, 0x00007f0890c21598, 0x00007f0890c21600, 0x00007f08917f8000)
 Metaspace       used 25084K, capacity 25557K, committed 25600K, reserved 26624K
}
Event: 16211.929 GC heap before
{Heap before GC invocations=16403 (full 4):
 def new generation   total 2888640K, used 2591557K [0x00007f01b4600000, 0x00007f0278460000, 0x00007f0709b50000)
  eden space 2567680K, 100% used [0x00007f01b4600000, 0x00007f0251180000, 0x00007f0251180000)
  from space 320960K,   7% used [0x00007f0251180000, 0x00007f02528d16a8, 0x00007f0264af0000)
  to   space 320960K,   0% used [0x00007f0264af0000, 0x00007f0264af0000, 0x00007f0278460000)
 tenured generation   total 6419104K, used 6406981K [0x00007f0709b50000, 0x00007f08917f8000, 0x00007f11b4600000)
   the space 6419104K,  99% used [0x00007f0709b50000, 0x00007f0890c21598, 0x00007f0890c21600, 0x00007f08917f8000)
 Metaspace       used 25084K, capacity 25557K, committed 25600K, reserved 26624K
}
Event: 16211.979 GC heap after
{Heap after GC invocations=16404 (full 4):
 def new generation   total 2888640K, used 23889K [0x00007f01b4600000, 0x00007f0278460000, 0x00007f0709b50000)
  eden space 2567680K,   0% used [0x00007f01b4600000, 0x00007f01b4600000, 0x00007f0251180000)
  from space 320960K,   7% used [0x00007f0264af0000, 0x00007f02662446f0, 0x00007f0278460000)
  to   space 320960K,   0% used [0x00007f0251180000, 0x00007f0251180000, 0x00007f0264af0000)
 tenured generation   total 6419104K, used 6408557K [0x00007f0709b50000, 0x00007f08917f8000, 0x00007f11b4600000)
   the space 6419104K,  99% used [0x00007f0709b50000, 0x00007f0890dab600, 0x00007f0890dab600, 0x00007f08917f8000)
 Metaspace       used 25084K, capacity 25557K, committed 25600K, reserved 26624K
}
Event: 16214.310 GC heap before
{Heap before GC invocations=16404 (full 4):
 def new generation   total 2888640K, used 2591569K [0x00007f01b4600000, 0x00007f0278460000, 0x00007f0709b50000)
  eden space 2567680K, 100% used [0x00007f01b4600000, 0x00007f0251180000, 0x00007f0251180000)
  from space 320960K,   7% used [0x00007f0264af0000, 0x00007f02662446f0, 0x00007f0278460000)
  to   space 320960K,   0% used [0x00007f0251180000, 0x00007f0251180000, 0x00007f0264af0000)
 tenured generation   total 6419104K, used 6408557K [0x00007f0709b50000, 0x00007f08917f8000, 0x00007f11b4600000)
   the space 6419104K,  99% used [0x00007f0709b50000, 0x00007f0890dab600, 0x00007f0890dab600, 0x00007f08917f8000)
 Metaspace       used 25084K, capacity 25557K, committed 25600K, reserved 26624K
}
Event: 16214.364 GC heap after
{Heap after GC invocations=16405 (full 4):
 def new generation   total 2888640K, used 23918K [0x00007f01b4600000, 0x00007f0278460000, 0x00007f0709b50000)
  eden space 2567680K,   0% used [0x00007f01b4600000, 0x00007f01b4600000, 0x00007f0251180000)
  from space 320960K,   7% used [0x00007f0251180000, 0x00007f02528dba88, 0x00007f0264af0000)
  to   space 320960K,   0% used [0x00007f0264af0000, 0x00007f0264af0000, 0x00007f0278460000)
 tenured generation   total 6419104K, used 6410133K [0x00007f0709b50000, 0x00007f08917f8000, 0x00007f11b4600000)
   the space 6419104K,  99% used [0x00007f0709b50000, 0x00007f0890f35730, 0x00007f0890f35800, 0x00007f08917f8000)
 Metaspace       used 25084K, capacity 25557K, committed 25600K, reserved 26624K
}
Event: 16216.761 GC heap before
{Heap before GC invocations=16405 (full 4):
 def new generation   total 2888640K, used 2591598K [0x00007f01b4600000, 0x00007f0278460000, 0x00007f0709b50000)
  eden space 2567680K, 100% used [0x00007f01b4600000, 0x00007f0251180000, 0x00007f0251180000)
  from space 320960K,   7% used [0x00007f0251180000, 0x00007f02528dba88, 0x00007f0264af0000)
  to   space 320960K,   0% used [0x00007f0264af0000, 0x00007f0264af0000, 0x00007f0278460000)
 tenured generation   total 6419104K, used 6410133K [0x00007f0709b50000, 0x00007f08917f8000, 0x00007f11b4600000)
   the space 6419104K,  99% used [0x00007f0709b50000, 0x00007f0890f35730, 0x00007f0890f35800, 0x00007f08917f8000)
 Metaspace       used 25084K, capacity 25557K, committed 25600K, reserved 26624K
}
Event: 16216.819 GC heap after
{Heap after GC invocations=16406 (full 4):
 def new generation   total 2888640K, used 23912K [0x00007f01b4600000, 0x00007f0278460000, 0x00007f0709b50000)
  eden space 2567680K,   0% used [0x00007f01b4600000, 0x00007f01b4600000, 0x00007f0251180000)
  from space 320960K,   7% used [0x00007f0264af0000, 0x00007f026624a228, 0x00007f0278460000)
  to   space 320960K,   0% used [0x00007f0251180000, 0x00007f0251180000, 0x00007f0264af0000)
 tenured generation   total 6419104K, used 6411730K [0x00007f0709b50000, 0x00007f08917f8000, 0x00007f11b4600000)
   the space 6419104K,  99% used [0x00007f0709b50000, 0x00007f08910c4830, 0x00007f08910c4a00, 0x00007f08917f8000)
 Metaspace       used 25084K, capacity 25557K, committed 25600K, reserved 26624K
}
Event: 16219.259 GC heap before
{Heap before GC invocations=16406 (full 4):
 def new generation   total 2888640K, used 2591592K [0x00007f01b4600000, 0x00007f0278460000, 0x00007f0709b50000)
  eden space 2567680K, 100% used [0x00007f01b4600000, 0x00007f0251180000, 0x00007f0251180000)
  from space 320960K,   7% used [0x00007f0264af0000, 0x00007f026624a228, 0x00007f0278460000)
  to   space 320960K,   0% used [0x00007f0251180000, 0x00007f0251180000, 0x00007f0264af0000)
 tenured generation   total 6419104K, used 6411730K [0x00007f0709b50000, 0x00007f08917f8000, 0x00007f11b4600000)
   the space 6419104K,  99% used [0x00007f0709b50000, 0x00007f08910c4830, 0x00007f08910c4a00, 0x00007f08917f8000)
 Metaspace       used 25084K, capacity 25557K, committed 25600K, reserved 26624K
}
Event: 16219.326 GC heap after
{Heap after GC invocations=16407 (full 4):
 def new generation   total 2888640K, used 23906K [0x00007f01b4600000, 0x00007f0278460000, 0x00007f0709b50000)
  eden space 2567680K,   0% used [0x00007f01b4600000, 0x00007f01b4600000, 0x00007f0251180000)
  from space 320960K,   7% used [0x00007f0251180000, 0x00007f02528d89c0, 0x00007f0264af0000)
  to   space 320960K,   0% used [0x00007f0264af0000, 0x00007f0264af0000, 0x00007f0278460000)
 tenured generation   total 6419104K, used 6413326K [0x00007f0709b50000, 0x00007f08917f8000, 0x00007f11b4600000)
   the space 6419104K,  99% used [0x00007f0709b50000, 0x00007f0891253930, 0x00007f0891253a00, 0x00007f08917f8000)
 Metaspace       used 25084K, capacity 25557K, committed 25600K, reserved 26624K
}
Event: 16221.680 GC heap before
{Heap before GC invocations=16407 (full 4):
 def new generation   total 2888640K, used 2591586K [0x00007f01b4600000, 0x00007f0278460000, 0x00007f0709b50000)
  eden space 2567680K, 100% used [0x00007f01b4600000, 0x00007f0251180000, 0x00007f0251180000)
  from space 320960K,   7% used [0x00007f0251180000, 0x00007f02528d89c0, 0x00007f0264af0000)
  to   space 320960K,   0% used [0x00007f0264af0000, 0x00007f0264af0000, 0x00007f0278460000)
 tenured generation   total 6419104K, used 6413326K [0x00007f0709b50000, 0x00007f08917f8000, 0x00007f11b4600000)
   the space 6419104K,  99% used [0x00007f0709b50000, 0x00007f0891253930, 0x00007f0891253a00, 0x00007f08917f8000)
 Metaspace       used 25084K, capacity 25557K, committed 25600K, reserved 26624K
}
Event: 16221.749 GC heap after
{Heap after GC invocations=16408 (full 4):
 def new generation   total 2888640K, used 23884K [0x00007f01b4600000, 0x00007f0278460000, 0x00007f0709b50000)
  eden space 2567680K,   0% used [0x00007f01b4600000, 0x00007f01b4600000, 0x00007f0251180000)
  from space 320960K,   7% used [0x00007f0264af0000, 0x00007f0266243208, 0x00007f0278460000)
  to   space 320960K,   0% used [0x00007f0251180000, 0x00007f0251180000, 0x00007f0264af0000)
 tenured generation   total 6419104K, used 6414922K [0x00007f0709b50000, 0x00007f08917f8000, 0x00007f11b4600000)
   the space 6419104K,  99% used [0x00007f0709b50000, 0x00007f08913e2a30, 0x00007f08913e2c00, 0x00007f08917f8000)
 Metaspace       used 25084K, capacity 25557K, committed 25600K, reserved 26624K
}
Event: 16224.074 GC heap before
{Heap before GC invocations=16408 (full 4):
 def new generation   total 2888640K, used 2591564K [0x00007f01b4600000, 0x00007f0278460000, 0x00007f0709b50000)
  eden space 2567680K, 100% used [0x00007f01b4600000, 0x00007f0251180000, 0x00007f0251180000)
  from space 320960K,   7% used [0x00007f0264af0000, 0x00007f0266243208, 0x00007f0278460000)
  to   space 320960K,   0% used [0x00007f0251180000, 0x00007f0251180000, 0x00007f0264af0000)
 tenured generation   total 6419104K, used 6414922K [0x00007f0709b50000, 0x00007f08917f8000, 0x00007f11b4600000)
   the space 6419104K,  99% used [0x00007f0709b50000, 0x00007f08913e2a30, 0x00007f08913e2c00, 0x00007f08917f8000)
 Metaspace       used 25084K, capacity 25557K, committed 25600K, reserved 26624K
}
Event: 16224.127 GC heap after
{Heap after GC invocations=16409 (full 4):
 def new generation   total 2888640K, used 23877K [0x00007f01b4600000, 0x00007f0278460000, 0x00007f0709b50000)
  eden space 2567680K,   0% used [0x00007f01b4600000, 0x00007f01b4600000, 0x00007f0251180000)
  from space 320960K,   7% used [0x00007f0251180000, 0x00007f02528d14c8, 0x00007f0264af0000)
  to   space 320960K,   0% used [0x00007f0264af0000, 0x00007f0264af0000, 0x00007f0278460000)
 tenured generation   total 6419104K, used 6416523K [0x00007f0709b50000, 0x00007f08917f8000, 0x00007f11b4600000)
   the space 6419104K,  99% used [0x00007f0709b50000, 0x00007f0891572c70, 0x00007f0891572e00, 0x00007f08917f8000)
 Metaspace       used 25084K, capacity 25557K, committed 25600K, reserved 26624K
}
Event: 16226.487 GC heap before
{Heap before GC invocations=16409 (full 4):
 def new generation   total 2888640K, used 2591557K [0x00007f01b4600000, 0x00007f0278460000, 0x00007f0709b50000)
  eden space 2567680K, 100% used [0x00007f01b4600000, 0x00007f0251180000, 0x00007f0251180000)
  from space 320960K,   7% used [0x00007f0251180000, 0x00007f02528d14c8, 0x00007f0264af0000)
  to   space 320960K,   0% used [0x00007f0264af0000, 0x00007f0264af0000, 0x00007f0278460000)
 tenured generation   total 6419104K, used 6416523K [0x00007f0709b50000, 0x00007f08917f8000, 0x00007f11b4600000)
   the space 6419104K,  99% used [0x00007f0709b50000, 0x00007f0891572c70, 0x00007f0891572e00, 0x00007f08917f8000)
 Metaspace       used 25084K, capacity 25557K, committed 25600K, reserved 26624K
}
Event: 16226.543 GC heap after
{Heap after GC invocations=16410 (full 4):
 def new generation   total 2888640K, used 23875K [0x00007f01b4600000, 0x00007f0278460000, 0x00007f0709b50000)
  eden space 2567680K,   0% used [0x00007f01b4600000, 0x00007f01b4600000, 0x00007f0251180000)
  from space 320960K,   7% used [0x00007f0264af0000, 0x00007f0266240e88, 0x00007f0278460000)
  to   space 320960K,   0% used [0x00007f0251180000, 0x00007f0251180000, 0x00007f0264af0000)
 tenured generation   total 6419104K, used 6418099K [0x00007f0709b50000, 0x00007f08917f8000, 0x00007f11b4600000)
   the space 6419104K,  99% used [0x00007f0709b50000, 0x00007f08916fcda0, 0x00007f08916fce00, 0x00007f08917f8000)
 Metaspace       used 25084K, capacity 25557K, committed 25600K, reserved 26624K
}
Event: 16228.916 GC heap before
{Heap before GC invocations=16410 (full 4):
 def new generation   total 2888640K, used 2591555K [0x00007f01b4600000, 0x00007f0278460000, 0x00007f0709b50000)
  eden space 2567680K, 100% used [0x00007f01b4600000, 0x00007f0251180000, 0x00007f0251180000)
  from space 320960K,   7% used [0x00007f0264af0000, 0x00007f0266240e88, 0x00007f0278460000)
  to   space 320960K,   0% used [0x00007f0251180000, 0x00007f0251180000, 0x00007f0264af0000)
 tenured generation   total 6419104K, used 6418099K [0x00007f0709b50000, 0x00007f08917f8000, 0x00007f11b4600000)
   the space 6419104K,  99% used [0x00007f0709b50000, 0x00007f08916fcda0, 0x00007f08916fce00, 0x00007f08917f8000)
 Metaspace       used 25084K, capacity 25557K, committed 25600K, reserved 26624K
}
Event: 16228.969 GC heap after
{Heap after GC invocations=16411 (full 4):
 def new generation   total 2888640K, used 23896K [0x00007f01b4600000, 0x00007f0278460000, 0x00007f0709b50000)
  eden space 2567680K,   0% used [0x00007f01b4600000, 0x00007f01b4600000, 0x00007f0251180000)
  from space 320960K,   7% used [0x00007f0251180000, 0x00007f02528d60b8, 0x00007f0264af0000)
  to   space 320960K,   0% used [0x00007f0264af0000, 0x00007f0264af0000, 0x00007f0278460000)
 tenured generation   total 6419680K, used 6419675K [0x00007f0709b50000, 0x00007f0891888000, 0x00007f11b4600000)
   the space 6419680K,  99% used [0x00007f0709b50000, 0x00007f0891886e08, 0x00007f0891887000, 0x00007f0891888000)
 Metaspace       used 25084K, capacity 25557K, committed 25600K, reserved 26624K
}
Event: 16228.969 GC heap before
{Heap before GC invocations=16411 (full 4):
 def new generation   total 2888640K, used 23896K [0x00007f01b4600000, 0x00007f0278460000, 0x00007f0709b50000)
  eden space 2567680K,   0% used [0x00007f01b4600000, 0x00007f01b4600000, 0x00007f0251180000)
  from space 320960K,   7% used [0x00007f0251180000, 0x00007f02528d60b8, 0x00007f0264af0000)
  to   space 320960K,   0% used [0x00007f0264af0000, 0x00007f0264af0000, 0x00007f0278460000)
 tenured generation   total 6419680K, used 6419675K [0x00007f0709b50000, 0x00007f0891888000, 0x00007f11b4600000)
   the space 6419680K,  99% used [0x00007f0709b50000, 0x00007f0891886e08, 0x00007f0891887000, 0x00007f0891888000)
 Metaspace       used 25084K, capacity 25557K, committed 25600K, reserved 26624K
}

