# JRE version: OpenJDK Runtime Environment (13.0.7+5) (build 13.0.7+5-Ubuntu-0ubuntu120.04)
# Java VM: OpenJDK 64-Bit Server VM (13.0.7+5-Ubuntu-0ubuntu120.04, mixed mode, tiered, serial gc, linux-amd64)
Heap:
 def new generation   total 629248K, used 942K [0x00007f8ed0600000, 0x00007f8efb0c0000, 0x00007f9425b50000)
  eden space 559360K,   0% used [0x00007f8ed0600000, 0x00007f8ed06ebbc8, 0x00007f8ef2840000)
  from space 69888K,   0% used [0x00007f8ef2840000, 0x00007f8ef2840000, 0x00007f8ef6c80000)
  to   space 69888K,   0% used [0x00007f8ef6c80000, 0x00007f8ef6c80000, 0x00007f8efb0c0000)
 tenured generation   total 1398336K, used 1398335K [0x00007f9425b50000, 0x00007f947b0e0000, 0x00007f9ed0600000)
   the space 1398336K,  99% used [0x00007f9425b50000, 0x00007f947b0dffe0, 0x00007f947b0e0000, 0x00007f947b0e0000)
 Metaspace       used 24825K, capacity 25238K, committed 25344K, reserved 26624K
GC Heap History (20 events):
Event: 10910.391 GC heap after
{Heap after GC invocations=20950 (full 1):
 def new generation   total 629248K, used 1040K [0x00007f8ed0600000, 0x00007f8efb0c0000, 0x00007f9425b50000)
  eden space 559360K,   0% used [0x00007f8ed0600000, 0x00007f8ed0600000, 0x00007f8ef2840000)
  from space 69888K,   1% used [0x00007f8ef6c80000, 0x00007f8ef6d843e0, 0x00007f8efb0c0000)
  to   space 69888K,   0% used [0x00007f8ef2840000, 0x00007f8ef2840000, 0x00007f8ef6c80000)
 tenured generation   total 1398144K, used 1397616K [0x00007f9425b50000, 0x00007f947b0b0000, 0x00007f9ed0600000)
   the space 1398144K,  99% used [0x00007f9425b50000, 0x00007f947b02c028, 0x00007f947b02c200, 0x00007f947b0b0000)
 Metaspace       used 24825K, capacity 25238K, committed 25344K, reserved 26624K
}
Event: 10910.920 GC heap before
{Heap before GC invocations=20950 (full 1):
 def new generation   total 629248K, used 560400K [0x00007f8ed0600000, 0x00007f8efb0c0000, 0x00007f9425b50000)
  eden space 559360K, 100% used [0x00007f8ed0600000, 0x00007f8ef2840000, 0x00007f8ef2840000)
  from space 69888K,   1% used [0x00007f8ef6c80000, 0x00007f8ef6d843e0, 0x00007f8efb0c0000)
  to   space 69888K,   0% used [0x00007f8ef2840000, 0x00007f8ef2840000, 0x00007f8ef6c80000)
 tenured generation   total 1398144K, used 1397616K [0x00007f9425b50000, 0x00007f947b0b0000, 0x00007f9ed0600000)
   the space 1398144K,  99% used [0x00007f9425b50000, 0x00007f947b02c028, 0x00007f947b02c200, 0x00007f947b0b0000)
 Metaspace       used 24825K, capacity 25238K, committed 25344K, reserved 26624K
}
Event: 10910.925 GC heap after
{Heap after GC invocations=20951 (full 1):
 def new generation   total 629248K, used 1032K [0x00007f8ed0600000, 0x00007f8efb0c0000, 0x00007f9425b50000)
  eden space 559360K,   0% used [0x00007f8ed0600000, 0x00007f8ed0600000, 0x00007f8ef2840000)
  from space 69888K,   1% used [0x00007f8ef2840000, 0x00007f8ef29420a0, 0x00007f8ef6c80000)
  to   space 69888K,   0% used [0x00007f8ef6c80000, 0x00007f8ef6c80000, 0x00007f8efb0c0000)
 tenured generation   total 1398144K, used 1397680K [0x00007f9425b50000, 0x00007f947b0b0000, 0x00007f9ed0600000)
   the space 1398144K,  99% used [0x00007f9425b50000, 0x00007f947b03c1f8, 0x00007f947b03c200, 0x00007f947b0b0000)
 Metaspace       used 24825K, capacity 25238K, committed 25344K, reserved 26624K
}
Event: 10911.447 GC heap before
{Heap before GC invocations=20951 (full 1):
 def new generation   total 629248K, used 560392K [0x00007f8ed0600000, 0x00007f8efb0c0000, 0x00007f9425b50000)
  eden space 559360K, 100% used [0x00007f8ed0600000, 0x00007f8ef2840000, 0x00007f8ef2840000)
  from space 69888K,   1% used [0x00007f8ef2840000, 0x00007f8ef29420a0, 0x00007f8ef6c80000)
  to   space 69888K,   0% used [0x00007f8ef6c80000, 0x00007f8ef6c80000, 0x00007f8efb0c0000)
 tenured generation   total 1398144K, used 1397680K [0x00007f9425b50000, 0x00007f947b0b0000, 0x00007f9ed0600000)
   the space 1398144K,  99% used [0x00007f9425b50000, 0x00007f947b03c1f8, 0x00007f947b03c200, 0x00007f947b0b0000)
 Metaspace       used 24825K, capacity 25238K, committed 25344K, reserved 26624K
}
Event: 10911.452 GC heap after
{Heap after GC invocations=20952 (full 1):
 def new generation   total 629248K, used 1041K [0x00007f8ed0600000, 0x00007f8efb0c0000, 0x00007f9425b50000)
  eden space 559360K,   0% used [0x00007f8ed0600000, 0x00007f8ed0600000, 0x00007f8ef2840000)
  from space 69888K,   1% used [0x00007f8ef6c80000, 0x00007f8ef6d84568, 0x00007f8efb0c0000)
  to   space 69888K,   0% used [0x00007f8ef2840000, 0x00007f8ef2840000, 0x00007f8ef6c80000)
 tenured generation   total 1398144K, used 1397744K [0x00007f9425b50000, 0x00007f947b0b0000, 0x00007f9ed0600000)
   the space 1398144K,  99% used [0x00007f9425b50000, 0x00007f947b04c3c8, 0x00007f947b04c400, 0x00007f947b0b0000)
 Metaspace       used 24825K, capacity 25238K, committed 25344K, reserved 26624K
}
Event: 10911.967 GC heap before
{Heap before GC invocations=20952 (full 1):
 def new generation   total 629248K, used 560401K [0x00007f8ed0600000, 0x00007f8efb0c0000, 0x00007f9425b50000)
  eden space 559360K, 100% used [0x00007f8ed0600000, 0x00007f8ef2840000, 0x00007f8ef2840000)
  from space 69888K,   1% used [0x00007f8ef6c80000, 0x00007f8ef6d84568, 0x00007f8efb0c0000)
  to   space 69888K,   0% used [0x00007f8ef2840000, 0x00007f8ef2840000, 0x00007f8ef6c80000)
 tenured generation   total 1398144K, used 1397744K [0x00007f9425b50000, 0x00007f947b0b0000, 0x00007f9ed0600000)
   the space 1398144K,  99% used [0x00007f9425b50000, 0x00007f947b04c3c8, 0x00007f947b04c400, 0x00007f947b0b0000)
 Metaspace       used 24825K, capacity 25238K, committed 25344K, reserved 26624K
}
Event: 10911.970 GC heap after
{Heap after GC invocations=20953 (full 1):
 def new generation   total 629248K, used 1023K [0x00007f8ed0600000, 0x00007f8efb0c0000, 0x00007f9425b50000)
  eden space 559360K,   0% used [0x00007f8ed0600000, 0x00007f8ed0600000, 0x00007f8ef2840000)
  from space 69888K,   1% used [0x00007f8ef2840000, 0x00007f8ef293ffd8, 0x00007f8ef6c80000)
  to   space 69888K,   0% used [0x00007f8ef6c80000, 0x00007f8ef6c80000, 0x00007f8efb0c0000)
 tenured generation   total 1398144K, used 1397809K [0x00007f9425b50000, 0x00007f947b0b0000, 0x00007f9ed0600000)
   the space 1398144K,  99% used [0x00007f9425b50000, 0x00007f947b05c598, 0x00007f947b05c600, 0x00007f947b0b0000)
 Metaspace       used 24825K, capacity 25238K, committed 25344K, reserved 26624K
}
Event: 10912.483 GC heap before
{Heap before GC invocations=20953 (full 1):
 def new generation   total 629248K, used 560383K [0x00007f8ed0600000, 0x00007f8efb0c0000, 0x00007f9425b50000)
  eden space 559360K, 100% used [0x00007f8ed0600000, 0x00007f8ef2840000, 0x00007f8ef2840000)
  from space 69888K,   1% used [0x00007f8ef2840000, 0x00007f8ef293ffd8, 0x00007f8ef6c80000)
  to   space 69888K,   0% used [0x00007f8ef6c80000, 0x00007f8ef6c80000, 0x00007f8efb0c0000)
 tenured generation   total 1398144K, used 1397809K [0x00007f9425b50000, 0x00007f947b0b0000, 0x00007f9ed0600000)
   the space 1398144K,  99% used [0x00007f9425b50000, 0x00007f947b05c598, 0x00007f947b05c600, 0x00007f947b0b0000)
 Metaspace       used 24825K, capacity 25238K, committed 25344K, reserved 26624K
}
Event: 10912.488 GC heap after
{Heap after GC invocations=20954 (full 1):
 def new generation   total 629248K, used 1032K [0x00007f8ed0600000, 0x00007f8efb0c0000, 0x00007f9425b50000)
  eden space 559360K,   0% used [0x00007f8ed0600000, 0x00007f8ed0600000, 0x00007f8ef2840000)
  from space 69888K,   1% used [0x00007f8ef6c80000, 0x00007f8ef6d82048, 0x00007f8efb0c0000)
  to   space 69888K,   0% used [0x00007f8ef2840000, 0x00007f8ef2840000, 0x00007f8ef6c80000)
 tenured generation   total 1398144K, used 1397873K [0x00007f9425b50000, 0x00007f947b0b0000, 0x00007f9ed0600000)
   the space 1398144K,  99% used [0x00007f9425b50000, 0x00007f947b06c768, 0x00007f947b06c800, 0x00007f947b0b0000)
 Metaspace       used 24825K, capacity 25238K, committed 25344K, reserved 26624K
}
Event: 10912.989 GC heap before
{Heap before GC invocations=20954 (full 1):
 def new generation   total 629248K, used 560392K [0x00007f8ed0600000, 0x00007f8efb0c0000, 0x00007f9425b50000)
  eden space 559360K, 100% used [0x00007f8ed0600000, 0x00007f8ef2840000, 0x00007f8ef2840000)
  from space 69888K,   1% used [0x00007f8ef6c80000, 0x00007f8ef6d82048, 0x00007f8efb0c0000)
  to   space 69888K,   0% used [0x00007f8ef2840000, 0x00007f8ef2840000, 0x00007f8ef6c80000)
 tenured generation   total 1398144K, used 1397873K [0x00007f9425b50000, 0x00007f947b0b0000, 0x00007f9ed0600000)
   the space 1398144K,  99% used [0x00007f9425b50000, 0x00007f947b06c768, 0x00007f947b06c800, 0x00007f947b0b0000)
 Metaspace       used 24825K, capacity 25238K, committed 25344K, reserved 26624K
}
Event: 10912.992 GC heap after
{Heap after GC invocations=20955 (full 1):
 def new generation   total 629248K, used 1034K [0x00007f8ed0600000, 0x00007f8efb0c0000, 0x00007f9425b50000)
  eden space 559360K,   0% used [0x00007f8ed0600000, 0x00007f8ed0600000, 0x00007f8ef2840000)
  from space 69888K,   1% used [0x00007f8ef2840000, 0x00007f8ef2942a20, 0x00007f8ef6c80000)
  to   space 69888K,   0% used [0x00007f8ef6c80000, 0x00007f8ef6c80000, 0x00007f8efb0c0000)
 tenured generation   total 1398144K, used 1397938K [0x00007f9425b50000, 0x00007f947b0b0000, 0x00007f9ed0600000)
   the space 1398144K,  99% used [0x00007f9425b50000, 0x00007f947b07c938, 0x00007f947b07ca00, 0x00007f947b0b0000)
 Metaspace       used 24825K, capacity 25238K, committed 25344K, reserved 26624K
}
Event: 10913.491 GC heap before
{Heap before GC invocations=20955 (full 1):
 def new generation   total 629248K, used 560394K [0x00007f8ed0600000, 0x00007f8efb0c0000, 0x00007f9425b50000)
  eden space 559360K, 100% used [0x00007f8ed0600000, 0x00007f8ef2840000, 0x00007f8ef2840000)
  from space 69888K,   1% used [0x00007f8ef2840000, 0x00007f8ef2942a20, 0x00007f8ef6c80000)
  to   space 69888K,   0% used [0x00007f8ef6c80000, 0x00007f8ef6c80000, 0x00007f8efb0c0000)
 tenured generation   total 1398144K, used 1397938K [0x00007f9425b50000, 0x00007f947b0b0000, 0x00007f9ed0600000)
   the space 1398144K,  99% used [0x00007f9425b50000, 0x00007f947b07c938, 0x00007f947b07ca00, 0x00007f947b0b0000)
 Metaspace       used 24825K, capacity 25238K, committed 25344K, reserved 26624K
}
Event: 10913.495 GC heap after
{Heap after GC invocations=20956 (full 1):
 def new generation   total 629248K, used 1033K [0x00007f8ed0600000, 0x00007f8efb0c0000, 0x00007f9425b50000)
  eden space 559360K,   0% used [0x00007f8ed0600000, 0x00007f8ed0600000, 0x00007f8ef2840000)
  from space 69888K,   1% used [0x00007f8ef6c80000, 0x00007f8ef6d82740, 0x00007f8efb0c0000)
  to   space 69888K,   0% used [0x00007f8ef2840000, 0x00007f8ef2840000, 0x00007f8ef6c80000)
 tenured generation   total 1398144K, used 1398002K [0x00007f9425b50000, 0x00007f947b0b0000, 0x00007f9ed0600000)
   the space 1398144K,  99% used [0x00007f9425b50000, 0x00007f947b08cb08, 0x00007f947b08cc00, 0x00007f947b0b0000)
 Metaspace       used 24825K, capacity 25238K, committed 25344K, reserved 26624K
}
Event: 10913.999 GC heap before
{Heap before GC invocations=20956 (full 1):
 def new generation   total 629248K, used 560393K [0x00007f8ed0600000, 0x00007f8efb0c0000, 0x00007f9425b50000)
  eden space 559360K, 100% used [0x00007f8ed0600000, 0x00007f8ef2840000, 0x00007f8ef2840000)
  from space 69888K,   1% used [0x00007f8ef6c80000, 0x00007f8ef6d82740, 0x00007f8efb0c0000)
  to   space 69888K,   0% used [0x00007f8ef2840000, 0x00007f8ef2840000, 0x00007f8ef6c80000)
 tenured generation   total 1398144K, used 1398002K [0x00007f9425b50000, 0x00007f947b0b0000, 0x00007f9ed0600000)
   the space 1398144K,  99% used [0x00007f9425b50000, 0x00007f947b08cb08, 0x00007f947b08cc00, 0x00007f947b0b0000)
 Metaspace       used 24825K, capacity 25238K, committed 25344K, reserved 26624K
}
Event: 10914.002 GC heap after
{Heap after GC invocations=20957 (full 1):
 def new generation   total 629248K, used 1046K [0x00007f8ed0600000, 0x00007f8efb0c0000, 0x00007f9425b50000)
  eden space 559360K,   0% used [0x00007f8ed0600000, 0x00007f8ed0600000, 0x00007f8ef2840000)
  from space 69888K,   1% used [0x00007f8ef2840000, 0x00007f8ef2945a90, 0x00007f8ef6c80000)
  to   space 69888K,   0% used [0x00007f8ef6c80000, 0x00007f8ef6c80000, 0x00007f8efb0c0000)
 tenured generation   total 1398144K, used 1398067K [0x00007f9425b50000, 0x00007f947b0b0000, 0x00007f9ed0600000)
   the space 1398144K,  99% used [0x00007f9425b50000, 0x00007f947b09ccd8, 0x00007f947b09ce00, 0x00007f947b0b0000)
 Metaspace       used 24825K, capacity 25238K, committed 25344K, reserved 26624K
}
Event: 10914.517 GC heap before
{Heap before GC invocations=20957 (full 1):
 def new generation   total 629248K, used 560406K [0x00007f8ed0600000, 0x00007f8efb0c0000, 0x00007f9425b50000)
  eden space 559360K, 100% used [0x00007f8ed0600000, 0x00007f8ef2840000, 0x00007f8ef2840000)
  from space 69888K,   1% used [0x00007f8ef2840000, 0x00007f8ef2945a90, 0x00007f8ef6c80000)
  to   space 69888K,   0% used [0x00007f8ef6c80000, 0x00007f8ef6c80000, 0x00007f8efb0c0000)
 tenured generation   total 1398144K, used 1398067K [0x00007f9425b50000, 0x00007f947b0b0000, 0x00007f9ed0600000)
   the space 1398144K,  99% used [0x00007f9425b50000, 0x00007f947b09ccd8, 0x00007f947b09ce00, 0x00007f947b0b0000)
 Metaspace       used 24825K, capacity 25238K, committed 25344K, reserved 26624K
}
Event: 10914.521 GC heap after
{Heap after GC invocations=20958 (full 1):
 def new generation   total 629248K, used 1051K [0x00007f8ed0600000, 0x00007f8efb0c0000, 0x00007f9425b50000)
  eden space 559360K,   0% used [0x00007f8ed0600000, 0x00007f8ed0600000, 0x00007f8ef2840000)
  from space 69888K,   1% used [0x00007f8ef6c80000, 0x00007f8ef6d86c28, 0x00007f8efb0c0000)
  to   space 69888K,   0% used [0x00007f8ef2840000, 0x00007f8ef2840000, 0x00007f8ef6c80000)
 tenured generation   total 1398144K, used 1398131K [0x00007f9425b50000, 0x00007f947b0b0000, 0x00007f9ed0600000)
   the space 1398144K,  99% used [0x00007f9425b50000, 0x00007f947b0acea8, 0x00007f947b0ad000, 0x00007f947b0b0000)
 Metaspace       used 24825K, capacity 25238K, committed 25344K, reserved 26624K
}
Event: 10915.035 GC heap before
{Heap before GC invocations=20958 (full 1):
 def new generation   total 629248K, used 560411K [0x00007f8ed0600000, 0x00007f8efb0c0000, 0x00007f9425b50000)
  eden space 559360K, 100% used [0x00007f8ed0600000, 0x00007f8ef2840000, 0x00007f8ef2840000)
  from space 69888K,   1% used [0x00007f8ef6c80000, 0x00007f8ef6d86c28, 0x00007f8efb0c0000)
  to   space 69888K,   0% used [0x00007f8ef2840000, 0x00007f8ef2840000, 0x00007f8ef6c80000)
 tenured generation   total 1398144K, used 1398131K [0x00007f9425b50000, 0x00007f947b0b0000, 0x00007f9ed0600000)
   the space 1398144K,  99% used [0x00007f9425b50000, 0x00007f947b0acea8, 0x00007f947b0ad000, 0x00007f947b0b0000)
 Metaspace       used 24825K, capacity 25238K, committed 25344K, reserved 26624K
}
Event: 10915.039 GC heap after
{Heap after GC invocations=20959 (full 1):
 def new generation   total 629248K, used 1082K [0x00007f8ed0600000, 0x00007f8efb0c0000, 0x00007f9425b50000)
  eden space 559360K,   0% used [0x00007f8ed0600000, 0x00007f8ed0600000, 0x00007f8ef2840000)
  from space 69888K,   1% used [0x00007f8ef2840000, 0x00007f8ef294eb30, 0x00007f8ef6c80000)
  to   space 69888K,   0% used [0x00007f8ef6c80000, 0x00007f8ef6c80000, 0x00007f8efb0c0000)
 tenured generation   total 1398336K, used 1398196K [0x00007f9425b50000, 0x00007f947b0e0000, 0x00007f9ed0600000)
   the space 1398336K,  99% used [0x00007f9425b50000, 0x00007f947b0bd078, 0x00007f947b0bd200, 0x00007f947b0e0000)
 Metaspace       used 24825K, capacity 25238K, committed 25344K, reserved 26624K
}
Event: 10915.039 GC heap before
{Heap before GC invocations=20959 (full 1):
 def new generation   total 629248K, used 1082K [0x00007f8ed0600000, 0x00007f8efb0c0000, 0x00007f9425b50000)
  eden space 559360K,   0% used [0x00007f8ed0600000, 0x00007f8ed0600000, 0x00007f8ef2840000)
  from space 69888K,   1% used [0x00007f8ef2840000, 0x00007f8ef294eb30, 0x00007f8ef6c80000)
  to   space 69888K,   0% used [0x00007f8ef6c80000, 0x00007f8ef6c80000, 0x00007f8efb0c0000)
 tenured generation   total 1398336K, used 1398196K [0x00007f9425b50000, 0x00007f947b0e0000, 0x00007f9ed0600000)
   the space 1398336K,  99% used [0x00007f9425b50000, 0x00007f947b0bd078, 0x00007f947b0bd200, 0x00007f947b0e0000)
 Metaspace       used 24825K, capacity 25238K, committed 25344K, reserved 26624K
}

