# JRE version: OpenJDK Runtime Environment (13.0.7+5) (build 13.0.7+5-Ubuntu-0ubuntu120.04)
# Java VM: OpenJDK 64-Bit Server VM (13.0.7+5-Ubuntu-0ubuntu120.04, mixed mode, tiered, serial gc, linux-amd64)
Heap:
 def new generation   total 2813184K, used 1951K [0x00007f6b38600000, 0x00007f6bf7270000, 0x00007f708db50000)
  eden space 2500672K,   0% used [0x00007f6b38600000, 0x00007f6b387e7e80, 0x00007f6bd1010000)
  from space 312512K,   0% used [0x00007f6bd1010000, 0x00007f6bd1010000, 0x00007f6be4140000)
  to   space 312512K,   0% used [0x00007f6be4140000, 0x00007f6be4140000, 0x00007f6bf7270000)
 tenured generation   total 6251552K, used 6251552K [0x00007f708db50000, 0x00007f720b458000, 0x00007f7b38600000)
   the space 6251552K, 100% used [0x00007f708db50000, 0x00007f720b458000, 0x00007f720b458000, 0x00007f720b458000)
 Metaspace       used 24896K, capacity 25339K, committed 25600K, reserved 26624K
GC Heap History (20 events):
Event: 164587.702 GC heap after
{Heap after GC invocations=159919 (full 4):
 def new generation   total 2813184K, used 2270K [0x00007f6b38600000, 0x00007f6bf7270000, 0x00007f708db50000)
  eden space 2500672K,   0% used [0x00007f6b38600000, 0x00007f6b38600000, 0x00007f6bd1010000)
  from space 312512K,   0% used [0x00007f6be4140000, 0x00007f6be4377be0, 0x00007f6bf7270000)
  to   space 312512K,   0% used [0x00007f6bd1010000, 0x00007f6bd1010000, 0x00007f6be4140000)
 tenured generation   total 6251360K, used 6250278K [0x00007f708db50000, 0x00007f720b428000, 0x00007f7b38600000)
   the space 6251360K,  99% used [0x00007f708db50000, 0x00007f720b319b30, 0x00007f720b319c00, 0x00007f720b428000)
 Metaspace       used 24896K, capacity 25339K, committed 25600K, reserved 26624K
}
Event: 164590.049 GC heap before
{Heap before GC invocations=159919 (full 4):
 def new generation   total 2813184K, used 2502942K [0x00007f6b38600000, 0x00007f6bf7270000, 0x00007f708db50000)
  eden space 2500672K, 100% used [0x00007f6b38600000, 0x00007f6bd1010000, 0x00007f6bd1010000)
  from space 312512K,   0% used [0x00007f6be4140000, 0x00007f6be4377be0, 0x00007f6bf7270000)
  to   space 312512K,   0% used [0x00007f6bd1010000, 0x00007f6bd1010000, 0x00007f6be4140000)
 tenured generation   total 6251360K, used 6250278K [0x00007f708db50000, 0x00007f720b428000, 0x00007f7b38600000)
   the space 6251360K,  99% used [0x00007f708db50000, 0x00007f720b319b30, 0x00007f720b319c00, 0x00007f720b428000)
 Metaspace       used 24896K, capacity 25339K, committed 25600K, reserved 26624K
}
Event: 164590.061 GC heap after
{Heap after GC invocations=159920 (full 4):
 def new generation   total 2813184K, used 2111K [0x00007f6b38600000, 0x00007f6bf7270000, 0x00007f708db50000)
  eden space 2500672K,   0% used [0x00007f6b38600000, 0x00007f6b38600000, 0x00007f6bd1010000)
  from space 312512K,   0% used [0x00007f6bd1010000, 0x00007f6bd121fe48, 0x00007f6be4140000)
  to   space 312512K,   0% used [0x00007f6be4140000, 0x00007f6be4140000, 0x00007f6bf7270000)
 tenured generation   total 6251360K, used 6250420K [0x00007f708db50000, 0x00007f720b428000, 0x00007f7b38600000)
   the space 6251360K,  99% used [0x00007f708db50000, 0x00007f720b33d3e0, 0x00007f720b33d400, 0x00007f720b428000)
 Metaspace       used 24896K, capacity 25339K, committed 25600K, reserved 26624K
}
Event: 164592.377 GC heap before
{Heap before GC invocations=159920 (full 4):
 def new generation   total 2813184K, used 2502783K [0x00007f6b38600000, 0x00007f6bf7270000, 0x00007f708db50000)
  eden space 2500672K, 100% used [0x00007f6b38600000, 0x00007f6bd1010000, 0x00007f6bd1010000)
  from space 312512K,   0% used [0x00007f6bd1010000, 0x00007f6bd121fe48, 0x00007f6be4140000)
  to   space 312512K,   0% used [0x00007f6be4140000, 0x00007f6be4140000, 0x00007f6bf7270000)
 tenured generation   total 6251360K, used 6250420K [0x00007f708db50000, 0x00007f720b428000, 0x00007f7b38600000)
   the space 6251360K,  99% used [0x00007f708db50000, 0x00007f720b33d3e0, 0x00007f720b33d400, 0x00007f720b428000)
 Metaspace       used 24896K, capacity 25339K, committed 25600K, reserved 26624K
}
Event: 164592.394 GC heap after
{Heap after GC invocations=159921 (full 4):
 def new generation   total 2813184K, used 2266K [0x00007f6b38600000, 0x00007f6bf7270000, 0x00007f708db50000)
  eden space 2500672K,   0% used [0x00007f6b38600000, 0x00007f6b38600000, 0x00007f6bd1010000)
  from space 312512K,   0% used [0x00007f6be4140000, 0x00007f6be4376ac0, 0x00007f6bf7270000)
  to   space 312512K,   0% used [0x00007f6bd1010000, 0x00007f6bd1010000, 0x00007f6be4140000)
 tenured generation   total 6251360K, used 6250539K [0x00007f708db50000, 0x00007f720b428000, 0x00007f7b38600000)
   the space 6251360K,  99% used [0x00007f708db50000, 0x00007f720b35adc8, 0x00007f720b35ae00, 0x00007f720b428000)
 Metaspace       used 24896K, capacity 25339K, committed 25600K, reserved 26624K
}
Event: 164594.711 GC heap before
{Heap before GC invocations=159921 (full 4):
 def new generation   total 2813184K, used 2502938K [0x00007f6b38600000, 0x00007f6bf7270000, 0x00007f708db50000)
  eden space 2500672K, 100% used [0x00007f6b38600000, 0x00007f6bd1010000, 0x00007f6bd1010000)
  from space 312512K,   0% used [0x00007f6be4140000, 0x00007f6be4376ac0, 0x00007f6bf7270000)
  to   space 312512K,   0% used [0x00007f6bd1010000, 0x00007f6bd1010000, 0x00007f6be4140000)
 tenured generation   total 6251360K, used 6250539K [0x00007f708db50000, 0x00007f720b428000, 0x00007f7b38600000)
   the space 6251360K,  99% used [0x00007f708db50000, 0x00007f720b35adc8, 0x00007f720b35ae00, 0x00007f720b428000)
 Metaspace       used 24896K, capacity 25339K, committed 25600K, reserved 26624K
}
Event: 164594.724 GC heap after
{Heap after GC invocations=159922 (full 4):
 def new generation   total 2813184K, used 2088K [0x00007f6b38600000, 0x00007f6bf7270000, 0x00007f708db50000)
  eden space 2500672K,   0% used [0x00007f6b38600000, 0x00007f6b38600000, 0x00007f6bd1010000)
  from space 312512K,   0% used [0x00007f6bd1010000, 0x00007f6bd121a380, 0x00007f6be4140000)
  to   space 312512K,   0% used [0x00007f6be4140000, 0x00007f6be4140000, 0x00007f6bf7270000)
 tenured generation   total 6251360K, used 6250681K [0x00007f708db50000, 0x00007f720b428000, 0x00007f7b38600000)
   the space 6251360K,  99% used [0x00007f708db50000, 0x00007f720b37e678, 0x00007f720b37e800, 0x00007f720b428000)
 Metaspace       used 24896K, capacity 25339K, committed 25600K, reserved 26624K
}
Event: 164597.179 GC heap before
{Heap before GC invocations=159922 (full 4):
 def new generation   total 2813184K, used 2502760K [0x00007f6b38600000, 0x00007f6bf7270000, 0x00007f708db50000)
  eden space 2500672K, 100% used [0x00007f6b38600000, 0x00007f6bd1010000, 0x00007f6bd1010000)
  from space 312512K,   0% used [0x00007f6bd1010000, 0x00007f6bd121a380, 0x00007f6be4140000)
  to   space 312512K,   0% used [0x00007f6be4140000, 0x00007f6be4140000, 0x00007f6bf7270000)
 tenured generation   total 6251360K, used 6250681K [0x00007f708db50000, 0x00007f720b428000, 0x00007f7b38600000)
   the space 6251360K,  99% used [0x00007f708db50000, 0x00007f720b37e678, 0x00007f720b37e800, 0x00007f720b428000)
 Metaspace       used 24896K, capacity 25339K, committed 25600K, reserved 26624K
}
Event: 164597.193 GC heap after
{Heap after GC invocations=159923 (full 4):
 def new generation   total 2813184K, used 2247K [0x00007f6b38600000, 0x00007f6bf7270000, 0x00007f708db50000)
  eden space 2500672K,   0% used [0x00007f6b38600000, 0x00007f6b38600000, 0x00007f6bd1010000)
  from space 312512K,   0% used [0x00007f6be4140000, 0x00007f6be4371f40, 0x00007f6bf7270000)
  to   space 312512K,   0% used [0x00007f6bd1010000, 0x00007f6bd1010000, 0x00007f6be4140000)
 tenured generation   total 6251360K, used 6250800K [0x00007f708db50000, 0x00007f720b428000, 0x00007f7b38600000)
   the space 6251360K,  99% used [0x00007f708db50000, 0x00007f720b39c060, 0x00007f720b39c200, 0x00007f720b428000)
 Metaspace       used 24896K, capacity 25339K, committed 25600K, reserved 26624K
}
Event: 164599.671 GC heap before
{Heap before GC invocations=159923 (full 4):
 def new generation   total 2813184K, used 2502919K [0x00007f6b38600000, 0x00007f6bf7270000, 0x00007f708db50000)
  eden space 2500672K, 100% used [0x00007f6b38600000, 0x00007f6bd1010000, 0x00007f6bd1010000)
  from space 312512K,   0% used [0x00007f6be4140000, 0x00007f6be4371f40, 0x00007f6bf7270000)
  to   space 312512K,   0% used [0x00007f6bd1010000, 0x00007f6bd1010000, 0x00007f6be4140000)
 tenured generation   total 6251360K, used 6250800K [0x00007f708db50000, 0x00007f720b428000, 0x00007f7b38600000)
   the space 6251360K,  99% used [0x00007f708db50000, 0x00007f720b39c060, 0x00007f720b39c200, 0x00007f720b428000)
 Metaspace       used 24896K, capacity 25339K, committed 25600K, reserved 26624K
}
Event: 164599.688 GC heap after
{Heap after GC invocations=159924 (full 4):
 def new generation   total 2813184K, used 2073K [0x00007f6b38600000, 0x00007f6bf7270000, 0x00007f708db50000)
  eden space 2500672K,   0% used [0x00007f6b38600000, 0x00007f6b38600000, 0x00007f6bd1010000)
  from space 312512K,   0% used [0x00007f6bd1010000, 0x00007f6bd12167d0, 0x00007f6be4140000)
  to   space 312512K,   0% used [0x00007f6be4140000, 0x00007f6be4140000, 0x00007f6bf7270000)
 tenured generation   total 6251360K, used 6250942K [0x00007f708db50000, 0x00007f720b428000, 0x00007f7b38600000)
   the space 6251360K,  99% used [0x00007f708db50000, 0x00007f720b3bf910, 0x00007f720b3bfa00, 0x00007f720b428000)
 Metaspace       used 24896K, capacity 25339K, committed 25600K, reserved 26624K
}
Event: 164602.165 GC heap before
{Heap before GC invocations=159924 (full 4):
 def new generation   total 2813184K, used 2502745K [0x00007f6b38600000, 0x00007f6bf7270000, 0x00007f708db50000)
  eden space 2500672K, 100% used [0x00007f6b38600000, 0x00007f6bd1010000, 0x00007f6bd1010000)
  from space 312512K,   0% used [0x00007f6bd1010000, 0x00007f6bd12167d0, 0x00007f6be4140000)
  to   space 312512K,   0% used [0x00007f6be4140000, 0x00007f6be4140000, 0x00007f6bf7270000)
 tenured generation   total 6251360K, used 6250942K [0x00007f708db50000, 0x00007f720b428000, 0x00007f7b38600000)
   the space 6251360K,  99% used [0x00007f708db50000, 0x00007f720b3bf910, 0x00007f720b3bfa00, 0x00007f720b428000)
 Metaspace       used 24896K, capacity 25339K, committed 25600K, reserved 26624K
}
Event: 164602.178 GC heap after
{Heap after GC invocations=159925 (full 4):
 def new generation   total 2813184K, used 2229K [0x00007f6b38600000, 0x00007f6bf7270000, 0x00007f708db50000)
  eden space 2500672K,   0% used [0x00007f6b38600000, 0x00007f6b38600000, 0x00007f6bd1010000)
  from space 312512K,   0% used [0x00007f6be4140000, 0x00007f6be436d770, 0x00007f6bf7270000)
  to   space 312512K,   0% used [0x00007f6bd1010000, 0x00007f6bd1010000, 0x00007f6be4140000)
 tenured generation   total 6251360K, used 6251060K [0x00007f708db50000, 0x00007f720b428000, 0x00007f7b38600000)
   the space 6251360K,  99% used [0x00007f708db50000, 0x00007f720b3dd2f8, 0x00007f720b3dd400, 0x00007f720b428000)
 Metaspace       used 24896K, capacity 25339K, committed 25600K, reserved 26624K
}
Event: 164604.481 GC heap before
{Heap before GC invocations=159925 (full 4):
 def new generation   total 2813184K, used 2502901K [0x00007f6b38600000, 0x00007f6bf7270000, 0x00007f708db50000)
  eden space 2500672K, 100% used [0x00007f6b38600000, 0x00007f6bd1010000, 0x00007f6bd1010000)
  from space 312512K,   0% used [0x00007f6be4140000, 0x00007f6be436d770, 0x00007f6bf7270000)
  to   space 312512K,   0% used [0x00007f6bd1010000, 0x00007f6bd1010000, 0x00007f6be4140000)
 tenured generation   total 6251360K, used 6251060K [0x00007f708db50000, 0x00007f720b428000, 0x00007f7b38600000)
   the space 6251360K,  99% used [0x00007f708db50000, 0x00007f720b3dd2f8, 0x00007f720b3dd400, 0x00007f720b428000)
 Metaspace       used 24896K, capacity 25339K, committed 25600K, reserved 26624K
}
Event: 164604.496 GC heap after
{Heap after GC invocations=159926 (full 4):
 def new generation   total 2813184K, used 2067K [0x00007f6b38600000, 0x00007f6bf7270000, 0x00007f708db50000)
  eden space 2500672K,   0% used [0x00007f6b38600000, 0x00007f6b38600000, 0x00007f6bd1010000)
  from space 312512K,   0% used [0x00007f6bd1010000, 0x00007f6bd1214c68, 0x00007f6be4140000)
  to   space 312512K,   0% used [0x00007f6be4140000, 0x00007f6be4140000, 0x00007f6bf7270000)
 tenured generation   total 6251360K, used 6251202K [0x00007f708db50000, 0x00007f720b428000, 0x00007f7b38600000)
   the space 6251360K,  99% used [0x00007f708db50000, 0x00007f720b400ba8, 0x00007f720b400c00, 0x00007f720b428000)
 Metaspace       used 24896K, capacity 25339K, committed 25600K, reserved 26624K
}
Event: 164606.811 GC heap before
{Heap before GC invocations=159926 (full 4):
 def new generation   total 2813184K, used 2502739K [0x00007f6b38600000, 0x00007f6bf7270000, 0x00007f708db50000)
  eden space 2500672K, 100% used [0x00007f6b38600000, 0x00007f6bd1010000, 0x00007f6bd1010000)
  from space 312512K,   0% used [0x00007f6bd1010000, 0x00007f6bd1214c68, 0x00007f6be4140000)
  to   space 312512K,   0% used [0x00007f6be4140000, 0x00007f6be4140000, 0x00007f6bf7270000)
 tenured generation   total 6251360K, used 6251202K [0x00007f708db50000, 0x00007f720b428000, 0x00007f7b38600000)
   the space 6251360K,  99% used [0x00007f708db50000, 0x00007f720b400ba8, 0x00007f720b400c00, 0x00007f720b428000)
 Metaspace       used 24896K, capacity 25339K, committed 25600K, reserved 26624K
}
Event: 164606.826 GC heap after
{Heap after GC invocations=159927 (full 4):
 def new generation   total 2813184K, used 2219K [0x00007f6b38600000, 0x00007f6bf7270000, 0x00007f708db50000)
  eden space 2500672K,   0% used [0x00007f6b38600000, 0x00007f6b38600000, 0x00007f6bd1010000)
  from space 312512K,   0% used [0x00007f6be4140000, 0x00007f6be436aff0, 0x00007f6bf7270000)
  to   space 312512K,   0% used [0x00007f6bd1010000, 0x00007f6bd1010000, 0x00007f6be4140000)
 tenured generation   total 6251360K, used 6251321K [0x00007f708db50000, 0x00007f720b428000, 0x00007f7b38600000)
   the space 6251360K,  99% used [0x00007f708db50000, 0x00007f720b41e590, 0x00007f720b41e600, 0x00007f720b428000)
 Metaspace       used 24896K, capacity 25339K, committed 25600K, reserved 26624K
}
Event: 164609.156 GC heap before
{Heap before GC invocations=159927 (full 4):
 def new generation   total 2813184K, used 2502891K [0x00007f6b38600000, 0x00007f6bf7270000, 0x00007f708db50000)
  eden space 2500672K, 100% used [0x00007f6b38600000, 0x00007f6bd1010000, 0x00007f6bd1010000)
  from space 312512K,   0% used [0x00007f6be4140000, 0x00007f6be436aff0, 0x00007f6bf7270000)
  to   space 312512K,   0% used [0x00007f6bd1010000, 0x00007f6bd1010000, 0x00007f6be4140000)
 tenured generation   total 6251360K, used 6251321K [0x00007f708db50000, 0x00007f720b428000, 0x00007f7b38600000)
   the space 6251360K,  99% used [0x00007f708db50000, 0x00007f720b41e590, 0x00007f720b41e600, 0x00007f720b428000)
 Metaspace       used 24896K, capacity 25339K, committed 25600K, reserved 26624K
}
Event: 164609.169 GC heap after
{Heap after GC invocations=159928 (full 4):
 def new generation   total 2813184K, used 2035K [0x00007f6b38600000, 0x00007f6bf7270000, 0x00007f708db50000)
  eden space 2500672K,   0% used [0x00007f6b38600000, 0x00007f6b38600000, 0x00007f6bd1010000)
  from space 312512K,   0% used [0x00007f6bd1010000, 0x00007f6bd120cf00, 0x00007f6be4140000)
  to   space 312512K,   0% used [0x00007f6be4140000, 0x00007f6be4140000, 0x00007f6bf7270000)
 tenured generation   total 6251552K, used 6251467K [0x00007f708db50000, 0x00007f720b458000, 0x00007f7b38600000)
   the space 6251552K,  99% used [0x00007f708db50000, 0x00007f720b442f80, 0x00007f720b443000, 0x00007f720b458000)
 Metaspace       used 24896K, capacity 25339K, committed 25600K, reserved 26624K
}
Event: 164609.169 GC heap before
{Heap before GC invocations=159928 (full 4):
 def new generation   total 2813184K, used 2035K [0x00007f6b38600000, 0x00007f6bf7270000, 0x00007f708db50000)
  eden space 2500672K,   0% used [0x00007f6b38600000, 0x00007f6b38600000, 0x00007f6bd1010000)
  from space 312512K,   0% used [0x00007f6bd1010000, 0x00007f6bd120cf00, 0x00007f6be4140000)
  to   space 312512K,   0% used [0x00007f6be4140000, 0x00007f6be4140000, 0x00007f6bf7270000)
 tenured generation   total 6251552K, used 6251467K [0x00007f708db50000, 0x00007f720b458000, 0x00007f7b38600000)
   the space 6251552K,  99% used [0x00007f708db50000, 0x00007f720b442f80, 0x00007f720b443000, 0x00007f720b458000)
 Metaspace       used 24896K, capacity 25339K, committed 25600K, reserved 26624K
}

