# JRE version: OpenJDK Runtime Environment (13.0.7+5) (build 13.0.7+5-Ubuntu-0ubuntu120.04)
# Java VM: OpenJDK 64-Bit Server VM (13.0.7+5-Ubuntu-0ubuntu120.04, mixed mode, tiered, serial gc, linux-amd64)
Heap:
 def new generation   total 2867392K, used 11095K [0x00007fdfd8600000, 0x00007fe09ad50000, 0x00007fe52db50000)
  eden space 2548800K,   0% used [0x00007fdfd8600000, 0x00007fdfd90d5df8, 0x00007fe073f10000)
  from space 318592K,   0% used [0x00007fe087630000, 0x00007fe087630000, 0x00007fe09ad50000)
  to   space 318592K,   0% used [0x00007fe073f10000, 0x00007fe073f10000, 0x00007fe087630000)
 tenured generation   total 6372692K, used 6372691K [0x00007fe52db50000, 0x00007fe6b2aa5000, 0x00007fefd8600000)
   the space 6372692K,  99% used [0x00007fe52db50000, 0x00007fe6b2aa4fd8, 0x00007fe6b2aa5000, 0x00007fe6b2aa5000)
 Metaspace       used 25093K, capacity 25617K, committed 25856K, reserved 26624K
GC Heap History (20 events):
Event: 33047.265 GC heap after
{Heap after GC invocations=33968 (full 4):
 def new generation   total 2867392K, used 11184K [0x00007fdfd8600000, 0x00007fe09ad50000, 0x00007fe52db50000)
  eden space 2548800K,   0% used [0x00007fdfd8600000, 0x00007fdfd8600000, 0x00007fe073f10000)
  from space 318592K,   3% used [0x00007fe073f10000, 0x00007fe0749fc1b0, 0x00007fe087630000)
  to   space 318592K,   0% used [0x00007fe087630000, 0x00007fe087630000, 0x00007fe09ad50000)
 tenured generation   total 6371924K, used 6365983K [0x00007fe52db50000, 0x00007fe6b29e5000, 0x00007fefd8600000)
   the space 6371924K,  99% used [0x00007fe52db50000, 0x00007fe6b2417f50, 0x00007fe6b2418000, 0x00007fe6b29e5000)
 Metaspace       used 25093K, capacity 25617K, committed 25856K, reserved 26624K
}
Event: 33049.401 GC heap before
{Heap before GC invocations=33968 (full 4):
 def new generation   total 2867392K, used 2559984K [0x00007fdfd8600000, 0x00007fe09ad50000, 0x00007fe52db50000)
  eden space 2548800K, 100% used [0x00007fdfd8600000, 0x00007fe073f10000, 0x00007fe073f10000)
  from space 318592K,   3% used [0x00007fe073f10000, 0x00007fe0749fc1b0, 0x00007fe087630000)
  to   space 318592K,   0% used [0x00007fe087630000, 0x00007fe087630000, 0x00007fe09ad50000)
 tenured generation   total 6371924K, used 6365983K [0x00007fe52db50000, 0x00007fe6b29e5000, 0x00007fefd8600000)
   the space 6371924K,  99% used [0x00007fe52db50000, 0x00007fe6b2417f50, 0x00007fe6b2418000, 0x00007fe6b29e5000)
 Metaspace       used 25093K, capacity 25617K, committed 25856K, reserved 26624K
}
Event: 33049.432 GC heap after
{Heap after GC invocations=33969 (full 4):
 def new generation   total 2867392K, used 11199K [0x00007fdfd8600000, 0x00007fe09ad50000, 0x00007fe52db50000)
  eden space 2548800K,   0% used [0x00007fdfd8600000, 0x00007fdfd8600000, 0x00007fe073f10000)
  from space 318592K,   3% used [0x00007fe087630000, 0x00007fe08811fe18, 0x00007fe09ad50000)
  to   space 318592K,   0% used [0x00007fe073f10000, 0x00007fe073f10000, 0x00007fe087630000)
 tenured generation   total 6371924K, used 6366730K [0x00007fe52db50000, 0x00007fe6b29e5000, 0x00007fefd8600000)
   the space 6371924K,  99% used [0x00007fe52db50000, 0x00007fe6b24d28b0, 0x00007fe6b24d2a00, 0x00007fe6b29e5000)
 Metaspace       used 25093K, capacity 25617K, committed 25856K, reserved 26624K
}
Event: 33051.633 GC heap before
{Heap before GC invocations=33969 (full 4):
 def new generation   total 2867392K, used 2559999K [0x00007fdfd8600000, 0x00007fe09ad50000, 0x00007fe52db50000)
  eden space 2548800K, 100% used [0x00007fdfd8600000, 0x00007fe073f10000, 0x00007fe073f10000)
  from space 318592K,   3% used [0x00007fe087630000, 0x00007fe08811fe18, 0x00007fe09ad50000)
  to   space 318592K,   0% used [0x00007fe073f10000, 0x00007fe073f10000, 0x00007fe087630000)
 tenured generation   total 6371924K, used 6366730K [0x00007fe52db50000, 0x00007fe6b29e5000, 0x00007fefd8600000)
   the space 6371924K,  99% used [0x00007fe52db50000, 0x00007fe6b24d28b0, 0x00007fe6b24d2a00, 0x00007fe6b29e5000)
 Metaspace       used 25093K, capacity 25617K, committed 25856K, reserved 26624K
}
Event: 33051.663 GC heap after
{Heap after GC invocations=33970 (full 4):
 def new generation   total 2867392K, used 11233K [0x00007fdfd8600000, 0x00007fe09ad50000, 0x00007fe52db50000)
  eden space 2548800K,   0% used [0x00007fdfd8600000, 0x00007fdfd8600000, 0x00007fe073f10000)
  from space 318592K,   3% used [0x00007fe073f10000, 0x00007fe074a08788, 0x00007fe087630000)
  to   space 318592K,   0% used [0x00007fe087630000, 0x00007fe087630000, 0x00007fe09ad50000)
 tenured generation   total 6371924K, used 6367476K [0x00007fe52db50000, 0x00007fe6b29e5000, 0x00007fefd8600000)
   the space 6371924K,  99% used [0x00007fe52db50000, 0x00007fe6b258d210, 0x00007fe6b258d400, 0x00007fe6b29e5000)
 Metaspace       used 25093K, capacity 25617K, committed 25856K, reserved 26624K
}
Event: 33053.815 GC heap before
{Heap before GC invocations=33970 (full 4):
 def new generation   total 2867392K, used 2560033K [0x00007fdfd8600000, 0x00007fe09ad50000, 0x00007fe52db50000)
  eden space 2548800K, 100% used [0x00007fdfd8600000, 0x00007fe073f10000, 0x00007fe073f10000)
  from space 318592K,   3% used [0x00007fe073f10000, 0x00007fe074a08788, 0x00007fe087630000)
  to   space 318592K,   0% used [0x00007fe087630000, 0x00007fe087630000, 0x00007fe09ad50000)
 tenured generation   total 6371924K, used 6367476K [0x00007fe52db50000, 0x00007fe6b29e5000, 0x00007fefd8600000)
   the space 6371924K,  99% used [0x00007fe52db50000, 0x00007fe6b258d210, 0x00007fe6b258d400, 0x00007fe6b29e5000)
 Metaspace       used 25093K, capacity 25617K, committed 25856K, reserved 26624K
}
Event: 33053.842 GC heap after
{Heap after GC invocations=33971 (full 4):
 def new generation   total 2867392K, used 11195K [0x00007fdfd8600000, 0x00007fe09ad50000, 0x00007fe52db50000)
  eden space 2548800K,   0% used [0x00007fdfd8600000, 0x00007fdfd8600000, 0x00007fe073f10000)
  from space 318592K,   3% used [0x00007fe087630000, 0x00007fe08811ee28, 0x00007fe09ad50000)
  to   space 318592K,   0% used [0x00007fe073f10000, 0x00007fe073f10000, 0x00007fe087630000)
 tenured generation   total 6371924K, used 6368222K [0x00007fe52db50000, 0x00007fe6b29e5000, 0x00007fefd8600000)
   the space 6371924K,  99% used [0x00007fe52db50000, 0x00007fe6b2647b70, 0x00007fe6b2647c00, 0x00007fe6b29e5000)
 Metaspace       used 25093K, capacity 25617K, committed 25856K, reserved 26624K
}
Event: 33056.033 GC heap before
{Heap before GC invocations=33971 (full 4):
 def new generation   total 2867392K, used 2559995K [0x00007fdfd8600000, 0x00007fe09ad50000, 0x00007fe52db50000)
  eden space 2548800K, 100% used [0x00007fdfd8600000, 0x00007fe073f10000, 0x00007fe073f10000)
  from space 318592K,   3% used [0x00007fe087630000, 0x00007fe08811ee28, 0x00007fe09ad50000)
  to   space 318592K,   0% used [0x00007fe073f10000, 0x00007fe073f10000, 0x00007fe087630000)
 tenured generation   total 6371924K, used 6368222K [0x00007fe52db50000, 0x00007fe6b29e5000, 0x00007fefd8600000)
   the space 6371924K,  99% used [0x00007fe52db50000, 0x00007fe6b2647b70, 0x00007fe6b2647c00, 0x00007fe6b29e5000)
 Metaspace       used 25093K, capacity 25617K, committed 25856K, reserved 26624K
}
Event: 33056.060 GC heap after
{Heap after GC invocations=33972 (full 4):
 def new generation   total 2867392K, used 11223K [0x00007fdfd8600000, 0x00007fe09ad50000, 0x00007fe52db50000)
  eden space 2548800K,   0% used [0x00007fdfd8600000, 0x00007fdfd8600000, 0x00007fe073f10000)
  from space 318592K,   3% used [0x00007fe073f10000, 0x00007fe074a05e10, 0x00007fe087630000)
  to   space 318592K,   0% used [0x00007fe087630000, 0x00007fe087630000, 0x00007fe09ad50000)
 tenured generation   total 6371924K, used 6368969K [0x00007fe52db50000, 0x00007fe6b29e5000, 0x00007fefd8600000)
   the space 6371924K,  99% used [0x00007fe52db50000, 0x00007fe6b27024d0, 0x00007fe6b2702600, 0x00007fe6b29e5000)
 Metaspace       used 25093K, capacity 25617K, committed 25856K, reserved 26624K
}
Event: 33058.265 GC heap before
{Heap before GC invocations=33972 (full 4):
 def new generation   total 2867392K, used 2560023K [0x00007fdfd8600000, 0x00007fe09ad50000, 0x00007fe52db50000)
  eden space 2548800K, 100% used [0x00007fdfd8600000, 0x00007fe073f10000, 0x00007fe073f10000)
  from space 318592K,   3% used [0x00007fe073f10000, 0x00007fe074a05e10, 0x00007fe087630000)
  to   space 318592K,   0% used [0x00007fe087630000, 0x00007fe087630000, 0x00007fe09ad50000)
 tenured generation   total 6371924K, used 6368969K [0x00007fe52db50000, 0x00007fe6b29e5000, 0x00007fefd8600000)
   the space 6371924K,  99% used [0x00007fe52db50000, 0x00007fe6b27024d0, 0x00007fe6b2702600, 0x00007fe6b29e5000)
 Metaspace       used 25093K, capacity 25617K, committed 25856K, reserved 26624K
}
Event: 33058.291 GC heap after
{Heap after GC invocations=33973 (full 4):
 def new generation   total 2867392K, used 11203K [0x00007fdfd8600000, 0x00007fe09ad50000, 0x00007fe52db50000)
  eden space 2548800K,   0% used [0x00007fdfd8600000, 0x00007fdfd8600000, 0x00007fe073f10000)
  from space 318592K,   3% used [0x00007fe087630000, 0x00007fe088120f20, 0x00007fe09ad50000)
  to   space 318592K,   0% used [0x00007fe073f10000, 0x00007fe073f10000, 0x00007fe087630000)
 tenured generation   total 6371924K, used 6369720K [0x00007fe52db50000, 0x00007fe6b29e5000, 0x00007fefd8600000)
   the space 6371924K,  99% used [0x00007fe52db50000, 0x00007fe6b27be1b0, 0x00007fe6b27be200, 0x00007fe6b29e5000)
 Metaspace       used 25093K, capacity 25617K, committed 25856K, reserved 26624K
}
Event: 33060.427 GC heap before
{Heap before GC invocations=33973 (full 4):
 def new generation   total 2867392K, used 2560003K [0x00007fdfd8600000, 0x00007fe09ad50000, 0x00007fe52db50000)
  eden space 2548800K, 100% used [0x00007fdfd8600000, 0x00007fe073f10000, 0x00007fe073f10000)
  from space 318592K,   3% used [0x00007fe087630000, 0x00007fe088120f20, 0x00007fe09ad50000)
  to   space 318592K,   0% used [0x00007fe073f10000, 0x00007fe073f10000, 0x00007fe087630000)
 tenured generation   total 6371924K, used 6369720K [0x00007fe52db50000, 0x00007fe6b29e5000, 0x00007fefd8600000)
   the space 6371924K,  99% used [0x00007fe52db50000, 0x00007fe6b27be1b0, 0x00007fe6b27be200, 0x00007fe6b29e5000)
 Metaspace       used 25093K, capacity 25617K, committed 25856K, reserved 26624K
}
Event: 33060.454 GC heap after
{Heap after GC invocations=33974 (full 4):
 def new generation   total 2867392K, used 11071K [0x00007fdfd8600000, 0x00007fe09ad50000, 0x00007fe52db50000)
  eden space 2548800K,   0% used [0x00007fdfd8600000, 0x00007fdfd8600000, 0x00007fe073f10000)
  from space 318592K,   3% used [0x00007fe073f10000, 0x00007fe0749dfee8, 0x00007fe087630000)
  to   space 318592K,   0% used [0x00007fe087630000, 0x00007fe087630000, 0x00007fe09ad50000)
 tenured generation   total 6371924K, used 6370485K [0x00007fe52db50000, 0x00007fe6b29e5000, 0x00007fefd8600000)
   the space 6371924K,  99% used [0x00007fe52db50000, 0x00007fe6b287d760, 0x00007fe6b287d800, 0x00007fe6b29e5000)
 Metaspace       used 25093K, capacity 25617K, committed 25856K, reserved 26624K
}
Event: 33062.586 GC heap before
{Heap before GC invocations=33974 (full 4):
 def new generation   total 2867392K, used 2559871K [0x00007fdfd8600000, 0x00007fe09ad50000, 0x00007fe52db50000)
  eden space 2548800K, 100% used [0x00007fdfd8600000, 0x00007fe073f10000, 0x00007fe073f10000)
  from space 318592K,   3% used [0x00007fe073f10000, 0x00007fe0749dfee8, 0x00007fe087630000)
  to   space 318592K,   0% used [0x00007fe087630000, 0x00007fe087630000, 0x00007fe09ad50000)
 tenured generation   total 6371924K, used 6370485K [0x00007fe52db50000, 0x00007fe6b29e5000, 0x00007fefd8600000)
   the space 6371924K,  99% used [0x00007fe52db50000, 0x00007fe6b287d760, 0x00007fe6b287d800, 0x00007fe6b29e5000)
 Metaspace       used 25093K, capacity 25617K, committed 25856K, reserved 26624K
}
Event: 33062.620 GC heap after
{Heap after GC invocations=33975 (full 4):
 def new generation   total 2867392K, used 11040K [0x00007fdfd8600000, 0x00007fe09ad50000, 0x00007fe52db50000)
  eden space 2548800K,   0% used [0x00007fdfd8600000, 0x00007fdfd8600000, 0x00007fe073f10000)
  from space 318592K,   3% used [0x00007fe087630000, 0x00007fe0880f82e0, 0x00007fe09ad50000)
  to   space 318592K,   0% used [0x00007fe073f10000, 0x00007fe073f10000, 0x00007fe087630000)
 tenured generation   total 6371924K, used 6371232K [0x00007fe52db50000, 0x00007fe6b29e5000, 0x00007fefd8600000)
   the space 6371924K,  99% used [0x00007fe52db50000, 0x00007fe6b29380c0, 0x00007fe6b2938200, 0x00007fe6b29e5000)
 Metaspace       used 25093K, capacity 25617K, committed 25856K, reserved 26624K
}
Event: 33064.763 GC heap before
{Heap before GC invocations=33975 (full 4):
 def new generation   total 2867392K, used 2559840K [0x00007fdfd8600000, 0x00007fe09ad50000, 0x00007fe52db50000)
  eden space 2548800K, 100% used [0x00007fdfd8600000, 0x00007fe073f10000, 0x00007fe073f10000)
  from space 318592K,   3% used [0x00007fe087630000, 0x00007fe0880f82e0, 0x00007fe09ad50000)
  to   space 318592K,   0% used [0x00007fe073f10000, 0x00007fe073f10000, 0x00007fe087630000)
 tenured generation   total 6371924K, used 6371232K [0x00007fe52db50000, 0x00007fe6b29e5000, 0x00007fefd8600000)
   the space 6371924K,  99% used [0x00007fe52db50000, 0x00007fe6b29380c0, 0x00007fe6b2938200, 0x00007fe6b29e5000)
 Metaspace       used 25093K, capacity 25617K, committed 25856K, reserved 26624K
}
Event: 33064.789 GC heap after
{Heap after GC invocations=33976 (full 4):
 def new generation   total 2867392K, used 11206K [0x00007fdfd8600000, 0x00007fe09ad50000, 0x00007fe52db50000)
  eden space 2548800K,   0% used [0x00007fdfd8600000, 0x00007fdfd8600000, 0x00007fe073f10000)
  from space 318592K,   3% used [0x00007fe073f10000, 0x00007fe074a01b18, 0x00007fe087630000)
  to   space 318592K,   0% used [0x00007fe087630000, 0x00007fe087630000, 0x00007fe09ad50000)
 tenured generation   total 6371924K, used 6371821K [0x00007fe52db50000, 0x00007fe6b29e5000, 0x00007fefd8600000)
   the space 6371924K,  99% used [0x00007fe52db50000, 0x00007fe6b29cb430, 0x00007fe6b29cb600, 0x00007fe6b29e5000)
 Metaspace       used 25093K, capacity 25617K, committed 25856K, reserved 26624K
}
Event: 33067.001 GC heap before
{Heap before GC invocations=33976 (full 4):
 def new generation   total 2867392K, used 2560006K [0x00007fdfd8600000, 0x00007fe09ad50000, 0x00007fe52db50000)
  eden space 2548800K, 100% used [0x00007fdfd8600000, 0x00007fe073f10000, 0x00007fe073f10000)
  from space 318592K,   3% used [0x00007fe073f10000, 0x00007fe074a01b18, 0x00007fe087630000)
  to   space 318592K,   0% used [0x00007fe087630000, 0x00007fe087630000, 0x00007fe09ad50000)
 tenured generation   total 6371924K, used 6371821K [0x00007fe52db50000, 0x00007fe6b29e5000, 0x00007fefd8600000)
   the space 6371924K,  99% used [0x00007fe52db50000, 0x00007fe6b29cb430, 0x00007fe6b29cb600, 0x00007fe6b29e5000)
 Metaspace       used 25093K, capacity 25617K, committed 25856K, reserved 26624K
}
Event: 33067.028 GC heap after
{Heap after GC invocations=33977 (full 4):
 def new generation   total 2867392K, used 11220K [0x00007fdfd8600000, 0x00007fe09ad50000, 0x00007fe52db50000)
  eden space 2548800K,   0% used [0x00007fdfd8600000, 0x00007fdfd8600000, 0x00007fe073f10000)
  from space 318592K,   3% used [0x00007fe087630000, 0x00007fe088125040, 0x00007fe09ad50000)
  to   space 318592K,   0% used [0x00007fe073f10000, 0x00007fe073f10000, 0x00007fe087630000)
 tenured generation   total 6372692K, used 6372567K [0x00007fe52db50000, 0x00007fe6b2aa5000, 0x00007fefd8600000)
   the space 6372692K,  99% used [0x00007fe52db50000, 0x00007fe6b2a85d90, 0x00007fe6b2a85e00, 0x00007fe6b2aa5000)
 Metaspace       used 25093K, capacity 25617K, committed 25856K, reserved 26624K
}
Event: 33067.028 GC heap before
{Heap before GC invocations=33977 (full 4):
 def new generation   total 2867392K, used 11220K [0x00007fdfd8600000, 0x00007fe09ad50000, 0x00007fe52db50000)
  eden space 2548800K,   0% used [0x00007fdfd8600000, 0x00007fdfd8600000, 0x00007fe073f10000)
  from space 318592K,   3% used [0x00007fe087630000, 0x00007fe088125040, 0x00007fe09ad50000)
  to   space 318592K,   0% used [0x00007fe073f10000, 0x00007fe073f10000, 0x00007fe087630000)
 tenured generation   total 6372692K, used 6372567K [0x00007fe52db50000, 0x00007fe6b2aa5000, 0x00007fefd8600000)
   the space 6372692K,  99% used [0x00007fe52db50000, 0x00007fe6b2a85d90, 0x00007fe6b2a85e00, 0x00007fe6b2aa5000)
 Metaspace       used 25093K, capacity 25617K, committed 25856K, reserved 26624K
}

