# JRE version: OpenJDK Runtime Environment (13.0.7+5) (build 13.0.7+5-Ubuntu-0ubuntu120.04)
# Java VM: OpenJDK 64-Bit Server VM (13.0.7+5-Ubuntu-0ubuntu120.04, mixed mode, tiered, serial gc, linux-amd64)
Heap:
 def new generation   total 2884800K, used 13386K [0x00007f66dc600000, 0x00007f67a0030000, 0x00007f6c31b50000)
  eden space 2564288K,   0% used [0x00007f66dc600000, 0x00007f66dd312878, 0x00007f6778e30000)
  from space 320512K,   0% used [0x00007f6778e30000, 0x00007f6778e30000, 0x00007f678c730000)
  to   space 320512K,   0% used [0x00007f678c730000, 0x00007f678c730000, 0x00007f67a0030000)
 tenured generation   total 6411292K, used 6411291K [0x00007f6c31b50000, 0x00007f6db9057000, 0x00007f76dc600000)
   the space 6411292K,  99% used [0x00007f6c31b50000, 0x00007f6db9056ff8, 0x00007f6db9057000, 0x00007f6db9057000)
 Metaspace       used 25064K, capacity 25551K, committed 25600K, reserved 26624K
GC Heap History (20 events):
Event: 13486.142 GC heap after
{Heap after GC invocations=19583 (full 4):
 def new generation   total 2884800K, used 13526K [0x00007f66dc600000, 0x00007f67a0030000, 0x00007f6c31b50000)
  eden space 2564288K,   0% used [0x00007f66dc600000, 0x00007f66dc600000, 0x00007f6778e30000)
  from space 320512K,   4% used [0x00007f678c730000, 0x00007f678d465a90, 0x00007f67a0030000)
  to   space 320512K,   0% used [0x00007f6778e30000, 0x00007f6778e30000, 0x00007f678c730000)
 tenured generation   total 6410524K, used 6403192K [0x00007f6c31b50000, 0x00007f6db8f97000, 0x00007f76dc600000)
   the space 6410524K,  99% used [0x00007f6c31b50000, 0x00007f6db886e2d8, 0x00007f6db886e400, 0x00007f6db8f97000)
 Metaspace       used 25064K, capacity 25551K, committed 25600K, reserved 26624K
}
Event: 13487.669 GC heap before
{Heap before GC invocations=19583 (full 4):
 def new generation   total 2884800K, used 2577814K [0x00007f66dc600000, 0x00007f67a0030000, 0x00007f6c31b50000)
  eden space 2564288K, 100% used [0x00007f66dc600000, 0x00007f6778e30000, 0x00007f6778e30000)
  from space 320512K,   4% used [0x00007f678c730000, 0x00007f678d465a90, 0x00007f67a0030000)
  to   space 320512K,   0% used [0x00007f6778e30000, 0x00007f6778e30000, 0x00007f678c730000)
 tenured generation   total 6410524K, used 6403192K [0x00007f6c31b50000, 0x00007f6db8f97000, 0x00007f76dc600000)
   the space 6410524K,  99% used [0x00007f6c31b50000, 0x00007f6db886e2d8, 0x00007f6db886e400, 0x00007f6db8f97000)
 Metaspace       used 25064K, capacity 25551K, committed 25600K, reserved 26624K
}
Event: 13487.688 GC heap after
{Heap after GC invocations=19584 (full 4):
 def new generation   total 2884800K, used 13514K [0x00007f66dc600000, 0x00007f67a0030000, 0x00007f6c31b50000)
  eden space 2564288K,   0% used [0x00007f66dc600000, 0x00007f66dc600000, 0x00007f6778e30000)
  from space 320512K,   4% used [0x00007f6778e30000, 0x00007f6779b62970, 0x00007f678c730000)
  to   space 320512K,   0% used [0x00007f678c730000, 0x00007f678c730000, 0x00007f67a0030000)
 tenured generation   total 6410524K, used 6404095K [0x00007f6c31b50000, 0x00007f6db8f97000, 0x00007f76dc600000)
   the space 6410524K,  99% used [0x00007f6c31b50000, 0x00007f6db894fc20, 0x00007f6db894fe00, 0x00007f6db8f97000)
 Metaspace       used 25064K, capacity 25551K, committed 25600K, reserved 26624K
}
Event: 13489.201 GC heap before
{Heap before GC invocations=19584 (full 4):
 def new generation   total 2884800K, used 2577802K [0x00007f66dc600000, 0x00007f67a0030000, 0x00007f6c31b50000)
  eden space 2564288K, 100% used [0x00007f66dc600000, 0x00007f6778e30000, 0x00007f6778e30000)
  from space 320512K,   4% used [0x00007f6778e30000, 0x00007f6779b62970, 0x00007f678c730000)
  to   space 320512K,   0% used [0x00007f678c730000, 0x00007f678c730000, 0x00007f67a0030000)
 tenured generation   total 6410524K, used 6404095K [0x00007f6c31b50000, 0x00007f6db8f97000, 0x00007f76dc600000)
   the space 6410524K,  99% used [0x00007f6c31b50000, 0x00007f6db894fc20, 0x00007f6db894fe00, 0x00007f6db8f97000)
 Metaspace       used 25064K, capacity 25551K, committed 25600K, reserved 26624K
}
Event: 13489.220 GC heap after
{Heap after GC invocations=19585 (full 4):
 def new generation   total 2884800K, used 13509K [0x00007f66dc600000, 0x00007f67a0030000, 0x00007f6c31b50000)
  eden space 2564288K,   0% used [0x00007f66dc600000, 0x00007f66dc600000, 0x00007f6778e30000)
  from space 320512K,   4% used [0x00007f678c730000, 0x00007f678d461458, 0x00007f67a0030000)
  to   space 320512K,   0% used [0x00007f6778e30000, 0x00007f6778e30000, 0x00007f678c730000)
 tenured generation   total 6410524K, used 6404997K [0x00007f6c31b50000, 0x00007f6db8f97000, 0x00007f76dc600000)
   the space 6410524K,  99% used [0x00007f6c31b50000, 0x00007f6db8a31568, 0x00007f6db8a31600, 0x00007f6db8f97000)
 Metaspace       used 25064K, capacity 25551K, committed 25600K, reserved 26624K
}
Event: 13490.740 GC heap before
{Heap before GC invocations=19585 (full 4):
 def new generation   total 2884800K, used 2577797K [0x00007f66dc600000, 0x00007f67a0030000, 0x00007f6c31b50000)
  eden space 2564288K, 100% used [0x00007f66dc600000, 0x00007f6778e30000, 0x00007f6778e30000)
  from space 320512K,   4% used [0x00007f678c730000, 0x00007f678d461458, 0x00007f67a0030000)
  to   space 320512K,   0% used [0x00007f6778e30000, 0x00007f6778e30000, 0x00007f678c730000)
 tenured generation   total 6410524K, used 6404997K [0x00007f6c31b50000, 0x00007f6db8f97000, 0x00007f76dc600000)
   the space 6410524K,  99% used [0x00007f6c31b50000, 0x00007f6db8a31568, 0x00007f6db8a31600, 0x00007f6db8f97000)
 Metaspace       used 25064K, capacity 25551K, committed 25600K, reserved 26624K
}
Event: 13490.757 GC heap after
{Heap after GC invocations=19586 (full 4):
 def new generation   total 2884800K, used 13505K [0x00007f66dc600000, 0x00007f67a0030000, 0x00007f6c31b50000)
  eden space 2564288K,   0% used [0x00007f66dc600000, 0x00007f66dc600000, 0x00007f6778e30000)
  from space 320512K,   4% used [0x00007f6778e30000, 0x00007f6779b604d0, 0x00007f678c730000)
  to   space 320512K,   0% used [0x00007f678c730000, 0x00007f678c730000, 0x00007f67a0030000)
 tenured generation   total 6410524K, used 6405899K [0x00007f6c31b50000, 0x00007f6db8f97000, 0x00007f76dc600000)
   the space 6410524K,  99% used [0x00007f6c31b50000, 0x00007f6db8b12eb0, 0x00007f6db8b13000, 0x00007f6db8f97000)
 Metaspace       used 25064K, capacity 25551K, committed 25600K, reserved 26624K
}
Event: 13492.302 GC heap before
{Heap before GC invocations=19586 (full 4):
 def new generation   total 2884800K, used 2577793K [0x00007f66dc600000, 0x00007f67a0030000, 0x00007f6c31b50000)
  eden space 2564288K, 100% used [0x00007f66dc600000, 0x00007f6778e30000, 0x00007f6778e30000)
  from space 320512K,   4% used [0x00007f6778e30000, 0x00007f6779b604d0, 0x00007f678c730000)
  to   space 320512K,   0% used [0x00007f678c730000, 0x00007f678c730000, 0x00007f67a0030000)
 tenured generation   total 6410524K, used 6405899K [0x00007f6c31b50000, 0x00007f6db8f97000, 0x00007f76dc600000)
   the space 6410524K,  99% used [0x00007f6c31b50000, 0x00007f6db8b12eb0, 0x00007f6db8b13000, 0x00007f6db8f97000)
 Metaspace       used 25064K, capacity 25551K, committed 25600K, reserved 26624K
}
Event: 13492.320 GC heap after
{Heap after GC invocations=19587 (full 4):
 def new generation   total 2884800K, used 13507K [0x00007f66dc600000, 0x00007f67a0030000, 0x00007f6c31b50000)
  eden space 2564288K,   0% used [0x00007f66dc600000, 0x00007f66dc600000, 0x00007f6778e30000)
  from space 320512K,   4% used [0x00007f678c730000, 0x00007f678d460f78, 0x00007f67a0030000)
  to   space 320512K,   0% used [0x00007f6778e30000, 0x00007f6778e30000, 0x00007f678c730000)
 tenured generation   total 6410524K, used 6406801K [0x00007f6c31b50000, 0x00007f6db8f97000, 0x00007f76dc600000)
   the space 6410524K,  99% used [0x00007f6c31b50000, 0x00007f6db8bf47f8, 0x00007f6db8bf4800, 0x00007f6db8f97000)
 Metaspace       used 25064K, capacity 25551K, committed 25600K, reserved 26624K
}
Event: 13493.831 GC heap before
{Heap before GC invocations=19587 (full 4):
 def new generation   total 2884800K, used 2577795K [0x00007f66dc600000, 0x00007f67a0030000, 0x00007f6c31b50000)
  eden space 2564288K, 100% used [0x00007f66dc600000, 0x00007f6778e30000, 0x00007f6778e30000)
  from space 320512K,   4% used [0x00007f678c730000, 0x00007f678d460f78, 0x00007f67a0030000)
  to   space 320512K,   0% used [0x00007f6778e30000, 0x00007f6778e30000, 0x00007f678c730000)
 tenured generation   total 6410524K, used 6406801K [0x00007f6c31b50000, 0x00007f6db8f97000, 0x00007f76dc600000)
   the space 6410524K,  99% used [0x00007f6c31b50000, 0x00007f6db8bf47f8, 0x00007f6db8bf4800, 0x00007f6db8f97000)
 Metaspace       used 25064K, capacity 25551K, committed 25600K, reserved 26624K
}
Event: 13493.848 GC heap after
{Heap after GC invocations=19588 (full 4):
 def new generation   total 2884800K, used 13507K [0x00007f66dc600000, 0x00007f67a0030000, 0x00007f6c31b50000)
  eden space 2564288K,   0% used [0x00007f66dc600000, 0x00007f66dc600000, 0x00007f6778e30000)
  from space 320512K,   4% used [0x00007f6778e30000, 0x00007f6779b60c50, 0x00007f678c730000)
  to   space 320512K,   0% used [0x00007f678c730000, 0x00007f678c730000, 0x00007f67a0030000)
 tenured generation   total 6410524K, used 6407708K [0x00007f6c31b50000, 0x00007f6db8f97000, 0x00007f76dc600000)
   the space 6410524K,  99% used [0x00007f6c31b50000, 0x00007f6db8cd7280, 0x00007f6db8cd7400, 0x00007f6db8f97000)
 Metaspace       used 25064K, capacity 25551K, committed 25600K, reserved 26624K
}
Event: 13495.271 GC heap before
{Heap before GC invocations=19588 (full 4):
 def new generation   total 2884800K, used 2577795K [0x00007f66dc600000, 0x00007f67a0030000, 0x00007f6c31b50000)
  eden space 2564288K, 100% used [0x00007f66dc600000, 0x00007f6778e30000, 0x00007f6778e30000)
  from space 320512K,   4% used [0x00007f6778e30000, 0x00007f6779b60c50, 0x00007f678c730000)
  to   space 320512K,   0% used [0x00007f678c730000, 0x00007f678c730000, 0x00007f67a0030000)
 tenured generation   total 6410524K, used 6407708K [0x00007f6c31b50000, 0x00007f6db8f97000, 0x00007f76dc600000)
   the space 6410524K,  99% used [0x00007f6c31b50000, 0x00007f6db8cd7280, 0x00007f6db8cd7400, 0x00007f6db8f97000)
 Metaspace       used 25064K, capacity 25551K, committed 25600K, reserved 26624K
}
Event: 13495.288 GC heap after
{Heap after GC invocations=19589 (full 4):
 def new generation   total 2884800K, used 13357K [0x00007f66dc600000, 0x00007f67a0030000, 0x00007f6c31b50000)
  eden space 2564288K,   0% used [0x00007f66dc600000, 0x00007f66dc600000, 0x00007f6778e30000)
  from space 320512K,   4% used [0x00007f678c730000, 0x00007f678d43b698, 0x00007f67a0030000)
  to   space 320512K,   0% used [0x00007f6778e30000, 0x00007f6778e30000, 0x00007f678c730000)
 tenured generation   total 6410524K, used 6408610K [0x00007f6c31b50000, 0x00007f6db8f97000, 0x00007f76dc600000)
   the space 6410524K,  99% used [0x00007f6c31b50000, 0x00007f6db8db8bc8, 0x00007f6db8db8c00, 0x00007f6db8f97000)
 Metaspace       used 25064K, capacity 25551K, committed 25600K, reserved 26624K
}
Event: 13496.801 GC heap before
{Heap before GC invocations=19589 (full 4):
 def new generation   total 2884800K, used 2577645K [0x00007f66dc600000, 0x00007f67a0030000, 0x00007f6c31b50000)
  eden space 2564288K, 100% used [0x00007f66dc600000, 0x00007f6778e30000, 0x00007f6778e30000)
  from space 320512K,   4% used [0x00007f678c730000, 0x00007f678d43b698, 0x00007f67a0030000)
  to   space 320512K,   0% used [0x00007f6778e30000, 0x00007f6778e30000, 0x00007f678c730000)
 tenured generation   total 6410524K, used 6408610K [0x00007f6c31b50000, 0x00007f6db8f97000, 0x00007f76dc600000)
   the space 6410524K,  99% used [0x00007f6c31b50000, 0x00007f6db8db8bc8, 0x00007f6db8db8c00, 0x00007f6db8f97000)
 Metaspace       used 25064K, capacity 25551K, committed 25600K, reserved 26624K
}
Event: 13496.818 GC heap after
{Heap after GC invocations=19590 (full 4):
 def new generation   total 2884800K, used 13361K [0x00007f66dc600000, 0x00007f67a0030000, 0x00007f6c31b50000)
  eden space 2564288K,   0% used [0x00007f66dc600000, 0x00007f66dc600000, 0x00007f6778e30000)
  from space 320512K,   4% used [0x00007f6778e30000, 0x00007f6779b3c520, 0x00007f678c730000)
  to   space 320512K,   0% used [0x00007f678c730000, 0x00007f678c730000, 0x00007f67a0030000)
 tenured generation   total 6410524K, used 6409513K [0x00007f6c31b50000, 0x00007f6db8f97000, 0x00007f76dc600000)
   the space 6410524K,  99% used [0x00007f6c31b50000, 0x00007f6db8e9a510, 0x00007f6db8e9a600, 0x00007f6db8f97000)
 Metaspace       used 25064K, capacity 25551K, committed 25600K, reserved 26624K
}
Event: 13498.329 GC heap before
{Heap before GC invocations=19590 (full 4):
 def new generation   total 2884800K, used 2577649K [0x00007f66dc600000, 0x00007f67a0030000, 0x00007f6c31b50000)
  eden space 2564288K, 100% used [0x00007f66dc600000, 0x00007f6778e30000, 0x00007f6778e30000)
  from space 320512K,   4% used [0x00007f6778e30000, 0x00007f6779b3c520, 0x00007f678c730000)
  to   space 320512K,   0% used [0x00007f678c730000, 0x00007f678c730000, 0x00007f67a0030000)
 tenured generation   total 6410524K, used 6409513K [0x00007f6c31b50000, 0x00007f6db8f97000, 0x00007f76dc600000)
   the space 6410524K,  99% used [0x00007f6c31b50000, 0x00007f6db8e9a510, 0x00007f6db8e9a600, 0x00007f6db8f97000)
 Metaspace       used 25064K, capacity 25551K, committed 25600K, reserved 26624K
}
Event: 13498.349 GC heap after
{Heap after GC invocations=19591 (full 4):
 def new generation   total 2884800K, used 13403K [0x00007f66dc600000, 0x00007f67a0030000, 0x00007f6c31b50000)
  eden space 2564288K,   0% used [0x00007f66dc600000, 0x00007f66dc600000, 0x00007f6778e30000)
  from space 320512K,   4% used [0x00007f678c730000, 0x00007f678d446c58, 0x00007f67a0030000)
  to   space 320512K,   0% used [0x00007f6778e30000, 0x00007f6778e30000, 0x00007f678c730000)
 tenured generation   total 6410524K, used 6410371K [0x00007f6c31b50000, 0x00007f6db8f97000, 0x00007f76dc600000)
   the space 6410524K,  99% used [0x00007f6c31b50000, 0x00007f6db8f70f98, 0x00007f6db8f71000, 0x00007f6db8f97000)
 Metaspace       used 25064K, capacity 25551K, committed 25600K, reserved 26624K
}
Event: 13499.861 GC heap before
{Heap before GC invocations=19591 (full 4):
 def new generation   total 2884800K, used 2577691K [0x00007f66dc600000, 0x00007f67a0030000, 0x00007f6c31b50000)
  eden space 2564288K, 100% used [0x00007f66dc600000, 0x00007f6778e30000, 0x00007f6778e30000)
  from space 320512K,   4% used [0x00007f678c730000, 0x00007f678d446c58, 0x00007f67a0030000)
  to   space 320512K,   0% used [0x00007f6778e30000, 0x00007f6778e30000, 0x00007f678c730000)
 tenured generation   total 6410524K, used 6410371K [0x00007f6c31b50000, 0x00007f6db8f97000, 0x00007f76dc600000)
   the space 6410524K,  99% used [0x00007f6c31b50000, 0x00007f6db8f70f98, 0x00007f6db8f71000, 0x00007f6db8f97000)
 Metaspace       used 25064K, capacity 25551K, committed 25600K, reserved 26624K
}
Event: 13499.880 GC heap after
{Heap after GC invocations=19592 (full 4):
 def new generation   total 2884800K, used 13514K [0x00007f66dc600000, 0x00007f67a0030000, 0x00007f6c31b50000)
  eden space 2564288K,   0% used [0x00007f66dc600000, 0x00007f66dc600000, 0x00007f6778e30000)
  from space 320512K,   4% used [0x00007f6778e30000, 0x00007f6779b62a48, 0x00007f678c730000)
  to   space 320512K,   0% used [0x00007f678c730000, 0x00007f678c730000, 0x00007f67a0030000)
 tenured generation   total 6411292K, used 6411163K [0x00007f6c31b50000, 0x00007f6db9057000, 0x00007f76dc600000)
   the space 6411292K,  99% used [0x00007f6c31b50000, 0x00007f6db9036e28, 0x00007f6db9037000, 0x00007f6db9057000)
 Metaspace       used 25064K, capacity 25551K, committed 25600K, reserved 26624K
}
Event: 13499.880 GC heap before
{Heap before GC invocations=19592 (full 4):
 def new generation   total 2884800K, used 13514K [0x00007f66dc600000, 0x00007f67a0030000, 0x00007f6c31b50000)
  eden space 2564288K,   0% used [0x00007f66dc600000, 0x00007f66dc600000, 0x00007f6778e30000)
  from space 320512K,   4% used [0x00007f6778e30000, 0x00007f6779b62a48, 0x00007f678c730000)
  to   space 320512K,   0% used [0x00007f678c730000, 0x00007f678c730000, 0x00007f67a0030000)
 tenured generation   total 6411292K, used 6411163K [0x00007f6c31b50000, 0x00007f6db9057000, 0x00007f76dc600000)
   the space 6411292K,  99% used [0x00007f6c31b50000, 0x00007f6db9036e28, 0x00007f6db9037000, 0x00007f6db9057000)
 Metaspace       used 25064K, capacity 25551K, committed 25600K, reserved 26624K
}

