# JRE version: OpenJDK Runtime Environment (13.0.7+5) (build 13.0.7+5-Ubuntu-0ubuntu120.04)
# Java VM: OpenJDK 64-Bit Server VM (13.0.7+5-Ubuntu-0ubuntu120.04, mixed mode, tiered, serial gc, linux-amd64)
Heap:
 def new generation   total 629248K, used 0K [0x00007f75a8600000, 0x00007f75d30c0000, 0x00007f7afdb50000)
  eden space 559360K,   0% used [0x00007f75a8600000, 0x00007f75a8600000, 0x00007f75ca840000)
  from space 69888K,   0% used [0x00007f75cec80000, 0x00007f75cec80000, 0x00007f75d30c0000)
  to   space 69888K,   0% used [0x00007f75ca840000, 0x00007f75ca840000, 0x00007f75cec80000)
 tenured generation   total 1398144K, used 466523K [0x00007f7afdb50000, 0x00007f7b530b0000, 0x00007f85a8600000)
   the space 1398144K,  33% used [0x00007f7afdb50000, 0x00007f7b1a2e6ef0, 0x00007f7b1a2e7000, 0x00007f7b530b0000)
 Metaspace       used 23720K, capacity 24191K, committed 24320K, reserved 24576K
GC Heap History (10 events):
Event: 2.390 GC heap before
{Heap before GC invocations=0 (full 0):
 def new generation   total 629120K, used 111847K [0x00007f75a8600000, 0x00007f75d30a0000, 0x00007f7afdb50000)
  eden space 559232K,  20% used [0x00007f75a8600000, 0x00007f75af339cf0, 0x00007f75ca820000)
  from space 69888K,   0% used [0x00007f75ca820000, 0x00007f75ca820000, 0x00007f75cec60000)
  to   space 69888K,   0% used [0x00007f75cec60000, 0x00007f75cec60000, 0x00007f75d30a0000)
 tenured generation   total 1398144K, used 0K [0x00007f7afdb50000, 0x00007f7b530b0000, 0x00007f85a8600000)
   the space 1398144K,   0% used [0x00007f7afdb50000, 0x00007f7afdb50000, 0x00007f7afdb50200, 0x00007f7b530b0000)
 Metaspace       used 20805K, capacity 21126K, committed 21248K, reserved 22528K
}
Event: 2.514 GC heap after
{Heap after GC invocations=1 (full 1):
 def new generation   total 629248K, used 0K [0x00007f75a8600000, 0x00007f75d30c0000, 0x00007f7afdb50000)
  eden space 559360K,   0% used [0x00007f75a8600000, 0x00007f75a8600000, 0x00007f75ca840000)
  from space 69888K,   0% used [0x00007f75ca840000, 0x00007f75ca840000, 0x00007f75cec80000)
  to   space 69888K,   0% used [0x00007f75cec80000, 0x00007f75cec80000, 0x00007f75d30c0000)
 tenured generation   total 1398144K, used 13952K [0x00007f7afdb50000, 0x00007f7b530b0000, 0x00007f85a8600000)
   the space 1398144K,   0% used [0x00007f7afdb50000, 0x00007f7afe8f0000, 0x00007f7afe8f0000, 0x00007f7b530b0000)
 Metaspace       used 20805K, capacity 21126K, committed 21248K, reserved 22528K
}
Event: 4.208 GC heap before
{Heap before GC invocations=1 (full 1):
 def new generation   total 629248K, used 559360K [0x00007f75a8600000, 0x00007f75d30c0000, 0x00007f7afdb50000)
  eden space 559360K, 100% used [0x00007f75a8600000, 0x00007f75ca840000, 0x00007f75ca840000)
  from space 69888K,   0% used [0x00007f75ca840000, 0x00007f75ca840000, 0x00007f75cec80000)
  to   space 69888K,   0% used [0x00007f75cec80000, 0x00007f75cec80000, 0x00007f75d30c0000)
 tenured generation   total 1398144K, used 13952K [0x00007f7afdb50000, 0x00007f7b530b0000, 0x00007f85a8600000)
   the space 1398144K,   0% used [0x00007f7afdb50000, 0x00007f7afe8f0000, 0x00007f7afe8f0000, 0x00007f7b530b0000)
 Metaspace       used 22914K, capacity 23361K, committed 23552K, reserved 24576K
}
Event: 4.216 GC heap after
{Heap after GC invocations=2 (full 1):
 def new generation   total 629248K, used 3204K [0x00007f75a8600000, 0x00007f75d30c0000, 0x00007f7afdb50000)
  eden space 559360K,   0% used [0x00007f75a8600000, 0x00007f75a8600000, 0x00007f75ca840000)
  from space 69888K,   4% used [0x00007f75cec80000, 0x00007f75cefa13a8, 0x00007f75d30c0000)
  to   space 69888K,   0% used [0x00007f75ca840000, 0x00007f75ca840000, 0x00007f75cec80000)
 tenured generation   total 1398144K, used 13952K [0x00007f7afdb50000, 0x00007f7b530b0000, 0x00007f85a8600000)
   the space 1398144K,   0% used [0x00007f7afdb50000, 0x00007f7afe8f0000, 0x00007f7afe8f0000, 0x00007f7b530b0000)
 Metaspace       used 22914K, capacity 23361K, committed 23552K, reserved 24576K
}
Event: 4.688 GC heap before
{Heap before GC invocations=2 (full 1):
 def new generation   total 629248K, used 202578K [0x00007f75a8600000, 0x00007f75d30c0000, 0x00007f7afdb50000)
  eden space 559360K,  35% used [0x00007f75a8600000, 0x00007f75b48b3470, 0x00007f75ca840000)
  from space 69888K,   4% used [0x00007f75cec80000, 0x00007f75cefa13a8, 0x00007f75d30c0000)
  to   space 69888K,   0% used [0x00007f75ca840000, 0x00007f75ca840000, 0x00007f75cec80000)
 tenured generation   total 1398144K, used 13952K [0x00007f7afdb50000, 0x00007f7b530b0000, 0x00007f85a8600000)
   the space 1398144K,   0% used [0x00007f7afdb50000, 0x00007f7afe8f0000, 0x00007f7afe8f0000, 0x00007f7b530b0000)
 Metaspace       used 23720K, capacity 24191K, committed 24320K, reserved 24576K
}
Event: 4.742 GC heap after
{Heap after GC invocations=3 (full 1):
 def new generation   total 629248K, used 69887K [0x00007f75a8600000, 0x00007f75d30c0000, 0x00007f7afdb50000)
  eden space 559360K,   0% used [0x00007f75a8600000, 0x00007f75a8600000, 0x00007f75ca840000)
  from space 69888K,  99% used [0x00007f75ca840000, 0x00007f75cec7fff8, 0x00007f75cec80000)
  to   space 69888K,   0% used [0x00007f75cec80000, 0x00007f75cec80000, 0x00007f75d30c0000)
 tenured generation   total 1398144K, used 15709K [0x00007f7afdb50000, 0x00007f7b530b0000, 0x00007f85a8600000)
   the space 1398144K,   1% used [0x00007f7afdb50000, 0x00007f7afeaa7450, 0x00007f7afeaa7600, 0x00007f7b530b0000)
 Metaspace       used 23720K, capacity 24191K, committed 24320K, reserved 24576K
}
Event: 5.077 GC heap before
{Heap before GC invocations=3 (full 1):
 def new generation   total 629248K, used 486305K [0x00007f75a8600000, 0x00007f75d30c0000, 0x00007f7afdb50000)
  eden space 559360K,  74% used [0x00007f75a8600000, 0x00007f75c1ca85f8, 0x00007f75ca840000)
  from space 69888K,  99% used [0x00007f75ca840000, 0x00007f75cec7fff8, 0x00007f75cec80000)
  to   space 69888K,   0% used [0x00007f75cec80000, 0x00007f75cec80000, 0x00007f75d30c0000)
 tenured generation   total 1398144K, used 15709K [0x00007f7afdb50000, 0x00007f7b530b0000, 0x00007f85a8600000)
   the space 1398144K,   1% used [0x00007f7afdb50000, 0x00007f7afeaa7450, 0x00007f7afeaa7600, 0x00007f7b530b0000)
 Metaspace       used 23720K, capacity 24191K, committed 24320K, reserved 24576K
}
Event: 5.364 GC heap after
{Heap after GC invocations=4 (full 1):
 def new generation   total 629248K, used 12289K [0x00007f75a8600000, 0x00007f75d30c0000, 0x00007f7afdb50000)
  eden space 559360K,   0% used [0x00007f75a8600000, 0x00007f75a8600000, 0x00007f75ca840000)
  from space 69888K,  17% used [0x00007f75cec80000, 0x00007f75cf880400, 0x00007f75d30c0000)
  to   space 69888K,   0% used [0x00007f75ca840000, 0x00007f75ca840000, 0x00007f75cec80000)
 tenured generation   total 1398144K, used 454234K [0x00007f7afdb50000, 0x00007f7b530b0000, 0x00007f85a8600000)
   the space 1398144K,  32% used [0x00007f7afdb50000, 0x00007f7b196e6af0, 0x00007f7b196e6c00, 0x00007f7b530b0000)
 Metaspace       used 23720K, capacity 24191K, committed 24320K, reserved 24576K
}
Event: 5.364 GC heap before
{Heap before GC invocations=4 (full 1):
 def new generation   total 629248K, used 12289K [0x00007f75a8600000, 0x00007f75d30c0000, 0x00007f7afdb50000)
  eden space 559360K,   0% used [0x00007f75a8600000, 0x00007f75a8600000, 0x00007f75ca840000)
  from space 69888K,  17% used [0x00007f75cec80000, 0x00007f75cf880400, 0x00007f75d30c0000)
  to   space 69888K,   0% used [0x00007f75ca840000, 0x00007f75ca840000, 0x00007f75cec80000)
 tenured generation   total 1398144K, used 454234K [0x00007f7afdb50000, 0x00007f7b530b0000, 0x00007f85a8600000)
   the space 1398144K,  32% used [0x00007f7afdb50000, 0x00007f7b196e6af0, 0x00007f7b196e6c00, 0x00007f7b530b0000)
 Metaspace       used 23720K, capacity 24191K, committed 24320K, reserved 24576K
}
Event: 5.424 GC heap after
{Heap after GC invocations=4 (full 2):
 def new generation   total 629248K, used 0K [0x00007f75a8600000, 0x00007f75d30c0000, 0x00007f7afdb50000)
  eden space 559360K,   0% used [0x00007f75a8600000, 0x00007f75a8600000, 0x00007f75ca840000)
  from space 69888K,   0% used [0x00007f75cec80000, 0x00007f75cec80000, 0x00007f75d30c0000)
  to   space 69888K,   0% used [0x00007f75ca840000, 0x00007f75ca840000, 0x00007f75cec80000)
 tenured generation   total 1398144K, used 466523K [0x00007f7afdb50000, 0x00007f7b530b0000, 0x00007f85a8600000)
   the space 1398144K,  33% used [0x00007f7afdb50000, 0x00007f7b1a2e6ef0, 0x00007f7b1a2e7000, 0x00007f7b530b0000)
 Metaspace       used 23720K, capacity 24191K, committed 24320K, reserved 24576K
}

