# JRE version: OpenJDK Runtime Environment (13.0.7+5) (build 13.0.7+5-Ubuntu-0ubuntu120.04)
# Java VM: OpenJDK 64-Bit Server VM (13.0.7+5-Ubuntu-0ubuntu120.04, mixed mode, tiered, serial gc, linux-amd64)
Heap:
 def new generation   total 629248K, used 0K [0x00007f4790400000, 0x00007f47baec0000, 0x00007f4ce5950000)
  eden space 559360K,   0% used [0x00007f4790400000, 0x00007f4790400000, 0x00007f47b2640000)
  from space 69888K,   0% used [0x00007f47b6a80000, 0x00007f47b6a80000, 0x00007f47baec0000)
  to   space 69888K,   0% used [0x00007f47b2640000, 0x00007f47b2640000, 0x00007f47b6a80000)
 tenured generation   total 1398144K, used 78258K [0x00007f4ce5950000, 0x00007f4d3aeb0000, 0x00007f5790400000)
   the space 1398144K,   5% used [0x00007f4ce5950000, 0x00007f4cea5bca40, 0x00007f4cea5bcc00, 0x00007f4d3aeb0000)
 Metaspace       used 24463K, capacity 24932K, committed 25088K, reserved 26624K
GC Heap History (20 events):
Event: 2616.588 GC heap before
{Heap before GC invocations=7095 (full 1):
 def new generation   total 629248K, used 559933K [0x00007f4790400000, 0x00007f47baec0000, 0x00007f4ce5950000)
  eden space 559360K, 100% used [0x00007f4790400000, 0x00007f47b2640000, 0x00007f47b2640000)
  from space 69888K,   0% used [0x00007f47b2640000, 0x00007f47b26cf5a0, 0x00007f47b6a80000)
  to   space 69888K,   0% used [0x00007f47b6a80000, 0x00007f47b6a80000, 0x00007f47baec0000)
 tenured generation   total 1398144K, used 245409K [0x00007f4ce5950000, 0x00007f4d3aeb0000, 0x00007f5790400000)
   the space 1398144K,  17% used [0x00007f4ce5950000, 0x00007f4cf48f8580, 0x00007f4cf48f8600, 0x00007f4d3aeb0000)
 Metaspace       used 24438K, capacity 24905K, committed 25088K, reserved 26624K
}
Event: 2616.589 GC heap after
{Heap after GC invocations=7096 (full 1):
 def new generation   total 629248K, used 420K [0x00007f4790400000, 0x00007f47baec0000, 0x00007f4ce5950000)
  eden space 559360K,   0% used [0x00007f4790400000, 0x00007f4790400000, 0x00007f47b2640000)
  from space 69888K,   0% used [0x00007f47b6a80000, 0x00007f47b6ae9220, 0x00007f47baec0000)
  to   space 69888K,   0% used [0x00007f47b2640000, 0x00007f47b2640000, 0x00007f47b6a80000)
 tenured generation   total 1398144K, used 245409K [0x00007f4ce5950000, 0x00007f4d3aeb0000, 0x00007f5790400000)
   the space 1398144K,  17% used [0x00007f4ce5950000, 0x00007f4cf48f8580, 0x00007f4cf48f8600, 0x00007f4d3aeb0000)
 Metaspace       used 24438K, capacity 24905K, committed 25088K, reserved 26624K
}
Event: 2616.953 GC heap before
{Heap before GC invocations=7096 (full 1):
 def new generation   total 629248K, used 559780K [0x00007f4790400000, 0x00007f47baec0000, 0x00007f4ce5950000)
  eden space 559360K, 100% used [0x00007f4790400000, 0x00007f47b2640000, 0x00007f47b2640000)
  from space 69888K,   0% used [0x00007f47b6a80000, 0x00007f47b6ae9220, 0x00007f47baec0000)
  to   space 69888K,   0% used [0x00007f47b2640000, 0x00007f47b2640000, 0x00007f47b6a80000)
 tenured generation   total 1398144K, used 245409K [0x00007f4ce5950000, 0x00007f4d3aeb0000, 0x00007f5790400000)
   the space 1398144K,  17% used [0x00007f4ce5950000, 0x00007f4cf48f8580, 0x00007f4cf48f8600, 0x00007f4d3aeb0000)
 Metaspace       used 24438K, capacity 24905K, committed 25088K, reserved 26624K
}
Event: 2616.955 GC heap after
{Heap after GC invocations=7097 (full 1):
 def new generation   total 629248K, used 552K [0x00007f4790400000, 0x00007f47baec0000, 0x00007f4ce5950000)
  eden space 559360K,   0% used [0x00007f4790400000, 0x00007f4790400000, 0x00007f47b2640000)
  from space 69888K,   0% used [0x00007f47b2640000, 0x00007f47b26ca038, 0x00007f47b6a80000)
  to   space 69888K,   0% used [0x00007f47b6a80000, 0x00007f47b6a80000, 0x00007f47baec0000)
 tenured generation   total 1398144K, used 245409K [0x00007f4ce5950000, 0x00007f4d3aeb0000, 0x00007f5790400000)
   the space 1398144K,  17% used [0x00007f4ce5950000, 0x00007f4cf48f8580, 0x00007f4cf48f8600, 0x00007f4d3aeb0000)
 Metaspace       used 24438K, capacity 24905K, committed 25088K, reserved 26624K
}
Event: 2617.314 GC heap before
{Heap before GC invocations=7097 (full 1):
 def new generation   total 629248K, used 559912K [0x00007f4790400000, 0x00007f47baec0000, 0x00007f4ce5950000)
  eden space 559360K, 100% used [0x00007f4790400000, 0x00007f47b2640000, 0x00007f47b2640000)
  from space 69888K,   0% used [0x00007f47b2640000, 0x00007f47b26ca038, 0x00007f47b6a80000)
  to   space 69888K,   0% used [0x00007f47b6a80000, 0x00007f47b6a80000, 0x00007f47baec0000)
 tenured generation   total 1398144K, used 245409K [0x00007f4ce5950000, 0x00007f4d3aeb0000, 0x00007f5790400000)
   the space 1398144K,  17% used [0x00007f4ce5950000, 0x00007f4cf48f8580, 0x00007f4cf48f8600, 0x00007f4d3aeb0000)
 Metaspace       used 24438K, capacity 24905K, committed 25088K, reserved 26624K
}
Event: 2617.316 GC heap after
{Heap after GC invocations=7098 (full 1):
 def new generation   total 629248K, used 635K [0x00007f4790400000, 0x00007f47baec0000, 0x00007f4ce5950000)
  eden space 559360K,   0% used [0x00007f4790400000, 0x00007f4790400000, 0x00007f47b2640000)
  from space 69888K,   0% used [0x00007f47b6a80000, 0x00007f47b6b1eef0, 0x00007f47baec0000)
  to   space 69888K,   0% used [0x00007f47b2640000, 0x00007f47b2640000, 0x00007f47b6a80000)
 tenured generation   total 1398144K, used 245460K [0x00007f4ce5950000, 0x00007f4d3aeb0000, 0x00007f5790400000)
   the space 1398144K,  17% used [0x00007f4ce5950000, 0x00007f4cf4905308, 0x00007f4cf4905400, 0x00007f4d3aeb0000)
 Metaspace       used 24438K, capacity 24905K, committed 25088K, reserved 26624K
}
Event: 2617.671 GC heap before
{Heap before GC invocations=7098 (full 1):
 def new generation   total 629248K, used 559995K [0x00007f4790400000, 0x00007f47baec0000, 0x00007f4ce5950000)
  eden space 559360K, 100% used [0x00007f4790400000, 0x00007f47b2640000, 0x00007f47b2640000)
  from space 69888K,   0% used [0x00007f47b6a80000, 0x00007f47b6b1eef0, 0x00007f47baec0000)
  to   space 69888K,   0% used [0x00007f47b2640000, 0x00007f47b2640000, 0x00007f47b6a80000)
 tenured generation   total 1398144K, used 245460K [0x00007f4ce5950000, 0x00007f4d3aeb0000, 0x00007f5790400000)
   the space 1398144K,  17% used [0x00007f4ce5950000, 0x00007f4cf4905308, 0x00007f4cf4905400, 0x00007f4d3aeb0000)
 Metaspace       used 24438K, capacity 24905K, committed 25088K, reserved 26624K
}
Event: 2617.672 GC heap after
{Heap after GC invocations=7099 (full 1):
 def new generation   total 629248K, used 470K [0x00007f4790400000, 0x00007f47baec0000, 0x00007f4ce5950000)
  eden space 559360K,   0% used [0x00007f4790400000, 0x00007f4790400000, 0x00007f47b2640000)
  from space 69888K,   0% used [0x00007f47b2640000, 0x00007f47b26b5830, 0x00007f47b6a80000)
  to   space 69888K,   0% used [0x00007f47b6a80000, 0x00007f47b6a80000, 0x00007f47baec0000)
 tenured generation   total 1398144K, used 245460K [0x00007f4ce5950000, 0x00007f4d3aeb0000, 0x00007f5790400000)
   the space 1398144K,  17% used [0x00007f4ce5950000, 0x00007f4cf4905308, 0x00007f4cf4905400, 0x00007f4d3aeb0000)
 Metaspace       used 24438K, capacity 24905K, committed 25088K, reserved 26624K
}
Event: 2618.032 GC heap before
{Heap before GC invocations=7099 (full 1):
 def new generation   total 629248K, used 559830K [0x00007f4790400000, 0x00007f47baec0000, 0x00007f4ce5950000)
  eden space 559360K, 100% used [0x00007f4790400000, 0x00007f47b2640000, 0x00007f47b2640000)
  from space 69888K,   0% used [0x00007f47b2640000, 0x00007f47b26b5830, 0x00007f47b6a80000)
  to   space 69888K,   0% used [0x00007f47b6a80000, 0x00007f47b6a80000, 0x00007f47baec0000)
 tenured generation   total 1398144K, used 245460K [0x00007f4ce5950000, 0x00007f4d3aeb0000, 0x00007f5790400000)
   the space 1398144K,  17% used [0x00007f4ce5950000, 0x00007f4cf4905308, 0x00007f4cf4905400, 0x00007f4d3aeb0000)
 Metaspace       used 24438K, capacity 24905K, committed 25088K, reserved 26624K
}
Event: 2618.034 GC heap after
{Heap after GC invocations=7100 (full 1):
 def new generation   total 629248K, used 614K [0x00007f4790400000, 0x00007f47baec0000, 0x00007f4ce5950000)
  eden space 559360K,   0% used [0x00007f4790400000, 0x00007f4790400000, 0x00007f47b2640000)
  from space 69888K,   0% used [0x00007f47b6a80000, 0x00007f47b6b19ae8, 0x00007f47baec0000)
  to   space 69888K,   0% used [0x00007f47b2640000, 0x00007f47b2640000, 0x00007f47b6a80000)
 tenured generation   total 1398144K, used 245460K [0x00007f4ce5950000, 0x00007f4d3aeb0000, 0x00007f5790400000)
   the space 1398144K,  17% used [0x00007f4ce5950000, 0x00007f4cf4905308, 0x00007f4cf4905400, 0x00007f4d3aeb0000)
 Metaspace       used 24438K, capacity 24905K, committed 25088K, reserved 26624K
}
Event: 2618.380 GC heap before
{Heap before GC invocations=7100 (full 1):
 def new generation   total 629248K, used 559974K [0x00007f4790400000, 0x00007f47baec0000, 0x00007f4ce5950000)
  eden space 559360K, 100% used [0x00007f4790400000, 0x00007f47b2640000, 0x00007f47b2640000)
  from space 69888K,   0% used [0x00007f47b6a80000, 0x00007f47b6b19ae8, 0x00007f47baec0000)
  to   space 69888K,   0% used [0x00007f47b2640000, 0x00007f47b2640000, 0x00007f47b6a80000)
 tenured generation   total 1398144K, used 245460K [0x00007f4ce5950000, 0x00007f4d3aeb0000, 0x00007f5790400000)
   the space 1398144K,  17% used [0x00007f4ce5950000, 0x00007f4cf4905308, 0x00007f4cf4905400, 0x00007f4d3aeb0000)
 Metaspace       used 24438K, capacity 24905K, committed 25088K, reserved 26624K
}
Event: 2618.382 GC heap after
{Heap after GC invocations=7101 (full 1):
 def new generation   total 629248K, used 412K [0x00007f4790400000, 0x00007f47baec0000, 0x00007f4ce5950000)
  eden space 559360K,   0% used [0x00007f4790400000, 0x00007f4790400000, 0x00007f47b2640000)
  from space 69888K,   0% used [0x00007f47b2640000, 0x00007f47b26a7118, 0x00007f47b6a80000)
  to   space 69888K,   0% used [0x00007f47b6a80000, 0x00007f47b6a80000, 0x00007f47baec0000)
 tenured generation   total 1398144K, used 245512K [0x00007f4ce5950000, 0x00007f4d3aeb0000, 0x00007f5790400000)
   the space 1398144K,  17% used [0x00007f4ce5950000, 0x00007f4cf4912090, 0x00007f4cf4912200, 0x00007f4d3aeb0000)
 Metaspace       used 24438K, capacity 24905K, committed 25088K, reserved 26624K
}
Event: 2618.752 GC heap before
{Heap before GC invocations=7101 (full 1):
 def new generation   total 629248K, used 559772K [0x00007f4790400000, 0x00007f47baec0000, 0x00007f4ce5950000)
  eden space 559360K, 100% used [0x00007f4790400000, 0x00007f47b2640000, 0x00007f47b2640000)
  from space 69888K,   0% used [0x00007f47b2640000, 0x00007f47b26a7118, 0x00007f47b6a80000)
  to   space 69888K,   0% used [0x00007f47b6a80000, 0x00007f47b6a80000, 0x00007f47baec0000)
 tenured generation   total 1398144K, used 245512K [0x00007f4ce5950000, 0x00007f4d3aeb0000, 0x00007f5790400000)
   the space 1398144K,  17% used [0x00007f4ce5950000, 0x00007f4cf4912090, 0x00007f4cf4912200, 0x00007f4d3aeb0000)
 Metaspace       used 24438K, capacity 24905K, committed 25088K, reserved 26624K
}
Event: 2618.753 GC heap after
{Heap after GC invocations=7102 (full 1):
 def new generation   total 629248K, used 512K [0x00007f4790400000, 0x00007f47baec0000, 0x00007f4ce5950000)
  eden space 559360K,   0% used [0x00007f4790400000, 0x00007f4790400000, 0x00007f47b2640000)
  from space 69888K,   0% used [0x00007f47b6a80000, 0x00007f47b6b00250, 0x00007f47baec0000)
  to   space 69888K,   0% used [0x00007f47b2640000, 0x00007f47b2640000, 0x00007f47b6a80000)
 tenured generation   total 1398144K, used 245512K [0x00007f4ce5950000, 0x00007f4d3aeb0000, 0x00007f5790400000)
   the space 1398144K,  17% used [0x00007f4ce5950000, 0x00007f4cf4912090, 0x00007f4cf4912200, 0x00007f4d3aeb0000)
 Metaspace       used 24438K, capacity 24905K, committed 25088K, reserved 26624K
}
Event: 2619.117 GC heap before
{Heap before GC invocations=7102 (full 1):
 def new generation   total 629248K, used 559872K [0x00007f4790400000, 0x00007f47baec0000, 0x00007f4ce5950000)
  eden space 559360K, 100% used [0x00007f4790400000, 0x00007f47b2640000, 0x00007f47b2640000)
  from space 69888K,   0% used [0x00007f47b6a80000, 0x00007f47b6b00250, 0x00007f47baec0000)
  to   space 69888K,   0% used [0x00007f47b2640000, 0x00007f47b2640000, 0x00007f47b6a80000)
 tenured generation   total 1398144K, used 245512K [0x00007f4ce5950000, 0x00007f4d3aeb0000, 0x00007f5790400000)
   the space 1398144K,  17% used [0x00007f4ce5950000, 0x00007f4cf4912090, 0x00007f4cf4912200, 0x00007f4d3aeb0000)
 Metaspace       used 24438K, capacity 24905K, committed 25088K, reserved 26624K
}
Event: 2619.119 GC heap after
{Heap after GC invocations=7103 (full 1):
 def new generation   total 629248K, used 610K [0x00007f4790400000, 0x00007f47baec0000, 0x00007f4ce5950000)
  eden space 559360K,   0% used [0x00007f4790400000, 0x00007f4790400000, 0x00007f47b2640000)
  from space 69888K,   0% used [0x00007f47b2640000, 0x00007f47b26d8b28, 0x00007f47b6a80000)
  to   space 69888K,   0% used [0x00007f47b6a80000, 0x00007f47b6a80000, 0x00007f47baec0000)
 tenured generation   total 1398144K, used 245563K [0x00007f4ce5950000, 0x00007f4d3aeb0000, 0x00007f5790400000)
   the space 1398144K,  17% used [0x00007f4ce5950000, 0x00007f4cf491ee18, 0x00007f4cf491f000, 0x00007f4d3aeb0000)
 Metaspace       used 24438K, capacity 24905K, committed 25088K, reserved 26624K
}
Event: 2619.427 GC heap before
{Heap before GC invocations=7103 (full 1):
 def new generation   total 629248K, used 340158K [0x00007f4790400000, 0x00007f47baec0000, 0x00007f4ce5950000)
  eden space 559360K,  60% used [0x00007f4790400000, 0x00007f47a4f96d98, 0x00007f47b2640000)
  from space 69888K,   0% used [0x00007f47b2640000, 0x00007f47b26d8b28, 0x00007f47b6a80000)
  to   space 69888K,   0% used [0x00007f47b6a80000, 0x00007f47b6a80000, 0x00007f47baec0000)
 tenured generation   total 1398144K, used 245563K [0x00007f4ce5950000, 0x00007f4d3aeb0000, 0x00007f5790400000)
   the space 1398144K,  17% used [0x00007f4ce5950000, 0x00007f4cf491ee18, 0x00007f4cf491f000, 0x00007f4d3aeb0000)
 Metaspace       used 24463K, capacity 24932K, committed 25088K, reserved 26624K
}
Event: 2619.451 GC heap after
{Heap after GC invocations=7104 (full 1):
 def new generation   total 629248K, used 34562K [0x00007f4790400000, 0x00007f47baec0000, 0x00007f4ce5950000)
  eden space 559360K,   0% used [0x00007f4790400000, 0x00007f4790400000, 0x00007f47b2640000)
  from space 69888K,  49% used [0x00007f47b6a80000, 0x00007f47b8c40998, 0x00007f47baec0000)
  to   space 69888K,   0% used [0x00007f47b2640000, 0x00007f47b2640000, 0x00007f47b6a80000)
 tenured generation   total 1398144K, used 245563K [0x00007f4ce5950000, 0x00007f4d3aeb0000, 0x00007f5790400000)
   the space 1398144K,  17% used [0x00007f4ce5950000, 0x00007f4cf491ee18, 0x00007f4cf491f000, 0x00007f4d3aeb0000)
 Metaspace       used 24463K, capacity 24932K, committed 25088K, reserved 26624K
}
Event: 2619.451 GC heap before
{Heap before GC invocations=7104 (full 1):
 def new generation   total 629248K, used 34562K [0x00007f4790400000, 0x00007f47baec0000, 0x00007f4ce5950000)
  eden space 559360K,   0% used [0x00007f4790400000, 0x00007f4790400000, 0x00007f47b2640000)
  from space 69888K,  49% used [0x00007f47b6a80000, 0x00007f47b8c40998, 0x00007f47baec0000)
  to   space 69888K,   0% used [0x00007f47b2640000, 0x00007f47b2640000, 0x00007f47b6a80000)
 tenured generation   total 1398144K, used 245563K [0x00007f4ce5950000, 0x00007f4d3aeb0000, 0x00007f5790400000)
   the space 1398144K,  17% used [0x00007f4ce5950000, 0x00007f4cf491ee18, 0x00007f4cf491f000, 0x00007f4d3aeb0000)
 Metaspace       used 24463K, capacity 24932K, committed 25088K, reserved 26624K
}
Event: 2619.588 GC heap after
{Heap after GC invocations=7104 (full 2):
 def new generation   total 629248K, used 0K [0x00007f4790400000, 0x00007f47baec0000, 0x00007f4ce5950000)
  eden space 559360K,   0% used [0x00007f4790400000, 0x00007f4790400000, 0x00007f47b2640000)
  from space 69888K,   0% used [0x00007f47b6a80000, 0x00007f47b6a80000, 0x00007f47baec0000)
  to   space 69888K,   0% used [0x00007f47b2640000, 0x00007f47b2640000, 0x00007f47b6a80000)
 tenured generation   total 1398144K, used 78258K [0x00007f4ce5950000, 0x00007f4d3aeb0000, 0x00007f5790400000)
   the space 1398144K,   5% used [0x00007f4ce5950000, 0x00007f4cea5bca40, 0x00007f4cea5bcc00, 0x00007f4d3aeb0000)
 Metaspace       used 24463K, capacity 24932K, committed 25088K, reserved 26624K
}

