# JRE version: OpenJDK Runtime Environment (13.0.7+5) (build 13.0.7+5-Ubuntu-0ubuntu120.04)
# Java VM: OpenJDK 64-Bit Server VM (13.0.7+5-Ubuntu-0ubuntu120.04, mixed mode, tiered, serial gc, linux-amd64)
Heap:
 def new generation   total 3973248K, used 0K [0x00007f6fc4600000, 0x00007f70d1d40000, 0x00007f7519b50000)
  eden space 3531776K,   0% used [0x00007f6fc4600000, 0x00007f6fc4600000, 0x00007f709bf00000)
  from space 441472K,   0% used [0x00007f709bf00000, 0x00007f709bf00000, 0x00007f70b6e20000)
  to   space 441472K,   0% used [0x00007f70b6e20000, 0x00007f70b6e20000, 0x00007f70d1d40000)
 tenured generation   total 8829372K, used 4601294K [0x00007f7519b50000, 0x00007f77349bf000, 0x00007f7fc4600000)
   the space 8829372K,  52% used [0x00007f7519b50000, 0x00007f76328c3818, 0x00007f76328c3a00, 0x00007f77349bf000)
 Metaspace       used 23814K, capacity 24263K, committed 24320K, reserved 24576K
GC Heap History (20 events):
Event: 29.250 GC heap before
{Heap before GC invocations=10 (full 6):
 def new generation   total 3186880K, used 1K [0x00007f6fc4600000, 0x00007f709c7f0000, 0x00007f7519b50000)
  eden space 2832832K,   0% used [0x00007f6fc4600000, 0x00007f6fc4600000, 0x00007f7071470000)
  from space 354048K,   0% used [0x00007f7071470000, 0x00007f70714705a0, 0x00007f7086e30000)
  to   space 354048K,   0% used [0x00007f7086e30000, 0x00007f7086e30000, 0x00007f709c7f0000)
 tenured generation   total 9703192K, used 8574420K [0x00007f7519b50000, 0x00007f7769f16000, 0x00007f7fc4600000)
   the space 9703192K,  88% used [0x00007f7519b50000, 0x00007f77250c51d8, 0x00007f77250c5200, 0x00007f7769f16000)
 Metaspace       used 23814K, capacity 24263K, committed 24320K, reserved 24576K
}
Event: 31.092 GC heap after
{Heap after GC invocations=10 (full 7):
 def new generation   total 3973248K, used 0K [0x00007f6fc4600000, 0x00007f70d1d40000, 0x00007f7519b50000)
  eden space 3531776K,   0% used [0x00007f6fc4600000, 0x00007f6fc4600000, 0x00007f709bf00000)
  from space 441472K,   0% used [0x00007f709bf00000, 0x00007f709bf00000, 0x00007f70b6e20000)
  to   space 441472K,   0% used [0x00007f70b6e20000, 0x00007f70b6e20000, 0x00007f70d1d40000)
 tenured generation   total 8829372K, used 5297620K [0x00007f7519b50000, 0x00007f77349bf000, 0x00007f7fc4600000)
   the space 8829372K,  59% used [0x00007f7519b50000, 0x00007f765d0c53f8, 0x00007f765d0c5400, 0x00007f77349bf000)
 Metaspace       used 23814K, capacity 24263K, committed 24320K, reserved 24576K
}
Event: 33.162 GC heap before
{Heap before GC invocations=10 (full 7):
 def new generation   total 3973248K, used 2690705K [0x00007f6fc4600000, 0x00007f70d1d40000, 0x00007f7519b50000)
  eden space 3531776K,  76% used [0x00007f6fc4600000, 0x00007f70689a44f0, 0x00007f709bf00000)
  from space 441472K,   0% used [0x00007f709bf00000, 0x00007f709bf00000, 0x00007f70b6e20000)
  to   space 441472K,   0% used [0x00007f70b6e20000, 0x00007f70b6e20000, 0x00007f70d1d40000)
 tenured generation   total 8829372K, used 5297620K [0x00007f7519b50000, 0x00007f77349bf000, 0x00007f7fc4600000)
   the space 8829372K,  59% used [0x00007f7519b50000, 0x00007f765d0c53f8, 0x00007f765d0c5400, 0x00007f77349bf000)
 Metaspace       used 23814K, capacity 24263K, committed 24320K, reserved 24576K
}
Event: 34.326 GC heap after
{Heap after GC invocations=11 (full 7):
 def new generation   total 3973248K, used 0K [0x00007f6fc4600000, 0x00007f70d1d40000, 0x00007f7519b50000)
  eden space 3531776K,   0% used [0x00007f6fc4600000, 0x00007f6fc4600000, 0x00007f709bf00000)
  from space 441472K,   0% used [0x00007f70b6e20000, 0x00007f70b6e20330, 0x00007f70d1d40000)
  to   space 441472K,   0% used [0x00007f709bf00000, 0x00007f709bf00000, 0x00007f70b6e20000)
 tenured generation   total 8829372K, used 7919061K [0x00007f7519b50000, 0x00007f77349bf000, 0x00007f7fc4600000)
   the space 8829372K,  89% used [0x00007f7519b50000, 0x00007f76fd0c5428, 0x00007f76fd0c5600, 0x00007f77349bf000)
 Metaspace       used 23814K, capacity 24263K, committed 24320K, reserved 24576K
}
Event: 36.825 GC heap before
{Heap before GC invocations=11 (full 7):
 def new generation   total 3973248K, used 2690549K [0x00007f6fc4600000, 0x00007f70d1d40000, 0x00007f7519b50000)
  eden space 3531776K,  76% used [0x00007f6fc4600000, 0x00007f706897d1e8, 0x00007f709bf00000)
  from space 441472K,   0% used [0x00007f70b6e20000, 0x00007f70b6e20330, 0x00007f70d1d40000)
  to   space 441472K,   0% used [0x00007f709bf00000, 0x00007f709bf00000, 0x00007f70b6e20000)
 tenured generation   total 8829372K, used 7919061K [0x00007f7519b50000, 0x00007f77349bf000, 0x00007f7fc4600000)
   the space 8829372K,  89% used [0x00007f7519b50000, 0x00007f76fd0c5428, 0x00007f76fd0c5600, 0x00007f77349bf000)
 Metaspace       used 23814K, capacity 24263K, committed 24320K, reserved 24576K
}
Event: 37.824 GC heap after
{Heap after GC invocations=12 (full 7):
 def new generation   total 3973248K, used 1K [0x00007f6fc4600000, 0x00007f70d1d40000, 0x00007f7519b50000)
  eden space 3531776K,   0% used [0x00007f6fc4600000, 0x00007f6fc4600000, 0x00007f709bf00000)
  from space 441472K,   0% used [0x00007f709bf00000, 0x00007f709bf005a0, 0x00007f70b6e20000)
  to   space 441472K,   0% used [0x00007f70b6e20000, 0x00007f70b6e20000, 0x00007f70d1d40000)
 tenured generation   total 9484736K, used 9229781K [0x00007f7519b50000, 0x00007f775c9c0000, 0x00007f7fc4600000)
   the space 9484736K,  97% used [0x00007f7519b50000, 0x00007f774d0c5458, 0x00007f774d0c5600, 0x00007f775c9c0000)
 Metaspace       used 23814K, capacity 24263K, committed 24320K, reserved 24576K
}
Event: 37.824 GC heap before
{Heap before GC invocations=12 (full 7):
 def new generation   total 3973248K, used 1K [0x00007f6fc4600000, 0x00007f70d1d40000, 0x00007f7519b50000)
  eden space 3531776K,   0% used [0x00007f6fc4600000, 0x00007f6fc4600000, 0x00007f709bf00000)
  from space 441472K,   0% used [0x00007f709bf00000, 0x00007f709bf005a0, 0x00007f70b6e20000)
  to   space 441472K,   0% used [0x00007f70b6e20000, 0x00007f70b6e20000, 0x00007f70d1d40000)
 tenured generation   total 9484736K, used 9229781K [0x00007f7519b50000, 0x00007f775c9c0000, 0x00007f7fc4600000)
   the space 9484736K,  97% used [0x00007f7519b50000, 0x00007f774d0c5458, 0x00007f774d0c5600, 0x00007f775c9c0000)
 Metaspace       used 23814K, capacity 24263K, committed 24320K, reserved 24576K
}
Event: 39.771 GC heap after
{Heap after GC invocations=12 (full 8):
 def new generation   total 3973248K, used 0K [0x00007f6fc4600000, 0x00007f70d1d40000, 0x00007f7519b50000)
  eden space 3531776K,   0% used [0x00007f6fc4600000, 0x00007f6fc4600000, 0x00007f709bf00000)
  from space 441472K,   0% used [0x00007f709bf00000, 0x00007f709bf00000, 0x00007f70b6e20000)
  to   space 441472K,   0% used [0x00007f70b6e20000, 0x00007f70b6e20000, 0x00007f70d1d40000)
 tenured generation   total 8829372K, used 3290573K [0x00007f7519b50000, 0x00007f77349bf000, 0x00007f7fc4600000)
   the space 8829372K,  37% used [0x00007f7519b50000, 0x00007f75e28c3598, 0x00007f75e28c3600, 0x00007f77349bf000)
 Metaspace       used 23814K, capacity 24263K, committed 24320K, reserved 24576K
}
Event: 42.005 GC heap before
{Heap before GC invocations=12 (full 8):
 def new generation   total 3973248K, used 2690447K [0x00007f6fc4600000, 0x00007f70d1d40000, 0x00007f7519b50000)
  eden space 3531776K,  76% used [0x00007f6fc4600000, 0x00007f7068963fb0, 0x00007f709bf00000)
  from space 441472K,   0% used [0x00007f709bf00000, 0x00007f709bf00000, 0x00007f70b6e20000)
  to   space 441472K,   0% used [0x00007f70b6e20000, 0x00007f70b6e20000, 0x00007f70d1d40000)
 tenured generation   total 8829372K, used 3290573K [0x00007f7519b50000, 0x00007f77349bf000, 0x00007f7fc4600000)
   the space 8829372K,  37% used [0x00007f7519b50000, 0x00007f75e28c3598, 0x00007f75e28c3600, 0x00007f77349bf000)
 Metaspace       used 23814K, capacity 24263K, committed 24320K, reserved 24576K
}
Event: 42.920 GC heap after
{Heap after GC invocations=13 (full 8):
 def new generation   total 3973248K, used 0K [0x00007f6fc4600000, 0x00007f70d1d40000, 0x00007f7519b50000)
  eden space 3531776K,   0% used [0x00007f6fc4600000, 0x00007f6fc4600000, 0x00007f709bf00000)
  from space 441472K,   0% used [0x00007f70b6e20000, 0x00007f70b6e20170, 0x00007f70d1d40000)
  to   space 441472K,   0% used [0x00007f709bf00000, 0x00007f709bf00000, 0x00007f70b6e20000)
 tenured generation   total 8829372K, used 5912013K [0x00007f7519b50000, 0x00007f77349bf000, 0x00007f7fc4600000)
   the space 8829372K,  66% used [0x00007f7519b50000, 0x00007f76828c35b0, 0x00007f76828c3600, 0x00007f77349bf000)
 Metaspace       used 23814K, capacity 24263K, committed 24320K, reserved 24576K
}
Event: 44.990 GC heap before
{Heap before GC invocations=13 (full 8):
 def new generation   total 3973248K, used 2690383K [0x00007f6fc4600000, 0x00007f70d1d40000, 0x00007f7519b50000)
  eden space 3531776K,  76% used [0x00007f6fc4600000, 0x00007f7068953e70, 0x00007f709bf00000)
  from space 441472K,   0% used [0x00007f70b6e20000, 0x00007f70b6e20170, 0x00007f70d1d40000)
  to   space 441472K,   0% used [0x00007f709bf00000, 0x00007f709bf00000, 0x00007f70b6e20000)
 tenured generation   total 8829372K, used 5912013K [0x00007f7519b50000, 0x00007f77349bf000, 0x00007f7fc4600000)
   the space 8829372K,  66% used [0x00007f7519b50000, 0x00007f76828c35b0, 0x00007f76828c3600, 0x00007f77349bf000)
 Metaspace       used 23814K, capacity 24263K, committed 24320K, reserved 24576K
}
Event: 46.227 GC heap after
{Heap after GC invocations=14 (full 8):
 def new generation   total 3973248K, used 1K [0x00007f6fc4600000, 0x00007f70d1d40000, 0x00007f7519b50000)
  eden space 3531776K,   0% used [0x00007f6fc4600000, 0x00007f6fc4600000, 0x00007f709bf00000)
  from space 441472K,   0% used [0x00007f709bf00000, 0x00007f709bf00430, 0x00007f70b6e20000)
  to   space 441472K,   0% used [0x00007f70b6e20000, 0x00007f70b6e20000, 0x00007f70d1d40000)
 tenured generation   total 8829372K, used 8533453K [0x00007f7519b50000, 0x00007f77349bf000, 0x00007f7fc4600000)
   the space 8829372K,  96% used [0x00007f7519b50000, 0x00007f77228c35e0, 0x00007f77228c3600, 0x00007f77349bf000)
 Metaspace       used 23814K, capacity 24263K, committed 24320K, reserved 24576K
}
Event: 49.295 GC heap before
{Heap before GC invocations=14 (full 8):
 def new generation   total 3973248K, used 3345703K [0x00007f6fc4600000, 0x00007f70d1d40000, 0x00007f7519b50000)
  eden space 3531776K,  94% used [0x00007f6fc4600000, 0x00007f7090949930, 0x00007f709bf00000)
  from space 441472K,   0% used [0x00007f709bf00000, 0x00007f709bf00430, 0x00007f70b6e20000)
  to   space 441472K,   0% used [0x00007f70b6e20000, 0x00007f70b6e20000, 0x00007f70d1d40000)
 tenured generation   total 8829372K, used 8533453K [0x00007f7519b50000, 0x00007f77349bf000, 0x00007f7fc4600000)
   the space 8829372K,  96% used [0x00007f7519b50000, 0x00007f77228c35e0, 0x00007f77228c3600, 0x00007f77349bf000)
 Metaspace       used 23814K, capacity 24263K, committed 24320K, reserved 24576K
}
Event: 51.510 GC heap after
{Heap after GC invocations=15 (full 8):
 def new generation   total 3973248K, used 1K [0x00007f6fc4600000, 0x00007f70d1d40000, 0x00007f7519b50000)
  eden space 3531776K,   0% used [0x00007f6fc4600000, 0x00007f6fc4600000, 0x00007f709bf00000)
  from space 441472K,   0% used [0x00007f70b6e20000, 0x00007f70b6e20548, 0x00007f70d1d40000)
  to   space 441472K,   0% used [0x00007f709bf00000, 0x00007f709bf00000, 0x00007f70b6e20000)
 tenured generation   total 10795460K, used 10499533K [0x00007f7519b50000, 0x00007f77ac9c1000, 0x00007f7fc4600000)
   the space 10795460K,  97% used [0x00007f7519b50000, 0x00007f779a8c3610, 0x00007f779a8c3800, 0x00007f77ac9c1000)
 Metaspace       used 23814K, capacity 24263K, committed 24320K, reserved 24576K
}
Event: 51.510 GC heap before
{Heap before GC invocations=15 (full 8):
 def new generation   total 3973248K, used 1K [0x00007f6fc4600000, 0x00007f70d1d40000, 0x00007f7519b50000)
  eden space 3531776K,   0% used [0x00007f6fc4600000, 0x00007f6fc4600000, 0x00007f709bf00000)
  from space 441472K,   0% used [0x00007f70b6e20000, 0x00007f70b6e20548, 0x00007f70d1d40000)
  to   space 441472K,   0% used [0x00007f709bf00000, 0x00007f709bf00000, 0x00007f70b6e20000)
 tenured generation   total 10795460K, used 10499533K [0x00007f7519b50000, 0x00007f77ac9c1000, 0x00007f7fc4600000)
   the space 10795460K,  97% used [0x00007f7519b50000, 0x00007f779a8c3610, 0x00007f779a8c3800, 0x00007f77ac9c1000)
 Metaspace       used 23814K, capacity 24263K, committed 24320K, reserved 24576K
}
Event: 53.111 GC heap after
{Heap after GC invocations=15 (full 9):
 def new generation   total 3973248K, used 0K [0x00007f6fc4600000, 0x00007f70d1d40000, 0x00007f7519b50000)
  eden space 3531776K,   0% used [0x00007f6fc4600000, 0x00007f6fc4600000, 0x00007f709bf00000)
  from space 441472K,   0% used [0x00007f70b6e20000, 0x00007f70b6e20000, 0x00007f70d1d40000)
  to   space 441472K,   0% used [0x00007f709bf00000, 0x00007f709bf00000, 0x00007f70b6e20000)
 tenured generation   total 8829372K, used 3945933K [0x00007f7519b50000, 0x00007f77349bf000, 0x00007f7fc4600000)
   the space 8829372K,  44% used [0x00007f7519b50000, 0x00007f760a8c3670, 0x00007f760a8c3800, 0x00007f77349bf000)
 Metaspace       used 23814K, capacity 24263K, committed 24320K, reserved 24576K
}
Event: 54.761 GC heap before
{Heap before GC invocations=15 (full 9):
 def new generation   total 3973248K, used 2035079K [0x00007f6fc4600000, 0x00007f70d1d40000, 0x00007f7519b50000)
  eden space 3531776K,  57% used [0x00007f6fc4600000, 0x00007f7040961f40, 0x00007f709bf00000)
  from space 441472K,   0% used [0x00007f70b6e20000, 0x00007f70b6e20000, 0x00007f70d1d40000)
  to   space 441472K,   0% used [0x00007f709bf00000, 0x00007f709bf00000, 0x00007f70b6e20000)
 tenured generation   total 8829372K, used 3945933K [0x00007f7519b50000, 0x00007f77349bf000, 0x00007f7fc4600000)
   the space 8829372K,  44% used [0x00007f7519b50000, 0x00007f760a8c3670, 0x00007f760a8c3800, 0x00007f77349bf000)
 Metaspace       used 23814K, capacity 24263K, committed 24320K, reserved 24576K
}
Event: 55.424 GC heap after
{Heap after GC invocations=16 (full 9):
 def new generation   total 3973248K, used 0K [0x00007f6fc4600000, 0x00007f70d1d40000, 0x00007f7519b50000)
  eden space 3531776K,   0% used [0x00007f6fc4600000, 0x00007f6fc4600000, 0x00007f709bf00000)
  from space 441472K,   0% used [0x00007f709bf00000, 0x00007f709bf00328, 0x00007f70b6e20000)
  to   space 441472K,   0% used [0x00007f70b6e20000, 0x00007f70b6e20000, 0x00007f70d1d40000)
 tenured generation   total 8829372K, used 5912013K [0x00007f7519b50000, 0x00007f77349bf000, 0x00007f7fc4600000)
   the space 8829372K,  66% used [0x00007f7519b50000, 0x00007f76828c36a0, 0x00007f76828c3800, 0x00007f77349bf000)
 Metaspace       used 23814K, capacity 24263K, committed 24320K, reserved 24576K
}
Event: 55.424 GC heap before
{Heap before GC invocations=16 (full 9):
 def new generation   total 3973248K, used 0K [0x00007f6fc4600000, 0x00007f70d1d40000, 0x00007f7519b50000)
  eden space 3531776K,   0% used [0x00007f6fc4600000, 0x00007f6fc4600000, 0x00007f709bf00000)
  from space 441472K,   0% used [0x00007f709bf00000, 0x00007f709bf00328, 0x00007f70b6e20000)
  to   space 441472K,   0% used [0x00007f70b6e20000, 0x00007f70b6e20000, 0x00007f70d1d40000)
 tenured generation   total 8829372K, used 5912013K [0x00007f7519b50000, 0x00007f77349bf000, 0x00007f7fc4600000)
   the space 8829372K,  66% used [0x00007f7519b50000, 0x00007f76828c36a0, 0x00007f76828c3800, 0x00007f77349bf000)
 Metaspace       used 23814K, capacity 24263K, committed 24320K, reserved 24576K
}
Event: 56.260 GC heap after
{Heap after GC invocations=16 (full 10):
 def new generation   total 3973248K, used 0K [0x00007f6fc4600000, 0x00007f70d1d40000, 0x00007f7519b50000)
  eden space 3531776K,   0% used [0x00007f6fc4600000, 0x00007f6fc4600000, 0x00007f709bf00000)
  from space 441472K,   0% used [0x00007f709bf00000, 0x00007f709bf00000, 0x00007f70b6e20000)
  to   space 441472K,   0% used [0x00007f70b6e20000, 0x00007f70b6e20000, 0x00007f70d1d40000)
 tenured generation   total 8829372K, used 4601294K [0x00007f7519b50000, 0x00007f77349bf000, 0x00007f7fc4600000)
   the space 8829372K,  52% used [0x00007f7519b50000, 0x00007f76328c3818, 0x00007f76328c3a00, 0x00007f77349bf000)
 Metaspace       used 23814K, capacity 24263K, committed 24320K, reserved 24576K
}

