# JRE version: OpenJDK Runtime Environment (13.0.7+5) (build 13.0.7+5-Ubuntu-0ubuntu120.04)
# Java VM: OpenJDK 64-Bit Server VM (13.0.7+5-Ubuntu-0ubuntu120.04, mixed mode, tiered, serial gc, linux-amd64)
Heap:
 def new generation   total 1747904K, used 0K [0x00007f13c0600000, 0x00007f1436e90000, 0x00007f1915b50000)
  eden space 1553728K,   0% used [0x00007f13c0600000, 0x00007f13c0600000, 0x00007f141f350000)
  from space 194176K,   0% used [0x00007f142b0f0000, 0x00007f142b0f0000, 0x00007f1436e90000)
  to   space 194176K,   0% used [0x00007f141f350000, 0x00007f141f350000, 0x00007f142b0f0000)
 tenured generation   total 3884248K, used 3818618K [0x00007f1915b50000, 0x00007f1a02c86000, 0x00007f23c0600000)
   the space 3884248K,  98% used [0x00007f1915b50000, 0x00007f19fec6ea50, 0x00007f19fec6ec00, 0x00007f1a02c86000)
 Metaspace       used 24805K, capacity 25257K, committed 25344K, reserved 26624K
GC Heap History (20 events):
Event: 33061.846 GC heap after
{Heap after GC invocations=51740 (full 3):
 def new generation   total 1747904K, used 5966K [0x00007f13c0600000, 0x00007f1436e90000, 0x00007f1915b50000)
  eden space 1553728K,   0% used [0x00007f13c0600000, 0x00007f13c0600000, 0x00007f141f350000)
  from space 194176K,   3% used [0x00007f141f350000, 0x00007f141f923a60, 0x00007f142b0f0000)
  to   space 194176K,   0% used [0x00007f142b0f0000, 0x00007f142b0f0000, 0x00007f1436e90000)
 tenured generation   total 3884056K, used 3880527K [0x00007f1915b50000, 0x00007f1a02c56000, 0x00007f23c0600000)
   the space 3884056K,  99% used [0x00007f1915b50000, 0x00007f1a028e3e18, 0x00007f1a028e4000, 0x00007f1a02c56000)
 Metaspace       used 24805K, capacity 25257K, committed 25344K, reserved 26624K
}
Event: 33062.889 GC heap before
{Heap before GC invocations=51740 (full 3):
 def new generation   total 1747904K, used 1559694K [0x00007f13c0600000, 0x00007f1436e90000, 0x00007f1915b50000)
  eden space 1553728K, 100% used [0x00007f13c0600000, 0x00007f141f350000, 0x00007f141f350000)
  from space 194176K,   3% used [0x00007f141f350000, 0x00007f141f923a60, 0x00007f142b0f0000)
  to   space 194176K,   0% used [0x00007f142b0f0000, 0x00007f142b0f0000, 0x00007f1436e90000)
 tenured generation   total 3884056K, used 3880527K [0x00007f1915b50000, 0x00007f1a02c56000, 0x00007f23c0600000)
   the space 3884056K,  99% used [0x00007f1915b50000, 0x00007f1a028e3e18, 0x00007f1a028e4000, 0x00007f1a02c56000)
 Metaspace       used 24805K, capacity 25257K, committed 25344K, reserved 26624K
}
Event: 33062.900 GC heap after
{Heap after GC invocations=51741 (full 3):
 def new generation   total 1747904K, used 5952K [0x00007f13c0600000, 0x00007f1436e90000, 0x00007f1915b50000)
  eden space 1553728K,   0% used [0x00007f13c0600000, 0x00007f13c0600000, 0x00007f141f350000)
  from space 194176K,   3% used [0x00007f142b0f0000, 0x00007f142b6c0020, 0x00007f1436e90000)
  to   space 194176K,   0% used [0x00007f141f350000, 0x00007f141f350000, 0x00007f142b0f0000)
 tenured generation   total 3884056K, used 3880928K [0x00007f1915b50000, 0x00007f1a02c56000, 0x00007f23c0600000)
   the space 3884056K,  99% used [0x00007f1915b50000, 0x00007f1a029483c0, 0x00007f1a02948400, 0x00007f1a02c56000)
 Metaspace       used 24805K, capacity 25257K, committed 25344K, reserved 26624K
}
Event: 33063.955 GC heap before
{Heap before GC invocations=51741 (full 3):
 def new generation   total 1747904K, used 1559680K [0x00007f13c0600000, 0x00007f1436e90000, 0x00007f1915b50000)
  eden space 1553728K, 100% used [0x00007f13c0600000, 0x00007f141f350000, 0x00007f141f350000)
  from space 194176K,   3% used [0x00007f142b0f0000, 0x00007f142b6c0020, 0x00007f1436e90000)
  to   space 194176K,   0% used [0x00007f141f350000, 0x00007f141f350000, 0x00007f142b0f0000)
 tenured generation   total 3884056K, used 3880928K [0x00007f1915b50000, 0x00007f1a02c56000, 0x00007f23c0600000)
   the space 3884056K,  99% used [0x00007f1915b50000, 0x00007f1a029483c0, 0x00007f1a02948400, 0x00007f1a02c56000)
 Metaspace       used 24805K, capacity 25257K, committed 25344K, reserved 26624K
}
Event: 33063.966 GC heap after
{Heap after GC invocations=51742 (full 3):
 def new generation   total 1747904K, used 5962K [0x00007f13c0600000, 0x00007f1436e90000, 0x00007f1915b50000)
  eden space 1553728K,   0% used [0x00007f13c0600000, 0x00007f13c0600000, 0x00007f141f350000)
  from space 194176K,   3% used [0x00007f141f350000, 0x00007f141f922ab8, 0x00007f142b0f0000)
  to   space 194176K,   0% used [0x00007f142b0f0000, 0x00007f142b0f0000, 0x00007f1436e90000)
 tenured generation   total 3884056K, used 3881315K [0x00007f1915b50000, 0x00007f1a02c56000, 0x00007f23c0600000)
   the space 3884056K,  99% used [0x00007f1915b50000, 0x00007f1a029a8df0, 0x00007f1a029a8e00, 0x00007f1a02c56000)
 Metaspace       used 24805K, capacity 25257K, committed 25344K, reserved 26624K
}
Event: 33065.018 GC heap before
{Heap before GC invocations=51742 (full 3):
 def new generation   total 1747904K, used 1559690K [0x00007f13c0600000, 0x00007f1436e90000, 0x00007f1915b50000)
  eden space 1553728K, 100% used [0x00007f13c0600000, 0x00007f141f350000, 0x00007f141f350000)
  from space 194176K,   3% used [0x00007f141f350000, 0x00007f141f922ab8, 0x00007f142b0f0000)
  to   space 194176K,   0% used [0x00007f142b0f0000, 0x00007f142b0f0000, 0x00007f1436e90000)
 tenured generation   total 3884056K, used 3881315K [0x00007f1915b50000, 0x00007f1a02c56000, 0x00007f23c0600000)
   the space 3884056K,  99% used [0x00007f1915b50000, 0x00007f1a029a8df0, 0x00007f1a029a8e00, 0x00007f1a02c56000)
 Metaspace       used 24805K, capacity 25257K, committed 25344K, reserved 26624K
}
Event: 33065.029 GC heap after
{Heap after GC invocations=51743 (full 3):
 def new generation   total 1747904K, used 5958K [0x00007f13c0600000, 0x00007f1436e90000, 0x00007f1915b50000)
  eden space 1553728K,   0% used [0x00007f13c0600000, 0x00007f13c0600000, 0x00007f141f350000)
  from space 194176K,   3% used [0x00007f142b0f0000, 0x00007f142b6c18e8, 0x00007f1436e90000)
  to   space 194176K,   0% used [0x00007f141f350000, 0x00007f141f350000, 0x00007f142b0f0000)
 tenured generation   total 3884056K, used 3881716K [0x00007f1915b50000, 0x00007f1a02c56000, 0x00007f23c0600000)
   the space 3884056K,  99% used [0x00007f1915b50000, 0x00007f1a02a0d398, 0x00007f1a02a0d400, 0x00007f1a02c56000)
 Metaspace       used 24805K, capacity 25257K, committed 25344K, reserved 26624K
}
Event: 33066.063 GC heap before
{Heap before GC invocations=51743 (full 3):
 def new generation   total 1747904K, used 1559686K [0x00007f13c0600000, 0x00007f1436e90000, 0x00007f1915b50000)
  eden space 1553728K, 100% used [0x00007f13c0600000, 0x00007f141f350000, 0x00007f141f350000)
  from space 194176K,   3% used [0x00007f142b0f0000, 0x00007f142b6c18e8, 0x00007f1436e90000)
  to   space 194176K,   0% used [0x00007f141f350000, 0x00007f141f350000, 0x00007f142b0f0000)
 tenured generation   total 3884056K, used 3881716K [0x00007f1915b50000, 0x00007f1a02c56000, 0x00007f23c0600000)
   the space 3884056K,  99% used [0x00007f1915b50000, 0x00007f1a02a0d398, 0x00007f1a02a0d400, 0x00007f1a02c56000)
 Metaspace       used 24805K, capacity 25257K, committed 25344K, reserved 26624K
}
Event: 33066.073 GC heap after
{Heap after GC invocations=51744 (full 3):
 def new generation   total 1747904K, used 5967K [0x00007f13c0600000, 0x00007f1436e90000, 0x00007f1915b50000)
  eden space 1553728K,   0% used [0x00007f13c0600000, 0x00007f13c0600000, 0x00007f141f350000)
  from space 194176K,   3% used [0x00007f141f350000, 0x00007f141f923f88, 0x00007f142b0f0000)
  to   space 194176K,   0% used [0x00007f142b0f0000, 0x00007f142b0f0000, 0x00007f1436e90000)
 tenured generation   total 3884056K, used 3882103K [0x00007f1915b50000, 0x00007f1a02c56000, 0x00007f23c0600000)
   the space 3884056K,  99% used [0x00007f1915b50000, 0x00007f1a02a6ddc8, 0x00007f1a02a6de00, 0x00007f1a02c56000)
 Metaspace       used 24805K, capacity 25257K, committed 25344K, reserved 26624K
}
Event: 33067.122 GC heap before
{Heap before GC invocations=51744 (full 3):
 def new generation   total 1747904K, used 1559695K [0x00007f13c0600000, 0x00007f1436e90000, 0x00007f1915b50000)
  eden space 1553728K, 100% used [0x00007f13c0600000, 0x00007f141f350000, 0x00007f141f350000)
  from space 194176K,   3% used [0x00007f141f350000, 0x00007f141f923f88, 0x00007f142b0f0000)
  to   space 194176K,   0% used [0x00007f142b0f0000, 0x00007f142b0f0000, 0x00007f1436e90000)
 tenured generation   total 3884056K, used 3882103K [0x00007f1915b50000, 0x00007f1a02c56000, 0x00007f23c0600000)
   the space 3884056K,  99% used [0x00007f1915b50000, 0x00007f1a02a6ddc8, 0x00007f1a02a6de00, 0x00007f1a02c56000)
 Metaspace       used 24805K, capacity 25257K, committed 25344K, reserved 26624K
}
Event: 33067.133 GC heap after
{Heap after GC invocations=51745 (full 3):
 def new generation   total 1747904K, used 5926K [0x00007f13c0600000, 0x00007f1436e90000, 0x00007f1915b50000)
  eden space 1553728K,   0% used [0x00007f13c0600000, 0x00007f13c0600000, 0x00007f141f350000)
  from space 194176K,   3% used [0x00007f142b0f0000, 0x00007f142b6b99d8, 0x00007f1436e90000)
  to   space 194176K,   0% used [0x00007f141f350000, 0x00007f141f350000, 0x00007f142b0f0000)
 tenured generation   total 3884056K, used 3882531K [0x00007f1915b50000, 0x00007f1a02c56000, 0x00007f23c0600000)
   the space 3884056K,  99% used [0x00007f1915b50000, 0x00007f1a02ad8ff0, 0x00007f1a02ad9000, 0x00007f1a02c56000)
 Metaspace       used 24805K, capacity 25257K, committed 25344K, reserved 26624K
}
Event: 33068.182 GC heap before
{Heap before GC invocations=51745 (full 3):
 def new generation   total 1747904K, used 1559654K [0x00007f13c0600000, 0x00007f1436e90000, 0x00007f1915b50000)
  eden space 1553728K, 100% used [0x00007f13c0600000, 0x00007f141f350000, 0x00007f141f350000)
  from space 194176K,   3% used [0x00007f142b0f0000, 0x00007f142b6b99d8, 0x00007f1436e90000)
  to   space 194176K,   0% used [0x00007f141f350000, 0x00007f141f350000, 0x00007f142b0f0000)
 tenured generation   total 3884056K, used 3882531K [0x00007f1915b50000, 0x00007f1a02c56000, 0x00007f23c0600000)
   the space 3884056K,  99% used [0x00007f1915b50000, 0x00007f1a02ad8ff0, 0x00007f1a02ad9000, 0x00007f1a02c56000)
 Metaspace       used 24805K, capacity 25257K, committed 25344K, reserved 26624K
}
Event: 33068.192 GC heap after
{Heap after GC invocations=51746 (full 3):
 def new generation   total 1747904K, used 5936K [0x00007f13c0600000, 0x00007f1436e90000, 0x00007f1915b50000)
  eden space 1553728K,   0% used [0x00007f13c0600000, 0x00007f13c0600000, 0x00007f141f350000)
  from space 194176K,   3% used [0x00007f141f350000, 0x00007f141f91c3d0, 0x00007f142b0f0000)
  to   space 194176K,   0% used [0x00007f142b0f0000, 0x00007f142b0f0000, 0x00007f1436e90000)
 tenured generation   total 3884056K, used 3882918K [0x00007f1915b50000, 0x00007f1a02c56000, 0x00007f23c0600000)
   the space 3884056K,  99% used [0x00007f1915b50000, 0x00007f1a02b39a20, 0x00007f1a02b39c00, 0x00007f1a02c56000)
 Metaspace       used 24805K, capacity 25257K, committed 25344K, reserved 26624K
}
Event: 33069.231 GC heap before
{Heap before GC invocations=51746 (full 3):
 def new generation   total 1747904K, used 1559664K [0x00007f13c0600000, 0x00007f1436e90000, 0x00007f1915b50000)
  eden space 1553728K, 100% used [0x00007f13c0600000, 0x00007f141f350000, 0x00007f141f350000)
  from space 194176K,   3% used [0x00007f141f350000, 0x00007f141f91c3d0, 0x00007f142b0f0000)
  to   space 194176K,   0% used [0x00007f142b0f0000, 0x00007f142b0f0000, 0x00007f1436e90000)
 tenured generation   total 3884056K, used 3882918K [0x00007f1915b50000, 0x00007f1a02c56000, 0x00007f23c0600000)
   the space 3884056K,  99% used [0x00007f1915b50000, 0x00007f1a02b39a20, 0x00007f1a02b39c00, 0x00007f1a02c56000)
 Metaspace       used 24805K, capacity 25257K, committed 25344K, reserved 26624K
}
Event: 33069.241 GC heap after
{Heap after GC invocations=51747 (full 3):
 def new generation   total 1747904K, used 5932K [0x00007f13c0600000, 0x00007f1436e90000, 0x00007f1915b50000)
  eden space 1553728K,   0% used [0x00007f13c0600000, 0x00007f13c0600000, 0x00007f141f350000)
  from space 194176K,   3% used [0x00007f142b0f0000, 0x00007f142b6bb168, 0x00007f1436e90000)
  to   space 194176K,   0% used [0x00007f141f350000, 0x00007f141f350000, 0x00007f142b0f0000)
 tenured generation   total 3884056K, used 3883319K [0x00007f1915b50000, 0x00007f1a02c56000, 0x00007f23c0600000)
   the space 3884056K,  99% used [0x00007f1915b50000, 0x00007f1a02b9dfc8, 0x00007f1a02b9e000, 0x00007f1a02c56000)
 Metaspace       used 24805K, capacity 25257K, committed 25344K, reserved 26624K
}
Event: 33070.271 GC heap before
{Heap before GC invocations=51747 (full 3):
 def new generation   total 1747904K, used 1559660K [0x00007f13c0600000, 0x00007f1436e90000, 0x00007f1915b50000)
  eden space 1553728K, 100% used [0x00007f13c0600000, 0x00007f141f350000, 0x00007f141f350000)
  from space 194176K,   3% used [0x00007f142b0f0000, 0x00007f142b6bb168, 0x00007f1436e90000)
  to   space 194176K,   0% used [0x00007f141f350000, 0x00007f141f350000, 0x00007f142b0f0000)
 tenured generation   total 3884056K, used 3883319K [0x00007f1915b50000, 0x00007f1a02c56000, 0x00007f23c0600000)
   the space 3884056K,  99% used [0x00007f1915b50000, 0x00007f1a02b9dfc8, 0x00007f1a02b9e000, 0x00007f1a02c56000)
 Metaspace       used 24805K, capacity 25257K, committed 25344K, reserved 26624K
}
Event: 33070.280 GC heap after
{Heap after GC invocations=51748 (full 3):
 def new generation   total 1747904K, used 5942K [0x00007f13c0600000, 0x00007f1436e90000, 0x00007f1915b50000)
  eden space 1553728K,   0% used [0x00007f13c0600000, 0x00007f13c0600000, 0x00007f141f350000)
  from space 194176K,   3% used [0x00007f141f350000, 0x00007f141f91d888, 0x00007f142b0f0000)
  to   space 194176K,   0% used [0x00007f142b0f0000, 0x00007f142b0f0000, 0x00007f1436e90000)
 tenured generation   total 3884056K, used 3883706K [0x00007f1915b50000, 0x00007f1a02c56000, 0x00007f23c0600000)
   the space 3884056K,  99% used [0x00007f1915b50000, 0x00007f1a02bfe9f8, 0x00007f1a02bfea00, 0x00007f1a02c56000)
 Metaspace       used 24805K, capacity 25257K, committed 25344K, reserved 26624K
}
Event: 33071.312 GC heap before
{Heap before GC invocations=51748 (full 3):
 def new generation   total 1747904K, used 1559670K [0x00007f13c0600000, 0x00007f1436e90000, 0x00007f1915b50000)
  eden space 1553728K, 100% used [0x00007f13c0600000, 0x00007f141f350000, 0x00007f141f350000)
  from space 194176K,   3% used [0x00007f141f350000, 0x00007f141f91d888, 0x00007f142b0f0000)
  to   space 194176K,   0% used [0x00007f142b0f0000, 0x00007f142b0f0000, 0x00007f1436e90000)
 tenured generation   total 3884056K, used 3883706K [0x00007f1915b50000, 0x00007f1a02c56000, 0x00007f23c0600000)
   the space 3884056K,  99% used [0x00007f1915b50000, 0x00007f1a02bfe9f8, 0x00007f1a02bfea00, 0x00007f1a02c56000)
 Metaspace       used 24805K, capacity 25257K, committed 25344K, reserved 26624K
}
Event: 33071.322 GC heap after
{Heap after GC invocations=51749 (full 3):
 def new generation   total 1747904K, used 5960K [0x00007f13c0600000, 0x00007f1436e90000, 0x00007f1915b50000)
  eden space 1553728K,   0% used [0x00007f13c0600000, 0x00007f13c0600000, 0x00007f141f350000)
  from space 194176K,   3% used [0x00007f142b0f0000, 0x00007f142b6c21a0, 0x00007f1436e90000)
  to   space 194176K,   0% used [0x00007f141f350000, 0x00007f141f350000, 0x00007f142b0f0000)
 tenured generation   total 3884248K, used 3884107K [0x00007f1915b50000, 0x00007f1a02c86000, 0x00007f23c0600000)
   the space 3884248K,  99% used [0x00007f1915b50000, 0x00007f1a02c62fa0, 0x00007f1a02c63000, 0x00007f1a02c86000)
 Metaspace       used 24805K, capacity 25257K, committed 25344K, reserved 26624K
}
Event: 33071.322 GC heap before
{Heap before GC invocations=51749 (full 3):
 def new generation   total 1747904K, used 5960K [0x00007f13c0600000, 0x00007f1436e90000, 0x00007f1915b50000)
  eden space 1553728K,   0% used [0x00007f13c0600000, 0x00007f13c0600000, 0x00007f141f350000)
  from space 194176K,   3% used [0x00007f142b0f0000, 0x00007f142b6c21a0, 0x00007f1436e90000)
  to   space 194176K,   0% used [0x00007f141f350000, 0x00007f141f350000, 0x00007f142b0f0000)
 tenured generation   total 3884248K, used 3884107K [0x00007f1915b50000, 0x00007f1a02c86000, 0x00007f23c0600000)
   the space 3884248K,  99% used [0x00007f1915b50000, 0x00007f1a02c62fa0, 0x00007f1a02c63000, 0x00007f1a02c86000)
 Metaspace       used 24805K, capacity 25257K, committed 25344K, reserved 26624K
}

