# JRE version: OpenJDK Runtime Environment (13.0.7+5) (build 13.0.7+5-Ubuntu-0ubuntu120.04)
# Java VM: OpenJDK 64-Bit Server VM (13.0.7+5-Ubuntu-0ubuntu120.04, mixed mode, tiered, serial gc, linux-amd64)
Heap:
 def new generation   total 2324864K, used 0K [0x00007f4210600000, 0x00007f42ae0a0000, 0x00007f4765b50000)
  eden space 2066560K,   0% used [0x00007f4210600000, 0x00007f4210600000, 0x00007f428e820000)
  from space 258304K,   0% used [0x00007f428e820000, 0x00007f428e820000, 0x00007f429e460000)
  to   space 258304K,   0% used [0x00007f429e460000, 0x00007f429e460000, 0x00007f42ae0a0000)
 tenured generation   total 5166624K, used 5159102K [0x00007f4765b50000, 0x00007f48a10d8000, 0x00007f5210600000)
   the space 5166624K,  99% used [0x00007f4765b50000, 0x00007f48a097fa20, 0x00007f48a097fc00, 0x00007f48a10d8000)
 Metaspace       used 24778K, capacity 25214K, committed 25344K, reserved 26624K
GC Heap History (20 events):
Event: 30830.498 GC heap after
{Heap after GC invocations=33862 (full 5):
 def new generation   total 2324864K, used 8932K [0x00007f4210600000, 0x00007f42ae0a0000, 0x00007f4765b50000)
  eden space 2066560K,   0% used [0x00007f4210600000, 0x00007f4210600000, 0x00007f428e820000)
  from space 258304K,   3% used [0x00007f429e460000, 0x00007f429ed19020, 0x00007f42ae0a0000)
  to   space 258304K,   0% used [0x00007f428e820000, 0x00007f428e820000, 0x00007f429e460000)
 tenured generation   total 5166240K, used 5161125K [0x00007f4765b50000, 0x00007f48a1078000, 0x00007f5210600000)
   the space 5166240K,  99% used [0x00007f4765b50000, 0x00007f48a0b79678, 0x00007f48a0b79800, 0x00007f48a1078000)
 Metaspace       used 24778K, capacity 25214K, committed 25344K, reserved 26624K
}
Event: 30832.094 GC heap before
{Heap before GC invocations=33862 (full 5):
 def new generation   total 2324864K, used 2075492K [0x00007f4210600000, 0x00007f42ae0a0000, 0x00007f4765b50000)
  eden space 2066560K, 100% used [0x00007f4210600000, 0x00007f428e820000, 0x00007f428e820000)
  from space 258304K,   3% used [0x00007f429e460000, 0x00007f429ed19020, 0x00007f42ae0a0000)
  to   space 258304K,   0% used [0x00007f428e820000, 0x00007f428e820000, 0x00007f429e460000)
 tenured generation   total 5166240K, used 5161125K [0x00007f4765b50000, 0x00007f48a1078000, 0x00007f5210600000)
   the space 5166240K,  99% used [0x00007f4765b50000, 0x00007f48a0b79678, 0x00007f48a0b79800, 0x00007f48a1078000)
 Metaspace       used 24778K, capacity 25214K, committed 25344K, reserved 26624K
}
Event: 30832.108 GC heap after
{Heap after GC invocations=33863 (full 5):
 def new generation   total 2324864K, used 8920K [0x00007f4210600000, 0x00007f42ae0a0000, 0x00007f4765b50000)
  eden space 2066560K,   0% used [0x00007f4210600000, 0x00007f4210600000, 0x00007f428e820000)
  from space 258304K,   3% used [0x00007f428e820000, 0x00007f428f0d6340, 0x00007f429e460000)
  to   space 258304K,   0% used [0x00007f429e460000, 0x00007f429e460000, 0x00007f42ae0a0000)
 tenured generation   total 5166240K, used 5161702K [0x00007f4765b50000, 0x00007f48a1078000, 0x00007f5210600000)
   the space 5166240K,  99% used [0x00007f4765b50000, 0x00007f48a0c09a38, 0x00007f48a0c09c00, 0x00007f48a1078000)
 Metaspace       used 24778K, capacity 25214K, committed 25344K, reserved 26624K
}
Event: 30833.691 GC heap before
{Heap before GC invocations=33863 (full 5):
 def new generation   total 2324864K, used 2075480K [0x00007f4210600000, 0x00007f42ae0a0000, 0x00007f4765b50000)
  eden space 2066560K, 100% used [0x00007f4210600000, 0x00007f428e820000, 0x00007f428e820000)
  from space 258304K,   3% used [0x00007f428e820000, 0x00007f428f0d6340, 0x00007f429e460000)
  to   space 258304K,   0% used [0x00007f429e460000, 0x00007f429e460000, 0x00007f42ae0a0000)
 tenured generation   total 5166240K, used 5161702K [0x00007f4765b50000, 0x00007f48a1078000, 0x00007f5210600000)
   the space 5166240K,  99% used [0x00007f4765b50000, 0x00007f48a0c09a38, 0x00007f48a0c09c00, 0x00007f48a1078000)
 Metaspace       used 24778K, capacity 25214K, committed 25344K, reserved 26624K
}
Event: 30833.709 GC heap after
{Heap after GC invocations=33864 (full 5):
 def new generation   total 2324864K, used 8944K [0x00007f4210600000, 0x00007f42ae0a0000, 0x00007f4765b50000)
  eden space 2066560K,   0% used [0x00007f4210600000, 0x00007f4210600000, 0x00007f428e820000)
  from space 258304K,   3% used [0x00007f429e460000, 0x00007f429ed1c398, 0x00007f42ae0a0000)
  to   space 258304K,   0% used [0x00007f428e820000, 0x00007f428e820000, 0x00007f429e460000)
 tenured generation   total 5166240K, used 5162279K [0x00007f4765b50000, 0x00007f48a1078000, 0x00007f5210600000)
   the space 5166240K,  99% used [0x00007f4765b50000, 0x00007f48a0c99e88, 0x00007f48a0c9a000, 0x00007f48a1078000)
 Metaspace       used 24778K, capacity 25214K, committed 25344K, reserved 26624K
}
Event: 30835.293 GC heap before
{Heap before GC invocations=33864 (full 5):
 def new generation   total 2324864K, used 2075504K [0x00007f4210600000, 0x00007f42ae0a0000, 0x00007f4765b50000)
  eden space 2066560K, 100% used [0x00007f4210600000, 0x00007f428e820000, 0x00007f428e820000)
  from space 258304K,   3% used [0x00007f429e460000, 0x00007f429ed1c398, 0x00007f42ae0a0000)
  to   space 258304K,   0% used [0x00007f428e820000, 0x00007f428e820000, 0x00007f429e460000)
 tenured generation   total 5166240K, used 5162279K [0x00007f4765b50000, 0x00007f48a1078000, 0x00007f5210600000)
   the space 5166240K,  99% used [0x00007f4765b50000, 0x00007f48a0c99e88, 0x00007f48a0c9a000, 0x00007f48a1078000)
 Metaspace       used 24778K, capacity 25214K, committed 25344K, reserved 26624K
}
Event: 30835.309 GC heap after
{Heap after GC invocations=33865 (full 5):
 def new generation   total 2324864K, used 8924K [0x00007f4210600000, 0x00007f42ae0a0000, 0x00007f4765b50000)
  eden space 2066560K,   0% used [0x00007f4210600000, 0x00007f4210600000, 0x00007f428e820000)
  from space 258304K,   3% used [0x00007f428e820000, 0x00007f428f0d70c0, 0x00007f429e460000)
  to   space 258304K,   0% used [0x00007f429e460000, 0x00007f429e460000, 0x00007f42ae0a0000)
 tenured generation   total 5166240K, used 5162890K [0x00007f4765b50000, 0x00007f48a1078000, 0x00007f5210600000)
   the space 5166240K,  99% used [0x00007f4765b50000, 0x00007f48a0d32978, 0x00007f48a0d32a00, 0x00007f48a1078000)
 Metaspace       used 24778K, capacity 25214K, committed 25344K, reserved 26624K
}
Event: 30836.912 GC heap before
{Heap before GC invocations=33865 (full 5):
 def new generation   total 2324864K, used 2075484K [0x00007f4210600000, 0x00007f42ae0a0000, 0x00007f4765b50000)
  eden space 2066560K, 100% used [0x00007f4210600000, 0x00007f428e820000, 0x00007f428e820000)
  from space 258304K,   3% used [0x00007f428e820000, 0x00007f428f0d70c0, 0x00007f429e460000)
  to   space 258304K,   0% used [0x00007f429e460000, 0x00007f429e460000, 0x00007f42ae0a0000)
 tenured generation   total 5166240K, used 5162890K [0x00007f4765b50000, 0x00007f48a1078000, 0x00007f5210600000)
   the space 5166240K,  99% used [0x00007f4765b50000, 0x00007f48a0d32978, 0x00007f48a0d32a00, 0x00007f48a1078000)
 Metaspace       used 24778K, capacity 25214K, committed 25344K, reserved 26624K
}
Event: 30836.926 GC heap after
{Heap after GC invocations=33866 (full 5):
 def new generation   total 2324864K, used 8948K [0x00007f4210600000, 0x00007f42ae0a0000, 0x00007f4765b50000)
  eden space 2066560K,   0% used [0x00007f4210600000, 0x00007f4210600000, 0x00007f428e820000)
  from space 258304K,   3% used [0x00007f429e460000, 0x00007f429ed1d2c0, 0x00007f42ae0a0000)
  to   space 258304K,   0% used [0x00007f428e820000, 0x00007f428e820000, 0x00007f429e460000)
 tenured generation   total 5166240K, used 5163467K [0x00007f4765b50000, 0x00007f48a1078000, 0x00007f5210600000)
   the space 5166240K,  99% used [0x00007f4765b50000, 0x00007f48a0dc2d38, 0x00007f48a0dc2e00, 0x00007f48a1078000)
 Metaspace       used 24778K, capacity 25214K, committed 25344K, reserved 26624K
}
Event: 30838.527 GC heap before
{Heap before GC invocations=33866 (full 5):
 def new generation   total 2324864K, used 2075508K [0x00007f4210600000, 0x00007f42ae0a0000, 0x00007f4765b50000)
  eden space 2066560K, 100% used [0x00007f4210600000, 0x00007f428e820000, 0x00007f428e820000)
  from space 258304K,   3% used [0x00007f429e460000, 0x00007f429ed1d2c0, 0x00007f42ae0a0000)
  to   space 258304K,   0% used [0x00007f428e820000, 0x00007f428e820000, 0x00007f429e460000)
 tenured generation   total 5166240K, used 5163467K [0x00007f4765b50000, 0x00007f48a1078000, 0x00007f5210600000)
   the space 5166240K,  99% used [0x00007f4765b50000, 0x00007f48a0dc2d38, 0x00007f48a0dc2e00, 0x00007f48a1078000)
 Metaspace       used 24778K, capacity 25214K, committed 25344K, reserved 26624K
}
Event: 30838.539 GC heap after
{Heap after GC invocations=33867 (full 5):
 def new generation   total 2324864K, used 8939K [0x00007f4210600000, 0x00007f42ae0a0000, 0x00007f4765b50000)
  eden space 2066560K,   0% used [0x00007f4210600000, 0x00007f4210600000, 0x00007f428e820000)
  from space 258304K,   3% used [0x00007f428e820000, 0x00007f428f0dae68, 0x00007f429e460000)
  to   space 258304K,   0% used [0x00007f429e460000, 0x00007f429e460000, 0x00007f42ae0a0000)
 tenured generation   total 5166240K, used 5164078K [0x00007f4765b50000, 0x00007f48a1078000, 0x00007f5210600000)
   the space 5166240K,  99% used [0x00007f4765b50000, 0x00007f48a0e5b8b8, 0x00007f48a0e5ba00, 0x00007f48a1078000)
 Metaspace       used 24778K, capacity 25214K, committed 25344K, reserved 26624K
}
Event: 30840.132 GC heap before
{Heap before GC invocations=33867 (full 5):
 def new generation   total 2324864K, used 2075499K [0x00007f4210600000, 0x00007f42ae0a0000, 0x00007f4765b50000)
  eden space 2066560K, 100% used [0x00007f4210600000, 0x00007f428e820000, 0x00007f428e820000)
  from space 258304K,   3% used [0x00007f428e820000, 0x00007f428f0dae68, 0x00007f429e460000)
  to   space 258304K,   0% used [0x00007f429e460000, 0x00007f429e460000, 0x00007f42ae0a0000)
 tenured generation   total 5166240K, used 5164078K [0x00007f4765b50000, 0x00007f48a1078000, 0x00007f5210600000)
   the space 5166240K,  99% used [0x00007f4765b50000, 0x00007f48a0e5b8b8, 0x00007f48a0e5ba00, 0x00007f48a1078000)
 Metaspace       used 24778K, capacity 25214K, committed 25344K, reserved 26624K
}
Event: 30840.148 GC heap after
{Heap after GC invocations=33868 (full 5):
 def new generation   total 2324864K, used 8948K [0x00007f4210600000, 0x00007f42ae0a0000, 0x00007f4765b50000)
  eden space 2066560K,   0% used [0x00007f4210600000, 0x00007f4210600000, 0x00007f428e820000)
  from space 258304K,   3% used [0x00007f429e460000, 0x00007f429ed1d240, 0x00007f42ae0a0000)
  to   space 258304K,   0% used [0x00007f428e820000, 0x00007f428e820000, 0x00007f429e460000)
 tenured generation   total 5166240K, used 5164655K [0x00007f4765b50000, 0x00007f48a1078000, 0x00007f5210600000)
   the space 5166240K,  99% used [0x00007f4765b50000, 0x00007f48a0eebc78, 0x00007f48a0eebe00, 0x00007f48a1078000)
 Metaspace       used 24778K, capacity 25214K, committed 25344K, reserved 26624K
}
Event: 30841.737 GC heap before
{Heap before GC invocations=33868 (full 5):
 def new generation   total 2324864K, used 2075508K [0x00007f4210600000, 0x00007f42ae0a0000, 0x00007f4765b50000)
  eden space 2066560K, 100% used [0x00007f4210600000, 0x00007f428e820000, 0x00007f428e820000)
  from space 258304K,   3% used [0x00007f429e460000, 0x00007f429ed1d240, 0x00007f42ae0a0000)
  to   space 258304K,   0% used [0x00007f428e820000, 0x00007f428e820000, 0x00007f429e460000)
 tenured generation   total 5166240K, used 5164655K [0x00007f4765b50000, 0x00007f48a1078000, 0x00007f5210600000)
   the space 5166240K,  99% used [0x00007f4765b50000, 0x00007f48a0eebc78, 0x00007f48a0eebe00, 0x00007f48a1078000)
 Metaspace       used 24778K, capacity 25214K, committed 25344K, reserved 26624K
}
Event: 30841.752 GC heap after
{Heap after GC invocations=33869 (full 5):
 def new generation   total 2324864K, used 8918K [0x00007f4210600000, 0x00007f42ae0a0000, 0x00007f4765b50000)
  eden space 2066560K,   0% used [0x00007f4210600000, 0x00007f4210600000, 0x00007f428e820000)
  from space 258304K,   3% used [0x00007f428e820000, 0x00007f428f0d5990, 0x00007f429e460000)
  to   space 258304K,   0% used [0x00007f429e460000, 0x00007f429e460000, 0x00007f42ae0a0000)
 tenured generation   total 5166240K, used 5165265K [0x00007f4765b50000, 0x00007f48a1078000, 0x00007f5210600000)
   the space 5166240K,  99% used [0x00007f4765b50000, 0x00007f48a0f847f8, 0x00007f48a0f84800, 0x00007f48a1078000)
 Metaspace       used 24778K, capacity 25214K, committed 25344K, reserved 26624K
}
Event: 30843.348 GC heap before
{Heap before GC invocations=33869 (full 5):
 def new generation   total 2324864K, used 2075478K [0x00007f4210600000, 0x00007f42ae0a0000, 0x00007f4765b50000)
  eden space 2066560K, 100% used [0x00007f4210600000, 0x00007f428e820000, 0x00007f428e820000)
  from space 258304K,   3% used [0x00007f428e820000, 0x00007f428f0d5990, 0x00007f429e460000)
  to   space 258304K,   0% used [0x00007f429e460000, 0x00007f429e460000, 0x00007f42ae0a0000)
 tenured generation   total 5166240K, used 5165265K [0x00007f4765b50000, 0x00007f48a1078000, 0x00007f5210600000)
   the space 5166240K,  99% used [0x00007f4765b50000, 0x00007f48a0f847f8, 0x00007f48a0f84800, 0x00007f48a1078000)
 Metaspace       used 24778K, capacity 25214K, committed 25344K, reserved 26624K
}
Event: 30843.363 GC heap after
{Heap after GC invocations=33870 (full 5):
 def new generation   total 2324864K, used 8933K [0x00007f4210600000, 0x00007f42ae0a0000, 0x00007f4765b50000)
  eden space 2066560K,   0% used [0x00007f4210600000, 0x00007f4210600000, 0x00007f428e820000)
  from space 258304K,   3% used [0x00007f429e460000, 0x00007f429ed194b0, 0x00007f42ae0a0000)
  to   space 258304K,   0% used [0x00007f428e820000, 0x00007f428e820000, 0x00007f429e460000)
 tenured generation   total 5166240K, used 5165842K [0x00007f4765b50000, 0x00007f48a1078000, 0x00007f5210600000)
   the space 5166240K,  99% used [0x00007f4765b50000, 0x00007f48a1014bb8, 0x00007f48a1014c00, 0x00007f48a1078000)
 Metaspace       used 24778K, capacity 25214K, committed 25344K, reserved 26624K
}
Event: 30844.936 GC heap before
{Heap before GC invocations=33870 (full 5):
 def new generation   total 2324864K, used 2075493K [0x00007f4210600000, 0x00007f42ae0a0000, 0x00007f4765b50000)
  eden space 2066560K, 100% used [0x00007f4210600000, 0x00007f428e820000, 0x00007f428e820000)
  from space 258304K,   3% used [0x00007f429e460000, 0x00007f429ed194b0, 0x00007f42ae0a0000)
  to   space 258304K,   0% used [0x00007f428e820000, 0x00007f428e820000, 0x00007f429e460000)
 tenured generation   total 5166240K, used 5165842K [0x00007f4765b50000, 0x00007f48a1078000, 0x00007f5210600000)
   the space 5166240K,  99% used [0x00007f4765b50000, 0x00007f48a1014bb8, 0x00007f48a1014c00, 0x00007f48a1078000)
 Metaspace       used 24778K, capacity 25214K, committed 25344K, reserved 26624K
}
Event: 30844.954 GC heap after
{Heap after GC invocations=33871 (full 5):
 def new generation   total 2324864K, used 9041K [0x00007f4210600000, 0x00007f42ae0a0000, 0x00007f4765b50000)
  eden space 2066560K,   0% used [0x00007f4210600000, 0x00007f4210600000, 0x00007f428e820000)
  from space 258304K,   3% used [0x00007f428e820000, 0x00007f428f0f45a8, 0x00007f429e460000)
  to   space 258304K,   0% used [0x00007f429e460000, 0x00007f429e460000, 0x00007f42ae0a0000)
 tenured generation   total 5166624K, used 5166453K [0x00007f4765b50000, 0x00007f48a10d8000, 0x00007f5210600000)
   the space 5166624K,  99% used [0x00007f4765b50000, 0x00007f48a10ad738, 0x00007f48a10ad800, 0x00007f48a10d8000)
 Metaspace       used 24778K, capacity 25214K, committed 25344K, reserved 26624K
}
Event: 30844.954 GC heap before
{Heap before GC invocations=33871 (full 5):
 def new generation   total 2324864K, used 9041K [0x00007f4210600000, 0x00007f42ae0a0000, 0x00007f4765b50000)
  eden space 2066560K,   0% used [0x00007f4210600000, 0x00007f4210600000, 0x00007f428e820000)
  from space 258304K,   3% used [0x00007f428e820000, 0x00007f428f0f45a8, 0x00007f429e460000)
  to   space 258304K,   0% used [0x00007f429e460000, 0x00007f429e460000, 0x00007f42ae0a0000)
 tenured generation   total 5166624K, used 5166453K [0x00007f4765b50000, 0x00007f48a10d8000, 0x00007f5210600000)
   the space 5166624K,  99% used [0x00007f4765b50000, 0x00007f48a10ad738, 0x00007f48a10ad800, 0x00007f48a10d8000)
 Metaspace       used 24778K, capacity 25214K, committed 25344K, reserved 26624K
}

