# JRE version: OpenJDK Runtime Environment (13.0.7+5) (build 13.0.7+5-Ubuntu-0ubuntu120.04)
# Java VM: OpenJDK 64-Bit Server VM (13.0.7+5-Ubuntu-0ubuntu120.04, mixed mode, tiered, serial gc, linux-amd64)
Heap:
 def new generation   total 629248K, used 0K [0x00007efab0600000, 0x00007efadb0c0000, 0x00007f0005b50000)
  eden space 559360K,   0% used [0x00007efab0600000, 0x00007efab0600000, 0x00007efad2840000)
  from space 69888K,   0% used [0x00007efad6c80000, 0x00007efad6c80000, 0x00007efadb0c0000)
  to   space 69888K,   0% used [0x00007efad2840000, 0x00007efad2840000, 0x00007efad6c80000)
 tenured generation   total 1398144K, used 466522K [0x00007f0005b50000, 0x00007f005b0b0000, 0x00007f0ab0600000)
   the space 1398144K,  33% used [0x00007f0005b50000, 0x00007f00222e6b10, 0x00007f00222e6c00, 0x00007f005b0b0000)
 Metaspace       used 23706K, capacity 24190K, committed 24320K, reserved 24576K
GC Heap History (10 events):
Event: 2.829 GC heap before
{Heap before GC invocations=0 (full 0):
 def new generation   total 629120K, used 111871K [0x00007efab0600000, 0x00007efadb0a0000, 0x00007f0005b50000)
  eden space 559232K,  20% used [0x00007efab0600000, 0x00007efab733fef8, 0x00007efad2820000)
  from space 69888K,   0% used [0x00007efad2820000, 0x00007efad2820000, 0x00007efad6c60000)
  to   space 69888K,   0% used [0x00007efad6c60000, 0x00007efad6c60000, 0x00007efadb0a0000)
 tenured generation   total 1398144K, used 0K [0x00007f0005b50000, 0x00007f005b0b0000, 0x00007f0ab0600000)
   the space 1398144K,   0% used [0x00007f0005b50000, 0x00007f0005b50000, 0x00007f0005b50200, 0x00007f005b0b0000)
 Metaspace       used 20882K, capacity 21220K, committed 21248K, reserved 22528K
}
Event: 2.928 GC heap after
{Heap after GC invocations=1 (full 1):
 def new generation   total 629248K, used 0K [0x00007efab0600000, 0x00007efadb0c0000, 0x00007f0005b50000)
  eden space 559360K,   0% used [0x00007efab0600000, 0x00007efab0600000, 0x00007efad2840000)
  from space 69888K,   0% used [0x00007efad2840000, 0x00007efad2840000, 0x00007efad6c80000)
  to   space 69888K,   0% used [0x00007efad6c80000, 0x00007efad6c80000, 0x00007efadb0c0000)
 tenured generation   total 1398144K, used 13997K [0x00007f0005b50000, 0x00007f005b0b0000, 0x00007f0ab0600000)
   the space 1398144K,   1% used [0x00007f0005b50000, 0x00007f00068fb598, 0x00007f00068fb600, 0x00007f005b0b0000)
 Metaspace       used 20882K, capacity 21220K, committed 21248K, reserved 22528K
}
Event: 4.903 GC heap before
{Heap before GC invocations=1 (full 1):
 def new generation   total 629248K, used 559360K [0x00007efab0600000, 0x00007efadb0c0000, 0x00007f0005b50000)
  eden space 559360K, 100% used [0x00007efab0600000, 0x00007efad2840000, 0x00007efad2840000)
  from space 69888K,   0% used [0x00007efad2840000, 0x00007efad2840000, 0x00007efad6c80000)
  to   space 69888K,   0% used [0x00007efad6c80000, 0x00007efad6c80000, 0x00007efadb0c0000)
 tenured generation   total 1398144K, used 13997K [0x00007f0005b50000, 0x00007f005b0b0000, 0x00007f0ab0600000)
   the space 1398144K,   1% used [0x00007f0005b50000, 0x00007f00068fb598, 0x00007f00068fb600, 0x00007f005b0b0000)
 Metaspace       used 22897K, capacity 23296K, committed 23552K, reserved 24576K
}
Event: 4.915 GC heap after
{Heap after GC invocations=2 (full 1):
 def new generation   total 629248K, used 3187K [0x00007efab0600000, 0x00007efadb0c0000, 0x00007f0005b50000)
  eden space 559360K,   0% used [0x00007efab0600000, 0x00007efab0600000, 0x00007efad2840000)
  from space 69888K,   4% used [0x00007efad6c80000, 0x00007efad6f9ce40, 0x00007efadb0c0000)
  to   space 69888K,   0% used [0x00007efad2840000, 0x00007efad2840000, 0x00007efad6c80000)
 tenured generation   total 1398144K, used 13997K [0x00007f0005b50000, 0x00007f005b0b0000, 0x00007f0ab0600000)
   the space 1398144K,   1% used [0x00007f0005b50000, 0x00007f00068fb598, 0x00007f00068fb600, 0x00007f005b0b0000)
 Metaspace       used 22897K, capacity 23296K, committed 23552K, reserved 24576K
}
Event: 5.476 GC heap before
{Heap before GC invocations=2 (full 1):
 def new generation   total 629248K, used 198377K [0x00007efab0600000, 0x00007efadb0c0000, 0x00007f0005b50000)
  eden space 559360K,  34% used [0x00007efab0600000, 0x00007efabc49d838, 0x00007efad2840000)
  from space 69888K,   4% used [0x00007efad6c80000, 0x00007efad6f9ce40, 0x00007efadb0c0000)
  to   space 69888K,   0% used [0x00007efad2840000, 0x00007efad2840000, 0x00007efad6c80000)
 tenured generation   total 1398144K, used 13997K [0x00007f0005b50000, 0x00007f005b0b0000, 0x00007f0ab0600000)
   the space 1398144K,   1% used [0x00007f0005b50000, 0x00007f00068fb598, 0x00007f00068fb600, 0x00007f005b0b0000)
 Metaspace       used 23706K, capacity 24190K, committed 24320K, reserved 24576K
}
Event: 5.536 GC heap after
{Heap after GC invocations=3 (full 1):
 def new generation   total 629248K, used 69887K [0x00007efab0600000, 0x00007efadb0c0000, 0x00007f0005b50000)
  eden space 559360K,   0% used [0x00007efab0600000, 0x00007efab0600000, 0x00007efad2840000)
  from space 69888K,  99% used [0x00007efad2840000, 0x00007efad6c7fff0, 0x00007efad6c80000)
  to   space 69888K,   0% used [0x00007efad6c80000, 0x00007efad6c80000, 0x00007efadb0c0000)
 tenured generation   total 1398144K, used 15708K [0x00007f0005b50000, 0x00007f005b0b0000, 0x00007f0ab0600000)
   the space 1398144K,   1% used [0x00007f0005b50000, 0x00007f0006aa7078, 0x00007f0006aa7200, 0x00007f005b0b0000)
 Metaspace       used 23706K, capacity 24190K, committed 24320K, reserved 24576K
}
Event: 5.960 GC heap before
{Heap before GC invocations=3 (full 1):
 def new generation   total 629248K, used 486419K [0x00007efab0600000, 0x00007efadb0c0000, 0x00007f0005b50000)
  eden space 559360K,  74% used [0x00007efab0600000, 0x00007efac9cc4d78, 0x00007efad2840000)
  from space 69888K,  99% used [0x00007efad2840000, 0x00007efad6c7fff0, 0x00007efad6c80000)
  to   space 69888K,   0% used [0x00007efad6c80000, 0x00007efad6c80000, 0x00007efadb0c0000)
 tenured generation   total 1398144K, used 15708K [0x00007f0005b50000, 0x00007f005b0b0000, 0x00007f0ab0600000)
   the space 1398144K,   1% used [0x00007f0005b50000, 0x00007f0006aa7078, 0x00007f0006aa7200, 0x00007f005b0b0000)
 Metaspace       used 23706K, capacity 24190K, committed 24320K, reserved 24576K
}
Event: 6.269 GC heap after
{Heap after GC invocations=4 (full 1):
 def new generation   total 629248K, used 12289K [0x00007efab0600000, 0x00007efadb0c0000, 0x00007f0005b50000)
  eden space 559360K,   0% used [0x00007efab0600000, 0x00007efab0600000, 0x00007efad2840000)
  from space 69888K,  17% used [0x00007efad6c80000, 0x00007efad7880400, 0x00007efadb0c0000)
  to   space 69888K,   0% used [0x00007efad2840000, 0x00007efad2840000, 0x00007efad6c80000)
 tenured generation   total 1398144K, used 454233K [0x00007f0005b50000, 0x00007f005b0b0000, 0x00007f0ab0600000)
   the space 1398144K,  32% used [0x00007f0005b50000, 0x00007f00216e6710, 0x00007f00216e6800, 0x00007f005b0b0000)
 Metaspace       used 23706K, capacity 24190K, committed 24320K, reserved 24576K
}
Event: 6.269 GC heap before
{Heap before GC invocations=4 (full 1):
 def new generation   total 629248K, used 12289K [0x00007efab0600000, 0x00007efadb0c0000, 0x00007f0005b50000)
  eden space 559360K,   0% used [0x00007efab0600000, 0x00007efab0600000, 0x00007efad2840000)
  from space 69888K,  17% used [0x00007efad6c80000, 0x00007efad7880400, 0x00007efadb0c0000)
  to   space 69888K,   0% used [0x00007efad2840000, 0x00007efad2840000, 0x00007efad6c80000)
 tenured generation   total 1398144K, used 454233K [0x00007f0005b50000, 0x00007f005b0b0000, 0x00007f0ab0600000)
   the space 1398144K,  32% used [0x00007f0005b50000, 0x00007f00216e6710, 0x00007f00216e6800, 0x00007f005b0b0000)
 Metaspace       used 23706K, capacity 24190K, committed 24320K, reserved 24576K
}
Event: 6.329 GC heap after
{Heap after GC invocations=4 (full 2):
 def new generation   total 629248K, used 0K [0x00007efab0600000, 0x00007efadb0c0000, 0x00007f0005b50000)
  eden space 559360K,   0% used [0x00007efab0600000, 0x00007efab0600000, 0x00007efad2840000)
  from space 69888K,   0% used [0x00007efad6c80000, 0x00007efad6c80000, 0x00007efadb0c0000)
  to   space 69888K,   0% used [0x00007efad2840000, 0x00007efad2840000, 0x00007efad6c80000)
 tenured generation   total 1398144K, used 466522K [0x00007f0005b50000, 0x00007f005b0b0000, 0x00007f0ab0600000)
   the space 1398144K,  33% used [0x00007f0005b50000, 0x00007f00222e6b10, 0x00007f00222e6c00, 0x00007f005b0b0000)
 Metaspace       used 23706K, capacity 24190K, committed 24320K, reserved 24576K
}

