# JRE version: OpenJDK Runtime Environment (13.0.7+5) (build 13.0.7+5-Ubuntu-0ubuntu120.04)
# Java VM: OpenJDK 64-Bit Server VM (13.0.7+5-Ubuntu-0ubuntu120.04, mixed mode, tiered, serial gc, linux-amd64)
Heap:
 def new generation   total 1748160K, used 0K [0x00007f9e38600000, 0x00007f9eaeed0000, 0x00007fa38db50000)
  eden space 1553984K,   0% used [0x00007f9e38600000, 0x00007f9e38600000, 0x00007f9e97390000)
  from space 194176K,   0% used [0x00007f9ea3130000, 0x00007f9ea3130000, 0x00007f9eaeed0000)
  to   space 194176K,   0% used [0x00007f9e97390000, 0x00007f9e97390000, 0x00007f9ea3130000)
 tenured generation   total 3884780K, used 3814001K [0x00007fa38db50000, 0x00007fa47ad0b000, 0x00007fae38600000)
   the space 3884780K,  98% used [0x00007fa38db50000, 0x00007fa4767ec7c8, 0x00007fa4767ec800, 0x00007fa47ad0b000)
 Metaspace       used 24685K, capacity 25136K, committed 25344K, reserved 26624K
GC Heap History (20 events):
Event: 24196.374 GC heap after
{Heap after GC invocations=39990 (full 3):
 def new generation   total 1748160K, used 8465K [0x00007f9e38600000, 0x00007f9eaeed0000, 0x00007fa38db50000)
  eden space 1553984K,   0% used [0x00007f9e38600000, 0x00007f9e38600000, 0x00007f9e97390000)
  from space 194176K,   4% used [0x00007f9e97390000, 0x00007f9e97bd4420, 0x00007f9ea3130000)
  to   space 194176K,   0% used [0x00007f9ea3130000, 0x00007f9ea3130000, 0x00007f9eaeed0000)
 tenured generation   total 3884588K, used 3879596K [0x00007fa38db50000, 0x00007fa47acdb000, 0x00007fae38600000)
   the space 3884588K,  99% used [0x00007fa38db50000, 0x00007fa47a7fb038, 0x00007fa47a7fb200, 0x00007fa47acdb000)
 Metaspace       used 24685K, capacity 25136K, committed 25344K, reserved 26624K
}
Event: 24197.408 GC heap before
{Heap before GC invocations=39990 (full 3):
 def new generation   total 1748160K, used 1562449K [0x00007f9e38600000, 0x00007f9eaeed0000, 0x00007fa38db50000)
  eden space 1553984K, 100% used [0x00007f9e38600000, 0x00007f9e97390000, 0x00007f9e97390000)
  from space 194176K,   4% used [0x00007f9e97390000, 0x00007f9e97bd4420, 0x00007f9ea3130000)
  to   space 194176K,   0% used [0x00007f9ea3130000, 0x00007f9ea3130000, 0x00007f9eaeed0000)
 tenured generation   total 3884588K, used 3879596K [0x00007fa38db50000, 0x00007fa47acdb000, 0x00007fae38600000)
   the space 3884588K,  99% used [0x00007fa38db50000, 0x00007fa47a7fb038, 0x00007fa47a7fb200, 0x00007fa47acdb000)
 Metaspace       used 24685K, capacity 25136K, committed 25344K, reserved 26624K
}
Event: 24197.422 GC heap after
{Heap after GC invocations=39991 (full 3):
 def new generation   total 1748160K, used 8465K [0x00007f9e38600000, 0x00007f9eaeed0000, 0x00007fa38db50000)
  eden space 1553984K,   0% used [0x00007f9e38600000, 0x00007f9e38600000, 0x00007f9e97390000)
  from space 194176K,   4% used [0x00007f9ea3130000, 0x00007f9ea39747f8, 0x00007f9eaeed0000)
  to   space 194176K,   0% used [0x00007f9e97390000, 0x00007f9e97390000, 0x00007f9ea3130000)
 tenured generation   total 3884588K, used 3880159K [0x00007fa38db50000, 0x00007fa47acdb000, 0x00007fae38600000)
   the space 3884588K,  99% used [0x00007fa38db50000, 0x00007fa47a887f90, 0x00007fa47a888000, 0x00007fa47acdb000)
 Metaspace       used 24685K, capacity 25136K, committed 25344K, reserved 26624K
}
Event: 24198.455 GC heap before
{Heap before GC invocations=39991 (full 3):
 def new generation   total 1748160K, used 1562449K [0x00007f9e38600000, 0x00007f9eaeed0000, 0x00007fa38db50000)
  eden space 1553984K, 100% used [0x00007f9e38600000, 0x00007f9e97390000, 0x00007f9e97390000)
  from space 194176K,   4% used [0x00007f9ea3130000, 0x00007f9ea39747f8, 0x00007f9eaeed0000)
  to   space 194176K,   0% used [0x00007f9e97390000, 0x00007f9e97390000, 0x00007f9ea3130000)
 tenured generation   total 3884588K, used 3880159K [0x00007fa38db50000, 0x00007fa47acdb000, 0x00007fae38600000)
   the space 3884588K,  99% used [0x00007fa38db50000, 0x00007fa47a887f90, 0x00007fa47a888000, 0x00007fa47acdb000)
 Metaspace       used 24685K, capacity 25136K, committed 25344K, reserved 26624K
}
Event: 24198.468 GC heap after
{Heap after GC invocations=39992 (full 3):
 def new generation   total 1748160K, used 8468K [0x00007f9e38600000, 0x00007f9eaeed0000, 0x00007fa38db50000)
  eden space 1553984K,   0% used [0x00007f9e38600000, 0x00007f9e38600000, 0x00007f9e97390000)
  from space 194176K,   4% used [0x00007f9e97390000, 0x00007f9e97bd5390, 0x00007f9ea3130000)
  to   space 194176K,   0% used [0x00007f9ea3130000, 0x00007f9ea3130000, 0x00007f9eaeed0000)
 tenured generation   total 3884588K, used 3880723K [0x00007fa38db50000, 0x00007fa47acdb000, 0x00007fae38600000)
   the space 3884588K,  99% used [0x00007fa38db50000, 0x00007fa47a914ee8, 0x00007fa47a915000, 0x00007fa47acdb000)
 Metaspace       used 24685K, capacity 25136K, committed 25344K, reserved 26624K
}
Event: 24199.502 GC heap before
{Heap before GC invocations=39992 (full 3):
 def new generation   total 1748160K, used 1562452K [0x00007f9e38600000, 0x00007f9eaeed0000, 0x00007fa38db50000)
  eden space 1553984K, 100% used [0x00007f9e38600000, 0x00007f9e97390000, 0x00007f9e97390000)
  from space 194176K,   4% used [0x00007f9e97390000, 0x00007f9e97bd5390, 0x00007f9ea3130000)
  to   space 194176K,   0% used [0x00007f9ea3130000, 0x00007f9ea3130000, 0x00007f9eaeed0000)
 tenured generation   total 3884588K, used 3880723K [0x00007fa38db50000, 0x00007fa47acdb000, 0x00007fae38600000)
   the space 3884588K,  99% used [0x00007fa38db50000, 0x00007fa47a914ee8, 0x00007fa47a915000, 0x00007fa47acdb000)
 Metaspace       used 24685K, capacity 25136K, committed 25344K, reserved 26624K
}
Event: 24199.514 GC heap after
{Heap after GC invocations=39993 (full 3):
 def new generation   total 1748160K, used 8464K [0x00007f9e38600000, 0x00007f9eaeed0000, 0x00007fa38db50000)
  eden space 1553984K,   0% used [0x00007f9e38600000, 0x00007f9e38600000, 0x00007f9e97390000)
  from space 194176K,   4% used [0x00007f9ea3130000, 0x00007f9ea3974250, 0x00007f9eaeed0000)
  to   space 194176K,   0% used [0x00007f9e97390000, 0x00007f9e97390000, 0x00007f9ea3130000)
 tenured generation   total 3884588K, used 3881287K [0x00007fa38db50000, 0x00007fa47acdb000, 0x00007fae38600000)
   the space 3884588K,  99% used [0x00007fa38db50000, 0x00007fa47a9a1e40, 0x00007fa47a9a2000, 0x00007fa47acdb000)
 Metaspace       used 24685K, capacity 25136K, committed 25344K, reserved 26624K
}
Event: 24200.527 GC heap before
{Heap before GC invocations=39993 (full 3):
 def new generation   total 1748160K, used 1562448K [0x00007f9e38600000, 0x00007f9eaeed0000, 0x00007fa38db50000)
  eden space 1553984K, 100% used [0x00007f9e38600000, 0x00007f9e97390000, 0x00007f9e97390000)
  from space 194176K,   4% used [0x00007f9ea3130000, 0x00007f9ea3974250, 0x00007f9eaeed0000)
  to   space 194176K,   0% used [0x00007f9e97390000, 0x00007f9e97390000, 0x00007f9ea3130000)
 tenured generation   total 3884588K, used 3881287K [0x00007fa38db50000, 0x00007fa47acdb000, 0x00007fae38600000)
   the space 3884588K,  99% used [0x00007fa38db50000, 0x00007fa47a9a1e40, 0x00007fa47a9a2000, 0x00007fa47acdb000)
 Metaspace       used 24685K, capacity 25136K, committed 25344K, reserved 26624K
}
Event: 24200.539 GC heap after
{Heap after GC invocations=39994 (full 3):
 def new generation   total 1748160K, used 8479K [0x00007f9e38600000, 0x00007f9eaeed0000, 0x00007fa38db50000)
  eden space 1553984K,   0% used [0x00007f9e38600000, 0x00007f9e38600000, 0x00007f9e97390000)
  from space 194176K,   4% used [0x00007f9e97390000, 0x00007f9e97bd7e18, 0x00007f9ea3130000)
  to   space 194176K,   0% used [0x00007f9ea3130000, 0x00007f9ea3130000, 0x00007f9eaeed0000)
 tenured generation   total 3884588K, used 3881782K [0x00007fa38db50000, 0x00007fa47acdb000, 0x00007fae38600000)
   the space 3884588K,  99% used [0x00007fa38db50000, 0x00007fa47aa1da08, 0x00007fa47aa1dc00, 0x00007fa47acdb000)
 Metaspace       used 24685K, capacity 25136K, committed 25344K, reserved 26624K
}
Event: 24201.595 GC heap before
{Heap before GC invocations=39994 (full 3):
 def new generation   total 1748160K, used 1562463K [0x00007f9e38600000, 0x00007f9eaeed0000, 0x00007fa38db50000)
  eden space 1553984K, 100% used [0x00007f9e38600000, 0x00007f9e97390000, 0x00007f9e97390000)
  from space 194176K,   4% used [0x00007f9e97390000, 0x00007f9e97bd7e18, 0x00007f9ea3130000)
  to   space 194176K,   0% used [0x00007f9ea3130000, 0x00007f9ea3130000, 0x00007f9eaeed0000)
 tenured generation   total 3884588K, used 3881782K [0x00007fa38db50000, 0x00007fa47acdb000, 0x00007fae38600000)
   the space 3884588K,  99% used [0x00007fa38db50000, 0x00007fa47aa1da08, 0x00007fa47aa1dc00, 0x00007fa47acdb000)
 Metaspace       used 24685K, capacity 25136K, committed 25344K, reserved 26624K
}
Event: 24201.609 GC heap after
{Heap after GC invocations=39995 (full 3):
 def new generation   total 1748160K, used 8481K [0x00007f9e38600000, 0x00007f9eaeed0000, 0x00007fa38db50000)
  eden space 1553984K,   0% used [0x00007f9e38600000, 0x00007f9e38600000, 0x00007f9e97390000)
  from space 194176K,   4% used [0x00007f9ea3130000, 0x00007f9ea3978760, 0x00007f9eaeed0000)
  to   space 194176K,   0% used [0x00007f9e97390000, 0x00007f9e97390000, 0x00007f9ea3130000)
 tenured generation   total 3884588K, used 3882346K [0x00007fa38db50000, 0x00007fa47acdb000, 0x00007fae38600000)
   the space 3884588K,  99% used [0x00007fa38db50000, 0x00007fa47aaaa960, 0x00007fa47aaaaa00, 0x00007fa47acdb000)
 Metaspace       used 24685K, capacity 25136K, committed 25344K, reserved 26624K
}
Event: 24202.638 GC heap before
{Heap before GC invocations=39995 (full 3):
 def new generation   total 1748160K, used 1562465K [0x00007f9e38600000, 0x00007f9eaeed0000, 0x00007fa38db50000)
  eden space 1553984K, 100% used [0x00007f9e38600000, 0x00007f9e97390000, 0x00007f9e97390000)
  from space 194176K,   4% used [0x00007f9ea3130000, 0x00007f9ea3978760, 0x00007f9eaeed0000)
  to   space 194176K,   0% used [0x00007f9e97390000, 0x00007f9e97390000, 0x00007f9ea3130000)
 tenured generation   total 3884588K, used 3882346K [0x00007fa38db50000, 0x00007fa47acdb000, 0x00007fae38600000)
   the space 3884588K,  99% used [0x00007fa38db50000, 0x00007fa47aaaa960, 0x00007fa47aaaaa00, 0x00007fa47acdb000)
 Metaspace       used 24685K, capacity 25136K, committed 25344K, reserved 26624K
}
Event: 24202.649 GC heap after
{Heap after GC invocations=39996 (full 3):
 def new generation   total 1748160K, used 8486K [0x00007f9e38600000, 0x00007f9eaeed0000, 0x00007fa38db50000)
  eden space 1553984K,   0% used [0x00007f9e38600000, 0x00007f9e38600000, 0x00007f9e97390000)
  from space 194176K,   4% used [0x00007f9e97390000, 0x00007f9e97bd9860, 0x00007f9ea3130000)
  to   space 194176K,   0% used [0x00007f9ea3130000, 0x00007f9ea3130000, 0x00007f9eaeed0000)
 tenured generation   total 3884588K, used 3882910K [0x00007fa38db50000, 0x00007fa47acdb000, 0x00007fae38600000)
   the space 3884588K,  99% used [0x00007fa38db50000, 0x00007fa47ab378b8, 0x00007fa47ab37a00, 0x00007fa47acdb000)
 Metaspace       used 24685K, capacity 25136K, committed 25344K, reserved 26624K
}
Event: 24203.698 GC heap before
{Heap before GC invocations=39996 (full 3):
 def new generation   total 1748160K, used 1562470K [0x00007f9e38600000, 0x00007f9eaeed0000, 0x00007fa38db50000)
  eden space 1553984K, 100% used [0x00007f9e38600000, 0x00007f9e97390000, 0x00007f9e97390000)
  from space 194176K,   4% used [0x00007f9e97390000, 0x00007f9e97bd9860, 0x00007f9ea3130000)
  to   space 194176K,   0% used [0x00007f9ea3130000, 0x00007f9ea3130000, 0x00007f9eaeed0000)
 tenured generation   total 3884588K, used 3882910K [0x00007fa38db50000, 0x00007fa47acdb000, 0x00007fae38600000)
   the space 3884588K,  99% used [0x00007fa38db50000, 0x00007fa47ab378b8, 0x00007fa47ab37a00, 0x00007fa47acdb000)
 Metaspace       used 24685K, capacity 25136K, committed 25344K, reserved 26624K
}
Event: 24203.714 GC heap after
{Heap after GC invocations=39997 (full 3):
 def new generation   total 1748160K, used 8482K [0x00007f9e38600000, 0x00007f9eaeed0000, 0x00007fa38db50000)
  eden space 1553984K,   0% used [0x00007f9e38600000, 0x00007f9e38600000, 0x00007f9e97390000)
  from space 194176K,   4% used [0x00007f9ea3130000, 0x00007f9ea3978920, 0x00007f9eaeed0000)
  to   space 194176K,   0% used [0x00007f9e97390000, 0x00007f9e97390000, 0x00007f9ea3130000)
 tenured generation   total 3884588K, used 3883474K [0x00007fa38db50000, 0x00007fa47acdb000, 0x00007fae38600000)
   the space 3884588K,  99% used [0x00007fa38db50000, 0x00007fa47abc4810, 0x00007fa47abc4a00, 0x00007fa47acdb000)
 Metaspace       used 24685K, capacity 25136K, committed 25344K, reserved 26624K
}
Event: 24204.768 GC heap before
{Heap before GC invocations=39997 (full 3):
 def new generation   total 1748160K, used 1562466K [0x00007f9e38600000, 0x00007f9eaeed0000, 0x00007fa38db50000)
  eden space 1553984K, 100% used [0x00007f9e38600000, 0x00007f9e97390000, 0x00007f9e97390000)
  from space 194176K,   4% used [0x00007f9ea3130000, 0x00007f9ea3978920, 0x00007f9eaeed0000)
  to   space 194176K,   0% used [0x00007f9e97390000, 0x00007f9e97390000, 0x00007f9ea3130000)
 tenured generation   total 3884588K, used 3883474K [0x00007fa38db50000, 0x00007fa47acdb000, 0x00007fae38600000)
   the space 3884588K,  99% used [0x00007fa38db50000, 0x00007fa47abc4810, 0x00007fa47abc4a00, 0x00007fa47acdb000)
 Metaspace       used 24685K, capacity 25136K, committed 25344K, reserved 26624K
}
Event: 24204.782 GC heap after
{Heap after GC invocations=39998 (full 3):
 def new generation   total 1748160K, used 8486K [0x00007f9e38600000, 0x00007f9eaeed0000, 0x00007fa38db50000)
  eden space 1553984K,   0% used [0x00007f9e38600000, 0x00007f9e38600000, 0x00007f9e97390000)
  from space 194176K,   4% used [0x00007f9e97390000, 0x00007f9e97bd99f8, 0x00007f9ea3130000)
  to   space 194176K,   0% used [0x00007f9ea3130000, 0x00007f9ea3130000, 0x00007f9eaeed0000)
 tenured generation   total 3884588K, used 3884037K [0x00007fa38db50000, 0x00007fa47acdb000, 0x00007fae38600000)
   the space 3884588K,  99% used [0x00007fa38db50000, 0x00007fa47ac51768, 0x00007fa47ac51800, 0x00007fa47acdb000)
 Metaspace       used 24685K, capacity 25136K, committed 25344K, reserved 26624K
}
Event: 24205.818 GC heap before
{Heap before GC invocations=39998 (full 3):
 def new generation   total 1748160K, used 1562470K [0x00007f9e38600000, 0x00007f9eaeed0000, 0x00007fa38db50000)
  eden space 1553984K, 100% used [0x00007f9e38600000, 0x00007f9e97390000, 0x00007f9e97390000)
  from space 194176K,   4% used [0x00007f9e97390000, 0x00007f9e97bd99f8, 0x00007f9ea3130000)
  to   space 194176K,   0% used [0x00007f9ea3130000, 0x00007f9ea3130000, 0x00007f9eaeed0000)
 tenured generation   total 3884588K, used 3884037K [0x00007fa38db50000, 0x00007fa47acdb000, 0x00007fae38600000)
   the space 3884588K,  99% used [0x00007fa38db50000, 0x00007fa47ac51768, 0x00007fa47ac51800, 0x00007fa47acdb000)
 Metaspace       used 24685K, capacity 25136K, committed 25344K, reserved 26624K
}
Event: 24205.832 GC heap after
{Heap after GC invocations=39999 (full 3):
 def new generation   total 1748160K, used 8483K [0x00007f9e38600000, 0x00007f9eaeed0000, 0x00007fa38db50000)
  eden space 1553984K,   0% used [0x00007f9e38600000, 0x00007f9e38600000, 0x00007f9e97390000)
  from space 194176K,   4% used [0x00007f9ea3130000, 0x00007f9ea3978cd0, 0x00007f9eaeed0000)
  to   space 194176K,   0% used [0x00007f9e97390000, 0x00007f9e97390000, 0x00007f9ea3130000)
 tenured generation   total 3884780K, used 3884601K [0x00007fa38db50000, 0x00007fa47ad0b000, 0x00007fae38600000)
   the space 3884780K,  99% used [0x00007fa38db50000, 0x00007fa47acde6c0, 0x00007fa47acde800, 0x00007fa47ad0b000)
 Metaspace       used 24685K, capacity 25136K, committed 25344K, reserved 26624K
}
Event: 24205.832 GC heap before
{Heap before GC invocations=39999 (full 3):
 def new generation   total 1748160K, used 8483K [0x00007f9e38600000, 0x00007f9eaeed0000, 0x00007fa38db50000)
  eden space 1553984K,   0% used [0x00007f9e38600000, 0x00007f9e38600000, 0x00007f9e97390000)
  from space 194176K,   4% used [0x00007f9ea3130000, 0x00007f9ea3978cd0, 0x00007f9eaeed0000)
  to   space 194176K,   0% used [0x00007f9e97390000, 0x00007f9e97390000, 0x00007f9ea3130000)
 tenured generation   total 3884780K, used 3884601K [0x00007fa38db50000, 0x00007fa47ad0b000, 0x00007fae38600000)
   the space 3884780K,  99% used [0x00007fa38db50000, 0x00007fa47acde6c0, 0x00007fa47acde800, 0x00007fa47ad0b000)
 Metaspace       used 24685K, capacity 25136K, committed 25344K, reserved 26624K
}

