# JRE version: OpenJDK Runtime Environment (13.0.7+5) (build 13.0.7+5-Ubuntu-0ubuntu120.04)
# Java VM: OpenJDK 64-Bit Server VM (13.0.7+5-Ubuntu-0ubuntu120.04, mixed mode, tiered, serial gc, linux-amd64)
Heap:
 def new generation   total 1048832K, used 25209K [0x00007f03d4400000, 0x00007f041b600000, 0x00007f0929950000)
  eden space 932352K,   2% used [0x00007f03d4400000, 0x00007f03d5c9e520, 0x00007f040d280000)
  from space 116480K,   0% used [0x00007f040d280000, 0x00007f040d280000, 0x00007f0414440000)
  to   space 116480K,   0% used [0x00007f0414440000, 0x00007f0414440000, 0x00007f041b600000)
 tenured generation   total 2331520K, used 2331520K [0x00007f0929950000, 0x00007f09b7e30000, 0x00007f13d4400000)
   the space 2331520K, 100% used [0x00007f0929950000, 0x00007f09b7e30000, 0x00007f09b7e30000, 0x00007f09b7e30000)
 Metaspace       used 24676K, capacity 25140K, committed 25344K, reserved 26624K
GC Heap History (20 events):
Event: 2135.808 GC heap after
{Heap after GC invocations=5362 (full 2):
 def new generation   total 1048832K, used 25308K [0x00007f03d4400000, 0x00007f041b600000, 0x00007f0929950000)
  eden space 932352K,   0% used [0x00007f03d4400000, 0x00007f03d4400000, 0x00007f040d280000)
  from space 116480K,  21% used [0x00007f0414440000, 0x00007f0415cf7240, 0x00007f041b600000)
  to   space 116480K,   0% used [0x00007f040d280000, 0x00007f040d280000, 0x00007f0414440000)
 tenured generation   total 2330560K, used 2316265K [0x00007f0929950000, 0x00007f09b7d40000, 0x00007f13d4400000)
   the space 2330560K,  99% used [0x00007f0929950000, 0x00007f09b6f4a7e8, 0x00007f09b6f4a800, 0x00007f09b7d40000)
 Metaspace       used 24676K, capacity 25140K, committed 25344K, reserved 26624K
}
Event: 2136.363 GC heap before
{Heap before GC invocations=5362 (full 2):
 def new generation   total 1048832K, used 957660K [0x00007f03d4400000, 0x00007f041b600000, 0x00007f0929950000)
  eden space 932352K, 100% used [0x00007f03d4400000, 0x00007f040d280000, 0x00007f040d280000)
  from space 116480K,  21% used [0x00007f0414440000, 0x00007f0415cf7240, 0x00007f041b600000)
  to   space 116480K,   0% used [0x00007f040d280000, 0x00007f040d280000, 0x00007f0414440000)
 tenured generation   total 2330560K, used 2316265K [0x00007f0929950000, 0x00007f09b7d40000, 0x00007f13d4400000)
   the space 2330560K,  99% used [0x00007f0929950000, 0x00007f09b6f4a7e8, 0x00007f09b6f4a800, 0x00007f09b7d40000)
 Metaspace       used 24676K, capacity 25140K, committed 25344K, reserved 26624K
}
Event: 2136.404 GC heap after
{Heap after GC invocations=5363 (full 2):
 def new generation   total 1048832K, used 25310K [0x00007f03d4400000, 0x00007f041b600000, 0x00007f0929950000)
  eden space 932352K,   0% used [0x00007f03d4400000, 0x00007f03d4400000, 0x00007f040d280000)
  from space 116480K,  21% used [0x00007f040d280000, 0x00007f040eb37a80, 0x00007f0414440000)
  to   space 116480K,   0% used [0x00007f0414440000, 0x00007f0414440000, 0x00007f041b600000)
 tenured generation   total 2330560K, used 2317911K [0x00007f0929950000, 0x00007f09b7d40000, 0x00007f13d4400000)
   the space 2330560K,  99% used [0x00007f0929950000, 0x00007f09b70e5d90, 0x00007f09b70e5e00, 0x00007f09b7d40000)
 Metaspace       used 24676K, capacity 25140K, committed 25344K, reserved 26624K
}
Event: 2136.958 GC heap before
{Heap before GC invocations=5363 (full 2):
 def new generation   total 1048832K, used 957662K [0x00007f03d4400000, 0x00007f041b600000, 0x00007f0929950000)
  eden space 932352K, 100% used [0x00007f03d4400000, 0x00007f040d280000, 0x00007f040d280000)
  from space 116480K,  21% used [0x00007f040d280000, 0x00007f040eb37a80, 0x00007f0414440000)
  to   space 116480K,   0% used [0x00007f0414440000, 0x00007f0414440000, 0x00007f041b600000)
 tenured generation   total 2330560K, used 2317911K [0x00007f0929950000, 0x00007f09b7d40000, 0x00007f13d4400000)
   the space 2330560K,  99% used [0x00007f0929950000, 0x00007f09b70e5d90, 0x00007f09b70e5e00, 0x00007f09b7d40000)
 Metaspace       used 24676K, capacity 25140K, committed 25344K, reserved 26624K
}
Event: 2137.003 GC heap after
{Heap after GC invocations=5364 (full 2):
 def new generation   total 1048832K, used 25312K [0x00007f03d4400000, 0x00007f041b600000, 0x00007f0929950000)
  eden space 932352K,   0% used [0x00007f03d4400000, 0x00007f03d4400000, 0x00007f040d280000)
  from space 116480K,  21% used [0x00007f0414440000, 0x00007f0415cf8178, 0x00007f041b600000)
  to   space 116480K,   0% used [0x00007f040d280000, 0x00007f040d280000, 0x00007f0414440000)
 tenured generation   total 2330560K, used 2319620K [0x00007f0929950000, 0x00007f09b7d40000, 0x00007f13d4400000)
   the space 2330560K,  99% used [0x00007f0929950000, 0x00007f09b7291390, 0x00007f09b7291400, 0x00007f09b7d40000)
 Metaspace       used 24676K, capacity 25140K, committed 25344K, reserved 26624K
}
Event: 2137.539 GC heap before
{Heap before GC invocations=5364 (full 2):
 def new generation   total 1048832K, used 957664K [0x00007f03d4400000, 0x00007f041b600000, 0x00007f0929950000)
  eden space 932352K, 100% used [0x00007f03d4400000, 0x00007f040d280000, 0x00007f040d280000)
  from space 116480K,  21% used [0x00007f0414440000, 0x00007f0415cf8178, 0x00007f041b600000)
  to   space 116480K,   0% used [0x00007f040d280000, 0x00007f040d280000, 0x00007f0414440000)
 tenured generation   total 2330560K, used 2319620K [0x00007f0929950000, 0x00007f09b7d40000, 0x00007f13d4400000)
   the space 2330560K,  99% used [0x00007f0929950000, 0x00007f09b7291390, 0x00007f09b7291400, 0x00007f09b7d40000)
 Metaspace       used 24676K, capacity 25140K, committed 25344K, reserved 26624K
}
Event: 2137.582 GC heap after
{Heap after GC invocations=5365 (full 2):
 def new generation   total 1048832K, used 25306K [0x00007f03d4400000, 0x00007f041b600000, 0x00007f0929950000)
  eden space 932352K,   0% used [0x00007f03d4400000, 0x00007f03d4400000, 0x00007f040d280000)
  from space 116480K,  21% used [0x00007f040d280000, 0x00007f040eb36b08, 0x00007f0414440000)
  to   space 116480K,   0% used [0x00007f0414440000, 0x00007f0414440000, 0x00007f041b600000)
 tenured generation   total 2330560K, used 2321276K [0x00007f0929950000, 0x00007f09b7d40000, 0x00007f13d4400000)
   the space 2330560K,  99% used [0x00007f0929950000, 0x00007f09b742f3a0, 0x00007f09b742f400, 0x00007f09b7d40000)
 Metaspace       used 24676K, capacity 25140K, committed 25344K, reserved 26624K
}
Event: 2138.144 GC heap before
{Heap before GC invocations=5365 (full 2):
 def new generation   total 1048832K, used 957658K [0x00007f03d4400000, 0x00007f041b600000, 0x00007f0929950000)
  eden space 932352K, 100% used [0x00007f03d4400000, 0x00007f040d280000, 0x00007f040d280000)
  from space 116480K,  21% used [0x00007f040d280000, 0x00007f040eb36b08, 0x00007f0414440000)
  to   space 116480K,   0% used [0x00007f0414440000, 0x00007f0414440000, 0x00007f041b600000)
 tenured generation   total 2330560K, used 2321276K [0x00007f0929950000, 0x00007f09b7d40000, 0x00007f13d4400000)
   the space 2330560K,  99% used [0x00007f0929950000, 0x00007f09b742f3a0, 0x00007f09b742f400, 0x00007f09b7d40000)
 Metaspace       used 24676K, capacity 25140K, committed 25344K, reserved 26624K
}
Event: 2138.185 GC heap after
{Heap after GC invocations=5366 (full 2):
 def new generation   total 1048832K, used 25310K [0x00007f03d4400000, 0x00007f041b600000, 0x00007f0929950000)
  eden space 932352K,   0% used [0x00007f03d4400000, 0x00007f03d4400000, 0x00007f040d280000)
  from space 116480K,  21% used [0x00007f0414440000, 0x00007f0415cf7898, 0x00007f041b600000)
  to   space 116480K,   0% used [0x00007f040d280000, 0x00007f040d280000, 0x00007f0414440000)
 tenured generation   total 2330560K, used 2322978K [0x00007f0929950000, 0x00007f09b7d40000, 0x00007f13d4400000)
   the space 2330560K,  99% used [0x00007f0929950000, 0x00007f09b75d88c0, 0x00007f09b75d8a00, 0x00007f09b7d40000)
 Metaspace       used 24676K, capacity 25140K, committed 25344K, reserved 26624K
}
Event: 2138.717 GC heap before
{Heap before GC invocations=5366 (full 2):
 def new generation   total 1048832K, used 957662K [0x00007f03d4400000, 0x00007f041b600000, 0x00007f0929950000)
  eden space 932352K, 100% used [0x00007f03d4400000, 0x00007f040d280000, 0x00007f040d280000)
  from space 116480K,  21% used [0x00007f0414440000, 0x00007f0415cf7898, 0x00007f041b600000)
  to   space 116480K,   0% used [0x00007f040d280000, 0x00007f040d280000, 0x00007f0414440000)
 tenured generation   total 2330560K, used 2322978K [0x00007f0929950000, 0x00007f09b7d40000, 0x00007f13d4400000)
   the space 2330560K,  99% used [0x00007f0929950000, 0x00007f09b75d88c0, 0x00007f09b75d8a00, 0x00007f09b7d40000)
 Metaspace       used 24676K, capacity 25140K, committed 25344K, reserved 26624K
}
Event: 2138.762 GC heap after
{Heap after GC invocations=5367 (full 2):
 def new generation   total 1048832K, used 25233K [0x00007f03d4400000, 0x00007f041b600000, 0x00007f0929950000)
  eden space 932352K,   0% used [0x00007f03d4400000, 0x00007f03d4400000, 0x00007f040d280000)
  from space 116480K,  21% used [0x00007f040d280000, 0x00007f040eb24410, 0x00007f0414440000)
  to   space 116480K,   0% used [0x00007f0414440000, 0x00007f0414440000, 0x00007f041b600000)
 tenured generation   total 2330560K, used 2324692K [0x00007f0929950000, 0x00007f09b7d40000, 0x00007f13d4400000)
   the space 2330560K,  99% used [0x00007f0929950000, 0x00007f09b7785000, 0x00007f09b7785000, 0x00007f09b7d40000)
 Metaspace       used 24676K, capacity 25140K, committed 25344K, reserved 26624K
}
Event: 2139.326 GC heap before
{Heap before GC invocations=5367 (full 2):
 def new generation   total 1048832K, used 957585K [0x00007f03d4400000, 0x00007f041b600000, 0x00007f0929950000)
  eden space 932352K, 100% used [0x00007f03d4400000, 0x00007f040d280000, 0x00007f040d280000)
  from space 116480K,  21% used [0x00007f040d280000, 0x00007f040eb24410, 0x00007f0414440000)
  to   space 116480K,   0% used [0x00007f0414440000, 0x00007f0414440000, 0x00007f041b600000)
 tenured generation   total 2330560K, used 2324692K [0x00007f0929950000, 0x00007f09b7d40000, 0x00007f13d4400000)
   the space 2330560K,  99% used [0x00007f0929950000, 0x00007f09b7785000, 0x00007f09b7785000, 0x00007f09b7d40000)
 Metaspace       used 24676K, capacity 25140K, committed 25344K, reserved 26624K
}
Event: 2139.369 GC heap after
{Heap after GC invocations=5368 (full 2):
 def new generation   total 1048832K, used 25307K [0x00007f03d4400000, 0x00007f041b600000, 0x00007f0929950000)
  eden space 932352K,   0% used [0x00007f03d4400000, 0x00007f03d4400000, 0x00007f040d280000)
  from space 116480K,  21% used [0x00007f0414440000, 0x00007f0415cf6ee0, 0x00007f041b600000)
  to   space 116480K,   0% used [0x00007f040d280000, 0x00007f040d280000, 0x00007f0414440000)
 tenured generation   total 2330560K, used 2326343K [0x00007f0929950000, 0x00007f09b7d40000, 0x00007f13d4400000)
   the space 2330560K,  99% used [0x00007f0929950000, 0x00007f09b7921ed0, 0x00007f09b7922000, 0x00007f09b7d40000)
 Metaspace       used 24676K, capacity 25140K, committed 25344K, reserved 26624K
}
Event: 2139.932 GC heap before
{Heap before GC invocations=5368 (full 2):
 def new generation   total 1048832K, used 957659K [0x00007f03d4400000, 0x00007f041b600000, 0x00007f0929950000)
  eden space 932352K, 100% used [0x00007f03d4400000, 0x00007f040d280000, 0x00007f040d280000)
  from space 116480K,  21% used [0x00007f0414440000, 0x00007f0415cf6ee0, 0x00007f041b600000)
  to   space 116480K,   0% used [0x00007f040d280000, 0x00007f040d280000, 0x00007f0414440000)
 tenured generation   total 2330560K, used 2326343K [0x00007f0929950000, 0x00007f09b7d40000, 0x00007f13d4400000)
   the space 2330560K,  99% used [0x00007f0929950000, 0x00007f09b7921ed0, 0x00007f09b7922000, 0x00007f09b7d40000)
 Metaspace       used 24676K, capacity 25140K, committed 25344K, reserved 26624K
}
Event: 2139.977 GC heap after
{Heap after GC invocations=5369 (full 2):
 def new generation   total 1048832K, used 25313K [0x00007f03d4400000, 0x00007f041b600000, 0x00007f0929950000)
  eden space 932352K,   0% used [0x00007f03d4400000, 0x00007f03d4400000, 0x00007f040d280000)
  from space 116480K,  21% used [0x00007f040d280000, 0x00007f040eb38488, 0x00007f0414440000)
  to   space 116480K,   0% used [0x00007f0414440000, 0x00007f0414440000, 0x00007f041b600000)
 tenured generation   total 2330560K, used 2328044K [0x00007f0929950000, 0x00007f09b7d40000, 0x00007f13d4400000)
   the space 2330560K,  99% used [0x00007f0929950000, 0x00007f09b7acb3f0, 0x00007f09b7acb400, 0x00007f09b7d40000)
 Metaspace       used 24676K, capacity 25140K, committed 25344K, reserved 26624K
}
Event: 2140.519 GC heap before
{Heap before GC invocations=5369 (full 2):
 def new generation   total 1048832K, used 957665K [0x00007f03d4400000, 0x00007f041b600000, 0x00007f0929950000)
  eden space 932352K, 100% used [0x00007f03d4400000, 0x00007f040d280000, 0x00007f040d280000)
  from space 116480K,  21% used [0x00007f040d280000, 0x00007f040eb38488, 0x00007f0414440000)
  to   space 116480K,   0% used [0x00007f0414440000, 0x00007f0414440000, 0x00007f041b600000)
 tenured generation   total 2330560K, used 2328044K [0x00007f0929950000, 0x00007f09b7d40000, 0x00007f13d4400000)
   the space 2330560K,  99% used [0x00007f0929950000, 0x00007f09b7acb3f0, 0x00007f09b7acb400, 0x00007f09b7d40000)
 Metaspace       used 24676K, capacity 25140K, committed 25344K, reserved 26624K
}
Event: 2140.560 GC heap after
{Heap after GC invocations=5370 (full 2):
 def new generation   total 1048832K, used 25320K [0x00007f03d4400000, 0x00007f041b600000, 0x00007f0929950000)
  eden space 932352K,   0% used [0x00007f03d4400000, 0x00007f03d4400000, 0x00007f040d280000)
  from space 116480K,  21% used [0x00007f0414440000, 0x00007f0415cfa180, 0x00007f041b600000)
  to   space 116480K,   0% used [0x00007f040d280000, 0x00007f040d280000, 0x00007f0414440000)
 tenured generation   total 2330560K, used 2329701K [0x00007f0929950000, 0x00007f09b7d40000, 0x00007f13d4400000)
   the space 2330560K,  99% used [0x00007f0929950000, 0x00007f09b7c69400, 0x00007f09b7c69400, 0x00007f09b7d40000)
 Metaspace       used 24676K, capacity 25140K, committed 25344K, reserved 26624K
}
Event: 2141.128 GC heap before
{Heap before GC invocations=5370 (full 2):
 def new generation   total 1048832K, used 957672K [0x00007f03d4400000, 0x00007f041b600000, 0x00007f0929950000)
  eden space 932352K, 100% used [0x00007f03d4400000, 0x00007f040d280000, 0x00007f040d280000)
  from space 116480K,  21% used [0x00007f0414440000, 0x00007f0415cfa180, 0x00007f041b600000)
  to   space 116480K,   0% used [0x00007f040d280000, 0x00007f040d280000, 0x00007f0414440000)
 tenured generation   total 2330560K, used 2329701K [0x00007f0929950000, 0x00007f09b7d40000, 0x00007f13d4400000)
   the space 2330560K,  99% used [0x00007f0929950000, 0x00007f09b7c69400, 0x00007f09b7c69400, 0x00007f09b7d40000)
 Metaspace       used 24676K, capacity 25140K, committed 25344K, reserved 26624K
}
Event: 2141.175 GC heap after
{Heap after GC invocations=5371 (full 2):
 def new generation   total 1048832K, used 25318K [0x00007f03d4400000, 0x00007f041b600000, 0x00007f0929950000)
  eden space 932352K,   0% used [0x00007f03d4400000, 0x00007f03d4400000, 0x00007f040d280000)
  from space 116480K,  21% used [0x00007f040d280000, 0x00007f040eb39b20, 0x00007f0414440000)
  to   space 116480K,   0% used [0x00007f0414440000, 0x00007f0414440000, 0x00007f041b600000)
 tenured generation   total 2331520K, used 2331410K [0x00007f0929950000, 0x00007f09b7e30000, 0x00007f13d4400000)
   the space 2331520K,  99% used [0x00007f0929950000, 0x00007f09b7e14a00, 0x00007f09b7e14a00, 0x00007f09b7e30000)
 Metaspace       used 24676K, capacity 25140K, committed 25344K, reserved 26624K
}
Event: 2141.175 GC heap before
{Heap before GC invocations=5371 (full 2):
 def new generation   total 1048832K, used 25318K [0x00007f03d4400000, 0x00007f041b600000, 0x00007f0929950000)
  eden space 932352K,   0% used [0x00007f03d4400000, 0x00007f03d4400000, 0x00007f040d280000)
  from space 116480K,  21% used [0x00007f040d280000, 0x00007f040eb39b20, 0x00007f0414440000)
  to   space 116480K,   0% used [0x00007f0414440000, 0x00007f0414440000, 0x00007f041b600000)
 tenured generation   total 2331520K, used 2331410K [0x00007f0929950000, 0x00007f09b7e30000, 0x00007f13d4400000)
   the space 2331520K,  99% used [0x00007f0929950000, 0x00007f09b7e14a00, 0x00007f09b7e14a00, 0x00007f09b7e30000)
 Metaspace       used 24676K, capacity 25140K, committed 25344K, reserved 26624K
}

