# JRE version: OpenJDK Runtime Environment (13.0.7+5) (build 13.0.7+5-Ubuntu-0ubuntu120.04)
# Java VM: OpenJDK 64-Bit Server VM (13.0.7+5-Ubuntu-0ubuntu120.04, mixed mode, tiered, serial gc, linux-amd64)
Heap:
 def new generation   total 629248K, used 0K [0x00007f4c74600000, 0x00007f4c9f0c0000, 0x00007f51c9b50000)
  eden space 559360K,   0% used [0x00007f4c74600000, 0x00007f4c74600000, 0x00007f4c96840000)
  from space 69888K,   0% used [0x00007f4c9ac80000, 0x00007f4c9ac80000, 0x00007f4c9f0c0000)
  to   space 69888K,   0% used [0x00007f4c96840000, 0x00007f4c96840000, 0x00007f4c9ac80000)
 tenured generation   total 1398144K, used 466522K [0x00007f51c9b50000, 0x00007f521f0b0000, 0x00007f5c74600000)
   the space 1398144K,  33% used [0x00007f51c9b50000, 0x00007f51e62e6878, 0x00007f51e62e6a00, 0x00007f521f0b0000)
 Metaspace       used 23753K, capacity 24181K, committed 24320K, reserved 24576K
GC Heap History (10 events):
Event: 2.594 GC heap before
{Heap before GC invocations=0 (full 0):
 def new generation   total 629120K, used 111847K [0x00007f4c74600000, 0x00007f4c9f0a0000, 0x00007f51c9b50000)
  eden space 559232K,  20% used [0x00007f4c74600000, 0x00007f4c7b339d18, 0x00007f4c96820000)
  from space 69888K,   0% used [0x00007f4c96820000, 0x00007f4c96820000, 0x00007f4c9ac60000)
  to   space 69888K,   0% used [0x00007f4c9ac60000, 0x00007f4c9ac60000, 0x00007f4c9f0a0000)
 tenured generation   total 1398144K, used 0K [0x00007f51c9b50000, 0x00007f521f0b0000, 0x00007f5c74600000)
   the space 1398144K,   0% used [0x00007f51c9b50000, 0x00007f51c9b50000, 0x00007f51c9b50200, 0x00007f521f0b0000)
 Metaspace       used 20795K, capacity 21100K, committed 21248K, reserved 22528K
}
Event: 2.687 GC heap after
{Heap after GC invocations=1 (full 1):
 def new generation   total 629248K, used 0K [0x00007f4c74600000, 0x00007f4c9f0c0000, 0x00007f51c9b50000)
  eden space 559360K,   0% used [0x00007f4c74600000, 0x00007f4c74600000, 0x00007f4c96840000)
  from space 69888K,   0% used [0x00007f4c96840000, 0x00007f4c96840000, 0x00007f4c9ac80000)
  to   space 69888K,   0% used [0x00007f4c9ac80000, 0x00007f4c9ac80000, 0x00007f4c9f0c0000)
 tenured generation   total 1398144K, used 13920K [0x00007f51c9b50000, 0x00007f521f0b0000, 0x00007f5c74600000)
   the space 1398144K,   0% used [0x00007f51c9b50000, 0x00007f51ca8e81f0, 0x00007f51ca8e8200, 0x00007f521f0b0000)
 Metaspace       used 20795K, capacity 21100K, committed 21248K, reserved 22528K
}
Event: 4.746 GC heap before
{Heap before GC invocations=1 (full 1):
 def new generation   total 629248K, used 559360K [0x00007f4c74600000, 0x00007f4c9f0c0000, 0x00007f51c9b50000)
  eden space 559360K, 100% used [0x00007f4c74600000, 0x00007f4c96840000, 0x00007f4c96840000)
  from space 69888K,   0% used [0x00007f4c96840000, 0x00007f4c96840000, 0x00007f4c9ac80000)
  to   space 69888K,   0% used [0x00007f4c9ac80000, 0x00007f4c9ac80000, 0x00007f4c9f0c0000)
 tenured generation   total 1398144K, used 13920K [0x00007f51c9b50000, 0x00007f521f0b0000, 0x00007f5c74600000)
   the space 1398144K,   0% used [0x00007f51c9b50000, 0x00007f51ca8e81f0, 0x00007f51ca8e8200, 0x00007f521f0b0000)
 Metaspace       used 22945K, capacity 23351K, committed 23552K, reserved 24576K
}
Event: 4.757 GC heap after
{Heap after GC invocations=2 (full 1):
 def new generation   total 629248K, used 3274K [0x00007f4c74600000, 0x00007f4c9f0c0000, 0x00007f51c9b50000)
  eden space 559360K,   0% used [0x00007f4c74600000, 0x00007f4c74600000, 0x00007f4c96840000)
  from space 69888K,   4% used [0x00007f4c9ac80000, 0x00007f4c9afb2818, 0x00007f4c9f0c0000)
  to   space 69888K,   0% used [0x00007f4c96840000, 0x00007f4c96840000, 0x00007f4c9ac80000)
 tenured generation   total 1398144K, used 13920K [0x00007f51c9b50000, 0x00007f521f0b0000, 0x00007f5c74600000)
   the space 1398144K,   0% used [0x00007f51c9b50000, 0x00007f51ca8e81f0, 0x00007f51ca8e8200, 0x00007f521f0b0000)
 Metaspace       used 22945K, capacity 23351K, committed 23552K, reserved 24576K
}
Event: 5.276 GC heap before
{Heap before GC invocations=2 (full 1):
 def new generation   total 629248K, used 204012K [0x00007f4c74600000, 0x00007f4c9f0c0000, 0x00007f51c9b50000)
  eden space 559360K,  35% used [0x00007f4c74600000, 0x00007f4c80a08a00, 0x00007f4c96840000)
  from space 69888K,   4% used [0x00007f4c9ac80000, 0x00007f4c9afb2818, 0x00007f4c9f0c0000)
  to   space 69888K,   0% used [0x00007f4c96840000, 0x00007f4c96840000, 0x00007f4c9ac80000)
 tenured generation   total 1398144K, used 13920K [0x00007f51c9b50000, 0x00007f521f0b0000, 0x00007f5c74600000)
   the space 1398144K,   0% used [0x00007f51c9b50000, 0x00007f51ca8e81f0, 0x00007f51ca8e8200, 0x00007f521f0b0000)
 Metaspace       used 23753K, capacity 24181K, committed 24320K, reserved 24576K
}
Event: 5.338 GC heap after
{Heap after GC invocations=3 (full 1):
 def new generation   total 629248K, used 69888K [0x00007f4c74600000, 0x00007f4c9f0c0000, 0x00007f51c9b50000)
  eden space 559360K,   0% used [0x00007f4c74600000, 0x00007f4c74600000, 0x00007f4c96840000)
  from space 69888K, 100% used [0x00007f4c96840000, 0x00007f4c9ac80000, 0x00007f4c9ac80000)
  to   space 69888K,   0% used [0x00007f4c9ac80000, 0x00007f4c9ac80000, 0x00007f4c9f0c0000)
 tenured generation   total 1398144K, used 15707K [0x00007f51c9b50000, 0x00007f521f0b0000, 0x00007f5c74600000)
   the space 1398144K,   1% used [0x00007f51c9b50000, 0x00007f51caaa6d60, 0x00007f51caaa6e00, 0x00007f521f0b0000)
 Metaspace       used 23753K, capacity 24181K, committed 24320K, reserved 24576K
}
Event: 5.742 GC heap before
{Heap before GC invocations=3 (full 1):
 def new generation   total 629248K, used 486414K [0x00007f4c74600000, 0x00007f4c9f0c0000, 0x00007f51c9b50000)
  eden space 559360K,  74% used [0x00007f4c74600000, 0x00007f4c8dcc3ba0, 0x00007f4c96840000)
  from space 69888K, 100% used [0x00007f4c96840000, 0x00007f4c9ac80000, 0x00007f4c9ac80000)
  to   space 69888K,   0% used [0x00007f4c9ac80000, 0x00007f4c9ac80000, 0x00007f4c9f0c0000)
 tenured generation   total 1398144K, used 15707K [0x00007f51c9b50000, 0x00007f521f0b0000, 0x00007f5c74600000)
   the space 1398144K,   1% used [0x00007f51c9b50000, 0x00007f51caaa6d60, 0x00007f51caaa6e00, 0x00007f521f0b0000)
 Metaspace       used 23753K, capacity 24181K, committed 24320K, reserved 24576K
}
Event: 6.074 GC heap after
{Heap after GC invocations=4 (full 1):
 def new generation   total 629248K, used 12289K [0x00007f4c74600000, 0x00007f4c9f0c0000, 0x00007f51c9b50000)
  eden space 559360K,   0% used [0x00007f4c74600000, 0x00007f4c74600000, 0x00007f4c96840000)
  from space 69888K,  17% used [0x00007f4c9ac80000, 0x00007f4c9b880400, 0x00007f4c9f0c0000)
  to   space 69888K,   0% used [0x00007f4c96840000, 0x00007f4c96840000, 0x00007f4c9ac80000)
 tenured generation   total 1398144K, used 454233K [0x00007f51c9b50000, 0x00007f521f0b0000, 0x00007f5c74600000)
   the space 1398144K,  32% used [0x00007f51c9b50000, 0x00007f51e56e6478, 0x00007f51e56e6600, 0x00007f521f0b0000)
 Metaspace       used 23753K, capacity 24181K, committed 24320K, reserved 24576K
}
Event: 6.074 GC heap before
{Heap before GC invocations=4 (full 1):
 def new generation   total 629248K, used 12289K [0x00007f4c74600000, 0x00007f4c9f0c0000, 0x00007f51c9b50000)
  eden space 559360K,   0% used [0x00007f4c74600000, 0x00007f4c74600000, 0x00007f4c96840000)
  from space 69888K,  17% used [0x00007f4c9ac80000, 0x00007f4c9b880400, 0x00007f4c9f0c0000)
  to   space 69888K,   0% used [0x00007f4c96840000, 0x00007f4c96840000, 0x00007f4c9ac80000)
 tenured generation   total 1398144K, used 454233K [0x00007f51c9b50000, 0x00007f521f0b0000, 0x00007f5c74600000)
   the space 1398144K,  32% used [0x00007f51c9b50000, 0x00007f51e56e6478, 0x00007f51e56e6600, 0x00007f521f0b0000)
 Metaspace       used 23753K, capacity 24181K, committed 24320K, reserved 24576K
}
Event: 6.138 GC heap after
{Heap after GC invocations=4 (full 2):
 def new generation   total 629248K, used 0K [0x00007f4c74600000, 0x00007f4c9f0c0000, 0x00007f51c9b50000)
  eden space 559360K,   0% used [0x00007f4c74600000, 0x00007f4c74600000, 0x00007f4c96840000)
  from space 69888K,   0% used [0x00007f4c9ac80000, 0x00007f4c9ac80000, 0x00007f4c9f0c0000)
  to   space 69888K,   0% used [0x00007f4c96840000, 0x00007f4c96840000, 0x00007f4c9ac80000)
 tenured generation   total 1398144K, used 466522K [0x00007f51c9b50000, 0x00007f521f0b0000, 0x00007f5c74600000)
   the space 1398144K,  33% used [0x00007f51c9b50000, 0x00007f51e62e6878, 0x00007f51e62e6a00, 0x00007f521f0b0000)
 Metaspace       used 23753K, capacity 24181K, committed 24320K, reserved 24576K
}

